<frozen importlib._bootstrap>:241: RuntimeWarning: to-Python converter for std::vector<Eigen::Matrix<double, 3, 1, 0, 3, 1>, std::allocator<Eigen::Matrix<double, 3, 1, 0, 3, 1> > > already registered; second conversion method ignored.
<frozen importlib._bootstrap>:241: RuntimeWarning: to-Python converter for boost::python::detail::container_element<std::vector<Eigen::Matrix<double, 3, 1, 0, 3, 1>, std::allocator<Eigen::Matrix<double, 3, 1, 0, 3, 1> > >, unsigned long, boost::python::detail::final_vector_derived_policies<std::vector<Eigen::Matrix<double, 3, 1, 0, 3, 1>, std::allocator<Eigen::Matrix<double, 3, 1, 0, 3, 1> > >, false> > already registered; second conversion method ignored.
<frozen importlib._bootstrap>:241: RuntimeWarning: to-Python converter for std::vector<int, std::allocator<int> > already registered; second conversion method ignored.
<frozen importlib._bootstrap>:241: RuntimeWarning: to-Python converter for std::vector<double, std::allocator<double> > already registered; second conversion method ignored.
<frozen importlib._bootstrap>:241: RuntimeWarning: to-Python converter for std::vector<std::__cxx11::basic_string<char, std::char_traits<char>, std::allocator<char> >, std::allocator<std::__cxx11::basic_string<char, std::char_traits<char>, std::allocator<char> > > > already registered; second conversion method ignored.
WARNING: Can't find trunk frames in the model, can't measure leg spacing
WARNING: Can't find head frames in the model, camera_look_at won't work
gait_parameters {'dx': -0.04, 'dy': -0.03, 'dtheta': -0.2, 'duration': 8, 'hardware': True, 'double_support_ratio': 0.8, 'startend_double_support_ratio': 1.5, 'planned_timesteps': 48, 'replan_timesteps': 10, 'walk_com_height': 0.445, 'walk_foot_height': 0.03, 'walk_trunk_pitch': -5.7, 'walk_foot_rise_ratio': 0.2, 'single_support_duration': 0.8, 'single_support_timesteps': 10, 'foot_length': 0.22, 'feet_spacing': 0.114, 'zmp_margin': 0.02, 'foot_zmp_target_x': 0.0, 'foot_zmp_target_y': 0.0, 'walk_max_dtheta': 1.0, 'walk_max_dy': 0.04, 'walk_max_dx_forward': 0.08, 'walk_max_dx_backward': 0.03, 'joints': ['leg_left_ankle_roll_joint', 'leg_left_ankle_pitch_joint', 'leg_left_knee_pitch_joint', 'leg_left_hip_pitch_joint', 'leg_left_hip_yaw_joint', 'leg_left_hip_roll_joint', 'leg_right_ankle_roll_joint', 'leg_right_ankle_pitch_joint', 'leg_right_knee_pitch_joint', 'leg_right_hip_pitch_joint', 'leg_right_hip_yaw_joint', 'leg_right_hip_roll_joint', 'left_wrist_attachment_joint', 'left_fore_arm_joint', 'left_upper_arm_joint', 'left_shoulder_joint', 'right_wrist_attachment_joint', 'right_fore_arm_joint', 'right_upper_arm_joint', 'right_shoulder_joint'], 'joint_angles': {'left_wrist_attachment_joint': 0, 'left_fore_arm_joint': -90, 'left_upper_arm_joint': 45, 'left_shoulder_joint': 0, 'right_wrist_attachment_joint': 0, 'right_fore_arm_joint': 90, 'right_upper_arm_joint': -45, 'right_shoulder_joint': 0}}
Placing the robot in the initial position...
Initial position reached
{'leg_left_ankle_roll_joint': 0.015562024441432521, 'leg_left_ankle_pitch_joint': -0.508902205099808, 'leg_left_knee_pitch_joint': 0.9700865912372199, 'leg_left_hip_pitch_joint': -0.36217801317301207, 'leg_left_hip_yaw_joint': -0.05350577750456502, 'leg_left_hip_roll_joint': -0.009872022312116683, 'leg_right_ankle_roll_joint': 0.016167182451242053, 'leg_right_ankle_pitch_joint': -0.5324962658573004, 'leg_right_knee_pitch_joint': 1.0501682555016962, 'leg_right_hip_pitch_joint': -0.4186809584265939, 'leg_right_hip_yaw_joint': -0.05397576582880883, 'leg_right_hip_roll_joint': -0.01026156933134001, 'left_wrist_attachment_joint': -2.0937356637465216e-27, 'left_fore_arm_joint': -1.1084175235272624, 'left_upper_arm_joint': 0.7853981633918653, 'left_shoulder_joint': 4.584756819538489e-12, 'right_wrist_attachment_joint': 6.932776489687092e-19, 'right_fore_arm_joint': 1.5177473322066957, 'right_upper_arm_joint': -0.7853981633910441, 'right_shoulder_joint': 4.166648528119943e-12}
## period: 2.88
BAD root_position: -0.07991
BAD root_position: -0.07991
BAD root_position: -0.07991
BAD root_position: -0.07991
BAD root_position: -0.07991
BAD root_position: -0.07991
BAD root_position: -0.07991
BAD root_position: -0.07991
BAD root_position: -0.07991
BAD root_position: -0.07991
BAD root_position: -0.07991
BAD root_position: -0.07991
BAD root_position: -0.07991
BAD root_position: -0.07991
BAD root_position: -0.07991
BAD root_position: -0.07991
BAD root_position: -0.07991
BAD root_position: -0.07991
BAD root_position: -0.07991
BAD root_position: -0.07991
BAD root_position: -0.07991
BAD root_position: -0.07991
BAD root_position: -0.07991
BAD root_position: -0.07991
BAD root_position: -0.07991
BAD root_position: -0.07991
BAD root_position: -0.07991
BAD root_position: -0.07991
BAD root_position: -0.07991
BAD root_position: -0.07991
BAD root_position: -0.07991
BAD root_position: -0.07991
BAD root_position: -0.07991
BAD root_position: -0.07991
BAD root_position: -0.07991
BAD root_position: -0.07991
BAD root_position: -0.07991
BAD root_position: -0.07991
BAD root_position: -0.07991
BAD root_position: -0.07990
BAD root_position: -0.07990
BAD root_position: -0.07990
BAD root_position: -0.07990
BAD root_position: -0.07990
BAD root_position: -0.07990
BAD root_position: -0.07990
BAD root_position: -0.07990
BAD root_position: -0.07990
BAD root_position: -0.07990
BAD root_position: -0.07990
BAD root_position: -0.07990
BAD root_position: -0.07990
BAD root_position: -0.07990
BAD root_position: -0.07989
BAD root_position: -0.07989
BAD root_position: -0.07989
BAD root_position: -0.07988
BAD root_position: -0.07988
BAD root_position: -0.07989
BAD root_position: -0.07998
BAD root_position: -0.08015
BAD root_position: -0.08039
BAD root_position: -0.08069
BAD root_position: -0.08102
BAD root_position: -0.08138
BAD root_position: -0.08176
BAD root_position: -0.08214
BAD root_position: -0.08251
BAD root_position: -0.08285
BAD root_position: -0.08315
BAD root_position: -0.08341
BAD root_position: -0.08360
BAD root_position: -0.08371
BAD root_position: -0.08373
BAD root_position: -0.08373
BAD root_position: -0.08373
BAD root_position: -0.08373
BAD root_position: -0.08373
BAD root_position: -0.08373
BAD root_position: -0.08373
BAD root_position: -0.08373
BAD root_position: -0.08371
BAD root_position: -0.08360
BAD root_position: -0.08342
BAD root_position: -0.08317
BAD root_position: -0.08287
BAD root_position: -0.08253
BAD root_position: -0.08216
BAD root_position: -0.08178
BAD root_position: -0.08140
BAD root_position: -0.08104
BAD root_position: -0.08070
BAD root_position: -0.08041
BAD root_position: -0.08016
BAD root_position: -0.07999
BAD root_position: -0.07989
BAD root_position: -0.07988
BAD root_position: -0.07988
BAD root_position: -0.07989
BAD root_position: -0.07989
BAD root_position: -0.07989
BAD root_position: -0.07989
BAD root_position: -0.07990
BAD root_position: -0.07990
BAD root_position: -0.07990
BAD root_position: -0.07990
BAD root_position: -0.07991
BAD root_position: -0.07991
BAD root_position: -0.07991
BAD root_position: -0.07991
BAD root_position: -0.07991
BAD root_position: -0.07991
BAD root_position: -0.07991
BAD root_position: -0.07990
BAD root_position: -0.07990
BAD root_position: -0.07990
BAD root_position: -0.07990
BAD root_position: -0.07990
BAD root_position: -0.07989
BAD root_position: -0.07989
BAD root_position: -0.07989
BAD root_position: -0.07988
BAD root_position: -0.07988
BAD root_position: -0.07988
BAD root_position: -0.07987
BAD root_position: -0.07987
BAD root_position: -0.07987
BAD root_position: -0.07991
BAD root_position: -0.08004
BAD root_position: -0.08023
BAD root_position: -0.08049
BAD root_position: -0.08080
BAD root_position: -0.08113
BAD root_position: -0.08149
BAD root_position: -0.08185
BAD root_position: -0.08221
BAD root_position: -0.08255
BAD root_position: -0.08286
BAD root_position: -0.08312
BAD root_position: -0.08332
BAD root_position: -0.08345
BAD root_position: -0.08350
BAD root_position: -0.08348
BAD root_position: -0.08346
BAD root_position: -0.08343
BAD root_position: -0.08341
BAD root_position: -0.08339
BAD root_position: -0.08337
BAD root_position: -0.08335
BAD root_position: -0.08333
BAD root_position: -0.08326
BAD root_position: -0.08310
BAD root_position: -0.08288
BAD root_position: -0.08260
BAD root_position: -0.08228
BAD root_position: -0.08193
BAD root_position: -0.08157
BAD root_position: -0.08120
BAD root_position: -0.08084
BAD root_position: -0.08050
BAD root_position: -0.08020
BAD root_position: -0.07994
BAD root_position: -0.07974
BAD root_position: -0.07961
BAD root_position: -0.07957
BAD root_position: -0.07959
BAD root_position: -0.07961
BAD root_position: -0.07963
BAD root_position: -0.07966
BAD root_position: -0.07968
BAD root_position: -0.07971
BAD root_position: -0.07974
BAD root_position: -0.07976
BAD root_position: -0.07979
BAD root_position: -0.07982
BAD root_position: -0.07985
BAD root_position: -0.07988
BAD root_position: -0.07991
BAD root_position: -0.07994
BAD root_position: -0.07996
BAD root_position: -0.07999
BAD root_position: -0.08002
BAD root_position: -0.08004
BAD root_position: -0.08007
BAD root_position: -0.08009
BAD root_position: -0.08011
BAD root_position: -0.08013
BAD root_position: -0.08015
BAD root_position: -0.08017
BAD root_position: -0.08018
BAD root_position: -0.08019
BAD root_position: -0.08021
BAD root_position: -0.08022
BAD root_position: -0.08023
BAD root_position: -0.08024
BAD root_position: -0.08025
BAD root_position: -0.08031
BAD root_position: -0.08046
BAD root_position: -0.08068
BAD root_position: -0.08095
BAD root_position: -0.08126
BAD root_position: -0.08161
BAD root_position: -0.08197
BAD root_position: -0.08234
BAD root_position: -0.08271
BAD root_position: -0.08307
BAD root_position: -0.08339
BAD root_position: -0.08368
BAD root_position: -0.08391
BAD root_position: -0.08408
BAD root_position: -0.08418
BAD root_position: -0.08420
BAD root_position: -0.08418
BAD root_position: -0.08416
BAD root_position: -0.08415
BAD root_position: -0.08413
BAD root_position: -0.08411
BAD root_position: -0.08410
BAD root_position: -0.08408
BAD root_position: -0.08406
BAD root_position: -0.08398
BAD root_position: -0.08383
BAD root_position: -0.08361
BAD root_position: -0.08333
BAD root_position: -0.08301
BAD root_position: -0.08266
BAD root_position: -0.08229
BAD root_position: -0.08191
BAD root_position: -0.08154
BAD root_position: -0.08118
BAD root_position: -0.08085
BAD root_position: -0.08056
BAD root_position: -0.08032
BAD root_position: -0.08014
BAD root_position: -0.08003
BAD root_position: -0.08000
BAD root_position: -0.08000
BAD root_position: -0.08000
BAD root_position: -0.08000
BAD root_position: -0.08000
BAD root_position: -0.08000
BAD root_position: -0.08000
BAD root_position: -0.08000
BAD root_position: -0.08000
BAD root_position: -0.07999
BAD root_position: -0.07999
BAD root_position: -0.07999
BAD root_position: -0.07998
BAD root_position: -0.07997
BAD root_position: -0.07997
BAD root_position: -0.07996
BAD root_position: -0.07995
BAD root_position: -0.07994
BAD root_position: -0.07993
BAD root_position: -0.07992
BAD root_position: -0.07991
BAD root_position: -0.07990
BAD root_position: -0.07989
BAD root_position: -0.07987
BAD root_position: -0.07986
BAD root_position: -0.07985
BAD root_position: -0.07983
BAD root_position: -0.07982
BAD root_position: -0.07981
BAD root_position: -0.07980
BAD root_position: -0.07979
BAD root_position: -0.07978
BAD root_position: -0.07977
BAD root_position: -0.07982
BAD root_position: -0.07995
BAD root_position: -0.08014
BAD root_position: -0.08038
BAD root_position: -0.08066
BAD root_position: -0.08098
BAD root_position: -0.08131
BAD root_position: -0.08165
BAD root_position: -0.08199
BAD root_position: -0.08231
BAD root_position: -0.08260
BAD root_position: -0.08286
BAD root_position: -0.08307
BAD root_position: -0.08321
BAD root_position: -0.08329
BAD root_position: -0.08329
BAD root_position: -0.08327
BAD root_position: -0.08324
BAD root_position: -0.08322
BAD root_position: -0.08319
BAD root_position: -0.08317
BAD root_position: -0.08314
BAD root_position: -0.08312
BAD root_position: -0.08310
BAD root_position: -0.08301
BAD root_position: -0.08286
BAD root_position: -0.08265
BAD root_position: -0.08239
BAD root_position: -0.08209
BAD root_position: -0.08177
BAD root_position: -0.08142
BAD root_position: -0.08107
BAD root_position: -0.08073
BAD root_position: -0.08040
BAD root_position: -0.08010
BAD root_position: -0.07984
BAD root_position: -0.07962
BAD root_position: -0.07947
BAD root_position: -0.07938
BAD root_position: -0.07937
BAD root_position: -0.07939
BAD root_position: -0.07942
BAD root_position: -0.07944
BAD root_position: -0.07947
BAD root_position: -0.07950
BAD root_position: -0.07953
BAD root_position: -0.07957
BAD root_position: -0.07960
BAD root_position: -0.07964
BAD root_position: -0.07968
BAD root_position: -0.07972
BAD root_position: -0.07976
BAD root_position: -0.07980
BAD root_position: -0.07984
BAD root_position: -0.07989
BAD root_position: -0.07993
BAD root_position: -0.07997
BAD root_position: -0.08002
BAD root_position: -0.08006
BAD root_position: -0.08010
BAD root_position: -0.08014
BAD root_position: -0.08018
BAD root_position: -0.08021
BAD root_position: -0.08025
BAD root_position: -0.08027
BAD root_position: -0.08030
BAD root_position: -0.08033
BAD root_position: -0.08036
BAD root_position: -0.08038
BAD root_position: -0.08040
BAD root_position: -0.08042
BAD root_position: -0.08044
BAD root_position: -0.08051
BAD root_position: -0.08067
BAD root_position: -0.08089
BAD root_position: -0.08116
BAD root_position: -0.08148
BAD root_position: -0.08184
BAD root_position: -0.08221
BAD root_position: -0.08259
BAD root_position: -0.08296
BAD root_position: -0.08332
BAD root_position: -0.08365
BAD root_position: -0.08393
BAD root_position: -0.08417
BAD root_position: -0.08434
BAD root_position: -0.08444
BAD root_position: -0.08445
BAD root_position: -0.08444
BAD root_position: -0.08442
BAD root_position: -0.08440
BAD root_position: -0.08438
BAD root_position: -0.08436
BAD root_position: -0.08434
BAD root_position: -0.08432
BAD root_position: -0.08430
BAD root_position: -0.08422
BAD root_position: -0.08405
BAD root_position: -0.08383
BAD root_position: -0.08354
BAD root_position: -0.08322
BAD root_position: -0.08286
BAD root_position: -0.08248
BAD root_position: -0.08210
BAD root_position: -0.08174
BAD root_position: -0.08137
BAD root_position: -0.08104
BAD root_position: -0.08074
BAD root_position: -0.08049
BAD root_position: -0.08031
BAD root_position: -0.08019
BAD root_position: -0.08016
BAD root_position: -0.08016
BAD root_position: -0.08015
BAD root_position: -0.08015
BAD root_position: -0.08014
BAD root_position: -0.08013
BAD root_position: -0.08012
BAD root_position: -0.08011
BAD root_position: -0.08010
BAD root_position: -0.08009
BAD root_position: -0.08008
BAD root_position: -0.08006
BAD root_position: -0.08005
BAD root_position: -0.08003
BAD root_position: -0.08001
BAD root_position: -0.07999
BAD root_position: -0.07997
BAD root_position: -0.07995
BAD root_position: -0.07992
BAD root_position: -0.07990
BAD root_position: -0.07988
BAD root_position: -0.07985
BAD root_position: -0.07983
BAD root_position: -0.07980
BAD root_position: -0.07978
BAD root_position: -0.07976
BAD root_position: -0.07973
BAD root_position: -0.07971
BAD root_position: -0.07969
BAD root_position: -0.07967
BAD root_position: -0.07965
BAD root_position: -0.07964
BAD root_position: -0.07968
BAD root_position: -0.07981
BAD root_position: -0.08001
BAD root_position: -0.08026
BAD root_position: -0.08056
BAD root_position: -0.08089
BAD root_position: -0.08123
BAD root_position: -0.08158
BAD root_position: -0.08192
BAD root_position: -0.08224
BAD root_position: -0.08253
BAD root_position: -0.08277
BAD root_position: -0.08295
BAD root_position: -0.08306
BAD root_position: -0.08308
BAD root_position: -0.08305
BAD root_position: -0.08302
BAD root_position: -0.08299
BAD root_position: -0.08297
BAD root_position: -0.08294
BAD root_position: -0.08292
BAD root_position: -0.08289
BAD root_position: -0.08287
BAD root_position: -0.08278
BAD root_position: -0.08261
BAD root_position: -0.08238
BAD root_position: -0.08210
BAD root_position: -0.08178
BAD root_position: -0.08144
BAD root_position: -0.08108
BAD root_position: -0.08073
BAD root_position: -0.08038
BAD root_position: -0.08007
BAD root_position: -0.07978
BAD root_position: -0.07955
BAD root_position: -0.07938
BAD root_position: -0.07928
BAD root_position: -0.07927
BAD root_position: -0.07931
BAD root_position: -0.07935
BAD root_position: -0.07939
BAD root_position: -0.07943
BAD root_position: -0.07948
BAD root_position: -0.07953
BAD root_position: -0.07958
BAD root_position: -0.07963
BAD root_position: -0.07968
BAD root_position: -0.07974
BAD root_position: -0.07979
BAD root_position: -0.07985
BAD root_position: -0.07991
BAD root_position: -0.07996
BAD root_position: -0.08002
BAD root_position: -0.08007
BAD root_position: -0.08013
BAD root_position: -0.08018
BAD root_position: -0.08023
BAD root_position: -0.08028
BAD root_position: -0.08033
BAD root_position: -0.08037
BAD root_position: -0.08041
BAD root_position: -0.08045
BAD root_position: -0.08049
BAD root_position: -0.08052
BAD root_position: -0.08055
BAD root_position: -0.08058
BAD root_position: -0.08060
BAD root_position: -0.08063
BAD root_position: -0.08066
BAD root_position: -0.08078
BAD root_position: -0.08098
BAD root_position: -0.08125
BAD root_position: -0.08158
BAD root_position: -0.08194
BAD root_position: -0.08233
BAD root_position: -0.08273
BAD root_position: -0.08313
BAD root_position: -0.08351
BAD root_position: -0.08387
BAD root_position: -0.08418
BAD root_position: -0.08443
BAD root_position: -0.08461
BAD root_position: -0.08471
BAD root_position: -0.08471
BAD root_position: -0.08469
BAD root_position: -0.08467
BAD root_position: -0.08464
BAD root_position: -0.08462
BAD root_position: -0.08460
recorded 500 frames
avg lin_vel_x -0.0127
avg lin_vel_y -0.0131
avg yaw -0.0
computed xvel: -0.028, mean xvel: -0.0127
computed yvel: -0.021, mean yvel: -0.0131
computed thetavel: -0.139, mean thetavel: -0.0
DONE, saving 0_-0.028_-0.021_-0.139.json
