<frozen importlib._bootstrap>:241: RuntimeWarning: to-Python converter for std::vector<Eigen::Matrix<double, 3, 1, 0, 3, 1>, std::allocator<Eigen::Matrix<double, 3, 1, 0, 3, 1> > > already registered; second conversion method ignored.
<frozen importlib._bootstrap>:241: RuntimeWarning: to-Python converter for boost::python::detail::container_element<std::vector<Eigen::Matrix<double, 3, 1, 0, 3, 1>, std::allocator<Eigen::Matrix<double, 3, 1, 0, 3, 1> > >, unsigned long, boost::python::detail::final_vector_derived_policies<std::vector<Eigen::Matrix<double, 3, 1, 0, 3, 1>, std::allocator<Eigen::Matrix<double, 3, 1, 0, 3, 1> > >, false> > already registered; second conversion method ignored.
<frozen importlib._bootstrap>:241: RuntimeWarning: to-Python converter for std::vector<int, std::allocator<int> > already registered; second conversion method ignored.
<frozen importlib._bootstrap>:241: RuntimeWarning: to-Python converter for std::vector<double, std::allocator<double> > already registered; second conversion method ignored.
<frozen importlib._bootstrap>:241: RuntimeWarning: to-Python converter for std::vector<std::__cxx11::basic_string<char, std::char_traits<char>, std::allocator<char> >, std::allocator<std::__cxx11::basic_string<char, std::char_traits<char>, std::allocator<char> > > > already registered; second conversion method ignored.
WARNING: Can't find trunk frames in the model, can't measure leg spacing
WARNING: Can't find head frames in the model, camera_look_at won't work
gait_parameters {'dx': 0.04, 'dy': -0.01, 'dtheta': 0.08, 'duration': 8, 'hardware': True, 'double_support_ratio': 0.8, 'startend_double_support_ratio': 1.5, 'planned_timesteps': 48, 'replan_timesteps': 10, 'walk_com_height': 0.445, 'walk_foot_height': 0.03, 'walk_trunk_pitch': -5.7, 'walk_foot_rise_ratio': 0.2, 'single_support_duration': 0.8, 'single_support_timesteps': 10, 'foot_length': 0.22, 'feet_spacing': 0.114, 'zmp_margin': 0.02, 'foot_zmp_target_x': 0.0, 'foot_zmp_target_y': 0.0, 'walk_max_dtheta': 1.0, 'walk_max_dy': 0.04, 'walk_max_dx_forward': 0.08, 'walk_max_dx_backward': 0.03, 'joints': ['leg_left_ankle_roll_joint', 'leg_left_ankle_pitch_joint', 'leg_left_knee_pitch_joint', 'leg_left_hip_pitch_joint', 'leg_left_hip_yaw_joint', 'leg_left_hip_roll_joint', 'leg_right_ankle_roll_joint', 'leg_right_ankle_pitch_joint', 'leg_right_knee_pitch_joint', 'leg_right_hip_pitch_joint', 'leg_right_hip_yaw_joint', 'leg_right_hip_roll_joint', 'left_wrist_attachment_joint', 'left_fore_arm_joint', 'left_upper_arm_joint', 'left_shoulder_joint', 'right_wrist_attachment_joint', 'right_fore_arm_joint', 'right_upper_arm_joint', 'right_shoulder_joint'], 'joint_angles': {'left_wrist_attachment_joint': 0, 'left_fore_arm_joint': -90, 'left_upper_arm_joint': 45, 'left_shoulder_joint': 0, 'right_wrist_attachment_joint': 0, 'right_fore_arm_joint': 90, 'right_upper_arm_joint': -45, 'right_shoulder_joint': 0}}
Placing the robot in the initial position...
Initial position reached
{'leg_left_ankle_roll_joint': 0.015323569617269588, 'leg_left_ankle_pitch_joint': -0.4984638249434413, 'leg_left_knee_pitch_joint': 0.9527931585386742, 'leg_left_hip_pitch_joint': -0.35531488136949313, 'leg_left_hip_yaw_joint': -0.05332132173247982, 'leg_left_hip_roll_joint': -0.00972068737000804, 'leg_right_ankle_roll_joint': 0.015922877681503085, 'leg_right_ankle_pitch_joint': -0.5225585305191547, 'leg_right_knee_pitch_joint': 1.0338471405548144, 'leg_right_hip_pitch_joint': -0.4122892285157863, 'leg_right_hip_yaw_joint': -0.053786788030532225, 'leg_right_hip_roll_joint': -0.010106513955198205, 'left_wrist_attachment_joint': -5.41382862746721e-27, 'left_fore_arm_joint': -0.8895671818796317, 'left_upper_arm_joint': 0.7853981633906385, 'left_shoulder_joint': 5.442679788560219e-12, 'right_wrist_attachment_joint': 0.010579362995116436, 'right_fore_arm_joint': 1.378311190628146, 'right_upper_arm_joint': -0.7853981633896749, 'right_shoulder_joint': 4.898212807636353e-12}
## period: 2.88
BAD root_position: -0.07991
BAD root_position: -0.07991
BAD root_position: -0.07991
BAD root_position: -0.07991
BAD root_position: -0.07991
BAD root_position: -0.07991
BAD root_position: -0.07991
BAD root_position: -0.07991
BAD root_position: -0.07991
BAD root_position: -0.07991
BAD root_position: -0.07991
BAD root_position: -0.07991
BAD root_position: -0.07991
BAD root_position: -0.07991
BAD root_position: -0.07991
BAD root_position: -0.07991
BAD root_position: -0.07991
BAD root_position: -0.07991
BAD root_position: -0.07991
BAD root_position: -0.07991
BAD root_position: -0.07991
BAD root_position: -0.07991
BAD root_position: -0.07991
BAD root_position: -0.07991
BAD root_position: -0.07991
BAD root_position: -0.07991
BAD root_position: -0.07991
BAD root_position: -0.07991
BAD root_position: -0.07991
BAD root_position: -0.07991
BAD root_position: -0.07991
BAD root_position: -0.07991
BAD root_position: -0.07991
BAD root_position: -0.07991
BAD root_position: -0.07991
BAD root_position: -0.07991
BAD root_position: -0.07991
BAD root_position: -0.07991
BAD root_position: -0.07991
BAD root_position: -0.07990
BAD root_position: -0.07990
BAD root_position: -0.07990
BAD root_position: -0.07990
BAD root_position: -0.07990
BAD root_position: -0.07990
BAD root_position: -0.07990
BAD root_position: -0.07990
BAD root_position: -0.07990
BAD root_position: -0.07990
BAD root_position: -0.07990
BAD root_position: -0.07990
BAD root_position: -0.07990
BAD root_position: -0.07990
BAD root_position: -0.07989
BAD root_position: -0.07989
BAD root_position: -0.07989
BAD root_position: -0.07988
BAD root_position: -0.07988
BAD root_position: -0.07989
BAD root_position: -0.07998
BAD root_position: -0.08015
BAD root_position: -0.08039
BAD root_position: -0.08069
BAD root_position: -0.08102
BAD root_position: -0.08138
BAD root_position: -0.08176
BAD root_position: -0.08214
BAD root_position: -0.08251
BAD root_position: -0.08285
BAD root_position: -0.08315
BAD root_position: -0.08341
BAD root_position: -0.08360
BAD root_position: -0.08371
BAD root_position: -0.08373
BAD root_position: -0.08373
BAD root_position: -0.08373
BAD root_position: -0.08373
BAD root_position: -0.08373
BAD root_position: -0.08373
BAD root_position: -0.08373
BAD root_position: -0.08373
BAD root_position: -0.08371
BAD root_position: -0.08360
BAD root_position: -0.08342
BAD root_position: -0.08317
BAD root_position: -0.08287
BAD root_position: -0.08252
BAD root_position: -0.08216
BAD root_position: -0.08178
BAD root_position: -0.08140
BAD root_position: -0.08104
BAD root_position: -0.08070
BAD root_position: -0.08041
BAD root_position: -0.08016
BAD root_position: -0.07999
BAD root_position: -0.07989
BAD root_position: -0.07988
BAD root_position: -0.07988
BAD root_position: -0.07988
BAD root_position: -0.07989
BAD root_position: -0.07989
BAD root_position: -0.07989
BAD root_position: -0.07989
BAD root_position: -0.07990
BAD root_position: -0.07990
BAD root_position: -0.07990
BAD root_position: -0.07990
BAD root_position: -0.07990
BAD root_position: -0.07990
BAD root_position: -0.07990
BAD root_position: -0.07990
BAD root_position: -0.07990
BAD root_position: -0.07990
BAD root_position: -0.07990
BAD root_position: -0.07990
BAD root_position: -0.07989
BAD root_position: -0.07989
BAD root_position: -0.07989
BAD root_position: -0.07988
BAD root_position: -0.07988
BAD root_position: -0.07988
BAD root_position: -0.07987
BAD root_position: -0.07987
BAD root_position: -0.07987
BAD root_position: -0.07986
BAD root_position: -0.07986
BAD root_position: -0.07985
BAD root_position: -0.07990
BAD root_position: -0.08003
BAD root_position: -0.08024
BAD root_position: -0.08052
BAD root_position: -0.08085
BAD root_position: -0.08122
BAD root_position: -0.08162
BAD root_position: -0.08203
BAD root_position: -0.08244
BAD root_position: -0.08283
BAD root_position: -0.08320
BAD root_position: -0.08353
BAD root_position: -0.08381
BAD root_position: -0.08401
BAD root_position: -0.08414
BAD root_position: -0.08418
BAD root_position: -0.08423
BAD root_position: -0.08427
BAD root_position: -0.08432
BAD root_position: -0.08436
BAD root_position: -0.08441
BAD root_position: -0.08445
BAD root_position: -0.08449
BAD root_position: -0.08447
BAD root_position: -0.08435
BAD root_position: -0.08415
BAD root_position: -0.08389
BAD root_position: -0.08357
BAD root_position: -0.08321
BAD root_position: -0.08282
BAD root_position: -0.08242
BAD root_position: -0.08203
BAD root_position: -0.08164
BAD root_position: -0.08129
BAD root_position: -0.08099
BAD root_position: -0.08074
BAD root_position: -0.08057
BAD root_position: -0.08048
BAD root_position: -0.08045
BAD root_position: -0.08043
BAD root_position: -0.08040
BAD root_position: -0.08036
BAD root_position: -0.08033
BAD root_position: -0.08029
BAD root_position: -0.08025
BAD root_position: -0.08021
BAD root_position: -0.08017
BAD root_position: -0.08012
BAD root_position: -0.08007
BAD root_position: -0.08002
BAD root_position: -0.07997
BAD root_position: -0.07992
BAD root_position: -0.07987
BAD root_position: -0.07982
BAD root_position: -0.07977
BAD root_position: -0.07972
BAD root_position: -0.07967
BAD root_position: -0.07962
BAD root_position: -0.07958
BAD root_position: -0.07953
BAD root_position: -0.07949
BAD root_position: -0.07945
BAD root_position: -0.07941
BAD root_position: -0.07937
BAD root_position: -0.07934
BAD root_position: -0.07931
BAD root_position: -0.07928
BAD root_position: -0.07925
BAD root_position: -0.07923
BAD root_position: -0.07927
BAD root_position: -0.07938
BAD root_position: -0.07955
BAD root_position: -0.07978
BAD root_position: -0.08005
BAD root_position: -0.08036
BAD root_position: -0.08069
BAD root_position: -0.08103
BAD root_position: -0.08137
BAD root_position: -0.08171
BAD root_position: -0.08202
BAD root_position: -0.08231
BAD root_position: -0.08256
BAD root_position: -0.08275
BAD root_position: -0.08288
BAD root_position: -0.08294
BAD root_position: -0.08298
BAD root_position: -0.08301
BAD root_position: -0.08305
BAD root_position: -0.08309
BAD root_position: -0.08312
BAD root_position: -0.08316
BAD root_position: -0.08320
BAD root_position: -0.08323
BAD root_position: -0.08321
BAD root_position: -0.08311
BAD root_position: -0.08295
BAD root_position: -0.08273
BAD root_position: -0.08246
BAD root_position: -0.08216
BAD root_position: -0.08184
BAD root_position: -0.08150
BAD root_position: -0.08117
BAD root_position: -0.08084
BAD root_position: -0.08054
BAD root_position: -0.08027
BAD root_position: -0.08004
BAD root_position: -0.07987
BAD root_position: -0.07976
BAD root_position: -0.07973
BAD root_position: -0.07973
BAD root_position: -0.07973
BAD root_position: -0.07973
BAD root_position: -0.07974
BAD root_position: -0.07974
BAD root_position: -0.07974
BAD root_position: -0.07975
BAD root_position: -0.07975
BAD root_position: -0.07976
BAD root_position: -0.07976
BAD root_position: -0.07977
BAD root_position: -0.07977
BAD root_position: -0.07978
BAD root_position: -0.07979
BAD root_position: -0.07980
BAD root_position: -0.07981
BAD root_position: -0.07981
BAD root_position: -0.07982
BAD root_position: -0.07983
BAD root_position: -0.07984
BAD root_position: -0.07985
BAD root_position: -0.07985
BAD root_position: -0.07986
BAD root_position: -0.07987
BAD root_position: -0.07988
BAD root_position: -0.07988
BAD root_position: -0.07989
BAD root_position: -0.07990
BAD root_position: -0.07990
BAD root_position: -0.07991
BAD root_position: -0.07991
BAD root_position: -0.07991
BAD root_position: -0.07998
BAD root_position: -0.08013
BAD root_position: -0.08034
BAD root_position: -0.08061
BAD root_position: -0.08093
BAD root_position: -0.08129
BAD root_position: -0.08167
BAD root_position: -0.08207
BAD root_position: -0.08247
BAD root_position: -0.08285
BAD root_position: -0.08322
BAD root_position: -0.08355
BAD root_position: -0.08384
BAD root_position: -0.08407
BAD root_position: -0.08423
BAD root_position: -0.08430
BAD root_position: -0.08435
BAD root_position: -0.08440
BAD root_position: -0.08444
BAD root_position: -0.08449
BAD root_position: -0.08454
BAD root_position: -0.08458
BAD root_position: -0.08462
BAD root_position: -0.08466
BAD root_position: -0.08464
BAD root_position: -0.08452
BAD root_position: -0.08434
BAD root_position: -0.08409
BAD root_position: -0.08379
BAD root_position: -0.08345
BAD root_position: -0.08308
BAD root_position: -0.08270
BAD root_position: -0.08232
BAD root_position: -0.08194
BAD root_position: -0.08159
BAD root_position: -0.08128
BAD root_position: -0.08101
BAD root_position: -0.08080
BAD root_position: -0.08066
BAD root_position: -0.08061
BAD root_position: -0.08058
BAD root_position: -0.08055
BAD root_position: -0.08052
BAD root_position: -0.08049
BAD root_position: -0.08045
BAD root_position: -0.08041
BAD root_position: -0.08037
BAD root_position: -0.08033
BAD root_position: -0.08029
BAD root_position: -0.08024
BAD root_position: -0.08019
BAD root_position: -0.08014
BAD root_position: -0.08009
BAD root_position: -0.08003
BAD root_position: -0.07998
BAD root_position: -0.07992
BAD root_position: -0.07986
BAD root_position: -0.07980
BAD root_position: -0.07974
BAD root_position: -0.07969
BAD root_position: -0.07963
BAD root_position: -0.07957
BAD root_position: -0.07952
BAD root_position: -0.07946
BAD root_position: -0.07942
BAD root_position: -0.07937
BAD root_position: -0.07932
BAD root_position: -0.07928
BAD root_position: -0.07924
BAD root_position: -0.07920
BAD root_position: -0.07917
BAD root_position: -0.07914
BAD root_position: -0.07917
BAD root_position: -0.07927
BAD root_position: -0.07944
BAD root_position: -0.07966
BAD root_position: -0.07993
BAD root_position: -0.08023
BAD root_position: -0.08055
BAD root_position: -0.08088
BAD root_position: -0.08122
BAD root_position: -0.08155
BAD root_position: -0.08186
BAD root_position: -0.08215
BAD root_position: -0.08239
BAD root_position: -0.08258
BAD root_position: -0.08271
BAD root_position: -0.08277
BAD root_position: -0.08281
BAD root_position: -0.08284
BAD root_position: -0.08288
BAD root_position: -0.08292
BAD root_position: -0.08296
BAD root_position: -0.08299
BAD root_position: -0.08304
BAD root_position: -0.08307
BAD root_position: -0.08306
BAD root_position: -0.08296
BAD root_position: -0.08281
BAD root_position: -0.08259
BAD root_position: -0.08234
BAD root_position: -0.08204
BAD root_position: -0.08173
BAD root_position: -0.08140
BAD root_position: -0.08102
BAD root_position: -0.08070
BAD root_position: -0.08040
BAD root_position: -0.08013
BAD root_position: -0.07991
BAD root_position: -0.07974
BAD root_position: -0.07964
BAD root_position: -0.07961
BAD root_position: -0.07962
BAD root_position: -0.07962
BAD root_position: -0.07963
BAD root_position: -0.07964
BAD root_position: -0.07964
BAD root_position: -0.07965
BAD root_position: -0.07966
BAD root_position: -0.07968
BAD root_position: -0.07969
BAD root_position: -0.07970
BAD root_position: -0.07972
BAD root_position: -0.07973
BAD root_position: -0.07975
BAD root_position: -0.07977
BAD root_position: -0.07979
BAD root_position: -0.07980
BAD root_position: -0.07982
BAD root_position: -0.07984
BAD root_position: -0.07986
BAD root_position: -0.07988
BAD root_position: -0.07990
BAD root_position: -0.07992
BAD root_position: -0.07993
BAD root_position: -0.07995
BAD root_position: -0.07997
BAD root_position: -0.07998
BAD root_position: -0.07999
BAD root_position: -0.08001
BAD root_position: -0.08002
BAD root_position: -0.08003
BAD root_position: -0.08004
BAD root_position: -0.08011
BAD root_position: -0.08027
BAD root_position: -0.08050
BAD root_position: -0.08080
BAD root_position: -0.08115
BAD root_position: -0.08154
BAD root_position: -0.08195
BAD root_position: -0.08237
BAD root_position: -0.08279
BAD root_position: -0.08319
BAD root_position: -0.08356
BAD root_position: -0.08389
BAD root_position: -0.08417
BAD root_position: -0.08436
BAD root_position: -0.08447
BAD root_position: -0.08453
BAD root_position: -0.08458
BAD root_position: -0.08463
BAD root_position: -0.08468
BAD root_position: -0.08472
BAD root_position: -0.08477
BAD root_position: -0.08482
BAD root_position: -0.08485
BAD root_position: -0.08481
BAD root_position: -0.08468
BAD root_position: -0.08447
BAD root_position: -0.08419
BAD root_position: -0.08385
BAD root_position: -0.08348
BAD root_position: -0.08308
BAD root_position: -0.08267
BAD root_position: -0.08227
BAD root_position: -0.08188
BAD root_position: -0.08153
BAD root_position: -0.08122
BAD root_position: -0.08097
BAD root_position: -0.08080
BAD root_position: -0.08072
BAD root_position: -0.08068
BAD root_position: -0.08064
BAD root_position: -0.08059
BAD root_position: -0.08054
BAD root_position: -0.08049
BAD root_position: -0.08043
BAD root_position: -0.08037
BAD root_position: -0.08031
BAD root_position: -0.08024
BAD root_position: -0.08018
BAD root_position: -0.08011
BAD root_position: -0.08004
BAD root_position: -0.07997
BAD root_position: -0.07990
BAD root_position: -0.07983
BAD root_position: -0.07976
BAD root_position: -0.07969
BAD root_position: -0.07962
BAD root_position: -0.07955
BAD root_position: -0.07949
BAD root_position: -0.07942
BAD root_position: -0.07936
BAD root_position: -0.07931
BAD root_position: -0.07925
BAD root_position: -0.07920
BAD root_position: -0.07916
BAD root_position: -0.07911
BAD root_position: -0.07907
BAD root_position: -0.07904
BAD root_position: -0.07900
BAD root_position: -0.07899
BAD root_position: -0.07905
BAD root_position: -0.07920
BAD root_position: -0.07940
BAD root_position: -0.07966
BAD root_position: -0.07996
BAD root_position: -0.08029
BAD root_position: -0.08063
BAD root_position: -0.08098
BAD root_position: -0.08133
BAD root_position: -0.08166
BAD root_position: -0.08196
BAD root_position: -0.08221
BAD root_position: -0.08241
BAD root_position: -0.08254
BAD root_position: -0.08260
BAD root_position: -0.08263
BAD root_position: -0.08267
BAD root_position: -0.08271
BAD root_position: -0.08275
BAD root_position: -0.08280
recorded 500 frames
avg lin_vel_x 0.0167
avg lin_vel_y -0.0065
avg yaw 0.0
computed xvel: 0.028, mean xvel: 0.0167
computed yvel: -0.007, mean yvel: -0.0065
computed thetavel: 0.056, mean thetavel: 0.0
DONE, saving 106_0.028_-0.007_0.056.json
