<frozen importlib._bootstrap>:241: RuntimeWarning: to-Python converter for std::vector<Eigen::Matrix<double, 3, 1, 0, 3, 1>, std::allocator<Eigen::Matrix<double, 3, 1, 0, 3, 1> > > already registered; second conversion method ignored.
<frozen importlib._bootstrap>:241: RuntimeWarning: to-Python converter for boost::python::detail::container_element<std::vector<Eigen::Matrix<double, 3, 1, 0, 3, 1>, std::allocator<Eigen::Matrix<double, 3, 1, 0, 3, 1> > >, unsigned long, boost::python::detail::final_vector_derived_policies<std::vector<Eigen::Matrix<double, 3, 1, 0, 3, 1>, std::allocator<Eigen::Matrix<double, 3, 1, 0, 3, 1> > >, false> > already registered; second conversion method ignored.
<frozen importlib._bootstrap>:241: RuntimeWarning: to-Python converter for std::vector<int, std::allocator<int> > already registered; second conversion method ignored.
<frozen importlib._bootstrap>:241: RuntimeWarning: to-Python converter for std::vector<double, std::allocator<double> > already registered; second conversion method ignored.
<frozen importlib._bootstrap>:241: RuntimeWarning: to-Python converter for std::vector<std::__cxx11::basic_string<char, std::char_traits<char>, std::allocator<char> >, std::allocator<std::__cxx11::basic_string<char, std::char_traits<char>, std::allocator<char> > > > already registered; second conversion method ignored.
WARNING: Can't find trunk frames in the model, can't measure leg spacing
WARNING: Can't find head frames in the model, camera_look_at won't work
gait_parameters {'dx': 0.06, 'dy': -0.01, 'dtheta': 0.08, 'duration': 8, 'hardware': True, 'double_support_ratio': 0.8, 'startend_double_support_ratio': 1.5, 'planned_timesteps': 48, 'replan_timesteps': 10, 'walk_com_height': 0.445, 'walk_foot_height': 0.03, 'walk_trunk_pitch': -5.7, 'walk_foot_rise_ratio': 0.2, 'single_support_duration': 0.8, 'single_support_timesteps': 10, 'foot_length': 0.22, 'feet_spacing': 0.114, 'zmp_margin': 0.02, 'foot_zmp_target_x': 0.0, 'foot_zmp_target_y': 0.0, 'walk_max_dtheta': 1.0, 'walk_max_dy': 0.04, 'walk_max_dx_forward': 0.08, 'walk_max_dx_backward': 0.03, 'joints': ['leg_left_ankle_roll_joint', 'leg_left_ankle_pitch_joint', 'leg_left_knee_pitch_joint', 'leg_left_hip_pitch_joint', 'leg_left_hip_yaw_joint', 'leg_left_hip_roll_joint', 'leg_right_ankle_roll_joint', 'leg_right_ankle_pitch_joint', 'leg_right_knee_pitch_joint', 'leg_right_hip_pitch_joint', 'leg_right_hip_yaw_joint', 'leg_right_hip_roll_joint', 'left_wrist_attachment_joint', 'left_fore_arm_joint', 'left_upper_arm_joint', 'left_shoulder_joint', 'right_wrist_attachment_joint', 'right_fore_arm_joint', 'right_upper_arm_joint', 'right_shoulder_joint'], 'joint_angles': {'left_wrist_attachment_joint': 0, 'left_fore_arm_joint': -90, 'left_upper_arm_joint': 45, 'left_shoulder_joint': 0, 'right_wrist_attachment_joint': 0, 'right_fore_arm_joint': 90, 'right_upper_arm_joint': -45, 'right_shoulder_joint': 0}}
Placing the robot in the initial position...
Initial position reached
{'leg_left_ankle_roll_joint': 0.01554865312679032, 'leg_left_ankle_pitch_joint': -0.4892520712600807, 'leg_left_knee_pitch_joint': 0.9370057920435838, 'leg_left_hip_pitch_joint': -0.34874689403130776, 'leg_left_hip_yaw_joint': -0.05349543421183388, 'leg_left_hip_roll_joint': -0.009863536151596975, 'leg_right_ankle_roll_joint': 0.016149698537880598, 'leg_right_ankle_pitch_joint': -0.5139638871747839, 'leg_right_knee_pitch_joint': 1.0192657149876563, 'leg_right_hip_pitch_joint': -0.40631019801716256, 'leg_right_hip_yaw_joint': -0.053962241489612386, 'leg_right_hip_roll_joint': -0.01025047253538044, 'left_wrist_attachment_joint': -1.6045081599578754e-26, 'left_fore_arm_joint': -0.780786764434041, 'left_upper_arm_joint': 0.7853981633896226, 'left_shoulder_joint': 6.181058937177296e-12, 'right_wrist_attachment_joint': 9.522934177330633e-11, 'right_fore_arm_joint': 1.178003283360432, 'right_upper_arm_joint': -0.7853981633883493, 'right_shoulder_joint': 5.5894357757054744e-12}
## period: 2.88
BAD root_position: -0.07991
BAD root_position: -0.07991
BAD root_position: -0.07991
BAD root_position: -0.07991
BAD root_position: -0.07991
BAD root_position: -0.07991
BAD root_position: -0.07991
BAD root_position: -0.07991
BAD root_position: -0.07991
BAD root_position: -0.07991
BAD root_position: -0.07991
BAD root_position: -0.07991
BAD root_position: -0.07991
BAD root_position: -0.07991
BAD root_position: -0.07991
BAD root_position: -0.07991
BAD root_position: -0.07991
BAD root_position: -0.07991
BAD root_position: -0.07991
BAD root_position: -0.07991
BAD root_position: -0.07991
BAD root_position: -0.07991
BAD root_position: -0.07991
BAD root_position: -0.07991
BAD root_position: -0.07991
BAD root_position: -0.07991
BAD root_position: -0.07991
BAD root_position: -0.07991
BAD root_position: -0.07991
BAD root_position: -0.07991
BAD root_position: -0.07991
BAD root_position: -0.07991
BAD root_position: -0.07991
BAD root_position: -0.07991
BAD root_position: -0.07991
BAD root_position: -0.07991
BAD root_position: -0.07991
BAD root_position: -0.07991
BAD root_position: -0.07991
BAD root_position: -0.07990
BAD root_position: -0.07990
BAD root_position: -0.07990
BAD root_position: -0.07990
BAD root_position: -0.07990
BAD root_position: -0.07990
BAD root_position: -0.07990
BAD root_position: -0.07990
BAD root_position: -0.07990
BAD root_position: -0.07990
BAD root_position: -0.07990
BAD root_position: -0.07990
BAD root_position: -0.07990
BAD root_position: -0.07990
BAD root_position: -0.07989
BAD root_position: -0.07989
BAD root_position: -0.07989
BAD root_position: -0.07988
BAD root_position: -0.07988
BAD root_position: -0.07989
BAD root_position: -0.07998
BAD root_position: -0.08015
BAD root_position: -0.08039
BAD root_position: -0.08069
BAD root_position: -0.08102
BAD root_position: -0.08138
BAD root_position: -0.08176
BAD root_position: -0.08214
BAD root_position: -0.08251
BAD root_position: -0.08285
BAD root_position: -0.08315
BAD root_position: -0.08341
BAD root_position: -0.08360
BAD root_position: -0.08371
BAD root_position: -0.08373
BAD root_position: -0.08373
BAD root_position: -0.08373
BAD root_position: -0.08373
BAD root_position: -0.08373
BAD root_position: -0.08373
BAD root_position: -0.08373
BAD root_position: -0.08373
BAD root_position: -0.08371
BAD root_position: -0.08360
BAD root_position: -0.08342
BAD root_position: -0.08317
BAD root_position: -0.08287
BAD root_position: -0.08252
BAD root_position: -0.08216
BAD root_position: -0.08178
BAD root_position: -0.08140
BAD root_position: -0.08104
BAD root_position: -0.08070
BAD root_position: -0.08040
BAD root_position: -0.08016
BAD root_position: -0.07999
BAD root_position: -0.07989
BAD root_position: -0.07988
BAD root_position: -0.07988
BAD root_position: -0.07988
BAD root_position: -0.07989
BAD root_position: -0.07989
BAD root_position: -0.07989
BAD root_position: -0.07989
BAD root_position: -0.07990
BAD root_position: -0.07990
BAD root_position: -0.07990
BAD root_position: -0.07990
BAD root_position: -0.07990
BAD root_position: -0.07990
BAD root_position: -0.07990
BAD root_position: -0.07990
BAD root_position: -0.07990
BAD root_position: -0.07990
BAD root_position: -0.07990
BAD root_position: -0.07989
BAD root_position: -0.07989
BAD root_position: -0.07989
BAD root_position: -0.07989
BAD root_position: -0.07988
BAD root_position: -0.07988
BAD root_position: -0.07987
BAD root_position: -0.07987
BAD root_position: -0.07987
BAD root_position: -0.07986
BAD root_position: -0.07986
BAD root_position: -0.07985
BAD root_position: -0.07985
BAD root_position: -0.07989
BAD root_position: -0.08003
BAD root_position: -0.08024
BAD root_position: -0.08053
BAD root_position: -0.08087
BAD root_position: -0.08125
BAD root_position: -0.08166
BAD root_position: -0.08208
BAD root_position: -0.08251
BAD root_position: -0.08293
BAD root_position: -0.08332
BAD root_position: -0.08368
BAD root_position: -0.08398
BAD root_position: -0.08421
BAD root_position: -0.08435
BAD root_position: -0.08442
BAD root_position: -0.08449
BAD root_position: -0.08456
BAD root_position: -0.08462
BAD root_position: -0.08469
BAD root_position: -0.08475
BAD root_position: -0.08481
BAD root_position: -0.08487
BAD root_position: -0.08486
BAD root_position: -0.08476
BAD root_position: -0.08457
BAD root_position: -0.08430
BAD root_position: -0.08398
BAD root_position: -0.08361
BAD root_position: -0.08322
BAD root_position: -0.08281
BAD root_position: -0.08240
BAD root_position: -0.08200
BAD root_position: -0.08163
BAD root_position: -0.08131
BAD root_position: -0.08105
BAD root_position: -0.08086
BAD root_position: -0.08075
BAD root_position: -0.08071
BAD root_position: -0.08067
BAD root_position: -0.08063
BAD root_position: -0.08058
BAD root_position: -0.08052
BAD root_position: -0.08046
BAD root_position: -0.08040
BAD root_position: -0.08034
BAD root_position: -0.08027
BAD root_position: -0.08020
BAD root_position: -0.08013
BAD root_position: -0.08006
BAD root_position: -0.07999
BAD root_position: -0.07991
BAD root_position: -0.07984
BAD root_position: -0.07976
BAD root_position: -0.07969
BAD root_position: -0.07962
BAD root_position: -0.07955
BAD root_position: -0.07948
BAD root_position: -0.07941
BAD root_position: -0.07935
BAD root_position: -0.07929
BAD root_position: -0.07923
BAD root_position: -0.07918
BAD root_position: -0.07913
BAD root_position: -0.07909
BAD root_position: -0.07905
BAD root_position: -0.07901
BAD root_position: -0.07898
BAD root_position: -0.07895
BAD root_position: -0.07898
BAD root_position: -0.07908
BAD root_position: -0.07924
BAD root_position: -0.07945
BAD root_position: -0.07971
BAD root_position: -0.08000
BAD root_position: -0.08031
BAD root_position: -0.08064
BAD root_position: -0.08097
BAD root_position: -0.08130
BAD root_position: -0.08161
BAD root_position: -0.08190
BAD root_position: -0.08215
BAD root_position: -0.08235
BAD root_position: -0.08249
BAD root_position: -0.08257
BAD root_position: -0.08263
BAD root_position: -0.08268
BAD root_position: -0.08274
BAD root_position: -0.08279
BAD root_position: -0.08285
BAD root_position: -0.08291
BAD root_position: -0.08296
BAD root_position: -0.08302
BAD root_position: -0.08302
BAD root_position: -0.08294
BAD root_position: -0.08280
BAD root_position: -0.08260
BAD root_position: -0.08236
BAD root_position: -0.08208
BAD root_position: -0.08177
BAD root_position: -0.08145
BAD root_position: -0.08112
BAD root_position: -0.08081
BAD root_position: -0.08051
BAD root_position: -0.08024
BAD root_position: -0.08002
BAD root_position: -0.07985
BAD root_position: -0.07974
BAD root_position: -0.07971
BAD root_position: -0.07970
BAD root_position: -0.07970
BAD root_position: -0.07970
BAD root_position: -0.07970
BAD root_position: -0.07970
BAD root_position: -0.07970
BAD root_position: -0.07970
BAD root_position: -0.07970
BAD root_position: -0.07970
BAD root_position: -0.07971
BAD root_position: -0.07971
BAD root_position: -0.07972
BAD root_position: -0.07972
BAD root_position: -0.07973
BAD root_position: -0.07974
BAD root_position: -0.07974
BAD root_position: -0.07975
BAD root_position: -0.07976
BAD root_position: -0.07977
BAD root_position: -0.07978
BAD root_position: -0.07979
BAD root_position: -0.07980
BAD root_position: -0.07981
BAD root_position: -0.07981
BAD root_position: -0.07982
BAD root_position: -0.07983
BAD root_position: -0.07984
BAD root_position: -0.07985
BAD root_position: -0.07986
BAD root_position: -0.07986
BAD root_position: -0.07987
BAD root_position: -0.07987
BAD root_position: -0.07994
BAD root_position: -0.08009
BAD root_position: -0.08031
BAD root_position: -0.08059
BAD root_position: -0.08092
BAD root_position: -0.08129
BAD root_position: -0.08169
BAD root_position: -0.08210
BAD root_position: -0.08251
BAD root_position: -0.08292
BAD root_position: -0.08331
BAD root_position: -0.08366
BAD root_position: -0.08398
BAD root_position: -0.08423
BAD root_position: -0.08441
BAD root_position: -0.08451
BAD root_position: -0.08458
BAD root_position: -0.08465
BAD root_position: -0.08472
BAD root_position: -0.08479
BAD root_position: -0.08486
BAD root_position: -0.08492
BAD root_position: -0.08498
BAD root_position: -0.08504
BAD root_position: -0.08503
BAD root_position: -0.08493
BAD root_position: -0.08475
BAD root_position: -0.08451
BAD root_position: -0.08420
BAD root_position: -0.08386
BAD root_position: -0.08348
BAD root_position: -0.08309
BAD root_position: -0.08270
BAD root_position: -0.08231
BAD root_position: -0.08194
BAD root_position: -0.08161
BAD root_position: -0.08133
BAD root_position: -0.08110
BAD root_position: -0.08095
BAD root_position: -0.08089
BAD root_position: -0.08085
BAD root_position: -0.08081
BAD root_position: -0.08076
BAD root_position: -0.08072
BAD root_position: -0.08067
BAD root_position: -0.08061
BAD root_position: -0.08055
BAD root_position: -0.08049
BAD root_position: -0.08043
BAD root_position: -0.08036
BAD root_position: -0.08029
BAD root_position: -0.08022
BAD root_position: -0.08014
BAD root_position: -0.08006
BAD root_position: -0.07999
BAD root_position: -0.07990
BAD root_position: -0.07982
BAD root_position: -0.07974
BAD root_position: -0.07966
BAD root_position: -0.07958
BAD root_position: -0.07950
BAD root_position: -0.07943
BAD root_position: -0.07935
BAD root_position: -0.07928
BAD root_position: -0.07922
BAD root_position: -0.07916
BAD root_position: -0.07910
BAD root_position: -0.07904
BAD root_position: -0.07899
BAD root_position: -0.07894
BAD root_position: -0.07890
BAD root_position: -0.07886
BAD root_position: -0.07888
BAD root_position: -0.07898
BAD root_position: -0.07913
BAD root_position: -0.07934
BAD root_position: -0.07959
BAD root_position: -0.07987
BAD root_position: -0.08018
BAD root_position: -0.08050
BAD root_position: -0.08083
BAD root_position: -0.08115
BAD root_position: -0.08146
BAD root_position: -0.08174
BAD root_position: -0.08199
BAD root_position: -0.08219
BAD root_position: -0.08233
BAD root_position: -0.08241
BAD root_position: -0.08246
BAD root_position: -0.08251
BAD root_position: -0.08257
BAD root_position: -0.08263
BAD root_position: -0.08269
BAD root_position: -0.08275
BAD root_position: -0.08281
BAD root_position: -0.08287
BAD root_position: -0.08288
BAD root_position: -0.08281
BAD root_position: -0.08267
BAD root_position: -0.08248
BAD root_position: -0.08225
BAD root_position: -0.08197
BAD root_position: -0.08168
BAD root_position: -0.08137
BAD root_position: -0.08098
BAD root_position: -0.08067
BAD root_position: -0.08038
BAD root_position: -0.08011
BAD root_position: -0.07989
BAD root_position: -0.07972
BAD root_position: -0.07962
BAD root_position: -0.07959
BAD root_position: -0.07959
BAD root_position: -0.07960
BAD root_position: -0.07960
BAD root_position: -0.07960
BAD root_position: -0.07961
BAD root_position: -0.07961
BAD root_position: -0.07962
BAD root_position: -0.07963
BAD root_position: -0.07964
BAD root_position: -0.07965
BAD root_position: -0.07967
BAD root_position: -0.07968
BAD root_position: -0.07970
BAD root_position: -0.07971
BAD root_position: -0.07973
BAD root_position: -0.07975
BAD root_position: -0.07977
BAD root_position: -0.07979
BAD root_position: -0.07981
BAD root_position: -0.07983
BAD root_position: -0.07985
BAD root_position: -0.07987
BAD root_position: -0.07988
BAD root_position: -0.07990
BAD root_position: -0.07992
BAD root_position: -0.07994
BAD root_position: -0.07995
BAD root_position: -0.07996
BAD root_position: -0.07998
BAD root_position: -0.07999
BAD root_position: -0.08000
BAD root_position: -0.08007
BAD root_position: -0.08024
BAD root_position: -0.08048
BAD root_position: -0.08078
BAD root_position: -0.08114
BAD root_position: -0.08154
BAD root_position: -0.08196
BAD root_position: -0.08240
BAD root_position: -0.08284
BAD root_position: -0.08327
BAD root_position: -0.08366
BAD root_position: -0.08402
BAD root_position: -0.08432
BAD root_position: -0.08454
BAD root_position: -0.08468
BAD root_position: -0.08475
BAD root_position: -0.08483
BAD root_position: -0.08490
BAD root_position: -0.08497
BAD root_position: -0.08504
BAD root_position: -0.08511
BAD root_position: -0.08518
BAD root_position: -0.08523
BAD root_position: -0.08521
BAD root_position: -0.08509
BAD root_position: -0.08488
BAD root_position: -0.08460
BAD root_position: -0.08426
BAD root_position: -0.08388
BAD root_position: -0.08348
BAD root_position: -0.08305
BAD root_position: -0.08264
BAD root_position: -0.08223
BAD root_position: -0.08186
BAD root_position: -0.08154
BAD root_position: -0.08127
BAD root_position: -0.08108
BAD root_position: -0.08099
BAD root_position: -0.08093
BAD root_position: -0.08088
BAD root_position: -0.08081
BAD root_position: -0.08075
BAD root_position: -0.08067
BAD root_position: -0.08060
BAD root_position: -0.08052
BAD root_position: -0.08043
BAD root_position: -0.08034
BAD root_position: -0.08026
BAD root_position: -0.08016
BAD root_position: -0.08007
BAD root_position: -0.07998
BAD root_position: -0.07988
BAD root_position: -0.07979
BAD root_position: -0.07969
BAD root_position: -0.07960
BAD root_position: -0.07951
BAD root_position: -0.07943
BAD root_position: -0.07934
BAD root_position: -0.07926
BAD root_position: -0.07918
BAD root_position: -0.07911
BAD root_position: -0.07904
BAD root_position: -0.07898
BAD root_position: -0.07892
BAD root_position: -0.07887
BAD root_position: -0.07882
BAD root_position: -0.07878
BAD root_position: -0.07874
BAD root_position: -0.07872
BAD root_position: -0.07877
BAD root_position: -0.07890
BAD root_position: -0.07909
BAD root_position: -0.07934
BAD root_position: -0.07962
BAD root_position: -0.07993
BAD root_position: -0.08026
BAD root_position: -0.08060
BAD root_position: -0.08094
BAD root_position: -0.08126
BAD root_position: -0.08156
BAD root_position: -0.08182
BAD root_position: -0.08202
BAD root_position: -0.08217
BAD root_position: -0.08224
BAD root_position: -0.08229
BAD root_position: -0.08235
BAD root_position: -0.08241
BAD root_position: -0.08247
BAD root_position: -0.08254
recorded 500 frames
avg lin_vel_x 0.0244
avg lin_vel_y -0.0054
avg yaw 0.0
computed xvel: 0.042, mean xvel: 0.0244
computed yvel: -0.007, mean yvel: -0.0054
computed thetavel: 0.056, mean thetavel: 0.0
DONE, saving 107_0.042_-0.007_0.056.json
