<frozen importlib._bootstrap>:241: RuntimeWarning: to-Python converter for std::vector<Eigen::Matrix<double, 3, 1, 0, 3, 1>, std::allocator<Eigen::Matrix<double, 3, 1, 0, 3, 1> > > already registered; second conversion method ignored.
<frozen importlib._bootstrap>:241: RuntimeWarning: to-Python converter for boost::python::detail::container_element<std::vector<Eigen::Matrix<double, 3, 1, 0, 3, 1>, std::allocator<Eigen::Matrix<double, 3, 1, 0, 3, 1> > >, unsigned long, boost::python::detail::final_vector_derived_policies<std::vector<Eigen::Matrix<double, 3, 1, 0, 3, 1>, std::allocator<Eigen::Matrix<double, 3, 1, 0, 3, 1> > >, false> > already registered; second conversion method ignored.
<frozen importlib._bootstrap>:241: RuntimeWarning: to-Python converter for std::vector<int, std::allocator<int> > already registered; second conversion method ignored.
<frozen importlib._bootstrap>:241: RuntimeWarning: to-Python converter for std::vector<double, std::allocator<double> > already registered; second conversion method ignored.
<frozen importlib._bootstrap>:241: RuntimeWarning: to-Python converter for std::vector<std::__cxx11::basic_string<char, std::char_traits<char>, std::allocator<char> >, std::allocator<std::__cxx11::basic_string<char, std::char_traits<char>, std::allocator<char> > > > already registered; second conversion method ignored.
WARNING: Can't find trunk frames in the model, can't measure leg spacing
WARNING: Can't find head frames in the model, camera_look_at won't work
gait_parameters {'dx': -0.04, 'dy': 0.03, 'dtheta': 0.08, 'duration': 8, 'hardware': True, 'double_support_ratio': 0.8, 'startend_double_support_ratio': 1.5, 'planned_timesteps': 48, 'replan_timesteps': 10, 'walk_com_height': 0.445, 'walk_foot_height': 0.03, 'walk_trunk_pitch': -5.7, 'walk_foot_rise_ratio': 0.2, 'single_support_duration': 0.8, 'single_support_timesteps': 10, 'foot_length': 0.22, 'feet_spacing': 0.114, 'zmp_margin': 0.02, 'foot_zmp_target_x': 0.0, 'foot_zmp_target_y': 0.0, 'walk_max_dtheta': 1.0, 'walk_max_dy': 0.04, 'walk_max_dx_forward': 0.08, 'walk_max_dx_backward': 0.03, 'joints': ['leg_left_ankle_roll_joint', 'leg_left_ankle_pitch_joint', 'leg_left_knee_pitch_joint', 'leg_left_hip_pitch_joint', 'leg_left_hip_yaw_joint', 'leg_left_hip_roll_joint', 'leg_right_ankle_roll_joint', 'leg_right_ankle_pitch_joint', 'leg_right_knee_pitch_joint', 'leg_right_hip_pitch_joint', 'leg_right_hip_yaw_joint', 'leg_right_hip_roll_joint', 'left_wrist_attachment_joint', 'left_fore_arm_joint', 'left_upper_arm_joint', 'left_shoulder_joint', 'right_wrist_attachment_joint', 'right_fore_arm_joint', 'right_upper_arm_joint', 'right_shoulder_joint'], 'joint_angles': {'left_wrist_attachment_joint': 0, 'left_fore_arm_joint': -90, 'left_upper_arm_joint': 45, 'left_shoulder_joint': 0, 'right_wrist_attachment_joint': 0, 'right_fore_arm_joint': 90, 'right_upper_arm_joint': -45, 'right_shoulder_joint': 0}}
Placing the robot in the initial position...
Initial position reached
{'leg_left_ankle_roll_joint': 0.01660600954903039, 'leg_left_ankle_pitch_joint': -0.489344294765666, 'leg_left_knee_pitch_joint': 0.938493886994846, 'leg_left_hip_pitch_joint': -0.35017892134138046, 'leg_left_hip_yaw_joint': -0.05431333354562644, 'leg_left_hip_roll_joint': -0.01053462099644575, 'leg_right_ankle_roll_joint': 0.017224037917423378, 'leg_right_ankle_pitch_joint': -0.5142792655020425, 'leg_right_knee_pitch_joint': 1.021255223220779, 'leg_right_hip_pitch_joint': -0.40802138871145516, 'leg_right_hip_yaw_joint': -0.05479326342225247, 'leg_right_hip_roll_joint': -0.010932371087262477, 'left_wrist_attachment_joint': -0.09417336261715996, 'left_fore_arm_joint': -0.9834480283354738, 'left_upper_arm_joint': 0.7853981633896028, 'left_shoulder_joint': 6.188833587040114e-12, 'right_wrist_attachment_joint': 0.15347597242953342, 'right_fore_arm_joint': 0.9919465730122872, 'right_upper_arm_joint': -0.7853981633880034, 'right_shoulder_joint': 5.776727517171319e-12}
## period: 2.88
BAD root_position: -0.07991
BAD root_position: -0.07991
BAD root_position: -0.07991
BAD root_position: -0.07991
BAD root_position: -0.07991
BAD root_position: -0.07991
BAD root_position: -0.07991
BAD root_position: -0.07991
BAD root_position: -0.07991
BAD root_position: -0.07991
BAD root_position: -0.07991
BAD root_position: -0.07991
BAD root_position: -0.07991
BAD root_position: -0.07991
BAD root_position: -0.07991
BAD root_position: -0.07991
BAD root_position: -0.07991
BAD root_position: -0.07991
BAD root_position: -0.07991
BAD root_position: -0.07991
BAD root_position: -0.07991
BAD root_position: -0.07991
BAD root_position: -0.07991
BAD root_position: -0.07991
BAD root_position: -0.07991
BAD root_position: -0.07991
BAD root_position: -0.07991
BAD root_position: -0.07991
BAD root_position: -0.07991
BAD root_position: -0.07991
BAD root_position: -0.07991
BAD root_position: -0.07991
BAD root_position: -0.07991
BAD root_position: -0.07991
BAD root_position: -0.07991
BAD root_position: -0.07991
BAD root_position: -0.07991
BAD root_position: -0.07991
BAD root_position: -0.07991
BAD root_position: -0.07990
BAD root_position: -0.07990
BAD root_position: -0.07990
BAD root_position: -0.07990
BAD root_position: -0.07990
BAD root_position: -0.07990
BAD root_position: -0.07990
BAD root_position: -0.07990
BAD root_position: -0.07990
BAD root_position: -0.07990
BAD root_position: -0.07990
BAD root_position: -0.07990
BAD root_position: -0.07990
BAD root_position: -0.07990
BAD root_position: -0.07989
BAD root_position: -0.07989
BAD root_position: -0.07989
BAD root_position: -0.07988
BAD root_position: -0.07988
BAD root_position: -0.07989
BAD root_position: -0.07998
BAD root_position: -0.08015
BAD root_position: -0.08039
BAD root_position: -0.08069
BAD root_position: -0.08102
BAD root_position: -0.08138
BAD root_position: -0.08176
BAD root_position: -0.08214
BAD root_position: -0.08251
BAD root_position: -0.08285
BAD root_position: -0.08315
BAD root_position: -0.08341
BAD root_position: -0.08360
BAD root_position: -0.08371
BAD root_position: -0.08373
BAD root_position: -0.08373
BAD root_position: -0.08373
BAD root_position: -0.08373
BAD root_position: -0.08373
BAD root_position: -0.08373
BAD root_position: -0.08373
BAD root_position: -0.08373
BAD root_position: -0.08371
BAD root_position: -0.08360
BAD root_position: -0.08342
BAD root_position: -0.08317
BAD root_position: -0.08287
BAD root_position: -0.08253
BAD root_position: -0.08216
BAD root_position: -0.08178
BAD root_position: -0.08140
BAD root_position: -0.08104
BAD root_position: -0.08070
BAD root_position: -0.08041
BAD root_position: -0.08016
BAD root_position: -0.07999
BAD root_position: -0.07989
BAD root_position: -0.07988
BAD root_position: -0.07988
BAD root_position: -0.07988
BAD root_position: -0.07989
BAD root_position: -0.07989
BAD root_position: -0.07989
BAD root_position: -0.07990
BAD root_position: -0.07990
BAD root_position: -0.07990
BAD root_position: -0.07990
BAD root_position: -0.07990
BAD root_position: -0.07991
BAD root_position: -0.07991
BAD root_position: -0.07991
BAD root_position: -0.07991
BAD root_position: -0.07990
BAD root_position: -0.07990
BAD root_position: -0.07990
BAD root_position: -0.07990
BAD root_position: -0.07990
BAD root_position: -0.07990
BAD root_position: -0.07989
BAD root_position: -0.07989
BAD root_position: -0.07989
BAD root_position: -0.07988
BAD root_position: -0.07988
BAD root_position: -0.07988
BAD root_position: -0.07987
BAD root_position: -0.07987
BAD root_position: -0.07987
BAD root_position: -0.07986
BAD root_position: -0.07990
BAD root_position: -0.08003
BAD root_position: -0.08024
BAD root_position: -0.08050
BAD root_position: -0.08081
BAD root_position: -0.08116
BAD root_position: -0.08153
BAD root_position: -0.08191
BAD root_position: -0.08229
BAD root_position: -0.08265
BAD root_position: -0.08297
BAD root_position: -0.08326
BAD root_position: -0.08348
BAD root_position: -0.08364
BAD root_position: -0.08371
BAD root_position: -0.08372
BAD root_position: -0.08371
BAD root_position: -0.08371
BAD root_position: -0.08371
BAD root_position: -0.08371
BAD root_position: -0.08371
BAD root_position: -0.08371
BAD root_position: -0.08371
BAD root_position: -0.08365
BAD root_position: -0.08351
BAD root_position: -0.08330
BAD root_position: -0.08302
BAD root_position: -0.08270
BAD root_position: -0.08235
BAD root_position: -0.08198
BAD root_position: -0.08160
BAD root_position: -0.08122
BAD root_position: -0.08087
BAD root_position: -0.08055
BAD root_position: -0.08028
BAD root_position: -0.08006
BAD root_position: -0.07992
BAD root_position: -0.07986
BAD root_position: -0.07987
BAD root_position: -0.07987
BAD root_position: -0.07987
BAD root_position: -0.07988
BAD root_position: -0.07988
BAD root_position: -0.07989
BAD root_position: -0.07989
BAD root_position: -0.07989
BAD root_position: -0.07990
BAD root_position: -0.07990
BAD root_position: -0.07990
BAD root_position: -0.07991
BAD root_position: -0.07991
BAD root_position: -0.07991
BAD root_position: -0.07991
BAD root_position: -0.07991
BAD root_position: -0.07991
BAD root_position: -0.07991
BAD root_position: -0.07991
BAD root_position: -0.07991
BAD root_position: -0.07991
BAD root_position: -0.07991
BAD root_position: -0.07991
BAD root_position: -0.07990
BAD root_position: -0.07990
BAD root_position: -0.07990
BAD root_position: -0.07990
BAD root_position: -0.07989
BAD root_position: -0.07989
BAD root_position: -0.07989
BAD root_position: -0.07989
BAD root_position: -0.07995
BAD root_position: -0.08008
BAD root_position: -0.08028
BAD root_position: -0.08052
BAD root_position: -0.08081
BAD root_position: -0.08113
BAD root_position: -0.08147
BAD root_position: -0.08182
BAD root_position: -0.08216
BAD root_position: -0.08248
BAD root_position: -0.08278
BAD root_position: -0.08304
BAD root_position: -0.08325
BAD root_position: -0.08340
BAD root_position: -0.08348
BAD root_position: -0.08348
BAD root_position: -0.08345
BAD root_position: -0.08342
BAD root_position: -0.08340
BAD root_position: -0.08337
BAD root_position: -0.08334
BAD root_position: -0.08332
BAD root_position: -0.08329
BAD root_position: -0.08327
BAD root_position: -0.08319
BAD root_position: -0.08304
BAD root_position: -0.08282
BAD root_position: -0.08256
BAD root_position: -0.08226
BAD root_position: -0.08193
BAD root_position: -0.08158
BAD root_position: -0.08123
BAD root_position: -0.08089
BAD root_position: -0.08056
BAD root_position: -0.08026
BAD root_position: -0.07999
BAD root_position: -0.07978
BAD root_position: -0.07962
BAD root_position: -0.07953
BAD root_position: -0.07952
BAD root_position: -0.07955
BAD root_position: -0.07957
BAD root_position: -0.07959
BAD root_position: -0.07962
BAD root_position: -0.07964
BAD root_position: -0.07967
BAD root_position: -0.07970
BAD root_position: -0.07973
BAD root_position: -0.07976
BAD root_position: -0.07979
BAD root_position: -0.07983
BAD root_position: -0.07986
BAD root_position: -0.07989
BAD root_position: -0.07992
BAD root_position: -0.07995
BAD root_position: -0.07998
BAD root_position: -0.08001
BAD root_position: -0.08004
BAD root_position: -0.08007
BAD root_position: -0.08010
BAD root_position: -0.08013
BAD root_position: -0.08015
BAD root_position: -0.08017
BAD root_position: -0.08020
BAD root_position: -0.08022
BAD root_position: -0.08023
BAD root_position: -0.08025
BAD root_position: -0.08026
BAD root_position: -0.08028
BAD root_position: -0.08029
BAD root_position: -0.08030
BAD root_position: -0.08031
BAD root_position: -0.08038
BAD root_position: -0.08053
BAD root_position: -0.08074
BAD root_position: -0.08102
BAD root_position: -0.08133
BAD root_position: -0.08168
BAD root_position: -0.08204
BAD root_position: -0.08242
BAD root_position: -0.08278
BAD root_position: -0.08314
BAD root_position: -0.08346
BAD root_position: -0.08374
BAD root_position: -0.08397
BAD root_position: -0.08414
BAD root_position: -0.08423
BAD root_position: -0.08424
BAD root_position: -0.08421
BAD root_position: -0.08419
BAD root_position: -0.08417
BAD root_position: -0.08414
BAD root_position: -0.08412
BAD root_position: -0.08409
BAD root_position: -0.08407
BAD root_position: -0.08404
BAD root_position: -0.08397
BAD root_position: -0.08380
BAD root_position: -0.08358
BAD root_position: -0.08329
BAD root_position: -0.08297
BAD root_position: -0.08262
BAD root_position: -0.08225
BAD root_position: -0.08187
BAD root_position: -0.08149
BAD root_position: -0.08114
BAD root_position: -0.08081
BAD root_position: -0.08052
BAD root_position: -0.08028
BAD root_position: -0.08010
BAD root_position: -0.07999
BAD root_position: -0.07997
BAD root_position: -0.07998
BAD root_position: -0.07998
BAD root_position: -0.07999
BAD root_position: -0.07999
BAD root_position: -0.08000
BAD root_position: -0.08001
BAD root_position: -0.08001
BAD root_position: -0.08001
BAD root_position: -0.08002
BAD root_position: -0.08002
BAD root_position: -0.08002
BAD root_position: -0.08002
BAD root_position: -0.08002
BAD root_position: -0.08002
BAD root_position: -0.08002
BAD root_position: -0.08002
BAD root_position: -0.08001
BAD root_position: -0.08001
BAD root_position: -0.08000
BAD root_position: -0.07999
BAD root_position: -0.07998
BAD root_position: -0.07997
BAD root_position: -0.07996
BAD root_position: -0.07995
BAD root_position: -0.07995
BAD root_position: -0.07994
BAD root_position: -0.07993
BAD root_position: -0.07991
BAD root_position: -0.07990
BAD root_position: -0.07989
BAD root_position: -0.07988
BAD root_position: -0.07987
BAD root_position: -0.07992
BAD root_position: -0.08005
BAD root_position: -0.08024
BAD root_position: -0.08048
BAD root_position: -0.08077
BAD root_position: -0.08108
BAD root_position: -0.08141
BAD root_position: -0.08175
BAD root_position: -0.08209
BAD root_position: -0.08240
BAD root_position: -0.08270
BAD root_position: -0.08295
BAD root_position: -0.08316
BAD root_position: -0.08330
BAD root_position: -0.08338
BAD root_position: -0.08338
BAD root_position: -0.08335
BAD root_position: -0.08332
BAD root_position: -0.08329
BAD root_position: -0.08326
BAD root_position: -0.08323
BAD root_position: -0.08321
BAD root_position: -0.08318
BAD root_position: -0.08316
BAD root_position: -0.08308
BAD root_position: -0.08293
BAD root_position: -0.08271
BAD root_position: -0.08245
BAD root_position: -0.08215
BAD root_position: -0.08183
BAD root_position: -0.08148
BAD root_position: -0.08114
BAD root_position: -0.08077
BAD root_position: -0.08044
BAD root_position: -0.08014
BAD root_position: -0.07988
BAD root_position: -0.07966
BAD root_position: -0.07951
BAD root_position: -0.07942
BAD root_position: -0.07941
BAD root_position: -0.07944
BAD root_position: -0.07946
BAD root_position: -0.07948
BAD root_position: -0.07951
BAD root_position: -0.07954
BAD root_position: -0.07957
BAD root_position: -0.07960
BAD root_position: -0.07964
BAD root_position: -0.07967
BAD root_position: -0.07971
BAD root_position: -0.07974
BAD root_position: -0.07978
BAD root_position: -0.07982
BAD root_position: -0.07986
BAD root_position: -0.07991
BAD root_position: -0.07995
BAD root_position: -0.07999
BAD root_position: -0.08003
BAD root_position: -0.08007
BAD root_position: -0.08011
BAD root_position: -0.08014
BAD root_position: -0.08018
BAD root_position: -0.08021
BAD root_position: -0.08024
BAD root_position: -0.08027
BAD root_position: -0.08029
BAD root_position: -0.08032
BAD root_position: -0.08034
BAD root_position: -0.08036
BAD root_position: -0.08037
BAD root_position: -0.08039
BAD root_position: -0.08046
BAD root_position: -0.08063
BAD root_position: -0.08086
BAD root_position: -0.08116
BAD root_position: -0.08150
BAD root_position: -0.08187
BAD root_position: -0.08226
BAD root_position: -0.08266
BAD root_position: -0.08304
BAD root_position: -0.08340
BAD root_position: -0.08372
BAD root_position: -0.08400
BAD root_position: -0.08420
BAD root_position: -0.08433
BAD root_position: -0.08437
BAD root_position: -0.08434
BAD root_position: -0.08432
BAD root_position: -0.08429
BAD root_position: -0.08426
BAD root_position: -0.08424
BAD root_position: -0.08421
BAD root_position: -0.08418
BAD root_position: -0.08415
BAD root_position: -0.08405
BAD root_position: -0.08386
BAD root_position: -0.08360
BAD root_position: -0.08329
BAD root_position: -0.08293
BAD root_position: -0.08255
BAD root_position: -0.08215
BAD root_position: -0.08175
BAD root_position: -0.08135
BAD root_position: -0.08099
BAD root_position: -0.08066
BAD root_position: -0.08038
BAD root_position: -0.08017
BAD root_position: -0.08003
BAD root_position: -0.07998
BAD root_position: -0.07998
BAD root_position: -0.07998
BAD root_position: -0.07998
BAD root_position: -0.07997
BAD root_position: -0.07997
BAD root_position: -0.07996
BAD root_position: -0.07996
BAD root_position: -0.07995
BAD root_position: -0.07994
BAD root_position: -0.07993
BAD root_position: -0.07993
BAD root_position: -0.07992
BAD root_position: -0.07991
BAD root_position: -0.07990
BAD root_position: -0.07989
BAD root_position: -0.07988
BAD root_position: -0.07987
BAD root_position: -0.07986
BAD root_position: -0.07985
BAD root_position: -0.07983
BAD root_position: -0.07982
BAD root_position: -0.07981
BAD root_position: -0.07980
BAD root_position: -0.07979
BAD root_position: -0.07978
BAD root_position: -0.07977
BAD root_position: -0.07976
BAD root_position: -0.07975
BAD root_position: -0.07975
BAD root_position: -0.07974
BAD root_position: -0.07975
BAD root_position: -0.07984
BAD root_position: -0.08001
BAD root_position: -0.08024
BAD root_position: -0.08052
BAD root_position: -0.08084
BAD root_position: -0.08118
BAD root_position: -0.08154
BAD root_position: -0.08189
BAD root_position: -0.08223
BAD root_position: -0.08254
BAD root_position: -0.08281
BAD root_position: -0.08303
BAD root_position: -0.08318
BAD root_position: -0.08326
BAD root_position: -0.08325
BAD root_position: -0.08322
BAD root_position: -0.08319
BAD root_position: -0.08316
BAD root_position: -0.08313
BAD root_position: -0.08310
recorded 500 frames
avg lin_vel_x -0.0068
avg lin_vel_y 0.0037
avg yaw 0.0
computed xvel: -0.028, mean xvel: -0.0068
computed yvel: 0.021, mean yvel: 0.0037
computed thetavel: 0.056, mean thetavel: 0.0
DONE, saving 114_-0.028_0.021_0.056.json
