<frozen importlib._bootstrap>:241: RuntimeWarning: to-Python converter for std::vector<Eigen::Matrix<double, 3, 1, 0, 3, 1>, std::allocator<Eigen::Matrix<double, 3, 1, 0, 3, 1> > > already registered; second conversion method ignored.
<frozen importlib._bootstrap>:241: RuntimeWarning: to-Python converter for boost::python::detail::container_element<std::vector<Eigen::Matrix<double, 3, 1, 0, 3, 1>, std::allocator<Eigen::Matrix<double, 3, 1, 0, 3, 1> > >, unsigned long, boost::python::detail::final_vector_derived_policies<std::vector<Eigen::Matrix<double, 3, 1, 0, 3, 1>, std::allocator<Eigen::Matrix<double, 3, 1, 0, 3, 1> > >, false> > already registered; second conversion method ignored.
<frozen importlib._bootstrap>:241: RuntimeWarning: to-Python converter for std::vector<int, std::allocator<int> > already registered; second conversion method ignored.
<frozen importlib._bootstrap>:241: RuntimeWarning: to-Python converter for std::vector<double, std::allocator<double> > already registered; second conversion method ignored.
<frozen importlib._bootstrap>:241: RuntimeWarning: to-Python converter for std::vector<std::__cxx11::basic_string<char, std::char_traits<char>, std::allocator<char> >, std::allocator<std::__cxx11::basic_string<char, std::char_traits<char>, std::allocator<char> > > > already registered; second conversion method ignored.
WARNING: Can't find trunk frames in the model, can't measure leg spacing
WARNING: Can't find head frames in the model, camera_look_at won't work
gait_parameters {'dx': -0.02, 'dy': 0.03, 'dtheta': 0.08, 'duration': 8, 'hardware': True, 'double_support_ratio': 0.8, 'startend_double_support_ratio': 1.5, 'planned_timesteps': 48, 'replan_timesteps': 10, 'walk_com_height': 0.445, 'walk_foot_height': 0.03, 'walk_trunk_pitch': -5.7, 'walk_foot_rise_ratio': 0.2, 'single_support_duration': 0.8, 'single_support_timesteps': 10, 'foot_length': 0.22, 'feet_spacing': 0.114, 'zmp_margin': 0.02, 'foot_zmp_target_x': 0.0, 'foot_zmp_target_y': 0.0, 'walk_max_dtheta': 1.0, 'walk_max_dy': 0.04, 'walk_max_dx_forward': 0.08, 'walk_max_dx_backward': 0.03, 'joints': ['leg_left_ankle_roll_joint', 'leg_left_ankle_pitch_joint', 'leg_left_knee_pitch_joint', 'leg_left_hip_pitch_joint', 'leg_left_hip_yaw_joint', 'leg_left_hip_roll_joint', 'leg_right_ankle_roll_joint', 'leg_right_ankle_pitch_joint', 'leg_right_knee_pitch_joint', 'leg_right_hip_pitch_joint', 'leg_right_hip_yaw_joint', 'leg_right_hip_roll_joint', 'left_wrist_attachment_joint', 'left_fore_arm_joint', 'left_upper_arm_joint', 'left_shoulder_joint', 'right_wrist_attachment_joint', 'right_fore_arm_joint', 'right_upper_arm_joint', 'right_shoulder_joint'], 'joint_angles': {'left_wrist_attachment_joint': 0, 'left_fore_arm_joint': -90, 'left_upper_arm_joint': 45, 'left_shoulder_joint': 0, 'right_wrist_attachment_joint': 0, 'right_fore_arm_joint': 90, 'right_upper_arm_joint': -45, 'right_shoulder_joint': 0}}
Placing the robot in the initial position...
Initial position reached
{'leg_left_ankle_roll_joint': 0.016575501928076674, 'leg_left_ankle_pitch_joint': -0.4917978541910338, 'leg_left_knee_pitch_joint': 0.9429976730031142, 'leg_left_hip_pitch_joint': -0.3522280970054963, 'leg_left_hip_yaw_joint': -0.05428973525579373, 'leg_left_hip_roll_joint': -0.010515257533746002, 'leg_right_ankle_roll_joint': 0.017193574640732293, 'leg_right_ankle_pitch_joint': -0.5165560750757506, 'leg_right_knee_pitch_joint': 1.0254210792787843, 'leg_right_hip_pitch_joint': -0.4099093764830201, 'leg_right_hip_yaw_joint': -0.054769699846903885, 'leg_right_hip_roll_joint': -0.010913034758377203, 'left_wrist_attachment_joint': -1.743281024644929e-26, 'left_fore_arm_joint': -1.019314531492415, 'left_upper_arm_joint': 0.7853981633898599, 'left_shoulder_joint': 6.012707872557374e-12, 'right_wrist_attachment_joint': 0.12055823336794387, 'right_fore_arm_joint': 1.036820590316994, 'right_upper_arm_joint': -0.7853981633883059, 'right_shoulder_joint': 5.608154899373583e-12}
## period: 2.88
BAD root_position: -0.07991
BAD root_position: -0.07991
BAD root_position: -0.07991
BAD root_position: -0.07991
BAD root_position: -0.07991
BAD root_position: -0.07991
BAD root_position: -0.07991
BAD root_position: -0.07991
BAD root_position: -0.07991
BAD root_position: -0.07991
BAD root_position: -0.07991
BAD root_position: -0.07991
BAD root_position: -0.07991
BAD root_position: -0.07991
BAD root_position: -0.07991
BAD root_position: -0.07991
BAD root_position: -0.07991
BAD root_position: -0.07991
BAD root_position: -0.07991
BAD root_position: -0.07991
BAD root_position: -0.07991
BAD root_position: -0.07991
BAD root_position: -0.07991
BAD root_position: -0.07991
BAD root_position: -0.07991
BAD root_position: -0.07991
BAD root_position: -0.07991
BAD root_position: -0.07991
BAD root_position: -0.07991
BAD root_position: -0.07991
BAD root_position: -0.07991
BAD root_position: -0.07991
BAD root_position: -0.07991
BAD root_position: -0.07991
BAD root_position: -0.07991
BAD root_position: -0.07991
BAD root_position: -0.07991
BAD root_position: -0.07991
BAD root_position: -0.07991
BAD root_position: -0.07990
BAD root_position: -0.07990
BAD root_position: -0.07990
BAD root_position: -0.07990
BAD root_position: -0.07990
BAD root_position: -0.07990
BAD root_position: -0.07990
BAD root_position: -0.07990
BAD root_position: -0.07990
BAD root_position: -0.07990
BAD root_position: -0.07990
BAD root_position: -0.07990
BAD root_position: -0.07990
BAD root_position: -0.07990
BAD root_position: -0.07989
BAD root_position: -0.07989
BAD root_position: -0.07989
BAD root_position: -0.07988
BAD root_position: -0.07988
BAD root_position: -0.07989
BAD root_position: -0.07998
BAD root_position: -0.08015
BAD root_position: -0.08039
BAD root_position: -0.08069
BAD root_position: -0.08102
BAD root_position: -0.08138
BAD root_position: -0.08176
BAD root_position: -0.08214
BAD root_position: -0.08251
BAD root_position: -0.08285
BAD root_position: -0.08315
BAD root_position: -0.08341
BAD root_position: -0.08360
BAD root_position: -0.08371
BAD root_position: -0.08373
BAD root_position: -0.08373
BAD root_position: -0.08373
BAD root_position: -0.08373
BAD root_position: -0.08373
BAD root_position: -0.08373
BAD root_position: -0.08373
BAD root_position: -0.08373
BAD root_position: -0.08371
BAD root_position: -0.08360
BAD root_position: -0.08342
BAD root_position: -0.08317
BAD root_position: -0.08287
BAD root_position: -0.08253
BAD root_position: -0.08216
BAD root_position: -0.08178
BAD root_position: -0.08140
BAD root_position: -0.08104
BAD root_position: -0.08070
BAD root_position: -0.08041
BAD root_position: -0.08016
BAD root_position: -0.07999
BAD root_position: -0.07989
BAD root_position: -0.07988
BAD root_position: -0.07988
BAD root_position: -0.07988
BAD root_position: -0.07989
BAD root_position: -0.07989
BAD root_position: -0.07989
BAD root_position: -0.07990
BAD root_position: -0.07990
BAD root_position: -0.07990
BAD root_position: -0.07990
BAD root_position: -0.07990
BAD root_position: -0.07991
BAD root_position: -0.07991
BAD root_position: -0.07991
BAD root_position: -0.07991
BAD root_position: -0.07990
BAD root_position: -0.07990
BAD root_position: -0.07990
BAD root_position: -0.07990
BAD root_position: -0.07990
BAD root_position: -0.07990
BAD root_position: -0.07989
BAD root_position: -0.07989
BAD root_position: -0.07989
BAD root_position: -0.07988
BAD root_position: -0.07988
BAD root_position: -0.07988
BAD root_position: -0.07987
BAD root_position: -0.07987
BAD root_position: -0.07987
BAD root_position: -0.07986
BAD root_position: -0.07990
BAD root_position: -0.08003
BAD root_position: -0.08024
BAD root_position: -0.08050
BAD root_position: -0.08081
BAD root_position: -0.08116
BAD root_position: -0.08153
BAD root_position: -0.08191
BAD root_position: -0.08229
BAD root_position: -0.08265
BAD root_position: -0.08297
BAD root_position: -0.08326
BAD root_position: -0.08348
BAD root_position: -0.08364
BAD root_position: -0.08372
BAD root_position: -0.08372
BAD root_position: -0.08372
BAD root_position: -0.08372
BAD root_position: -0.08372
BAD root_position: -0.08371
BAD root_position: -0.08371
BAD root_position: -0.08371
BAD root_position: -0.08371
BAD root_position: -0.08366
BAD root_position: -0.08352
BAD root_position: -0.08330
BAD root_position: -0.08303
BAD root_position: -0.08271
BAD root_position: -0.08235
BAD root_position: -0.08198
BAD root_position: -0.08160
BAD root_position: -0.08123
BAD root_position: -0.08087
BAD root_position: -0.08055
BAD root_position: -0.08028
BAD root_position: -0.08007
BAD root_position: -0.07992
BAD root_position: -0.07987
BAD root_position: -0.07987
BAD root_position: -0.07987
BAD root_position: -0.07988
BAD root_position: -0.07988
BAD root_position: -0.07988
BAD root_position: -0.07989
BAD root_position: -0.07989
BAD root_position: -0.07990
BAD root_position: -0.07990
BAD root_position: -0.07990
BAD root_position: -0.07990
BAD root_position: -0.07991
BAD root_position: -0.07991
BAD root_position: -0.07991
BAD root_position: -0.07991
BAD root_position: -0.07991
BAD root_position: -0.07991
BAD root_position: -0.07991
BAD root_position: -0.07991
BAD root_position: -0.07991
BAD root_position: -0.07991
BAD root_position: -0.07990
BAD root_position: -0.07990
BAD root_position: -0.07990
BAD root_position: -0.07990
BAD root_position: -0.07989
BAD root_position: -0.07989
BAD root_position: -0.07989
BAD root_position: -0.07989
BAD root_position: -0.07988
BAD root_position: -0.07988
BAD root_position: -0.07994
BAD root_position: -0.08007
BAD root_position: -0.08027
BAD root_position: -0.08052
BAD root_position: -0.08082
BAD root_position: -0.08114
BAD root_position: -0.08148
BAD root_position: -0.08183
BAD root_position: -0.08218
BAD root_position: -0.08251
BAD root_position: -0.08282
BAD root_position: -0.08308
BAD root_position: -0.08330
BAD root_position: -0.08346
BAD root_position: -0.08355
BAD root_position: -0.08356
BAD root_position: -0.08354
BAD root_position: -0.08353
BAD root_position: -0.08351
BAD root_position: -0.08349
BAD root_position: -0.08347
BAD root_position: -0.08346
BAD root_position: -0.08344
BAD root_position: -0.08343
BAD root_position: -0.08335
BAD root_position: -0.08321
BAD root_position: -0.08300
BAD root_position: -0.08274
BAD root_position: -0.08244
BAD root_position: -0.08211
BAD root_position: -0.08176
BAD root_position: -0.08141
BAD root_position: -0.08106
BAD root_position: -0.08072
BAD root_position: -0.08041
BAD root_position: -0.08014
BAD root_position: -0.07992
BAD root_position: -0.07976
BAD root_position: -0.07967
BAD root_position: -0.07965
BAD root_position: -0.07967
BAD root_position: -0.07968
BAD root_position: -0.07970
BAD root_position: -0.07972
BAD root_position: -0.07974
BAD root_position: -0.07976
BAD root_position: -0.07978
BAD root_position: -0.07980
BAD root_position: -0.07983
BAD root_position: -0.07985
BAD root_position: -0.07987
BAD root_position: -0.07990
BAD root_position: -0.07992
BAD root_position: -0.07994
BAD root_position: -0.07996
BAD root_position: -0.07998
BAD root_position: -0.08000
BAD root_position: -0.08002
BAD root_position: -0.08004
BAD root_position: -0.08006
BAD root_position: -0.08008
BAD root_position: -0.08009
BAD root_position: -0.08011
BAD root_position: -0.08012
BAD root_position: -0.08013
BAD root_position: -0.08014
BAD root_position: -0.08015
BAD root_position: -0.08015
BAD root_position: -0.08016
BAD root_position: -0.08017
BAD root_position: -0.08017
BAD root_position: -0.08018
BAD root_position: -0.08024
BAD root_position: -0.08038
BAD root_position: -0.08059
BAD root_position: -0.08086
BAD root_position: -0.08117
BAD root_position: -0.08151
BAD root_position: -0.08187
BAD root_position: -0.08224
BAD root_position: -0.08261
BAD root_position: -0.08296
BAD root_position: -0.08328
BAD root_position: -0.08357
BAD root_position: -0.08380
BAD root_position: -0.08398
BAD root_position: -0.08408
BAD root_position: -0.08409
BAD root_position: -0.08408
BAD root_position: -0.08407
BAD root_position: -0.08405
BAD root_position: -0.08404
BAD root_position: -0.08403
BAD root_position: -0.08401
BAD root_position: -0.08400
BAD root_position: -0.08398
BAD root_position: -0.08391
BAD root_position: -0.08376
BAD root_position: -0.08354
BAD root_position: -0.08327
BAD root_position: -0.08296
BAD root_position: -0.08261
BAD root_position: -0.08224
BAD root_position: -0.08187
BAD root_position: -0.08150
BAD root_position: -0.08114
BAD root_position: -0.08082
BAD root_position: -0.08053
BAD root_position: -0.08029
BAD root_position: -0.08011
BAD root_position: -0.08000
BAD root_position: -0.07997
BAD root_position: -0.07997
BAD root_position: -0.07998
BAD root_position: -0.07998
BAD root_position: -0.07998
BAD root_position: -0.07998
BAD root_position: -0.07998
BAD root_position: -0.07999
BAD root_position: -0.07999
BAD root_position: -0.07999
BAD root_position: -0.07999
BAD root_position: -0.07998
BAD root_position: -0.07998
BAD root_position: -0.07998
BAD root_position: -0.07998
BAD root_position: -0.07997
BAD root_position: -0.07997
BAD root_position: -0.07996
BAD root_position: -0.07995
BAD root_position: -0.07995
BAD root_position: -0.07994
BAD root_position: -0.07993
BAD root_position: -0.07992
BAD root_position: -0.07991
BAD root_position: -0.07990
BAD root_position: -0.07989
BAD root_position: -0.07988
BAD root_position: -0.07987
BAD root_position: -0.07986
BAD root_position: -0.07985
BAD root_position: -0.07984
BAD root_position: -0.07983
BAD root_position: -0.07982
BAD root_position: -0.07987
BAD root_position: -0.07999
BAD root_position: -0.08019
BAD root_position: -0.08043
BAD root_position: -0.08072
BAD root_position: -0.08103
BAD root_position: -0.08137
BAD root_position: -0.08171
BAD root_position: -0.08205
BAD root_position: -0.08238
BAD root_position: -0.08268
BAD root_position: -0.08294
BAD root_position: -0.08315
BAD root_position: -0.08331
BAD root_position: -0.08339
BAD root_position: -0.08340
BAD root_position: -0.08338
BAD root_position: -0.08336
BAD root_position: -0.08334
BAD root_position: -0.08332
BAD root_position: -0.08330
BAD root_position: -0.08328
BAD root_position: -0.08327
BAD root_position: -0.08325
BAD root_position: -0.08318
BAD root_position: -0.08303
BAD root_position: -0.08283
BAD root_position: -0.08257
BAD root_position: -0.08227
BAD root_position: -0.08194
BAD root_position: -0.08160
BAD root_position: -0.08125
BAD root_position: -0.08089
BAD root_position: -0.08055
BAD root_position: -0.08025
BAD root_position: -0.07998
BAD root_position: -0.07976
BAD root_position: -0.07960
BAD root_position: -0.07951
BAD root_position: -0.07950
BAD root_position: -0.07952
BAD root_position: -0.07954
BAD root_position: -0.07956
BAD root_position: -0.07959
BAD root_position: -0.07961
BAD root_position: -0.07964
BAD root_position: -0.07966
BAD root_position: -0.07969
BAD root_position: -0.07972
BAD root_position: -0.07975
BAD root_position: -0.07979
BAD root_position: -0.07982
BAD root_position: -0.07985
BAD root_position: -0.07989
BAD root_position: -0.07992
BAD root_position: -0.07996
BAD root_position: -0.07999
BAD root_position: -0.08003
BAD root_position: -0.08006
BAD root_position: -0.08009
BAD root_position: -0.08012
BAD root_position: -0.08015
BAD root_position: -0.08017
BAD root_position: -0.08020
BAD root_position: -0.08022
BAD root_position: -0.08024
BAD root_position: -0.08026
BAD root_position: -0.08027
BAD root_position: -0.08029
BAD root_position: -0.08030
BAD root_position: -0.08031
BAD root_position: -0.08038
BAD root_position: -0.08054
BAD root_position: -0.08077
BAD root_position: -0.08106
BAD root_position: -0.08140
BAD root_position: -0.08177
BAD root_position: -0.08216
BAD root_position: -0.08255
BAD root_position: -0.08293
BAD root_position: -0.08329
BAD root_position: -0.08362
BAD root_position: -0.08389
BAD root_position: -0.08411
BAD root_position: -0.08424
BAD root_position: -0.08429
BAD root_position: -0.08427
BAD root_position: -0.08426
BAD root_position: -0.08424
BAD root_position: -0.08422
BAD root_position: -0.08421
BAD root_position: -0.08419
BAD root_position: -0.08417
BAD root_position: -0.08415
BAD root_position: -0.08406
BAD root_position: -0.08388
BAD root_position: -0.08364
BAD root_position: -0.08333
BAD root_position: -0.08298
BAD root_position: -0.08260
BAD root_position: -0.08221
BAD root_position: -0.08181
BAD root_position: -0.08142
BAD root_position: -0.08106
BAD root_position: -0.08073
BAD root_position: -0.08045
BAD root_position: -0.08024
BAD root_position: -0.08010
BAD root_position: -0.08005
BAD root_position: -0.08004
BAD root_position: -0.08004
BAD root_position: -0.08003
BAD root_position: -0.08002
BAD root_position: -0.08001
BAD root_position: -0.08000
BAD root_position: -0.07999
BAD root_position: -0.07998
BAD root_position: -0.07997
BAD root_position: -0.07995
BAD root_position: -0.07994
BAD root_position: -0.07993
BAD root_position: -0.07991
BAD root_position: -0.07990
BAD root_position: -0.07988
BAD root_position: -0.07987
BAD root_position: -0.07985
BAD root_position: -0.07983
BAD root_position: -0.07982
BAD root_position: -0.07980
BAD root_position: -0.07979
BAD root_position: -0.07977
BAD root_position: -0.07976
BAD root_position: -0.07974
BAD root_position: -0.07973
BAD root_position: -0.07971
BAD root_position: -0.07970
BAD root_position: -0.07969
BAD root_position: -0.07968
BAD root_position: -0.07967
BAD root_position: -0.07968
BAD root_position: -0.07976
BAD root_position: -0.07993
BAD root_position: -0.08016
BAD root_position: -0.08044
BAD root_position: -0.08076
BAD root_position: -0.08111
BAD root_position: -0.08146
BAD root_position: -0.08182
BAD root_position: -0.08216
BAD root_position: -0.08248
BAD root_position: -0.08276
BAD root_position: -0.08298
BAD root_position: -0.08314
BAD root_position: -0.08322
BAD root_position: -0.08322
BAD root_position: -0.08320
BAD root_position: -0.08317
BAD root_position: -0.08315
BAD root_position: -0.08313
BAD root_position: -0.08311
recorded 500 frames
avg lin_vel_x -0.0036
avg lin_vel_y 0.0076
avg yaw 0.0
computed xvel: -0.014, mean xvel: -0.0036
computed yvel: 0.021, mean yvel: 0.0076
computed thetavel: 0.056, mean thetavel: 0.0
DONE, saving 115_-0.014_0.021_0.056.json
