<frozen importlib._bootstrap>:241: RuntimeWarning: to-Python converter for std::vector<Eigen::Matrix<double, 3, 1, 0, 3, 1>, std::allocator<Eigen::Matrix<double, 3, 1, 0, 3, 1> > > already registered; second conversion method ignored.
<frozen importlib._bootstrap>:241: RuntimeWarning: to-Python converter for boost::python::detail::container_element<std::vector<Eigen::Matrix<double, 3, 1, 0, 3, 1>, std::allocator<Eigen::Matrix<double, 3, 1, 0, 3, 1> > >, unsigned long, boost::python::detail::final_vector_derived_policies<std::vector<Eigen::Matrix<double, 3, 1, 0, 3, 1>, std::allocator<Eigen::Matrix<double, 3, 1, 0, 3, 1> > >, false> > already registered; second conversion method ignored.
<frozen importlib._bootstrap>:241: RuntimeWarning: to-Python converter for std::vector<int, std::allocator<int> > already registered; second conversion method ignored.
<frozen importlib._bootstrap>:241: RuntimeWarning: to-Python converter for std::vector<double, std::allocator<double> > already registered; second conversion method ignored.
<frozen importlib._bootstrap>:241: RuntimeWarning: to-Python converter for std::vector<std::__cxx11::basic_string<char, std::char_traits<char>, std::allocator<char> >, std::allocator<std::__cxx11::basic_string<char, std::char_traits<char>, std::allocator<char> > > > already registered; second conversion method ignored.
WARNING: Can't find trunk frames in the model, can't measure leg spacing
WARNING: Can't find head frames in the model, camera_look_at won't work
gait_parameters {'dx': 0.04, 'dy': 0.03, 'dtheta': 0.08, 'duration': 8, 'hardware': True, 'double_support_ratio': 0.8, 'startend_double_support_ratio': 1.5, 'planned_timesteps': 48, 'replan_timesteps': 10, 'walk_com_height': 0.445, 'walk_foot_height': 0.03, 'walk_trunk_pitch': -5.7, 'walk_foot_rise_ratio': 0.2, 'single_support_duration': 0.8, 'single_support_timesteps': 10, 'foot_length': 0.22, 'feet_spacing': 0.114, 'zmp_margin': 0.02, 'foot_zmp_target_x': 0.0, 'foot_zmp_target_y': 0.0, 'walk_max_dtheta': 1.0, 'walk_max_dy': 0.04, 'walk_max_dx_forward': 0.08, 'walk_max_dx_backward': 0.03, 'joints': ['leg_left_ankle_roll_joint', 'leg_left_ankle_pitch_joint', 'leg_left_knee_pitch_joint', 'leg_left_hip_pitch_joint', 'leg_left_hip_yaw_joint', 'leg_left_hip_roll_joint', 'leg_right_ankle_roll_joint', 'leg_right_ankle_pitch_joint', 'leg_right_knee_pitch_joint', 'leg_right_hip_pitch_joint', 'leg_right_hip_yaw_joint', 'leg_right_hip_roll_joint', 'left_wrist_attachment_joint', 'left_fore_arm_joint', 'left_upper_arm_joint', 'left_shoulder_joint', 'right_wrist_attachment_joint', 'right_fore_arm_joint', 'right_upper_arm_joint', 'right_shoulder_joint'], 'joint_angles': {'left_wrist_attachment_joint': 0, 'left_fore_arm_joint': -90, 'left_upper_arm_joint': 45, 'left_shoulder_joint': 0, 'right_wrist_attachment_joint': 0, 'right_fore_arm_joint': 90, 'right_upper_arm_joint': -45, 'right_shoulder_joint': 0}}
Placing the robot in the initial position...
Initial position reached
{'leg_left_ankle_roll_joint': 0.015283574920272163, 'leg_left_ankle_pitch_joint': -0.4834598606767009, 'leg_left_knee_pitch_joint': 0.9251952708445423, 'leg_left_hip_pitch_joint': -0.34271960559651937, 'leg_left_hip_yaw_joint': -0.05329038387680177, 'leg_left_hip_roll_joint': -0.009695305096976244, 'leg_right_ankle_roll_joint': 0.015879105885579912, 'leg_right_ankle_pitch_joint': -0.5085675223961298, 'leg_right_knee_pitch_joint': 1.00817441698304, 'leg_right_hip_pitch_joint': -0.40060602006077783, 'leg_right_hip_yaw_joint': -0.0537529289670284, 'leg_right_hip_roll_joint': -0.010078733201624335, 'left_wrist_attachment_joint': -0.30507989442169925, 'left_fore_arm_joint': -0.6308211500095859, 'left_upper_arm_joint': 0.7853981633891595, 'left_shoulder_joint': 6.547244281374805e-12, 'right_wrist_attachment_joint': 0.10665531680180809, 'right_fore_arm_joint': 1.1237639295455708, 'right_upper_arm_joint': -0.7853981633878105, 'right_shoulder_joint': 5.869674879352168e-12}
## period: 2.88
BAD root_position: -0.07991
BAD root_position: -0.07991
BAD root_position: -0.07991
BAD root_position: -0.07991
BAD root_position: -0.07991
BAD root_position: -0.07991
BAD root_position: -0.07991
BAD root_position: -0.07991
BAD root_position: -0.07991
BAD root_position: -0.07991
BAD root_position: -0.07991
BAD root_position: -0.07991
BAD root_position: -0.07991
BAD root_position: -0.07991
BAD root_position: -0.07991
BAD root_position: -0.07991
BAD root_position: -0.07991
BAD root_position: -0.07991
BAD root_position: -0.07991
BAD root_position: -0.07991
BAD root_position: -0.07991
BAD root_position: -0.07991
BAD root_position: -0.07991
BAD root_position: -0.07991
BAD root_position: -0.07991
BAD root_position: -0.07991
BAD root_position: -0.07991
BAD root_position: -0.07991
BAD root_position: -0.07991
BAD root_position: -0.07991
BAD root_position: -0.07991
BAD root_position: -0.07991
BAD root_position: -0.07991
BAD root_position: -0.07991
BAD root_position: -0.07991
BAD root_position: -0.07991
BAD root_position: -0.07991
BAD root_position: -0.07991
BAD root_position: -0.07991
BAD root_position: -0.07990
BAD root_position: -0.07990
BAD root_position: -0.07990
BAD root_position: -0.07990
BAD root_position: -0.07990
BAD root_position: -0.07990
BAD root_position: -0.07990
BAD root_position: -0.07990
BAD root_position: -0.07990
BAD root_position: -0.07990
BAD root_position: -0.07990
BAD root_position: -0.07990
BAD root_position: -0.07990
BAD root_position: -0.07990
BAD root_position: -0.07989
BAD root_position: -0.07989
BAD root_position: -0.07989
BAD root_position: -0.07988
BAD root_position: -0.07988
BAD root_position: -0.07989
BAD root_position: -0.07998
BAD root_position: -0.08015
BAD root_position: -0.08039
BAD root_position: -0.08069
BAD root_position: -0.08102
BAD root_position: -0.08138
BAD root_position: -0.08176
BAD root_position: -0.08214
BAD root_position: -0.08251
BAD root_position: -0.08285
BAD root_position: -0.08315
BAD root_position: -0.08341
BAD root_position: -0.08360
BAD root_position: -0.08371
BAD root_position: -0.08373
BAD root_position: -0.08373
BAD root_position: -0.08373
BAD root_position: -0.08373
BAD root_position: -0.08373
BAD root_position: -0.08373
BAD root_position: -0.08373
BAD root_position: -0.08373
BAD root_position: -0.08371
BAD root_position: -0.08360
BAD root_position: -0.08342
BAD root_position: -0.08317
BAD root_position: -0.08287
BAD root_position: -0.08253
BAD root_position: -0.08216
BAD root_position: -0.08178
BAD root_position: -0.08140
BAD root_position: -0.08104
BAD root_position: -0.08070
BAD root_position: -0.08041
BAD root_position: -0.08016
BAD root_position: -0.07999
BAD root_position: -0.07989
BAD root_position: -0.07988
BAD root_position: -0.07988
BAD root_position: -0.07988
BAD root_position: -0.07989
BAD root_position: -0.07989
BAD root_position: -0.07989
BAD root_position: -0.07990
BAD root_position: -0.07990
BAD root_position: -0.07990
BAD root_position: -0.07990
BAD root_position: -0.07990
BAD root_position: -0.07990
BAD root_position: -0.07991
BAD root_position: -0.07991
BAD root_position: -0.07991
BAD root_position: -0.07990
BAD root_position: -0.07990
BAD root_position: -0.07990
BAD root_position: -0.07990
BAD root_position: -0.07990
BAD root_position: -0.07990
BAD root_position: -0.07989
BAD root_position: -0.07989
BAD root_position: -0.07989
BAD root_position: -0.07988
BAD root_position: -0.07988
BAD root_position: -0.07988
BAD root_position: -0.07987
BAD root_position: -0.07987
BAD root_position: -0.07987
BAD root_position: -0.07986
BAD root_position: -0.07990
BAD root_position: -0.08003
BAD root_position: -0.08024
BAD root_position: -0.08050
BAD root_position: -0.08081
BAD root_position: -0.08116
BAD root_position: -0.08154
BAD root_position: -0.08192
BAD root_position: -0.08230
BAD root_position: -0.08266
BAD root_position: -0.08299
BAD root_position: -0.08327
BAD root_position: -0.08350
BAD root_position: -0.08366
BAD root_position: -0.08374
BAD root_position: -0.08374
BAD root_position: -0.08374
BAD root_position: -0.08375
BAD root_position: -0.08375
BAD root_position: -0.08375
BAD root_position: -0.08375
BAD root_position: -0.08375
BAD root_position: -0.08376
BAD root_position: -0.08370
BAD root_position: -0.08356
BAD root_position: -0.08335
BAD root_position: -0.08307
BAD root_position: -0.08275
BAD root_position: -0.08240
BAD root_position: -0.08203
BAD root_position: -0.08164
BAD root_position: -0.08127
BAD root_position: -0.08092
BAD root_position: -0.08059
BAD root_position: -0.08032
BAD root_position: -0.08010
BAD root_position: -0.07995
BAD root_position: -0.07989
BAD root_position: -0.07990
BAD root_position: -0.07990
BAD root_position: -0.07990
BAD root_position: -0.07990
BAD root_position: -0.07990
BAD root_position: -0.07990
BAD root_position: -0.07990
BAD root_position: -0.07990
BAD root_position: -0.07990
BAD root_position: -0.07990
BAD root_position: -0.07990
BAD root_position: -0.07990
BAD root_position: -0.07990
BAD root_position: -0.07990
BAD root_position: -0.07990
BAD root_position: -0.07989
BAD root_position: -0.07989
BAD root_position: -0.07989
BAD root_position: -0.07988
BAD root_position: -0.07988
BAD root_position: -0.07988
BAD root_position: -0.07987
BAD root_position: -0.07987
BAD root_position: -0.07986
BAD root_position: -0.07986
BAD root_position: -0.07985
BAD root_position: -0.07985
BAD root_position: -0.07984
BAD root_position: -0.07984
BAD root_position: -0.07983
BAD root_position: -0.07983
BAD root_position: -0.07989
BAD root_position: -0.08003
BAD root_position: -0.08024
BAD root_position: -0.08051
BAD root_position: -0.08082
BAD root_position: -0.08118
BAD root_position: -0.08155
BAD root_position: -0.08195
BAD root_position: -0.08234
BAD root_position: -0.08273
BAD root_position: -0.08309
BAD root_position: -0.08343
BAD root_position: -0.08371
BAD root_position: -0.08394
BAD root_position: -0.08410
BAD root_position: -0.08418
BAD root_position: -0.08423
BAD root_position: -0.08428
BAD root_position: -0.08433
BAD root_position: -0.08438
BAD root_position: -0.08443
BAD root_position: -0.08447
BAD root_position: -0.08452
BAD root_position: -0.08456
BAD root_position: -0.08454
BAD root_position: -0.08443
BAD root_position: -0.08424
BAD root_position: -0.08399
BAD root_position: -0.08369
BAD root_position: -0.08336
BAD root_position: -0.08299
BAD root_position: -0.08261
BAD root_position: -0.08222
BAD root_position: -0.08185
BAD root_position: -0.08150
BAD root_position: -0.08118
BAD root_position: -0.08091
BAD root_position: -0.08070
BAD root_position: -0.08056
BAD root_position: -0.08051
BAD root_position: -0.08048
BAD root_position: -0.08046
BAD root_position: -0.08043
BAD root_position: -0.08040
BAD root_position: -0.08036
BAD root_position: -0.08033
BAD root_position: -0.08029
BAD root_position: -0.08025
BAD root_position: -0.08020
BAD root_position: -0.08016
BAD root_position: -0.08011
BAD root_position: -0.08006
BAD root_position: -0.08002
BAD root_position: -0.07996
BAD root_position: -0.07991
BAD root_position: -0.07986
BAD root_position: -0.07981
BAD root_position: -0.07976
BAD root_position: -0.07971
BAD root_position: -0.07966
BAD root_position: -0.07961
BAD root_position: -0.07956
BAD root_position: -0.07951
BAD root_position: -0.07947
BAD root_position: -0.07943
BAD root_position: -0.07939
BAD root_position: -0.07935
BAD root_position: -0.07931
BAD root_position: -0.07928
BAD root_position: -0.07925
BAD root_position: -0.07923
BAD root_position: -0.07920
BAD root_position: -0.07924
BAD root_position: -0.07935
BAD root_position: -0.07952
BAD root_position: -0.07974
BAD root_position: -0.08001
BAD root_position: -0.08031
BAD root_position: -0.08064
BAD root_position: -0.08098
BAD root_position: -0.08133
BAD root_position: -0.08166
BAD root_position: -0.08198
BAD root_position: -0.08228
BAD root_position: -0.08253
BAD root_position: -0.08274
BAD root_position: -0.08288
BAD root_position: -0.08295
BAD root_position: -0.08300
BAD root_position: -0.08305
BAD root_position: -0.08310
BAD root_position: -0.08315
BAD root_position: -0.08321
BAD root_position: -0.08326
BAD root_position: -0.08332
BAD root_position: -0.08337
BAD root_position: -0.08333
BAD root_position: -0.08325
BAD root_position: -0.08309
BAD root_position: -0.08288
BAD root_position: -0.08262
BAD root_position: -0.08233
BAD root_position: -0.08201
BAD root_position: -0.08167
BAD root_position: -0.08133
BAD root_position: -0.08100
BAD root_position: -0.08069
BAD root_position: -0.08041
BAD root_position: -0.08017
BAD root_position: -0.07998
BAD root_position: -0.07987
BAD root_position: -0.07982
BAD root_position: -0.07981
BAD root_position: -0.07979
BAD root_position: -0.07977
BAD root_position: -0.07976
BAD root_position: -0.07975
BAD root_position: -0.07973
BAD root_position: -0.07972
BAD root_position: -0.07971
BAD root_position: -0.07970
BAD root_position: -0.07969
BAD root_position: -0.07968
BAD root_position: -0.07967
BAD root_position: -0.07966
BAD root_position: -0.07966
BAD root_position: -0.07965
BAD root_position: -0.07965
BAD root_position: -0.07964
BAD root_position: -0.07964
BAD root_position: -0.07964
BAD root_position: -0.07964
BAD root_position: -0.07964
BAD root_position: -0.07964
BAD root_position: -0.07964
BAD root_position: -0.07964
BAD root_position: -0.07963
BAD root_position: -0.07963
BAD root_position: -0.07963
BAD root_position: -0.07963
BAD root_position: -0.07963
BAD root_position: -0.07963
BAD root_position: -0.07963
BAD root_position: -0.07963
BAD root_position: -0.07970
BAD root_position: -0.07984
BAD root_position: -0.08005
BAD root_position: -0.08032
BAD root_position: -0.08063
BAD root_position: -0.08098
BAD root_position: -0.08136
BAD root_position: -0.08175
BAD root_position: -0.08214
BAD root_position: -0.08253
BAD root_position: -0.08289
BAD root_position: -0.08322
BAD root_position: -0.08351
BAD root_position: -0.08373
BAD root_position: -0.08389
BAD root_position: -0.08397
BAD root_position: -0.08402
BAD root_position: -0.08407
BAD root_position: -0.08412
BAD root_position: -0.08416
BAD root_position: -0.08421
BAD root_position: -0.08426
BAD root_position: -0.08430
BAD root_position: -0.08435
BAD root_position: -0.08432
BAD root_position: -0.08422
BAD root_position: -0.08403
BAD root_position: -0.08379
BAD root_position: -0.08349
BAD root_position: -0.08316
BAD root_position: -0.08280
BAD root_position: -0.08242
BAD root_position: -0.08205
BAD root_position: -0.08168
BAD root_position: -0.08133
BAD root_position: -0.08102
BAD root_position: -0.08076
BAD root_position: -0.08056
BAD root_position: -0.08043
BAD root_position: -0.08039
BAD root_position: -0.08037
BAD root_position: -0.08036
BAD root_position: -0.08034
BAD root_position: -0.08032
BAD root_position: -0.08029
BAD root_position: -0.08027
BAD root_position: -0.08024
BAD root_position: -0.08022
BAD root_position: -0.08019
BAD root_position: -0.08016
BAD root_position: -0.08012
BAD root_position: -0.08009
BAD root_position: -0.08005
BAD root_position: -0.08001
BAD root_position: -0.07997
BAD root_position: -0.07992
BAD root_position: -0.07988
BAD root_position: -0.07984
BAD root_position: -0.07979
BAD root_position: -0.07975
BAD root_position: -0.07971
BAD root_position: -0.07967
BAD root_position: -0.07962
BAD root_position: -0.07959
BAD root_position: -0.07955
BAD root_position: -0.07951
BAD root_position: -0.07948
BAD root_position: -0.07945
BAD root_position: -0.07942
BAD root_position: -0.07940
BAD root_position: -0.07937
BAD root_position: -0.07941
BAD root_position: -0.07953
BAD root_position: -0.07972
BAD root_position: -0.07996
BAD root_position: -0.08026
BAD root_position: -0.08058
BAD root_position: -0.08094
BAD root_position: -0.08130
BAD root_position: -0.08166
BAD root_position: -0.08202
BAD root_position: -0.08234
BAD root_position: -0.08263
BAD root_position: -0.08287
BAD root_position: -0.08305
BAD root_position: -0.08315
BAD root_position: -0.08319
BAD root_position: -0.08324
BAD root_position: -0.08330
BAD root_position: -0.08335
BAD root_position: -0.08341
BAD root_position: -0.08346
BAD root_position: -0.08352
BAD root_position: -0.08357
BAD root_position: -0.08355
BAD root_position: -0.08345
BAD root_position: -0.08328
BAD root_position: -0.08304
BAD root_position: -0.08276
BAD root_position: -0.08244
BAD root_position: -0.08210
BAD root_position: -0.08175
BAD root_position: -0.08140
BAD root_position: -0.08106
BAD root_position: -0.08076
BAD root_position: -0.08050
BAD root_position: -0.08029
BAD root_position: -0.08016
BAD root_position: -0.08011
BAD root_position: -0.08010
BAD root_position: -0.08009
BAD root_position: -0.08008
BAD root_position: -0.08007
BAD root_position: -0.08005
BAD root_position: -0.08004
BAD root_position: -0.08002
BAD root_position: -0.08001
BAD root_position: -0.07999
BAD root_position: -0.07997
BAD root_position: -0.07996
BAD root_position: -0.07994
BAD root_position: -0.07992
BAD root_position: -0.07990
BAD root_position: -0.07988
BAD root_position: -0.07986
BAD root_position: -0.07984
BAD root_position: -0.07982
BAD root_position: -0.07980
BAD root_position: -0.07977
BAD root_position: -0.07975
BAD root_position: -0.07973
BAD root_position: -0.07972
BAD root_position: -0.07970
BAD root_position: -0.07968
BAD root_position: -0.07966
BAD root_position: -0.07965
BAD root_position: -0.07963
BAD root_position: -0.07962
BAD root_position: -0.07960
BAD root_position: -0.07961
BAD root_position: -0.07970
BAD root_position: -0.07987
BAD root_position: -0.08012
BAD root_position: -0.08042
BAD root_position: -0.08077
BAD root_position: -0.08114
BAD root_position: -0.08154
BAD root_position: -0.08194
BAD root_position: -0.08234
BAD root_position: -0.08272
BAD root_position: -0.08306
BAD root_position: -0.08335
BAD root_position: -0.08358
BAD root_position: -0.08374
BAD root_position: -0.08380
BAD root_position: -0.08385
BAD root_position: -0.08390
BAD root_position: -0.08395
BAD root_position: -0.08399
BAD root_position: -0.08404
recorded 500 frames
avg lin_vel_x 0.0172
avg lin_vel_y 0.0099
avg yaw 0.0
computed xvel: 0.028, mean xvel: 0.0172
computed yvel: 0.021, mean yvel: 0.0099
computed thetavel: 0.056, mean thetavel: 0.0
DONE, saving 118_0.028_0.021_0.056.json
