<frozen importlib._bootstrap>:241: RuntimeWarning: to-Python converter for std::vector<Eigen::Matrix<double, 3, 1, 0, 3, 1>, std::allocator<Eigen::Matrix<double, 3, 1, 0, 3, 1> > > already registered; second conversion method ignored.
<frozen importlib._bootstrap>:241: RuntimeWarning: to-Python converter for boost::python::detail::container_element<std::vector<Eigen::Matrix<double, 3, 1, 0, 3, 1>, std::allocator<Eigen::Matrix<double, 3, 1, 0, 3, 1> > >, unsigned long, boost::python::detail::final_vector_derived_policies<std::vector<Eigen::Matrix<double, 3, 1, 0, 3, 1>, std::allocator<Eigen::Matrix<double, 3, 1, 0, 3, 1> > >, false> > already registered; second conversion method ignored.
<frozen importlib._bootstrap>:241: RuntimeWarning: to-Python converter for std::vector<int, std::allocator<int> > already registered; second conversion method ignored.
<frozen importlib._bootstrap>:241: RuntimeWarning: to-Python converter for std::vector<double, std::allocator<double> > already registered; second conversion method ignored.
<frozen importlib._bootstrap>:241: RuntimeWarning: to-Python converter for std::vector<std::__cxx11::basic_string<char, std::char_traits<char>, std::allocator<char> >, std::allocator<std::__cxx11::basic_string<char, std::char_traits<char>, std::allocator<char> > > > already registered; second conversion method ignored.
WARNING: Can't find trunk frames in the model, can't measure leg spacing
WARNING: Can't find head frames in the model, camera_look_at won't work
gait_parameters {'dx': 0.06, 'dy': 0.03, 'dtheta': 0.08, 'duration': 8, 'hardware': True, 'double_support_ratio': 0.8, 'startend_double_support_ratio': 1.5, 'planned_timesteps': 48, 'replan_timesteps': 10, 'walk_com_height': 0.445, 'walk_foot_height': 0.03, 'walk_trunk_pitch': -5.7, 'walk_foot_rise_ratio': 0.2, 'single_support_duration': 0.8, 'single_support_timesteps': 10, 'foot_length': 0.22, 'feet_spacing': 0.114, 'zmp_margin': 0.02, 'foot_zmp_target_x': 0.0, 'foot_zmp_target_y': 0.0, 'walk_max_dtheta': 1.0, 'walk_max_dy': 0.04, 'walk_max_dx_forward': 0.08, 'walk_max_dx_backward': 0.03, 'joints': ['leg_left_ankle_roll_joint', 'leg_left_ankle_pitch_joint', 'leg_left_knee_pitch_joint', 'leg_left_hip_pitch_joint', 'leg_left_hip_yaw_joint', 'leg_left_hip_roll_joint', 'leg_right_ankle_roll_joint', 'leg_right_ankle_pitch_joint', 'leg_right_knee_pitch_joint', 'leg_right_hip_pitch_joint', 'leg_right_hip_yaw_joint', 'leg_right_hip_roll_joint', 'left_wrist_attachment_joint', 'left_fore_arm_joint', 'left_upper_arm_joint', 'left_shoulder_joint', 'right_wrist_attachment_joint', 'right_fore_arm_joint', 'right_upper_arm_joint', 'right_shoulder_joint'], 'joint_angles': {'left_wrist_attachment_joint': 0, 'left_fore_arm_joint': -90, 'left_upper_arm_joint': 45, 'left_shoulder_joint': 0, 'right_wrist_attachment_joint': 0, 'right_fore_arm_joint': 90, 'right_upper_arm_joint': -45, 'right_shoulder_joint': 0}}
Placing the robot in the initial position...
Initial position reached
{'leg_left_ankle_roll_joint': 0.01584388550290149, 'leg_left_ankle_pitch_joint': -0.48018768396977884, 'leg_left_knee_pitch_joint': 0.9199625089334732, 'leg_left_hip_pitch_joint': -0.34077803808593077, 'leg_left_hip_yaw_joint': -0.05372380842346517, 'leg_left_hip_roll_joint': -0.0100509088049167, 'leg_right_ankle_roll_joint': 0.01644767503294647, 'leg_right_ankle_pitch_joint': -0.5056430441071701, 'leg_right_knee_pitch_joint': 1.003647743767113, 'leg_right_hip_pitch_joint': -0.39902329192382824, 'leg_right_hip_yaw_joint': -0.054192734499402144, 'leg_right_hip_roll_joint': -0.010439596298836604, 'left_wrist_attachment_joint': -0.05769878317501384, 'left_fore_arm_joint': -0.6841631487398613, 'left_upper_arm_joint': 0.7853981633887549, 'left_shoulder_joint': 6.8171344762031574e-12, 'right_wrist_attachment_joint': 0.0390623025013902, 'right_fore_arm_joint': 0.9739299521097291, 'right_upper_arm_joint': -0.7853981633871923, 'right_shoulder_joint': 6.213868999514203e-12}
## period: 2.88
BAD root_position: -0.07991
BAD root_position: -0.07991
BAD root_position: -0.07991
BAD root_position: -0.07991
BAD root_position: -0.07991
BAD root_position: -0.07991
BAD root_position: -0.07991
BAD root_position: -0.07991
BAD root_position: -0.07991
BAD root_position: -0.07991
BAD root_position: -0.07991
BAD root_position: -0.07991
BAD root_position: -0.07991
BAD root_position: -0.07991
BAD root_position: -0.07991
BAD root_position: -0.07991
BAD root_position: -0.07991
BAD root_position: -0.07991
BAD root_position: -0.07991
BAD root_position: -0.07991
BAD root_position: -0.07991
BAD root_position: -0.07991
BAD root_position: -0.07991
BAD root_position: -0.07991
BAD root_position: -0.07991
BAD root_position: -0.07991
BAD root_position: -0.07991
BAD root_position: -0.07991
BAD root_position: -0.07991
BAD root_position: -0.07991
BAD root_position: -0.07991
BAD root_position: -0.07991
BAD root_position: -0.07991
BAD root_position: -0.07991
BAD root_position: -0.07991
BAD root_position: -0.07991
BAD root_position: -0.07991
BAD root_position: -0.07991
BAD root_position: -0.07991
BAD root_position: -0.07990
BAD root_position: -0.07990
BAD root_position: -0.07990
BAD root_position: -0.07990
BAD root_position: -0.07990
BAD root_position: -0.07990
BAD root_position: -0.07990
BAD root_position: -0.07990
BAD root_position: -0.07990
BAD root_position: -0.07990
BAD root_position: -0.07990
BAD root_position: -0.07990
BAD root_position: -0.07990
BAD root_position: -0.07990
BAD root_position: -0.07989
BAD root_position: -0.07989
BAD root_position: -0.07989
BAD root_position: -0.07988
BAD root_position: -0.07988
BAD root_position: -0.07989
BAD root_position: -0.07998
BAD root_position: -0.08015
BAD root_position: -0.08039
BAD root_position: -0.08069
BAD root_position: -0.08102
BAD root_position: -0.08138
BAD root_position: -0.08176
BAD root_position: -0.08214
BAD root_position: -0.08251
BAD root_position: -0.08285
BAD root_position: -0.08315
BAD root_position: -0.08341
BAD root_position: -0.08360
BAD root_position: -0.08371
BAD root_position: -0.08373
BAD root_position: -0.08373
BAD root_position: -0.08373
BAD root_position: -0.08373
BAD root_position: -0.08373
BAD root_position: -0.08373
BAD root_position: -0.08373
BAD root_position: -0.08373
BAD root_position: -0.08371
BAD root_position: -0.08360
BAD root_position: -0.08342
BAD root_position: -0.08317
BAD root_position: -0.08287
BAD root_position: -0.08253
BAD root_position: -0.08216
BAD root_position: -0.08178
BAD root_position: -0.08140
BAD root_position: -0.08104
BAD root_position: -0.08070
BAD root_position: -0.08041
BAD root_position: -0.08016
BAD root_position: -0.07999
BAD root_position: -0.07989
BAD root_position: -0.07988
BAD root_position: -0.07988
BAD root_position: -0.07988
BAD root_position: -0.07989
BAD root_position: -0.07989
BAD root_position: -0.07989
BAD root_position: -0.07990
BAD root_position: -0.07990
BAD root_position: -0.07990
BAD root_position: -0.07990
BAD root_position: -0.07990
BAD root_position: -0.07990
BAD root_position: -0.07991
BAD root_position: -0.07991
BAD root_position: -0.07991
BAD root_position: -0.07990
BAD root_position: -0.07990
BAD root_position: -0.07990
BAD root_position: -0.07990
BAD root_position: -0.07990
BAD root_position: -0.07990
BAD root_position: -0.07989
BAD root_position: -0.07989
BAD root_position: -0.07989
BAD root_position: -0.07988
BAD root_position: -0.07988
BAD root_position: -0.07988
BAD root_position: -0.07987
BAD root_position: -0.07987
BAD root_position: -0.07987
BAD root_position: -0.07986
BAD root_position: -0.07990
BAD root_position: -0.08003
BAD root_position: -0.08024
BAD root_position: -0.08050
BAD root_position: -0.08082
BAD root_position: -0.08117
BAD root_position: -0.08154
BAD root_position: -0.08192
BAD root_position: -0.08230
BAD root_position: -0.08266
BAD root_position: -0.08299
BAD root_position: -0.08328
BAD root_position: -0.08351
BAD root_position: -0.08367
BAD root_position: -0.08374
BAD root_position: -0.08375
BAD root_position: -0.08375
BAD root_position: -0.08376
BAD root_position: -0.08376
BAD root_position: -0.08376
BAD root_position: -0.08376
BAD root_position: -0.08377
BAD root_position: -0.08377
BAD root_position: -0.08372
BAD root_position: -0.08358
BAD root_position: -0.08336
BAD root_position: -0.08309
BAD root_position: -0.08277
BAD root_position: -0.08241
BAD root_position: -0.08204
BAD root_position: -0.08166
BAD root_position: -0.08128
BAD root_position: -0.08093
BAD root_position: -0.08061
BAD root_position: -0.08033
BAD root_position: -0.08011
BAD root_position: -0.07997
BAD root_position: -0.07991
BAD root_position: -0.07991
BAD root_position: -0.07991
BAD root_position: -0.07991
BAD root_position: -0.07991
BAD root_position: -0.07991
BAD root_position: -0.07991
BAD root_position: -0.07991
BAD root_position: -0.07991
BAD root_position: -0.07991
BAD root_position: -0.07991
BAD root_position: -0.07990
BAD root_position: -0.07990
BAD root_position: -0.07990
BAD root_position: -0.07990
BAD root_position: -0.07989
BAD root_position: -0.07989
BAD root_position: -0.07989
BAD root_position: -0.07988
BAD root_position: -0.07988
BAD root_position: -0.07987
BAD root_position: -0.07987
BAD root_position: -0.07986
BAD root_position: -0.07986
BAD root_position: -0.07985
BAD root_position: -0.07984
BAD root_position: -0.07984
BAD root_position: -0.07983
BAD root_position: -0.07983
BAD root_position: -0.07982
BAD root_position: -0.07982
BAD root_position: -0.07981
BAD root_position: -0.07987
BAD root_position: -0.08001
BAD root_position: -0.08023
BAD root_position: -0.08050
BAD root_position: -0.08082
BAD root_position: -0.08118
BAD root_position: -0.08156
BAD root_position: -0.08196
BAD root_position: -0.08237
BAD root_position: -0.08277
BAD root_position: -0.08314
BAD root_position: -0.08349
BAD root_position: -0.08379
BAD root_position: -0.08404
BAD root_position: -0.08421
BAD root_position: -0.08430
BAD root_position: -0.08437
BAD root_position: -0.08443
BAD root_position: -0.08449
BAD root_position: -0.08456
BAD root_position: -0.08462
BAD root_position: -0.08467
BAD root_position: -0.08473
BAD root_position: -0.08478
BAD root_position: -0.08477
BAD root_position: -0.08467
BAD root_position: -0.08449
BAD root_position: -0.08424
BAD root_position: -0.08394
BAD root_position: -0.08360
BAD root_position: -0.08322
BAD root_position: -0.08284
BAD root_position: -0.08244
BAD root_position: -0.08206
BAD root_position: -0.08170
BAD root_position: -0.08137
BAD root_position: -0.08109
BAD root_position: -0.08087
BAD root_position: -0.08073
BAD root_position: -0.08067
BAD root_position: -0.08063
BAD root_position: -0.08060
BAD root_position: -0.08056
BAD root_position: -0.08052
BAD root_position: -0.08047
BAD root_position: -0.08043
BAD root_position: -0.08038
BAD root_position: -0.08032
BAD root_position: -0.08027
BAD root_position: -0.08021
BAD root_position: -0.08015
BAD root_position: -0.08009
BAD root_position: -0.08003
BAD root_position: -0.07996
BAD root_position: -0.07990
BAD root_position: -0.07983
BAD root_position: -0.07977
BAD root_position: -0.07971
BAD root_position: -0.07964
BAD root_position: -0.07958
BAD root_position: -0.07952
BAD root_position: -0.07946
BAD root_position: -0.07940
BAD root_position: -0.07935
BAD root_position: -0.07930
BAD root_position: -0.07925
BAD root_position: -0.07920
BAD root_position: -0.07916
BAD root_position: -0.07912
BAD root_position: -0.07909
BAD root_position: -0.07906
BAD root_position: -0.07903
BAD root_position: -0.07906
BAD root_position: -0.07916
BAD root_position: -0.07933
BAD root_position: -0.07954
BAD root_position: -0.07980
BAD root_position: -0.08009
BAD root_position: -0.08041
BAD root_position: -0.08074
BAD root_position: -0.08108
BAD root_position: -0.08142
BAD root_position: -0.08173
BAD root_position: -0.08203
BAD root_position: -0.08228
BAD root_position: -0.08249
BAD root_position: -0.08264
BAD root_position: -0.08272
BAD root_position: -0.08278
BAD root_position: -0.08284
BAD root_position: -0.08291
BAD root_position: -0.08297
BAD root_position: -0.08304
BAD root_position: -0.08311
BAD root_position: -0.08318
BAD root_position: -0.08324
BAD root_position: -0.08321
BAD root_position: -0.08313
BAD root_position: -0.08299
BAD root_position: -0.08279
BAD root_position: -0.08255
BAD root_position: -0.08226
BAD root_position: -0.08195
BAD root_position: -0.08162
BAD root_position: -0.08129
BAD root_position: -0.08096
BAD root_position: -0.08065
BAD root_position: -0.08037
BAD root_position: -0.08014
BAD root_position: -0.07995
BAD root_position: -0.07983
BAD root_position: -0.07979
BAD root_position: -0.07977
BAD root_position: -0.07975
BAD root_position: -0.07973
BAD root_position: -0.07971
BAD root_position: -0.07969
BAD root_position: -0.07968
BAD root_position: -0.07966
BAD root_position: -0.07965
BAD root_position: -0.07964
BAD root_position: -0.07963
BAD root_position: -0.07962
BAD root_position: -0.07961
BAD root_position: -0.07960
BAD root_position: -0.07959
BAD root_position: -0.07959
BAD root_position: -0.07959
BAD root_position: -0.07958
BAD root_position: -0.07958
BAD root_position: -0.07958
BAD root_position: -0.07958
BAD root_position: -0.07958
BAD root_position: -0.07959
BAD root_position: -0.07959
BAD root_position: -0.07959
BAD root_position: -0.07958
BAD root_position: -0.07959
BAD root_position: -0.07959
BAD root_position: -0.07959
BAD root_position: -0.07960
BAD root_position: -0.07960
BAD root_position: -0.07960
BAD root_position: -0.07961
BAD root_position: -0.07967
BAD root_position: -0.07982
BAD root_position: -0.08003
BAD root_position: -0.08031
BAD root_position: -0.08063
BAD root_position: -0.08099
BAD root_position: -0.08137
BAD root_position: -0.08177
BAD root_position: -0.08218
BAD root_position: -0.08258
BAD root_position: -0.08295
BAD root_position: -0.08330
BAD root_position: -0.08360
BAD root_position: -0.08384
BAD root_position: -0.08402
BAD root_position: -0.08411
BAD root_position: -0.08417
BAD root_position: -0.08424
BAD root_position: -0.08430
BAD root_position: -0.08436
BAD root_position: -0.08442
BAD root_position: -0.08448
BAD root_position: -0.08454
BAD root_position: -0.08460
BAD root_position: -0.08458
BAD root_position: -0.08448
BAD root_position: -0.08430
BAD root_position: -0.08406
BAD root_position: -0.08376
BAD root_position: -0.08343
BAD root_position: -0.08306
BAD root_position: -0.08268
BAD root_position: -0.08230
BAD root_position: -0.08192
BAD root_position: -0.08157
BAD root_position: -0.08125
BAD root_position: -0.08097
BAD root_position: -0.08076
BAD root_position: -0.08063
BAD root_position: -0.08057
BAD root_position: -0.08055
BAD root_position: -0.08053
BAD root_position: -0.08050
BAD root_position: -0.08047
BAD root_position: -0.08044
BAD root_position: -0.08040
BAD root_position: -0.08036
BAD root_position: -0.08032
BAD root_position: -0.08028
BAD root_position: -0.08024
BAD root_position: -0.08019
BAD root_position: -0.08014
BAD root_position: -0.08008
BAD root_position: -0.08003
BAD root_position: -0.07997
BAD root_position: -0.07991
BAD root_position: -0.07985
BAD root_position: -0.07979
BAD root_position: -0.07973
BAD root_position: -0.07967
BAD root_position: -0.07961
BAD root_position: -0.07956
BAD root_position: -0.07950
BAD root_position: -0.07945
BAD root_position: -0.07940
BAD root_position: -0.07936
BAD root_position: -0.07932
BAD root_position: -0.07928
BAD root_position: -0.07924
BAD root_position: -0.07921
BAD root_position: -0.07918
BAD root_position: -0.07921
BAD root_position: -0.07932
BAD root_position: -0.07950
BAD root_position: -0.07974
BAD root_position: -0.08002
BAD root_position: -0.08034
BAD root_position: -0.08068
BAD root_position: -0.08103
BAD root_position: -0.08139
BAD root_position: -0.08174
BAD root_position: -0.08206
BAD root_position: -0.08235
BAD root_position: -0.08259
BAD root_position: -0.08278
BAD root_position: -0.08288
BAD root_position: -0.08294
BAD root_position: -0.08301
BAD root_position: -0.08307
BAD root_position: -0.08314
BAD root_position: -0.08321
BAD root_position: -0.08328
BAD root_position: -0.08335
BAD root_position: -0.08341
BAD root_position: -0.08341
BAD root_position: -0.08333
BAD root_position: -0.08317
BAD root_position: -0.08295
BAD root_position: -0.08268
BAD root_position: -0.08237
BAD root_position: -0.08204
BAD root_position: -0.08170
BAD root_position: -0.08136
BAD root_position: -0.08103
BAD root_position: -0.08074
BAD root_position: -0.08048
BAD root_position: -0.08028
BAD root_position: -0.08015
BAD root_position: -0.08010
BAD root_position: -0.08009
BAD root_position: -0.08008
BAD root_position: -0.08007
BAD root_position: -0.08006
BAD root_position: -0.08004
BAD root_position: -0.08003
BAD root_position: -0.08002
BAD root_position: -0.08000
BAD root_position: -0.07999
BAD root_position: -0.07997
BAD root_position: -0.07995
BAD root_position: -0.07994
BAD root_position: -0.07992
BAD root_position: -0.07990
BAD root_position: -0.07988
BAD root_position: -0.07986
BAD root_position: -0.07984
BAD root_position: -0.07982
BAD root_position: -0.07980
BAD root_position: -0.07978
BAD root_position: -0.07976
BAD root_position: -0.07974
BAD root_position: -0.07972
BAD root_position: -0.07971
BAD root_position: -0.07969
BAD root_position: -0.07967
BAD root_position: -0.07966
BAD root_position: -0.07964
BAD root_position: -0.07963
BAD root_position: -0.07962
BAD root_position: -0.07962
BAD root_position: -0.07971
BAD root_position: -0.07989
BAD root_position: -0.08014
BAD root_position: -0.08045
BAD root_position: -0.08080
BAD root_position: -0.08119
BAD root_position: -0.08159
BAD root_position: -0.08201
BAD root_position: -0.08242
BAD root_position: -0.08281
BAD root_position: -0.08317
BAD root_position: -0.08348
BAD root_position: -0.08372
BAD root_position: -0.08389
BAD root_position: -0.08398
BAD root_position: -0.08404
BAD root_position: -0.08410
BAD root_position: -0.08416
BAD root_position: -0.08423
BAD root_position: -0.08429
recorded 500 frames
avg lin_vel_x 0.0213
avg lin_vel_y 0.0083
avg yaw 0.0
computed xvel: 0.042, mean xvel: 0.0213
computed yvel: 0.021, mean yvel: 0.0083
computed thetavel: 0.056, mean thetavel: 0.0
DONE, saving 119_0.042_0.021_0.056.json
