<frozen importlib._bootstrap>:241: RuntimeWarning: to-Python converter for std::vector<Eigen::Matrix<double, 3, 1, 0, 3, 1>, std::allocator<Eigen::Matrix<double, 3, 1, 0, 3, 1> > > already registered; second conversion method ignored.
<frozen importlib._bootstrap>:241: RuntimeWarning: to-Python converter for boost::python::detail::container_element<std::vector<Eigen::Matrix<double, 3, 1, 0, 3, 1>, std::allocator<Eigen::Matrix<double, 3, 1, 0, 3, 1> > >, unsigned long, boost::python::detail::final_vector_derived_policies<std::vector<Eigen::Matrix<double, 3, 1, 0, 3, 1>, std::allocator<Eigen::Matrix<double, 3, 1, 0, 3, 1> > >, false> > already registered; second conversion method ignored.
<frozen importlib._bootstrap>:241: RuntimeWarning: to-Python converter for std::vector<int, std::allocator<int> > already registered; second conversion method ignored.
<frozen importlib._bootstrap>:241: RuntimeWarning: to-Python converter for std::vector<double, std::allocator<double> > already registered; second conversion method ignored.
<frozen importlib._bootstrap>:241: RuntimeWarning: to-Python converter for std::vector<std::__cxx11::basic_string<char, std::char_traits<char>, std::allocator<char> >, std::allocator<std::__cxx11::basic_string<char, std::char_traits<char>, std::allocator<char> > > > already registered; second conversion method ignored.
WARNING: Can't find trunk frames in the model, can't measure leg spacing
WARNING: Can't find head frames in the model, camera_look_at won't work
gait_parameters {'dx': -0.04, 'dy': -0.03, 'dtheta': 0.15, 'duration': 8, 'hardware': True, 'double_support_ratio': 0.8, 'startend_double_support_ratio': 1.5, 'planned_timesteps': 48, 'replan_timesteps': 10, 'walk_com_height': 0.445, 'walk_foot_height': 0.03, 'walk_trunk_pitch': -5.7, 'walk_foot_rise_ratio': 0.2, 'single_support_duration': 0.8, 'single_support_timesteps': 10, 'foot_length': 0.22, 'feet_spacing': 0.114, 'zmp_margin': 0.02, 'foot_zmp_target_x': 0.0, 'foot_zmp_target_y': 0.0, 'walk_max_dtheta': 1.0, 'walk_max_dy': 0.04, 'walk_max_dx_forward': 0.08, 'walk_max_dx_backward': 0.03, 'joints': ['leg_left_ankle_roll_joint', 'leg_left_ankle_pitch_joint', 'leg_left_knee_pitch_joint', 'leg_left_hip_pitch_joint', 'leg_left_hip_yaw_joint', 'leg_left_hip_roll_joint', 'leg_right_ankle_roll_joint', 'leg_right_ankle_pitch_joint', 'leg_right_knee_pitch_joint', 'leg_right_hip_pitch_joint', 'leg_right_hip_yaw_joint', 'leg_right_hip_roll_joint', 'left_wrist_attachment_joint', 'left_fore_arm_joint', 'left_upper_arm_joint', 'left_shoulder_joint', 'right_wrist_attachment_joint', 'right_fore_arm_joint', 'right_upper_arm_joint', 'right_shoulder_joint'], 'joint_angles': {'left_wrist_attachment_joint': 0, 'left_fore_arm_joint': -90, 'left_upper_arm_joint': 45, 'left_shoulder_joint': 0, 'right_wrist_attachment_joint': 0, 'right_fore_arm_joint': 90, 'right_upper_arm_joint': -45, 'right_shoulder_joint': 0}}
Placing the robot in the initial position...
Initial position reached
{'leg_left_ankle_roll_joint': 0.014921543812953889, 'leg_left_ankle_pitch_joint': -0.485083172859922, 'leg_left_knee_pitch_joint': 0.9271799676468248, 'leg_left_hip_pitch_joint': -0.34306878470775215, 'leg_left_hip_yaw_joint': -0.05301033352748498, 'leg_left_hip_roll_joint': -0.00946554912937409, 'leg_right_ankle_roll_joint': 0.015511602206022166, 'leg_right_ankle_pitch_joint': -0.5100333348633013, 'leg_right_knee_pitch_joint': 1.0098216465935494, 'leg_right_hip_pitch_joint': -0.40077493934727176, 'leg_right_hip_yaw_joint': -0.0534686499704352, 'leg_right_hip_roll_joint': -0.009845492715254324, 'left_wrist_attachment_joint': -1.2789871690664714e-26, 'left_fore_arm_joint': -0.5862244055520347, 'left_upper_arm_joint': 0.785398163389427, 'left_shoulder_joint': 6.3685151309714205e-12, 'right_wrist_attachment_joint': 8.851004380212481e-30, 'right_fore_arm_joint': 1.2126327983548193, 'right_upper_arm_joint': -0.7853981633882208, 'right_shoulder_joint': 5.6495550430912886e-12}
## period: 2.88
BAD root_position: -0.07991
BAD root_position: -0.07991
BAD root_position: -0.07991
BAD root_position: -0.07991
BAD root_position: -0.07991
BAD root_position: -0.07991
BAD root_position: -0.07991
BAD root_position: -0.07991
BAD root_position: -0.07991
BAD root_position: -0.07991
BAD root_position: -0.07991
BAD root_position: -0.07991
BAD root_position: -0.07991
BAD root_position: -0.07991
BAD root_position: -0.07991
BAD root_position: -0.07991
BAD root_position: -0.07991
BAD root_position: -0.07991
BAD root_position: -0.07991
BAD root_position: -0.07991
BAD root_position: -0.07991
BAD root_position: -0.07991
BAD root_position: -0.07991
BAD root_position: -0.07991
BAD root_position: -0.07991
BAD root_position: -0.07991
BAD root_position: -0.07991
BAD root_position: -0.07991
BAD root_position: -0.07991
BAD root_position: -0.07991
BAD root_position: -0.07991
BAD root_position: -0.07991
BAD root_position: -0.07991
BAD root_position: -0.07991
BAD root_position: -0.07991
BAD root_position: -0.07991
BAD root_position: -0.07991
BAD root_position: -0.07991
BAD root_position: -0.07991
BAD root_position: -0.07990
BAD root_position: -0.07990
BAD root_position: -0.07990
BAD root_position: -0.07990
BAD root_position: -0.07990
BAD root_position: -0.07990
BAD root_position: -0.07990
BAD root_position: -0.07990
BAD root_position: -0.07990
BAD root_position: -0.07990
BAD root_position: -0.07990
BAD root_position: -0.07990
BAD root_position: -0.07990
BAD root_position: -0.07990
BAD root_position: -0.07989
BAD root_position: -0.07989
BAD root_position: -0.07989
BAD root_position: -0.07988
BAD root_position: -0.07988
BAD root_position: -0.07989
BAD root_position: -0.07998
BAD root_position: -0.08015
BAD root_position: -0.08039
BAD root_position: -0.08069
BAD root_position: -0.08102
BAD root_position: -0.08138
BAD root_position: -0.08176
BAD root_position: -0.08214
BAD root_position: -0.08251
BAD root_position: -0.08285
BAD root_position: -0.08315
BAD root_position: -0.08341
BAD root_position: -0.08360
BAD root_position: -0.08371
BAD root_position: -0.08373
BAD root_position: -0.08373
BAD root_position: -0.08373
BAD root_position: -0.08373
BAD root_position: -0.08373
BAD root_position: -0.08373
BAD root_position: -0.08373
BAD root_position: -0.08373
BAD root_position: -0.08371
BAD root_position: -0.08360
BAD root_position: -0.08342
BAD root_position: -0.08317
BAD root_position: -0.08287
BAD root_position: -0.08253
BAD root_position: -0.08216
BAD root_position: -0.08178
BAD root_position: -0.08140
BAD root_position: -0.08104
BAD root_position: -0.08070
BAD root_position: -0.08041
BAD root_position: -0.08016
BAD root_position: -0.07999
BAD root_position: -0.07989
BAD root_position: -0.07988
BAD root_position: -0.07988
BAD root_position: -0.07989
BAD root_position: -0.07989
BAD root_position: -0.07989
BAD root_position: -0.07989
BAD root_position: -0.07990
BAD root_position: -0.07990
BAD root_position: -0.07990
BAD root_position: -0.07990
BAD root_position: -0.07991
BAD root_position: -0.07991
BAD root_position: -0.07991
BAD root_position: -0.07991
BAD root_position: -0.07991
BAD root_position: -0.07991
BAD root_position: -0.07991
BAD root_position: -0.07990
BAD root_position: -0.07990
BAD root_position: -0.07990
BAD root_position: -0.07990
BAD root_position: -0.07990
BAD root_position: -0.07989
BAD root_position: -0.07989
BAD root_position: -0.07989
BAD root_position: -0.07988
BAD root_position: -0.07988
BAD root_position: -0.07988
BAD root_position: -0.07988
BAD root_position: -0.07987
BAD root_position: -0.07987
BAD root_position: -0.07991
BAD root_position: -0.08003
BAD root_position: -0.08023
BAD root_position: -0.08049
BAD root_position: -0.08079
BAD root_position: -0.08113
BAD root_position: -0.08148
BAD root_position: -0.08184
BAD root_position: -0.08219
BAD root_position: -0.08252
BAD root_position: -0.08282
BAD root_position: -0.08308
BAD root_position: -0.08327
BAD root_position: -0.08339
BAD root_position: -0.08344
BAD root_position: -0.08341
BAD root_position: -0.08338
BAD root_position: -0.08334
BAD root_position: -0.08331
BAD root_position: -0.08328
BAD root_position: -0.08325
BAD root_position: -0.08322
BAD root_position: -0.08319
BAD root_position: -0.08311
BAD root_position: -0.08295
BAD root_position: -0.08273
BAD root_position: -0.08245
BAD root_position: -0.08213
BAD root_position: -0.08179
BAD root_position: -0.08143
BAD root_position: -0.08106
BAD root_position: -0.08071
BAD root_position: -0.08038
BAD root_position: -0.08009
BAD root_position: -0.07984
BAD root_position: -0.07965
BAD root_position: -0.07953
BAD root_position: -0.07950
BAD root_position: -0.07952
BAD root_position: -0.07955
BAD root_position: -0.07958
BAD root_position: -0.07961
BAD root_position: -0.07965
BAD root_position: -0.07968
BAD root_position: -0.07972
BAD root_position: -0.07975
BAD root_position: -0.07979
BAD root_position: -0.07983
BAD root_position: -0.07986
BAD root_position: -0.07990
BAD root_position: -0.07994
BAD root_position: -0.07997
BAD root_position: -0.08001
BAD root_position: -0.08004
BAD root_position: -0.08008
BAD root_position: -0.08011
BAD root_position: -0.08014
BAD root_position: -0.08017
BAD root_position: -0.08019
BAD root_position: -0.08022
BAD root_position: -0.08024
BAD root_position: -0.08026
BAD root_position: -0.08028
BAD root_position: -0.08030
BAD root_position: -0.08032
BAD root_position: -0.08033
BAD root_position: -0.08034
BAD root_position: -0.08035
BAD root_position: -0.08036
BAD root_position: -0.08043
BAD root_position: -0.08058
BAD root_position: -0.08080
BAD root_position: -0.08107
BAD root_position: -0.08139
BAD root_position: -0.08174
BAD root_position: -0.08210
BAD root_position: -0.08247
BAD root_position: -0.08283
BAD root_position: -0.08318
BAD root_position: -0.08350
BAD root_position: -0.08377
BAD root_position: -0.08400
BAD root_position: -0.08415
BAD root_position: -0.08423
BAD root_position: -0.08423
BAD root_position: -0.08419
BAD root_position: -0.08415
BAD root_position: -0.08412
BAD root_position: -0.08408
BAD root_position: -0.08404
BAD root_position: -0.08400
BAD root_position: -0.08396
BAD root_position: -0.08393
BAD root_position: -0.08383
BAD root_position: -0.08365
BAD root_position: -0.08342
BAD root_position: -0.08312
BAD root_position: -0.08279
BAD root_position: -0.08243
BAD root_position: -0.08206
BAD root_position: -0.08168
BAD root_position: -0.08130
BAD root_position: -0.08094
BAD root_position: -0.08062
BAD root_position: -0.08033
BAD root_position: -0.08009
BAD root_position: -0.07992
BAD root_position: -0.07982
BAD root_position: -0.07980
BAD root_position: -0.07981
BAD root_position: -0.07983
BAD root_position: -0.07984
BAD root_position: -0.07986
BAD root_position: -0.07987
BAD root_position: -0.07988
BAD root_position: -0.07990
BAD root_position: -0.07991
BAD root_position: -0.07993
BAD root_position: -0.07994
BAD root_position: -0.07995
BAD root_position: -0.07997
BAD root_position: -0.07998
BAD root_position: -0.07999
BAD root_position: -0.08000
BAD root_position: -0.08001
BAD root_position: -0.08002
BAD root_position: -0.08003
BAD root_position: -0.08003
BAD root_position: -0.08004
BAD root_position: -0.08004
BAD root_position: -0.08005
BAD root_position: -0.08005
BAD root_position: -0.08005
BAD root_position: -0.08006
BAD root_position: -0.08006
BAD root_position: -0.08006
BAD root_position: -0.08006
BAD root_position: -0.08006
BAD root_position: -0.08005
BAD root_position: -0.08005
BAD root_position: -0.08005
BAD root_position: -0.08011
BAD root_position: -0.08025
BAD root_position: -0.08044
BAD root_position: -0.08069
BAD root_position: -0.08099
BAD root_position: -0.08131
BAD root_position: -0.08165
BAD root_position: -0.08199
BAD root_position: -0.08234
BAD root_position: -0.08266
BAD root_position: -0.08296
BAD root_position: -0.08322
BAD root_position: -0.08343
BAD root_position: -0.08358
BAD root_position: -0.08365
BAD root_position: -0.08365
BAD root_position: -0.08362
BAD root_position: -0.08359
BAD root_position: -0.08356
BAD root_position: -0.08353
BAD root_position: -0.08350
BAD root_position: -0.08347
BAD root_position: -0.08344
BAD root_position: -0.08341
BAD root_position: -0.08332
BAD root_position: -0.08316
BAD root_position: -0.08294
BAD root_position: -0.08268
BAD root_position: -0.08237
BAD root_position: -0.08204
BAD root_position: -0.08169
BAD root_position: -0.08134
BAD root_position: -0.08099
BAD root_position: -0.08066
BAD root_position: -0.08036
BAD root_position: -0.08009
BAD root_position: -0.07987
BAD root_position: -0.07972
BAD root_position: -0.07963
BAD root_position: -0.07961
BAD root_position: -0.07963
BAD root_position: -0.07965
BAD root_position: -0.07967
BAD root_position: -0.07969
BAD root_position: -0.07971
BAD root_position: -0.07974
BAD root_position: -0.07976
BAD root_position: -0.07978
BAD root_position: -0.07981
BAD root_position: -0.07983
BAD root_position: -0.07986
BAD root_position: -0.07989
BAD root_position: -0.07991
BAD root_position: -0.07994
BAD root_position: -0.07997
BAD root_position: -0.07999
BAD root_position: -0.08002
BAD root_position: -0.08004
BAD root_position: -0.08006
BAD root_position: -0.08008
BAD root_position: -0.08010
BAD root_position: -0.08012
BAD root_position: -0.08014
BAD root_position: -0.08015
BAD root_position: -0.08017
BAD root_position: -0.08018
BAD root_position: -0.08019
BAD root_position: -0.08020
BAD root_position: -0.08020
BAD root_position: -0.08021
BAD root_position: -0.08022
BAD root_position: -0.08022
BAD root_position: -0.08029
BAD root_position: -0.08043
BAD root_position: -0.08064
BAD root_position: -0.08091
BAD root_position: -0.08122
BAD root_position: -0.08156
BAD root_position: -0.08191
BAD root_position: -0.08228
BAD root_position: -0.08264
BAD root_position: -0.08298
BAD root_position: -0.08329
BAD root_position: -0.08356
BAD root_position: -0.08378
BAD root_position: -0.08394
BAD root_position: -0.08402
BAD root_position: -0.08401
BAD root_position: -0.08398
BAD root_position: -0.08394
BAD root_position: -0.08391
BAD root_position: -0.08387
BAD root_position: -0.08383
BAD root_position: -0.08380
BAD root_position: -0.08376
BAD root_position: -0.08372
BAD root_position: -0.08363
BAD root_position: -0.08346
BAD root_position: -0.08322
BAD root_position: -0.08293
BAD root_position: -0.08260
BAD root_position: -0.08225
BAD root_position: -0.08188
BAD root_position: -0.08150
BAD root_position: -0.08113
BAD root_position: -0.08078
BAD root_position: -0.08046
BAD root_position: -0.08018
BAD root_position: -0.07994
BAD root_position: -0.07977
BAD root_position: -0.07968
BAD root_position: -0.07966
BAD root_position: -0.07968
BAD root_position: -0.07970
BAD root_position: -0.07971
BAD root_position: -0.07973
BAD root_position: -0.07975
BAD root_position: -0.07977
BAD root_position: -0.07979
BAD root_position: -0.07981
BAD root_position: -0.07983
BAD root_position: -0.07985
BAD root_position: -0.07988
BAD root_position: -0.07990
BAD root_position: -0.07992
BAD root_position: -0.07994
BAD root_position: -0.07996
BAD root_position: -0.07998
BAD root_position: -0.08000
BAD root_position: -0.08002
BAD root_position: -0.08004
BAD root_position: -0.08006
BAD root_position: -0.08007
BAD root_position: -0.08009
BAD root_position: -0.08010
BAD root_position: -0.08012
BAD root_position: -0.08013
BAD root_position: -0.08014
BAD root_position: -0.08015
BAD root_position: -0.08016
BAD root_position: -0.08016
BAD root_position: -0.08017
BAD root_position: -0.08017
BAD root_position: -0.08024
BAD root_position: -0.08039
BAD root_position: -0.08061
BAD root_position: -0.08088
BAD root_position: -0.08120
BAD root_position: -0.08155
BAD root_position: -0.08192
BAD root_position: -0.08229
BAD root_position: -0.08264
BAD root_position: -0.08298
BAD root_position: -0.08328
BAD root_position: -0.08353
BAD root_position: -0.08372
BAD root_position: -0.08383
BAD root_position: -0.08386
BAD root_position: -0.08383
BAD root_position: -0.08380
BAD root_position: -0.08377
BAD root_position: -0.08374
BAD root_position: -0.08371
BAD root_position: -0.08368
BAD root_position: -0.08365
BAD root_position: -0.08362
BAD root_position: -0.08352
BAD root_position: -0.08334
BAD root_position: -0.08310
BAD root_position: -0.08280
BAD root_position: -0.08247
BAD root_position: -0.08211
BAD root_position: -0.08174
BAD root_position: -0.08136
BAD root_position: -0.08100
BAD root_position: -0.08067
BAD root_position: -0.08037
BAD root_position: -0.08012
BAD root_position: -0.07993
BAD root_position: -0.07981
BAD root_position: -0.07978
BAD root_position: -0.07979
BAD root_position: -0.07981
BAD root_position: -0.07982
BAD root_position: -0.07983
BAD root_position: -0.07985
BAD root_position: -0.07986
BAD root_position: -0.07988
BAD root_position: -0.07989
BAD root_position: -0.07991
BAD root_position: -0.07992
BAD root_position: -0.07993
BAD root_position: -0.07995
BAD root_position: -0.07996
BAD root_position: -0.07997
BAD root_position: -0.07998
BAD root_position: -0.07999
BAD root_position: -0.08000
BAD root_position: -0.08001
BAD root_position: -0.08002
BAD root_position: -0.08002
BAD root_position: -0.08003
BAD root_position: -0.08003
BAD root_position: -0.08003
BAD root_position: -0.08004
BAD root_position: -0.08004
BAD root_position: -0.08004
BAD root_position: -0.08004
BAD root_position: -0.08004
BAD root_position: -0.08004
BAD root_position: -0.08004
BAD root_position: -0.08006
BAD root_position: -0.08016
BAD root_position: -0.08034
BAD root_position: -0.08059
BAD root_position: -0.08089
BAD root_position: -0.08123
BAD root_position: -0.08160
BAD root_position: -0.08198
BAD root_position: -0.08235
BAD root_position: -0.08271
BAD root_position: -0.08304
BAD root_position: -0.08333
BAD root_position: -0.08356
BAD root_position: -0.08372
BAD root_position: -0.08380
BAD root_position: -0.08379
BAD root_position: -0.08376
BAD root_position: -0.08372
BAD root_position: -0.08369
BAD root_position: -0.08365
BAD root_position: -0.08361
recorded 500 frames
avg lin_vel_x -0.0076
avg lin_vel_y -0.0135
avg yaw 0.0
computed xvel: -0.028, mean xvel: -0.0076
computed yvel: -0.021, mean yvel: -0.0135
computed thetavel: 0.104, mean thetavel: 0.0
DONE, saving 120_-0.028_-0.021_0.104.json
