<frozen importlib._bootstrap>:241: RuntimeWarning: to-Python converter for std::vector<Eigen::Matrix<double, 3, 1, 0, 3, 1>, std::allocator<Eigen::Matrix<double, 3, 1, 0, 3, 1> > > already registered; second conversion method ignored.
<frozen importlib._bootstrap>:241: RuntimeWarning: to-Python converter for boost::python::detail::container_element<std::vector<Eigen::Matrix<double, 3, 1, 0, 3, 1>, std::allocator<Eigen::Matrix<double, 3, 1, 0, 3, 1> > >, unsigned long, boost::python::detail::final_vector_derived_policies<std::vector<Eigen::Matrix<double, 3, 1, 0, 3, 1>, std::allocator<Eigen::Matrix<double, 3, 1, 0, 3, 1> > >, false> > already registered; second conversion method ignored.
<frozen importlib._bootstrap>:241: RuntimeWarning: to-Python converter for std::vector<int, std::allocator<int> > already registered; second conversion method ignored.
<frozen importlib._bootstrap>:241: RuntimeWarning: to-Python converter for std::vector<double, std::allocator<double> > already registered; second conversion method ignored.
<frozen importlib._bootstrap>:241: RuntimeWarning: to-Python converter for std::vector<std::__cxx11::basic_string<char, std::char_traits<char>, std::allocator<char> >, std::allocator<std::__cxx11::basic_string<char, std::char_traits<char>, std::allocator<char> > > > already registered; second conversion method ignored.
WARNING: Can't find trunk frames in the model, can't measure leg spacing
WARNING: Can't find head frames in the model, camera_look_at won't work
gait_parameters {'dx': -0.02, 'dy': -0.03, 'dtheta': 0.15, 'duration': 8, 'hardware': True, 'double_support_ratio': 0.8, 'startend_double_support_ratio': 1.5, 'planned_timesteps': 48, 'replan_timesteps': 10, 'walk_com_height': 0.445, 'walk_foot_height': 0.03, 'walk_trunk_pitch': -5.7, 'walk_foot_rise_ratio': 0.2, 'single_support_duration': 0.8, 'single_support_timesteps': 10, 'foot_length': 0.22, 'feet_spacing': 0.114, 'zmp_margin': 0.02, 'foot_zmp_target_x': 0.0, 'foot_zmp_target_y': 0.0, 'walk_max_dtheta': 1.0, 'walk_max_dy': 0.04, 'walk_max_dx_forward': 0.08, 'walk_max_dx_backward': 0.03, 'joints': ['leg_left_ankle_roll_joint', 'leg_left_ankle_pitch_joint', 'leg_left_knee_pitch_joint', 'leg_left_hip_pitch_joint', 'leg_left_hip_yaw_joint', 'leg_left_hip_roll_joint', 'leg_right_ankle_roll_joint', 'leg_right_ankle_pitch_joint', 'leg_right_knee_pitch_joint', 'leg_right_hip_pitch_joint', 'leg_right_hip_yaw_joint', 'leg_right_hip_roll_joint', 'left_wrist_attachment_joint', 'left_fore_arm_joint', 'left_upper_arm_joint', 'left_shoulder_joint', 'right_wrist_attachment_joint', 'right_fore_arm_joint', 'right_upper_arm_joint', 'right_shoulder_joint'], 'joint_angles': {'left_wrist_attachment_joint': 0, 'left_fore_arm_joint': -90, 'left_upper_arm_joint': 45, 'left_shoulder_joint': 0, 'right_wrist_attachment_joint': 0, 'right_fore_arm_joint': 90, 'right_upper_arm_joint': -45, 'right_shoulder_joint': 0}}
Placing the robot in the initial position...
Initial position reached
{'leg_left_ankle_roll_joint': 0.015702672574873903, 'leg_left_ankle_pitch_joint': -0.4841390690890913, 'leg_left_knee_pitch_joint': 0.9275722359194973, 'leg_left_hip_pitch_joint': -0.34443157240718764, 'leg_left_hip_yaw_joint': -0.0536145747332712, 'leg_left_hip_roll_joint': -0.009961285808555462, 'leg_right_ankle_roll_joint': 0.01630508333918303, 'leg_right_ankle_pitch_joint': -0.5092523732776354, 'leg_right_knee_pitch_joint': 1.010604156148395, 'leg_right_hip_pitch_joint': -0.4023654780752901, 'leg_right_hip_yaw_joint': -0.05408243614556319, 'leg_right_hip_roll_joint': -0.010349093679806066, 'left_wrist_attachment_joint': -1.7014154990791554e-26, 'left_fore_arm_joint': -0.7243591216663492, 'left_upper_arm_joint': 0.7853981633891167, 'left_shoulder_joint': 6.5516299806693845e-12, 'right_wrist_attachment_joint': 0.0757910205316646, 'right_fore_arm_joint': 1.0647505359307137, 'right_upper_arm_joint': -0.7853981633876768, 'right_shoulder_joint': 5.948307454768477e-12}
## period: 2.88
BAD root_position: -0.07991
BAD root_position: -0.07991
BAD root_position: -0.07991
BAD root_position: -0.07991
BAD root_position: -0.07991
BAD root_position: -0.07991
BAD root_position: -0.07991
BAD root_position: -0.07991
BAD root_position: -0.07991
BAD root_position: -0.07991
BAD root_position: -0.07991
BAD root_position: -0.07991
BAD root_position: -0.07991
BAD root_position: -0.07991
BAD root_position: -0.07991
BAD root_position: -0.07991
BAD root_position: -0.07991
BAD root_position: -0.07991
BAD root_position: -0.07991
BAD root_position: -0.07991
BAD root_position: -0.07991
BAD root_position: -0.07991
BAD root_position: -0.07991
BAD root_position: -0.07991
BAD root_position: -0.07991
BAD root_position: -0.07991
BAD root_position: -0.07991
BAD root_position: -0.07991
BAD root_position: -0.07991
BAD root_position: -0.07991
BAD root_position: -0.07991
BAD root_position: -0.07991
BAD root_position: -0.07991
BAD root_position: -0.07991
BAD root_position: -0.07991
BAD root_position: -0.07991
BAD root_position: -0.07991
BAD root_position: -0.07991
BAD root_position: -0.07991
BAD root_position: -0.07990
BAD root_position: -0.07990
BAD root_position: -0.07990
BAD root_position: -0.07990
BAD root_position: -0.07990
BAD root_position: -0.07990
BAD root_position: -0.07990
BAD root_position: -0.07990
BAD root_position: -0.07990
BAD root_position: -0.07990
BAD root_position: -0.07990
BAD root_position: -0.07990
BAD root_position: -0.07990
BAD root_position: -0.07990
BAD root_position: -0.07989
BAD root_position: -0.07989
BAD root_position: -0.07989
BAD root_position: -0.07988
BAD root_position: -0.07988
BAD root_position: -0.07989
BAD root_position: -0.07998
BAD root_position: -0.08015
BAD root_position: -0.08039
BAD root_position: -0.08069
BAD root_position: -0.08102
BAD root_position: -0.08138
BAD root_position: -0.08176
BAD root_position: -0.08214
BAD root_position: -0.08251
BAD root_position: -0.08285
BAD root_position: -0.08315
BAD root_position: -0.08341
BAD root_position: -0.08360
BAD root_position: -0.08371
BAD root_position: -0.08373
BAD root_position: -0.08373
BAD root_position: -0.08373
BAD root_position: -0.08373
BAD root_position: -0.08373
BAD root_position: -0.08373
BAD root_position: -0.08373
BAD root_position: -0.08373
BAD root_position: -0.08371
BAD root_position: -0.08360
BAD root_position: -0.08342
BAD root_position: -0.08317
BAD root_position: -0.08287
BAD root_position: -0.08253
BAD root_position: -0.08216
BAD root_position: -0.08178
BAD root_position: -0.08140
BAD root_position: -0.08104
BAD root_position: -0.08070
BAD root_position: -0.08041
BAD root_position: -0.08016
BAD root_position: -0.07999
BAD root_position: -0.07989
BAD root_position: -0.07988
BAD root_position: -0.07988
BAD root_position: -0.07989
BAD root_position: -0.07989
BAD root_position: -0.07989
BAD root_position: -0.07989
BAD root_position: -0.07990
BAD root_position: -0.07990
BAD root_position: -0.07990
BAD root_position: -0.07990
BAD root_position: -0.07991
BAD root_position: -0.07991
BAD root_position: -0.07991
BAD root_position: -0.07991
BAD root_position: -0.07991
BAD root_position: -0.07991
BAD root_position: -0.07991
BAD root_position: -0.07990
BAD root_position: -0.07990
BAD root_position: -0.07990
BAD root_position: -0.07990
BAD root_position: -0.07990
BAD root_position: -0.07989
BAD root_position: -0.07989
BAD root_position: -0.07989
BAD root_position: -0.07988
BAD root_position: -0.07988
BAD root_position: -0.07988
BAD root_position: -0.07987
BAD root_position: -0.07987
BAD root_position: -0.07987
BAD root_position: -0.07991
BAD root_position: -0.08003
BAD root_position: -0.08023
BAD root_position: -0.08049
BAD root_position: -0.08080
BAD root_position: -0.08114
BAD root_position: -0.08149
BAD root_position: -0.08186
BAD root_position: -0.08222
BAD root_position: -0.08255
BAD root_position: -0.08286
BAD root_position: -0.08312
BAD root_position: -0.08332
BAD root_position: -0.08345
BAD root_position: -0.08350
BAD root_position: -0.08348
BAD root_position: -0.08345
BAD root_position: -0.08343
BAD root_position: -0.08340
BAD root_position: -0.08338
BAD root_position: -0.08336
BAD root_position: -0.08333
BAD root_position: -0.08331
BAD root_position: -0.08323
BAD root_position: -0.08308
BAD root_position: -0.08286
BAD root_position: -0.08258
BAD root_position: -0.08226
BAD root_position: -0.08191
BAD root_position: -0.08155
BAD root_position: -0.08118
BAD root_position: -0.08083
BAD root_position: -0.08050
BAD root_position: -0.08020
BAD root_position: -0.07994
BAD root_position: -0.07975
BAD root_position: -0.07963
BAD root_position: -0.07959
BAD root_position: -0.07961
BAD root_position: -0.07964
BAD root_position: -0.07966
BAD root_position: -0.07969
BAD root_position: -0.07972
BAD root_position: -0.07975
BAD root_position: -0.07977
BAD root_position: -0.07980
BAD root_position: -0.07983
BAD root_position: -0.07986
BAD root_position: -0.07989
BAD root_position: -0.07992
BAD root_position: -0.07995
BAD root_position: -0.07998
BAD root_position: -0.08001
BAD root_position: -0.08003
BAD root_position: -0.08006
BAD root_position: -0.08008
BAD root_position: -0.08010
BAD root_position: -0.08012
BAD root_position: -0.08014
BAD root_position: -0.08016
BAD root_position: -0.08017
BAD root_position: -0.08019
BAD root_position: -0.08020
BAD root_position: -0.08021
BAD root_position: -0.08022
BAD root_position: -0.08023
BAD root_position: -0.08023
BAD root_position: -0.08024
BAD root_position: -0.08025
BAD root_position: -0.08031
BAD root_position: -0.08046
BAD root_position: -0.08067
BAD root_position: -0.08094
BAD root_position: -0.08125
BAD root_position: -0.08159
BAD root_position: -0.08195
BAD root_position: -0.08232
BAD root_position: -0.08268
BAD root_position: -0.08303
BAD root_position: -0.08334
BAD root_position: -0.08362
BAD root_position: -0.08384
BAD root_position: -0.08400
BAD root_position: -0.08409
BAD root_position: -0.08409
BAD root_position: -0.08405
BAD root_position: -0.08402
BAD root_position: -0.08399
BAD root_position: -0.08396
BAD root_position: -0.08392
BAD root_position: -0.08389
BAD root_position: -0.08386
BAD root_position: -0.08382
BAD root_position: -0.08373
BAD root_position: -0.08356
BAD root_position: -0.08333
BAD root_position: -0.08304
BAD root_position: -0.08272
BAD root_position: -0.08236
BAD root_position: -0.08199
BAD root_position: -0.08161
BAD root_position: -0.08124
BAD root_position: -0.08089
BAD root_position: -0.08056
BAD root_position: -0.08028
BAD root_position: -0.08004
BAD root_position: -0.07987
BAD root_position: -0.07977
BAD root_position: -0.07976
BAD root_position: -0.07977
BAD root_position: -0.07979
BAD root_position: -0.07980
BAD root_position: -0.07982
BAD root_position: -0.07983
BAD root_position: -0.07985
BAD root_position: -0.07986
BAD root_position: -0.07988
BAD root_position: -0.07990
BAD root_position: -0.07991
BAD root_position: -0.07993
BAD root_position: -0.07994
BAD root_position: -0.07996
BAD root_position: -0.07997
BAD root_position: -0.07998
BAD root_position: -0.08000
BAD root_position: -0.08001
BAD root_position: -0.08002
BAD root_position: -0.08003
BAD root_position: -0.08004
BAD root_position: -0.08005
BAD root_position: -0.08006
BAD root_position: -0.08007
BAD root_position: -0.08007
BAD root_position: -0.08008
BAD root_position: -0.08008
BAD root_position: -0.08008
BAD root_position: -0.08009
BAD root_position: -0.08009
BAD root_position: -0.08009
BAD root_position: -0.08009
BAD root_position: -0.08009
BAD root_position: -0.08015
BAD root_position: -0.08029
BAD root_position: -0.08049
BAD root_position: -0.08075
BAD root_position: -0.08105
BAD root_position: -0.08137
BAD root_position: -0.08172
BAD root_position: -0.08207
BAD root_position: -0.08242
BAD root_position: -0.08276
BAD root_position: -0.08306
BAD root_position: -0.08333
BAD root_position: -0.08355
BAD root_position: -0.08371
BAD root_position: -0.08380
BAD root_position: -0.08380
BAD root_position: -0.08378
BAD root_position: -0.08376
BAD root_position: -0.08374
BAD root_position: -0.08371
BAD root_position: -0.08369
BAD root_position: -0.08367
BAD root_position: -0.08365
BAD root_position: -0.08363
BAD root_position: -0.08354
BAD root_position: -0.08339
BAD root_position: -0.08317
BAD root_position: -0.08291
BAD root_position: -0.08260
BAD root_position: -0.08226
BAD root_position: -0.08191
BAD root_position: -0.08156
BAD root_position: -0.08120
BAD root_position: -0.08087
BAD root_position: -0.08056
BAD root_position: -0.08029
BAD root_position: -0.08006
BAD root_position: -0.07990
BAD root_position: -0.07980
BAD root_position: -0.07978
BAD root_position: -0.07980
BAD root_position: -0.07981
BAD root_position: -0.07982
BAD root_position: -0.07983
BAD root_position: -0.07985
BAD root_position: -0.07986
BAD root_position: -0.07988
BAD root_position: -0.07989
BAD root_position: -0.07991
BAD root_position: -0.07992
BAD root_position: -0.07993
BAD root_position: -0.07995
BAD root_position: -0.07996
BAD root_position: -0.07997
BAD root_position: -0.07999
BAD root_position: -0.08000
BAD root_position: -0.08001
BAD root_position: -0.08002
BAD root_position: -0.08003
BAD root_position: -0.08003
BAD root_position: -0.08004
BAD root_position: -0.08004
BAD root_position: -0.08004
BAD root_position: -0.08005
BAD root_position: -0.08005
BAD root_position: -0.08005
BAD root_position: -0.08005
BAD root_position: -0.08005
BAD root_position: -0.08004
BAD root_position: -0.08004
BAD root_position: -0.08004
BAD root_position: -0.08003
BAD root_position: -0.08009
BAD root_position: -0.08023
BAD root_position: -0.08043
BAD root_position: -0.08069
BAD root_position: -0.08099
BAD root_position: -0.08132
BAD root_position: -0.08167
BAD root_position: -0.08203
BAD root_position: -0.08239
BAD root_position: -0.08273
BAD root_position: -0.08304
BAD root_position: -0.08331
BAD root_position: -0.08353
BAD root_position: -0.08369
BAD root_position: -0.08377
BAD root_position: -0.08377
BAD root_position: -0.08374
BAD root_position: -0.08372
BAD root_position: -0.08369
BAD root_position: -0.08366
BAD root_position: -0.08363
BAD root_position: -0.08360
BAD root_position: -0.08357
BAD root_position: -0.08354
BAD root_position: -0.08345
BAD root_position: -0.08329
BAD root_position: -0.08306
BAD root_position: -0.08278
BAD root_position: -0.08246
BAD root_position: -0.08211
BAD root_position: -0.08175
BAD root_position: -0.08138
BAD root_position: -0.08101
BAD root_position: -0.08067
BAD root_position: -0.08035
BAD root_position: -0.08007
BAD root_position: -0.07984
BAD root_position: -0.07967
BAD root_position: -0.07958
BAD root_position: -0.07957
BAD root_position: -0.07959
BAD root_position: -0.07961
BAD root_position: -0.07963
BAD root_position: -0.07965
BAD root_position: -0.07967
BAD root_position: -0.07969
BAD root_position: -0.07972
BAD root_position: -0.07974
BAD root_position: -0.07977
BAD root_position: -0.07980
BAD root_position: -0.07982
BAD root_position: -0.07985
BAD root_position: -0.07988
BAD root_position: -0.07991
BAD root_position: -0.07994
BAD root_position: -0.07997
BAD root_position: -0.08000
BAD root_position: -0.08002
BAD root_position: -0.08005
BAD root_position: -0.08007
BAD root_position: -0.08010
BAD root_position: -0.08012
BAD root_position: -0.08014
BAD root_position: -0.08016
BAD root_position: -0.08018
BAD root_position: -0.08020
BAD root_position: -0.08022
BAD root_position: -0.08023
BAD root_position: -0.08024
BAD root_position: -0.08026
BAD root_position: -0.08027
BAD root_position: -0.08034
BAD root_position: -0.08049
BAD root_position: -0.08072
BAD root_position: -0.08100
BAD root_position: -0.08133
BAD root_position: -0.08168
BAD root_position: -0.08206
BAD root_position: -0.08244
BAD root_position: -0.08281
BAD root_position: -0.08316
BAD root_position: -0.08347
BAD root_position: -0.08374
BAD root_position: -0.08394
BAD root_position: -0.08406
BAD root_position: -0.08410
BAD root_position: -0.08409
BAD root_position: -0.08407
BAD root_position: -0.08404
BAD root_position: -0.08402
BAD root_position: -0.08400
BAD root_position: -0.08398
BAD root_position: -0.08396
BAD root_position: -0.08394
BAD root_position: -0.08385
BAD root_position: -0.08367
BAD root_position: -0.08343
BAD root_position: -0.08313
BAD root_position: -0.08280
BAD root_position: -0.08243
BAD root_position: -0.08205
BAD root_position: -0.08167
BAD root_position: -0.08130
BAD root_position: -0.08096
BAD root_position: -0.08064
BAD root_position: -0.08038
BAD root_position: -0.08018
BAD root_position: -0.08005
BAD root_position: -0.08001
BAD root_position: -0.08002
BAD root_position: -0.08002
BAD root_position: -0.08002
BAD root_position: -0.08002
BAD root_position: -0.08002
BAD root_position: -0.08001
BAD root_position: -0.08001
BAD root_position: -0.08001
BAD root_position: -0.08000
BAD root_position: -0.08000
BAD root_position: -0.07999
BAD root_position: -0.07999
BAD root_position: -0.07998
BAD root_position: -0.07997
BAD root_position: -0.07996
BAD root_position: -0.07995
BAD root_position: -0.07994
BAD root_position: -0.07993
BAD root_position: -0.07991
BAD root_position: -0.07990
BAD root_position: -0.07989
BAD root_position: -0.07987
BAD root_position: -0.07986
BAD root_position: -0.07985
BAD root_position: -0.07984
BAD root_position: -0.07982
BAD root_position: -0.07981
BAD root_position: -0.07980
BAD root_position: -0.07979
BAD root_position: -0.07978
BAD root_position: -0.07979
BAD root_position: -0.07988
BAD root_position: -0.08005
BAD root_position: -0.08029
BAD root_position: -0.08058
BAD root_position: -0.08091
BAD root_position: -0.08127
BAD root_position: -0.08164
BAD root_position: -0.08201
BAD root_position: -0.08237
BAD root_position: -0.08269
BAD root_position: -0.08298
BAD root_position: -0.08321
BAD root_position: -0.08338
BAD root_position: -0.08346
BAD root_position: -0.08346
BAD root_position: -0.08343
BAD root_position: -0.08341
BAD root_position: -0.08338
BAD root_position: -0.08335
BAD root_position: -0.08333
recorded 500 frames
avg lin_vel_x -0.0032
avg lin_vel_y -0.0163
avg yaw 0.0001
computed xvel: -0.014, mean xvel: -0.0032
computed yvel: -0.021, mean yvel: -0.0163
computed thetavel: 0.104, mean thetavel: 0.0001
DONE, saving 121_-0.014_-0.021_0.104.json
