<frozen importlib._bootstrap>:241: RuntimeWarning: to-Python converter for std::vector<Eigen::Matrix<double, 3, 1, 0, 3, 1>, std::allocator<Eigen::Matrix<double, 3, 1, 0, 3, 1> > > already registered; second conversion method ignored.
<frozen importlib._bootstrap>:241: RuntimeWarning: to-Python converter for boost::python::detail::container_element<std::vector<Eigen::Matrix<double, 3, 1, 0, 3, 1>, std::allocator<Eigen::Matrix<double, 3, 1, 0, 3, 1> > >, unsigned long, boost::python::detail::final_vector_derived_policies<std::vector<Eigen::Matrix<double, 3, 1, 0, 3, 1>, std::allocator<Eigen::Matrix<double, 3, 1, 0, 3, 1> > >, false> > already registered; second conversion method ignored.
<frozen importlib._bootstrap>:241: RuntimeWarning: to-Python converter for std::vector<int, std::allocator<int> > already registered; second conversion method ignored.
<frozen importlib._bootstrap>:241: RuntimeWarning: to-Python converter for std::vector<double, std::allocator<double> > already registered; second conversion method ignored.
<frozen importlib._bootstrap>:241: RuntimeWarning: to-Python converter for std::vector<std::__cxx11::basic_string<char, std::char_traits<char>, std::allocator<char> >, std::allocator<std::__cxx11::basic_string<char, std::char_traits<char>, std::allocator<char> > > > already registered; second conversion method ignored.
WARNING: Can't find trunk frames in the model, can't measure leg spacing
WARNING: Can't find head frames in the model, camera_look_at won't work
gait_parameters {'dx': 0.02, 'dy': -0.03, 'dtheta': 0.15, 'duration': 8, 'hardware': True, 'double_support_ratio': 0.8, 'startend_double_support_ratio': 1.5, 'planned_timesteps': 48, 'replan_timesteps': 10, 'walk_com_height': 0.445, 'walk_foot_height': 0.03, 'walk_trunk_pitch': -5.7, 'walk_foot_rise_ratio': 0.2, 'single_support_duration': 0.8, 'single_support_timesteps': 10, 'foot_length': 0.22, 'feet_spacing': 0.114, 'zmp_margin': 0.02, 'foot_zmp_target_x': 0.0, 'foot_zmp_target_y': 0.0, 'walk_max_dtheta': 1.0, 'walk_max_dy': 0.04, 'walk_max_dx_forward': 0.08, 'walk_max_dx_backward': 0.03, 'joints': ['leg_left_ankle_roll_joint', 'leg_left_ankle_pitch_joint', 'leg_left_knee_pitch_joint', 'leg_left_hip_pitch_joint', 'leg_left_hip_yaw_joint', 'leg_left_hip_roll_joint', 'leg_right_ankle_roll_joint', 'leg_right_ankle_pitch_joint', 'leg_right_knee_pitch_joint', 'leg_right_hip_pitch_joint', 'leg_right_hip_yaw_joint', 'leg_right_hip_roll_joint', 'left_wrist_attachment_joint', 'left_fore_arm_joint', 'left_upper_arm_joint', 'left_shoulder_joint', 'right_wrist_attachment_joint', 'right_fore_arm_joint', 'right_upper_arm_joint', 'right_shoulder_joint'], 'joint_angles': {'left_wrist_attachment_joint': 0, 'left_fore_arm_joint': -90, 'left_upper_arm_joint': 45, 'left_shoulder_joint': 0, 'right_wrist_attachment_joint': 0, 'right_fore_arm_joint': 90, 'right_upper_arm_joint': -45, 'right_shoulder_joint': 0}}
Placing the robot in the initial position...
Initial position reached
{'leg_left_ankle_roll_joint': 0.016565188966892925, 'leg_left_ankle_pitch_joint': -0.47901529436393525, 'leg_left_knee_pitch_joint': 0.9183244179723262, 'leg_left_hip_pitch_joint': -0.3403370466453861, 'leg_left_hip_yaw_joint': -0.05428175795873047, 'leg_left_hip_roll_joint': -0.010508711815483579, 'leg_right_ankle_roll_joint': 0.017180235090470564, 'leg_right_ankle_pitch_joint': -0.5047372012910301, 'leg_right_knee_pitch_joint': 1.0025628598059566, 'leg_right_hip_pitch_joint': -0.39886956733761225, 'leg_right_hip_yaw_joint': -0.054759381598247225, 'leg_right_hip_roll_joint': -0.010904567598529891, 'left_wrist_attachment_joint': -3.529468476831432e-26, 'left_fore_arm_joint': -0.8007663347374596, 'left_upper_arm_joint': 0.7853981633886148, 'left_shoulder_joint': 6.880637123035224e-12, 'right_wrist_attachment_joint': 0.1868123443898806, 'right_fore_arm_joint': 0.8299253505561145, 'right_upper_arm_joint': -0.7853981633868854, 'right_shoulder_joint': 6.411447353707524e-12}
## period: 2.88
BAD root_position: -0.07991
BAD root_position: -0.07991
BAD root_position: -0.07991
BAD root_position: -0.07991
BAD root_position: -0.07991
BAD root_position: -0.07991
BAD root_position: -0.07991
BAD root_position: -0.07991
BAD root_position: -0.07991
BAD root_position: -0.07991
BAD root_position: -0.07991
BAD root_position: -0.07991
BAD root_position: -0.07991
BAD root_position: -0.07991
BAD root_position: -0.07991
BAD root_position: -0.07991
BAD root_position: -0.07991
BAD root_position: -0.07991
BAD root_position: -0.07991
BAD root_position: -0.07991
BAD root_position: -0.07991
BAD root_position: -0.07991
BAD root_position: -0.07991
BAD root_position: -0.07991
BAD root_position: -0.07991
BAD root_position: -0.07991
BAD root_position: -0.07991
BAD root_position: -0.07991
BAD root_position: -0.07991
BAD root_position: -0.07991
BAD root_position: -0.07991
BAD root_position: -0.07991
BAD root_position: -0.07991
BAD root_position: -0.07991
BAD root_position: -0.07991
BAD root_position: -0.07991
BAD root_position: -0.07991
BAD root_position: -0.07991
BAD root_position: -0.07991
BAD root_position: -0.07990
BAD root_position: -0.07990
BAD root_position: -0.07990
BAD root_position: -0.07990
BAD root_position: -0.07990
BAD root_position: -0.07990
BAD root_position: -0.07990
BAD root_position: -0.07990
BAD root_position: -0.07990
BAD root_position: -0.07990
BAD root_position: -0.07990
BAD root_position: -0.07990
BAD root_position: -0.07990
BAD root_position: -0.07990
BAD root_position: -0.07989
BAD root_position: -0.07989
BAD root_position: -0.07989
BAD root_position: -0.07988
BAD root_position: -0.07988
BAD root_position: -0.07989
BAD root_position: -0.07998
BAD root_position: -0.08015
BAD root_position: -0.08039
BAD root_position: -0.08069
BAD root_position: -0.08102
BAD root_position: -0.08138
BAD root_position: -0.08176
BAD root_position: -0.08214
BAD root_position: -0.08251
BAD root_position: -0.08285
BAD root_position: -0.08315
BAD root_position: -0.08341
BAD root_position: -0.08360
BAD root_position: -0.08371
BAD root_position: -0.08373
BAD root_position: -0.08373
BAD root_position: -0.08373
BAD root_position: -0.08373
BAD root_position: -0.08373
BAD root_position: -0.08373
BAD root_position: -0.08373
BAD root_position: -0.08373
BAD root_position: -0.08371
BAD root_position: -0.08360
BAD root_position: -0.08342
BAD root_position: -0.08317
BAD root_position: -0.08287
BAD root_position: -0.08252
BAD root_position: -0.08216
BAD root_position: -0.08178
BAD root_position: -0.08140
BAD root_position: -0.08104
BAD root_position: -0.08070
BAD root_position: -0.08041
BAD root_position: -0.08016
BAD root_position: -0.07999
BAD root_position: -0.07989
BAD root_position: -0.07988
BAD root_position: -0.07988
BAD root_position: -0.07988
BAD root_position: -0.07989
BAD root_position: -0.07989
BAD root_position: -0.07989
BAD root_position: -0.07990
BAD root_position: -0.07990
BAD root_position: -0.07990
BAD root_position: -0.07990
BAD root_position: -0.07990
BAD root_position: -0.07990
BAD root_position: -0.07990
BAD root_position: -0.07990
BAD root_position: -0.07990
BAD root_position: -0.07990
BAD root_position: -0.07990
BAD root_position: -0.07990
BAD root_position: -0.07990
BAD root_position: -0.07990
BAD root_position: -0.07989
BAD root_position: -0.07989
BAD root_position: -0.07989
BAD root_position: -0.07988
BAD root_position: -0.07988
BAD root_position: -0.07988
BAD root_position: -0.07987
BAD root_position: -0.07987
BAD root_position: -0.07987
BAD root_position: -0.07986
BAD root_position: -0.07986
BAD root_position: -0.07990
BAD root_position: -0.08003
BAD root_position: -0.08024
BAD root_position: -0.08051
BAD root_position: -0.08083
BAD root_position: -0.08119
BAD root_position: -0.08157
BAD root_position: -0.08196
BAD root_position: -0.08235
BAD root_position: -0.08273
BAD root_position: -0.08307
BAD root_position: -0.08338
BAD root_position: -0.08362
BAD root_position: -0.08380
BAD root_position: -0.08389
BAD root_position: -0.08391
BAD root_position: -0.08393
BAD root_position: -0.08394
BAD root_position: -0.08396
BAD root_position: -0.08397
BAD root_position: -0.08399
BAD root_position: -0.08400
BAD root_position: -0.08401
BAD root_position: -0.08397
BAD root_position: -0.08383
BAD root_position: -0.08362
BAD root_position: -0.08335
BAD root_position: -0.08303
BAD root_position: -0.08268
BAD root_position: -0.08230
BAD root_position: -0.08191
BAD root_position: -0.08153
BAD root_position: -0.08117
BAD root_position: -0.08085
BAD root_position: -0.08056
BAD root_position: -0.08034
BAD root_position: -0.08019
BAD root_position: -0.08012
BAD root_position: -0.08012
BAD root_position: -0.08012
BAD root_position: -0.08011
BAD root_position: -0.08010
BAD root_position: -0.08009
BAD root_position: -0.08009
BAD root_position: -0.08007
BAD root_position: -0.08006
BAD root_position: -0.08005
BAD root_position: -0.08003
BAD root_position: -0.08001
BAD root_position: -0.08000
BAD root_position: -0.07998
BAD root_position: -0.07996
BAD root_position: -0.07994
BAD root_position: -0.07991
BAD root_position: -0.07989
BAD root_position: -0.07987
BAD root_position: -0.07985
BAD root_position: -0.07982
BAD root_position: -0.07980
BAD root_position: -0.07978
BAD root_position: -0.07976
BAD root_position: -0.07974
BAD root_position: -0.07972
BAD root_position: -0.07970
BAD root_position: -0.07968
BAD root_position: -0.07966
BAD root_position: -0.07965
BAD root_position: -0.07963
BAD root_position: -0.07962
BAD root_position: -0.07967
BAD root_position: -0.07979
BAD root_position: -0.07998
BAD root_position: -0.08022
BAD root_position: -0.08051
BAD root_position: -0.08083
BAD root_position: -0.08117
BAD root_position: -0.08152
BAD root_position: -0.08187
BAD root_position: -0.08221
BAD root_position: -0.08252
BAD root_position: -0.08280
BAD root_position: -0.08304
BAD root_position: -0.08322
BAD root_position: -0.08333
BAD root_position: -0.08336
BAD root_position: -0.08337
BAD root_position: -0.08338
BAD root_position: -0.08339
BAD root_position: -0.08339
BAD root_position: -0.08340
BAD root_position: -0.08341
BAD root_position: -0.08341
BAD root_position: -0.08342
BAD root_position: -0.08336
BAD root_position: -0.08324
BAD root_position: -0.08304
BAD root_position: -0.08279
BAD root_position: -0.08250
BAD root_position: -0.08218
BAD root_position: -0.08184
BAD root_position: -0.08149
BAD root_position: -0.08114
BAD root_position: -0.08080
BAD root_position: -0.08049
BAD root_position: -0.08021
BAD root_position: -0.07998
BAD root_position: -0.07981
BAD root_position: -0.07971
BAD root_position: -0.07969
BAD root_position: -0.07970
BAD root_position: -0.07971
BAD root_position: -0.07972
BAD root_position: -0.07973
BAD root_position: -0.07974
BAD root_position: -0.07975
BAD root_position: -0.07976
BAD root_position: -0.07978
BAD root_position: -0.07979
BAD root_position: -0.07980
BAD root_position: -0.07982
BAD root_position: -0.07983
BAD root_position: -0.07985
BAD root_position: -0.07986
BAD root_position: -0.07988
BAD root_position: -0.07989
BAD root_position: -0.07990
BAD root_position: -0.07992
BAD root_position: -0.07993
BAD root_position: -0.07994
BAD root_position: -0.07996
BAD root_position: -0.07997
BAD root_position: -0.07998
BAD root_position: -0.07999
BAD root_position: -0.08000
BAD root_position: -0.08001
BAD root_position: -0.08002
BAD root_position: -0.08003
BAD root_position: -0.08003
BAD root_position: -0.08004
BAD root_position: -0.08005
BAD root_position: -0.08005
BAD root_position: -0.08012
BAD root_position: -0.08026
BAD root_position: -0.08047
BAD root_position: -0.08074
BAD root_position: -0.08106
BAD root_position: -0.08141
BAD root_position: -0.08178
BAD root_position: -0.08217
BAD root_position: -0.08255
BAD root_position: -0.08292
BAD root_position: -0.08327
BAD root_position: -0.08358
BAD root_position: -0.08384
BAD root_position: -0.08405
BAD root_position: -0.08418
BAD root_position: -0.08423
BAD root_position: -0.08426
BAD root_position: -0.08428
BAD root_position: -0.08430
BAD root_position: -0.08432
BAD root_position: -0.08434
BAD root_position: -0.08435
BAD root_position: -0.08437
BAD root_position: -0.08439
BAD root_position: -0.08434
BAD root_position: -0.08421
BAD root_position: -0.08401
BAD root_position: -0.08375
BAD root_position: -0.08344
BAD root_position: -0.08310
BAD root_position: -0.08274
BAD root_position: -0.08236
BAD root_position: -0.08199
BAD root_position: -0.08163
BAD root_position: -0.08129
BAD root_position: -0.08099
BAD root_position: -0.08074
BAD root_position: -0.08054
BAD root_position: -0.08042
BAD root_position: -0.08038
BAD root_position: -0.08037
BAD root_position: -0.08035
BAD root_position: -0.08033
BAD root_position: -0.08032
BAD root_position: -0.08030
BAD root_position: -0.08028
BAD root_position: -0.08025
BAD root_position: -0.08023
BAD root_position: -0.08020
BAD root_position: -0.08017
BAD root_position: -0.08014
BAD root_position: -0.08011
BAD root_position: -0.08008
BAD root_position: -0.08004
BAD root_position: -0.08000
BAD root_position: -0.07996
BAD root_position: -0.07992
BAD root_position: -0.07988
BAD root_position: -0.07984
BAD root_position: -0.07980
BAD root_position: -0.07976
BAD root_position: -0.07972
BAD root_position: -0.07968
BAD root_position: -0.07964
BAD root_position: -0.07960
BAD root_position: -0.07957
BAD root_position: -0.07953
BAD root_position: -0.07950
BAD root_position: -0.07947
BAD root_position: -0.07944
BAD root_position: -0.07941
BAD root_position: -0.07939
BAD root_position: -0.07942
BAD root_position: -0.07954
BAD root_position: -0.07972
BAD root_position: -0.07995
BAD root_position: -0.08022
BAD root_position: -0.08053
BAD root_position: -0.08086
BAD root_position: -0.08120
BAD root_position: -0.08154
BAD root_position: -0.08187
BAD root_position: -0.08218
BAD root_position: -0.08246
BAD root_position: -0.08269
BAD root_position: -0.08286
BAD root_position: -0.08297
BAD root_position: -0.08301
BAD root_position: -0.08302
BAD root_position: -0.08303
BAD root_position: -0.08304
BAD root_position: -0.08305
BAD root_position: -0.08306
BAD root_position: -0.08307
BAD root_position: -0.08309
BAD root_position: -0.08310
BAD root_position: -0.08305
BAD root_position: -0.08293
BAD root_position: -0.08275
BAD root_position: -0.08251
BAD root_position: -0.08223
BAD root_position: -0.08192
BAD root_position: -0.08159
BAD root_position: -0.08126
BAD root_position: -0.08088
BAD root_position: -0.08055
BAD root_position: -0.08025
BAD root_position: -0.07998
BAD root_position: -0.07976
BAD root_position: -0.07959
BAD root_position: -0.07950
BAD root_position: -0.07948
BAD root_position: -0.07950
BAD root_position: -0.07951
BAD root_position: -0.07953
BAD root_position: -0.07955
BAD root_position: -0.07957
BAD root_position: -0.07959
BAD root_position: -0.07961
BAD root_position: -0.07963
BAD root_position: -0.07966
BAD root_position: -0.07968
BAD root_position: -0.07971
BAD root_position: -0.07974
BAD root_position: -0.07977
BAD root_position: -0.07980
BAD root_position: -0.07984
BAD root_position: -0.07987
BAD root_position: -0.07990
BAD root_position: -0.07993
BAD root_position: -0.07997
BAD root_position: -0.08000
BAD root_position: -0.08003
BAD root_position: -0.08006
BAD root_position: -0.08009
BAD root_position: -0.08012
BAD root_position: -0.08014
BAD root_position: -0.08017
BAD root_position: -0.08019
BAD root_position: -0.08021
BAD root_position: -0.08023
BAD root_position: -0.08024
BAD root_position: -0.08026
BAD root_position: -0.08034
BAD root_position: -0.08050
BAD root_position: -0.08074
BAD root_position: -0.08104
BAD root_position: -0.08139
BAD root_position: -0.08177
BAD root_position: -0.08217
BAD root_position: -0.08259
BAD root_position: -0.08300
BAD root_position: -0.08339
BAD root_position: -0.08375
BAD root_position: -0.08406
BAD root_position: -0.08431
BAD root_position: -0.08449
BAD root_position: -0.08458
BAD root_position: -0.08461
BAD root_position: -0.08463
BAD root_position: -0.08466
BAD root_position: -0.08469
BAD root_position: -0.08471
BAD root_position: -0.08473
BAD root_position: -0.08475
BAD root_position: -0.08477
BAD root_position: -0.08471
BAD root_position: -0.08456
BAD root_position: -0.08433
BAD root_position: -0.08404
BAD root_position: -0.08370
BAD root_position: -0.08333
BAD root_position: -0.08293
BAD root_position: -0.08253
BAD root_position: -0.08213
BAD root_position: -0.08175
BAD root_position: -0.08141
BAD root_position: -0.08111
BAD root_position: -0.08088
BAD root_position: -0.08071
BAD root_position: -0.08064
BAD root_position: -0.08061
BAD root_position: -0.08057
BAD root_position: -0.08054
BAD root_position: -0.08049
BAD root_position: -0.08045
BAD root_position: -0.08040
BAD root_position: -0.08035
BAD root_position: -0.08030
BAD root_position: -0.08024
BAD root_position: -0.08018
BAD root_position: -0.08012
BAD root_position: -0.08006
BAD root_position: -0.08000
BAD root_position: -0.07994
BAD root_position: -0.07987
BAD root_position: -0.07981
BAD root_position: -0.07975
BAD root_position: -0.07968
BAD root_position: -0.07962
BAD root_position: -0.07956
BAD root_position: -0.07951
BAD root_position: -0.07945
BAD root_position: -0.07940
BAD root_position: -0.07935
BAD root_position: -0.07931
BAD root_position: -0.07926
BAD root_position: -0.07923
BAD root_position: -0.07919
BAD root_position: -0.07916
BAD root_position: -0.07913
BAD root_position: -0.07912
BAD root_position: -0.07919
BAD root_position: -0.07933
BAD root_position: -0.07954
BAD root_position: -0.07981
BAD root_position: -0.08011
BAD root_position: -0.08044
BAD root_position: -0.08079
BAD root_position: -0.08114
BAD root_position: -0.08149
BAD root_position: -0.08181
BAD root_position: -0.08210
BAD root_position: -0.08234
BAD root_position: -0.08252
BAD root_position: -0.08263
BAD root_position: -0.08267
BAD root_position: -0.08268
BAD root_position: -0.08269
BAD root_position: -0.08271
BAD root_position: -0.08273
BAD root_position: -0.08274
recorded 500 frames
avg lin_vel_x 0.0119
avg lin_vel_y -0.0145
avg yaw 0.0001
computed xvel: 0.014, mean xvel: 0.0119
computed yvel: -0.021, mean yvel: -0.0145
computed thetavel: 0.104, mean thetavel: 0.0001
DONE, saving 123_0.014_-0.021_0.104.json
