<frozen importlib._bootstrap>:241: RuntimeWarning: to-Python converter for std::vector<Eigen::Matrix<double, 3, 1, 0, 3, 1>, std::allocator<Eigen::Matrix<double, 3, 1, 0, 3, 1> > > already registered; second conversion method ignored.
<frozen importlib._bootstrap>:241: RuntimeWarning: to-Python converter for boost::python::detail::container_element<std::vector<Eigen::Matrix<double, 3, 1, 0, 3, 1>, std::allocator<Eigen::Matrix<double, 3, 1, 0, 3, 1> > >, unsigned long, boost::python::detail::final_vector_derived_policies<std::vector<Eigen::Matrix<double, 3, 1, 0, 3, 1>, std::allocator<Eigen::Matrix<double, 3, 1, 0, 3, 1> > >, false> > already registered; second conversion method ignored.
<frozen importlib._bootstrap>:241: RuntimeWarning: to-Python converter for std::vector<int, std::allocator<int> > already registered; second conversion method ignored.
<frozen importlib._bootstrap>:241: RuntimeWarning: to-Python converter for std::vector<double, std::allocator<double> > already registered; second conversion method ignored.
<frozen importlib._bootstrap>:241: RuntimeWarning: to-Python converter for std::vector<std::__cxx11::basic_string<char, std::char_traits<char>, std::allocator<char> >, std::allocator<std::__cxx11::basic_string<char, std::char_traits<char>, std::allocator<char> > > > already registered; second conversion method ignored.
WARNING: Can't find trunk frames in the model, can't measure leg spacing
WARNING: Can't find head frames in the model, camera_look_at won't work
gait_parameters {'dx': 0.06, 'dy': -0.03, 'dtheta': 0.15, 'duration': 8, 'hardware': True, 'double_support_ratio': 0.8, 'startend_double_support_ratio': 1.5, 'planned_timesteps': 48, 'replan_timesteps': 10, 'walk_com_height': 0.445, 'walk_foot_height': 0.03, 'walk_trunk_pitch': -5.7, 'walk_foot_rise_ratio': 0.2, 'single_support_duration': 0.8, 'single_support_timesteps': 10, 'foot_length': 0.22, 'feet_spacing': 0.114, 'zmp_margin': 0.02, 'foot_zmp_target_x': 0.0, 'foot_zmp_target_y': 0.0, 'walk_max_dtheta': 1.0, 'walk_max_dy': 0.04, 'walk_max_dx_forward': 0.08, 'walk_max_dx_backward': 0.03, 'joints': ['leg_left_ankle_roll_joint', 'leg_left_ankle_pitch_joint', 'leg_left_knee_pitch_joint', 'leg_left_hip_pitch_joint', 'leg_left_hip_yaw_joint', 'leg_left_hip_roll_joint', 'leg_right_ankle_roll_joint', 'leg_right_ankle_pitch_joint', 'leg_right_knee_pitch_joint', 'leg_right_hip_pitch_joint', 'leg_right_hip_yaw_joint', 'leg_right_hip_roll_joint', 'left_wrist_attachment_joint', 'left_fore_arm_joint', 'left_upper_arm_joint', 'left_shoulder_joint', 'right_wrist_attachment_joint', 'right_fore_arm_joint', 'right_upper_arm_joint', 'right_shoulder_joint'], 'joint_angles': {'left_wrist_attachment_joint': 0, 'left_fore_arm_joint': -90, 'left_upper_arm_joint': 45, 'left_shoulder_joint': 0, 'right_wrist_attachment_joint': 0, 'right_fore_arm_joint': 90, 'right_upper_arm_joint': -45, 'right_shoulder_joint': 0}}
Placing the robot in the initial position...
Initial position reached
{'leg_left_ankle_roll_joint': 0.01681977387130864, 'leg_left_ankle_pitch_joint': -0.4872102006308369, 'leg_left_knee_pitch_joint': 0.9344705398223582, 'leg_left_hip_pitch_joint': -0.34829704487965046, 'leg_left_hip_yaw_joint': -0.05447868419675742, 'leg_left_hip_roll_joint': -0.010670300538230593, 'leg_right_ankle_roll_joint': 0.017440746601459823, 'leg_right_ankle_pitch_joint': -0.5123623285729118, 'leg_right_knee_pitch_joint': 1.0176536447738362, 'leg_right_hip_pitch_joint': -0.406344291841239, 'leg_right_hip_yaw_joint': -0.054960888639762374, 'leg_right_hip_roll_joint': -0.01106992668860053, 'left_wrist_attachment_joint': -0.03493876153036879, 'left_fore_arm_joint': -0.9873051286393566, 'left_upper_arm_joint': 0.7853981633894145, 'left_shoulder_joint': 6.318308708045473e-12, 'right_wrist_attachment_joint': -2.674769203277615e-28, 'right_fore_arm_joint': 0.9188512385484663, 'right_upper_arm_joint': -0.7853981633877265, 'right_shoulder_joint': 5.935366613210134e-12}
## period: 2.88
BAD root_position: -0.07991
BAD root_position: -0.07991
BAD root_position: -0.07991
BAD root_position: -0.07991
BAD root_position: -0.07991
BAD root_position: -0.07991
BAD root_position: -0.07991
BAD root_position: -0.07991
BAD root_position: -0.07991
BAD root_position: -0.07991
BAD root_position: -0.07991
BAD root_position: -0.07991
BAD root_position: -0.07991
BAD root_position: -0.07991
BAD root_position: -0.07991
BAD root_position: -0.07991
BAD root_position: -0.07991
BAD root_position: -0.07991
BAD root_position: -0.07991
BAD root_position: -0.07991
BAD root_position: -0.07991
BAD root_position: -0.07991
BAD root_position: -0.07991
BAD root_position: -0.07991
BAD root_position: -0.07991
BAD root_position: -0.07991
BAD root_position: -0.07991
BAD root_position: -0.07991
BAD root_position: -0.07991
BAD root_position: -0.07991
BAD root_position: -0.07991
BAD root_position: -0.07991
BAD root_position: -0.07991
BAD root_position: -0.07991
BAD root_position: -0.07991
BAD root_position: -0.07991
BAD root_position: -0.07991
BAD root_position: -0.07991
BAD root_position: -0.07991
BAD root_position: -0.07990
BAD root_position: -0.07990
BAD root_position: -0.07990
BAD root_position: -0.07990
BAD root_position: -0.07990
BAD root_position: -0.07990
BAD root_position: -0.07990
BAD root_position: -0.07990
BAD root_position: -0.07990
BAD root_position: -0.07990
BAD root_position: -0.07990
BAD root_position: -0.07990
BAD root_position: -0.07990
BAD root_position: -0.07990
BAD root_position: -0.07989
BAD root_position: -0.07989
BAD root_position: -0.07989
BAD root_position: -0.07988
BAD root_position: -0.07988
BAD root_position: -0.07989
BAD root_position: -0.07998
BAD root_position: -0.08015
BAD root_position: -0.08039
BAD root_position: -0.08069
BAD root_position: -0.08102
BAD root_position: -0.08138
BAD root_position: -0.08176
BAD root_position: -0.08214
BAD root_position: -0.08251
BAD root_position: -0.08285
BAD root_position: -0.08315
BAD root_position: -0.08341
BAD root_position: -0.08360
BAD root_position: -0.08371
BAD root_position: -0.08373
BAD root_position: -0.08373
BAD root_position: -0.08373
BAD root_position: -0.08373
BAD root_position: -0.08373
BAD root_position: -0.08373
BAD root_position: -0.08373
BAD root_position: -0.08373
BAD root_position: -0.08371
BAD root_position: -0.08360
BAD root_position: -0.08342
BAD root_position: -0.08317
BAD root_position: -0.08287
BAD root_position: -0.08252
BAD root_position: -0.08216
BAD root_position: -0.08178
BAD root_position: -0.08140
BAD root_position: -0.08104
BAD root_position: -0.08070
BAD root_position: -0.08041
BAD root_position: -0.08016
BAD root_position: -0.07999
BAD root_position: -0.07989
BAD root_position: -0.07988
BAD root_position: -0.07988
BAD root_position: -0.07988
BAD root_position: -0.07989
BAD root_position: -0.07989
BAD root_position: -0.07989
BAD root_position: -0.07989
BAD root_position: -0.07990
BAD root_position: -0.07990
BAD root_position: -0.07990
BAD root_position: -0.07990
BAD root_position: -0.07990
BAD root_position: -0.07990
BAD root_position: -0.07990
BAD root_position: -0.07990
BAD root_position: -0.07990
BAD root_position: -0.07990
BAD root_position: -0.07990
BAD root_position: -0.07990
BAD root_position: -0.07989
BAD root_position: -0.07989
BAD root_position: -0.07989
BAD root_position: -0.07988
BAD root_position: -0.07988
BAD root_position: -0.07988
BAD root_position: -0.07987
BAD root_position: -0.07987
BAD root_position: -0.07986
BAD root_position: -0.07986
BAD root_position: -0.07986
BAD root_position: -0.07985
BAD root_position: -0.07989
BAD root_position: -0.08003
BAD root_position: -0.08024
BAD root_position: -0.08052
BAD root_position: -0.08086
BAD root_position: -0.08123
BAD root_position: -0.08163
BAD root_position: -0.08205
BAD root_position: -0.08247
BAD root_position: -0.08287
BAD root_position: -0.08325
BAD root_position: -0.08359
BAD root_position: -0.08387
BAD root_position: -0.08409
BAD root_position: -0.08421
BAD root_position: -0.08427
BAD root_position: -0.08432
BAD root_position: -0.08437
BAD root_position: -0.08442
BAD root_position: -0.08447
BAD root_position: -0.08452
BAD root_position: -0.08456
BAD root_position: -0.08461
BAD root_position: -0.08459
BAD root_position: -0.08447
BAD root_position: -0.08427
BAD root_position: -0.08401
BAD root_position: -0.08369
BAD root_position: -0.08332
BAD root_position: -0.08293
BAD root_position: -0.08253
BAD root_position: -0.08213
BAD root_position: -0.08174
BAD root_position: -0.08139
BAD root_position: -0.08108
BAD root_position: -0.08083
BAD root_position: -0.08065
BAD root_position: -0.08057
BAD root_position: -0.08054
BAD root_position: -0.08051
BAD root_position: -0.08048
BAD root_position: -0.08044
BAD root_position: -0.08040
BAD root_position: -0.08036
BAD root_position: -0.08032
BAD root_position: -0.08027
BAD root_position: -0.08022
BAD root_position: -0.08016
BAD root_position: -0.08011
BAD root_position: -0.08005
BAD root_position: -0.07999
BAD root_position: -0.07994
BAD root_position: -0.07988
BAD root_position: -0.07982
BAD root_position: -0.07976
BAD root_position: -0.07970
BAD root_position: -0.07964
BAD root_position: -0.07959
BAD root_position: -0.07953
BAD root_position: -0.07948
BAD root_position: -0.07943
BAD root_position: -0.07938
BAD root_position: -0.07934
BAD root_position: -0.07930
BAD root_position: -0.07926
BAD root_position: -0.07923
BAD root_position: -0.07920
BAD root_position: -0.07917
BAD root_position: -0.07915
BAD root_position: -0.07918
BAD root_position: -0.07929
BAD root_position: -0.07946
BAD root_position: -0.07968
BAD root_position: -0.07995
BAD root_position: -0.08024
BAD root_position: -0.08057
BAD root_position: -0.08090
BAD root_position: -0.08124
BAD root_position: -0.08157
BAD root_position: -0.08188
BAD root_position: -0.08217
BAD root_position: -0.08241
BAD root_position: -0.08261
BAD root_position: -0.08274
BAD root_position: -0.08281
BAD root_position: -0.08285
BAD root_position: -0.08289
BAD root_position: -0.08293
BAD root_position: -0.08297
BAD root_position: -0.08301
BAD root_position: -0.08305
BAD root_position: -0.08309
BAD root_position: -0.08313
BAD root_position: -0.08311
BAD root_position: -0.08302
BAD root_position: -0.08286
BAD root_position: -0.08265
BAD root_position: -0.08239
BAD root_position: -0.08209
BAD root_position: -0.08178
BAD root_position: -0.08145
BAD root_position: -0.08111
BAD root_position: -0.08079
BAD root_position: -0.08049
BAD root_position: -0.08022
BAD root_position: -0.07999
BAD root_position: -0.07982
BAD root_position: -0.07972
BAD root_position: -0.07969
BAD root_position: -0.07969
BAD root_position: -0.07969
BAD root_position: -0.07969
BAD root_position: -0.07970
BAD root_position: -0.07970
BAD root_position: -0.07970
BAD root_position: -0.07971
BAD root_position: -0.07971
BAD root_position: -0.07972
BAD root_position: -0.07973
BAD root_position: -0.07974
BAD root_position: -0.07975
BAD root_position: -0.07976
BAD root_position: -0.07977
BAD root_position: -0.07978
BAD root_position: -0.07979
BAD root_position: -0.07980
BAD root_position: -0.07981
BAD root_position: -0.07982
BAD root_position: -0.07983
BAD root_position: -0.07984
BAD root_position: -0.07986
BAD root_position: -0.07987
BAD root_position: -0.07988
BAD root_position: -0.07989
BAD root_position: -0.07990
BAD root_position: -0.07991
BAD root_position: -0.07992
BAD root_position: -0.07993
BAD root_position: -0.07993
BAD root_position: -0.07994
BAD root_position: -0.07995
BAD root_position: -0.08001
BAD root_position: -0.08016
BAD root_position: -0.08038
BAD root_position: -0.08066
BAD root_position: -0.08099
BAD root_position: -0.08135
BAD root_position: -0.08174
BAD root_position: -0.08214
BAD root_position: -0.08255
BAD root_position: -0.08295
BAD root_position: -0.08333
BAD root_position: -0.08367
BAD root_position: -0.08397
BAD root_position: -0.08421
BAD root_position: -0.08438
BAD root_position: -0.08447
BAD root_position: -0.08453
BAD root_position: -0.08458
BAD root_position: -0.08464
BAD root_position: -0.08469
BAD root_position: -0.08475
BAD root_position: -0.08480
BAD root_position: -0.08485
BAD root_position: -0.08489
BAD root_position: -0.08487
BAD root_position: -0.08476
BAD root_position: -0.08458
BAD root_position: -0.08432
BAD root_position: -0.08402
BAD root_position: -0.08368
BAD root_position: -0.08330
BAD root_position: -0.08292
BAD root_position: -0.08253
BAD root_position: -0.08214
BAD root_position: -0.08179
BAD root_position: -0.08146
BAD root_position: -0.08119
BAD root_position: -0.08097
BAD root_position: -0.08083
BAD root_position: -0.08077
BAD root_position: -0.08074
BAD root_position: -0.08071
BAD root_position: -0.08067
BAD root_position: -0.08063
BAD root_position: -0.08059
BAD root_position: -0.08054
BAD root_position: -0.08050
BAD root_position: -0.08044
BAD root_position: -0.08039
BAD root_position: -0.08033
BAD root_position: -0.08027
BAD root_position: -0.08020
BAD root_position: -0.08014
BAD root_position: -0.08007
BAD root_position: -0.08000
BAD root_position: -0.07993
BAD root_position: -0.07985
BAD root_position: -0.07978
BAD root_position: -0.07971
BAD root_position: -0.07964
BAD root_position: -0.07956
BAD root_position: -0.07950
BAD root_position: -0.07943
BAD root_position: -0.07936
BAD root_position: -0.07931
BAD root_position: -0.07925
BAD root_position: -0.07920
BAD root_position: -0.07914
BAD root_position: -0.07910
BAD root_position: -0.07905
BAD root_position: -0.07902
BAD root_position: -0.07898
BAD root_position: -0.07901
BAD root_position: -0.07911
BAD root_position: -0.07927
BAD root_position: -0.07948
BAD root_position: -0.07974
BAD root_position: -0.08003
BAD root_position: -0.08034
BAD root_position: -0.08067
BAD root_position: -0.08100
BAD root_position: -0.08132
BAD root_position: -0.08163
BAD root_position: -0.08191
BAD root_position: -0.08215
BAD root_position: -0.08234
BAD root_position: -0.08247
BAD root_position: -0.08254
BAD root_position: -0.08257
BAD root_position: -0.08261
BAD root_position: -0.08266
BAD root_position: -0.08270
BAD root_position: -0.08275
BAD root_position: -0.08279
BAD root_position: -0.08284
BAD root_position: -0.08288
BAD root_position: -0.08287
BAD root_position: -0.08279
BAD root_position: -0.08264
BAD root_position: -0.08244
BAD root_position: -0.08219
BAD root_position: -0.08191
BAD root_position: -0.08160
BAD root_position: -0.08128
BAD root_position: -0.08090
BAD root_position: -0.08059
BAD root_position: -0.08029
BAD root_position: -0.08003
BAD root_position: -0.07981
BAD root_position: -0.07964
BAD root_position: -0.07954
BAD root_position: -0.07952
BAD root_position: -0.07953
BAD root_position: -0.07953
BAD root_position: -0.07954
BAD root_position: -0.07955
BAD root_position: -0.07956
BAD root_position: -0.07958
BAD root_position: -0.07959
BAD root_position: -0.07961
BAD root_position: -0.07962
BAD root_position: -0.07964
BAD root_position: -0.07966
BAD root_position: -0.07968
BAD root_position: -0.07971
BAD root_position: -0.07973
BAD root_position: -0.07976
BAD root_position: -0.07978
BAD root_position: -0.07981
BAD root_position: -0.07984
BAD root_position: -0.07986
BAD root_position: -0.07989
BAD root_position: -0.07992
BAD root_position: -0.07994
BAD root_position: -0.07997
BAD root_position: -0.07999
BAD root_position: -0.08002
BAD root_position: -0.08004
BAD root_position: -0.08006
BAD root_position: -0.08008
BAD root_position: -0.08009
BAD root_position: -0.08011
BAD root_position: -0.08012
BAD root_position: -0.08020
BAD root_position: -0.08036
BAD root_position: -0.08061
BAD root_position: -0.08091
BAD root_position: -0.08127
BAD root_position: -0.08167
BAD root_position: -0.08209
BAD root_position: -0.08253
BAD root_position: -0.08296
BAD root_position: -0.08338
BAD root_position: -0.08377
BAD root_position: -0.08411
BAD root_position: -0.08440
BAD root_position: -0.08461
BAD root_position: -0.08474
BAD root_position: -0.08480
BAD root_position: -0.08486
BAD root_position: -0.08493
BAD root_position: -0.08499
BAD root_position: -0.08505
BAD root_position: -0.08510
BAD root_position: -0.08515
BAD root_position: -0.08520
BAD root_position: -0.08517
BAD root_position: -0.08503
BAD root_position: -0.08482
BAD root_position: -0.08454
BAD root_position: -0.08420
BAD root_position: -0.08382
BAD root_position: -0.08341
BAD root_position: -0.08300
BAD root_position: -0.08258
BAD root_position: -0.08218
BAD root_position: -0.08182
BAD root_position: -0.08150
BAD root_position: -0.08124
BAD root_position: -0.08106
BAD root_position: -0.08097
BAD root_position: -0.08092
BAD root_position: -0.08086
BAD root_position: -0.08081
BAD root_position: -0.08074
BAD root_position: -0.08067
BAD root_position: -0.08060
BAD root_position: -0.08052
BAD root_position: -0.08044
BAD root_position: -0.08036
BAD root_position: -0.08027
BAD root_position: -0.08018
BAD root_position: -0.08009
BAD root_position: -0.08000
BAD root_position: -0.07991
BAD root_position: -0.07981
BAD root_position: -0.07972
BAD root_position: -0.07963
BAD root_position: -0.07955
BAD root_position: -0.07946
BAD root_position: -0.07938
BAD root_position: -0.07930
BAD root_position: -0.07923
BAD root_position: -0.07916
BAD root_position: -0.07909
BAD root_position: -0.07903
BAD root_position: -0.07897
BAD root_position: -0.07892
BAD root_position: -0.07887
BAD root_position: -0.07883
BAD root_position: -0.07879
BAD root_position: -0.07878
BAD root_position: -0.07883
BAD root_position: -0.07897
BAD root_position: -0.07916
BAD root_position: -0.07941
BAD root_position: -0.07969
BAD root_position: -0.08001
BAD root_position: -0.08034
BAD root_position: -0.08068
BAD root_position: -0.08102
BAD root_position: -0.08134
BAD root_position: -0.08163
BAD root_position: -0.08188
BAD root_position: -0.08208
BAD root_position: -0.08221
BAD root_position: -0.08227
BAD root_position: -0.08232
BAD root_position: -0.08236
BAD root_position: -0.08241
BAD root_position: -0.08245
BAD root_position: -0.08250
recorded 500 frames
avg lin_vel_x 0.0221
avg lin_vel_y -0.0104
avg yaw 0.0001
computed xvel: 0.042, mean xvel: 0.0221
computed yvel: -0.021, mean yvel: -0.0104
computed thetavel: 0.104, mean thetavel: 0.0001
DONE, saving 125_0.042_-0.021_0.104.json
