<frozen importlib._bootstrap>:241: RuntimeWarning: to-Python converter for std::vector<Eigen::Matrix<double, 3, 1, 0, 3, 1>, std::allocator<Eigen::Matrix<double, 3, 1, 0, 3, 1> > > already registered; second conversion method ignored.
<frozen importlib._bootstrap>:241: RuntimeWarning: to-Python converter for boost::python::detail::container_element<std::vector<Eigen::Matrix<double, 3, 1, 0, 3, 1>, std::allocator<Eigen::Matrix<double, 3, 1, 0, 3, 1> > >, unsigned long, boost::python::detail::final_vector_derived_policies<std::vector<Eigen::Matrix<double, 3, 1, 0, 3, 1>, std::allocator<Eigen::Matrix<double, 3, 1, 0, 3, 1> > >, false> > already registered; second conversion method ignored.
<frozen importlib._bootstrap>:241: RuntimeWarning: to-Python converter for std::vector<int, std::allocator<int> > already registered; second conversion method ignored.
<frozen importlib._bootstrap>:241: RuntimeWarning: to-Python converter for std::vector<double, std::allocator<double> > already registered; second conversion method ignored.
<frozen importlib._bootstrap>:241: RuntimeWarning: to-Python converter for std::vector<std::__cxx11::basic_string<char, std::char_traits<char>, std::allocator<char> >, std::allocator<std::__cxx11::basic_string<char, std::char_traits<char>, std::allocator<char> > > > already registered; second conversion method ignored.
WARNING: Can't find trunk frames in the model, can't measure leg spacing
WARNING: Can't find head frames in the model, camera_look_at won't work
gait_parameters {'dx': 0.0, 'dy': -0.01, 'dtheta': 0.15, 'duration': 8, 'hardware': True, 'double_support_ratio': 0.8, 'startend_double_support_ratio': 1.5, 'planned_timesteps': 48, 'replan_timesteps': 10, 'walk_com_height': 0.445, 'walk_foot_height': 0.03, 'walk_trunk_pitch': -5.7, 'walk_foot_rise_ratio': 0.2, 'single_support_duration': 0.8, 'single_support_timesteps': 10, 'foot_length': 0.22, 'feet_spacing': 0.114, 'zmp_margin': 0.02, 'foot_zmp_target_x': 0.0, 'foot_zmp_target_y': 0.0, 'walk_max_dtheta': 1.0, 'walk_max_dy': 0.04, 'walk_max_dx_forward': 0.08, 'walk_max_dx_backward': 0.03, 'joints': ['leg_left_ankle_roll_joint', 'leg_left_ankle_pitch_joint', 'leg_left_knee_pitch_joint', 'leg_left_hip_pitch_joint', 'leg_left_hip_yaw_joint', 'leg_left_hip_roll_joint', 'leg_right_ankle_roll_joint', 'leg_right_ankle_pitch_joint', 'leg_right_knee_pitch_joint', 'leg_right_hip_pitch_joint', 'leg_right_hip_yaw_joint', 'leg_right_hip_roll_joint', 'left_wrist_attachment_joint', 'left_fore_arm_joint', 'left_upper_arm_joint', 'left_shoulder_joint', 'right_wrist_attachment_joint', 'right_fore_arm_joint', 'right_upper_arm_joint', 'right_shoulder_joint'], 'joint_angles': {'left_wrist_attachment_joint': 0, 'left_fore_arm_joint': -90, 'left_upper_arm_joint': 45, 'left_shoulder_joint': 0, 'right_wrist_attachment_joint': 0, 'right_fore_arm_joint': 90, 'right_upper_arm_joint': -45, 'right_shoulder_joint': 0}}
Placing the robot in the initial position...
Initial position reached
{'leg_left_ankle_roll_joint': 0.014731932182615566, 'leg_left_ankle_pitch_joint': -0.48995811986858084, 'leg_left_knee_pitch_joint': 0.9356889764182009, 'leg_left_hip_pitch_joint': -0.3466964796913506, 'leg_left_hip_yaw_joint': -0.05286365771391953, 'leg_left_hip_roll_joint': -0.009345218540191642, 'leg_right_ankle_roll_joint': 0.015319959202241452, 'leg_right_ankle_pitch_joint': -0.5145444929285407, 'leg_right_knee_pitch_joint': 1.0176191993946841, 'leg_right_hip_pitch_joint': -0.4040548432126273, 'leg_right_hip_yaw_joint': -0.05332040518399516, 'leg_right_hip_roll_joint': -0.009723867070586697, 'left_wrist_attachment_joint': -0.03244623114354349, 'left_fore_arm_joint': -0.6313179068503677, 'left_upper_arm_joint': 0.785398163389942, 'left_shoulder_joint': 5.976931773226537e-12, 'right_wrist_attachment_joint': -2.574834530808362e-28, 'right_fore_arm_joint': 1.3326566674085847, 'right_upper_arm_joint': -0.7853981633889463, 'right_shoulder_joint': 5.27768640740926e-12}
## period: 2.88
BAD root_position: -0.07991
BAD root_position: -0.07991
BAD root_position: -0.07991
BAD root_position: -0.07991
BAD root_position: -0.07991
BAD root_position: -0.07991
BAD root_position: -0.07991
BAD root_position: -0.07991
BAD root_position: -0.07991
BAD root_position: -0.07991
BAD root_position: -0.07991
BAD root_position: -0.07991
BAD root_position: -0.07991
BAD root_position: -0.07991
BAD root_position: -0.07991
BAD root_position: -0.07991
BAD root_position: -0.07991
BAD root_position: -0.07991
BAD root_position: -0.07991
BAD root_position: -0.07991
BAD root_position: -0.07991
BAD root_position: -0.07991
BAD root_position: -0.07991
BAD root_position: -0.07991
BAD root_position: -0.07991
BAD root_position: -0.07991
BAD root_position: -0.07991
BAD root_position: -0.07991
BAD root_position: -0.07991
BAD root_position: -0.07991
BAD root_position: -0.07991
BAD root_position: -0.07991
BAD root_position: -0.07991
BAD root_position: -0.07991
BAD root_position: -0.07991
BAD root_position: -0.07991
BAD root_position: -0.07991
BAD root_position: -0.07991
BAD root_position: -0.07991
BAD root_position: -0.07990
BAD root_position: -0.07990
BAD root_position: -0.07990
BAD root_position: -0.07990
BAD root_position: -0.07990
BAD root_position: -0.07990
BAD root_position: -0.07990
BAD root_position: -0.07990
BAD root_position: -0.07990
BAD root_position: -0.07990
BAD root_position: -0.07990
BAD root_position: -0.07990
BAD root_position: -0.07990
BAD root_position: -0.07990
BAD root_position: -0.07989
BAD root_position: -0.07989
BAD root_position: -0.07989
BAD root_position: -0.07988
BAD root_position: -0.07988
BAD root_position: -0.07989
BAD root_position: -0.07998
BAD root_position: -0.08015
BAD root_position: -0.08039
BAD root_position: -0.08069
BAD root_position: -0.08102
BAD root_position: -0.08138
BAD root_position: -0.08176
BAD root_position: -0.08214
BAD root_position: -0.08251
BAD root_position: -0.08285
BAD root_position: -0.08315
BAD root_position: -0.08341
BAD root_position: -0.08360
BAD root_position: -0.08371
BAD root_position: -0.08373
BAD root_position: -0.08373
BAD root_position: -0.08373
BAD root_position: -0.08373
BAD root_position: -0.08373
BAD root_position: -0.08373
BAD root_position: -0.08373
BAD root_position: -0.08373
BAD root_position: -0.08371
BAD root_position: -0.08360
BAD root_position: -0.08342
BAD root_position: -0.08317
BAD root_position: -0.08287
BAD root_position: -0.08253
BAD root_position: -0.08216
BAD root_position: -0.08178
BAD root_position: -0.08140
BAD root_position: -0.08104
BAD root_position: -0.08070
BAD root_position: -0.08041
BAD root_position: -0.08016
BAD root_position: -0.07999
BAD root_position: -0.07989
BAD root_position: -0.07988
BAD root_position: -0.07988
BAD root_position: -0.07988
BAD root_position: -0.07989
BAD root_position: -0.07989
BAD root_position: -0.07989
BAD root_position: -0.07990
BAD root_position: -0.07990
BAD root_position: -0.07990
BAD root_position: -0.07990
BAD root_position: -0.07990
BAD root_position: -0.07990
BAD root_position: -0.07991
BAD root_position: -0.07991
BAD root_position: -0.07991
BAD root_position: -0.07990
BAD root_position: -0.07990
BAD root_position: -0.07990
BAD root_position: -0.07990
BAD root_position: -0.07990
BAD root_position: -0.07990
BAD root_position: -0.07989
BAD root_position: -0.07989
BAD root_position: -0.07989
BAD root_position: -0.07988
BAD root_position: -0.07988
BAD root_position: -0.07988
BAD root_position: -0.07987
BAD root_position: -0.07987
BAD root_position: -0.07987
BAD root_position: -0.07986
BAD root_position: -0.07990
BAD root_position: -0.08003
BAD root_position: -0.08024
BAD root_position: -0.08050
BAD root_position: -0.08081
BAD root_position: -0.08116
BAD root_position: -0.08153
BAD root_position: -0.08191
BAD root_position: -0.08229
BAD root_position: -0.08265
BAD root_position: -0.08298
BAD root_position: -0.08326
BAD root_position: -0.08349
BAD root_position: -0.08365
BAD root_position: -0.08372
BAD root_position: -0.08373
BAD root_position: -0.08373
BAD root_position: -0.08373
BAD root_position: -0.08373
BAD root_position: -0.08373
BAD root_position: -0.08373
BAD root_position: -0.08373
BAD root_position: -0.08373
BAD root_position: -0.08367
BAD root_position: -0.08353
BAD root_position: -0.08332
BAD root_position: -0.08304
BAD root_position: -0.08272
BAD root_position: -0.08237
BAD root_position: -0.08199
BAD root_position: -0.08162
BAD root_position: -0.08124
BAD root_position: -0.08089
BAD root_position: -0.08057
BAD root_position: -0.08029
BAD root_position: -0.08008
BAD root_position: -0.07993
BAD root_position: -0.07988
BAD root_position: -0.07988
BAD root_position: -0.07988
BAD root_position: -0.07989
BAD root_position: -0.07989
BAD root_position: -0.07989
BAD root_position: -0.07990
BAD root_position: -0.07990
BAD root_position: -0.07990
BAD root_position: -0.07990
BAD root_position: -0.07991
BAD root_position: -0.07991
BAD root_position: -0.07991
BAD root_position: -0.07991
BAD root_position: -0.07991
BAD root_position: -0.07991
BAD root_position: -0.07991
BAD root_position: -0.07991
BAD root_position: -0.07990
BAD root_position: -0.07990
BAD root_position: -0.07990
BAD root_position: -0.07990
BAD root_position: -0.07990
BAD root_position: -0.07989
BAD root_position: -0.07989
BAD root_position: -0.07989
BAD root_position: -0.07988
BAD root_position: -0.07988
BAD root_position: -0.07988
BAD root_position: -0.07987
BAD root_position: -0.07987
BAD root_position: -0.07987
BAD root_position: -0.07993
BAD root_position: -0.08006
BAD root_position: -0.08026
BAD root_position: -0.08052
BAD root_position: -0.08082
BAD root_position: -0.08115
BAD root_position: -0.08150
BAD root_position: -0.08186
BAD root_position: -0.08222
BAD root_position: -0.08257
BAD root_position: -0.08289
BAD root_position: -0.08318
BAD root_position: -0.08341
BAD root_position: -0.08359
BAD root_position: -0.08370
BAD root_position: -0.08373
BAD root_position: -0.08373
BAD root_position: -0.08373
BAD root_position: -0.08373
BAD root_position: -0.08373
BAD root_position: -0.08373
BAD root_position: -0.08373
BAD root_position: -0.08372
BAD root_position: -0.08372
BAD root_position: -0.08366
BAD root_position: -0.08353
BAD root_position: -0.08332
BAD root_position: -0.08306
BAD root_position: -0.08276
BAD root_position: -0.08243
BAD root_position: -0.08208
BAD root_position: -0.08172
BAD root_position: -0.08136
BAD root_position: -0.08101
BAD root_position: -0.08069
BAD root_position: -0.08041
BAD root_position: -0.08017
BAD root_position: -0.07999
BAD root_position: -0.07989
BAD root_position: -0.07986
BAD root_position: -0.07987
BAD root_position: -0.07987
BAD root_position: -0.07987
BAD root_position: -0.07988
BAD root_position: -0.07988
BAD root_position: -0.07988
BAD root_position: -0.07989
BAD root_position: -0.07989
BAD root_position: -0.07989
BAD root_position: -0.07989
BAD root_position: -0.07990
BAD root_position: -0.07990
BAD root_position: -0.07990
BAD root_position: -0.07990
BAD root_position: -0.07990
BAD root_position: -0.07991
BAD root_position: -0.07991
BAD root_position: -0.07991
BAD root_position: -0.07991
BAD root_position: -0.07990
BAD root_position: -0.07990
BAD root_position: -0.07990
BAD root_position: -0.07990
BAD root_position: -0.07990
BAD root_position: -0.07989
BAD root_position: -0.07989
BAD root_position: -0.07989
BAD root_position: -0.07989
BAD root_position: -0.07988
BAD root_position: -0.07988
BAD root_position: -0.07988
BAD root_position: -0.07987
BAD root_position: -0.07993
BAD root_position: -0.08007
BAD root_position: -0.08027
BAD root_position: -0.08052
BAD root_position: -0.08082
BAD root_position: -0.08115
BAD root_position: -0.08151
BAD root_position: -0.08187
BAD root_position: -0.08223
BAD root_position: -0.08258
BAD root_position: -0.08290
BAD root_position: -0.08318
BAD root_position: -0.08342
BAD root_position: -0.08360
BAD root_position: -0.08371
BAD root_position: -0.08374
BAD root_position: -0.08374
BAD root_position: -0.08374
BAD root_position: -0.08374
BAD root_position: -0.08374
BAD root_position: -0.08374
BAD root_position: -0.08374
BAD root_position: -0.08374
BAD root_position: -0.08374
BAD root_position: -0.08368
BAD root_position: -0.08354
BAD root_position: -0.08334
BAD root_position: -0.08308
BAD root_position: -0.08278
BAD root_position: -0.08244
BAD root_position: -0.08209
BAD root_position: -0.08173
BAD root_position: -0.08137
BAD root_position: -0.08102
BAD root_position: -0.08070
BAD root_position: -0.08042
BAD root_position: -0.08018
BAD root_position: -0.08000
BAD root_position: -0.07989
BAD root_position: -0.07987
BAD root_position: -0.07987
BAD root_position: -0.07987
BAD root_position: -0.07987
BAD root_position: -0.07988
BAD root_position: -0.07988
BAD root_position: -0.07988
BAD root_position: -0.07988
BAD root_position: -0.07989
BAD root_position: -0.07989
BAD root_position: -0.07989
BAD root_position: -0.07990
BAD root_position: -0.07990
BAD root_position: -0.07990
BAD root_position: -0.07990
BAD root_position: -0.07990
BAD root_position: -0.07990
BAD root_position: -0.07991
BAD root_position: -0.07991
BAD root_position: -0.07990
BAD root_position: -0.07990
BAD root_position: -0.07990
BAD root_position: -0.07990
BAD root_position: -0.07990
BAD root_position: -0.07989
BAD root_position: -0.07989
BAD root_position: -0.07989
BAD root_position: -0.07989
BAD root_position: -0.07988
BAD root_position: -0.07988
BAD root_position: -0.07987
BAD root_position: -0.07987
BAD root_position: -0.07987
BAD root_position: -0.07992
BAD root_position: -0.08006
BAD root_position: -0.08026
BAD root_position: -0.08051
BAD root_position: -0.08081
BAD root_position: -0.08114
BAD root_position: -0.08149
BAD root_position: -0.08185
BAD root_position: -0.08221
BAD root_position: -0.08256
BAD root_position: -0.08288
BAD root_position: -0.08316
BAD root_position: -0.08340
BAD root_position: -0.08358
BAD root_position: -0.08368
BAD root_position: -0.08371
BAD root_position: -0.08371
BAD root_position: -0.08371
BAD root_position: -0.08371
BAD root_position: -0.08371
BAD root_position: -0.08371
BAD root_position: -0.08371
BAD root_position: -0.08371
BAD root_position: -0.08371
BAD root_position: -0.08365
BAD root_position: -0.08351
BAD root_position: -0.08331
BAD root_position: -0.08305
BAD root_position: -0.08275
BAD root_position: -0.08242
BAD root_position: -0.08207
BAD root_position: -0.08170
BAD root_position: -0.08134
BAD root_position: -0.08099
BAD root_position: -0.08067
BAD root_position: -0.08039
BAD root_position: -0.08015
BAD root_position: -0.07998
BAD root_position: -0.07987
BAD root_position: -0.07984
BAD root_position: -0.07985
BAD root_position: -0.07985
BAD root_position: -0.07986
BAD root_position: -0.07986
BAD root_position: -0.07986
BAD root_position: -0.07987
BAD root_position: -0.07987
BAD root_position: -0.07988
BAD root_position: -0.07988
BAD root_position: -0.07988
BAD root_position: -0.07989
BAD root_position: -0.07989
BAD root_position: -0.07990
BAD root_position: -0.07990
BAD root_position: -0.07990
BAD root_position: -0.07990
BAD root_position: -0.07991
BAD root_position: -0.07991
BAD root_position: -0.07991
BAD root_position: -0.07991
BAD root_position: -0.07991
BAD root_position: -0.07991
BAD root_position: -0.07991
BAD root_position: -0.07991
BAD root_position: -0.07990
BAD root_position: -0.07990
BAD root_position: -0.07990
BAD root_position: -0.07990
BAD root_position: -0.07989
BAD root_position: -0.07989
BAD root_position: -0.07989
BAD root_position: -0.07995
BAD root_position: -0.08009
BAD root_position: -0.08031
BAD root_position: -0.08058
BAD root_position: -0.08090
BAD root_position: -0.08126
BAD root_position: -0.08163
BAD root_position: -0.08201
BAD root_position: -0.08239
BAD root_position: -0.08274
BAD root_position: -0.08307
BAD root_position: -0.08334
BAD root_position: -0.08356
BAD root_position: -0.08370
BAD root_position: -0.08376
BAD root_position: -0.08376
BAD root_position: -0.08376
BAD root_position: -0.08376
BAD root_position: -0.08376
BAD root_position: -0.08376
BAD root_position: -0.08376
BAD root_position: -0.08376
BAD root_position: -0.08376
BAD root_position: -0.08369
BAD root_position: -0.08353
BAD root_position: -0.08330
BAD root_position: -0.08302
BAD root_position: -0.08269
BAD root_position: -0.08233
BAD root_position: -0.08196
BAD root_position: -0.08158
BAD root_position: -0.08120
BAD root_position: -0.08086
BAD root_position: -0.08054
BAD root_position: -0.08028
BAD root_position: -0.08007
BAD root_position: -0.07994
BAD root_position: -0.07990
BAD root_position: -0.07990
BAD root_position: -0.07990
BAD root_position: -0.07991
BAD root_position: -0.07991
BAD root_position: -0.07991
BAD root_position: -0.07991
BAD root_position: -0.07991
BAD root_position: -0.07991
BAD root_position: -0.07991
BAD root_position: -0.07991
BAD root_position: -0.07991
BAD root_position: -0.07991
BAD root_position: -0.07991
BAD root_position: -0.07991
BAD root_position: -0.07990
BAD root_position: -0.07990
BAD root_position: -0.07990
BAD root_position: -0.07989
BAD root_position: -0.07989
BAD root_position: -0.07989
BAD root_position: -0.07988
BAD root_position: -0.07988
BAD root_position: -0.07987
BAD root_position: -0.07987
BAD root_position: -0.07986
BAD root_position: -0.07986
BAD root_position: -0.07985
BAD root_position: -0.07985
BAD root_position: -0.07984
BAD root_position: -0.07984
BAD root_position: -0.07985
BAD root_position: -0.07995
BAD root_position: -0.08012
BAD root_position: -0.08036
BAD root_position: -0.08066
BAD root_position: -0.08100
BAD root_position: -0.08136
BAD root_position: -0.08174
BAD root_position: -0.08211
BAD root_position: -0.08248
BAD root_position: -0.08282
BAD root_position: -0.08312
BAD root_position: -0.08337
BAD root_position: -0.08356
BAD root_position: -0.08367
BAD root_position: -0.08369
BAD root_position: -0.08369
BAD root_position: -0.08369
BAD root_position: -0.08369
BAD root_position: -0.08369
BAD root_position: -0.08369
recorded 500 frames
avg lin_vel_x 0.0
avg lin_vel_y -0.0046
avg yaw 0.0
computed xvel: 0.0, mean xvel: 0.0
computed yvel: -0.007, mean yvel: -0.0046
computed thetavel: 0.104, mean thetavel: 0.0
DONE, saving 128_0.0_-0.007_0.104.json
