<frozen importlib._bootstrap>:241: RuntimeWarning: to-Python converter for std::vector<Eigen::Matrix<double, 3, 1, 0, 3, 1>, std::allocator<Eigen::Matrix<double, 3, 1, 0, 3, 1> > > already registered; second conversion method ignored.
<frozen importlib._bootstrap>:241: RuntimeWarning: to-Python converter for boost::python::detail::container_element<std::vector<Eigen::Matrix<double, 3, 1, 0, 3, 1>, std::allocator<Eigen::Matrix<double, 3, 1, 0, 3, 1> > >, unsigned long, boost::python::detail::final_vector_derived_policies<std::vector<Eigen::Matrix<double, 3, 1, 0, 3, 1>, std::allocator<Eigen::Matrix<double, 3, 1, 0, 3, 1> > >, false> > already registered; second conversion method ignored.
<frozen importlib._bootstrap>:241: RuntimeWarning: to-Python converter for std::vector<int, std::allocator<int> > already registered; second conversion method ignored.
<frozen importlib._bootstrap>:241: RuntimeWarning: to-Python converter for std::vector<double, std::allocator<double> > already registered; second conversion method ignored.
<frozen importlib._bootstrap>:241: RuntimeWarning: to-Python converter for std::vector<std::__cxx11::basic_string<char, std::char_traits<char>, std::allocator<char> >, std::allocator<std::__cxx11::basic_string<char, std::char_traits<char>, std::allocator<char> > > > already registered; second conversion method ignored.
WARNING: Can't find trunk frames in the model, can't measure leg spacing
WARNING: Can't find head frames in the model, camera_look_at won't work
gait_parameters {'dx': -0.02, 'dy': 0.01, 'dtheta': -0.2, 'duration': 8, 'hardware': True, 'double_support_ratio': 0.8, 'startend_double_support_ratio': 1.5, 'planned_timesteps': 48, 'replan_timesteps': 10, 'walk_com_height': 0.445, 'walk_foot_height': 0.03, 'walk_trunk_pitch': -5.7, 'walk_foot_rise_ratio': 0.2, 'single_support_duration': 0.8, 'single_support_timesteps': 10, 'foot_length': 0.22, 'feet_spacing': 0.114, 'zmp_margin': 0.02, 'foot_zmp_target_x': 0.0, 'foot_zmp_target_y': 0.0, 'walk_max_dtheta': 1.0, 'walk_max_dy': 0.04, 'walk_max_dx_forward': 0.08, 'walk_max_dx_backward': 0.03, 'joints': ['leg_left_ankle_roll_joint', 'leg_left_ankle_pitch_joint', 'leg_left_knee_pitch_joint', 'leg_left_hip_pitch_joint', 'leg_left_hip_yaw_joint', 'leg_left_hip_roll_joint', 'leg_right_ankle_roll_joint', 'leg_right_ankle_pitch_joint', 'leg_right_knee_pitch_joint', 'leg_right_hip_pitch_joint', 'leg_right_hip_yaw_joint', 'leg_right_hip_roll_joint', 'left_wrist_attachment_joint', 'left_fore_arm_joint', 'left_upper_arm_joint', 'left_shoulder_joint', 'right_wrist_attachment_joint', 'right_fore_arm_joint', 'right_upper_arm_joint', 'right_shoulder_joint'], 'joint_angles': {'left_wrist_attachment_joint': 0, 'left_fore_arm_joint': -90, 'left_upper_arm_joint': 45, 'left_shoulder_joint': 0, 'right_wrist_attachment_joint': 0, 'right_fore_arm_joint': 90, 'right_upper_arm_joint': -45, 'right_shoulder_joint': 0}}
Placing the robot in the initial position...
Initial position reached
{'leg_left_ankle_roll_joint': 0.014739112378280102, 'leg_left_ankle_pitch_joint': -0.4878139462789589, 'leg_left_knee_pitch_joint': 0.9317109874027614, 'leg_left_hip_pitch_joint': -0.3448629050393967, 'leg_left_hip_yaw_joint': -0.05286921203413259, 'leg_left_hip_roll_joint': -0.00934977517381979, 'leg_right_ankle_roll_joint': 0.015326809360151971, 'leg_right_ankle_pitch_joint': -0.5125518865697108, 'leg_right_knee_pitch_joint': 1.0139295894158784, 'leg_right_hip_pitch_joint': -0.4023580712928385, 'leg_right_hip_yaw_joint': -0.053325704113803274, 'leg_right_hip_roll_joint': -0.009728214469247995, 'left_wrist_attachment_joint': -0.10619245907176447, 'left_fore_arm_joint': -0.596207875500079, 'left_upper_arm_joint': 0.7853981633897423, 'left_shoulder_joint': 6.133927189242607e-12, 'right_wrist_attachment_joint': -2.6343192255491165e-28, 'right_fore_arm_joint': 1.292398652356117, 'right_upper_arm_joint': -0.7853981633886749, 'right_shoulder_joint': 5.414984386449365e-12}
## period: 2.88
BAD root_position: -0.07991
BAD root_position: -0.07991
BAD root_position: -0.07991
BAD root_position: -0.07991
BAD root_position: -0.07991
BAD root_position: -0.07991
BAD root_position: -0.07991
BAD root_position: -0.07991
BAD root_position: -0.07991
BAD root_position: -0.07991
BAD root_position: -0.07991
BAD root_position: -0.07991
BAD root_position: -0.07991
BAD root_position: -0.07991
BAD root_position: -0.07991
BAD root_position: -0.07991
BAD root_position: -0.07991
BAD root_position: -0.07991
BAD root_position: -0.07991
BAD root_position: -0.07991
BAD root_position: -0.07991
BAD root_position: -0.07991
BAD root_position: -0.07991
BAD root_position: -0.07991
BAD root_position: -0.07991
BAD root_position: -0.07991
BAD root_position: -0.07991
BAD root_position: -0.07991
BAD root_position: -0.07991
BAD root_position: -0.07991
BAD root_position: -0.07991
BAD root_position: -0.07991
BAD root_position: -0.07991
BAD root_position: -0.07991
BAD root_position: -0.07991
BAD root_position: -0.07991
BAD root_position: -0.07991
BAD root_position: -0.07991
BAD root_position: -0.07991
BAD root_position: -0.07990
BAD root_position: -0.07990
BAD root_position: -0.07990
BAD root_position: -0.07990
BAD root_position: -0.07990
BAD root_position: -0.07990
BAD root_position: -0.07990
BAD root_position: -0.07990
BAD root_position: -0.07990
BAD root_position: -0.07990
BAD root_position: -0.07990
BAD root_position: -0.07990
BAD root_position: -0.07990
BAD root_position: -0.07990
BAD root_position: -0.07989
BAD root_position: -0.07989
BAD root_position: -0.07989
BAD root_position: -0.07988
BAD root_position: -0.07988
BAD root_position: -0.07989
BAD root_position: -0.07998
BAD root_position: -0.08015
BAD root_position: -0.08039
BAD root_position: -0.08069
BAD root_position: -0.08102
BAD root_position: -0.08138
BAD root_position: -0.08176
BAD root_position: -0.08214
BAD root_position: -0.08251
BAD root_position: -0.08285
BAD root_position: -0.08315
BAD root_position: -0.08341
BAD root_position: -0.08360
BAD root_position: -0.08371
BAD root_position: -0.08373
BAD root_position: -0.08373
BAD root_position: -0.08373
BAD root_position: -0.08373
BAD root_position: -0.08373
BAD root_position: -0.08373
BAD root_position: -0.08373
BAD root_position: -0.08373
BAD root_position: -0.08371
BAD root_position: -0.08360
BAD root_position: -0.08342
BAD root_position: -0.08317
BAD root_position: -0.08287
BAD root_position: -0.08253
BAD root_position: -0.08216
BAD root_position: -0.08178
BAD root_position: -0.08140
BAD root_position: -0.08104
BAD root_position: -0.08070
BAD root_position: -0.08041
BAD root_position: -0.08016
BAD root_position: -0.07999
BAD root_position: -0.07989
BAD root_position: -0.07988
BAD root_position: -0.07988
BAD root_position: -0.07988
BAD root_position: -0.07989
BAD root_position: -0.07989
BAD root_position: -0.07989
BAD root_position: -0.07990
BAD root_position: -0.07990
BAD root_position: -0.07990
BAD root_position: -0.07990
BAD root_position: -0.07990
BAD root_position: -0.07991
BAD root_position: -0.07991
BAD root_position: -0.07991
BAD root_position: -0.07991
BAD root_position: -0.07990
BAD root_position: -0.07990
BAD root_position: -0.07990
BAD root_position: -0.07990
BAD root_position: -0.07990
BAD root_position: -0.07990
BAD root_position: -0.07989
BAD root_position: -0.07989
BAD root_position: -0.07989
BAD root_position: -0.07988
BAD root_position: -0.07988
BAD root_position: -0.07988
BAD root_position: -0.07987
BAD root_position: -0.07987
BAD root_position: -0.07987
BAD root_position: -0.07986
BAD root_position: -0.07990
BAD root_position: -0.08003
BAD root_position: -0.08024
BAD root_position: -0.08050
BAD root_position: -0.08081
BAD root_position: -0.08116
BAD root_position: -0.08153
BAD root_position: -0.08191
BAD root_position: -0.08229
BAD root_position: -0.08265
BAD root_position: -0.08298
BAD root_position: -0.08326
BAD root_position: -0.08349
BAD root_position: -0.08364
BAD root_position: -0.08372
BAD root_position: -0.08372
BAD root_position: -0.08372
BAD root_position: -0.08372
BAD root_position: -0.08372
BAD root_position: -0.08372
BAD root_position: -0.08372
BAD root_position: -0.08372
BAD root_position: -0.08372
BAD root_position: -0.08366
BAD root_position: -0.08352
BAD root_position: -0.08331
BAD root_position: -0.08303
BAD root_position: -0.08271
BAD root_position: -0.08236
BAD root_position: -0.08198
BAD root_position: -0.08160
BAD root_position: -0.08123
BAD root_position: -0.08088
BAD root_position: -0.08056
BAD root_position: -0.08028
BAD root_position: -0.08007
BAD root_position: -0.07992
BAD root_position: -0.07987
BAD root_position: -0.07987
BAD root_position: -0.07987
BAD root_position: -0.07988
BAD root_position: -0.07988
BAD root_position: -0.07988
BAD root_position: -0.07989
BAD root_position: -0.07989
BAD root_position: -0.07989
BAD root_position: -0.07990
BAD root_position: -0.07990
BAD root_position: -0.07990
BAD root_position: -0.07990
BAD root_position: -0.07990
BAD root_position: -0.07990
BAD root_position: -0.07990
BAD root_position: -0.07990
BAD root_position: -0.07990
BAD root_position: -0.07990
BAD root_position: -0.07990
BAD root_position: -0.07990
BAD root_position: -0.07990
BAD root_position: -0.07990
BAD root_position: -0.07989
BAD root_position: -0.07989
BAD root_position: -0.07989
BAD root_position: -0.07989
BAD root_position: -0.07988
BAD root_position: -0.07988
BAD root_position: -0.07988
BAD root_position: -0.07987
BAD root_position: -0.07987
BAD root_position: -0.07993
BAD root_position: -0.08007
BAD root_position: -0.08027
BAD root_position: -0.08052
BAD root_position: -0.08082
BAD root_position: -0.08116
BAD root_position: -0.08151
BAD root_position: -0.08187
BAD root_position: -0.08223
BAD root_position: -0.08257
BAD root_position: -0.08290
BAD root_position: -0.08318
BAD root_position: -0.08342
BAD root_position: -0.08360
BAD root_position: -0.08370
BAD root_position: -0.08373
BAD root_position: -0.08373
BAD root_position: -0.08373
BAD root_position: -0.08373
BAD root_position: -0.08373
BAD root_position: -0.08372
BAD root_position: -0.08372
BAD root_position: -0.08372
BAD root_position: -0.08372
BAD root_position: -0.08366
BAD root_position: -0.08352
BAD root_position: -0.08332
BAD root_position: -0.08306
BAD root_position: -0.08276
BAD root_position: -0.08243
BAD root_position: -0.08207
BAD root_position: -0.08171
BAD root_position: -0.08135
BAD root_position: -0.08101
BAD root_position: -0.08069
BAD root_position: -0.08040
BAD root_position: -0.08017
BAD root_position: -0.07999
BAD root_position: -0.07989
BAD root_position: -0.07986
BAD root_position: -0.07987
BAD root_position: -0.07987
BAD root_position: -0.07987
BAD root_position: -0.07988
BAD root_position: -0.07988
BAD root_position: -0.07988
BAD root_position: -0.07989
BAD root_position: -0.07989
BAD root_position: -0.07990
BAD root_position: -0.07990
BAD root_position: -0.07990
BAD root_position: -0.07990
BAD root_position: -0.07991
BAD root_position: -0.07991
BAD root_position: -0.07991
BAD root_position: -0.07991
BAD root_position: -0.07991
BAD root_position: -0.07991
BAD root_position: -0.07991
BAD root_position: -0.07991
BAD root_position: -0.07991
BAD root_position: -0.07991
BAD root_position: -0.07991
BAD root_position: -0.07990
BAD root_position: -0.07990
BAD root_position: -0.07990
BAD root_position: -0.07989
BAD root_position: -0.07989
BAD root_position: -0.07989
BAD root_position: -0.07989
BAD root_position: -0.07988
BAD root_position: -0.07988
BAD root_position: -0.07994
BAD root_position: -0.08007
BAD root_position: -0.08027
BAD root_position: -0.08053
BAD root_position: -0.08083
BAD root_position: -0.08116
BAD root_position: -0.08151
BAD root_position: -0.08187
BAD root_position: -0.08223
BAD root_position: -0.08258
BAD root_position: -0.08290
BAD root_position: -0.08318
BAD root_position: -0.08342
BAD root_position: -0.08359
BAD root_position: -0.08370
BAD root_position: -0.08373
BAD root_position: -0.08372
BAD root_position: -0.08372
BAD root_position: -0.08372
BAD root_position: -0.08372
BAD root_position: -0.08372
BAD root_position: -0.08371
BAD root_position: -0.08371
BAD root_position: -0.08371
BAD root_position: -0.08364
BAD root_position: -0.08350
BAD root_position: -0.08330
BAD root_position: -0.08304
BAD root_position: -0.08274
BAD root_position: -0.08240
BAD root_position: -0.08205
BAD root_position: -0.08169
BAD root_position: -0.08133
BAD root_position: -0.08098
BAD root_position: -0.08066
BAD root_position: -0.08038
BAD root_position: -0.08014
BAD root_position: -0.07996
BAD root_position: -0.07986
BAD root_position: -0.07983
BAD root_position: -0.07984
BAD root_position: -0.07984
BAD root_position: -0.07985
BAD root_position: -0.07985
BAD root_position: -0.07985
BAD root_position: -0.07986
BAD root_position: -0.07986
BAD root_position: -0.07987
BAD root_position: -0.07987
BAD root_position: -0.07988
BAD root_position: -0.07988
BAD root_position: -0.07989
BAD root_position: -0.07989
BAD root_position: -0.07990
BAD root_position: -0.07990
BAD root_position: -0.07991
BAD root_position: -0.07991
BAD root_position: -0.07991
BAD root_position: -0.07991
BAD root_position: -0.07992
BAD root_position: -0.07992
BAD root_position: -0.07992
BAD root_position: -0.07992
BAD root_position: -0.07992
BAD root_position: -0.07992
BAD root_position: -0.07992
BAD root_position: -0.07991
BAD root_position: -0.07991
BAD root_position: -0.07991
BAD root_position: -0.07991
BAD root_position: -0.07990
BAD root_position: -0.07990
BAD root_position: -0.07996
BAD root_position: -0.08010
BAD root_position: -0.08030
BAD root_position: -0.08055
BAD root_position: -0.08085
BAD root_position: -0.08118
BAD root_position: -0.08154
BAD root_position: -0.08190
BAD root_position: -0.08226
BAD root_position: -0.08260
BAD root_position: -0.08293
BAD root_position: -0.08321
BAD root_position: -0.08345
BAD root_position: -0.08363
BAD root_position: -0.08373
BAD root_position: -0.08376
BAD root_position: -0.08376
BAD root_position: -0.08376
BAD root_position: -0.08375
BAD root_position: -0.08375
BAD root_position: -0.08375
BAD root_position: -0.08375
BAD root_position: -0.08375
BAD root_position: -0.08375
BAD root_position: -0.08369
BAD root_position: -0.08355
BAD root_position: -0.08335
BAD root_position: -0.08309
BAD root_position: -0.08279
BAD root_position: -0.08245
BAD root_position: -0.08210
BAD root_position: -0.08174
BAD root_position: -0.08137
BAD root_position: -0.08103
BAD root_position: -0.08070
BAD root_position: -0.08042
BAD root_position: -0.08018
BAD root_position: -0.08001
BAD root_position: -0.07990
BAD root_position: -0.07988
BAD root_position: -0.07988
BAD root_position: -0.07988
BAD root_position: -0.07988
BAD root_position: -0.07989
BAD root_position: -0.07989
BAD root_position: -0.07989
BAD root_position: -0.07989
BAD root_position: -0.07990
BAD root_position: -0.07990
BAD root_position: -0.07990
BAD root_position: -0.07990
BAD root_position: -0.07991
BAD root_position: -0.07991
BAD root_position: -0.07991
BAD root_position: -0.07991
BAD root_position: -0.07991
BAD root_position: -0.07991
BAD root_position: -0.07991
BAD root_position: -0.07991
BAD root_position: -0.07991
BAD root_position: -0.07990
BAD root_position: -0.07990
BAD root_position: -0.07990
BAD root_position: -0.07989
BAD root_position: -0.07989
BAD root_position: -0.07989
BAD root_position: -0.07988
BAD root_position: -0.07988
BAD root_position: -0.07987
BAD root_position: -0.07987
BAD root_position: -0.07987
BAD root_position: -0.07992
BAD root_position: -0.08006
BAD root_position: -0.08028
BAD root_position: -0.08055
BAD root_position: -0.08087
BAD root_position: -0.08123
BAD root_position: -0.08160
BAD root_position: -0.08198
BAD root_position: -0.08235
BAD root_position: -0.08270
BAD root_position: -0.08302
BAD root_position: -0.08329
BAD root_position: -0.08351
BAD root_position: -0.08365
BAD root_position: -0.08370
BAD root_position: -0.08370
BAD root_position: -0.08370
BAD root_position: -0.08370
BAD root_position: -0.08369
BAD root_position: -0.08369
BAD root_position: -0.08369
BAD root_position: -0.08369
BAD root_position: -0.08368
BAD root_position: -0.08361
BAD root_position: -0.08345
BAD root_position: -0.08322
BAD root_position: -0.08294
BAD root_position: -0.08261
BAD root_position: -0.08225
BAD root_position: -0.08188
BAD root_position: -0.08150
BAD root_position: -0.08113
BAD root_position: -0.08078
BAD root_position: -0.08047
BAD root_position: -0.08020
BAD root_position: -0.08000
BAD root_position: -0.07988
BAD root_position: -0.07984
BAD root_position: -0.07984
BAD root_position: -0.07985
BAD root_position: -0.07985
BAD root_position: -0.07986
BAD root_position: -0.07986
BAD root_position: -0.07987
BAD root_position: -0.07988
BAD root_position: -0.07988
BAD root_position: -0.07989
BAD root_position: -0.07989
BAD root_position: -0.07989
BAD root_position: -0.07990
BAD root_position: -0.07990
BAD root_position: -0.07991
BAD root_position: -0.07991
BAD root_position: -0.07991
BAD root_position: -0.07991
BAD root_position: -0.07991
BAD root_position: -0.07992
BAD root_position: -0.07992
BAD root_position: -0.07992
BAD root_position: -0.07992
BAD root_position: -0.07992
BAD root_position: -0.07992
BAD root_position: -0.07991
BAD root_position: -0.07991
BAD root_position: -0.07991
BAD root_position: -0.07991
BAD root_position: -0.07991
BAD root_position: -0.07991
BAD root_position: -0.07992
BAD root_position: -0.08002
BAD root_position: -0.08020
BAD root_position: -0.08044
BAD root_position: -0.08074
BAD root_position: -0.08108
BAD root_position: -0.08144
BAD root_position: -0.08182
BAD root_position: -0.08220
BAD root_position: -0.08257
BAD root_position: -0.08291
BAD root_position: -0.08321
BAD root_position: -0.08347
BAD root_position: -0.08365
BAD root_position: -0.08376
BAD root_position: -0.08378
BAD root_position: -0.08378
BAD root_position: -0.08378
BAD root_position: -0.08378
BAD root_position: -0.08377
BAD root_position: -0.08377
recorded 500 frames
avg lin_vel_x -0.0011
avg lin_vel_y -0.0044
avg yaw -0.0
computed xvel: -0.014, mean xvel: -0.0011
computed yvel: 0.007, mean yvel: -0.0044
computed thetavel: -0.139, mean thetavel: -0.0
DONE, saving 13_-0.014_0.007_-0.139.json
