<frozen importlib._bootstrap>:241: RuntimeWarning: to-Python converter for std::vector<Eigen::Matrix<double, 3, 1, 0, 3, 1>, std::allocator<Eigen::Matrix<double, 3, 1, 0, 3, 1> > > already registered; second conversion method ignored.
<frozen importlib._bootstrap>:241: RuntimeWarning: to-Python converter for boost::python::detail::container_element<std::vector<Eigen::Matrix<double, 3, 1, 0, 3, 1>, std::allocator<Eigen::Matrix<double, 3, 1, 0, 3, 1> > >, unsigned long, boost::python::detail::final_vector_derived_policies<std::vector<Eigen::Matrix<double, 3, 1, 0, 3, 1>, std::allocator<Eigen::Matrix<double, 3, 1, 0, 3, 1> > >, false> > already registered; second conversion method ignored.
<frozen importlib._bootstrap>:241: RuntimeWarning: to-Python converter for std::vector<int, std::allocator<int> > already registered; second conversion method ignored.
<frozen importlib._bootstrap>:241: RuntimeWarning: to-Python converter for std::vector<double, std::allocator<double> > already registered; second conversion method ignored.
<frozen importlib._bootstrap>:241: RuntimeWarning: to-Python converter for std::vector<std::__cxx11::basic_string<char, std::char_traits<char>, std::allocator<char> >, std::allocator<std::__cxx11::basic_string<char, std::char_traits<char>, std::allocator<char> > > > already registered; second conversion method ignored.
WARNING: Can't find trunk frames in the model, can't measure leg spacing
WARNING: Can't find head frames in the model, camera_look_at won't work
gait_parameters {'dx': -0.02, 'dy': 0.03, 'dtheta': 0.15, 'duration': 8, 'hardware': True, 'double_support_ratio': 0.8, 'startend_double_support_ratio': 1.5, 'planned_timesteps': 48, 'replan_timesteps': 10, 'walk_com_height': 0.445, 'walk_foot_height': 0.03, 'walk_trunk_pitch': -5.7, 'walk_foot_rise_ratio': 0.2, 'single_support_duration': 0.8, 'single_support_timesteps': 10, 'foot_length': 0.22, 'feet_spacing': 0.114, 'zmp_margin': 0.02, 'foot_zmp_target_x': 0.0, 'foot_zmp_target_y': 0.0, 'walk_max_dtheta': 1.0, 'walk_max_dy': 0.04, 'walk_max_dx_forward': 0.08, 'walk_max_dx_backward': 0.03, 'joints': ['leg_left_ankle_roll_joint', 'leg_left_ankle_pitch_joint', 'leg_left_knee_pitch_joint', 'leg_left_hip_pitch_joint', 'leg_left_hip_yaw_joint', 'leg_left_hip_roll_joint', 'leg_right_ankle_roll_joint', 'leg_right_ankle_pitch_joint', 'leg_right_knee_pitch_joint', 'leg_right_hip_pitch_joint', 'leg_right_hip_yaw_joint', 'leg_right_hip_roll_joint', 'left_wrist_attachment_joint', 'left_fore_arm_joint', 'left_upper_arm_joint', 'left_shoulder_joint', 'right_wrist_attachment_joint', 'right_fore_arm_joint', 'right_upper_arm_joint', 'right_shoulder_joint'], 'joint_angles': {'left_wrist_attachment_joint': 0, 'left_fore_arm_joint': -90, 'left_upper_arm_joint': 45, 'left_shoulder_joint': 0, 'right_wrist_attachment_joint': 0, 'right_fore_arm_joint': 90, 'right_upper_arm_joint': -45, 'right_shoulder_joint': 0}}
Placing the robot in the initial position...
Initial position reached
{'leg_left_ankle_roll_joint': 0.014316961008424438, 'leg_left_ankle_pitch_joint': -0.4983950106322097, 'leg_left_knee_pitch_joint': 0.9485246100589048, 'leg_left_hip_pitch_joint': -0.35108135035311866, 'leg_left_hip_yaw_joint': -0.0525426503032242, 'leg_left_hip_roll_joint': -0.009081877654646554, 'leg_right_ankle_roll_joint': 0.014899926140367364, 'leg_right_ankle_pitch_joint': -0.5224559341917201, 'leg_right_knee_pitch_joint': 1.0293832529745506, 'leg_right_hip_pitch_joint': -0.4078932923567204, 'leg_right_hip_yaw_joint': -0.05299548730840517, 'leg_right_hip_roll_joint': -0.009457301082897844, 'left_wrist_attachment_joint': -0.17343186222960827, 'left_fore_arm_joint': -0.6870581450205879, 'left_upper_arm_joint': 0.785398163392483, 'left_shoulder_joint': 3.826804558638332e-12, 'right_wrist_attachment_joint': -7.086712369924477e-29, 'right_fore_arm_joint': 1.5707963267570668, 'right_upper_arm_joint': -0.7853981633921389, 'right_shoulder_joint': 3.4006840588561344e-12}
## period: 2.88
BAD root_position: -0.07991
BAD root_position: -0.07991
BAD root_position: -0.07991
BAD root_position: -0.07991
BAD root_position: -0.07991
BAD root_position: -0.07991
BAD root_position: -0.07991
BAD root_position: -0.07991
BAD root_position: -0.07991
BAD root_position: -0.07991
BAD root_position: -0.07991
BAD root_position: -0.07991
BAD root_position: -0.07991
BAD root_position: -0.07991
BAD root_position: -0.07991
BAD root_position: -0.07991
BAD root_position: -0.07991
BAD root_position: -0.07991
BAD root_position: -0.07991
BAD root_position: -0.07991
BAD root_position: -0.07991
BAD root_position: -0.07991
BAD root_position: -0.07991
BAD root_position: -0.07991
BAD root_position: -0.07991
BAD root_position: -0.07991
BAD root_position: -0.07991
BAD root_position: -0.07991
BAD root_position: -0.07991
BAD root_position: -0.07991
BAD root_position: -0.07991
BAD root_position: -0.07991
BAD root_position: -0.07991
BAD root_position: -0.07991
BAD root_position: -0.07991
BAD root_position: -0.07991
BAD root_position: -0.07991
BAD root_position: -0.07991
BAD root_position: -0.07991
BAD root_position: -0.07990
BAD root_position: -0.07990
BAD root_position: -0.07990
BAD root_position: -0.07990
BAD root_position: -0.07990
BAD root_position: -0.07990
BAD root_position: -0.07990
BAD root_position: -0.07990
BAD root_position: -0.07990
BAD root_position: -0.07990
BAD root_position: -0.07990
BAD root_position: -0.07990
BAD root_position: -0.07990
BAD root_position: -0.07990
BAD root_position: -0.07989
BAD root_position: -0.07989
BAD root_position: -0.07989
BAD root_position: -0.07988
BAD root_position: -0.07988
BAD root_position: -0.07989
BAD root_position: -0.07998
BAD root_position: -0.08015
BAD root_position: -0.08039
BAD root_position: -0.08069
BAD root_position: -0.08102
BAD root_position: -0.08138
BAD root_position: -0.08176
BAD root_position: -0.08214
BAD root_position: -0.08251
BAD root_position: -0.08285
BAD root_position: -0.08315
BAD root_position: -0.08341
BAD root_position: -0.08360
BAD root_position: -0.08371
BAD root_position: -0.08373
BAD root_position: -0.08373
BAD root_position: -0.08373
BAD root_position: -0.08373
BAD root_position: -0.08373
BAD root_position: -0.08373
BAD root_position: -0.08373
BAD root_position: -0.08373
BAD root_position: -0.08371
BAD root_position: -0.08360
BAD root_position: -0.08342
BAD root_position: -0.08317
BAD root_position: -0.08287
BAD root_position: -0.08253
BAD root_position: -0.08216
BAD root_position: -0.08178
BAD root_position: -0.08140
BAD root_position: -0.08104
BAD root_position: -0.08070
BAD root_position: -0.08041
BAD root_position: -0.08016
BAD root_position: -0.07999
BAD root_position: -0.07989
BAD root_position: -0.07988
BAD root_position: -0.07988
BAD root_position: -0.07988
BAD root_position: -0.07989
BAD root_position: -0.07989
BAD root_position: -0.07989
BAD root_position: -0.07990
BAD root_position: -0.07990
BAD root_position: -0.07990
BAD root_position: -0.07990
BAD root_position: -0.07990
BAD root_position: -0.07991
BAD root_position: -0.07991
BAD root_position: -0.07991
BAD root_position: -0.07991
BAD root_position: -0.07990
BAD root_position: -0.07990
BAD root_position: -0.07990
BAD root_position: -0.07990
BAD root_position: -0.07990
BAD root_position: -0.07990
BAD root_position: -0.07989
BAD root_position: -0.07989
BAD root_position: -0.07989
BAD root_position: -0.07988
BAD root_position: -0.07988
BAD root_position: -0.07988
BAD root_position: -0.07987
BAD root_position: -0.07987
BAD root_position: -0.07987
BAD root_position: -0.07986
BAD root_position: -0.07990
BAD root_position: -0.08003
BAD root_position: -0.08024
BAD root_position: -0.08050
BAD root_position: -0.08081
BAD root_position: -0.08116
BAD root_position: -0.08153
BAD root_position: -0.08191
BAD root_position: -0.08229
BAD root_position: -0.08265
BAD root_position: -0.08297
BAD root_position: -0.08326
BAD root_position: -0.08348
BAD root_position: -0.08364
BAD root_position: -0.08371
BAD root_position: -0.08372
BAD root_position: -0.08372
BAD root_position: -0.08372
BAD root_position: -0.08371
BAD root_position: -0.08371
BAD root_position: -0.08371
BAD root_position: -0.08371
BAD root_position: -0.08371
BAD root_position: -0.08366
BAD root_position: -0.08351
BAD root_position: -0.08330
BAD root_position: -0.08303
BAD root_position: -0.08271
BAD root_position: -0.08235
BAD root_position: -0.08198
BAD root_position: -0.08160
BAD root_position: -0.08123
BAD root_position: -0.08087
BAD root_position: -0.08055
BAD root_position: -0.08028
BAD root_position: -0.08007
BAD root_position: -0.07992
BAD root_position: -0.07986
BAD root_position: -0.07987
BAD root_position: -0.07987
BAD root_position: -0.07988
BAD root_position: -0.07988
BAD root_position: -0.07988
BAD root_position: -0.07989
BAD root_position: -0.07989
BAD root_position: -0.07990
BAD root_position: -0.07990
BAD root_position: -0.07990
BAD root_position: -0.07990
BAD root_position: -0.07991
BAD root_position: -0.07991
BAD root_position: -0.07991
BAD root_position: -0.07991
BAD root_position: -0.07991
BAD root_position: -0.07991
BAD root_position: -0.07991
BAD root_position: -0.07991
BAD root_position: -0.07991
BAD root_position: -0.07991
BAD root_position: -0.07990
BAD root_position: -0.07990
BAD root_position: -0.07990
BAD root_position: -0.07990
BAD root_position: -0.07990
BAD root_position: -0.07989
BAD root_position: -0.07989
BAD root_position: -0.07989
BAD root_position: -0.07989
BAD root_position: -0.07989
BAD root_position: -0.07994
BAD root_position: -0.08008
BAD root_position: -0.08028
BAD root_position: -0.08053
BAD root_position: -0.08082
BAD root_position: -0.08115
BAD root_position: -0.08149
BAD root_position: -0.08184
BAD root_position: -0.08219
BAD root_position: -0.08252
BAD root_position: -0.08283
BAD root_position: -0.08310
BAD root_position: -0.08333
BAD root_position: -0.08349
BAD root_position: -0.08358
BAD root_position: -0.08359
BAD root_position: -0.08358
BAD root_position: -0.08356
BAD root_position: -0.08355
BAD root_position: -0.08354
BAD root_position: -0.08352
BAD root_position: -0.08351
BAD root_position: -0.08350
BAD root_position: -0.08348
BAD root_position: -0.08342
BAD root_position: -0.08327
BAD root_position: -0.08306
BAD root_position: -0.08280
BAD root_position: -0.08250
BAD root_position: -0.08217
BAD root_position: -0.08183
BAD root_position: -0.08147
BAD root_position: -0.08112
BAD root_position: -0.08078
BAD root_position: -0.08047
BAD root_position: -0.08020
BAD root_position: -0.07997
BAD root_position: -0.07981
BAD root_position: -0.07971
BAD root_position: -0.07969
BAD root_position: -0.07971
BAD root_position: -0.07972
BAD root_position: -0.07974
BAD root_position: -0.07975
BAD root_position: -0.07977
BAD root_position: -0.07979
BAD root_position: -0.07981
BAD root_position: -0.07983
BAD root_position: -0.07984
BAD root_position: -0.07986
BAD root_position: -0.07988
BAD root_position: -0.07990
BAD root_position: -0.07992
BAD root_position: -0.07994
BAD root_position: -0.07996
BAD root_position: -0.07998
BAD root_position: -0.07999
BAD root_position: -0.08001
BAD root_position: -0.08003
BAD root_position: -0.08004
BAD root_position: -0.08005
BAD root_position: -0.08007
BAD root_position: -0.08008
BAD root_position: -0.08009
BAD root_position: -0.08010
BAD root_position: -0.08010
BAD root_position: -0.08011
BAD root_position: -0.08012
BAD root_position: -0.08012
BAD root_position: -0.08013
BAD root_position: -0.08013
BAD root_position: -0.08013
BAD root_position: -0.08020
BAD root_position: -0.08034
BAD root_position: -0.08055
BAD root_position: -0.08081
BAD root_position: -0.08112
BAD root_position: -0.08146
BAD root_position: -0.08182
BAD root_position: -0.08219
BAD root_position: -0.08256
BAD root_position: -0.08291
BAD root_position: -0.08323
BAD root_position: -0.08352
BAD root_position: -0.08376
BAD root_position: -0.08394
BAD root_position: -0.08404
BAD root_position: -0.08407
BAD root_position: -0.08406
BAD root_position: -0.08405
BAD root_position: -0.08405
BAD root_position: -0.08404
BAD root_position: -0.08403
BAD root_position: -0.08403
BAD root_position: -0.08402
BAD root_position: -0.08401
BAD root_position: -0.08394
BAD root_position: -0.08380
BAD root_position: -0.08358
BAD root_position: -0.08332
BAD root_position: -0.08300
BAD root_position: -0.08266
BAD root_position: -0.08230
BAD root_position: -0.08193
BAD root_position: -0.08156
BAD root_position: -0.08120
BAD root_position: -0.08087
BAD root_position: -0.08058
BAD root_position: -0.08034
BAD root_position: -0.08016
BAD root_position: -0.08005
BAD root_position: -0.08002
BAD root_position: -0.08001
BAD root_position: -0.08001
BAD root_position: -0.08001
BAD root_position: -0.08001
BAD root_position: -0.08001
BAD root_position: -0.08000
BAD root_position: -0.08000
BAD root_position: -0.08000
BAD root_position: -0.07999
BAD root_position: -0.07999
BAD root_position: -0.07998
BAD root_position: -0.07997
BAD root_position: -0.07997
BAD root_position: -0.07996
BAD root_position: -0.07995
BAD root_position: -0.07994
BAD root_position: -0.07993
BAD root_position: -0.07992
BAD root_position: -0.07991
BAD root_position: -0.07989
BAD root_position: -0.07988
BAD root_position: -0.07987
BAD root_position: -0.07985
BAD root_position: -0.07984
BAD root_position: -0.07983
BAD root_position: -0.07981
BAD root_position: -0.07980
BAD root_position: -0.07979
BAD root_position: -0.07977
BAD root_position: -0.07976
BAD root_position: -0.07975
BAD root_position: -0.07974
BAD root_position: -0.07979
BAD root_position: -0.07991
BAD root_position: -0.08010
BAD root_position: -0.08034
BAD root_position: -0.08063
BAD root_position: -0.08094
BAD root_position: -0.08128
BAD root_position: -0.08162
BAD root_position: -0.08196
BAD root_position: -0.08229
BAD root_position: -0.08259
BAD root_position: -0.08285
BAD root_position: -0.08306
BAD root_position: -0.08322
BAD root_position: -0.08331
BAD root_position: -0.08332
BAD root_position: -0.08330
BAD root_position: -0.08328
BAD root_position: -0.08326
BAD root_position: -0.08324
BAD root_position: -0.08323
BAD root_position: -0.08321
BAD root_position: -0.08320
BAD root_position: -0.08319
BAD root_position: -0.08312
BAD root_position: -0.08298
BAD root_position: -0.08277
BAD root_position: -0.08252
BAD root_position: -0.08222
BAD root_position: -0.08190
BAD root_position: -0.08155
BAD root_position: -0.08121
BAD root_position: -0.08084
BAD root_position: -0.08051
BAD root_position: -0.08021
BAD root_position: -0.07994
BAD root_position: -0.07972
BAD root_position: -0.07956
BAD root_position: -0.07947
BAD root_position: -0.07946
BAD root_position: -0.07948
BAD root_position: -0.07950
BAD root_position: -0.07952
BAD root_position: -0.07955
BAD root_position: -0.07958
BAD root_position: -0.07960
BAD root_position: -0.07963
BAD root_position: -0.07967
BAD root_position: -0.07970
BAD root_position: -0.07973
BAD root_position: -0.07977
BAD root_position: -0.07980
BAD root_position: -0.07984
BAD root_position: -0.07988
BAD root_position: -0.07992
BAD root_position: -0.07996
BAD root_position: -0.08000
BAD root_position: -0.08003
BAD root_position: -0.08007
BAD root_position: -0.08010
BAD root_position: -0.08014
BAD root_position: -0.08017
BAD root_position: -0.08020
BAD root_position: -0.08023
BAD root_position: -0.08025
BAD root_position: -0.08028
BAD root_position: -0.08030
BAD root_position: -0.08032
BAD root_position: -0.08033
BAD root_position: -0.08035
BAD root_position: -0.08036
BAD root_position: -0.08044
BAD root_position: -0.08060
BAD root_position: -0.08083
BAD root_position: -0.08112
BAD root_position: -0.08146
BAD root_position: -0.08183
BAD root_position: -0.08222
BAD root_position: -0.08262
BAD root_position: -0.08300
BAD root_position: -0.08337
BAD root_position: -0.08370
BAD root_position: -0.08398
BAD root_position: -0.08420
BAD root_position: -0.08434
BAD root_position: -0.08439
BAD root_position: -0.08438
BAD root_position: -0.08437
BAD root_position: -0.08436
BAD root_position: -0.08435
BAD root_position: -0.08434
BAD root_position: -0.08432
BAD root_position: -0.08431
BAD root_position: -0.08430
BAD root_position: -0.08421
BAD root_position: -0.08404
BAD root_position: -0.08379
BAD root_position: -0.08349
BAD root_position: -0.08314
BAD root_position: -0.08276
BAD root_position: -0.08237
BAD root_position: -0.08197
BAD root_position: -0.08158
BAD root_position: -0.08121
BAD root_position: -0.08088
BAD root_position: -0.08060
BAD root_position: -0.08038
BAD root_position: -0.08023
BAD root_position: -0.08018
BAD root_position: -0.08016
BAD root_position: -0.08015
BAD root_position: -0.08013
BAD root_position: -0.08012
BAD root_position: -0.08010
BAD root_position: -0.08008
BAD root_position: -0.08006
BAD root_position: -0.08004
BAD root_position: -0.08002
BAD root_position: -0.08000
BAD root_position: -0.07997
BAD root_position: -0.07995
BAD root_position: -0.07992
BAD root_position: -0.07990
BAD root_position: -0.07987
BAD root_position: -0.07984
BAD root_position: -0.07982
BAD root_position: -0.07979
BAD root_position: -0.07977
BAD root_position: -0.07974
BAD root_position: -0.07972
BAD root_position: -0.07969
BAD root_position: -0.07967
BAD root_position: -0.07965
BAD root_position: -0.07963
BAD root_position: -0.07961
BAD root_position: -0.07959
BAD root_position: -0.07957
BAD root_position: -0.07955
BAD root_position: -0.07954
BAD root_position: -0.07954
BAD root_position: -0.07962
BAD root_position: -0.07979
BAD root_position: -0.08001
BAD root_position: -0.08029
BAD root_position: -0.08060
BAD root_position: -0.08094
BAD root_position: -0.08129
BAD root_position: -0.08165
BAD root_position: -0.08198
BAD root_position: -0.08230
BAD root_position: -0.08257
BAD root_position: -0.08279
BAD root_position: -0.08295
BAD root_position: -0.08303
BAD root_position: -0.08303
BAD root_position: -0.08301
BAD root_position: -0.08299
BAD root_position: -0.08297
BAD root_position: -0.08295
BAD root_position: -0.08294
recorded 500 frames
avg lin_vel_x -0.0012
avg lin_vel_y 0.0089
avg yaw 0.0001
computed xvel: -0.014, mean xvel: -0.0012
computed yvel: 0.021, mean yvel: 0.0089
computed thetavel: 0.104, mean thetavel: 0.0001
DONE, saving 139_-0.014_0.021_0.104.json
