<frozen importlib._bootstrap>:241: RuntimeWarning: to-Python converter for std::vector<Eigen::Matrix<double, 3, 1, 0, 3, 1>, std::allocator<Eigen::Matrix<double, 3, 1, 0, 3, 1> > > already registered; second conversion method ignored.
<frozen importlib._bootstrap>:241: RuntimeWarning: to-Python converter for boost::python::detail::container_element<std::vector<Eigen::Matrix<double, 3, 1, 0, 3, 1>, std::allocator<Eigen::Matrix<double, 3, 1, 0, 3, 1> > >, unsigned long, boost::python::detail::final_vector_derived_policies<std::vector<Eigen::Matrix<double, 3, 1, 0, 3, 1>, std::allocator<Eigen::Matrix<double, 3, 1, 0, 3, 1> > >, false> > already registered; second conversion method ignored.
<frozen importlib._bootstrap>:241: RuntimeWarning: to-Python converter for std::vector<int, std::allocator<int> > already registered; second conversion method ignored.
<frozen importlib._bootstrap>:241: RuntimeWarning: to-Python converter for std::vector<double, std::allocator<double> > already registered; second conversion method ignored.
<frozen importlib._bootstrap>:241: RuntimeWarning: to-Python converter for std::vector<std::__cxx11::basic_string<char, std::char_traits<char>, std::allocator<char> >, std::allocator<std::__cxx11::basic_string<char, std::char_traits<char>, std::allocator<char> > > > already registered; second conversion method ignored.
WARNING: Can't find trunk frames in the model, can't measure leg spacing
WARNING: Can't find head frames in the model, camera_look_at won't work
gait_parameters {'dx': -0.02, 'dy': -0.03, 'dtheta': 0.22, 'duration': 8, 'hardware': True, 'double_support_ratio': 0.8, 'startend_double_support_ratio': 1.5, 'planned_timesteps': 48, 'replan_timesteps': 10, 'walk_com_height': 0.445, 'walk_foot_height': 0.03, 'walk_trunk_pitch': -5.7, 'walk_foot_rise_ratio': 0.2, 'single_support_duration': 0.8, 'single_support_timesteps': 10, 'foot_length': 0.22, 'feet_spacing': 0.114, 'zmp_margin': 0.02, 'foot_zmp_target_x': 0.0, 'foot_zmp_target_y': 0.0, 'walk_max_dtheta': 1.0, 'walk_max_dy': 0.04, 'walk_max_dx_forward': 0.08, 'walk_max_dx_backward': 0.03, 'joints': ['leg_left_ankle_roll_joint', 'leg_left_ankle_pitch_joint', 'leg_left_knee_pitch_joint', 'leg_left_hip_pitch_joint', 'leg_left_hip_yaw_joint', 'leg_left_hip_roll_joint', 'leg_right_ankle_roll_joint', 'leg_right_ankle_pitch_joint', 'leg_right_knee_pitch_joint', 'leg_right_hip_pitch_joint', 'leg_right_hip_yaw_joint', 'leg_right_hip_roll_joint', 'left_wrist_attachment_joint', 'left_fore_arm_joint', 'left_upper_arm_joint', 'left_shoulder_joint', 'right_wrist_attachment_joint', 'right_fore_arm_joint', 'right_upper_arm_joint', 'right_shoulder_joint'], 'joint_angles': {'left_wrist_attachment_joint': 0, 'left_fore_arm_joint': -90, 'left_upper_arm_joint': 45, 'left_shoulder_joint': 0, 'right_wrist_attachment_joint': 0, 'right_fore_arm_joint': 90, 'right_upper_arm_joint': -45, 'right_shoulder_joint': 0}}
Placing the robot in the initial position...
Initial position reached
{'leg_left_ankle_roll_joint': 0.01460406939605997, 'leg_left_ankle_pitch_joint': -0.49449361231144073, 'leg_left_knee_pitch_joint': 0.9432993216300815, 'leg_left_hip_pitch_joint': -0.3497670490879319, 'leg_left_hip_yaw_joint': -0.05276474785265205, 'leg_left_hip_roll_joint': -0.00926407581460888, 'leg_right_ankle_roll_joint': 0.015190944371084028, 'leg_right_ankle_pitch_joint': -0.5187797470756149, 'leg_right_knee_pitch_joint': 1.0246379461537045, 'leg_right_hip_pitch_joint': -0.4068339763411869, 'leg_right_hip_yaw_joint': -0.053220605761564274, 'leg_right_hip_roll_joint': -0.009641989287610316, 'left_wrist_attachment_joint': -1.355691747175319e-26, 'left_fore_arm_joint': -0.6814732672671571, 'left_upper_arm_joint': 0.785398163390446, 'left_shoulder_joint': 5.593853893238104e-12, 'right_wrist_attachment_joint': -1.1556319595922238e-28, 'right_fore_arm_joint': 1.4397624542185063, 'right_upper_arm_joint': -0.7853981633896383, 'right_shoulder_joint': 4.92718795697539e-12}
## period: 2.88
BAD root_position: -0.07991
BAD root_position: -0.07991
BAD root_position: -0.07991
BAD root_position: -0.07991
BAD root_position: -0.07991
BAD root_position: -0.07991
BAD root_position: -0.07991
BAD root_position: -0.07991
BAD root_position: -0.07991
BAD root_position: -0.07991
BAD root_position: -0.07991
BAD root_position: -0.07991
BAD root_position: -0.07991
BAD root_position: -0.07991
BAD root_position: -0.07991
BAD root_position: -0.07991
BAD root_position: -0.07991
BAD root_position: -0.07991
BAD root_position: -0.07991
BAD root_position: -0.07991
BAD root_position: -0.07991
BAD root_position: -0.07991
BAD root_position: -0.07991
BAD root_position: -0.07991
BAD root_position: -0.07991
BAD root_position: -0.07991
BAD root_position: -0.07991
BAD root_position: -0.07991
BAD root_position: -0.07991
BAD root_position: -0.07991
BAD root_position: -0.07991
BAD root_position: -0.07991
BAD root_position: -0.07991
BAD root_position: -0.07991
BAD root_position: -0.07991
BAD root_position: -0.07991
BAD root_position: -0.07991
BAD root_position: -0.07991
BAD root_position: -0.07991
BAD root_position: -0.07990
BAD root_position: -0.07990
BAD root_position: -0.07990
BAD root_position: -0.07990
BAD root_position: -0.07990
BAD root_position: -0.07990
BAD root_position: -0.07990
BAD root_position: -0.07990
BAD root_position: -0.07990
BAD root_position: -0.07990
BAD root_position: -0.07990
BAD root_position: -0.07990
BAD root_position: -0.07990
BAD root_position: -0.07990
BAD root_position: -0.07989
BAD root_position: -0.07989
BAD root_position: -0.07989
BAD root_position: -0.07988
BAD root_position: -0.07988
BAD root_position: -0.07989
BAD root_position: -0.07998
BAD root_position: -0.08015
BAD root_position: -0.08039
BAD root_position: -0.08069
BAD root_position: -0.08102
BAD root_position: -0.08138
BAD root_position: -0.08176
BAD root_position: -0.08214
BAD root_position: -0.08251
BAD root_position: -0.08285
BAD root_position: -0.08315
BAD root_position: -0.08341
BAD root_position: -0.08360
BAD root_position: -0.08371
BAD root_position: -0.08373
BAD root_position: -0.08373
BAD root_position: -0.08373
BAD root_position: -0.08373
BAD root_position: -0.08373
BAD root_position: -0.08373
BAD root_position: -0.08373
BAD root_position: -0.08373
BAD root_position: -0.08371
BAD root_position: -0.08360
BAD root_position: -0.08342
BAD root_position: -0.08317
BAD root_position: -0.08287
BAD root_position: -0.08253
BAD root_position: -0.08216
BAD root_position: -0.08178
BAD root_position: -0.08140
BAD root_position: -0.08104
BAD root_position: -0.08070
BAD root_position: -0.08041
BAD root_position: -0.08016
BAD root_position: -0.07999
BAD root_position: -0.07989
BAD root_position: -0.07988
BAD root_position: -0.07988
BAD root_position: -0.07988
BAD root_position: -0.07989
BAD root_position: -0.07989
BAD root_position: -0.07989
BAD root_position: -0.07990
BAD root_position: -0.07990
BAD root_position: -0.07990
BAD root_position: -0.07990
BAD root_position: -0.07991
BAD root_position: -0.07991
BAD root_position: -0.07991
BAD root_position: -0.07991
BAD root_position: -0.07991
BAD root_position: -0.07991
BAD root_position: -0.07991
BAD root_position: -0.07990
BAD root_position: -0.07990
BAD root_position: -0.07990
BAD root_position: -0.07990
BAD root_position: -0.07989
BAD root_position: -0.07989
BAD root_position: -0.07989
BAD root_position: -0.07989
BAD root_position: -0.07988
BAD root_position: -0.07988
BAD root_position: -0.07988
BAD root_position: -0.07987
BAD root_position: -0.07987
BAD root_position: -0.07987
BAD root_position: -0.07991
BAD root_position: -0.08003
BAD root_position: -0.08023
BAD root_position: -0.08049
BAD root_position: -0.08080
BAD root_position: -0.08114
BAD root_position: -0.08149
BAD root_position: -0.08186
BAD root_position: -0.08222
BAD root_position: -0.08255
BAD root_position: -0.08286
BAD root_position: -0.08312
BAD root_position: -0.08332
BAD root_position: -0.08345
BAD root_position: -0.08350
BAD root_position: -0.08348
BAD root_position: -0.08345
BAD root_position: -0.08342
BAD root_position: -0.08340
BAD root_position: -0.08337
BAD root_position: -0.08335
BAD root_position: -0.08332
BAD root_position: -0.08330
BAD root_position: -0.08322
BAD root_position: -0.08307
BAD root_position: -0.08285
BAD root_position: -0.08257
BAD root_position: -0.08225
BAD root_position: -0.08190
BAD root_position: -0.08154
BAD root_position: -0.08118
BAD root_position: -0.08082
BAD root_position: -0.08049
BAD root_position: -0.08019
BAD root_position: -0.07994
BAD root_position: -0.07975
BAD root_position: -0.07963
BAD root_position: -0.07959
BAD root_position: -0.07961
BAD root_position: -0.07964
BAD root_position: -0.07966
BAD root_position: -0.07969
BAD root_position: -0.07972
BAD root_position: -0.07975
BAD root_position: -0.07978
BAD root_position: -0.07981
BAD root_position: -0.07984
BAD root_position: -0.07987
BAD root_position: -0.07990
BAD root_position: -0.07993
BAD root_position: -0.07996
BAD root_position: -0.07998
BAD root_position: -0.08001
BAD root_position: -0.08004
BAD root_position: -0.08006
BAD root_position: -0.08008
BAD root_position: -0.08011
BAD root_position: -0.08013
BAD root_position: -0.08014
BAD root_position: -0.08016
BAD root_position: -0.08018
BAD root_position: -0.08019
BAD root_position: -0.08020
BAD root_position: -0.08021
BAD root_position: -0.08022
BAD root_position: -0.08023
BAD root_position: -0.08023
BAD root_position: -0.08024
BAD root_position: -0.08025
BAD root_position: -0.08031
BAD root_position: -0.08046
BAD root_position: -0.08067
BAD root_position: -0.08094
BAD root_position: -0.08125
BAD root_position: -0.08159
BAD root_position: -0.08195
BAD root_position: -0.08232
BAD root_position: -0.08268
BAD root_position: -0.08302
BAD root_position: -0.08334
BAD root_position: -0.08361
BAD root_position: -0.08383
BAD root_position: -0.08399
BAD root_position: -0.08407
BAD root_position: -0.08407
BAD root_position: -0.08403
BAD root_position: -0.08400
BAD root_position: -0.08396
BAD root_position: -0.08393
BAD root_position: -0.08389
BAD root_position: -0.08386
BAD root_position: -0.08382
BAD root_position: -0.08378
BAD root_position: -0.08369
BAD root_position: -0.08352
BAD root_position: -0.08328
BAD root_position: -0.08299
BAD root_position: -0.08266
BAD root_position: -0.08231
BAD root_position: -0.08194
BAD root_position: -0.08156
BAD root_position: -0.08119
BAD root_position: -0.08083
BAD root_position: -0.08051
BAD root_position: -0.08023
BAD root_position: -0.07999
BAD root_position: -0.07982
BAD root_position: -0.07973
BAD root_position: -0.07971
BAD root_position: -0.07973
BAD root_position: -0.07975
BAD root_position: -0.07976
BAD root_position: -0.07978
BAD root_position: -0.07980
BAD root_position: -0.07982
BAD root_position: -0.07984
BAD root_position: -0.07986
BAD root_position: -0.07988
BAD root_position: -0.07990
BAD root_position: -0.07992
BAD root_position: -0.07994
BAD root_position: -0.07996
BAD root_position: -0.07997
BAD root_position: -0.07999
BAD root_position: -0.08001
BAD root_position: -0.08003
BAD root_position: -0.08004
BAD root_position: -0.08006
BAD root_position: -0.08007
BAD root_position: -0.08008
BAD root_position: -0.08009
BAD root_position: -0.08010
BAD root_position: -0.08011
BAD root_position: -0.08012
BAD root_position: -0.08013
BAD root_position: -0.08014
BAD root_position: -0.08014
BAD root_position: -0.08015
BAD root_position: -0.08015
BAD root_position: -0.08015
BAD root_position: -0.08016
BAD root_position: -0.08022
BAD root_position: -0.08036
BAD root_position: -0.08056
BAD root_position: -0.08082
BAD root_position: -0.08112
BAD root_position: -0.08145
BAD root_position: -0.08180
BAD root_position: -0.08216
BAD root_position: -0.08251
BAD root_position: -0.08284
BAD root_position: -0.08315
BAD root_position: -0.08343
BAD root_position: -0.08365
BAD root_position: -0.08381
BAD root_position: -0.08389
BAD root_position: -0.08390
BAD root_position: -0.08388
BAD root_position: -0.08386
BAD root_position: -0.08384
BAD root_position: -0.08381
BAD root_position: -0.08379
BAD root_position: -0.08377
BAD root_position: -0.08375
BAD root_position: -0.08373
BAD root_position: -0.08364
BAD root_position: -0.08349
BAD root_position: -0.08327
BAD root_position: -0.08300
BAD root_position: -0.08270
BAD root_position: -0.08236
BAD root_position: -0.08201
BAD root_position: -0.08165
BAD root_position: -0.08129
BAD root_position: -0.08096
BAD root_position: -0.08064
BAD root_position: -0.08037
BAD root_position: -0.08015
BAD root_position: -0.07998
BAD root_position: -0.07988
BAD root_position: -0.07986
BAD root_position: -0.07987
BAD root_position: -0.07988
BAD root_position: -0.07989
BAD root_position: -0.07990
BAD root_position: -0.07991
BAD root_position: -0.07992
BAD root_position: -0.07993
BAD root_position: -0.07994
BAD root_position: -0.07995
BAD root_position: -0.07996
BAD root_position: -0.07997
BAD root_position: -0.07998
BAD root_position: -0.07999
BAD root_position: -0.08000
BAD root_position: -0.08000
BAD root_position: -0.08001
BAD root_position: -0.08001
BAD root_position: -0.08001
BAD root_position: -0.08002
BAD root_position: -0.08002
BAD root_position: -0.08001
BAD root_position: -0.08001
BAD root_position: -0.08001
BAD root_position: -0.08001
BAD root_position: -0.08000
BAD root_position: -0.08000
BAD root_position: -0.07999
BAD root_position: -0.07998
BAD root_position: -0.07998
BAD root_position: -0.07997
BAD root_position: -0.07996
BAD root_position: -0.07996
BAD root_position: -0.08001
BAD root_position: -0.08015
BAD root_position: -0.08035
BAD root_position: -0.08060
BAD root_position: -0.08090
BAD root_position: -0.08123
BAD root_position: -0.08157
BAD root_position: -0.08193
BAD root_position: -0.08228
BAD root_position: -0.08262
BAD root_position: -0.08292
BAD root_position: -0.08319
BAD root_position: -0.08341
BAD root_position: -0.08357
BAD root_position: -0.08365
BAD root_position: -0.08365
BAD root_position: -0.08362
BAD root_position: -0.08359
BAD root_position: -0.08356
BAD root_position: -0.08353
BAD root_position: -0.08349
BAD root_position: -0.08346
BAD root_position: -0.08343
BAD root_position: -0.08340
BAD root_position: -0.08331
BAD root_position: -0.08315
BAD root_position: -0.08292
BAD root_position: -0.08264
BAD root_position: -0.08233
BAD root_position: -0.08198
BAD root_position: -0.08162
BAD root_position: -0.08126
BAD root_position: -0.08089
BAD root_position: -0.08054
BAD root_position: -0.08023
BAD root_position: -0.07995
BAD root_position: -0.07973
BAD root_position: -0.07957
BAD root_position: -0.07948
BAD root_position: -0.07947
BAD root_position: -0.07949
BAD root_position: -0.07951
BAD root_position: -0.07954
BAD root_position: -0.07957
BAD root_position: -0.07959
BAD root_position: -0.07962
BAD root_position: -0.07965
BAD root_position: -0.07969
BAD root_position: -0.07972
BAD root_position: -0.07975
BAD root_position: -0.07979
BAD root_position: -0.07982
BAD root_position: -0.07986
BAD root_position: -0.07990
BAD root_position: -0.07994
BAD root_position: -0.07997
BAD root_position: -0.08001
BAD root_position: -0.08005
BAD root_position: -0.08008
BAD root_position: -0.08012
BAD root_position: -0.08015
BAD root_position: -0.08018
BAD root_position: -0.08022
BAD root_position: -0.08024
BAD root_position: -0.08027
BAD root_position: -0.08030
BAD root_position: -0.08032
BAD root_position: -0.08034
BAD root_position: -0.08036
BAD root_position: -0.08038
BAD root_position: -0.08039
BAD root_position: -0.08047
BAD root_position: -0.08063
BAD root_position: -0.08086
BAD root_position: -0.08115
BAD root_position: -0.08148
BAD root_position: -0.08184
BAD root_position: -0.08223
BAD root_position: -0.08261
BAD root_position: -0.08299
BAD root_position: -0.08334
BAD root_position: -0.08366
BAD root_position: -0.08393
BAD root_position: -0.08413
BAD root_position: -0.08427
BAD root_position: -0.08431
BAD root_position: -0.08429
BAD root_position: -0.08427
BAD root_position: -0.08426
BAD root_position: -0.08424
BAD root_position: -0.08422
BAD root_position: -0.08420
BAD root_position: -0.08418
BAD root_position: -0.08415
BAD root_position: -0.08406
BAD root_position: -0.08389
BAD root_position: -0.08364
BAD root_position: -0.08334
BAD root_position: -0.08300
BAD root_position: -0.08263
BAD root_position: -0.08225
BAD root_position: -0.08186
BAD root_position: -0.08149
BAD root_position: -0.08114
BAD root_position: -0.08082
BAD root_position: -0.08055
BAD root_position: -0.08035
BAD root_position: -0.08021
BAD root_position: -0.08016
BAD root_position: -0.08016
BAD root_position: -0.08015
BAD root_position: -0.08014
BAD root_position: -0.08013
BAD root_position: -0.08012
BAD root_position: -0.08011
BAD root_position: -0.08010
BAD root_position: -0.08008
BAD root_position: -0.08007
BAD root_position: -0.08005
BAD root_position: -0.08003
BAD root_position: -0.08001
BAD root_position: -0.07999
BAD root_position: -0.07997
BAD root_position: -0.07995
BAD root_position: -0.07993
BAD root_position: -0.07990
BAD root_position: -0.07988
BAD root_position: -0.07986
BAD root_position: -0.07983
BAD root_position: -0.07981
BAD root_position: -0.07979
BAD root_position: -0.07976
BAD root_position: -0.07974
BAD root_position: -0.07972
BAD root_position: -0.07970
BAD root_position: -0.07968
BAD root_position: -0.07966
BAD root_position: -0.07965
BAD root_position: -0.07963
BAD root_position: -0.07964
BAD root_position: -0.07972
BAD root_position: -0.07989
BAD root_position: -0.08012
BAD root_position: -0.08041
BAD root_position: -0.08073
BAD root_position: -0.08109
BAD root_position: -0.08145
BAD root_position: -0.08181
BAD root_position: -0.08216
BAD root_position: -0.08248
BAD root_position: -0.08277
BAD root_position: -0.08299
BAD root_position: -0.08316
BAD root_position: -0.08324
BAD root_position: -0.08324
BAD root_position: -0.08321
BAD root_position: -0.08318
BAD root_position: -0.08316
BAD root_position: -0.08313
BAD root_position: -0.08311
recorded 500 frames
avg lin_vel_x -0.0016
avg lin_vel_y -0.0159
avg yaw 0.0001
computed xvel: -0.014, mean xvel: -0.0016
computed yvel: -0.021, mean yvel: -0.0159
computed thetavel: 0.153, mean thetavel: 0.0001
DONE, saving 145_-0.014_-0.021_0.153.json
