<frozen importlib._bootstrap>:241: RuntimeWarning: to-Python converter for std::vector<Eigen::Matrix<double, 3, 1, 0, 3, 1>, std::allocator<Eigen::Matrix<double, 3, 1, 0, 3, 1> > > already registered; second conversion method ignored.
<frozen importlib._bootstrap>:241: RuntimeWarning: to-Python converter for boost::python::detail::container_element<std::vector<Eigen::Matrix<double, 3, 1, 0, 3, 1>, std::allocator<Eigen::Matrix<double, 3, 1, 0, 3, 1> > >, unsigned long, boost::python::detail::final_vector_derived_policies<std::vector<Eigen::Matrix<double, 3, 1, 0, 3, 1>, std::allocator<Eigen::Matrix<double, 3, 1, 0, 3, 1> > >, false> > already registered; second conversion method ignored.
<frozen importlib._bootstrap>:241: RuntimeWarning: to-Python converter for std::vector<int, std::allocator<int> > already registered; second conversion method ignored.
<frozen importlib._bootstrap>:241: RuntimeWarning: to-Python converter for std::vector<double, std::allocator<double> > already registered; second conversion method ignored.
<frozen importlib._bootstrap>:241: RuntimeWarning: to-Python converter for std::vector<std::__cxx11::basic_string<char, std::char_traits<char>, std::allocator<char> >, std::allocator<std::__cxx11::basic_string<char, std::char_traits<char>, std::allocator<char> > > > already registered; second conversion method ignored.
WARNING: Can't find trunk frames in the model, can't measure leg spacing
WARNING: Can't find head frames in the model, camera_look_at won't work
gait_parameters {'dx': 0.02, 'dy': -0.03, 'dtheta': 0.22, 'duration': 8, 'hardware': True, 'double_support_ratio': 0.8, 'startend_double_support_ratio': 1.5, 'planned_timesteps': 48, 'replan_timesteps': 10, 'walk_com_height': 0.445, 'walk_foot_height': 0.03, 'walk_trunk_pitch': -5.7, 'walk_foot_rise_ratio': 0.2, 'single_support_duration': 0.8, 'single_support_timesteps': 10, 'foot_length': 0.22, 'feet_spacing': 0.114, 'zmp_margin': 0.02, 'foot_zmp_target_x': 0.0, 'foot_zmp_target_y': 0.0, 'walk_max_dtheta': 1.0, 'walk_max_dy': 0.04, 'walk_max_dx_forward': 0.08, 'walk_max_dx_backward': 0.03, 'joints': ['leg_left_ankle_roll_joint', 'leg_left_ankle_pitch_joint', 'leg_left_knee_pitch_joint', 'leg_left_hip_pitch_joint', 'leg_left_hip_yaw_joint', 'leg_left_hip_roll_joint', 'leg_right_ankle_roll_joint', 'leg_right_ankle_pitch_joint', 'leg_right_knee_pitch_joint', 'leg_right_hip_pitch_joint', 'leg_right_hip_yaw_joint', 'leg_right_hip_roll_joint', 'left_wrist_attachment_joint', 'left_fore_arm_joint', 'left_upper_arm_joint', 'left_shoulder_joint', 'right_wrist_attachment_joint', 'right_fore_arm_joint', 'right_upper_arm_joint', 'right_shoulder_joint'], 'joint_angles': {'left_wrist_attachment_joint': 0, 'left_fore_arm_joint': -90, 'left_upper_arm_joint': 45, 'left_shoulder_joint': 0, 'right_wrist_attachment_joint': 0, 'right_fore_arm_joint': 90, 'right_upper_arm_joint': -45, 'right_shoulder_joint': 0}}
Placing the robot in the initial position...
Initial position reached
{'leg_left_ankle_roll_joint': 0.016529368883789287, 'leg_left_ankle_pitch_joint': -0.4922781152854479, 'leg_left_knee_pitch_joint': 0.9438571237082048, 'leg_left_hip_pitch_joint': -0.35260569830822225, 'leg_left_hip_yaw_joint': -0.05425405033231397, 'leg_left_hip_roll_joint': -0.010485976568033633, 'leg_right_ankle_roll_joint': 0.017146806041239856, 'leg_right_ankle_pitch_joint': -0.5169914640277118, 'leg_right_knee_pitch_joint': 1.0261925360249577, 'leg_right_hip_pitch_joint': -0.41024381978392, 'leg_right_hip_yaw_joint': -0.05473352394128812, 'leg_right_hip_roll_joint': -0.0108833488495431, 'left_wrist_attachment_joint': -2.181834677048107e-26, 'left_fore_arm_joint': -1.0187081224001497, 'left_upper_arm_joint': 0.7853981633899062, 'left_shoulder_joint': 5.9802974130820145e-12, 'right_wrist_attachment_joint': 2.6553121957782754e-28, 'right_fore_arm_joint': 1.0529307760825894, 'right_upper_arm_joint': -0.7853981633883744, 'right_shoulder_joint': 5.57042845763453e-12}
## period: 2.88
BAD root_position: -0.07991
BAD root_position: -0.07991
BAD root_position: -0.07991
BAD root_position: -0.07991
BAD root_position: -0.07991
BAD root_position: -0.07991
BAD root_position: -0.07991
BAD root_position: -0.07991
BAD root_position: -0.07991
BAD root_position: -0.07991
BAD root_position: -0.07991
BAD root_position: -0.07991
BAD root_position: -0.07991
BAD root_position: -0.07991
BAD root_position: -0.07991
BAD root_position: -0.07991
BAD root_position: -0.07991
BAD root_position: -0.07991
BAD root_position: -0.07991
BAD root_position: -0.07991
BAD root_position: -0.07991
BAD root_position: -0.07991
BAD root_position: -0.07991
BAD root_position: -0.07991
BAD root_position: -0.07991
BAD root_position: -0.07991
BAD root_position: -0.07991
BAD root_position: -0.07991
BAD root_position: -0.07991
BAD root_position: -0.07991
BAD root_position: -0.07991
BAD root_position: -0.07991
BAD root_position: -0.07991
BAD root_position: -0.07991
BAD root_position: -0.07991
BAD root_position: -0.07991
BAD root_position: -0.07991
BAD root_position: -0.07991
BAD root_position: -0.07991
BAD root_position: -0.07990
BAD root_position: -0.07990
BAD root_position: -0.07990
BAD root_position: -0.07990
BAD root_position: -0.07990
BAD root_position: -0.07990
BAD root_position: -0.07990
BAD root_position: -0.07990
BAD root_position: -0.07990
BAD root_position: -0.07990
BAD root_position: -0.07990
BAD root_position: -0.07990
BAD root_position: -0.07990
BAD root_position: -0.07990
BAD root_position: -0.07989
BAD root_position: -0.07989
BAD root_position: -0.07989
BAD root_position: -0.07988
BAD root_position: -0.07988
BAD root_position: -0.07989
BAD root_position: -0.07998
BAD root_position: -0.08015
BAD root_position: -0.08039
BAD root_position: -0.08069
BAD root_position: -0.08102
BAD root_position: -0.08138
BAD root_position: -0.08176
BAD root_position: -0.08214
BAD root_position: -0.08251
BAD root_position: -0.08285
BAD root_position: -0.08315
BAD root_position: -0.08341
BAD root_position: -0.08360
BAD root_position: -0.08371
BAD root_position: -0.08373
BAD root_position: -0.08373
BAD root_position: -0.08373
BAD root_position: -0.08373
BAD root_position: -0.08373
BAD root_position: -0.08373
BAD root_position: -0.08373
BAD root_position: -0.08373
BAD root_position: -0.08371
BAD root_position: -0.08360
BAD root_position: -0.08342
BAD root_position: -0.08317
BAD root_position: -0.08287
BAD root_position: -0.08252
BAD root_position: -0.08216
BAD root_position: -0.08178
BAD root_position: -0.08140
BAD root_position: -0.08104
BAD root_position: -0.08070
BAD root_position: -0.08041
BAD root_position: -0.08016
BAD root_position: -0.07999
BAD root_position: -0.07989
BAD root_position: -0.07988
BAD root_position: -0.07988
BAD root_position: -0.07988
BAD root_position: -0.07989
BAD root_position: -0.07989
BAD root_position: -0.07989
BAD root_position: -0.07990
BAD root_position: -0.07990
BAD root_position: -0.07990
BAD root_position: -0.07990
BAD root_position: -0.07990
BAD root_position: -0.07990
BAD root_position: -0.07990
BAD root_position: -0.07990
BAD root_position: -0.07990
BAD root_position: -0.07990
BAD root_position: -0.07990
BAD root_position: -0.07990
BAD root_position: -0.07990
BAD root_position: -0.07990
BAD root_position: -0.07989
BAD root_position: -0.07989
BAD root_position: -0.07989
BAD root_position: -0.07988
BAD root_position: -0.07988
BAD root_position: -0.07988
BAD root_position: -0.07987
BAD root_position: -0.07987
BAD root_position: -0.07987
BAD root_position: -0.07986
BAD root_position: -0.07986
BAD root_position: -0.07990
BAD root_position: -0.08003
BAD root_position: -0.08024
BAD root_position: -0.08051
BAD root_position: -0.08083
BAD root_position: -0.08118
BAD root_position: -0.08156
BAD root_position: -0.08195
BAD root_position: -0.08234
BAD root_position: -0.08271
BAD root_position: -0.08306
BAD root_position: -0.08335
BAD root_position: -0.08360
BAD root_position: -0.08377
BAD root_position: -0.08386
BAD root_position: -0.08387
BAD root_position: -0.08388
BAD root_position: -0.08389
BAD root_position: -0.08391
BAD root_position: -0.08392
BAD root_position: -0.08393
BAD root_position: -0.08393
BAD root_position: -0.08394
BAD root_position: -0.08389
BAD root_position: -0.08376
BAD root_position: -0.08355
BAD root_position: -0.08327
BAD root_position: -0.08295
BAD root_position: -0.08260
BAD root_position: -0.08222
BAD root_position: -0.08184
BAD root_position: -0.08146
BAD root_position: -0.08111
BAD root_position: -0.08078
BAD root_position: -0.08050
BAD root_position: -0.08028
BAD root_position: -0.08014
BAD root_position: -0.08007
BAD root_position: -0.08007
BAD root_position: -0.08007
BAD root_position: -0.08007
BAD root_position: -0.08007
BAD root_position: -0.08006
BAD root_position: -0.08006
BAD root_position: -0.08005
BAD root_position: -0.08004
BAD root_position: -0.08003
BAD root_position: -0.08002
BAD root_position: -0.08001
BAD root_position: -0.07999
BAD root_position: -0.07998
BAD root_position: -0.07996
BAD root_position: -0.07995
BAD root_position: -0.07993
BAD root_position: -0.07991
BAD root_position: -0.07989
BAD root_position: -0.07987
BAD root_position: -0.07985
BAD root_position: -0.07983
BAD root_position: -0.07981
BAD root_position: -0.07979
BAD root_position: -0.07978
BAD root_position: -0.07976
BAD root_position: -0.07974
BAD root_position: -0.07972
BAD root_position: -0.07971
BAD root_position: -0.07970
BAD root_position: -0.07968
BAD root_position: -0.07967
BAD root_position: -0.07972
BAD root_position: -0.07985
BAD root_position: -0.08004
BAD root_position: -0.08028
BAD root_position: -0.08057
BAD root_position: -0.08089
BAD root_position: -0.08123
BAD root_position: -0.08158
BAD root_position: -0.08193
BAD root_position: -0.08227
BAD root_position: -0.08258
BAD root_position: -0.08286
BAD root_position: -0.08309
BAD root_position: -0.08327
BAD root_position: -0.08338
BAD root_position: -0.08341
BAD root_position: -0.08341
BAD root_position: -0.08341
BAD root_position: -0.08341
BAD root_position: -0.08341
BAD root_position: -0.08341
BAD root_position: -0.08341
BAD root_position: -0.08341
BAD root_position: -0.08341
BAD root_position: -0.08335
BAD root_position: -0.08321
BAD root_position: -0.08301
BAD root_position: -0.08276
BAD root_position: -0.08246
BAD root_position: -0.08214
BAD root_position: -0.08179
BAD root_position: -0.08144
BAD root_position: -0.08109
BAD root_position: -0.08075
BAD root_position: -0.08044
BAD root_position: -0.08016
BAD root_position: -0.07994
BAD root_position: -0.07977
BAD root_position: -0.07967
BAD root_position: -0.07965
BAD root_position: -0.07966
BAD root_position: -0.07967
BAD root_position: -0.07969
BAD root_position: -0.07970
BAD root_position: -0.07971
BAD root_position: -0.07973
BAD root_position: -0.07975
BAD root_position: -0.07976
BAD root_position: -0.07978
BAD root_position: -0.07980
BAD root_position: -0.07982
BAD root_position: -0.07984
BAD root_position: -0.07986
BAD root_position: -0.07987
BAD root_position: -0.07989
BAD root_position: -0.07991
BAD root_position: -0.07993
BAD root_position: -0.07995
BAD root_position: -0.07997
BAD root_position: -0.07998
BAD root_position: -0.08000
BAD root_position: -0.08002
BAD root_position: -0.08003
BAD root_position: -0.08005
BAD root_position: -0.08006
BAD root_position: -0.08007
BAD root_position: -0.08008
BAD root_position: -0.08009
BAD root_position: -0.08010
BAD root_position: -0.08011
BAD root_position: -0.08012
BAD root_position: -0.08013
BAD root_position: -0.08019
BAD root_position: -0.08034
BAD root_position: -0.08055
BAD root_position: -0.08082
BAD root_position: -0.08114
BAD root_position: -0.08149
BAD root_position: -0.08187
BAD root_position: -0.08225
BAD root_position: -0.08263
BAD root_position: -0.08300
BAD root_position: -0.08335
BAD root_position: -0.08366
BAD root_position: -0.08393
BAD root_position: -0.08413
BAD root_position: -0.08426
BAD root_position: -0.08431
BAD root_position: -0.08433
BAD root_position: -0.08435
BAD root_position: -0.08437
BAD root_position: -0.08438
BAD root_position: -0.08440
BAD root_position: -0.08441
BAD root_position: -0.08443
BAD root_position: -0.08444
BAD root_position: -0.08439
BAD root_position: -0.08426
BAD root_position: -0.08405
BAD root_position: -0.08379
BAD root_position: -0.08349
BAD root_position: -0.08314
BAD root_position: -0.08278
BAD root_position: -0.08240
BAD root_position: -0.08203
BAD root_position: -0.08167
BAD root_position: -0.08133
BAD root_position: -0.08103
BAD root_position: -0.08078
BAD root_position: -0.08058
BAD root_position: -0.08046
BAD root_position: -0.08042
BAD root_position: -0.08041
BAD root_position: -0.08039
BAD root_position: -0.08037
BAD root_position: -0.08036
BAD root_position: -0.08033
BAD root_position: -0.08031
BAD root_position: -0.08029
BAD root_position: -0.08026
BAD root_position: -0.08023
BAD root_position: -0.08020
BAD root_position: -0.08017
BAD root_position: -0.08013
BAD root_position: -0.08010
BAD root_position: -0.08006
BAD root_position: -0.08002
BAD root_position: -0.07997
BAD root_position: -0.07993
BAD root_position: -0.07989
BAD root_position: -0.07984
BAD root_position: -0.07980
BAD root_position: -0.07975
BAD root_position: -0.07971
BAD root_position: -0.07967
BAD root_position: -0.07963
BAD root_position: -0.07959
BAD root_position: -0.07955
BAD root_position: -0.07951
BAD root_position: -0.07948
BAD root_position: -0.07944
BAD root_position: -0.07941
BAD root_position: -0.07939
BAD root_position: -0.07936
BAD root_position: -0.07940
BAD root_position: -0.07951
BAD root_position: -0.07968
BAD root_position: -0.07992
BAD root_position: -0.08019
BAD root_position: -0.08049
BAD root_position: -0.08082
BAD root_position: -0.08116
BAD root_position: -0.08150
BAD root_position: -0.08182
BAD root_position: -0.08213
BAD root_position: -0.08240
BAD root_position: -0.08263
BAD root_position: -0.08280
BAD root_position: -0.08291
BAD root_position: -0.08294
BAD root_position: -0.08294
BAD root_position: -0.08295
BAD root_position: -0.08295
BAD root_position: -0.08296
BAD root_position: -0.08296
BAD root_position: -0.08297
BAD root_position: -0.08298
BAD root_position: -0.08299
BAD root_position: -0.08294
BAD root_position: -0.08281
BAD root_position: -0.08263
BAD root_position: -0.08239
BAD root_position: -0.08211
BAD root_position: -0.08180
BAD root_position: -0.08147
BAD root_position: -0.08113
BAD root_position: -0.08075
BAD root_position: -0.08043
BAD root_position: -0.08013
BAD root_position: -0.07986
BAD root_position: -0.07964
BAD root_position: -0.07948
BAD root_position: -0.07939
BAD root_position: -0.07938
BAD root_position: -0.07940
BAD root_position: -0.07942
BAD root_position: -0.07944
BAD root_position: -0.07947
BAD root_position: -0.07949
BAD root_position: -0.07952
BAD root_position: -0.07955
BAD root_position: -0.07958
BAD root_position: -0.07961
BAD root_position: -0.07965
BAD root_position: -0.07968
BAD root_position: -0.07972
BAD root_position: -0.07976
BAD root_position: -0.07980
BAD root_position: -0.07984
BAD root_position: -0.07989
BAD root_position: -0.07993
BAD root_position: -0.07997
BAD root_position: -0.08001
BAD root_position: -0.08005
BAD root_position: -0.08010
BAD root_position: -0.08013
BAD root_position: -0.08017
BAD root_position: -0.08021
BAD root_position: -0.08024
BAD root_position: -0.08028
BAD root_position: -0.08031
BAD root_position: -0.08033
BAD root_position: -0.08036
BAD root_position: -0.08038
BAD root_position: -0.08040
BAD root_position: -0.08048
BAD root_position: -0.08065
BAD root_position: -0.08090
BAD root_position: -0.08120
BAD root_position: -0.08155
BAD root_position: -0.08194
BAD root_position: -0.08235
BAD root_position: -0.08277
BAD root_position: -0.08318
BAD root_position: -0.08357
BAD root_position: -0.08393
BAD root_position: -0.08425
BAD root_position: -0.08450
BAD root_position: -0.08468
BAD root_position: -0.08477
BAD root_position: -0.08479
BAD root_position: -0.08482
BAD root_position: -0.08485
BAD root_position: -0.08487
BAD root_position: -0.08489
BAD root_position: -0.08491
BAD root_position: -0.08493
BAD root_position: -0.08495
BAD root_position: -0.08488
BAD root_position: -0.08473
BAD root_position: -0.08450
BAD root_position: -0.08421
BAD root_position: -0.08386
BAD root_position: -0.08349
BAD root_position: -0.08309
BAD root_position: -0.08268
BAD root_position: -0.08228
BAD root_position: -0.08190
BAD root_position: -0.08155
BAD root_position: -0.08125
BAD root_position: -0.08101
BAD root_position: -0.08084
BAD root_position: -0.08076
BAD root_position: -0.08072
BAD root_position: -0.08068
BAD root_position: -0.08064
BAD root_position: -0.08059
BAD root_position: -0.08054
BAD root_position: -0.08048
BAD root_position: -0.08042
BAD root_position: -0.08036
BAD root_position: -0.08029
BAD root_position: -0.08023
BAD root_position: -0.08016
BAD root_position: -0.08009
BAD root_position: -0.08002
BAD root_position: -0.07994
BAD root_position: -0.07987
BAD root_position: -0.07980
BAD root_position: -0.07973
BAD root_position: -0.07966
BAD root_position: -0.07959
BAD root_position: -0.07953
BAD root_position: -0.07946
BAD root_position: -0.07940
BAD root_position: -0.07934
BAD root_position: -0.07929
BAD root_position: -0.07924
BAD root_position: -0.07919
BAD root_position: -0.07915
BAD root_position: -0.07911
BAD root_position: -0.07907
BAD root_position: -0.07904
BAD root_position: -0.07903
BAD root_position: -0.07910
BAD root_position: -0.07924
BAD root_position: -0.07945
BAD root_position: -0.07971
BAD root_position: -0.08000
BAD root_position: -0.08033
BAD root_position: -0.08067
BAD root_position: -0.08102
BAD root_position: -0.08136
BAD root_position: -0.08167
BAD root_position: -0.08195
BAD root_position: -0.08219
BAD root_position: -0.08237
BAD root_position: -0.08248
BAD root_position: -0.08251
BAD root_position: -0.08251
BAD root_position: -0.08253
BAD root_position: -0.08254
BAD root_position: -0.08255
BAD root_position: -0.08256
recorded 500 frames
avg lin_vel_x 0.0123
avg lin_vel_y -0.0129
avg yaw 0.0001
computed xvel: 0.014, mean xvel: 0.0123
computed yvel: -0.021, mean yvel: -0.0129
computed thetavel: 0.153, mean thetavel: 0.0001
DONE, saving 147_0.014_-0.021_0.153.json
