<frozen importlib._bootstrap>:241: RuntimeWarning: to-Python converter for std::vector<Eigen::Matrix<double, 3, 1, 0, 3, 1>, std::allocator<Eigen::Matrix<double, 3, 1, 0, 3, 1> > > already registered; second conversion method ignored.
<frozen importlib._bootstrap>:241: RuntimeWarning: to-Python converter for boost::python::detail::container_element<std::vector<Eigen::Matrix<double, 3, 1, 0, 3, 1>, std::allocator<Eigen::Matrix<double, 3, 1, 0, 3, 1> > >, unsigned long, boost::python::detail::final_vector_derived_policies<std::vector<Eigen::Matrix<double, 3, 1, 0, 3, 1>, std::allocator<Eigen::Matrix<double, 3, 1, 0, 3, 1> > >, false> > already registered; second conversion method ignored.
<frozen importlib._bootstrap>:241: RuntimeWarning: to-Python converter for std::vector<int, std::allocator<int> > already registered; second conversion method ignored.
<frozen importlib._bootstrap>:241: RuntimeWarning: to-Python converter for std::vector<double, std::allocator<double> > already registered; second conversion method ignored.
<frozen importlib._bootstrap>:241: RuntimeWarning: to-Python converter for std::vector<std::__cxx11::basic_string<char, std::char_traits<char>, std::allocator<char> >, std::allocator<std::__cxx11::basic_string<char, std::char_traits<char>, std::allocator<char> > > > already registered; second conversion method ignored.
WARNING: Can't find trunk frames in the model, can't measure leg spacing
WARNING: Can't find head frames in the model, camera_look_at won't work
gait_parameters {'dx': 0.04, 'dy': -0.03, 'dtheta': 0.22, 'duration': 8, 'hardware': True, 'double_support_ratio': 0.8, 'startend_double_support_ratio': 1.5, 'planned_timesteps': 48, 'replan_timesteps': 10, 'walk_com_height': 0.445, 'walk_foot_height': 0.03, 'walk_trunk_pitch': -5.7, 'walk_foot_rise_ratio': 0.2, 'single_support_duration': 0.8, 'single_support_timesteps': 10, 'foot_length': 0.22, 'feet_spacing': 0.114, 'zmp_margin': 0.02, 'foot_zmp_target_x': 0.0, 'foot_zmp_target_y': 0.0, 'walk_max_dtheta': 1.0, 'walk_max_dy': 0.04, 'walk_max_dx_forward': 0.08, 'walk_max_dx_backward': 0.03, 'joints': ['leg_left_ankle_roll_joint', 'leg_left_ankle_pitch_joint', 'leg_left_knee_pitch_joint', 'leg_left_hip_pitch_joint', 'leg_left_hip_yaw_joint', 'leg_left_hip_roll_joint', 'leg_right_ankle_roll_joint', 'leg_right_ankle_pitch_joint', 'leg_right_knee_pitch_joint', 'leg_right_hip_pitch_joint', 'leg_right_hip_yaw_joint', 'leg_right_hip_roll_joint', 'left_wrist_attachment_joint', 'left_fore_arm_joint', 'left_upper_arm_joint', 'left_shoulder_joint', 'right_wrist_attachment_joint', 'right_fore_arm_joint', 'right_upper_arm_joint', 'right_shoulder_joint'], 'joint_angles': {'left_wrist_attachment_joint': 0, 'left_fore_arm_joint': -90, 'left_upper_arm_joint': 45, 'left_shoulder_joint': 0, 'right_wrist_attachment_joint': 0, 'right_fore_arm_joint': 90, 'right_upper_arm_joint': -45, 'right_shoulder_joint': 0}}
Placing the robot in the initial position...
Initial position reached
{'leg_left_ankle_roll_joint': 0.015538872660573829, 'leg_left_ankle_pitch_joint': -0.49784375681645154, 'leg_left_knee_pitch_joint': 0.9523186790042725, 'leg_left_hip_pitch_joint': -0.35546776357115706, 'leg_left_hip_yaw_joint': -0.05348786859186882, 'leg_left_hip_roll_joint': -0.009857328943660967, 'leg_right_ankle_roll_joint': 0.016141536757416697, 'leg_right_ankle_pitch_joint': -0.5220015464916079, 'leg_right_knee_pitch_joint': 1.0335160431324566, 'leg_right_hip_pitch_joint': -0.41252258747328674, 'leg_right_hip_yaw_joint': -0.05395592810026019, 'leg_right_hip_roll_joint': -0.010245292371799879, 'left_wrist_attachment_joint': -0.13189095692552, 'left_fore_arm_joint': -0.9214404783027104, 'left_upper_arm_joint': 0.7853981633905304, 'left_shoulder_joint': 5.523831159156849e-12, 'right_wrist_attachment_joint': 0.10992584534275987, 'right_fore_arm_joint': 1.3269638615529828, 'right_upper_arm_joint': -0.7853981633894672, 'right_shoulder_joint': 5.0012712212222856e-12}
## period: 2.88
BAD root_position: -0.07991
BAD root_position: -0.07991
BAD root_position: -0.07991
BAD root_position: -0.07991
BAD root_position: -0.07991
BAD root_position: -0.07991
BAD root_position: -0.07991
BAD root_position: -0.07991
BAD root_position: -0.07991
BAD root_position: -0.07991
BAD root_position: -0.07991
BAD root_position: -0.07991
BAD root_position: -0.07991
BAD root_position: -0.07991
BAD root_position: -0.07991
BAD root_position: -0.07991
BAD root_position: -0.07991
BAD root_position: -0.07991
BAD root_position: -0.07991
BAD root_position: -0.07991
BAD root_position: -0.07991
BAD root_position: -0.07991
BAD root_position: -0.07991
BAD root_position: -0.07991
BAD root_position: -0.07991
BAD root_position: -0.07991
BAD root_position: -0.07991
BAD root_position: -0.07991
BAD root_position: -0.07991
BAD root_position: -0.07991
BAD root_position: -0.07991
BAD root_position: -0.07991
BAD root_position: -0.07991
BAD root_position: -0.07991
BAD root_position: -0.07991
BAD root_position: -0.07991
BAD root_position: -0.07991
BAD root_position: -0.07991
BAD root_position: -0.07991
BAD root_position: -0.07990
BAD root_position: -0.07990
BAD root_position: -0.07990
BAD root_position: -0.07990
BAD root_position: -0.07990
BAD root_position: -0.07990
BAD root_position: -0.07990
BAD root_position: -0.07990
BAD root_position: -0.07990
BAD root_position: -0.07990
BAD root_position: -0.07990
BAD root_position: -0.07990
BAD root_position: -0.07990
BAD root_position: -0.07990
BAD root_position: -0.07989
BAD root_position: -0.07989
BAD root_position: -0.07989
BAD root_position: -0.07988
BAD root_position: -0.07988
BAD root_position: -0.07989
BAD root_position: -0.07998
BAD root_position: -0.08015
BAD root_position: -0.08039
BAD root_position: -0.08069
BAD root_position: -0.08102
BAD root_position: -0.08138
BAD root_position: -0.08176
BAD root_position: -0.08214
BAD root_position: -0.08251
BAD root_position: -0.08285
BAD root_position: -0.08315
BAD root_position: -0.08341
BAD root_position: -0.08360
BAD root_position: -0.08371
BAD root_position: -0.08373
BAD root_position: -0.08373
BAD root_position: -0.08373
BAD root_position: -0.08373
BAD root_position: -0.08373
BAD root_position: -0.08373
BAD root_position: -0.08373
BAD root_position: -0.08373
BAD root_position: -0.08371
BAD root_position: -0.08360
BAD root_position: -0.08342
BAD root_position: -0.08317
BAD root_position: -0.08287
BAD root_position: -0.08252
BAD root_position: -0.08216
BAD root_position: -0.08178
BAD root_position: -0.08140
BAD root_position: -0.08104
BAD root_position: -0.08070
BAD root_position: -0.08041
BAD root_position: -0.08016
BAD root_position: -0.07999
BAD root_position: -0.07989
BAD root_position: -0.07988
BAD root_position: -0.07988
BAD root_position: -0.07988
BAD root_position: -0.07989
BAD root_position: -0.07989
BAD root_position: -0.07989
BAD root_position: -0.07989
BAD root_position: -0.07990
BAD root_position: -0.07990
BAD root_position: -0.07990
BAD root_position: -0.07990
BAD root_position: -0.07990
BAD root_position: -0.07990
BAD root_position: -0.07990
BAD root_position: -0.07990
BAD root_position: -0.07990
BAD root_position: -0.07990
BAD root_position: -0.07990
BAD root_position: -0.07990
BAD root_position: -0.07989
BAD root_position: -0.07989
BAD root_position: -0.07989
BAD root_position: -0.07989
BAD root_position: -0.07988
BAD root_position: -0.07988
BAD root_position: -0.07987
BAD root_position: -0.07987
BAD root_position: -0.07987
BAD root_position: -0.07986
BAD root_position: -0.07986
BAD root_position: -0.07986
BAD root_position: -0.07990
BAD root_position: -0.08003
BAD root_position: -0.08024
BAD root_position: -0.08051
BAD root_position: -0.08084
BAD root_position: -0.08121
BAD root_position: -0.08160
BAD root_position: -0.08200
BAD root_position: -0.08240
BAD root_position: -0.08279
BAD root_position: -0.08315
BAD root_position: -0.08347
BAD root_position: -0.08373
BAD root_position: -0.08392
BAD root_position: -0.08403
BAD root_position: -0.08407
BAD root_position: -0.08410
BAD root_position: -0.08413
BAD root_position: -0.08416
BAD root_position: -0.08418
BAD root_position: -0.08421
BAD root_position: -0.08424
BAD root_position: -0.08426
BAD root_position: -0.08423
BAD root_position: -0.08410
BAD root_position: -0.08390
BAD root_position: -0.08363
BAD root_position: -0.08331
BAD root_position: -0.08295
BAD root_position: -0.08257
BAD root_position: -0.08218
BAD root_position: -0.08179
BAD root_position: -0.08142
BAD root_position: -0.08108
BAD root_position: -0.08079
BAD root_position: -0.08055
BAD root_position: -0.08039
BAD root_position: -0.08032
BAD root_position: -0.08030
BAD root_position: -0.08029
BAD root_position: -0.08027
BAD root_position: -0.08025
BAD root_position: -0.08023
BAD root_position: -0.08021
BAD root_position: -0.08018
BAD root_position: -0.08015
BAD root_position: -0.08012
BAD root_position: -0.08009
BAD root_position: -0.08006
BAD root_position: -0.08002
BAD root_position: -0.07999
BAD root_position: -0.07995
BAD root_position: -0.07991
BAD root_position: -0.07987
BAD root_position: -0.07984
BAD root_position: -0.07980
BAD root_position: -0.07976
BAD root_position: -0.07972
BAD root_position: -0.07968
BAD root_position: -0.07965
BAD root_position: -0.07961
BAD root_position: -0.07958
BAD root_position: -0.07955
BAD root_position: -0.07952
BAD root_position: -0.07949
BAD root_position: -0.07947
BAD root_position: -0.07945
BAD root_position: -0.07943
BAD root_position: -0.07941
BAD root_position: -0.07945
BAD root_position: -0.07957
BAD root_position: -0.07975
BAD root_position: -0.07998
BAD root_position: -0.08026
BAD root_position: -0.08057
BAD root_position: -0.08090
BAD root_position: -0.08124
BAD root_position: -0.08159
BAD root_position: -0.08192
BAD root_position: -0.08223
BAD root_position: -0.08252
BAD root_position: -0.08275
BAD root_position: -0.08294
BAD root_position: -0.08306
BAD root_position: -0.08310
BAD root_position: -0.08312
BAD root_position: -0.08314
BAD root_position: -0.08316
BAD root_position: -0.08318
BAD root_position: -0.08319
BAD root_position: -0.08321
BAD root_position: -0.08323
BAD root_position: -0.08325
BAD root_position: -0.08321
BAD root_position: -0.08309
BAD root_position: -0.08291
BAD root_position: -0.08268
BAD root_position: -0.08240
BAD root_position: -0.08209
BAD root_position: -0.08176
BAD root_position: -0.08141
BAD root_position: -0.08107
BAD root_position: -0.08074
BAD root_position: -0.08044
BAD root_position: -0.08016
BAD root_position: -0.07994
BAD root_position: -0.07977
BAD root_position: -0.07967
BAD root_position: -0.07965
BAD root_position: -0.07965
BAD root_position: -0.07966
BAD root_position: -0.07967
BAD root_position: -0.07968
BAD root_position: -0.07969
BAD root_position: -0.07970
BAD root_position: -0.07972
BAD root_position: -0.07973
BAD root_position: -0.07974
BAD root_position: -0.07976
BAD root_position: -0.07977
BAD root_position: -0.07979
BAD root_position: -0.07981
BAD root_position: -0.07982
BAD root_position: -0.07984
BAD root_position: -0.07986
BAD root_position: -0.07987
BAD root_position: -0.07989
BAD root_position: -0.07991
BAD root_position: -0.07992
BAD root_position: -0.07994
BAD root_position: -0.07996
BAD root_position: -0.07997
BAD root_position: -0.07999
BAD root_position: -0.08000
BAD root_position: -0.08001
BAD root_position: -0.08002
BAD root_position: -0.08004
BAD root_position: -0.08004
BAD root_position: -0.08005
BAD root_position: -0.08006
BAD root_position: -0.08007
BAD root_position: -0.08014
BAD root_position: -0.08029
BAD root_position: -0.08051
BAD root_position: -0.08078
BAD root_position: -0.08110
BAD root_position: -0.08146
BAD root_position: -0.08185
BAD root_position: -0.08224
BAD root_position: -0.08264
BAD root_position: -0.08302
BAD root_position: -0.08339
BAD root_position: -0.08372
BAD root_position: -0.08400
BAD root_position: -0.08422
BAD root_position: -0.08437
BAD root_position: -0.08444
BAD root_position: -0.08448
BAD root_position: -0.08452
BAD root_position: -0.08455
BAD root_position: -0.08459
BAD root_position: -0.08462
BAD root_position: -0.08466
BAD root_position: -0.08469
BAD root_position: -0.08472
BAD root_position: -0.08468
BAD root_position: -0.08456
BAD root_position: -0.08437
BAD root_position: -0.08411
BAD root_position: -0.08380
BAD root_position: -0.08346
BAD root_position: -0.08309
BAD root_position: -0.08271
BAD root_position: -0.08233
BAD root_position: -0.08195
BAD root_position: -0.08161
BAD root_position: -0.08129
BAD root_position: -0.08103
BAD root_position: -0.08082
BAD root_position: -0.08069
BAD root_position: -0.08064
BAD root_position: -0.08062
BAD root_position: -0.08059
BAD root_position: -0.08056
BAD root_position: -0.08053
BAD root_position: -0.08050
BAD root_position: -0.08046
BAD root_position: -0.08042
BAD root_position: -0.08038
BAD root_position: -0.08034
BAD root_position: -0.08029
BAD root_position: -0.08024
BAD root_position: -0.08019
BAD root_position: -0.08013
BAD root_position: -0.08007
BAD root_position: -0.08002
BAD root_position: -0.07996
BAD root_position: -0.07990
BAD root_position: -0.07983
BAD root_position: -0.07977
BAD root_position: -0.07971
BAD root_position: -0.07965
BAD root_position: -0.07959
BAD root_position: -0.07953
BAD root_position: -0.07948
BAD root_position: -0.07943
BAD root_position: -0.07938
BAD root_position: -0.07933
BAD root_position: -0.07928
BAD root_position: -0.07924
BAD root_position: -0.07920
BAD root_position: -0.07917
BAD root_position: -0.07914
BAD root_position: -0.07917
BAD root_position: -0.07927
BAD root_position: -0.07944
BAD root_position: -0.07966
BAD root_position: -0.07992
BAD root_position: -0.08022
BAD root_position: -0.08054
BAD root_position: -0.08087
BAD root_position: -0.08120
BAD root_position: -0.08153
BAD root_position: -0.08183
BAD root_position: -0.08210
BAD root_position: -0.08234
BAD root_position: -0.08252
BAD root_position: -0.08264
BAD root_position: -0.08268
BAD root_position: -0.08270
BAD root_position: -0.08272
BAD root_position: -0.08274
BAD root_position: -0.08277
BAD root_position: -0.08279
BAD root_position: -0.08282
BAD root_position: -0.08284
BAD root_position: -0.08287
BAD root_position: -0.08284
BAD root_position: -0.08273
BAD root_position: -0.08256
BAD root_position: -0.08234
BAD root_position: -0.08208
BAD root_position: -0.08178
BAD root_position: -0.08147
BAD root_position: -0.08114
BAD root_position: -0.08076
BAD root_position: -0.08044
BAD root_position: -0.08014
BAD root_position: -0.07988
BAD root_position: -0.07967
BAD root_position: -0.07951
BAD root_position: -0.07941
BAD root_position: -0.07940
BAD root_position: -0.07941
BAD root_position: -0.07943
BAD root_position: -0.07945
BAD root_position: -0.07947
BAD root_position: -0.07949
BAD root_position: -0.07951
BAD root_position: -0.07954
BAD root_position: -0.07956
BAD root_position: -0.07959
BAD root_position: -0.07962
BAD root_position: -0.07965
BAD root_position: -0.07969
BAD root_position: -0.07972
BAD root_position: -0.07976
BAD root_position: -0.07980
BAD root_position: -0.07984
BAD root_position: -0.07988
BAD root_position: -0.07992
BAD root_position: -0.07996
BAD root_position: -0.08000
BAD root_position: -0.08004
BAD root_position: -0.08007
BAD root_position: -0.08011
BAD root_position: -0.08014
BAD root_position: -0.08018
BAD root_position: -0.08021
BAD root_position: -0.08024
BAD root_position: -0.08026
BAD root_position: -0.08029
BAD root_position: -0.08031
BAD root_position: -0.08033
BAD root_position: -0.08041
BAD root_position: -0.08058
BAD root_position: -0.08083
BAD root_position: -0.08114
BAD root_position: -0.08149
BAD root_position: -0.08189
BAD root_position: -0.08231
BAD root_position: -0.08274
BAD root_position: -0.08316
BAD root_position: -0.08357
BAD root_position: -0.08395
BAD root_position: -0.08428
BAD root_position: -0.08455
BAD root_position: -0.08475
BAD root_position: -0.08486
BAD root_position: -0.08490
BAD root_position: -0.08495
BAD root_position: -0.08499
BAD root_position: -0.08504
BAD root_position: -0.08508
BAD root_position: -0.08512
BAD root_position: -0.08515
BAD root_position: -0.08518
BAD root_position: -0.08513
BAD root_position: -0.08499
BAD root_position: -0.08477
BAD root_position: -0.08448
BAD root_position: -0.08414
BAD root_position: -0.08376
BAD root_position: -0.08335
BAD root_position: -0.08294
BAD root_position: -0.08253
BAD root_position: -0.08214
BAD root_position: -0.08178
BAD root_position: -0.08147
BAD root_position: -0.08121
BAD root_position: -0.08104
BAD root_position: -0.08095
BAD root_position: -0.08090
BAD root_position: -0.08085
BAD root_position: -0.08079
BAD root_position: -0.08073
BAD root_position: -0.08066
BAD root_position: -0.08059
BAD root_position: -0.08052
BAD root_position: -0.08044
BAD root_position: -0.08036
BAD root_position: -0.08028
BAD root_position: -0.08019
BAD root_position: -0.08011
BAD root_position: -0.08002
BAD root_position: -0.07993
BAD root_position: -0.07984
BAD root_position: -0.07976
BAD root_position: -0.07967
BAD root_position: -0.07959
BAD root_position: -0.07950
BAD root_position: -0.07943
BAD root_position: -0.07935
BAD root_position: -0.07928
BAD root_position: -0.07921
BAD root_position: -0.07915
BAD root_position: -0.07909
BAD root_position: -0.07903
BAD root_position: -0.07898
BAD root_position: -0.07894
BAD root_position: -0.07890
BAD root_position: -0.07886
BAD root_position: -0.07884
BAD root_position: -0.07891
BAD root_position: -0.07904
BAD root_position: -0.07924
BAD root_position: -0.07949
BAD root_position: -0.07978
BAD root_position: -0.08010
BAD root_position: -0.08043
BAD root_position: -0.08077
BAD root_position: -0.08111
BAD root_position: -0.08142
BAD root_position: -0.08171
BAD root_position: -0.08195
BAD root_position: -0.08213
BAD root_position: -0.08225
BAD root_position: -0.08229
BAD root_position: -0.08232
BAD root_position: -0.08234
BAD root_position: -0.08237
BAD root_position: -0.08240
BAD root_position: -0.08243
recorded 500 frames
avg lin_vel_x 0.0176
avg lin_vel_y -0.0105
avg yaw 0.0001
computed xvel: 0.028, mean xvel: 0.0176
computed yvel: -0.021, mean yvel: -0.0105
computed thetavel: 0.153, mean thetavel: 0.0001
DONE, saving 148_0.028_-0.021_0.153.json
