<frozen importlib._bootstrap>:241: RuntimeWarning: to-Python converter for std::vector<Eigen::Matrix<double, 3, 1, 0, 3, 1>, std::allocator<Eigen::Matrix<double, 3, 1, 0, 3, 1> > > already registered; second conversion method ignored.
<frozen importlib._bootstrap>:241: RuntimeWarning: to-Python converter for boost::python::detail::container_element<std::vector<Eigen::Matrix<double, 3, 1, 0, 3, 1>, std::allocator<Eigen::Matrix<double, 3, 1, 0, 3, 1> > >, unsigned long, boost::python::detail::final_vector_derived_policies<std::vector<Eigen::Matrix<double, 3, 1, 0, 3, 1>, std::allocator<Eigen::Matrix<double, 3, 1, 0, 3, 1> > >, false> > already registered; second conversion method ignored.
<frozen importlib._bootstrap>:241: RuntimeWarning: to-Python converter for std::vector<int, std::allocator<int> > already registered; second conversion method ignored.
<frozen importlib._bootstrap>:241: RuntimeWarning: to-Python converter for std::vector<double, std::allocator<double> > already registered; second conversion method ignored.
<frozen importlib._bootstrap>:241: RuntimeWarning: to-Python converter for std::vector<std::__cxx11::basic_string<char, std::char_traits<char>, std::allocator<char> >, std::allocator<std::__cxx11::basic_string<char, std::char_traits<char>, std::allocator<char> > > > already registered; second conversion method ignored.
WARNING: Can't find trunk frames in the model, can't measure leg spacing
WARNING: Can't find head frames in the model, camera_look_at won't work
gait_parameters {'dx': 0.06, 'dy': -0.03, 'dtheta': 0.22, 'duration': 8, 'hardware': True, 'double_support_ratio': 0.8, 'startend_double_support_ratio': 1.5, 'planned_timesteps': 48, 'replan_timesteps': 10, 'walk_com_height': 0.445, 'walk_foot_height': 0.03, 'walk_trunk_pitch': -5.7, 'walk_foot_rise_ratio': 0.2, 'single_support_duration': 0.8, 'single_support_timesteps': 10, 'foot_length': 0.22, 'feet_spacing': 0.114, 'zmp_margin': 0.02, 'foot_zmp_target_x': 0.0, 'foot_zmp_target_y': 0.0, 'walk_max_dtheta': 1.0, 'walk_max_dy': 0.04, 'walk_max_dx_forward': 0.08, 'walk_max_dx_backward': 0.03, 'joints': ['leg_left_ankle_roll_joint', 'leg_left_ankle_pitch_joint', 'leg_left_knee_pitch_joint', 'leg_left_hip_pitch_joint', 'leg_left_hip_yaw_joint', 'leg_left_hip_roll_joint', 'leg_right_ankle_roll_joint', 'leg_right_ankle_pitch_joint', 'leg_right_knee_pitch_joint', 'leg_right_hip_pitch_joint', 'leg_right_hip_yaw_joint', 'leg_right_hip_roll_joint', 'left_wrist_attachment_joint', 'left_fore_arm_joint', 'left_upper_arm_joint', 'left_shoulder_joint', 'right_wrist_attachment_joint', 'right_fore_arm_joint', 'right_upper_arm_joint', 'right_shoulder_joint'], 'joint_angles': {'left_wrist_attachment_joint': 0, 'left_fore_arm_joint': -90, 'left_upper_arm_joint': 45, 'left_shoulder_joint': 0, 'right_wrist_attachment_joint': 0, 'right_fore_arm_joint': 90, 'right_upper_arm_joint': -45, 'right_shoulder_joint': 0}}
Placing the robot in the initial position...
Initial position reached
{'leg_left_ankle_roll_joint': 0.015739285563657703, 'leg_left_ankle_pitch_joint': -0.4772235236916545, 'leg_left_knee_pitch_joint': 0.913655395704679, 'leg_left_hip_pitch_joint': -0.3374315231209413, 'leg_left_hip_yaw_joint': -0.05364289634538937, 'leg_left_hip_roll_joint': -0.009984522714347096, 'leg_right_ankle_roll_joint': 0.016340722849491358, 'leg_right_ankle_pitch_joint': -0.5029138064582671, 'leg_right_knee_pitch_joint': 0.9977685578353365, 'leg_right_hip_pitch_joint': -0.39586966961637476, 'leg_right_hip_yaw_joint': -0.05411000426815472, 'leg_right_hip_roll_joint': -0.010371713893591308, 'left_wrist_attachment_joint': -3.368013497923246e-26, 'left_fore_arm_joint': -0.6125318430172039, 'left_upper_arm_joint': 0.7853981633885442, 'left_shoulder_joint': 6.990424811038481e-12, 'right_wrist_attachment_joint': -2.8650108154274127e-28, 'right_fore_arm_joint': 0.9408201574472178, 'right_upper_arm_joint': -0.7853981633869367, 'right_shoulder_joint': 6.350455014773366e-12}
## period: 2.88
BAD root_position: -0.07991
BAD root_position: -0.07991
BAD root_position: -0.07991
BAD root_position: -0.07991
BAD root_position: -0.07991
BAD root_position: -0.07991
BAD root_position: -0.07991
BAD root_position: -0.07991
BAD root_position: -0.07991
BAD root_position: -0.07991
BAD root_position: -0.07991
BAD root_position: -0.07991
BAD root_position: -0.07991
BAD root_position: -0.07991
BAD root_position: -0.07991
BAD root_position: -0.07991
BAD root_position: -0.07991
BAD root_position: -0.07991
BAD root_position: -0.07991
BAD root_position: -0.07991
BAD root_position: -0.07991
BAD root_position: -0.07991
BAD root_position: -0.07991
BAD root_position: -0.07991
BAD root_position: -0.07991
BAD root_position: -0.07991
BAD root_position: -0.07991
BAD root_position: -0.07991
BAD root_position: -0.07991
BAD root_position: -0.07991
BAD root_position: -0.07991
BAD root_position: -0.07991
BAD root_position: -0.07991
BAD root_position: -0.07991
BAD root_position: -0.07991
BAD root_position: -0.07991
BAD root_position: -0.07991
BAD root_position: -0.07991
BAD root_position: -0.07991
BAD root_position: -0.07990
BAD root_position: -0.07990
BAD root_position: -0.07990
BAD root_position: -0.07990
BAD root_position: -0.07990
BAD root_position: -0.07990
BAD root_position: -0.07990
BAD root_position: -0.07990
BAD root_position: -0.07990
BAD root_position: -0.07990
BAD root_position: -0.07990
BAD root_position: -0.07990
BAD root_position: -0.07990
BAD root_position: -0.07990
BAD root_position: -0.07989
BAD root_position: -0.07989
BAD root_position: -0.07989
BAD root_position: -0.07988
BAD root_position: -0.07988
BAD root_position: -0.07989
BAD root_position: -0.07998
BAD root_position: -0.08015
BAD root_position: -0.08039
BAD root_position: -0.08069
BAD root_position: -0.08102
BAD root_position: -0.08138
BAD root_position: -0.08176
BAD root_position: -0.08214
BAD root_position: -0.08251
BAD root_position: -0.08285
BAD root_position: -0.08315
BAD root_position: -0.08341
BAD root_position: -0.08360
BAD root_position: -0.08371
BAD root_position: -0.08373
BAD root_position: -0.08373
BAD root_position: -0.08373
BAD root_position: -0.08373
BAD root_position: -0.08373
BAD root_position: -0.08373
BAD root_position: -0.08373
BAD root_position: -0.08373
BAD root_position: -0.08371
BAD root_position: -0.08360
BAD root_position: -0.08342
BAD root_position: -0.08317
BAD root_position: -0.08287
BAD root_position: -0.08252
BAD root_position: -0.08216
BAD root_position: -0.08178
BAD root_position: -0.08140
BAD root_position: -0.08104
BAD root_position: -0.08070
BAD root_position: -0.08041
BAD root_position: -0.08016
BAD root_position: -0.07999
BAD root_position: -0.07989
BAD root_position: -0.07988
BAD root_position: -0.07988
BAD root_position: -0.07988
BAD root_position: -0.07989
BAD root_position: -0.07989
BAD root_position: -0.07989
BAD root_position: -0.07989
BAD root_position: -0.07990
BAD root_position: -0.07990
BAD root_position: -0.07990
BAD root_position: -0.07990
BAD root_position: -0.07990
BAD root_position: -0.07990
BAD root_position: -0.07990
BAD root_position: -0.07990
BAD root_position: -0.07990
BAD root_position: -0.07990
BAD root_position: -0.07990
BAD root_position: -0.07990
BAD root_position: -0.07989
BAD root_position: -0.07989
BAD root_position: -0.07989
BAD root_position: -0.07988
BAD root_position: -0.07988
BAD root_position: -0.07988
BAD root_position: -0.07987
BAD root_position: -0.07987
BAD root_position: -0.07986
BAD root_position: -0.07986
BAD root_position: -0.07986
BAD root_position: -0.07985
BAD root_position: -0.07989
BAD root_position: -0.08003
BAD root_position: -0.08024
BAD root_position: -0.08052
BAD root_position: -0.08085
BAD root_position: -0.08122
BAD root_position: -0.08162
BAD root_position: -0.08204
BAD root_position: -0.08245
BAD root_position: -0.08285
BAD root_position: -0.08323
BAD root_position: -0.08356
BAD root_position: -0.08384
BAD root_position: -0.08404
BAD root_position: -0.08417
BAD root_position: -0.08422
BAD root_position: -0.08426
BAD root_position: -0.08431
BAD root_position: -0.08435
BAD root_position: -0.08440
BAD root_position: -0.08444
BAD root_position: -0.08448
BAD root_position: -0.08452
BAD root_position: -0.08449
BAD root_position: -0.08437
BAD root_position: -0.08417
BAD root_position: -0.08391
BAD root_position: -0.08359
BAD root_position: -0.08322
BAD root_position: -0.08284
BAD root_position: -0.08244
BAD root_position: -0.08204
BAD root_position: -0.08166
BAD root_position: -0.08131
BAD root_position: -0.08100
BAD root_position: -0.08076
BAD root_position: -0.08059
BAD root_position: -0.08050
BAD root_position: -0.08048
BAD root_position: -0.08045
BAD root_position: -0.08043
BAD root_position: -0.08040
BAD root_position: -0.08036
BAD root_position: -0.08032
BAD root_position: -0.08028
BAD root_position: -0.08024
BAD root_position: -0.08020
BAD root_position: -0.08015
BAD root_position: -0.08010
BAD root_position: -0.08005
BAD root_position: -0.08000
BAD root_position: -0.07994
BAD root_position: -0.07989
BAD root_position: -0.07983
BAD root_position: -0.07978
BAD root_position: -0.07973
BAD root_position: -0.07967
BAD root_position: -0.07962
BAD root_position: -0.07957
BAD root_position: -0.07952
BAD root_position: -0.07948
BAD root_position: -0.07943
BAD root_position: -0.07939
BAD root_position: -0.07936
BAD root_position: -0.07932
BAD root_position: -0.07929
BAD root_position: -0.07926
BAD root_position: -0.07924
BAD root_position: -0.07921
BAD root_position: -0.07925
BAD root_position: -0.07936
BAD root_position: -0.07953
BAD root_position: -0.07976
BAD root_position: -0.08002
BAD root_position: -0.08033
BAD root_position: -0.08065
BAD root_position: -0.08099
BAD root_position: -0.08133
BAD root_position: -0.08166
BAD root_position: -0.08197
BAD root_position: -0.08225
BAD root_position: -0.08249
BAD root_position: -0.08269
BAD root_position: -0.08281
BAD root_position: -0.08287
BAD root_position: -0.08291
BAD root_position: -0.08294
BAD root_position: -0.08297
BAD root_position: -0.08300
BAD root_position: -0.08304
BAD root_position: -0.08307
BAD root_position: -0.08310
BAD root_position: -0.08314
BAD root_position: -0.08311
BAD root_position: -0.08301
BAD root_position: -0.08285
BAD root_position: -0.08263
BAD root_position: -0.08236
BAD root_position: -0.08206
BAD root_position: -0.08174
BAD root_position: -0.08141
BAD root_position: -0.08107
BAD root_position: -0.08075
BAD root_position: -0.08044
BAD root_position: -0.08018
BAD root_position: -0.07995
BAD root_position: -0.07978
BAD root_position: -0.07968
BAD root_position: -0.07965
BAD root_position: -0.07966
BAD root_position: -0.07966
BAD root_position: -0.07967
BAD root_position: -0.07967
BAD root_position: -0.07968
BAD root_position: -0.07969
BAD root_position: -0.07970
BAD root_position: -0.07971
BAD root_position: -0.07972
BAD root_position: -0.07973
BAD root_position: -0.07974
BAD root_position: -0.07976
BAD root_position: -0.07977
BAD root_position: -0.07978
BAD root_position: -0.07980
BAD root_position: -0.07981
BAD root_position: -0.07982
BAD root_position: -0.07984
BAD root_position: -0.07986
BAD root_position: -0.07987
BAD root_position: -0.07989
BAD root_position: -0.07990
BAD root_position: -0.07992
BAD root_position: -0.07993
BAD root_position: -0.07994
BAD root_position: -0.07996
BAD root_position: -0.07997
BAD root_position: -0.07998
BAD root_position: -0.07999
BAD root_position: -0.08000
BAD root_position: -0.08000
BAD root_position: -0.08001
BAD root_position: -0.08008
BAD root_position: -0.08023
BAD root_position: -0.08045
BAD root_position: -0.08073
BAD root_position: -0.08106
BAD root_position: -0.08142
BAD root_position: -0.08181
BAD root_position: -0.08222
BAD root_position: -0.08262
BAD root_position: -0.08302
BAD root_position: -0.08340
BAD root_position: -0.08374
BAD root_position: -0.08404
BAD root_position: -0.08427
BAD root_position: -0.08444
BAD root_position: -0.08452
BAD root_position: -0.08458
BAD root_position: -0.08463
BAD root_position: -0.08468
BAD root_position: -0.08473
BAD root_position: -0.08478
BAD root_position: -0.08483
BAD root_position: -0.08487
BAD root_position: -0.08491
BAD root_position: -0.08489
BAD root_position: -0.08478
BAD root_position: -0.08459
BAD root_position: -0.08433
BAD root_position: -0.08403
BAD root_position: -0.08369
BAD root_position: -0.08331
BAD root_position: -0.08293
BAD root_position: -0.08254
BAD root_position: -0.08216
BAD root_position: -0.08180
BAD root_position: -0.08148
BAD root_position: -0.08120
BAD root_position: -0.08099
BAD root_position: -0.08085
BAD root_position: -0.08079
BAD root_position: -0.08076
BAD root_position: -0.08073
BAD root_position: -0.08069
BAD root_position: -0.08065
BAD root_position: -0.08061
BAD root_position: -0.08056
BAD root_position: -0.08051
BAD root_position: -0.08046
BAD root_position: -0.08041
BAD root_position: -0.08035
BAD root_position: -0.08029
BAD root_position: -0.08022
BAD root_position: -0.08015
BAD root_position: -0.08008
BAD root_position: -0.08001
BAD root_position: -0.07994
BAD root_position: -0.07987
BAD root_position: -0.07979
BAD root_position: -0.07972
BAD root_position: -0.07965
BAD root_position: -0.07957
BAD root_position: -0.07950
BAD root_position: -0.07944
BAD root_position: -0.07937
BAD root_position: -0.07932
BAD root_position: -0.07926
BAD root_position: -0.07920
BAD root_position: -0.07915
BAD root_position: -0.07910
BAD root_position: -0.07906
BAD root_position: -0.07902
BAD root_position: -0.07898
BAD root_position: -0.07901
BAD root_position: -0.07911
BAD root_position: -0.07927
BAD root_position: -0.07948
BAD root_position: -0.07974
BAD root_position: -0.08003
BAD root_position: -0.08034
BAD root_position: -0.08066
BAD root_position: -0.08099
BAD root_position: -0.08132
BAD root_position: -0.08162
BAD root_position: -0.08190
BAD root_position: -0.08213
BAD root_position: -0.08232
BAD root_position: -0.08245
BAD root_position: -0.08250
BAD root_position: -0.08254
BAD root_position: -0.08257
BAD root_position: -0.08261
BAD root_position: -0.08264
BAD root_position: -0.08268
BAD root_position: -0.08272
BAD root_position: -0.08276
BAD root_position: -0.08280
BAD root_position: -0.08278
BAD root_position: -0.08269
BAD root_position: -0.08254
BAD root_position: -0.08233
BAD root_position: -0.08208
BAD root_position: -0.08180
BAD root_position: -0.08149
BAD root_position: -0.08117
BAD root_position: -0.08079
BAD root_position: -0.08047
BAD root_position: -0.08018
BAD root_position: -0.07992
BAD root_position: -0.07970
BAD root_position: -0.07954
BAD root_position: -0.07945
BAD root_position: -0.07943
BAD root_position: -0.07944
BAD root_position: -0.07945
BAD root_position: -0.07946
BAD root_position: -0.07948
BAD root_position: -0.07950
BAD root_position: -0.07952
BAD root_position: -0.07954
BAD root_position: -0.07956
BAD root_position: -0.07958
BAD root_position: -0.07961
BAD root_position: -0.07964
BAD root_position: -0.07967
BAD root_position: -0.07970
BAD root_position: -0.07973
BAD root_position: -0.07977
BAD root_position: -0.07980
BAD root_position: -0.07984
BAD root_position: -0.07987
BAD root_position: -0.07991
BAD root_position: -0.07995
BAD root_position: -0.07998
BAD root_position: -0.08001
BAD root_position: -0.08005
BAD root_position: -0.08008
BAD root_position: -0.08011
BAD root_position: -0.08014
BAD root_position: -0.08017
BAD root_position: -0.08019
BAD root_position: -0.08021
BAD root_position: -0.08023
BAD root_position: -0.08025
BAD root_position: -0.08033
BAD root_position: -0.08050
BAD root_position: -0.08075
BAD root_position: -0.08106
BAD root_position: -0.08142
BAD root_position: -0.08182
BAD root_position: -0.08224
BAD root_position: -0.08268
BAD root_position: -0.08312
BAD root_position: -0.08353
BAD root_position: -0.08392
BAD root_position: -0.08427
BAD root_position: -0.08456
BAD root_position: -0.08477
BAD root_position: -0.08489
BAD root_position: -0.08495
BAD root_position: -0.08501
BAD root_position: -0.08507
BAD root_position: -0.08513
BAD root_position: -0.08518
BAD root_position: -0.08524
BAD root_position: -0.08529
BAD root_position: -0.08533
BAD root_position: -0.08529
BAD root_position: -0.08516
BAD root_position: -0.08494
BAD root_position: -0.08465
BAD root_position: -0.08431
BAD root_position: -0.08393
BAD root_position: -0.08352
BAD root_position: -0.08310
BAD root_position: -0.08269
BAD root_position: -0.08229
BAD root_position: -0.08192
BAD root_position: -0.08160
BAD root_position: -0.08134
BAD root_position: -0.08115
BAD root_position: -0.08106
BAD root_position: -0.08100
BAD root_position: -0.08095
BAD root_position: -0.08088
BAD root_position: -0.08081
BAD root_position: -0.08074
BAD root_position: -0.08066
BAD root_position: -0.08058
BAD root_position: -0.08049
BAD root_position: -0.08040
BAD root_position: -0.08031
BAD root_position: -0.08021
BAD root_position: -0.08011
BAD root_position: -0.08002
BAD root_position: -0.07992
BAD root_position: -0.07982
BAD root_position: -0.07972
BAD root_position: -0.07963
BAD root_position: -0.07954
BAD root_position: -0.07945
BAD root_position: -0.07936
BAD root_position: -0.07928
BAD root_position: -0.07920
BAD root_position: -0.07912
BAD root_position: -0.07906
BAD root_position: -0.07899
BAD root_position: -0.07893
BAD root_position: -0.07888
BAD root_position: -0.07883
BAD root_position: -0.07879
BAD root_position: -0.07875
BAD root_position: -0.07873
BAD root_position: -0.07878
BAD root_position: -0.07891
BAD root_position: -0.07911
BAD root_position: -0.07935
BAD root_position: -0.07963
BAD root_position: -0.07995
BAD root_position: -0.08028
BAD root_position: -0.08061
BAD root_position: -0.08094
BAD root_position: -0.08126
BAD root_position: -0.08154
BAD root_position: -0.08179
BAD root_position: -0.08198
BAD root_position: -0.08211
BAD root_position: -0.08216
BAD root_position: -0.08220
BAD root_position: -0.08224
BAD root_position: -0.08228
BAD root_position: -0.08232
BAD root_position: -0.08236
recorded 500 frames
avg lin_vel_x 0.0216
avg lin_vel_y -0.0087
avg yaw 0.0001
computed xvel: 0.042, mean xvel: 0.0216
computed yvel: -0.021, mean yvel: -0.0087
computed thetavel: 0.153, mean thetavel: 0.0001
DONE, saving 149_0.042_-0.021_0.153.json
