<frozen importlib._bootstrap>:241: RuntimeWarning: to-Python converter for std::vector<Eigen::Matrix<double, 3, 1, 0, 3, 1>, std::allocator<Eigen::Matrix<double, 3, 1, 0, 3, 1> > > already registered; second conversion method ignored.
<frozen importlib._bootstrap>:241: RuntimeWarning: to-Python converter for boost::python::detail::container_element<std::vector<Eigen::Matrix<double, 3, 1, 0, 3, 1>, std::allocator<Eigen::Matrix<double, 3, 1, 0, 3, 1> > >, unsigned long, boost::python::detail::final_vector_derived_policies<std::vector<Eigen::Matrix<double, 3, 1, 0, 3, 1>, std::allocator<Eigen::Matrix<double, 3, 1, 0, 3, 1> > >, false> > already registered; second conversion method ignored.
<frozen importlib._bootstrap>:241: RuntimeWarning: to-Python converter for std::vector<int, std::allocator<int> > already registered; second conversion method ignored.
<frozen importlib._bootstrap>:241: RuntimeWarning: to-Python converter for std::vector<double, std::allocator<double> > already registered; second conversion method ignored.
<frozen importlib._bootstrap>:241: RuntimeWarning: to-Python converter for std::vector<std::__cxx11::basic_string<char, std::char_traits<char>, std::allocator<char> >, std::allocator<std::__cxx11::basic_string<char, std::char_traits<char>, std::allocator<char> > > > already registered; second conversion method ignored.
WARNING: Can't find trunk frames in the model, can't measure leg spacing
WARNING: Can't find head frames in the model, camera_look_at won't work
gait_parameters {'dx': 0.04, 'dy': -0.01, 'dtheta': 0.22, 'duration': 8, 'hardware': True, 'double_support_ratio': 0.8, 'startend_double_support_ratio': 1.5, 'planned_timesteps': 48, 'replan_timesteps': 10, 'walk_com_height': 0.445, 'walk_foot_height': 0.03, 'walk_trunk_pitch': -5.7, 'walk_foot_rise_ratio': 0.2, 'single_support_duration': 0.8, 'single_support_timesteps': 10, 'foot_length': 0.22, 'feet_spacing': 0.114, 'zmp_margin': 0.02, 'foot_zmp_target_x': 0.0, 'foot_zmp_target_y': 0.0, 'walk_max_dtheta': 1.0, 'walk_max_dy': 0.04, 'walk_max_dx_forward': 0.08, 'walk_max_dx_backward': 0.03, 'joints': ['leg_left_ankle_roll_joint', 'leg_left_ankle_pitch_joint', 'leg_left_knee_pitch_joint', 'leg_left_hip_pitch_joint', 'leg_left_hip_yaw_joint', 'leg_left_hip_roll_joint', 'leg_right_ankle_roll_joint', 'leg_right_ankle_pitch_joint', 'leg_right_knee_pitch_joint', 'leg_right_hip_pitch_joint', 'leg_right_hip_yaw_joint', 'leg_right_hip_roll_joint', 'left_wrist_attachment_joint', 'left_fore_arm_joint', 'left_upper_arm_joint', 'left_shoulder_joint', 'right_wrist_attachment_joint', 'right_fore_arm_joint', 'right_upper_arm_joint', 'right_shoulder_joint'], 'joint_angles': {'left_wrist_attachment_joint': 0, 'left_fore_arm_joint': -90, 'left_upper_arm_joint': 45, 'left_shoulder_joint': 0, 'right_wrist_attachment_joint': 0, 'right_fore_arm_joint': 90, 'right_upper_arm_joint': -45, 'right_shoulder_joint': 0}}
Placing the robot in the initial position...
Initial position reached
{'leg_left_ankle_roll_joint': 0.016555120502546334, 'leg_left_ankle_pitch_joint': -0.4870560043420755, 'leg_left_knee_pitch_joint': 0.9341825621932188, 'leg_left_hip_pitch_joint': -0.3481541342053653, 'leg_left_hip_yaw_joint': -0.05427396978140418, 'leg_left_hip_roll_joint': -0.01050232128654824, 'leg_right_ankle_roll_joint': 0.017171831172395173, 'leg_right_ankle_pitch_joint': -0.5121405722483722, 'leg_right_knee_pitch_joint': 1.0172244376360906, 'leg_right_hip_pitch_joint': -0.40612748227998474, 'leg_right_hip_yaw_joint': -0.05475288109735964, 'leg_right_hip_roll_joint': -0.010899233291163978, 'left_wrist_attachment_joint': -2.3991627318070986e-26, 'left_fore_arm_joint': -0.9351485543863443, 'left_upper_arm_joint': 0.7853981633893624, 'left_shoulder_joint': 6.354278650719011e-12, 'right_wrist_attachment_joint': 0.03379820235595164, 'right_fore_arm_joint': 0.9641698060165702, 'right_upper_arm_joint': -0.7853981633877448, 'right_shoulder_joint': 5.921129548853844e-12}
## period: 2.88
BAD root_position: -0.07991
BAD root_position: -0.07991
BAD root_position: -0.07991
BAD root_position: -0.07991
BAD root_position: -0.07991
BAD root_position: -0.07991
BAD root_position: -0.07991
BAD root_position: -0.07991
BAD root_position: -0.07991
BAD root_position: -0.07991
BAD root_position: -0.07991
BAD root_position: -0.07991
BAD root_position: -0.07991
BAD root_position: -0.07991
BAD root_position: -0.07991
BAD root_position: -0.07991
BAD root_position: -0.07991
BAD root_position: -0.07991
BAD root_position: -0.07991
BAD root_position: -0.07991
BAD root_position: -0.07991
BAD root_position: -0.07991
BAD root_position: -0.07991
BAD root_position: -0.07991
BAD root_position: -0.07991
BAD root_position: -0.07991
BAD root_position: -0.07991
BAD root_position: -0.07991
BAD root_position: -0.07991
BAD root_position: -0.07991
BAD root_position: -0.07991
BAD root_position: -0.07991
BAD root_position: -0.07991
BAD root_position: -0.07991
BAD root_position: -0.07991
BAD root_position: -0.07991
BAD root_position: -0.07991
BAD root_position: -0.07991
BAD root_position: -0.07991
BAD root_position: -0.07990
BAD root_position: -0.07990
BAD root_position: -0.07990
BAD root_position: -0.07990
BAD root_position: -0.07990
BAD root_position: -0.07990
BAD root_position: -0.07990
BAD root_position: -0.07990
BAD root_position: -0.07990
BAD root_position: -0.07990
BAD root_position: -0.07990
BAD root_position: -0.07990
BAD root_position: -0.07990
BAD root_position: -0.07990
BAD root_position: -0.07989
BAD root_position: -0.07989
BAD root_position: -0.07989
BAD root_position: -0.07988
BAD root_position: -0.07988
BAD root_position: -0.07989
BAD root_position: -0.07998
BAD root_position: -0.08015
BAD root_position: -0.08039
BAD root_position: -0.08069
BAD root_position: -0.08102
BAD root_position: -0.08138
BAD root_position: -0.08176
BAD root_position: -0.08214
BAD root_position: -0.08251
BAD root_position: -0.08285
BAD root_position: -0.08315
BAD root_position: -0.08341
BAD root_position: -0.08360
BAD root_position: -0.08371
BAD root_position: -0.08373
BAD root_position: -0.08373
BAD root_position: -0.08373
BAD root_position: -0.08373
BAD root_position: -0.08373
BAD root_position: -0.08373
BAD root_position: -0.08373
BAD root_position: -0.08373
BAD root_position: -0.08371
BAD root_position: -0.08360
BAD root_position: -0.08342
BAD root_position: -0.08317
BAD root_position: -0.08287
BAD root_position: -0.08253
BAD root_position: -0.08216
BAD root_position: -0.08178
BAD root_position: -0.08140
BAD root_position: -0.08104
BAD root_position: -0.08070
BAD root_position: -0.08041
BAD root_position: -0.08016
BAD root_position: -0.07999
BAD root_position: -0.07989
BAD root_position: -0.07988
BAD root_position: -0.07988
BAD root_position: -0.07988
BAD root_position: -0.07989
BAD root_position: -0.07989
BAD root_position: -0.07989
BAD root_position: -0.07990
BAD root_position: -0.07990
BAD root_position: -0.07990
BAD root_position: -0.07990
BAD root_position: -0.07990
BAD root_position: -0.07990
BAD root_position: -0.07991
BAD root_position: -0.07991
BAD root_position: -0.07991
BAD root_position: -0.07990
BAD root_position: -0.07990
BAD root_position: -0.07990
BAD root_position: -0.07990
BAD root_position: -0.07990
BAD root_position: -0.07990
BAD root_position: -0.07989
BAD root_position: -0.07989
BAD root_position: -0.07989
BAD root_position: -0.07988
BAD root_position: -0.07988
BAD root_position: -0.07988
BAD root_position: -0.07987
BAD root_position: -0.07987
BAD root_position: -0.07987
BAD root_position: -0.07986
BAD root_position: -0.07990
BAD root_position: -0.08003
BAD root_position: -0.08024
BAD root_position: -0.08050
BAD root_position: -0.08081
BAD root_position: -0.08116
BAD root_position: -0.08154
BAD root_position: -0.08192
BAD root_position: -0.08230
BAD root_position: -0.08266
BAD root_position: -0.08299
BAD root_position: -0.08327
BAD root_position: -0.08350
BAD root_position: -0.08366
BAD root_position: -0.08374
BAD root_position: -0.08374
BAD root_position: -0.08374
BAD root_position: -0.08375
BAD root_position: -0.08375
BAD root_position: -0.08375
BAD root_position: -0.08375
BAD root_position: -0.08375
BAD root_position: -0.08375
BAD root_position: -0.08370
BAD root_position: -0.08356
BAD root_position: -0.08335
BAD root_position: -0.08307
BAD root_position: -0.08275
BAD root_position: -0.08240
BAD root_position: -0.08202
BAD root_position: -0.08164
BAD root_position: -0.08127
BAD root_position: -0.08092
BAD root_position: -0.08059
BAD root_position: -0.08032
BAD root_position: -0.08010
BAD root_position: -0.07996
BAD root_position: -0.07990
BAD root_position: -0.07990
BAD root_position: -0.07990
BAD root_position: -0.07990
BAD root_position: -0.07991
BAD root_position: -0.07991
BAD root_position: -0.07991
BAD root_position: -0.07991
BAD root_position: -0.07991
BAD root_position: -0.07991
BAD root_position: -0.07991
BAD root_position: -0.07991
BAD root_position: -0.07991
BAD root_position: -0.07991
BAD root_position: -0.07991
BAD root_position: -0.07991
BAD root_position: -0.07990
BAD root_position: -0.07990
BAD root_position: -0.07990
BAD root_position: -0.07989
BAD root_position: -0.07989
BAD root_position: -0.07989
BAD root_position: -0.07988
BAD root_position: -0.07988
BAD root_position: -0.07987
BAD root_position: -0.07987
BAD root_position: -0.07986
BAD root_position: -0.07986
BAD root_position: -0.07985
BAD root_position: -0.07985
BAD root_position: -0.07985
BAD root_position: -0.07984
BAD root_position: -0.07990
BAD root_position: -0.08004
BAD root_position: -0.08024
BAD root_position: -0.08049
BAD root_position: -0.08079
BAD root_position: -0.08112
BAD root_position: -0.08147
BAD root_position: -0.08184
BAD root_position: -0.08220
BAD root_position: -0.08254
BAD root_position: -0.08287
BAD root_position: -0.08315
BAD root_position: -0.08339
BAD root_position: -0.08357
BAD root_position: -0.08368
BAD root_position: -0.08372
BAD root_position: -0.08372
BAD root_position: -0.08372
BAD root_position: -0.08372
BAD root_position: -0.08373
BAD root_position: -0.08373
BAD root_position: -0.08373
BAD root_position: -0.08373
BAD root_position: -0.08373
BAD root_position: -0.08368
BAD root_position: -0.08354
BAD root_position: -0.08334
BAD root_position: -0.08308
BAD root_position: -0.08279
BAD root_position: -0.08245
BAD root_position: -0.08210
BAD root_position: -0.08174
BAD root_position: -0.08138
BAD root_position: -0.08103
BAD root_position: -0.08071
BAD root_position: -0.08043
BAD root_position: -0.08019
BAD root_position: -0.08001
BAD root_position: -0.07991
BAD root_position: -0.07988
BAD root_position: -0.07988
BAD root_position: -0.07988
BAD root_position: -0.07989
BAD root_position: -0.07989
BAD root_position: -0.07989
BAD root_position: -0.07989
BAD root_position: -0.07989
BAD root_position: -0.07990
BAD root_position: -0.07990
BAD root_position: -0.07990
BAD root_position: -0.07990
BAD root_position: -0.07990
BAD root_position: -0.07990
BAD root_position: -0.07990
BAD root_position: -0.07990
BAD root_position: -0.07990
BAD root_position: -0.07990
BAD root_position: -0.07990
BAD root_position: -0.07989
BAD root_position: -0.07989
BAD root_position: -0.07989
BAD root_position: -0.07989
BAD root_position: -0.07988
BAD root_position: -0.07988
BAD root_position: -0.07987
BAD root_position: -0.07987
BAD root_position: -0.07987
BAD root_position: -0.07986
BAD root_position: -0.07986
BAD root_position: -0.07985
BAD root_position: -0.07985
BAD root_position: -0.07985
BAD root_position: -0.07991
BAD root_position: -0.08004
BAD root_position: -0.08024
BAD root_position: -0.08050
BAD root_position: -0.08080
BAD root_position: -0.08113
BAD root_position: -0.08148
BAD root_position: -0.08184
BAD root_position: -0.08220
BAD root_position: -0.08255
BAD root_position: -0.08287
BAD root_position: -0.08316
BAD root_position: -0.08340
BAD root_position: -0.08358
BAD root_position: -0.08370
BAD root_position: -0.08373
BAD root_position: -0.08373
BAD root_position: -0.08374
BAD root_position: -0.08374
BAD root_position: -0.08374
BAD root_position: -0.08375
BAD root_position: -0.08375
BAD root_position: -0.08376
BAD root_position: -0.08376
BAD root_position: -0.08370
BAD root_position: -0.08356
BAD root_position: -0.08336
BAD root_position: -0.08310
BAD root_position: -0.08281
BAD root_position: -0.08247
BAD root_position: -0.08212
BAD root_position: -0.08176
BAD root_position: -0.08140
BAD root_position: -0.08105
BAD root_position: -0.08073
BAD root_position: -0.08044
BAD root_position: -0.08021
BAD root_position: -0.08003
BAD root_position: -0.07992
BAD root_position: -0.07989
BAD root_position: -0.07989
BAD root_position: -0.07989
BAD root_position: -0.07989
BAD root_position: -0.07989
BAD root_position: -0.07989
BAD root_position: -0.07989
BAD root_position: -0.07990
BAD root_position: -0.07990
BAD root_position: -0.07990
BAD root_position: -0.07990
BAD root_position: -0.07990
BAD root_position: -0.07990
BAD root_position: -0.07990
BAD root_position: -0.07990
BAD root_position: -0.07990
BAD root_position: -0.07990
BAD root_position: -0.07989
BAD root_position: -0.07989
BAD root_position: -0.07989
BAD root_position: -0.07989
BAD root_position: -0.07988
BAD root_position: -0.07988
BAD root_position: -0.07988
BAD root_position: -0.07987
BAD root_position: -0.07987
BAD root_position: -0.07986
BAD root_position: -0.07986
BAD root_position: -0.07985
BAD root_position: -0.07985
BAD root_position: -0.07984
BAD root_position: -0.07984
BAD root_position: -0.07983
BAD root_position: -0.07989
BAD root_position: -0.08002
BAD root_position: -0.08022
BAD root_position: -0.08048
BAD root_position: -0.08077
BAD root_position: -0.08110
BAD root_position: -0.08146
BAD root_position: -0.08182
BAD root_position: -0.08218
BAD root_position: -0.08252
BAD root_position: -0.08284
BAD root_position: -0.08313
BAD root_position: -0.08337
BAD root_position: -0.08355
BAD root_position: -0.08366
BAD root_position: -0.08369
BAD root_position: -0.08369
BAD root_position: -0.08369
BAD root_position: -0.08370
BAD root_position: -0.08370
BAD root_position: -0.08370
BAD root_position: -0.08370
BAD root_position: -0.08371
BAD root_position: -0.08371
BAD root_position: -0.08365
BAD root_position: -0.08352
BAD root_position: -0.08332
BAD root_position: -0.08306
BAD root_position: -0.08276
BAD root_position: -0.08243
BAD root_position: -0.08208
BAD root_position: -0.08172
BAD root_position: -0.08135
BAD root_position: -0.08101
BAD root_position: -0.08069
BAD root_position: -0.08040
BAD root_position: -0.08017
BAD root_position: -0.07999
BAD root_position: -0.07988
BAD root_position: -0.07986
BAD root_position: -0.07986
BAD root_position: -0.07986
BAD root_position: -0.07987
BAD root_position: -0.07987
BAD root_position: -0.07987
BAD root_position: -0.07987
BAD root_position: -0.07988
BAD root_position: -0.07988
BAD root_position: -0.07988
BAD root_position: -0.07989
BAD root_position: -0.07989
BAD root_position: -0.07989
BAD root_position: -0.07989
BAD root_position: -0.07990
BAD root_position: -0.07990
BAD root_position: -0.07990
BAD root_position: -0.07990
BAD root_position: -0.07990
BAD root_position: -0.07990
BAD root_position: -0.07990
BAD root_position: -0.07990
BAD root_position: -0.07990
BAD root_position: -0.07989
BAD root_position: -0.07989
BAD root_position: -0.07989
BAD root_position: -0.07989
BAD root_position: -0.07988
BAD root_position: -0.07988
BAD root_position: -0.07988
BAD root_position: -0.07987
BAD root_position: -0.07987
BAD root_position: -0.07993
BAD root_position: -0.08007
BAD root_position: -0.08029
BAD root_position: -0.08056
BAD root_position: -0.08088
BAD root_position: -0.08124
BAD root_position: -0.08161
BAD root_position: -0.08200
BAD root_position: -0.08237
BAD root_position: -0.08273
BAD root_position: -0.08305
BAD root_position: -0.08333
BAD root_position: -0.08355
BAD root_position: -0.08370
BAD root_position: -0.08376
BAD root_position: -0.08376
BAD root_position: -0.08377
BAD root_position: -0.08377
BAD root_position: -0.08377
BAD root_position: -0.08378
BAD root_position: -0.08378
BAD root_position: -0.08379
BAD root_position: -0.08379
BAD root_position: -0.08372
BAD root_position: -0.08356
BAD root_position: -0.08334
BAD root_position: -0.08306
BAD root_position: -0.08273
BAD root_position: -0.08237
BAD root_position: -0.08200
BAD root_position: -0.08162
BAD root_position: -0.08124
BAD root_position: -0.08089
BAD root_position: -0.08058
BAD root_position: -0.08031
BAD root_position: -0.08011
BAD root_position: -0.07998
BAD root_position: -0.07993
BAD root_position: -0.07993
BAD root_position: -0.07993
BAD root_position: -0.07993
BAD root_position: -0.07993
BAD root_position: -0.07993
BAD root_position: -0.07993
BAD root_position: -0.07993
BAD root_position: -0.07993
BAD root_position: -0.07993
BAD root_position: -0.07992
BAD root_position: -0.07992
BAD root_position: -0.07992
BAD root_position: -0.07991
BAD root_position: -0.07991
BAD root_position: -0.07990
BAD root_position: -0.07990
BAD root_position: -0.07989
BAD root_position: -0.07988
BAD root_position: -0.07988
BAD root_position: -0.07987
BAD root_position: -0.07986
BAD root_position: -0.07986
BAD root_position: -0.07985
BAD root_position: -0.07984
BAD root_position: -0.07983
BAD root_position: -0.07983
BAD root_position: -0.07982
BAD root_position: -0.07982
BAD root_position: -0.07981
BAD root_position: -0.07980
BAD root_position: -0.07982
BAD root_position: -0.07991
BAD root_position: -0.08008
BAD root_position: -0.08032
BAD root_position: -0.08062
BAD root_position: -0.08095
BAD root_position: -0.08132
BAD root_position: -0.08169
BAD root_position: -0.08207
BAD root_position: -0.08244
BAD root_position: -0.08278
BAD root_position: -0.08308
BAD root_position: -0.08334
BAD root_position: -0.08352
BAD root_position: -0.08363
BAD root_position: -0.08366
BAD root_position: -0.08366
BAD root_position: -0.08366
BAD root_position: -0.08367
BAD root_position: -0.08367
BAD root_position: -0.08367
recorded 500 frames
avg lin_vel_x 0.0011
avg lin_vel_y -0.0045
avg yaw 0.0
computed xvel: 0.028, mean xvel: 0.0011
computed yvel: -0.007, mean yvel: -0.0045
computed thetavel: 0.153, mean thetavel: 0.0
DONE, saving 154_0.028_-0.007_0.153.json
