<frozen importlib._bootstrap>:241: RuntimeWarning: to-Python converter for std::vector<Eigen::Matrix<double, 3, 1, 0, 3, 1>, std::allocator<Eigen::Matrix<double, 3, 1, 0, 3, 1> > > already registered; second conversion method ignored.
<frozen importlib._bootstrap>:241: RuntimeWarning: to-Python converter for boost::python::detail::container_element<std::vector<Eigen::Matrix<double, 3, 1, 0, 3, 1>, std::allocator<Eigen::Matrix<double, 3, 1, 0, 3, 1> > >, unsigned long, boost::python::detail::final_vector_derived_policies<std::vector<Eigen::Matrix<double, 3, 1, 0, 3, 1>, std::allocator<Eigen::Matrix<double, 3, 1, 0, 3, 1> > >, false> > already registered; second conversion method ignored.
<frozen importlib._bootstrap>:241: RuntimeWarning: to-Python converter for std::vector<int, std::allocator<int> > already registered; second conversion method ignored.
<frozen importlib._bootstrap>:241: RuntimeWarning: to-Python converter for std::vector<double, std::allocator<double> > already registered; second conversion method ignored.
<frozen importlib._bootstrap>:241: RuntimeWarning: to-Python converter for std::vector<std::__cxx11::basic_string<char, std::char_traits<char>, std::allocator<char> >, std::allocator<std::__cxx11::basic_string<char, std::char_traits<char>, std::allocator<char> > > > already registered; second conversion method ignored.
WARNING: Can't find trunk frames in the model, can't measure leg spacing
WARNING: Can't find head frames in the model, camera_look_at won't work
gait_parameters {'dx': -0.04, 'dy': 0.03, 'dtheta': 0.22, 'duration': 8, 'hardware': True, 'double_support_ratio': 0.8, 'startend_double_support_ratio': 1.5, 'planned_timesteps': 48, 'replan_timesteps': 10, 'walk_com_height': 0.445, 'walk_foot_height': 0.03, 'walk_trunk_pitch': -5.7, 'walk_foot_rise_ratio': 0.2, 'single_support_duration': 0.8, 'single_support_timesteps': 10, 'foot_length': 0.22, 'feet_spacing': 0.114, 'zmp_margin': 0.02, 'foot_zmp_target_x': 0.0, 'foot_zmp_target_y': 0.0, 'walk_max_dtheta': 1.0, 'walk_max_dy': 0.04, 'walk_max_dx_forward': 0.08, 'walk_max_dx_backward': 0.03, 'joints': ['leg_left_ankle_roll_joint', 'leg_left_ankle_pitch_joint', 'leg_left_knee_pitch_joint', 'leg_left_hip_pitch_joint', 'leg_left_hip_yaw_joint', 'leg_left_hip_roll_joint', 'leg_right_ankle_roll_joint', 'leg_right_ankle_pitch_joint', 'leg_right_knee_pitch_joint', 'leg_right_hip_pitch_joint', 'leg_right_hip_yaw_joint', 'leg_right_hip_roll_joint', 'left_wrist_attachment_joint', 'left_fore_arm_joint', 'left_upper_arm_joint', 'left_shoulder_joint', 'right_wrist_attachment_joint', 'right_fore_arm_joint', 'right_upper_arm_joint', 'right_shoulder_joint'], 'joint_angles': {'left_wrist_attachment_joint': 0, 'left_fore_arm_joint': -90, 'left_upper_arm_joint': 45, 'left_shoulder_joint': 0, 'right_wrist_attachment_joint': 0, 'right_fore_arm_joint': 90, 'right_upper_arm_joint': -45, 'right_shoulder_joint': 0}}
Placing the robot in the initial position...
Initial position reached
{'leg_left_ankle_roll_joint': 0.01603134215386228, 'leg_left_ankle_pitch_joint': -0.5021969012512508, 'leg_left_knee_pitch_joint': 0.9605285067982066, 'leg_left_hip_pitch_joint': -0.35934121576140704, 'leg_left_hip_yaw_joint': -0.05386881276353749, 'leg_left_hip_roll_joint': -0.010169882731073068, 'leg_right_ankle_roll_joint': 0.016642819588658972, 'leg_right_ankle_pitch_joint': -0.5261963328982929, 'leg_right_knee_pitch_joint': 1.0414544772881746, 'leg_right_hip_pitch_joint': -0.4162834548043991, 'leg_right_hip_yaw_joint': -0.05434368312749184, 'leg_right_hip_roll_joint': -0.010563455852705156, 'left_wrist_attachment_joint': -7.621046263463861e-27, 'left_fore_arm_joint': -1.0902197006621508, 'left_upper_arm_joint': 0.7853981633910075, 'left_shoulder_joint': 5.207980491277294e-12, 'right_wrist_attachment_joint': 0.11195822329993546, 'right_fore_arm_joint': 1.3069514419825001, 'right_upper_arm_joint': -0.7853981633898391, 'right_shoulder_joint': 4.786835709245404e-12}
## period: 2.88
BAD root_position: -0.07991
BAD root_position: -0.07991
BAD root_position: -0.07991
BAD root_position: -0.07991
BAD root_position: -0.07991
BAD root_position: -0.07991
BAD root_position: -0.07991
BAD root_position: -0.07991
BAD root_position: -0.07991
BAD root_position: -0.07991
BAD root_position: -0.07991
BAD root_position: -0.07991
BAD root_position: -0.07991
BAD root_position: -0.07991
BAD root_position: -0.07991
BAD root_position: -0.07991
BAD root_position: -0.07991
BAD root_position: -0.07991
BAD root_position: -0.07991
BAD root_position: -0.07991
BAD root_position: -0.07991
BAD root_position: -0.07991
BAD root_position: -0.07991
BAD root_position: -0.07991
BAD root_position: -0.07991
BAD root_position: -0.07991
BAD root_position: -0.07991
BAD root_position: -0.07991
BAD root_position: -0.07991
BAD root_position: -0.07991
BAD root_position: -0.07991
BAD root_position: -0.07991
BAD root_position: -0.07991
BAD root_position: -0.07991
BAD root_position: -0.07991
BAD root_position: -0.07991
BAD root_position: -0.07991
BAD root_position: -0.07991
BAD root_position: -0.07991
BAD root_position: -0.07990
BAD root_position: -0.07990
BAD root_position: -0.07990
BAD root_position: -0.07990
BAD root_position: -0.07990
BAD root_position: -0.07990
BAD root_position: -0.07990
BAD root_position: -0.07990
BAD root_position: -0.07990
BAD root_position: -0.07990
BAD root_position: -0.07990
BAD root_position: -0.07990
BAD root_position: -0.07990
BAD root_position: -0.07990
BAD root_position: -0.07989
BAD root_position: -0.07989
BAD root_position: -0.07989
BAD root_position: -0.07988
BAD root_position: -0.07988
BAD root_position: -0.07989
BAD root_position: -0.07998
BAD root_position: -0.08015
BAD root_position: -0.08039
BAD root_position: -0.08069
BAD root_position: -0.08102
BAD root_position: -0.08138
BAD root_position: -0.08176
BAD root_position: -0.08214
BAD root_position: -0.08251
BAD root_position: -0.08285
BAD root_position: -0.08315
BAD root_position: -0.08341
BAD root_position: -0.08360
BAD root_position: -0.08371
BAD root_position: -0.08373
BAD root_position: -0.08373
BAD root_position: -0.08373
BAD root_position: -0.08373
BAD root_position: -0.08373
BAD root_position: -0.08373
BAD root_position: -0.08373
BAD root_position: -0.08373
BAD root_position: -0.08371
BAD root_position: -0.08360
BAD root_position: -0.08342
BAD root_position: -0.08317
BAD root_position: -0.08287
BAD root_position: -0.08253
BAD root_position: -0.08216
BAD root_position: -0.08178
BAD root_position: -0.08140
BAD root_position: -0.08104
BAD root_position: -0.08070
BAD root_position: -0.08041
BAD root_position: -0.08016
BAD root_position: -0.07999
BAD root_position: -0.07989
BAD root_position: -0.07988
BAD root_position: -0.07988
BAD root_position: -0.07988
BAD root_position: -0.07989
BAD root_position: -0.07989
BAD root_position: -0.07989
BAD root_position: -0.07990
BAD root_position: -0.07990
BAD root_position: -0.07990
BAD root_position: -0.07990
BAD root_position: -0.07990
BAD root_position: -0.07991
BAD root_position: -0.07991
BAD root_position: -0.07991
BAD root_position: -0.07991
BAD root_position: -0.07990
BAD root_position: -0.07990
BAD root_position: -0.07990
BAD root_position: -0.07990
BAD root_position: -0.07990
BAD root_position: -0.07990
BAD root_position: -0.07989
BAD root_position: -0.07989
BAD root_position: -0.07989
BAD root_position: -0.07988
BAD root_position: -0.07988
BAD root_position: -0.07988
BAD root_position: -0.07987
BAD root_position: -0.07987
BAD root_position: -0.07987
BAD root_position: -0.07986
BAD root_position: -0.07990
BAD root_position: -0.08003
BAD root_position: -0.08024
BAD root_position: -0.08050
BAD root_position: -0.08081
BAD root_position: -0.08116
BAD root_position: -0.08153
BAD root_position: -0.08191
BAD root_position: -0.08229
BAD root_position: -0.08264
BAD root_position: -0.08297
BAD root_position: -0.08326
BAD root_position: -0.08348
BAD root_position: -0.08364
BAD root_position: -0.08371
BAD root_position: -0.08371
BAD root_position: -0.08371
BAD root_position: -0.08371
BAD root_position: -0.08371
BAD root_position: -0.08371
BAD root_position: -0.08371
BAD root_position: -0.08371
BAD root_position: -0.08371
BAD root_position: -0.08365
BAD root_position: -0.08351
BAD root_position: -0.08329
BAD root_position: -0.08302
BAD root_position: -0.08270
BAD root_position: -0.08235
BAD root_position: -0.08197
BAD root_position: -0.08159
BAD root_position: -0.08122
BAD root_position: -0.08087
BAD root_position: -0.08055
BAD root_position: -0.08028
BAD root_position: -0.08006
BAD root_position: -0.07992
BAD root_position: -0.07986
BAD root_position: -0.07986
BAD root_position: -0.07987
BAD root_position: -0.07987
BAD root_position: -0.07988
BAD root_position: -0.07988
BAD root_position: -0.07989
BAD root_position: -0.07989
BAD root_position: -0.07989
BAD root_position: -0.07990
BAD root_position: -0.07990
BAD root_position: -0.07990
BAD root_position: -0.07991
BAD root_position: -0.07991
BAD root_position: -0.07991
BAD root_position: -0.07991
BAD root_position: -0.07991
BAD root_position: -0.07991
BAD root_position: -0.07991
BAD root_position: -0.07991
BAD root_position: -0.07991
BAD root_position: -0.07991
BAD root_position: -0.07991
BAD root_position: -0.07991
BAD root_position: -0.07991
BAD root_position: -0.07990
BAD root_position: -0.07990
BAD root_position: -0.07990
BAD root_position: -0.07990
BAD root_position: -0.07989
BAD root_position: -0.07989
BAD root_position: -0.07989
BAD root_position: -0.07995
BAD root_position: -0.08008
BAD root_position: -0.08028
BAD root_position: -0.08053
BAD root_position: -0.08082
BAD root_position: -0.08114
BAD root_position: -0.08148
BAD root_position: -0.08183
BAD root_position: -0.08217
BAD root_position: -0.08250
BAD root_position: -0.08280
BAD root_position: -0.08306
BAD root_position: -0.08328
BAD root_position: -0.08343
BAD root_position: -0.08352
BAD root_position: -0.08352
BAD root_position: -0.08350
BAD root_position: -0.08348
BAD root_position: -0.08345
BAD root_position: -0.08343
BAD root_position: -0.08341
BAD root_position: -0.08339
BAD root_position: -0.08337
BAD root_position: -0.08335
BAD root_position: -0.08327
BAD root_position: -0.08312
BAD root_position: -0.08291
BAD root_position: -0.08265
BAD root_position: -0.08235
BAD root_position: -0.08202
BAD root_position: -0.08167
BAD root_position: -0.08132
BAD root_position: -0.08097
BAD root_position: -0.08064
BAD root_position: -0.08033
BAD root_position: -0.08006
BAD root_position: -0.07984
BAD root_position: -0.07968
BAD root_position: -0.07959
BAD root_position: -0.07958
BAD root_position: -0.07960
BAD root_position: -0.07962
BAD root_position: -0.07964
BAD root_position: -0.07966
BAD root_position: -0.07968
BAD root_position: -0.07971
BAD root_position: -0.07973
BAD root_position: -0.07976
BAD root_position: -0.07978
BAD root_position: -0.07981
BAD root_position: -0.07984
BAD root_position: -0.07987
BAD root_position: -0.07989
BAD root_position: -0.07992
BAD root_position: -0.07995
BAD root_position: -0.07998
BAD root_position: -0.08000
BAD root_position: -0.08003
BAD root_position: -0.08005
BAD root_position: -0.08007
BAD root_position: -0.08009
BAD root_position: -0.08011
BAD root_position: -0.08013
BAD root_position: -0.08015
BAD root_position: -0.08017
BAD root_position: -0.08018
BAD root_position: -0.08020
BAD root_position: -0.08021
BAD root_position: -0.08022
BAD root_position: -0.08023
BAD root_position: -0.08024
BAD root_position: -0.08024
BAD root_position: -0.08031
BAD root_position: -0.08046
BAD root_position: -0.08067
BAD root_position: -0.08094
BAD root_position: -0.08126
BAD root_position: -0.08160
BAD root_position: -0.08197
BAD root_position: -0.08234
BAD root_position: -0.08271
BAD root_position: -0.08306
BAD root_position: -0.08339
BAD root_position: -0.08367
BAD root_position: -0.08391
BAD root_position: -0.08408
BAD root_position: -0.08418
BAD root_position: -0.08420
BAD root_position: -0.08419
BAD root_position: -0.08417
BAD root_position: -0.08416
BAD root_position: -0.08414
BAD root_position: -0.08413
BAD root_position: -0.08411
BAD root_position: -0.08410
BAD root_position: -0.08408
BAD root_position: -0.08401
BAD root_position: -0.08386
BAD root_position: -0.08364
BAD root_position: -0.08336
BAD root_position: -0.08304
BAD root_position: -0.08269
BAD root_position: -0.08233
BAD root_position: -0.08195
BAD root_position: -0.08158
BAD root_position: -0.08122
BAD root_position: -0.08089
BAD root_position: -0.08060
BAD root_position: -0.08035
BAD root_position: -0.08017
BAD root_position: -0.08006
BAD root_position: -0.08003
BAD root_position: -0.08004
BAD root_position: -0.08004
BAD root_position: -0.08004
BAD root_position: -0.08004
BAD root_position: -0.08004
BAD root_position: -0.08004
BAD root_position: -0.08003
BAD root_position: -0.08003
BAD root_position: -0.08003
BAD root_position: -0.08002
BAD root_position: -0.08002
BAD root_position: -0.08001
BAD root_position: -0.08001
BAD root_position: -0.08000
BAD root_position: -0.07999
BAD root_position: -0.07998
BAD root_position: -0.07997
BAD root_position: -0.07996
BAD root_position: -0.07994
BAD root_position: -0.07993
BAD root_position: -0.07991
BAD root_position: -0.07990
BAD root_position: -0.07988
BAD root_position: -0.07987
BAD root_position: -0.07986
BAD root_position: -0.07984
BAD root_position: -0.07983
BAD root_position: -0.07981
BAD root_position: -0.07980
BAD root_position: -0.07978
BAD root_position: -0.07977
BAD root_position: -0.07976
BAD root_position: -0.07981
BAD root_position: -0.07993
BAD root_position: -0.08012
BAD root_position: -0.08036
BAD root_position: -0.08064
BAD root_position: -0.08095
BAD root_position: -0.08128
BAD root_position: -0.08162
BAD root_position: -0.08196
BAD root_position: -0.08227
BAD root_position: -0.08257
BAD root_position: -0.08282
BAD root_position: -0.08303
BAD root_position: -0.08318
BAD root_position: -0.08326
BAD root_position: -0.08326
BAD root_position: -0.08323
BAD root_position: -0.08321
BAD root_position: -0.08318
BAD root_position: -0.08316
BAD root_position: -0.08313
BAD root_position: -0.08311
BAD root_position: -0.08309
BAD root_position: -0.08307
BAD root_position: -0.08299
BAD root_position: -0.08285
BAD root_position: -0.08264
BAD root_position: -0.08238
BAD root_position: -0.08208
BAD root_position: -0.08176
BAD root_position: -0.08142
BAD root_position: -0.08107
BAD root_position: -0.08071
BAD root_position: -0.08038
BAD root_position: -0.08008
BAD root_position: -0.07982
BAD root_position: -0.07960
BAD root_position: -0.07945
BAD root_position: -0.07936
BAD root_position: -0.07936
BAD root_position: -0.07938
BAD root_position: -0.07940
BAD root_position: -0.07943
BAD root_position: -0.07946
BAD root_position: -0.07949
BAD root_position: -0.07952
BAD root_position: -0.07956
BAD root_position: -0.07960
BAD root_position: -0.07963
BAD root_position: -0.07967
BAD root_position: -0.07972
BAD root_position: -0.07976
BAD root_position: -0.07980
BAD root_position: -0.07985
BAD root_position: -0.07990
BAD root_position: -0.07994
BAD root_position: -0.07999
BAD root_position: -0.08003
BAD root_position: -0.08008
BAD root_position: -0.08012
BAD root_position: -0.08016
BAD root_position: -0.08020
BAD root_position: -0.08024
BAD root_position: -0.08028
BAD root_position: -0.08031
BAD root_position: -0.08034
BAD root_position: -0.08037
BAD root_position: -0.08039
BAD root_position: -0.08042
BAD root_position: -0.08044
BAD root_position: -0.08046
BAD root_position: -0.08053
BAD root_position: -0.08070
BAD root_position: -0.08094
BAD root_position: -0.08123
BAD root_position: -0.08158
BAD root_position: -0.08195
BAD root_position: -0.08235
BAD root_position: -0.08275
BAD root_position: -0.08314
BAD root_position: -0.08350
BAD root_position: -0.08383
BAD root_position: -0.08411
BAD root_position: -0.08432
BAD root_position: -0.08446
BAD root_position: -0.08451
BAD root_position: -0.08449
BAD root_position: -0.08447
BAD root_position: -0.08445
BAD root_position: -0.08444
BAD root_position: -0.08442
BAD root_position: -0.08440
BAD root_position: -0.08438
BAD root_position: -0.08436
BAD root_position: -0.08426
BAD root_position: -0.08408
BAD root_position: -0.08383
BAD root_position: -0.08352
BAD root_position: -0.08316
BAD root_position: -0.08278
BAD root_position: -0.08238
BAD root_position: -0.08197
BAD root_position: -0.08158
BAD root_position: -0.08121
BAD root_position: -0.08087
BAD root_position: -0.08059
BAD root_position: -0.08037
BAD root_position: -0.08022
BAD root_position: -0.08017
BAD root_position: -0.08016
BAD root_position: -0.08014
BAD root_position: -0.08013
BAD root_position: -0.08011
BAD root_position: -0.08010
BAD root_position: -0.08008
BAD root_position: -0.08006
BAD root_position: -0.08004
BAD root_position: -0.08002
BAD root_position: -0.07999
BAD root_position: -0.07997
BAD root_position: -0.07995
BAD root_position: -0.07992
BAD root_position: -0.07990
BAD root_position: -0.07987
BAD root_position: -0.07985
BAD root_position: -0.07982
BAD root_position: -0.07980
BAD root_position: -0.07977
BAD root_position: -0.07975
BAD root_position: -0.07972
BAD root_position: -0.07970
BAD root_position: -0.07967
BAD root_position: -0.07965
BAD root_position: -0.07963
BAD root_position: -0.07961
BAD root_position: -0.07959
BAD root_position: -0.07958
BAD root_position: -0.07956
BAD root_position: -0.07955
BAD root_position: -0.07955
BAD root_position: -0.07963
BAD root_position: -0.07979
BAD root_position: -0.08002
BAD root_position: -0.08029
BAD root_position: -0.08061
BAD root_position: -0.08094
BAD root_position: -0.08129
BAD root_position: -0.08164
BAD root_position: -0.08197
BAD root_position: -0.08228
BAD root_position: -0.08255
BAD root_position: -0.08276
BAD root_position: -0.08291
BAD root_position: -0.08299
BAD root_position: -0.08298
BAD root_position: -0.08295
BAD root_position: -0.08293
BAD root_position: -0.08290
BAD root_position: -0.08287
BAD root_position: -0.08285
recorded 500 frames
avg lin_vel_x -0.0033
avg lin_vel_y 0.0058
avg yaw 0.0001
computed xvel: -0.028, mean xvel: -0.0033
computed yvel: 0.021, mean yvel: 0.0058
computed thetavel: 0.153, mean thetavel: 0.0001
DONE, saving 162_-0.028_0.021_0.153.json
