<frozen importlib._bootstrap>:241: RuntimeWarning: to-Python converter for std::vector<Eigen::Matrix<double, 3, 1, 0, 3, 1>, std::allocator<Eigen::Matrix<double, 3, 1, 0, 3, 1> > > already registered; second conversion method ignored.
<frozen importlib._bootstrap>:241: RuntimeWarning: to-Python converter for boost::python::detail::container_element<std::vector<Eigen::Matrix<double, 3, 1, 0, 3, 1>, std::allocator<Eigen::Matrix<double, 3, 1, 0, 3, 1> > >, unsigned long, boost::python::detail::final_vector_derived_policies<std::vector<Eigen::Matrix<double, 3, 1, 0, 3, 1>, std::allocator<Eigen::Matrix<double, 3, 1, 0, 3, 1> > >, false> > already registered; second conversion method ignored.
<frozen importlib._bootstrap>:241: RuntimeWarning: to-Python converter for std::vector<int, std::allocator<int> > already registered; second conversion method ignored.
<frozen importlib._bootstrap>:241: RuntimeWarning: to-Python converter for std::vector<double, std::allocator<double> > already registered; second conversion method ignored.
<frozen importlib._bootstrap>:241: RuntimeWarning: to-Python converter for std::vector<std::__cxx11::basic_string<char, std::char_traits<char>, std::allocator<char> >, std::allocator<std::__cxx11::basic_string<char, std::char_traits<char>, std::allocator<char> > > > already registered; second conversion method ignored.
WARNING: Can't find trunk frames in the model, can't measure leg spacing
WARNING: Can't find head frames in the model, camera_look_at won't work
gait_parameters {'dx': -0.02, 'dy': 0.03, 'dtheta': 0.22, 'duration': 8, 'hardware': True, 'double_support_ratio': 0.8, 'startend_double_support_ratio': 1.5, 'planned_timesteps': 48, 'replan_timesteps': 10, 'walk_com_height': 0.445, 'walk_foot_height': 0.03, 'walk_trunk_pitch': -5.7, 'walk_foot_rise_ratio': 0.2, 'single_support_duration': 0.8, 'single_support_timesteps': 10, 'foot_length': 0.22, 'feet_spacing': 0.114, 'zmp_margin': 0.02, 'foot_zmp_target_x': 0.0, 'foot_zmp_target_y': 0.0, 'walk_max_dtheta': 1.0, 'walk_max_dy': 0.04, 'walk_max_dx_forward': 0.08, 'walk_max_dx_backward': 0.03, 'joints': ['leg_left_ankle_roll_joint', 'leg_left_ankle_pitch_joint', 'leg_left_knee_pitch_joint', 'leg_left_hip_pitch_joint', 'leg_left_hip_yaw_joint', 'leg_left_hip_roll_joint', 'leg_right_ankle_roll_joint', 'leg_right_ankle_pitch_joint', 'leg_right_knee_pitch_joint', 'leg_right_hip_pitch_joint', 'leg_right_hip_yaw_joint', 'leg_right_hip_roll_joint', 'left_wrist_attachment_joint', 'left_fore_arm_joint', 'left_upper_arm_joint', 'left_shoulder_joint', 'right_wrist_attachment_joint', 'right_fore_arm_joint', 'right_upper_arm_joint', 'right_shoulder_joint'], 'joint_angles': {'left_wrist_attachment_joint': 0, 'left_fore_arm_joint': -90, 'left_upper_arm_joint': 45, 'left_shoulder_joint': 0, 'right_wrist_attachment_joint': 0, 'right_fore_arm_joint': 90, 'right_upper_arm_joint': -45, 'right_shoulder_joint': 0}}
Placing the robot in the initial position...
Initial position reached
{'leg_left_ankle_roll_joint': 0.015274068817459255, 'leg_left_ankle_pitch_joint': -0.4981245616012525, 'leg_left_knee_pitch_joint': 0.9520710304945967, 'leg_left_hip_pitch_joint': -0.35493034300900006, 'leg_left_hip_yaw_joint': -0.05328303043441445, 'leg_left_hip_roll_joint': -0.009689272146736098, 'leg_right_ankle_roll_joint': 0.015872509129823544, 'leg_right_ankle_pitch_joint': -0.5222335078511564, 'leg_right_knee_pitch_joint': 1.033147612005531, 'leg_right_hip_pitch_joint': -0.41191300470400544, 'leg_right_hip_yaw_joint': -0.05374782613353584, 'leg_right_hip_roll_joint': -0.010074546430250615, 'left_wrist_attachment_joint': -5.272654004017589e-27, 'left_fore_arm_joint': -0.8742999667018632, 'left_upper_arm_joint': 0.7853981633906111, 'left_shoulder_joint': 5.461836045718959e-12, 'right_wrist_attachment_joint': 1.1820576197172007e-29, 'right_fore_arm_joint': 1.3816264126799287, 'right_upper_arm_joint': -0.7853981633896583, 'right_shoulder_joint': 4.90811636597947e-12}
## period: 2.88
BAD root_position: -0.07991
BAD root_position: -0.07991
BAD root_position: -0.07991
BAD root_position: -0.07991
BAD root_position: -0.07991
BAD root_position: -0.07991
BAD root_position: -0.07991
BAD root_position: -0.07991
BAD root_position: -0.07991
BAD root_position: -0.07991
BAD root_position: -0.07991
BAD root_position: -0.07991
BAD root_position: -0.07991
BAD root_position: -0.07991
BAD root_position: -0.07991
BAD root_position: -0.07991
BAD root_position: -0.07991
BAD root_position: -0.07991
BAD root_position: -0.07991
BAD root_position: -0.07991
BAD root_position: -0.07991
BAD root_position: -0.07991
BAD root_position: -0.07991
BAD root_position: -0.07991
BAD root_position: -0.07991
BAD root_position: -0.07991
BAD root_position: -0.07991
BAD root_position: -0.07991
BAD root_position: -0.07991
BAD root_position: -0.07991
BAD root_position: -0.07991
BAD root_position: -0.07991
BAD root_position: -0.07991
BAD root_position: -0.07991
BAD root_position: -0.07991
BAD root_position: -0.07991
BAD root_position: -0.07991
BAD root_position: -0.07991
BAD root_position: -0.07991
BAD root_position: -0.07990
BAD root_position: -0.07990
BAD root_position: -0.07990
BAD root_position: -0.07990
BAD root_position: -0.07990
BAD root_position: -0.07990
BAD root_position: -0.07990
BAD root_position: -0.07990
BAD root_position: -0.07990
BAD root_position: -0.07990
BAD root_position: -0.07990
BAD root_position: -0.07990
BAD root_position: -0.07990
BAD root_position: -0.07990
BAD root_position: -0.07989
BAD root_position: -0.07989
BAD root_position: -0.07989
BAD root_position: -0.07988
BAD root_position: -0.07988
BAD root_position: -0.07989
BAD root_position: -0.07998
BAD root_position: -0.08015
BAD root_position: -0.08039
BAD root_position: -0.08069
BAD root_position: -0.08102
BAD root_position: -0.08138
BAD root_position: -0.08176
BAD root_position: -0.08214
BAD root_position: -0.08251
BAD root_position: -0.08285
BAD root_position: -0.08315
BAD root_position: -0.08341
BAD root_position: -0.08360
BAD root_position: -0.08371
BAD root_position: -0.08373
BAD root_position: -0.08373
BAD root_position: -0.08373
BAD root_position: -0.08373
BAD root_position: -0.08373
BAD root_position: -0.08373
BAD root_position: -0.08373
BAD root_position: -0.08373
BAD root_position: -0.08371
BAD root_position: -0.08360
BAD root_position: -0.08342
BAD root_position: -0.08317
BAD root_position: -0.08287
BAD root_position: -0.08253
BAD root_position: -0.08216
BAD root_position: -0.08178
BAD root_position: -0.08140
BAD root_position: -0.08104
BAD root_position: -0.08070
BAD root_position: -0.08041
BAD root_position: -0.08016
BAD root_position: -0.07999
BAD root_position: -0.07989
BAD root_position: -0.07988
BAD root_position: -0.07988
BAD root_position: -0.07988
BAD root_position: -0.07989
BAD root_position: -0.07989
BAD root_position: -0.07989
BAD root_position: -0.07990
BAD root_position: -0.07990
BAD root_position: -0.07990
BAD root_position: -0.07990
BAD root_position: -0.07990
BAD root_position: -0.07991
BAD root_position: -0.07991
BAD root_position: -0.07991
BAD root_position: -0.07991
BAD root_position: -0.07990
BAD root_position: -0.07990
BAD root_position: -0.07990
BAD root_position: -0.07990
BAD root_position: -0.07990
BAD root_position: -0.07990
BAD root_position: -0.07989
BAD root_position: -0.07989
BAD root_position: -0.07989
BAD root_position: -0.07988
BAD root_position: -0.07988
BAD root_position: -0.07988
BAD root_position: -0.07987
BAD root_position: -0.07987
BAD root_position: -0.07987
BAD root_position: -0.07986
BAD root_position: -0.07990
BAD root_position: -0.08003
BAD root_position: -0.08024
BAD root_position: -0.08050
BAD root_position: -0.08081
BAD root_position: -0.08116
BAD root_position: -0.08153
BAD root_position: -0.08191
BAD root_position: -0.08229
BAD root_position: -0.08265
BAD root_position: -0.08297
BAD root_position: -0.08326
BAD root_position: -0.08348
BAD root_position: -0.08364
BAD root_position: -0.08371
BAD root_position: -0.08372
BAD root_position: -0.08372
BAD root_position: -0.08371
BAD root_position: -0.08371
BAD root_position: -0.08371
BAD root_position: -0.08371
BAD root_position: -0.08371
BAD root_position: -0.08371
BAD root_position: -0.08366
BAD root_position: -0.08351
BAD root_position: -0.08330
BAD root_position: -0.08302
BAD root_position: -0.08270
BAD root_position: -0.08235
BAD root_position: -0.08198
BAD root_position: -0.08160
BAD root_position: -0.08123
BAD root_position: -0.08087
BAD root_position: -0.08055
BAD root_position: -0.08028
BAD root_position: -0.08006
BAD root_position: -0.07992
BAD root_position: -0.07986
BAD root_position: -0.07987
BAD root_position: -0.07987
BAD root_position: -0.07988
BAD root_position: -0.07988
BAD root_position: -0.07988
BAD root_position: -0.07989
BAD root_position: -0.07989
BAD root_position: -0.07990
BAD root_position: -0.07990
BAD root_position: -0.07990
BAD root_position: -0.07990
BAD root_position: -0.07991
BAD root_position: -0.07991
BAD root_position: -0.07991
BAD root_position: -0.07991
BAD root_position: -0.07991
BAD root_position: -0.07991
BAD root_position: -0.07991
BAD root_position: -0.07991
BAD root_position: -0.07991
BAD root_position: -0.07991
BAD root_position: -0.07991
BAD root_position: -0.07990
BAD root_position: -0.07990
BAD root_position: -0.07990
BAD root_position: -0.07990
BAD root_position: -0.07989
BAD root_position: -0.07989
BAD root_position: -0.07989
BAD root_position: -0.07989
BAD root_position: -0.07989
BAD root_position: -0.07994
BAD root_position: -0.08008
BAD root_position: -0.08028
BAD root_position: -0.08053
BAD root_position: -0.08082
BAD root_position: -0.08115
BAD root_position: -0.08150
BAD root_position: -0.08185
BAD root_position: -0.08220
BAD root_position: -0.08254
BAD root_position: -0.08285
BAD root_position: -0.08312
BAD root_position: -0.08334
BAD root_position: -0.08351
BAD root_position: -0.08361
BAD root_position: -0.08362
BAD root_position: -0.08361
BAD root_position: -0.08360
BAD root_position: -0.08359
BAD root_position: -0.08358
BAD root_position: -0.08357
BAD root_position: -0.08356
BAD root_position: -0.08355
BAD root_position: -0.08354
BAD root_position: -0.08347
BAD root_position: -0.08333
BAD root_position: -0.08312
BAD root_position: -0.08286
BAD root_position: -0.08256
BAD root_position: -0.08223
BAD root_position: -0.08188
BAD root_position: -0.08153
BAD root_position: -0.08117
BAD root_position: -0.08083
BAD root_position: -0.08052
BAD root_position: -0.08024
BAD root_position: -0.08002
BAD root_position: -0.07985
BAD root_position: -0.07975
BAD root_position: -0.07973
BAD root_position: -0.07974
BAD root_position: -0.07976
BAD root_position: -0.07977
BAD root_position: -0.07978
BAD root_position: -0.07980
BAD root_position: -0.07981
BAD root_position: -0.07983
BAD root_position: -0.07984
BAD root_position: -0.07986
BAD root_position: -0.07988
BAD root_position: -0.07989
BAD root_position: -0.07991
BAD root_position: -0.07993
BAD root_position: -0.07994
BAD root_position: -0.07996
BAD root_position: -0.07997
BAD root_position: -0.07999
BAD root_position: -0.08000
BAD root_position: -0.08001
BAD root_position: -0.08002
BAD root_position: -0.08004
BAD root_position: -0.08005
BAD root_position: -0.08005
BAD root_position: -0.08006
BAD root_position: -0.08007
BAD root_position: -0.08007
BAD root_position: -0.08008
BAD root_position: -0.08008
BAD root_position: -0.08009
BAD root_position: -0.08009
BAD root_position: -0.08009
BAD root_position: -0.08009
BAD root_position: -0.08015
BAD root_position: -0.08030
BAD root_position: -0.08050
BAD root_position: -0.08077
BAD root_position: -0.08107
BAD root_position: -0.08141
BAD root_position: -0.08177
BAD root_position: -0.08214
BAD root_position: -0.08251
BAD root_position: -0.08286
BAD root_position: -0.08319
BAD root_position: -0.08348
BAD root_position: -0.08372
BAD root_position: -0.08390
BAD root_position: -0.08401
BAD root_position: -0.08404
BAD root_position: -0.08404
BAD root_position: -0.08404
BAD root_position: -0.08404
BAD root_position: -0.08404
BAD root_position: -0.08404
BAD root_position: -0.08403
BAD root_position: -0.08403
BAD root_position: -0.08403
BAD root_position: -0.08397
BAD root_position: -0.08383
BAD root_position: -0.08362
BAD root_position: -0.08336
BAD root_position: -0.08305
BAD root_position: -0.08271
BAD root_position: -0.08235
BAD root_position: -0.08198
BAD root_position: -0.08161
BAD root_position: -0.08125
BAD root_position: -0.08092
BAD root_position: -0.08063
BAD root_position: -0.08039
BAD root_position: -0.08020
BAD root_position: -0.08009
BAD root_position: -0.08006
BAD root_position: -0.08005
BAD root_position: -0.08005
BAD root_position: -0.08004
BAD root_position: -0.08003
BAD root_position: -0.08003
BAD root_position: -0.08002
BAD root_position: -0.08001
BAD root_position: -0.08001
BAD root_position: -0.08000
BAD root_position: -0.07999
BAD root_position: -0.07998
BAD root_position: -0.07997
BAD root_position: -0.07996
BAD root_position: -0.07994
BAD root_position: -0.07993
BAD root_position: -0.07992
BAD root_position: -0.07990
BAD root_position: -0.07989
BAD root_position: -0.07987
BAD root_position: -0.07985
BAD root_position: -0.07984
BAD root_position: -0.07982
BAD root_position: -0.07980
BAD root_position: -0.07979
BAD root_position: -0.07977
BAD root_position: -0.07976
BAD root_position: -0.07974
BAD root_position: -0.07973
BAD root_position: -0.07971
BAD root_position: -0.07970
BAD root_position: -0.07968
BAD root_position: -0.07967
BAD root_position: -0.07972
BAD root_position: -0.07984
BAD root_position: -0.08003
BAD root_position: -0.08027
BAD root_position: -0.08056
BAD root_position: -0.08087
BAD root_position: -0.08120
BAD root_position: -0.08154
BAD root_position: -0.08188
BAD root_position: -0.08221
BAD root_position: -0.08251
BAD root_position: -0.08277
BAD root_position: -0.08299
BAD root_position: -0.08314
BAD root_position: -0.08323
BAD root_position: -0.08324
BAD root_position: -0.08323
BAD root_position: -0.08321
BAD root_position: -0.08320
BAD root_position: -0.08318
BAD root_position: -0.08317
BAD root_position: -0.08316
BAD root_position: -0.08315
BAD root_position: -0.08313
BAD root_position: -0.08307
BAD root_position: -0.08293
BAD root_position: -0.08273
BAD root_position: -0.08247
BAD root_position: -0.08218
BAD root_position: -0.08186
BAD root_position: -0.08152
BAD root_position: -0.08117
BAD root_position: -0.08080
BAD root_position: -0.08047
BAD root_position: -0.08017
BAD root_position: -0.07990
BAD root_position: -0.07969
BAD root_position: -0.07953
BAD root_position: -0.07944
BAD root_position: -0.07943
BAD root_position: -0.07945
BAD root_position: -0.07947
BAD root_position: -0.07950
BAD root_position: -0.07952
BAD root_position: -0.07955
BAD root_position: -0.07958
BAD root_position: -0.07961
BAD root_position: -0.07965
BAD root_position: -0.07968
BAD root_position: -0.07972
BAD root_position: -0.07975
BAD root_position: -0.07979
BAD root_position: -0.07983
BAD root_position: -0.07988
BAD root_position: -0.07992
BAD root_position: -0.07996
BAD root_position: -0.08000
BAD root_position: -0.08004
BAD root_position: -0.08008
BAD root_position: -0.08012
BAD root_position: -0.08016
BAD root_position: -0.08019
BAD root_position: -0.08023
BAD root_position: -0.08026
BAD root_position: -0.08029
BAD root_position: -0.08031
BAD root_position: -0.08034
BAD root_position: -0.08036
BAD root_position: -0.08038
BAD root_position: -0.08040
BAD root_position: -0.08041
BAD root_position: -0.08049
BAD root_position: -0.08065
BAD root_position: -0.08088
BAD root_position: -0.08118
BAD root_position: -0.08152
BAD root_position: -0.08189
BAD root_position: -0.08228
BAD root_position: -0.08268
BAD root_position: -0.08307
BAD root_position: -0.08344
BAD root_position: -0.08377
BAD root_position: -0.08405
BAD root_position: -0.08427
BAD root_position: -0.08442
BAD root_position: -0.08447
BAD root_position: -0.08447
BAD root_position: -0.08446
BAD root_position: -0.08446
BAD root_position: -0.08445
BAD root_position: -0.08445
BAD root_position: -0.08444
BAD root_position: -0.08443
BAD root_position: -0.08442
BAD root_position: -0.08434
BAD root_position: -0.08417
BAD root_position: -0.08393
BAD root_position: -0.08363
BAD root_position: -0.08328
BAD root_position: -0.08290
BAD root_position: -0.08251
BAD root_position: -0.08211
BAD root_position: -0.08171
BAD root_position: -0.08134
BAD root_position: -0.08101
BAD root_position: -0.08072
BAD root_position: -0.08050
BAD root_position: -0.08035
BAD root_position: -0.08029
BAD root_position: -0.08027
BAD root_position: -0.08025
BAD root_position: -0.08023
BAD root_position: -0.08020
BAD root_position: -0.08018
BAD root_position: -0.08015
BAD root_position: -0.08013
BAD root_position: -0.08010
BAD root_position: -0.08007
BAD root_position: -0.08003
BAD root_position: -0.08000
BAD root_position: -0.07997
BAD root_position: -0.07993
BAD root_position: -0.07990
BAD root_position: -0.07986
BAD root_position: -0.07983
BAD root_position: -0.07979
BAD root_position: -0.07976
BAD root_position: -0.07973
BAD root_position: -0.07969
BAD root_position: -0.07966
BAD root_position: -0.07963
BAD root_position: -0.07960
BAD root_position: -0.07957
BAD root_position: -0.07954
BAD root_position: -0.07952
BAD root_position: -0.07949
BAD root_position: -0.07947
BAD root_position: -0.07945
BAD root_position: -0.07943
BAD root_position: -0.07943
BAD root_position: -0.07951
BAD root_position: -0.07967
BAD root_position: -0.07989
BAD root_position: -0.08016
BAD root_position: -0.08047
BAD root_position: -0.08081
BAD root_position: -0.08116
BAD root_position: -0.08150
BAD root_position: -0.08184
BAD root_position: -0.08215
BAD root_position: -0.08242
BAD root_position: -0.08264
BAD root_position: -0.08280
BAD root_position: -0.08288
BAD root_position: -0.08288
BAD root_position: -0.08286
BAD root_position: -0.08284
BAD root_position: -0.08282
BAD root_position: -0.08281
BAD root_position: -0.08279
recorded 500 frames
avg lin_vel_x 0.0006
avg lin_vel_y 0.0102
avg yaw 0.0001
computed xvel: -0.014, mean xvel: 0.0006
computed yvel: 0.021, mean yvel: 0.0102
computed thetavel: 0.153, mean thetavel: 0.0001
DONE, saving 163_-0.014_0.021_0.153.json
