<frozen importlib._bootstrap>:241: RuntimeWarning: to-Python converter for std::vector<Eigen::Matrix<double, 3, 1, 0, 3, 1>, std::allocator<Eigen::Matrix<double, 3, 1, 0, 3, 1> > > already registered; second conversion method ignored.
<frozen importlib._bootstrap>:241: RuntimeWarning: to-Python converter for boost::python::detail::container_element<std::vector<Eigen::Matrix<double, 3, 1, 0, 3, 1>, std::allocator<Eigen::Matrix<double, 3, 1, 0, 3, 1> > >, unsigned long, boost::python::detail::final_vector_derived_policies<std::vector<Eigen::Matrix<double, 3, 1, 0, 3, 1>, std::allocator<Eigen::Matrix<double, 3, 1, 0, 3, 1> > >, false> > already registered; second conversion method ignored.
<frozen importlib._bootstrap>:241: RuntimeWarning: to-Python converter for std::vector<int, std::allocator<int> > already registered; second conversion method ignored.
<frozen importlib._bootstrap>:241: RuntimeWarning: to-Python converter for std::vector<double, std::allocator<double> > already registered; second conversion method ignored.
<frozen importlib._bootstrap>:241: RuntimeWarning: to-Python converter for std::vector<std::__cxx11::basic_string<char, std::char_traits<char>, std::allocator<char> >, std::allocator<std::__cxx11::basic_string<char, std::char_traits<char>, std::allocator<char> > > > already registered; second conversion method ignored.
WARNING: Can't find trunk frames in the model, can't measure leg spacing
WARNING: Can't find head frames in the model, camera_look_at won't work
gait_parameters {'dx': 0.0, 'dy': 0.03, 'dtheta': 0.22, 'duration': 8, 'hardware': True, 'double_support_ratio': 0.8, 'startend_double_support_ratio': 1.5, 'planned_timesteps': 48, 'replan_timesteps': 10, 'walk_com_height': 0.445, 'walk_foot_height': 0.03, 'walk_trunk_pitch': -5.7, 'walk_foot_rise_ratio': 0.2, 'single_support_duration': 0.8, 'single_support_timesteps': 10, 'foot_length': 0.22, 'feet_spacing': 0.114, 'zmp_margin': 0.02, 'foot_zmp_target_x': 0.0, 'foot_zmp_target_y': 0.0, 'walk_max_dtheta': 1.0, 'walk_max_dy': 0.04, 'walk_max_dx_forward': 0.08, 'walk_max_dx_backward': 0.03, 'joints': ['leg_left_ankle_roll_joint', 'leg_left_ankle_pitch_joint', 'leg_left_knee_pitch_joint', 'leg_left_hip_pitch_joint', 'leg_left_hip_yaw_joint', 'leg_left_hip_roll_joint', 'leg_right_ankle_roll_joint', 'leg_right_ankle_pitch_joint', 'leg_right_knee_pitch_joint', 'leg_right_hip_pitch_joint', 'leg_right_hip_yaw_joint', 'leg_right_hip_roll_joint', 'left_wrist_attachment_joint', 'left_fore_arm_joint', 'left_upper_arm_joint', 'left_shoulder_joint', 'right_wrist_attachment_joint', 'right_fore_arm_joint', 'right_upper_arm_joint', 'right_shoulder_joint'], 'joint_angles': {'left_wrist_attachment_joint': 0, 'left_fore_arm_joint': -90, 'left_upper_arm_joint': 45, 'left_shoulder_joint': 0, 'right_wrist_attachment_joint': 0, 'right_fore_arm_joint': 90, 'right_upper_arm_joint': -45, 'right_shoulder_joint': 0}}
Placing the robot in the initial position...
Initial position reached
{'leg_left_ankle_roll_joint': 0.01543014957472038, 'leg_left_ankle_pitch_joint': -0.5032366626497176, 'leg_left_knee_pitch_joint': 0.960953315529548, 'leg_left_hip_pitch_joint': -0.358705808302149, 'leg_left_hip_yaw_joint': -0.053403766381642556, 'leg_left_hip_roll_joint': -0.009788327786926659, 'leg_right_ankle_roll_joint': 0.016032110593401063, 'leg_right_ankle_pitch_joint': -0.527084274502283, 'leg_right_knee_pitch_joint': 1.0415326478721254, 'leg_right_hip_pitch_joint': -0.41545272177752207, 'leg_right_hip_yaw_joint': -0.05387128345093959, 'leg_right_hip_roll_joint': -0.010175841520181526, 'left_wrist_attachment_joint': -4.488986379465423e-27, 'left_fore_arm_joint': -0.9887161060960685, 'left_upper_arm_joint': 0.7853981633911765, 'left_shoulder_joint': 5.061613701876305e-12, 'right_wrist_attachment_joint': -3.194966962894774e-28, 'right_fore_arm_joint': 1.4426934994221798, 'right_upper_arm_joint': -0.7853981633902852, 'right_shoulder_joint': 4.574937624791741e-12}
## period: 2.88
BAD root_position: -0.07991
BAD root_position: -0.07991
BAD root_position: -0.07991
BAD root_position: -0.07991
BAD root_position: -0.07991
BAD root_position: -0.07991
BAD root_position: -0.07991
BAD root_position: -0.07991
BAD root_position: -0.07991
BAD root_position: -0.07991
BAD root_position: -0.07991
BAD root_position: -0.07991
BAD root_position: -0.07991
BAD root_position: -0.07991
BAD root_position: -0.07991
BAD root_position: -0.07991
BAD root_position: -0.07991
BAD root_position: -0.07991
BAD root_position: -0.07991
BAD root_position: -0.07991
BAD root_position: -0.07991
BAD root_position: -0.07991
BAD root_position: -0.07991
BAD root_position: -0.07991
BAD root_position: -0.07991
BAD root_position: -0.07991
BAD root_position: -0.07991
BAD root_position: -0.07991
BAD root_position: -0.07991
BAD root_position: -0.07991
BAD root_position: -0.07991
BAD root_position: -0.07991
BAD root_position: -0.07991
BAD root_position: -0.07991
BAD root_position: -0.07991
BAD root_position: -0.07991
BAD root_position: -0.07991
BAD root_position: -0.07991
BAD root_position: -0.07991
BAD root_position: -0.07990
BAD root_position: -0.07990
BAD root_position: -0.07990
BAD root_position: -0.07990
BAD root_position: -0.07990
BAD root_position: -0.07990
BAD root_position: -0.07990
BAD root_position: -0.07990
BAD root_position: -0.07990
BAD root_position: -0.07990
BAD root_position: -0.07990
BAD root_position: -0.07990
BAD root_position: -0.07990
BAD root_position: -0.07990
BAD root_position: -0.07989
BAD root_position: -0.07989
BAD root_position: -0.07989
BAD root_position: -0.07988
BAD root_position: -0.07988
BAD root_position: -0.07989
BAD root_position: -0.07998
BAD root_position: -0.08015
BAD root_position: -0.08039
BAD root_position: -0.08069
BAD root_position: -0.08102
BAD root_position: -0.08138
BAD root_position: -0.08176
BAD root_position: -0.08214
BAD root_position: -0.08251
BAD root_position: -0.08285
BAD root_position: -0.08315
BAD root_position: -0.08341
BAD root_position: -0.08360
BAD root_position: -0.08371
BAD root_position: -0.08373
BAD root_position: -0.08373
BAD root_position: -0.08373
BAD root_position: -0.08373
BAD root_position: -0.08373
BAD root_position: -0.08373
BAD root_position: -0.08373
BAD root_position: -0.08373
BAD root_position: -0.08371
BAD root_position: -0.08360
BAD root_position: -0.08342
BAD root_position: -0.08317
BAD root_position: -0.08287
BAD root_position: -0.08253
BAD root_position: -0.08216
BAD root_position: -0.08178
BAD root_position: -0.08140
BAD root_position: -0.08104
BAD root_position: -0.08070
BAD root_position: -0.08041
BAD root_position: -0.08016
BAD root_position: -0.07999
BAD root_position: -0.07989
BAD root_position: -0.07988
BAD root_position: -0.07988
BAD root_position: -0.07988
BAD root_position: -0.07989
BAD root_position: -0.07989
BAD root_position: -0.07989
BAD root_position: -0.07990
BAD root_position: -0.07990
BAD root_position: -0.07990
BAD root_position: -0.07990
BAD root_position: -0.07990
BAD root_position: -0.07990
BAD root_position: -0.07991
BAD root_position: -0.07991
BAD root_position: -0.07991
BAD root_position: -0.07990
BAD root_position: -0.07990
BAD root_position: -0.07990
BAD root_position: -0.07990
BAD root_position: -0.07990
BAD root_position: -0.07990
BAD root_position: -0.07989
BAD root_position: -0.07989
BAD root_position: -0.07989
BAD root_position: -0.07988
BAD root_position: -0.07988
BAD root_position: -0.07988
BAD root_position: -0.07987
BAD root_position: -0.07987
BAD root_position: -0.07987
BAD root_position: -0.07986
BAD root_position: -0.07990
BAD root_position: -0.08003
BAD root_position: -0.08024
BAD root_position: -0.08050
BAD root_position: -0.08081
BAD root_position: -0.08116
BAD root_position: -0.08153
BAD root_position: -0.08191
BAD root_position: -0.08229
BAD root_position: -0.08265
BAD root_position: -0.08298
BAD root_position: -0.08326
BAD root_position: -0.08349
BAD root_position: -0.08365
BAD root_position: -0.08372
BAD root_position: -0.08373
BAD root_position: -0.08372
BAD root_position: -0.08372
BAD root_position: -0.08372
BAD root_position: -0.08372
BAD root_position: -0.08372
BAD root_position: -0.08373
BAD root_position: -0.08373
BAD root_position: -0.08367
BAD root_position: -0.08353
BAD root_position: -0.08331
BAD root_position: -0.08304
BAD root_position: -0.08272
BAD root_position: -0.08237
BAD root_position: -0.08199
BAD root_position: -0.08161
BAD root_position: -0.08124
BAD root_position: -0.08089
BAD root_position: -0.08057
BAD root_position: -0.08029
BAD root_position: -0.08008
BAD root_position: -0.07993
BAD root_position: -0.07987
BAD root_position: -0.07988
BAD root_position: -0.07988
BAD root_position: -0.07988
BAD root_position: -0.07989
BAD root_position: -0.07989
BAD root_position: -0.07989
BAD root_position: -0.07990
BAD root_position: -0.07990
BAD root_position: -0.07990
BAD root_position: -0.07990
BAD root_position: -0.07991
BAD root_position: -0.07991
BAD root_position: -0.07991
BAD root_position: -0.07991
BAD root_position: -0.07991
BAD root_position: -0.07991
BAD root_position: -0.07991
BAD root_position: -0.07990
BAD root_position: -0.07990
BAD root_position: -0.07990
BAD root_position: -0.07990
BAD root_position: -0.07990
BAD root_position: -0.07989
BAD root_position: -0.07989
BAD root_position: -0.07989
BAD root_position: -0.07988
BAD root_position: -0.07988
BAD root_position: -0.07988
BAD root_position: -0.07987
BAD root_position: -0.07987
BAD root_position: -0.07987
BAD root_position: -0.07993
BAD root_position: -0.08006
BAD root_position: -0.08027
BAD root_position: -0.08052
BAD root_position: -0.08082
BAD root_position: -0.08116
BAD root_position: -0.08151
BAD root_position: -0.08188
BAD root_position: -0.08224
BAD root_position: -0.08260
BAD root_position: -0.08292
BAD root_position: -0.08322
BAD root_position: -0.08346
BAD root_position: -0.08365
BAD root_position: -0.08376
BAD root_position: -0.08380
BAD root_position: -0.08381
BAD root_position: -0.08382
BAD root_position: -0.08383
BAD root_position: -0.08384
BAD root_position: -0.08385
BAD root_position: -0.08386
BAD root_position: -0.08387
BAD root_position: -0.08388
BAD root_position: -0.08383
BAD root_position: -0.08370
BAD root_position: -0.08350
BAD root_position: -0.08324
BAD root_position: -0.08295
BAD root_position: -0.08261
BAD root_position: -0.08226
BAD root_position: -0.08189
BAD root_position: -0.08153
BAD root_position: -0.08118
BAD root_position: -0.08085
BAD root_position: -0.08056
BAD root_position: -0.08032
BAD root_position: -0.08014
BAD root_position: -0.08003
BAD root_position: -0.08000
BAD root_position: -0.08000
BAD root_position: -0.08000
BAD root_position: -0.08000
BAD root_position: -0.08000
BAD root_position: -0.07999
BAD root_position: -0.07999
BAD root_position: -0.07999
BAD root_position: -0.07999
BAD root_position: -0.07999
BAD root_position: -0.07998
BAD root_position: -0.07998
BAD root_position: -0.07997
BAD root_position: -0.07997
BAD root_position: -0.07996
BAD root_position: -0.07996
BAD root_position: -0.07995
BAD root_position: -0.07994
BAD root_position: -0.07993
BAD root_position: -0.07992
BAD root_position: -0.07992
BAD root_position: -0.07991
BAD root_position: -0.07990
BAD root_position: -0.07989
BAD root_position: -0.07988
BAD root_position: -0.07987
BAD root_position: -0.07986
BAD root_position: -0.07985
BAD root_position: -0.07984
BAD root_position: -0.07983
BAD root_position: -0.07982
BAD root_position: -0.07981
BAD root_position: -0.07980
BAD root_position: -0.07986
BAD root_position: -0.07999
BAD root_position: -0.08018
BAD root_position: -0.08043
BAD root_position: -0.08073
BAD root_position: -0.08106
BAD root_position: -0.08141
BAD root_position: -0.08177
BAD root_position: -0.08213
BAD root_position: -0.08248
BAD root_position: -0.08281
BAD root_position: -0.08310
BAD root_position: -0.08335
BAD root_position: -0.08355
BAD root_position: -0.08367
BAD root_position: -0.08372
BAD root_position: -0.08374
BAD root_position: -0.08375
BAD root_position: -0.08378
BAD root_position: -0.08380
BAD root_position: -0.08382
BAD root_position: -0.08384
BAD root_position: -0.08386
BAD root_position: -0.08388
BAD root_position: -0.08383
BAD root_position: -0.08371
BAD root_position: -0.08352
BAD root_position: -0.08328
BAD root_position: -0.08299
BAD root_position: -0.08266
BAD root_position: -0.08231
BAD root_position: -0.08195
BAD root_position: -0.08160
BAD root_position: -0.08125
BAD root_position: -0.08092
BAD root_position: -0.08063
BAD root_position: -0.08039
BAD root_position: -0.08020
BAD root_position: -0.08008
BAD root_position: -0.08004
BAD root_position: -0.08003
BAD root_position: -0.08002
BAD root_position: -0.08000
BAD root_position: -0.07999
BAD root_position: -0.07998
BAD root_position: -0.07996
BAD root_position: -0.07995
BAD root_position: -0.07994
BAD root_position: -0.07992
BAD root_position: -0.07991
BAD root_position: -0.07989
BAD root_position: -0.07988
BAD root_position: -0.07986
BAD root_position: -0.07985
BAD root_position: -0.07983
BAD root_position: -0.07981
BAD root_position: -0.07980
BAD root_position: -0.07978
BAD root_position: -0.07977
BAD root_position: -0.07975
BAD root_position: -0.07973
BAD root_position: -0.07972
BAD root_position: -0.07970
BAD root_position: -0.07968
BAD root_position: -0.07967
BAD root_position: -0.07965
BAD root_position: -0.07964
BAD root_position: -0.07962
BAD root_position: -0.07961
BAD root_position: -0.07960
BAD root_position: -0.07959
BAD root_position: -0.07958
BAD root_position: -0.07963
BAD root_position: -0.07976
BAD root_position: -0.07995
BAD root_position: -0.08019
BAD root_position: -0.08048
BAD root_position: -0.08081
BAD root_position: -0.08115
BAD root_position: -0.08150
BAD root_position: -0.08185
BAD root_position: -0.08219
BAD root_position: -0.08251
BAD root_position: -0.08279
BAD root_position: -0.08302
BAD root_position: -0.08320
BAD root_position: -0.08331
BAD root_position: -0.08334
BAD root_position: -0.08334
BAD root_position: -0.08334
BAD root_position: -0.08335
BAD root_position: -0.08335
BAD root_position: -0.08336
BAD root_position: -0.08337
BAD root_position: -0.08338
BAD root_position: -0.08338
BAD root_position: -0.08333
BAD root_position: -0.08320
BAD root_position: -0.08301
BAD root_position: -0.08276
BAD root_position: -0.08247
BAD root_position: -0.08215
BAD root_position: -0.08181
BAD root_position: -0.08146
BAD root_position: -0.08109
BAD root_position: -0.08075
BAD root_position: -0.08044
BAD root_position: -0.08016
BAD root_position: -0.07993
BAD root_position: -0.07976
BAD root_position: -0.07967
BAD root_position: -0.07965
BAD root_position: -0.07966
BAD root_position: -0.07968
BAD root_position: -0.07969
BAD root_position: -0.07971
BAD root_position: -0.07973
BAD root_position: -0.07974
BAD root_position: -0.07976
BAD root_position: -0.07978
BAD root_position: -0.07981
BAD root_position: -0.07983
BAD root_position: -0.07985
BAD root_position: -0.07987
BAD root_position: -0.07990
BAD root_position: -0.07992
BAD root_position: -0.07995
BAD root_position: -0.07997
BAD root_position: -0.07999
BAD root_position: -0.08002
BAD root_position: -0.08004
BAD root_position: -0.08006
BAD root_position: -0.08008
BAD root_position: -0.08010
BAD root_position: -0.08012
BAD root_position: -0.08013
BAD root_position: -0.08015
BAD root_position: -0.08016
BAD root_position: -0.08017
BAD root_position: -0.08018
BAD root_position: -0.08019
BAD root_position: -0.08020
BAD root_position: -0.08020
BAD root_position: -0.08027
BAD root_position: -0.08042
BAD root_position: -0.08064
BAD root_position: -0.08093
BAD root_position: -0.08126
BAD root_position: -0.08162
BAD root_position: -0.08200
BAD root_position: -0.08239
BAD root_position: -0.08278
BAD root_position: -0.08315
BAD root_position: -0.08348
BAD root_position: -0.08377
BAD root_position: -0.08400
BAD root_position: -0.08416
BAD root_position: -0.08423
BAD root_position: -0.08425
BAD root_position: -0.08426
BAD root_position: -0.08428
BAD root_position: -0.08429
BAD root_position: -0.08431
BAD root_position: -0.08432
BAD root_position: -0.08434
BAD root_position: -0.08435
BAD root_position: -0.08429
BAD root_position: -0.08414
BAD root_position: -0.08392
BAD root_position: -0.08364
BAD root_position: -0.08331
BAD root_position: -0.08295
BAD root_position: -0.08257
BAD root_position: -0.08218
BAD root_position: -0.08180
BAD root_position: -0.08143
BAD root_position: -0.08110
BAD root_position: -0.08082
BAD root_position: -0.08059
BAD root_position: -0.08044
BAD root_position: -0.08038
BAD root_position: -0.08035
BAD root_position: -0.08033
BAD root_position: -0.08030
BAD root_position: -0.08027
BAD root_position: -0.08024
BAD root_position: -0.08021
BAD root_position: -0.08018
BAD root_position: -0.08014
BAD root_position: -0.08010
BAD root_position: -0.08006
BAD root_position: -0.08002
BAD root_position: -0.07998
BAD root_position: -0.07994
BAD root_position: -0.07990
BAD root_position: -0.07986
BAD root_position: -0.07982
BAD root_position: -0.07978
BAD root_position: -0.07974
BAD root_position: -0.07970
BAD root_position: -0.07966
BAD root_position: -0.07962
BAD root_position: -0.07958
BAD root_position: -0.07955
BAD root_position: -0.07951
BAD root_position: -0.07948
BAD root_position: -0.07945
BAD root_position: -0.07942
BAD root_position: -0.07940
BAD root_position: -0.07937
BAD root_position: -0.07935
BAD root_position: -0.07935
BAD root_position: -0.07943
BAD root_position: -0.07958
BAD root_position: -0.07980
BAD root_position: -0.08008
BAD root_position: -0.08039
BAD root_position: -0.08073
BAD root_position: -0.08109
BAD root_position: -0.08144
BAD root_position: -0.08179
BAD root_position: -0.08211
BAD root_position: -0.08239
BAD root_position: -0.08263
BAD root_position: -0.08280
BAD root_position: -0.08290
BAD root_position: -0.08292
BAD root_position: -0.08292
BAD root_position: -0.08292
BAD root_position: -0.08292
BAD root_position: -0.08292
BAD root_position: -0.08292
recorded 500 frames
avg lin_vel_x 0.007
avg lin_vel_y 0.0138
avg yaw 0.0001
computed xvel: 0.0, mean xvel: 0.007
computed yvel: 0.021, mean yvel: 0.0138
computed thetavel: 0.153, mean thetavel: 0.0001
DONE, saving 164_0.0_0.021_0.153.json
