<frozen importlib._bootstrap>:241: RuntimeWarning: to-Python converter for std::vector<Eigen::Matrix<double, 3, 1, 0, 3, 1>, std::allocator<Eigen::Matrix<double, 3, 1, 0, 3, 1> > > already registered; second conversion method ignored.
<frozen importlib._bootstrap>:241: RuntimeWarning: to-Python converter for boost::python::detail::container_element<std::vector<Eigen::Matrix<double, 3, 1, 0, 3, 1>, std::allocator<Eigen::Matrix<double, 3, 1, 0, 3, 1> > >, unsigned long, boost::python::detail::final_vector_derived_policies<std::vector<Eigen::Matrix<double, 3, 1, 0, 3, 1>, std::allocator<Eigen::Matrix<double, 3, 1, 0, 3, 1> > >, false> > already registered; second conversion method ignored.
<frozen importlib._bootstrap>:241: RuntimeWarning: to-Python converter for std::vector<int, std::allocator<int> > already registered; second conversion method ignored.
<frozen importlib._bootstrap>:241: RuntimeWarning: to-Python converter for std::vector<double, std::allocator<double> > already registered; second conversion method ignored.
<frozen importlib._bootstrap>:241: RuntimeWarning: to-Python converter for std::vector<std::__cxx11::basic_string<char, std::char_traits<char>, std::allocator<char> >, std::allocator<std::__cxx11::basic_string<char, std::char_traits<char>, std::allocator<char> > > > already registered; second conversion method ignored.
WARNING: Can't find trunk frames in the model, can't measure leg spacing
WARNING: Can't find head frames in the model, camera_look_at won't work
gait_parameters {'dx': 0.02, 'dy': 0.03, 'dtheta': 0.22, 'duration': 8, 'hardware': True, 'double_support_ratio': 0.8, 'startend_double_support_ratio': 1.5, 'planned_timesteps': 48, 'replan_timesteps': 10, 'walk_com_height': 0.445, 'walk_foot_height': 0.03, 'walk_trunk_pitch': -5.7, 'walk_foot_rise_ratio': 0.2, 'single_support_duration': 0.8, 'single_support_timesteps': 10, 'foot_length': 0.22, 'feet_spacing': 0.114, 'zmp_margin': 0.02, 'foot_zmp_target_x': 0.0, 'foot_zmp_target_y': 0.0, 'walk_max_dtheta': 1.0, 'walk_max_dy': 0.04, 'walk_max_dx_forward': 0.08, 'walk_max_dx_backward': 0.03, 'joints': ['leg_left_ankle_roll_joint', 'leg_left_ankle_pitch_joint', 'leg_left_knee_pitch_joint', 'leg_left_hip_pitch_joint', 'leg_left_hip_yaw_joint', 'leg_left_hip_roll_joint', 'leg_right_ankle_roll_joint', 'leg_right_ankle_pitch_joint', 'leg_right_knee_pitch_joint', 'leg_right_hip_pitch_joint', 'leg_right_hip_yaw_joint', 'leg_right_hip_roll_joint', 'left_wrist_attachment_joint', 'left_fore_arm_joint', 'left_upper_arm_joint', 'left_shoulder_joint', 'right_wrist_attachment_joint', 'right_fore_arm_joint', 'right_upper_arm_joint', 'right_shoulder_joint'], 'joint_angles': {'left_wrist_attachment_joint': 0, 'left_fore_arm_joint': -90, 'left_upper_arm_joint': 45, 'left_shoulder_joint': 0, 'right_wrist_attachment_joint': 0, 'right_fore_arm_joint': 90, 'right_upper_arm_joint': -45, 'right_shoulder_joint': 0}}
Placing the robot in the initial position...
Initial position reached
{'leg_left_ankle_roll_joint': 0.016311644905508828, 'leg_left_ankle_pitch_joint': -0.493825604779275, 'leg_left_knee_pitch_joint': 0.9465237567872319, 'leg_left_hip_pitch_joint': -0.35371736007027066, 'leg_left_hip_yaw_joint': -0.0540856354249223, 'leg_left_hip_roll_joint': -0.010347787167434931, 'leg_right_ankle_roll_joint': 0.01692592080155375, 'leg_right_ankle_pitch_joint': -0.5183809512718263, 'leg_right_knee_pitch_joint': 1.0285448896804534, 'leg_right_hip_pitch_joint': -0.41119902839105377, 'leg_right_hip_yaw_joint': -0.05456266669807333, 'leg_right_hip_roll_joint': -0.010743145703801837, 'left_wrist_attachment_joint': -1.642733080730357e-26, 'left_fore_arm_joint': -1.0034030988077403, 'left_upper_arm_joint': 0.7853981633900549, 'left_shoulder_joint': 5.87385404319949e-12, 'right_wrist_attachment_joint': 0.41179939409042676, 'right_fore_arm_joint': 1.1175998209648637, 'right_upper_arm_joint': -0.7853981633886222, 'right_shoulder_joint': 5.436584047657012e-12}
## period: 2.88
BAD root_position: -0.07991
BAD root_position: -0.07991
BAD root_position: -0.07991
BAD root_position: -0.07991
BAD root_position: -0.07991
BAD root_position: -0.07991
BAD root_position: -0.07991
BAD root_position: -0.07991
BAD root_position: -0.07991
BAD root_position: -0.07991
BAD root_position: -0.07991
BAD root_position: -0.07991
BAD root_position: -0.07991
BAD root_position: -0.07991
BAD root_position: -0.07991
BAD root_position: -0.07991
BAD root_position: -0.07991
BAD root_position: -0.07991
BAD root_position: -0.07991
BAD root_position: -0.07991
BAD root_position: -0.07991
BAD root_position: -0.07991
BAD root_position: -0.07991
BAD root_position: -0.07991
BAD root_position: -0.07991
BAD root_position: -0.07991
BAD root_position: -0.07991
BAD root_position: -0.07991
BAD root_position: -0.07991
BAD root_position: -0.07991
BAD root_position: -0.07991
BAD root_position: -0.07991
BAD root_position: -0.07991
BAD root_position: -0.07991
BAD root_position: -0.07991
BAD root_position: -0.07991
BAD root_position: -0.07991
BAD root_position: -0.07991
BAD root_position: -0.07991
BAD root_position: -0.07990
BAD root_position: -0.07990
BAD root_position: -0.07990
BAD root_position: -0.07990
BAD root_position: -0.07990
BAD root_position: -0.07990
BAD root_position: -0.07990
BAD root_position: -0.07990
BAD root_position: -0.07990
BAD root_position: -0.07990
BAD root_position: -0.07990
BAD root_position: -0.07990
BAD root_position: -0.07990
BAD root_position: -0.07990
BAD root_position: -0.07989
BAD root_position: -0.07989
BAD root_position: -0.07989
BAD root_position: -0.07988
BAD root_position: -0.07988
BAD root_position: -0.07989
BAD root_position: -0.07998
BAD root_position: -0.08015
BAD root_position: -0.08039
BAD root_position: -0.08069
BAD root_position: -0.08102
BAD root_position: -0.08138
BAD root_position: -0.08176
BAD root_position: -0.08214
BAD root_position: -0.08251
BAD root_position: -0.08285
BAD root_position: -0.08315
BAD root_position: -0.08341
BAD root_position: -0.08360
BAD root_position: -0.08371
BAD root_position: -0.08373
BAD root_position: -0.08373
BAD root_position: -0.08373
BAD root_position: -0.08373
BAD root_position: -0.08373
BAD root_position: -0.08373
BAD root_position: -0.08373
BAD root_position: -0.08373
BAD root_position: -0.08371
BAD root_position: -0.08360
BAD root_position: -0.08342
BAD root_position: -0.08317
BAD root_position: -0.08287
BAD root_position: -0.08253
BAD root_position: -0.08216
BAD root_position: -0.08178
BAD root_position: -0.08140
BAD root_position: -0.08104
BAD root_position: -0.08070
BAD root_position: -0.08041
BAD root_position: -0.08016
BAD root_position: -0.07999
BAD root_position: -0.07989
BAD root_position: -0.07988
BAD root_position: -0.07988
BAD root_position: -0.07988
BAD root_position: -0.07989
BAD root_position: -0.07989
BAD root_position: -0.07989
BAD root_position: -0.07990
BAD root_position: -0.07990
BAD root_position: -0.07990
BAD root_position: -0.07990
BAD root_position: -0.07990
BAD root_position: -0.07990
BAD root_position: -0.07991
BAD root_position: -0.07991
BAD root_position: -0.07991
BAD root_position: -0.07990
BAD root_position: -0.07990
BAD root_position: -0.07990
BAD root_position: -0.07990
BAD root_position: -0.07990
BAD root_position: -0.07990
BAD root_position: -0.07989
BAD root_position: -0.07989
BAD root_position: -0.07989
BAD root_position: -0.07988
BAD root_position: -0.07988
BAD root_position: -0.07988
BAD root_position: -0.07987
BAD root_position: -0.07987
BAD root_position: -0.07987
BAD root_position: -0.07986
BAD root_position: -0.07990
BAD root_position: -0.08003
BAD root_position: -0.08024
BAD root_position: -0.08050
BAD root_position: -0.08081
BAD root_position: -0.08116
BAD root_position: -0.08154
BAD root_position: -0.08192
BAD root_position: -0.08229
BAD root_position: -0.08265
BAD root_position: -0.08298
BAD root_position: -0.08327
BAD root_position: -0.08350
BAD root_position: -0.08365
BAD root_position: -0.08373
BAD root_position: -0.08373
BAD root_position: -0.08373
BAD root_position: -0.08373
BAD root_position: -0.08374
BAD root_position: -0.08374
BAD root_position: -0.08374
BAD root_position: -0.08374
BAD root_position: -0.08374
BAD root_position: -0.08368
BAD root_position: -0.08354
BAD root_position: -0.08333
BAD root_position: -0.08306
BAD root_position: -0.08274
BAD root_position: -0.08238
BAD root_position: -0.08201
BAD root_position: -0.08163
BAD root_position: -0.08125
BAD root_position: -0.08090
BAD root_position: -0.08058
BAD root_position: -0.08030
BAD root_position: -0.08009
BAD root_position: -0.07994
BAD root_position: -0.07988
BAD root_position: -0.07989
BAD root_position: -0.07989
BAD root_position: -0.07989
BAD root_position: -0.07989
BAD root_position: -0.07990
BAD root_position: -0.07990
BAD root_position: -0.07990
BAD root_position: -0.07990
BAD root_position: -0.07990
BAD root_position: -0.07991
BAD root_position: -0.07991
BAD root_position: -0.07991
BAD root_position: -0.07991
BAD root_position: -0.07990
BAD root_position: -0.07990
BAD root_position: -0.07990
BAD root_position: -0.07990
BAD root_position: -0.07990
BAD root_position: -0.07989
BAD root_position: -0.07989
BAD root_position: -0.07989
BAD root_position: -0.07988
BAD root_position: -0.07988
BAD root_position: -0.07988
BAD root_position: -0.07987
BAD root_position: -0.07987
BAD root_position: -0.07987
BAD root_position: -0.07986
BAD root_position: -0.07986
BAD root_position: -0.07985
BAD root_position: -0.07985
BAD root_position: -0.07991
BAD root_position: -0.08005
BAD root_position: -0.08025
BAD root_position: -0.08052
BAD root_position: -0.08083
BAD root_position: -0.08117
BAD root_position: -0.08153
BAD root_position: -0.08191
BAD root_position: -0.08229
BAD root_position: -0.08266
BAD root_position: -0.08301
BAD root_position: -0.08332
BAD root_position: -0.08359
BAD root_position: -0.08380
BAD root_position: -0.08393
BAD root_position: -0.08399
BAD root_position: -0.08402
BAD root_position: -0.08405
BAD root_position: -0.08408
BAD root_position: -0.08411
BAD root_position: -0.08414
BAD root_position: -0.08417
BAD root_position: -0.08420
BAD root_position: -0.08423
BAD root_position: -0.08419
BAD root_position: -0.08407
BAD root_position: -0.08388
BAD root_position: -0.08363
BAD root_position: -0.08333
BAD root_position: -0.08300
BAD root_position: -0.08264
BAD root_position: -0.08226
BAD root_position: -0.08189
BAD root_position: -0.08153
BAD root_position: -0.08119
BAD root_position: -0.08088
BAD root_position: -0.08062
BAD root_position: -0.08043
BAD root_position: -0.08030
BAD root_position: -0.08026
BAD root_position: -0.08025
BAD root_position: -0.08023
BAD root_position: -0.08022
BAD root_position: -0.08020
BAD root_position: -0.08018
BAD root_position: -0.08016
BAD root_position: -0.08014
BAD root_position: -0.08012
BAD root_position: -0.08010
BAD root_position: -0.08007
BAD root_position: -0.08005
BAD root_position: -0.08002
BAD root_position: -0.07999
BAD root_position: -0.07996
BAD root_position: -0.07994
BAD root_position: -0.07991
BAD root_position: -0.07988
BAD root_position: -0.07985
BAD root_position: -0.07982
BAD root_position: -0.07979
BAD root_position: -0.07976
BAD root_position: -0.07973
BAD root_position: -0.07970
BAD root_position: -0.07967
BAD root_position: -0.07964
BAD root_position: -0.07962
BAD root_position: -0.07960
BAD root_position: -0.07957
BAD root_position: -0.07955
BAD root_position: -0.07953
BAD root_position: -0.07951
BAD root_position: -0.07950
BAD root_position: -0.07954
BAD root_position: -0.07966
BAD root_position: -0.07984
BAD root_position: -0.08008
BAD root_position: -0.08037
BAD root_position: -0.08068
BAD root_position: -0.08102
BAD root_position: -0.08137
BAD root_position: -0.08173
BAD root_position: -0.08208
BAD root_position: -0.08240
BAD root_position: -0.08270
BAD root_position: -0.08295
BAD root_position: -0.08316
BAD root_position: -0.08329
BAD root_position: -0.08336
BAD root_position: -0.08339
BAD root_position: -0.08343
BAD root_position: -0.08347
BAD root_position: -0.08352
BAD root_position: -0.08356
BAD root_position: -0.08360
BAD root_position: -0.08365
BAD root_position: -0.08369
BAD root_position: -0.08364
BAD root_position: -0.08354
BAD root_position: -0.08337
BAD root_position: -0.08315
BAD root_position: -0.08287
BAD root_position: -0.08257
BAD root_position: -0.08223
BAD root_position: -0.08188
BAD root_position: -0.08153
BAD root_position: -0.08119
BAD root_position: -0.08087
BAD root_position: -0.08059
BAD root_position: -0.08034
BAD root_position: -0.08015
BAD root_position: -0.08003
BAD root_position: -0.07999
BAD root_position: -0.07997
BAD root_position: -0.07995
BAD root_position: -0.07994
BAD root_position: -0.07992
BAD root_position: -0.07990
BAD root_position: -0.07988
BAD root_position: -0.07987
BAD root_position: -0.07985
BAD root_position: -0.07983
BAD root_position: -0.07981
BAD root_position: -0.07980
BAD root_position: -0.07978
BAD root_position: -0.07976
BAD root_position: -0.07975
BAD root_position: -0.07973
BAD root_position: -0.07972
BAD root_position: -0.07970
BAD root_position: -0.07969
BAD root_position: -0.07967
BAD root_position: -0.07966
BAD root_position: -0.07965
BAD root_position: -0.07963
BAD root_position: -0.07962
BAD root_position: -0.07961
BAD root_position: -0.07959
BAD root_position: -0.07958
BAD root_position: -0.07957
BAD root_position: -0.07956
BAD root_position: -0.07955
BAD root_position: -0.07955
BAD root_position: -0.07954
BAD root_position: -0.07953
BAD root_position: -0.07959
BAD root_position: -0.07972
BAD root_position: -0.07992
BAD root_position: -0.08017
BAD root_position: -0.08047
BAD root_position: -0.08080
BAD root_position: -0.08116
BAD root_position: -0.08153
BAD root_position: -0.08189
BAD root_position: -0.08225
BAD root_position: -0.08259
BAD root_position: -0.08289
BAD root_position: -0.08314
BAD root_position: -0.08334
BAD root_position: -0.08348
BAD root_position: -0.08353
BAD root_position: -0.08355
BAD root_position: -0.08358
BAD root_position: -0.08360
BAD root_position: -0.08363
BAD root_position: -0.08366
BAD root_position: -0.08368
BAD root_position: -0.08371
BAD root_position: -0.08374
BAD root_position: -0.08370
BAD root_position: -0.08358
BAD root_position: -0.08340
BAD root_position: -0.08316
BAD root_position: -0.08287
BAD root_position: -0.08254
BAD root_position: -0.08219
BAD root_position: -0.08183
BAD root_position: -0.08146
BAD root_position: -0.08111
BAD root_position: -0.08079
BAD root_position: -0.08050
BAD root_position: -0.08025
BAD root_position: -0.08007
BAD root_position: -0.07996
BAD root_position: -0.07993
BAD root_position: -0.07994
BAD root_position: -0.07994
BAD root_position: -0.07994
BAD root_position: -0.07994
BAD root_position: -0.07995
BAD root_position: -0.07995
BAD root_position: -0.07995
BAD root_position: -0.07995
BAD root_position: -0.07996
BAD root_position: -0.07996
BAD root_position: -0.07996
BAD root_position: -0.07996
BAD root_position: -0.07996
BAD root_position: -0.07996
BAD root_position: -0.07996
BAD root_position: -0.07996
BAD root_position: -0.07996
BAD root_position: -0.07996
BAD root_position: -0.07995
BAD root_position: -0.07995
BAD root_position: -0.07995
BAD root_position: -0.07994
BAD root_position: -0.07994
BAD root_position: -0.07993
BAD root_position: -0.07993
BAD root_position: -0.07992
BAD root_position: -0.07992
BAD root_position: -0.07991
BAD root_position: -0.07990
BAD root_position: -0.07990
BAD root_position: -0.07989
BAD root_position: -0.07995
BAD root_position: -0.08009
BAD root_position: -0.08029
BAD root_position: -0.08056
BAD root_position: -0.08088
BAD root_position: -0.08123
BAD root_position: -0.08160
BAD root_position: -0.08198
BAD root_position: -0.08236
BAD root_position: -0.08272
BAD root_position: -0.08306
BAD root_position: -0.08335
BAD root_position: -0.08359
BAD root_position: -0.08376
BAD root_position: -0.08385
BAD root_position: -0.08388
BAD root_position: -0.08392
BAD root_position: -0.08396
BAD root_position: -0.08399
BAD root_position: -0.08403
BAD root_position: -0.08407
BAD root_position: -0.08411
BAD root_position: -0.08414
BAD root_position: -0.08411
BAD root_position: -0.08398
BAD root_position: -0.08378
BAD root_position: -0.08353
BAD root_position: -0.08322
BAD root_position: -0.08288
BAD root_position: -0.08251
BAD root_position: -0.08214
BAD root_position: -0.08176
BAD root_position: -0.08141
BAD root_position: -0.08109
BAD root_position: -0.08081
BAD root_position: -0.08059
BAD root_position: -0.08044
BAD root_position: -0.08038
BAD root_position: -0.08035
BAD root_position: -0.08033
BAD root_position: -0.08030
BAD root_position: -0.08027
BAD root_position: -0.08024
BAD root_position: -0.08021
BAD root_position: -0.08018
BAD root_position: -0.08014
BAD root_position: -0.08010
BAD root_position: -0.08006
BAD root_position: -0.08002
BAD root_position: -0.07998
BAD root_position: -0.07994
BAD root_position: -0.07990
BAD root_position: -0.07986
BAD root_position: -0.07982
BAD root_position: -0.07978
BAD root_position: -0.07974
BAD root_position: -0.07970
BAD root_position: -0.07966
BAD root_position: -0.07962
BAD root_position: -0.07958
BAD root_position: -0.07955
BAD root_position: -0.07951
BAD root_position: -0.07948
BAD root_position: -0.07945
BAD root_position: -0.07942
BAD root_position: -0.07939
BAD root_position: -0.07937
BAD root_position: -0.07935
BAD root_position: -0.07934
BAD root_position: -0.07942
BAD root_position: -0.07958
BAD root_position: -0.07981
BAD root_position: -0.08009
BAD root_position: -0.08041
BAD root_position: -0.08076
BAD root_position: -0.08113
BAD root_position: -0.08150
BAD root_position: -0.08186
BAD root_position: -0.08220
BAD root_position: -0.08251
BAD root_position: -0.08277
BAD root_position: -0.08296
BAD root_position: -0.08308
BAD root_position: -0.08312
BAD root_position: -0.08314
BAD root_position: -0.08316
BAD root_position: -0.08318
BAD root_position: -0.08321
BAD root_position: -0.08323
recorded 500 frames
avg lin_vel_x 0.0133
avg lin_vel_y 0.0141
avg yaw 0.0001
computed xvel: 0.014, mean xvel: 0.0133
computed yvel: 0.021, mean yvel: 0.0141
computed thetavel: 0.153, mean thetavel: 0.0001
DONE, saving 165_0.014_0.021_0.153.json
