<frozen importlib._bootstrap>:241: RuntimeWarning: to-Python converter for std::vector<Eigen::Matrix<double, 3, 1, 0, 3, 1>, std::allocator<Eigen::Matrix<double, 3, 1, 0, 3, 1> > > already registered; second conversion method ignored.
<frozen importlib._bootstrap>:241: RuntimeWarning: to-Python converter for boost::python::detail::container_element<std::vector<Eigen::Matrix<double, 3, 1, 0, 3, 1>, std::allocator<Eigen::Matrix<double, 3, 1, 0, 3, 1> > >, unsigned long, boost::python::detail::final_vector_derived_policies<std::vector<Eigen::Matrix<double, 3, 1, 0, 3, 1>, std::allocator<Eigen::Matrix<double, 3, 1, 0, 3, 1> > >, false> > already registered; second conversion method ignored.
<frozen importlib._bootstrap>:241: RuntimeWarning: to-Python converter for std::vector<int, std::allocator<int> > already registered; second conversion method ignored.
<frozen importlib._bootstrap>:241: RuntimeWarning: to-Python converter for std::vector<double, std::allocator<double> > already registered; second conversion method ignored.
<frozen importlib._bootstrap>:241: RuntimeWarning: to-Python converter for std::vector<std::__cxx11::basic_string<char, std::char_traits<char>, std::allocator<char> >, std::allocator<std::__cxx11::basic_string<char, std::char_traits<char>, std::allocator<char> > > > already registered; second conversion method ignored.
WARNING: Can't find trunk frames in the model, can't measure leg spacing
WARNING: Can't find head frames in the model, camera_look_at won't work
gait_parameters {'dx': 0.04, 'dy': 0.03, 'dtheta': 0.22, 'duration': 8, 'hardware': True, 'double_support_ratio': 0.8, 'startend_double_support_ratio': 1.5, 'planned_timesteps': 48, 'replan_timesteps': 10, 'walk_com_height': 0.445, 'walk_foot_height': 0.03, 'walk_trunk_pitch': -5.7, 'walk_foot_rise_ratio': 0.2, 'single_support_duration': 0.8, 'single_support_timesteps': 10, 'foot_length': 0.22, 'feet_spacing': 0.114, 'zmp_margin': 0.02, 'foot_zmp_target_x': 0.0, 'foot_zmp_target_y': 0.0, 'walk_max_dtheta': 1.0, 'walk_max_dy': 0.04, 'walk_max_dx_forward': 0.08, 'walk_max_dx_backward': 0.03, 'joints': ['leg_left_ankle_roll_joint', 'leg_left_ankle_pitch_joint', 'leg_left_knee_pitch_joint', 'leg_left_hip_pitch_joint', 'leg_left_hip_yaw_joint', 'leg_left_hip_roll_joint', 'leg_right_ankle_roll_joint', 'leg_right_ankle_pitch_joint', 'leg_right_knee_pitch_joint', 'leg_right_hip_pitch_joint', 'leg_right_hip_yaw_joint', 'leg_right_hip_roll_joint', 'left_wrist_attachment_joint', 'left_fore_arm_joint', 'left_upper_arm_joint', 'left_shoulder_joint', 'right_wrist_attachment_joint', 'right_fore_arm_joint', 'right_upper_arm_joint', 'right_shoulder_joint'], 'joint_angles': {'left_wrist_attachment_joint': 0, 'left_fore_arm_joint': -90, 'left_upper_arm_joint': 45, 'left_shoulder_joint': 0, 'right_wrist_attachment_joint': 0, 'right_fore_arm_joint': 90, 'right_upper_arm_joint': -45, 'right_shoulder_joint': 0}}
Placing the robot in the initial position...
Initial position reached
{'leg_left_ankle_roll_joint': 0.015765857930210753, 'leg_left_ankle_pitch_joint': -0.48540678963057476, 'leg_left_knee_pitch_joint': 0.9301640421404502, 'leg_left_hip_pitch_joint': -0.34575780799551026, 'leg_left_hip_yaw_joint': -0.05366345111520597, 'leg_left_hip_roll_joint': -0.010001387253849527, 'leg_right_ankle_roll_joint': 0.016369561700298116, 'leg_right_ankle_pitch_joint': -0.510434015888745, 'leg_right_knee_pitch_joint': 1.0130398641908698, 'leg_right_hip_pitch_joint': -0.40362175666070343, 'leg_right_hip_yaw_joint': -0.05413231187593702, 'leg_right_hip_roll_joint': -0.010390017812725, 'left_wrist_attachment_joint': -1.4183615523674074e-26, 'left_fore_arm_joint': -0.7579771578091996, 'left_upper_arm_joint': 0.7853981633892215, 'left_shoulder_joint': 6.4704647001892965e-12, 'right_wrist_attachment_joint': 0.13553401750910044, 'right_fore_arm_joint': 1.0753456287802337, 'right_upper_arm_joint': -0.7853981633877933, 'right_shoulder_joint': 5.886503564281229e-12}
## period: 2.88
BAD root_position: -0.07991
BAD root_position: -0.07991
BAD root_position: -0.07991
BAD root_position: -0.07991
BAD root_position: -0.07991
BAD root_position: -0.07991
BAD root_position: -0.07991
BAD root_position: -0.07991
BAD root_position: -0.07991
BAD root_position: -0.07991
BAD root_position: -0.07991
BAD root_position: -0.07991
BAD root_position: -0.07991
BAD root_position: -0.07991
BAD root_position: -0.07991
BAD root_position: -0.07991
BAD root_position: -0.07991
BAD root_position: -0.07991
BAD root_position: -0.07991
BAD root_position: -0.07991
BAD root_position: -0.07991
BAD root_position: -0.07991
BAD root_position: -0.07991
BAD root_position: -0.07991
BAD root_position: -0.07991
BAD root_position: -0.07991
BAD root_position: -0.07991
BAD root_position: -0.07991
BAD root_position: -0.07991
BAD root_position: -0.07991
BAD root_position: -0.07991
BAD root_position: -0.07991
BAD root_position: -0.07991
BAD root_position: -0.07991
BAD root_position: -0.07991
BAD root_position: -0.07991
BAD root_position: -0.07991
BAD root_position: -0.07991
BAD root_position: -0.07991
BAD root_position: -0.07990
BAD root_position: -0.07990
BAD root_position: -0.07990
BAD root_position: -0.07990
BAD root_position: -0.07990
BAD root_position: -0.07990
BAD root_position: -0.07990
BAD root_position: -0.07990
BAD root_position: -0.07990
BAD root_position: -0.07990
BAD root_position: -0.07990
BAD root_position: -0.07990
BAD root_position: -0.07990
BAD root_position: -0.07990
BAD root_position: -0.07989
BAD root_position: -0.07989
BAD root_position: -0.07989
BAD root_position: -0.07988
BAD root_position: -0.07988
BAD root_position: -0.07989
BAD root_position: -0.07998
BAD root_position: -0.08015
BAD root_position: -0.08039
BAD root_position: -0.08069
BAD root_position: -0.08102
BAD root_position: -0.08138
BAD root_position: -0.08176
BAD root_position: -0.08214
BAD root_position: -0.08251
BAD root_position: -0.08285
BAD root_position: -0.08315
BAD root_position: -0.08341
BAD root_position: -0.08360
BAD root_position: -0.08371
BAD root_position: -0.08373
BAD root_position: -0.08373
BAD root_position: -0.08373
BAD root_position: -0.08373
BAD root_position: -0.08373
BAD root_position: -0.08373
BAD root_position: -0.08373
BAD root_position: -0.08373
BAD root_position: -0.08371
BAD root_position: -0.08360
BAD root_position: -0.08342
BAD root_position: -0.08317
BAD root_position: -0.08287
BAD root_position: -0.08253
BAD root_position: -0.08216
BAD root_position: -0.08178
BAD root_position: -0.08140
BAD root_position: -0.08104
BAD root_position: -0.08070
BAD root_position: -0.08041
BAD root_position: -0.08016
BAD root_position: -0.07999
BAD root_position: -0.07989
BAD root_position: -0.07988
BAD root_position: -0.07988
BAD root_position: -0.07988
BAD root_position: -0.07989
BAD root_position: -0.07989
BAD root_position: -0.07989
BAD root_position: -0.07990
BAD root_position: -0.07990
BAD root_position: -0.07990
BAD root_position: -0.07990
BAD root_position: -0.07990
BAD root_position: -0.07990
BAD root_position: -0.07991
BAD root_position: -0.07991
BAD root_position: -0.07991
BAD root_position: -0.07990
BAD root_position: -0.07990
BAD root_position: -0.07990
BAD root_position: -0.07990
BAD root_position: -0.07990
BAD root_position: -0.07990
BAD root_position: -0.07989
BAD root_position: -0.07989
BAD root_position: -0.07989
BAD root_position: -0.07988
BAD root_position: -0.07988
BAD root_position: -0.07988
BAD root_position: -0.07987
BAD root_position: -0.07987
BAD root_position: -0.07987
BAD root_position: -0.07986
BAD root_position: -0.07990
BAD root_position: -0.08003
BAD root_position: -0.08024
BAD root_position: -0.08050
BAD root_position: -0.08081
BAD root_position: -0.08116
BAD root_position: -0.08154
BAD root_position: -0.08192
BAD root_position: -0.08230
BAD root_position: -0.08266
BAD root_position: -0.08299
BAD root_position: -0.08327
BAD root_position: -0.08350
BAD root_position: -0.08366
BAD root_position: -0.08374
BAD root_position: -0.08374
BAD root_position: -0.08374
BAD root_position: -0.08374
BAD root_position: -0.08375
BAD root_position: -0.08375
BAD root_position: -0.08375
BAD root_position: -0.08375
BAD root_position: -0.08375
BAD root_position: -0.08370
BAD root_position: -0.08356
BAD root_position: -0.08334
BAD root_position: -0.08307
BAD root_position: -0.08275
BAD root_position: -0.08240
BAD root_position: -0.08202
BAD root_position: -0.08164
BAD root_position: -0.08127
BAD root_position: -0.08091
BAD root_position: -0.08059
BAD root_position: -0.08032
BAD root_position: -0.08010
BAD root_position: -0.07995
BAD root_position: -0.07989
BAD root_position: -0.07990
BAD root_position: -0.07990
BAD root_position: -0.07990
BAD root_position: -0.07990
BAD root_position: -0.07990
BAD root_position: -0.07990
BAD root_position: -0.07991
BAD root_position: -0.07991
BAD root_position: -0.07991
BAD root_position: -0.07991
BAD root_position: -0.07991
BAD root_position: -0.07991
BAD root_position: -0.07990
BAD root_position: -0.07990
BAD root_position: -0.07990
BAD root_position: -0.07990
BAD root_position: -0.07989
BAD root_position: -0.07989
BAD root_position: -0.07989
BAD root_position: -0.07988
BAD root_position: -0.07988
BAD root_position: -0.07987
BAD root_position: -0.07987
BAD root_position: -0.07987
BAD root_position: -0.07986
BAD root_position: -0.07986
BAD root_position: -0.07985
BAD root_position: -0.07985
BAD root_position: -0.07984
BAD root_position: -0.07984
BAD root_position: -0.07984
BAD root_position: -0.07989
BAD root_position: -0.08003
BAD root_position: -0.08024
BAD root_position: -0.08051
BAD root_position: -0.08082
BAD root_position: -0.08117
BAD root_position: -0.08155
BAD root_position: -0.08194
BAD root_position: -0.08233
BAD root_position: -0.08271
BAD root_position: -0.08308
BAD root_position: -0.08341
BAD root_position: -0.08369
BAD root_position: -0.08392
BAD root_position: -0.08407
BAD root_position: -0.08415
BAD root_position: -0.08420
BAD root_position: -0.08424
BAD root_position: -0.08429
BAD root_position: -0.08434
BAD root_position: -0.08438
BAD root_position: -0.08443
BAD root_position: -0.08447
BAD root_position: -0.08451
BAD root_position: -0.08449
BAD root_position: -0.08438
BAD root_position: -0.08419
BAD root_position: -0.08395
BAD root_position: -0.08365
BAD root_position: -0.08331
BAD root_position: -0.08294
BAD root_position: -0.08256
BAD root_position: -0.08218
BAD root_position: -0.08180
BAD root_position: -0.08145
BAD root_position: -0.08114
BAD root_position: -0.08087
BAD root_position: -0.08066
BAD root_position: -0.08052
BAD root_position: -0.08047
BAD root_position: -0.08045
BAD root_position: -0.08042
BAD root_position: -0.08039
BAD root_position: -0.08036
BAD root_position: -0.08033
BAD root_position: -0.08030
BAD root_position: -0.08026
BAD root_position: -0.08022
BAD root_position: -0.08018
BAD root_position: -0.08014
BAD root_position: -0.08010
BAD root_position: -0.08006
BAD root_position: -0.08001
BAD root_position: -0.07996
BAD root_position: -0.07992
BAD root_position: -0.07987
BAD root_position: -0.07982
BAD root_position: -0.07977
BAD root_position: -0.07973
BAD root_position: -0.07968
BAD root_position: -0.07963
BAD root_position: -0.07959
BAD root_position: -0.07955
BAD root_position: -0.07951
BAD root_position: -0.07947
BAD root_position: -0.07943
BAD root_position: -0.07939
BAD root_position: -0.07936
BAD root_position: -0.07933
BAD root_position: -0.07930
BAD root_position: -0.07928
BAD root_position: -0.07926
BAD root_position: -0.07929
BAD root_position: -0.07940
BAD root_position: -0.07958
BAD root_position: -0.07981
BAD root_position: -0.08008
BAD root_position: -0.08038
BAD root_position: -0.08071
BAD root_position: -0.08106
BAD root_position: -0.08140
BAD root_position: -0.08175
BAD root_position: -0.08207
BAD root_position: -0.08237
BAD root_position: -0.08263
BAD root_position: -0.08283
BAD root_position: -0.08298
BAD root_position: -0.08306
BAD root_position: -0.08311
BAD root_position: -0.08316
BAD root_position: -0.08322
BAD root_position: -0.08328
BAD root_position: -0.08334
BAD root_position: -0.08340
BAD root_position: -0.08346
BAD root_position: -0.08352
BAD root_position: -0.08348
BAD root_position: -0.08339
BAD root_position: -0.08324
BAD root_position: -0.08303
BAD root_position: -0.08277
BAD root_position: -0.08248
BAD root_position: -0.08215
BAD root_position: -0.08182
BAD root_position: -0.08147
BAD root_position: -0.08114
BAD root_position: -0.08082
BAD root_position: -0.08054
BAD root_position: -0.08030
BAD root_position: -0.08011
BAD root_position: -0.07999
BAD root_position: -0.07994
BAD root_position: -0.07992
BAD root_position: -0.07989
BAD root_position: -0.07987
BAD root_position: -0.07985
BAD root_position: -0.07983
BAD root_position: -0.07981
BAD root_position: -0.07979
BAD root_position: -0.07977
BAD root_position: -0.07975
BAD root_position: -0.07973
BAD root_position: -0.07972
BAD root_position: -0.07970
BAD root_position: -0.07968
BAD root_position: -0.07967
BAD root_position: -0.07965
BAD root_position: -0.07964
BAD root_position: -0.07963
BAD root_position: -0.07961
BAD root_position: -0.07960
BAD root_position: -0.07959
BAD root_position: -0.07958
BAD root_position: -0.07957
BAD root_position: -0.07956
BAD root_position: -0.07956
BAD root_position: -0.07954
BAD root_position: -0.07953
BAD root_position: -0.07953
BAD root_position: -0.07952
BAD root_position: -0.07952
BAD root_position: -0.07951
BAD root_position: -0.07951
BAD root_position: -0.07950
BAD root_position: -0.07956
BAD root_position: -0.07970
BAD root_position: -0.07990
BAD root_position: -0.08016
BAD root_position: -0.08047
BAD root_position: -0.08081
BAD root_position: -0.08118
BAD root_position: -0.08156
BAD root_position: -0.08194
BAD root_position: -0.08232
BAD root_position: -0.08267
BAD root_position: -0.08299
BAD root_position: -0.08327
BAD root_position: -0.08349
BAD root_position: -0.08364
BAD root_position: -0.08371
BAD root_position: -0.08375
BAD root_position: -0.08380
BAD root_position: -0.08384
BAD root_position: -0.08388
BAD root_position: -0.08393
BAD root_position: -0.08397
BAD root_position: -0.08401
BAD root_position: -0.08405
BAD root_position: -0.08403
BAD root_position: -0.08392
BAD root_position: -0.08375
BAD root_position: -0.08350
BAD root_position: -0.08321
BAD root_position: -0.08289
BAD root_position: -0.08253
BAD root_position: -0.08216
BAD root_position: -0.08179
BAD root_position: -0.08143
BAD root_position: -0.08109
BAD root_position: -0.08079
BAD root_position: -0.08053
BAD root_position: -0.08034
BAD root_position: -0.08022
BAD root_position: -0.08018
BAD root_position: -0.08017
BAD root_position: -0.08017
BAD root_position: -0.08016
BAD root_position: -0.08015
BAD root_position: -0.08014
BAD root_position: -0.08013
BAD root_position: -0.08011
BAD root_position: -0.08010
BAD root_position: -0.08008
BAD root_position: -0.08007
BAD root_position: -0.08005
BAD root_position: -0.08003
BAD root_position: -0.08001
BAD root_position: -0.07999
BAD root_position: -0.07997
BAD root_position: -0.07995
BAD root_position: -0.07992
BAD root_position: -0.07990
BAD root_position: -0.07987
BAD root_position: -0.07985
BAD root_position: -0.07982
BAD root_position: -0.07980
BAD root_position: -0.07978
BAD root_position: -0.07975
BAD root_position: -0.07973
BAD root_position: -0.07971
BAD root_position: -0.07969
BAD root_position: -0.07967
BAD root_position: -0.07965
BAD root_position: -0.07964
BAD root_position: -0.07962
BAD root_position: -0.07967
BAD root_position: -0.07980
BAD root_position: -0.07999
BAD root_position: -0.08025
BAD root_position: -0.08055
BAD root_position: -0.08088
BAD root_position: -0.08124
BAD root_position: -0.08162
BAD root_position: -0.08199
BAD root_position: -0.08235
BAD root_position: -0.08268
BAD root_position: -0.08298
BAD root_position: -0.08322
BAD root_position: -0.08340
BAD root_position: -0.08350
BAD root_position: -0.08355
BAD root_position: -0.08360
BAD root_position: -0.08366
BAD root_position: -0.08371
BAD root_position: -0.08377
BAD root_position: -0.08383
BAD root_position: -0.08389
BAD root_position: -0.08394
BAD root_position: -0.08392
BAD root_position: -0.08382
BAD root_position: -0.08364
BAD root_position: -0.08340
BAD root_position: -0.08311
BAD root_position: -0.08278
BAD root_position: -0.08243
BAD root_position: -0.08207
BAD root_position: -0.08171
BAD root_position: -0.08137
BAD root_position: -0.08105
BAD root_position: -0.08078
BAD root_position: -0.08057
BAD root_position: -0.08042
BAD root_position: -0.08036
BAD root_position: -0.08034
BAD root_position: -0.08031
BAD root_position: -0.08029
BAD root_position: -0.08026
BAD root_position: -0.08023
BAD root_position: -0.08020
BAD root_position: -0.08016
BAD root_position: -0.08013
BAD root_position: -0.08009
BAD root_position: -0.08006
BAD root_position: -0.08002
BAD root_position: -0.07998
BAD root_position: -0.07994
BAD root_position: -0.07990
BAD root_position: -0.07986
BAD root_position: -0.07982
BAD root_position: -0.07978
BAD root_position: -0.07974
BAD root_position: -0.07970
BAD root_position: -0.07966
BAD root_position: -0.07963
BAD root_position: -0.07959
BAD root_position: -0.07956
BAD root_position: -0.07952
BAD root_position: -0.07949
BAD root_position: -0.07946
BAD root_position: -0.07943
BAD root_position: -0.07941
BAD root_position: -0.07939
BAD root_position: -0.07936
BAD root_position: -0.07936
BAD root_position: -0.07944
BAD root_position: -0.07960
BAD root_position: -0.07984
BAD root_position: -0.08012
BAD root_position: -0.08045
BAD root_position: -0.08082
BAD root_position: -0.08120
BAD root_position: -0.08158
BAD root_position: -0.08196
BAD root_position: -0.08232
BAD root_position: -0.08264
BAD root_position: -0.08292
BAD root_position: -0.08314
BAD root_position: -0.08328
BAD root_position: -0.08334
BAD root_position: -0.08337
BAD root_position: -0.08341
BAD root_position: -0.08345
BAD root_position: -0.08349
BAD root_position: -0.08353
recorded 500 frames
avg lin_vel_x 0.0185
avg lin_vel_y 0.0135
avg yaw 0.0001
computed xvel: 0.028, mean xvel: 0.0185
computed yvel: 0.021, mean yvel: 0.0135
computed thetavel: 0.153, mean thetavel: 0.0001
DONE, saving 166_0.028_0.021_0.153.json
