<frozen importlib._bootstrap>:241: RuntimeWarning: to-Python converter for std::vector<Eigen::Matrix<double, 3, 1, 0, 3, 1>, std::allocator<Eigen::Matrix<double, 3, 1, 0, 3, 1> > > already registered; second conversion method ignored.
<frozen importlib._bootstrap>:241: RuntimeWarning: to-Python converter for boost::python::detail::container_element<std::vector<Eigen::Matrix<double, 3, 1, 0, 3, 1>, std::allocator<Eigen::Matrix<double, 3, 1, 0, 3, 1> > >, unsigned long, boost::python::detail::final_vector_derived_policies<std::vector<Eigen::Matrix<double, 3, 1, 0, 3, 1>, std::allocator<Eigen::Matrix<double, 3, 1, 0, 3, 1> > >, false> > already registered; second conversion method ignored.
<frozen importlib._bootstrap>:241: RuntimeWarning: to-Python converter for std::vector<int, std::allocator<int> > already registered; second conversion method ignored.
<frozen importlib._bootstrap>:241: RuntimeWarning: to-Python converter for std::vector<double, std::allocator<double> > already registered; second conversion method ignored.
<frozen importlib._bootstrap>:241: RuntimeWarning: to-Python converter for std::vector<std::__cxx11::basic_string<char, std::char_traits<char>, std::allocator<char> >, std::allocator<std::__cxx11::basic_string<char, std::char_traits<char>, std::allocator<char> > > > already registered; second conversion method ignored.
WARNING: Can't find trunk frames in the model, can't measure leg spacing
WARNING: Can't find head frames in the model, camera_look_at won't work
gait_parameters {'dx': 0.06, 'dy': 0.03, 'dtheta': 0.22, 'duration': 8, 'hardware': True, 'double_support_ratio': 0.8, 'startend_double_support_ratio': 1.5, 'planned_timesteps': 48, 'replan_timesteps': 10, 'walk_com_height': 0.445, 'walk_foot_height': 0.03, 'walk_trunk_pitch': -5.7, 'walk_foot_rise_ratio': 0.2, 'single_support_duration': 0.8, 'single_support_timesteps': 10, 'foot_length': 0.22, 'feet_spacing': 0.114, 'zmp_margin': 0.02, 'foot_zmp_target_x': 0.0, 'foot_zmp_target_y': 0.0, 'walk_max_dtheta': 1.0, 'walk_max_dy': 0.04, 'walk_max_dx_forward': 0.08, 'walk_max_dx_backward': 0.03, 'joints': ['leg_left_ankle_roll_joint', 'leg_left_ankle_pitch_joint', 'leg_left_knee_pitch_joint', 'leg_left_hip_pitch_joint', 'leg_left_hip_yaw_joint', 'leg_left_hip_roll_joint', 'leg_right_ankle_roll_joint', 'leg_right_ankle_pitch_joint', 'leg_right_knee_pitch_joint', 'leg_right_hip_pitch_joint', 'leg_right_hip_yaw_joint', 'leg_right_hip_roll_joint', 'left_wrist_attachment_joint', 'left_fore_arm_joint', 'left_upper_arm_joint', 'left_shoulder_joint', 'right_wrist_attachment_joint', 'right_fore_arm_joint', 'right_upper_arm_joint', 'right_shoulder_joint'], 'joint_angles': {'left_wrist_attachment_joint': 0, 'left_fore_arm_joint': -90, 'left_upper_arm_joint': 45, 'left_shoulder_joint': 0, 'right_wrist_attachment_joint': 0, 'right_fore_arm_joint': 90, 'right_upper_arm_joint': -45, 'right_shoulder_joint': 0}}
Placing the robot in the initial position...
Initial position reached
{'leg_left_ankle_roll_joint': 0.016509694012133005, 'leg_left_ankle_pitch_joint': -0.49519001365780013, 'leg_left_knee_pitch_joint': 0.9490417393897621, 'leg_left_hip_pitch_joint': -0.35487773855364835, 'leg_left_hip_yaw_joint': -0.05423883137241186, 'leg_left_hip_roll_joint': -0.01047348882394019, 'leg_right_ankle_roll_joint': 0.01712743406941585, 'leg_right_ankle_pitch_joint': -0.5197105948587611, 'leg_right_knee_pitch_joint': 1.0310066075622668, 'leg_right_hip_pitch_joint': -0.41233808792682136, 'leg_right_hip_yaw_joint': -0.05471853954362009, 'leg_right_hip_roll_joint': -0.01087105271517019, 'left_wrist_attachment_joint': -1.8042591145331406e-26, 'left_fore_arm_joint': -1.0644600909127933, 'left_upper_arm_joint': 0.7853981633902265, 'left_shoulder_joint': 5.7616955166662016e-12, 'right_wrist_attachment_joint': -2.417898185114919e-28, 'right_fore_arm_joint': 1.1030557258279023, 'right_upper_arm_joint': -0.7853981633887472, 'right_shoulder_joint': 5.365136598557508e-12}
## period: 2.88
BAD root_position: -0.07991
BAD root_position: -0.07991
BAD root_position: -0.07991
BAD root_position: -0.07991
BAD root_position: -0.07991
BAD root_position: -0.07991
BAD root_position: -0.07991
BAD root_position: -0.07991
BAD root_position: -0.07991
BAD root_position: -0.07991
BAD root_position: -0.07991
BAD root_position: -0.07991
BAD root_position: -0.07991
BAD root_position: -0.07991
BAD root_position: -0.07991
BAD root_position: -0.07991
BAD root_position: -0.07991
BAD root_position: -0.07991
BAD root_position: -0.07991
BAD root_position: -0.07991
BAD root_position: -0.07991
BAD root_position: -0.07991
BAD root_position: -0.07991
BAD root_position: -0.07991
BAD root_position: -0.07991
BAD root_position: -0.07991
BAD root_position: -0.07991
BAD root_position: -0.07991
BAD root_position: -0.07991
BAD root_position: -0.07991
BAD root_position: -0.07991
BAD root_position: -0.07991
BAD root_position: -0.07991
BAD root_position: -0.07991
BAD root_position: -0.07991
BAD root_position: -0.07991
BAD root_position: -0.07991
BAD root_position: -0.07991
BAD root_position: -0.07991
BAD root_position: -0.07990
BAD root_position: -0.07990
BAD root_position: -0.07990
BAD root_position: -0.07990
BAD root_position: -0.07990
BAD root_position: -0.07990
BAD root_position: -0.07990
BAD root_position: -0.07990
BAD root_position: -0.07990
BAD root_position: -0.07990
BAD root_position: -0.07990
BAD root_position: -0.07990
BAD root_position: -0.07990
BAD root_position: -0.07990
BAD root_position: -0.07989
BAD root_position: -0.07989
BAD root_position: -0.07989
BAD root_position: -0.07988
BAD root_position: -0.07988
BAD root_position: -0.07989
BAD root_position: -0.07998
BAD root_position: -0.08015
BAD root_position: -0.08039
BAD root_position: -0.08069
BAD root_position: -0.08102
BAD root_position: -0.08138
BAD root_position: -0.08176
BAD root_position: -0.08214
BAD root_position: -0.08251
BAD root_position: -0.08285
BAD root_position: -0.08315
BAD root_position: -0.08341
BAD root_position: -0.08360
BAD root_position: -0.08371
BAD root_position: -0.08373
BAD root_position: -0.08373
BAD root_position: -0.08373
BAD root_position: -0.08373
BAD root_position: -0.08373
BAD root_position: -0.08373
BAD root_position: -0.08373
BAD root_position: -0.08373
BAD root_position: -0.08371
BAD root_position: -0.08360
BAD root_position: -0.08342
BAD root_position: -0.08317
BAD root_position: -0.08287
BAD root_position: -0.08253
BAD root_position: -0.08216
BAD root_position: -0.08178
BAD root_position: -0.08140
BAD root_position: -0.08104
BAD root_position: -0.08070
BAD root_position: -0.08041
BAD root_position: -0.08016
BAD root_position: -0.07999
BAD root_position: -0.07989
BAD root_position: -0.07988
BAD root_position: -0.07988
BAD root_position: -0.07988
BAD root_position: -0.07989
BAD root_position: -0.07989
BAD root_position: -0.07989
BAD root_position: -0.07990
BAD root_position: -0.07990
BAD root_position: -0.07990
BAD root_position: -0.07990
BAD root_position: -0.07990
BAD root_position: -0.07990
BAD root_position: -0.07991
BAD root_position: -0.07991
BAD root_position: -0.07991
BAD root_position: -0.07990
BAD root_position: -0.07990
BAD root_position: -0.07990
BAD root_position: -0.07990
BAD root_position: -0.07990
BAD root_position: -0.07990
BAD root_position: -0.07989
BAD root_position: -0.07989
BAD root_position: -0.07989
BAD root_position: -0.07988
BAD root_position: -0.07988
BAD root_position: -0.07988
BAD root_position: -0.07987
BAD root_position: -0.07987
BAD root_position: -0.07987
BAD root_position: -0.07986
BAD root_position: -0.07990
BAD root_position: -0.08003
BAD root_position: -0.08024
BAD root_position: -0.08050
BAD root_position: -0.08082
BAD root_position: -0.08117
BAD root_position: -0.08154
BAD root_position: -0.08192
BAD root_position: -0.08230
BAD root_position: -0.08266
BAD root_position: -0.08299
BAD root_position: -0.08328
BAD root_position: -0.08351
BAD root_position: -0.08367
BAD root_position: -0.08374
BAD root_position: -0.08375
BAD root_position: -0.08375
BAD root_position: -0.08375
BAD root_position: -0.08376
BAD root_position: -0.08376
BAD root_position: -0.08376
BAD root_position: -0.08377
BAD root_position: -0.08377
BAD root_position: -0.08371
BAD root_position: -0.08357
BAD root_position: -0.08336
BAD root_position: -0.08309
BAD root_position: -0.08277
BAD root_position: -0.08241
BAD root_position: -0.08204
BAD root_position: -0.08166
BAD root_position: -0.08128
BAD root_position: -0.08093
BAD root_position: -0.08061
BAD root_position: -0.08033
BAD root_position: -0.08011
BAD root_position: -0.07997
BAD root_position: -0.07991
BAD root_position: -0.07991
BAD root_position: -0.07991
BAD root_position: -0.07991
BAD root_position: -0.07991
BAD root_position: -0.07991
BAD root_position: -0.07991
BAD root_position: -0.07991
BAD root_position: -0.07991
BAD root_position: -0.07991
BAD root_position: -0.07991
BAD root_position: -0.07991
BAD root_position: -0.07991
BAD root_position: -0.07990
BAD root_position: -0.07990
BAD root_position: -0.07990
BAD root_position: -0.07989
BAD root_position: -0.07989
BAD root_position: -0.07988
BAD root_position: -0.07988
BAD root_position: -0.07988
BAD root_position: -0.07987
BAD root_position: -0.07986
BAD root_position: -0.07986
BAD root_position: -0.07985
BAD root_position: -0.07985
BAD root_position: -0.07984
BAD root_position: -0.07984
BAD root_position: -0.07983
BAD root_position: -0.07983
BAD root_position: -0.07982
BAD root_position: -0.07982
BAD root_position: -0.07988
BAD root_position: -0.08002
BAD root_position: -0.08023
BAD root_position: -0.08050
BAD root_position: -0.08082
BAD root_position: -0.08117
BAD root_position: -0.08156
BAD root_position: -0.08196
BAD root_position: -0.08236
BAD root_position: -0.08275
BAD root_position: -0.08312
BAD root_position: -0.08347
BAD root_position: -0.08376
BAD root_position: -0.08401
BAD root_position: -0.08418
BAD root_position: -0.08426
BAD root_position: -0.08432
BAD root_position: -0.08438
BAD root_position: -0.08444
BAD root_position: -0.08450
BAD root_position: -0.08456
BAD root_position: -0.08462
BAD root_position: -0.08467
BAD root_position: -0.08472
BAD root_position: -0.08471
BAD root_position: -0.08460
BAD root_position: -0.08442
BAD root_position: -0.08418
BAD root_position: -0.08388
BAD root_position: -0.08354
BAD root_position: -0.08316
BAD root_position: -0.08278
BAD root_position: -0.08239
BAD root_position: -0.08200
BAD root_position: -0.08164
BAD root_position: -0.08132
BAD root_position: -0.08104
BAD root_position: -0.08082
BAD root_position: -0.08068
BAD root_position: -0.08062
BAD root_position: -0.08059
BAD root_position: -0.08055
BAD root_position: -0.08052
BAD root_position: -0.08048
BAD root_position: -0.08044
BAD root_position: -0.08039
BAD root_position: -0.08035
BAD root_position: -0.08030
BAD root_position: -0.08024
BAD root_position: -0.08019
BAD root_position: -0.08014
BAD root_position: -0.08008
BAD root_position: -0.08002
BAD root_position: -0.07996
BAD root_position: -0.07990
BAD root_position: -0.07984
BAD root_position: -0.07978
BAD root_position: -0.07972
BAD root_position: -0.07966
BAD root_position: -0.07960
BAD root_position: -0.07955
BAD root_position: -0.07949
BAD root_position: -0.07944
BAD root_position: -0.07939
BAD root_position: -0.07934
BAD root_position: -0.07930
BAD root_position: -0.07925
BAD root_position: -0.07921
BAD root_position: -0.07918
BAD root_position: -0.07915
BAD root_position: -0.07912
BAD root_position: -0.07909
BAD root_position: -0.07912
BAD root_position: -0.07923
BAD root_position: -0.07939
BAD root_position: -0.07961
BAD root_position: -0.07987
BAD root_position: -0.08017
BAD root_position: -0.08049
BAD root_position: -0.08083
BAD root_position: -0.08117
BAD root_position: -0.08151
BAD root_position: -0.08183
BAD root_position: -0.08212
BAD root_position: -0.08238
BAD root_position: -0.08260
BAD root_position: -0.08275
BAD root_position: -0.08283
BAD root_position: -0.08290
BAD root_position: -0.08296
BAD root_position: -0.08303
BAD root_position: -0.08310
BAD root_position: -0.08317
BAD root_position: -0.08324
BAD root_position: -0.08331
BAD root_position: -0.08338
BAD root_position: -0.08335
BAD root_position: -0.08328
BAD root_position: -0.08314
BAD root_position: -0.08294
BAD root_position: -0.08269
BAD root_position: -0.08240
BAD root_position: -0.08209
BAD root_position: -0.08176
BAD root_position: -0.08142
BAD root_position: -0.08109
BAD root_position: -0.08078
BAD root_position: -0.08050
BAD root_position: -0.08026
BAD root_position: -0.08007
BAD root_position: -0.07994
BAD root_position: -0.07989
BAD root_position: -0.07987
BAD root_position: -0.07985
BAD root_position: -0.07982
BAD root_position: -0.07980
BAD root_position: -0.07978
BAD root_position: -0.07975
BAD root_position: -0.07973
BAD root_position: -0.07971
BAD root_position: -0.07969
BAD root_position: -0.07967
BAD root_position: -0.07966
BAD root_position: -0.07964
BAD root_position: -0.07962
BAD root_position: -0.07961
BAD root_position: -0.07960
BAD root_position: -0.07958
BAD root_position: -0.07957
BAD root_position: -0.07956
BAD root_position: -0.07955
BAD root_position: -0.07954
BAD root_position: -0.07954
BAD root_position: -0.07953
BAD root_position: -0.07953
BAD root_position: -0.07952
BAD root_position: -0.07950
BAD root_position: -0.07950
BAD root_position: -0.07950
BAD root_position: -0.07949
BAD root_position: -0.07949
BAD root_position: -0.07949
BAD root_position: -0.07949
BAD root_position: -0.07949
BAD root_position: -0.07955
BAD root_position: -0.07969
BAD root_position: -0.07990
BAD root_position: -0.08016
BAD root_position: -0.08048
BAD root_position: -0.08083
BAD root_position: -0.08121
BAD root_position: -0.08160
BAD root_position: -0.08199
BAD root_position: -0.08238
BAD root_position: -0.08274
BAD root_position: -0.08308
BAD root_position: -0.08337
BAD root_position: -0.08361
BAD root_position: -0.08377
BAD root_position: -0.08386
BAD root_position: -0.08392
BAD root_position: -0.08397
BAD root_position: -0.08403
BAD root_position: -0.08409
BAD root_position: -0.08415
BAD root_position: -0.08420
BAD root_position: -0.08426
BAD root_position: -0.08431
BAD root_position: -0.08429
BAD root_position: -0.08419
BAD root_position: -0.08402
BAD root_position: -0.08378
BAD root_position: -0.08349
BAD root_position: -0.08316
BAD root_position: -0.08280
BAD root_position: -0.08242
BAD root_position: -0.08204
BAD root_position: -0.08167
BAD root_position: -0.08133
BAD root_position: -0.08101
BAD root_position: -0.08075
BAD root_position: -0.08055
BAD root_position: -0.08042
BAD root_position: -0.08037
BAD root_position: -0.08036
BAD root_position: -0.08034
BAD root_position: -0.08032
BAD root_position: -0.08030
BAD root_position: -0.08028
BAD root_position: -0.08026
BAD root_position: -0.08023
BAD root_position: -0.08021
BAD root_position: -0.08018
BAD root_position: -0.08015
BAD root_position: -0.08012
BAD root_position: -0.08009
BAD root_position: -0.08005
BAD root_position: -0.08001
BAD root_position: -0.07997
BAD root_position: -0.07993
BAD root_position: -0.07989
BAD root_position: -0.07985
BAD root_position: -0.07981
BAD root_position: -0.07977
BAD root_position: -0.07973
BAD root_position: -0.07969
BAD root_position: -0.07965
BAD root_position: -0.07961
BAD root_position: -0.07958
BAD root_position: -0.07955
BAD root_position: -0.07952
BAD root_position: -0.07949
BAD root_position: -0.07946
BAD root_position: -0.07944
BAD root_position: -0.07942
BAD root_position: -0.07946
BAD root_position: -0.07957
BAD root_position: -0.07976
BAD root_position: -0.08000
BAD root_position: -0.08029
BAD root_position: -0.08062
BAD root_position: -0.08097
BAD root_position: -0.08133
BAD root_position: -0.08170
BAD root_position: -0.08205
BAD root_position: -0.08238
BAD root_position: -0.08268
BAD root_position: -0.08293
BAD root_position: -0.08311
BAD root_position: -0.08322
BAD root_position: -0.08329
BAD root_position: -0.08335
BAD root_position: -0.08342
BAD root_position: -0.08348
BAD root_position: -0.08355
BAD root_position: -0.08363
BAD root_position: -0.08370
BAD root_position: -0.08376
BAD root_position: -0.08376
BAD root_position: -0.08367
BAD root_position: -0.08351
BAD root_position: -0.08328
BAD root_position: -0.08301
BAD root_position: -0.08270
BAD root_position: -0.08236
BAD root_position: -0.08201
BAD root_position: -0.08166
BAD root_position: -0.08132
BAD root_position: -0.08101
BAD root_position: -0.08074
BAD root_position: -0.08053
BAD root_position: -0.08039
BAD root_position: -0.08033
BAD root_position: -0.08031
BAD root_position: -0.08028
BAD root_position: -0.08026
BAD root_position: -0.08023
BAD root_position: -0.08021
BAD root_position: -0.08018
BAD root_position: -0.08015
BAD root_position: -0.08011
BAD root_position: -0.08008
BAD root_position: -0.08005
BAD root_position: -0.08001
BAD root_position: -0.07997
BAD root_position: -0.07994
BAD root_position: -0.07990
BAD root_position: -0.07986
BAD root_position: -0.07982
BAD root_position: -0.07979
BAD root_position: -0.07975
BAD root_position: -0.07971
BAD root_position: -0.07967
BAD root_position: -0.07964
BAD root_position: -0.07961
BAD root_position: -0.07957
BAD root_position: -0.07954
BAD root_position: -0.07951
BAD root_position: -0.07948
BAD root_position: -0.07946
BAD root_position: -0.07943
BAD root_position: -0.07941
BAD root_position: -0.07939
BAD root_position: -0.07939
BAD root_position: -0.07947
BAD root_position: -0.07964
BAD root_position: -0.07987
BAD root_position: -0.08017
BAD root_position: -0.08050
BAD root_position: -0.08088
BAD root_position: -0.08127
BAD root_position: -0.08166
BAD root_position: -0.08206
BAD root_position: -0.08243
BAD root_position: -0.08277
BAD root_position: -0.08306
BAD root_position: -0.08330
BAD root_position: -0.08345
BAD root_position: -0.08353
BAD root_position: -0.08358
BAD root_position: -0.08363
BAD root_position: -0.08369
BAD root_position: -0.08374
BAD root_position: -0.08380
recorded 500 frames
avg lin_vel_x 0.0224
avg lin_vel_y 0.0122
avg yaw 0.0001
computed xvel: 0.042, mean xvel: 0.0224
computed yvel: 0.021, mean yvel: 0.0122
computed thetavel: 0.153, mean thetavel: 0.0001
DONE, saving 167_0.042_0.021_0.153.json
