<frozen importlib._bootstrap>:241: RuntimeWarning: to-Python converter for std::vector<Eigen::Matrix<double, 3, 1, 0, 3, 1>, std::allocator<Eigen::Matrix<double, 3, 1, 0, 3, 1> > > already registered; second conversion method ignored.
<frozen importlib._bootstrap>:241: RuntimeWarning: to-Python converter for boost::python::detail::container_element<std::vector<Eigen::Matrix<double, 3, 1, 0, 3, 1>, std::allocator<Eigen::Matrix<double, 3, 1, 0, 3, 1> > >, unsigned long, boost::python::detail::final_vector_derived_policies<std::vector<Eigen::Matrix<double, 3, 1, 0, 3, 1>, std::allocator<Eigen::Matrix<double, 3, 1, 0, 3, 1> > >, false> > already registered; second conversion method ignored.
<frozen importlib._bootstrap>:241: RuntimeWarning: to-Python converter for std::vector<int, std::allocator<int> > already registered; second conversion method ignored.
<frozen importlib._bootstrap>:241: RuntimeWarning: to-Python converter for std::vector<double, std::allocator<double> > already registered; second conversion method ignored.
<frozen importlib._bootstrap>:241: RuntimeWarning: to-Python converter for std::vector<std::__cxx11::basic_string<char, std::char_traits<char>, std::allocator<char> >, std::allocator<std::__cxx11::basic_string<char, std::char_traits<char>, std::allocator<char> > > > already registered; second conversion method ignored.
WARNING: Can't find trunk frames in the model, can't measure leg spacing
WARNING: Can't find head frames in the model, camera_look_at won't work
gait_parameters {'dx': 0.0, 'dy': -0.03, 'dtheta': -0.2, 'duration': 8, 'hardware': True, 'double_support_ratio': 0.8, 'startend_double_support_ratio': 1.5, 'planned_timesteps': 48, 'replan_timesteps': 10, 'walk_com_height': 0.445, 'walk_foot_height': 0.03, 'walk_trunk_pitch': -5.7, 'walk_foot_rise_ratio': 0.2, 'single_support_duration': 0.8, 'single_support_timesteps': 10, 'foot_length': 0.22, 'feet_spacing': 0.114, 'zmp_margin': 0.02, 'foot_zmp_target_x': 0.0, 'foot_zmp_target_y': 0.0, 'walk_max_dtheta': 1.0, 'walk_max_dy': 0.04, 'walk_max_dx_forward': 0.08, 'walk_max_dx_backward': 0.03, 'joints': ['leg_left_ankle_roll_joint', 'leg_left_ankle_pitch_joint', 'leg_left_knee_pitch_joint', 'leg_left_hip_pitch_joint', 'leg_left_hip_yaw_joint', 'leg_left_hip_roll_joint', 'leg_right_ankle_roll_joint', 'leg_right_ankle_pitch_joint', 'leg_right_knee_pitch_joint', 'leg_right_hip_pitch_joint', 'leg_right_hip_yaw_joint', 'leg_right_hip_roll_joint', 'left_wrist_attachment_joint', 'left_fore_arm_joint', 'left_upper_arm_joint', 'left_shoulder_joint', 'right_wrist_attachment_joint', 'right_fore_arm_joint', 'right_upper_arm_joint', 'right_shoulder_joint'], 'joint_angles': {'left_wrist_attachment_joint': 0, 'left_fore_arm_joint': -90, 'left_upper_arm_joint': 45, 'left_shoulder_joint': 0, 'right_wrist_attachment_joint': 0, 'right_fore_arm_joint': 90, 'right_upper_arm_joint': -45, 'right_shoulder_joint': 0}}
Placing the robot in the initial position...
Initial position reached
{'leg_left_ankle_roll_joint': 0.017032702278581155, 'leg_left_ankle_pitch_joint': -0.4799256328345236, 'leg_left_knee_pitch_joint': 0.9200791008307797, 'leg_left_hip_pitch_joint': -0.341197543817045, 'leg_left_hip_yaw_joint': -0.05464338725757181, 'leg_left_hip_roll_joint': -0.010805451944362547, 'leg_right_ankle_roll_joint': 0.017655404735827756, 'leg_right_ankle_pitch_joint': -0.5057178903801842, 'leg_right_knee_pitch_joint': 1.0044747827204705, 'leg_right_hip_pitch_joint': -0.3998173640732807, 'leg_right_hip_yaw_joint': -0.055126926724398076, 'leg_right_hip_roll_joint': -0.011206183207211274, 'left_wrist_attachment_joint': -2.1707503470085795e-27, 'left_fore_arm_joint': -0.9027127427436394, 'left_upper_arm_joint': 0.7853981633887518, 'left_shoulder_joint': 6.767689059786032e-12, 'right_wrist_attachment_joint': 0.11623228000940268, 'right_fore_arm_joint': 0.7610054680703312, 'right_upper_arm_joint': -0.7853981633869462, 'right_shoulder_joint': 6.398275074393926e-12}
## period: 2.88
BAD root_position: -0.07991
BAD root_position: -0.07991
BAD root_position: -0.07991
BAD root_position: -0.07991
BAD root_position: -0.07991
BAD root_position: -0.07991
BAD root_position: -0.07991
BAD root_position: -0.07991
BAD root_position: -0.07991
BAD root_position: -0.07991
BAD root_position: -0.07991
BAD root_position: -0.07991
BAD root_position: -0.07991
BAD root_position: -0.07991
BAD root_position: -0.07991
BAD root_position: -0.07991
BAD root_position: -0.07991
BAD root_position: -0.07991
BAD root_position: -0.07991
BAD root_position: -0.07991
BAD root_position: -0.07991
BAD root_position: -0.07991
BAD root_position: -0.07991
BAD root_position: -0.07991
BAD root_position: -0.07991
BAD root_position: -0.07991
BAD root_position: -0.07991
BAD root_position: -0.07991
BAD root_position: -0.07991
BAD root_position: -0.07991
BAD root_position: -0.07991
BAD root_position: -0.07991
BAD root_position: -0.07991
BAD root_position: -0.07991
BAD root_position: -0.07991
BAD root_position: -0.07991
BAD root_position: -0.07991
BAD root_position: -0.07991
BAD root_position: -0.07991
BAD root_position: -0.07990
BAD root_position: -0.07990
BAD root_position: -0.07990
BAD root_position: -0.07990
BAD root_position: -0.07990
BAD root_position: -0.07990
BAD root_position: -0.07990
BAD root_position: -0.07990
BAD root_position: -0.07990
BAD root_position: -0.07990
BAD root_position: -0.07990
BAD root_position: -0.07990
BAD root_position: -0.07990
BAD root_position: -0.07990
BAD root_position: -0.07989
BAD root_position: -0.07989
BAD root_position: -0.07989
BAD root_position: -0.07988
BAD root_position: -0.07988
BAD root_position: -0.07989
BAD root_position: -0.07998
BAD root_position: -0.08015
BAD root_position: -0.08039
BAD root_position: -0.08069
BAD root_position: -0.08102
BAD root_position: -0.08138
BAD root_position: -0.08176
BAD root_position: -0.08214
BAD root_position: -0.08251
BAD root_position: -0.08285
BAD root_position: -0.08315
BAD root_position: -0.08341
BAD root_position: -0.08360
BAD root_position: -0.08371
BAD root_position: -0.08373
BAD root_position: -0.08373
BAD root_position: -0.08373
BAD root_position: -0.08373
BAD root_position: -0.08373
BAD root_position: -0.08373
BAD root_position: -0.08373
BAD root_position: -0.08373
BAD root_position: -0.08371
BAD root_position: -0.08360
BAD root_position: -0.08342
BAD root_position: -0.08317
BAD root_position: -0.08287
BAD root_position: -0.08253
BAD root_position: -0.08216
BAD root_position: -0.08178
BAD root_position: -0.08140
BAD root_position: -0.08104
BAD root_position: -0.08070
BAD root_position: -0.08041
BAD root_position: -0.08016
BAD root_position: -0.07999
BAD root_position: -0.07989
BAD root_position: -0.07988
BAD root_position: -0.07988
BAD root_position: -0.07988
BAD root_position: -0.07989
BAD root_position: -0.07989
BAD root_position: -0.07989
BAD root_position: -0.07990
BAD root_position: -0.07990
BAD root_position: -0.07990
BAD root_position: -0.07990
BAD root_position: -0.07990
BAD root_position: -0.07990
BAD root_position: -0.07991
BAD root_position: -0.07991
BAD root_position: -0.07991
BAD root_position: -0.07990
BAD root_position: -0.07990
BAD root_position: -0.07990
BAD root_position: -0.07990
BAD root_position: -0.07990
BAD root_position: -0.07990
BAD root_position: -0.07989
BAD root_position: -0.07989
BAD root_position: -0.07989
BAD root_position: -0.07988
BAD root_position: -0.07988
BAD root_position: -0.07988
BAD root_position: -0.07987
BAD root_position: -0.07987
BAD root_position: -0.07987
BAD root_position: -0.07986
BAD root_position: -0.07990
BAD root_position: -0.08003
BAD root_position: -0.08024
BAD root_position: -0.08050
BAD root_position: -0.08082
BAD root_position: -0.08117
BAD root_position: -0.08155
BAD root_position: -0.08193
BAD root_position: -0.08231
BAD root_position: -0.08268
BAD root_position: -0.08301
BAD root_position: -0.08330
BAD root_position: -0.08354
BAD root_position: -0.08371
BAD root_position: -0.08379
BAD root_position: -0.08380
BAD root_position: -0.08381
BAD root_position: -0.08382
BAD root_position: -0.08383
BAD root_position: -0.08384
BAD root_position: -0.08385
BAD root_position: -0.08386
BAD root_position: -0.08387
BAD root_position: -0.08382
BAD root_position: -0.08369
BAD root_position: -0.08348
BAD root_position: -0.08321
BAD root_position: -0.08289
BAD root_position: -0.08254
BAD root_position: -0.08216
BAD root_position: -0.08178
BAD root_position: -0.08140
BAD root_position: -0.08104
BAD root_position: -0.08071
BAD root_position: -0.08043
BAD root_position: -0.08021
BAD root_position: -0.08006
BAD root_position: -0.08000
BAD root_position: -0.08000
BAD root_position: -0.08000
BAD root_position: -0.07999
BAD root_position: -0.07999
BAD root_position: -0.07999
BAD root_position: -0.07999
BAD root_position: -0.07998
BAD root_position: -0.07998
BAD root_position: -0.07998
BAD root_position: -0.07997
BAD root_position: -0.07996
BAD root_position: -0.07996
BAD root_position: -0.07995
BAD root_position: -0.07994
BAD root_position: -0.07993
BAD root_position: -0.07993
BAD root_position: -0.07992
BAD root_position: -0.07991
BAD root_position: -0.07990
BAD root_position: -0.07989
BAD root_position: -0.07988
BAD root_position: -0.07987
BAD root_position: -0.07986
BAD root_position: -0.07985
BAD root_position: -0.07984
BAD root_position: -0.07983
BAD root_position: -0.07982
BAD root_position: -0.07981
BAD root_position: -0.07980
BAD root_position: -0.07980
BAD root_position: -0.07979
BAD root_position: -0.07984
BAD root_position: -0.07997
BAD root_position: -0.08017
BAD root_position: -0.08042
BAD root_position: -0.08072
BAD root_position: -0.08105
BAD root_position: -0.08140
BAD root_position: -0.08176
BAD root_position: -0.08212
BAD root_position: -0.08247
BAD root_position: -0.08280
BAD root_position: -0.08309
BAD root_position: -0.08334
BAD root_position: -0.08353
BAD root_position: -0.08365
BAD root_position: -0.08370
BAD root_position: -0.08372
BAD root_position: -0.08373
BAD root_position: -0.08375
BAD root_position: -0.08377
BAD root_position: -0.08379
BAD root_position: -0.08381
BAD root_position: -0.08382
BAD root_position: -0.08384
BAD root_position: -0.08380
BAD root_position: -0.08368
BAD root_position: -0.08349
BAD root_position: -0.08325
BAD root_position: -0.08296
BAD root_position: -0.08263
BAD root_position: -0.08229
BAD root_position: -0.08193
BAD root_position: -0.08157
BAD root_position: -0.08123
BAD root_position: -0.08090
BAD root_position: -0.08062
BAD root_position: -0.08038
BAD root_position: -0.08019
BAD root_position: -0.08008
BAD root_position: -0.08004
BAD root_position: -0.08003
BAD root_position: -0.08003
BAD root_position: -0.08002
BAD root_position: -0.08001
BAD root_position: -0.08000
BAD root_position: -0.07999
BAD root_position: -0.07998
BAD root_position: -0.07996
BAD root_position: -0.07995
BAD root_position: -0.07994
BAD root_position: -0.07993
BAD root_position: -0.07991
BAD root_position: -0.07990
BAD root_position: -0.07988
BAD root_position: -0.07987
BAD root_position: -0.07985
BAD root_position: -0.07984
BAD root_position: -0.07982
BAD root_position: -0.07980
BAD root_position: -0.07979
BAD root_position: -0.07977
BAD root_position: -0.07976
BAD root_position: -0.07974
BAD root_position: -0.07973
BAD root_position: -0.07971
BAD root_position: -0.07970
BAD root_position: -0.07968
BAD root_position: -0.07967
BAD root_position: -0.07966
BAD root_position: -0.07965
BAD root_position: -0.07964
BAD root_position: -0.07963
BAD root_position: -0.07968
BAD root_position: -0.07980
BAD root_position: -0.08000
BAD root_position: -0.08025
BAD root_position: -0.08054
BAD root_position: -0.08086
BAD root_position: -0.08121
BAD root_position: -0.08156
BAD root_position: -0.08191
BAD root_position: -0.08225
BAD root_position: -0.08257
BAD root_position: -0.08285
BAD root_position: -0.08309
BAD root_position: -0.08326
BAD root_position: -0.08337
BAD root_position: -0.08340
BAD root_position: -0.08341
BAD root_position: -0.08341
BAD root_position: -0.08341
BAD root_position: -0.08342
BAD root_position: -0.08342
BAD root_position: -0.08343
BAD root_position: -0.08344
BAD root_position: -0.08344
BAD root_position: -0.08338
BAD root_position: -0.08325
BAD root_position: -0.08305
BAD root_position: -0.08280
BAD root_position: -0.08251
BAD root_position: -0.08218
BAD root_position: -0.08184
BAD root_position: -0.08148
BAD root_position: -0.08113
BAD root_position: -0.08078
BAD root_position: -0.08047
BAD root_position: -0.08019
BAD root_position: -0.07996
BAD root_position: -0.07979
BAD root_position: -0.07969
BAD root_position: -0.07967
BAD root_position: -0.07968
BAD root_position: -0.07969
BAD root_position: -0.07970
BAD root_position: -0.07972
BAD root_position: -0.07973
BAD root_position: -0.07975
BAD root_position: -0.07976
BAD root_position: -0.07978
BAD root_position: -0.07980
BAD root_position: -0.07982
BAD root_position: -0.07984
BAD root_position: -0.07986
BAD root_position: -0.07988
BAD root_position: -0.07990
BAD root_position: -0.07992
BAD root_position: -0.07994
BAD root_position: -0.07996
BAD root_position: -0.07998
BAD root_position: -0.08000
BAD root_position: -0.08002
BAD root_position: -0.08004
BAD root_position: -0.08005
BAD root_position: -0.08007
BAD root_position: -0.08008
BAD root_position: -0.08009
BAD root_position: -0.08010
BAD root_position: -0.08011
BAD root_position: -0.08012
BAD root_position: -0.08013
BAD root_position: -0.08014
BAD root_position: -0.08014
BAD root_position: -0.08015
BAD root_position: -0.08021
BAD root_position: -0.08035
BAD root_position: -0.08056
BAD root_position: -0.08082
BAD root_position: -0.08113
BAD root_position: -0.08147
BAD root_position: -0.08183
BAD root_position: -0.08220
BAD root_position: -0.08257
BAD root_position: -0.08292
BAD root_position: -0.08325
BAD root_position: -0.08355
BAD root_position: -0.08380
BAD root_position: -0.08399
BAD root_position: -0.08411
BAD root_position: -0.08416
BAD root_position: -0.08417
BAD root_position: -0.08418
BAD root_position: -0.08419
BAD root_position: -0.08421
BAD root_position: -0.08422
BAD root_position: -0.08423
BAD root_position: -0.08425
BAD root_position: -0.08426
BAD root_position: -0.08421
BAD root_position: -0.08408
BAD root_position: -0.08388
BAD root_position: -0.08363
BAD root_position: -0.08333
BAD root_position: -0.08300
BAD root_position: -0.08264
BAD root_position: -0.08227
BAD root_position: -0.08191
BAD root_position: -0.08155
BAD root_position: -0.08122
BAD root_position: -0.08093
BAD root_position: -0.08068
BAD root_position: -0.08048
BAD root_position: -0.08036
BAD root_position: -0.08032
BAD root_position: -0.08030
BAD root_position: -0.08029
BAD root_position: -0.08027
BAD root_position: -0.08025
BAD root_position: -0.08023
BAD root_position: -0.08021
BAD root_position: -0.08018
BAD root_position: -0.08016
BAD root_position: -0.08013
BAD root_position: -0.08011
BAD root_position: -0.08008
BAD root_position: -0.08005
BAD root_position: -0.08001
BAD root_position: -0.07998
BAD root_position: -0.07994
BAD root_position: -0.07991
BAD root_position: -0.07987
BAD root_position: -0.07984
BAD root_position: -0.07980
BAD root_position: -0.07976
BAD root_position: -0.07973
BAD root_position: -0.07969
BAD root_position: -0.07966
BAD root_position: -0.07962
BAD root_position: -0.07959
BAD root_position: -0.07956
BAD root_position: -0.07953
BAD root_position: -0.07950
BAD root_position: -0.07948
BAD root_position: -0.07945
BAD root_position: -0.07943
BAD root_position: -0.07947
BAD root_position: -0.07960
BAD root_position: -0.07979
BAD root_position: -0.08005
BAD root_position: -0.08035
BAD root_position: -0.08068
BAD root_position: -0.08103
BAD root_position: -0.08139
BAD root_position: -0.08174
BAD root_position: -0.08208
BAD root_position: -0.08238
BAD root_position: -0.08264
BAD root_position: -0.08285
BAD root_position: -0.08298
BAD root_position: -0.08303
BAD root_position: -0.08303
BAD root_position: -0.08303
BAD root_position: -0.08303
BAD root_position: -0.08303
BAD root_position: -0.08303
BAD root_position: -0.08303
BAD root_position: -0.08304
BAD root_position: -0.08304
BAD root_position: -0.08297
BAD root_position: -0.08283
BAD root_position: -0.08261
BAD root_position: -0.08234
BAD root_position: -0.08203
BAD root_position: -0.08169
BAD root_position: -0.08134
BAD root_position: -0.08098
BAD root_position: -0.08063
BAD root_position: -0.08030
BAD root_position: -0.08001
BAD root_position: -0.07976
BAD root_position: -0.07958
BAD root_position: -0.07948
BAD root_position: -0.07946
BAD root_position: -0.07949
BAD root_position: -0.07952
BAD root_position: -0.07955
BAD root_position: -0.07959
BAD root_position: -0.07963
BAD root_position: -0.07967
BAD root_position: -0.07971
BAD root_position: -0.07975
BAD root_position: -0.07979
BAD root_position: -0.07983
BAD root_position: -0.07988
BAD root_position: -0.07992
BAD root_position: -0.07997
BAD root_position: -0.08001
BAD root_position: -0.08006
BAD root_position: -0.08010
BAD root_position: -0.08014
BAD root_position: -0.08018
BAD root_position: -0.08022
BAD root_position: -0.08026
BAD root_position: -0.08029
BAD root_position: -0.08033
BAD root_position: -0.08036
BAD root_position: -0.08039
BAD root_position: -0.08042
BAD root_position: -0.08044
BAD root_position: -0.08046
BAD root_position: -0.08048
BAD root_position: -0.08050
BAD root_position: -0.08052
BAD root_position: -0.08055
BAD root_position: -0.08066
BAD root_position: -0.08085
BAD root_position: -0.08111
BAD root_position: -0.08142
BAD root_position: -0.08178
BAD root_position: -0.08216
BAD root_position: -0.08255
BAD root_position: -0.08295
BAD root_position: -0.08333
BAD root_position: -0.08369
BAD root_position: -0.08400
BAD root_position: -0.08427
BAD root_position: -0.08447
BAD root_position: -0.08459
BAD root_position: -0.08462
BAD root_position: -0.08463
BAD root_position: -0.08463
BAD root_position: -0.08464
BAD root_position: -0.08465
BAD root_position: -0.08466
recorded 500 frames
avg lin_vel_x -0.0075
avg lin_vel_y -0.0209
avg yaw -0.0001
computed xvel: 0.0, mean xvel: -0.0075
computed yvel: -0.021, mean yvel: -0.0209
computed thetavel: -0.139, mean thetavel: -0.0001
DONE, saving 2_0.0_-0.021_-0.139.json
