<frozen importlib._bootstrap>:241: RuntimeWarning: to-Python converter for std::vector<Eigen::Matrix<double, 3, 1, 0, 3, 1>, std::allocator<Eigen::Matrix<double, 3, 1, 0, 3, 1> > > already registered; second conversion method ignored.
<frozen importlib._bootstrap>:241: RuntimeWarning: to-Python converter for boost::python::detail::container_element<std::vector<Eigen::Matrix<double, 3, 1, 0, 3, 1>, std::allocator<Eigen::Matrix<double, 3, 1, 0, 3, 1> > >, unsigned long, boost::python::detail::final_vector_derived_policies<std::vector<Eigen::Matrix<double, 3, 1, 0, 3, 1>, std::allocator<Eigen::Matrix<double, 3, 1, 0, 3, 1> > >, false> > already registered; second conversion method ignored.
<frozen importlib._bootstrap>:241: RuntimeWarning: to-Python converter for std::vector<int, std::allocator<int> > already registered; second conversion method ignored.
<frozen importlib._bootstrap>:241: RuntimeWarning: to-Python converter for std::vector<double, std::allocator<double> > already registered; second conversion method ignored.
<frozen importlib._bootstrap>:241: RuntimeWarning: to-Python converter for std::vector<std::__cxx11::basic_string<char, std::char_traits<char>, std::allocator<char> >, std::allocator<std::__cxx11::basic_string<char, std::char_traits<char>, std::allocator<char> > > > already registered; second conversion method ignored.
WARNING: Can't find trunk frames in the model, can't measure leg spacing
WARNING: Can't find head frames in the model, camera_look_at won't work
gait_parameters {'dx': 0.02, 'dy': 0.03, 'dtheta': -0.2, 'duration': 8, 'hardware': True, 'double_support_ratio': 0.8, 'startend_double_support_ratio': 1.5, 'planned_timesteps': 48, 'replan_timesteps': 10, 'walk_com_height': 0.445, 'walk_foot_height': 0.03, 'walk_trunk_pitch': -5.7, 'walk_foot_rise_ratio': 0.2, 'single_support_duration': 0.8, 'single_support_timesteps': 10, 'foot_length': 0.22, 'feet_spacing': 0.114, 'zmp_margin': 0.02, 'foot_zmp_target_x': 0.0, 'foot_zmp_target_y': 0.0, 'walk_max_dtheta': 1.0, 'walk_max_dy': 0.04, 'walk_max_dx_forward': 0.08, 'walk_max_dx_backward': 0.03, 'joints': ['leg_left_ankle_roll_joint', 'leg_left_ankle_pitch_joint', 'leg_left_knee_pitch_joint', 'leg_left_hip_pitch_joint', 'leg_left_hip_yaw_joint', 'leg_left_hip_roll_joint', 'leg_right_ankle_roll_joint', 'leg_right_ankle_pitch_joint', 'leg_right_knee_pitch_joint', 'leg_right_hip_pitch_joint', 'leg_right_hip_yaw_joint', 'leg_right_hip_roll_joint', 'left_wrist_attachment_joint', 'left_fore_arm_joint', 'left_upper_arm_joint', 'left_shoulder_joint', 'right_wrist_attachment_joint', 'right_fore_arm_joint', 'right_upper_arm_joint', 'right_shoulder_joint'], 'joint_angles': {'left_wrist_attachment_joint': 0, 'left_fore_arm_joint': -90, 'left_upper_arm_joint': 45, 'left_shoulder_joint': 0, 'right_wrist_attachment_joint': 0, 'right_fore_arm_joint': 90, 'right_upper_arm_joint': -45, 'right_shoulder_joint': 0}}
Placing the robot in the initial position...
Initial position reached
{'leg_left_ankle_roll_joint': 0.016687272678148558, 'leg_left_ankle_pitch_joint': -0.5004645039473283, 'leg_left_knee_pitch_joint': 0.9580735797773186, 'leg_left_hip_pitch_joint': -0.3586412065143354, 'leg_left_hip_yaw_joint': -0.05437619219359159, 'leg_left_hip_roll_joint': -0.010586199680967143, 'leg_right_ankle_roll_joint': 0.01730895052604523, 'leg_right_ankle_pitch_joint': -0.5247246095462137, 'leg_right_knee_pitch_joint': 1.039539852835255, 'leg_right_hip_pitch_joint': -0.4158636277293472, 'leg_right_hip_yaw_joint': -0.05485894385921003, 'leg_right_hip_roll_joint': -0.010986268970655142, 'left_wrist_attachment_joint': -1.4587252938540874e-27, 'left_fore_arm_joint': -1.1900850385660933, 'left_upper_arm_joint': 0.7853981633908744, 'left_shoulder_joint': 5.333424075836592e-12, 'right_wrist_attachment_joint': -2.3265557295020153e-28, 'right_fore_arm_joint': 1.1527764653395252, 'right_upper_arm_joint': -0.7853981633894114, 'right_shoulder_joint': 4.995294164182394e-12}
## period: 2.88
BAD root_position: -0.07991
BAD root_position: -0.07991
BAD root_position: -0.07991
BAD root_position: -0.07991
BAD root_position: -0.07991
BAD root_position: -0.07991
BAD root_position: -0.07991
BAD root_position: -0.07991
BAD root_position: -0.07991
BAD root_position: -0.07991
BAD root_position: -0.07991
BAD root_position: -0.07991
BAD root_position: -0.07991
BAD root_position: -0.07991
BAD root_position: -0.07991
BAD root_position: -0.07991
BAD root_position: -0.07991
BAD root_position: -0.07991
BAD root_position: -0.07991
BAD root_position: -0.07991
BAD root_position: -0.07991
BAD root_position: -0.07991
BAD root_position: -0.07991
BAD root_position: -0.07991
BAD root_position: -0.07991
BAD root_position: -0.07991
BAD root_position: -0.07991
BAD root_position: -0.07991
BAD root_position: -0.07991
BAD root_position: -0.07991
BAD root_position: -0.07991
BAD root_position: -0.07991
BAD root_position: -0.07991
BAD root_position: -0.07991
BAD root_position: -0.07991
BAD root_position: -0.07991
BAD root_position: -0.07991
BAD root_position: -0.07991
BAD root_position: -0.07991
BAD root_position: -0.07990
BAD root_position: -0.07990
BAD root_position: -0.07990
BAD root_position: -0.07990
BAD root_position: -0.07990
BAD root_position: -0.07990
BAD root_position: -0.07990
BAD root_position: -0.07990
BAD root_position: -0.07990
BAD root_position: -0.07990
BAD root_position: -0.07990
BAD root_position: -0.07990
BAD root_position: -0.07990
BAD root_position: -0.07990
BAD root_position: -0.07989
BAD root_position: -0.07989
BAD root_position: -0.07989
BAD root_position: -0.07988
BAD root_position: -0.07988
BAD root_position: -0.07989
BAD root_position: -0.07998
BAD root_position: -0.08015
BAD root_position: -0.08039
BAD root_position: -0.08069
BAD root_position: -0.08102
BAD root_position: -0.08138
BAD root_position: -0.08176
BAD root_position: -0.08214
BAD root_position: -0.08251
BAD root_position: -0.08285
BAD root_position: -0.08315
BAD root_position: -0.08341
BAD root_position: -0.08360
BAD root_position: -0.08371
BAD root_position: -0.08373
BAD root_position: -0.08373
BAD root_position: -0.08373
BAD root_position: -0.08373
BAD root_position: -0.08373
BAD root_position: -0.08373
BAD root_position: -0.08373
BAD root_position: -0.08373
BAD root_position: -0.08371
BAD root_position: -0.08360
BAD root_position: -0.08342
BAD root_position: -0.08317
BAD root_position: -0.08287
BAD root_position: -0.08253
BAD root_position: -0.08216
BAD root_position: -0.08178
BAD root_position: -0.08140
BAD root_position: -0.08104
BAD root_position: -0.08070
BAD root_position: -0.08041
BAD root_position: -0.08016
BAD root_position: -0.07999
BAD root_position: -0.07989
BAD root_position: -0.07988
BAD root_position: -0.07988
BAD root_position: -0.07988
BAD root_position: -0.07989
BAD root_position: -0.07989
BAD root_position: -0.07989
BAD root_position: -0.07990
BAD root_position: -0.07990
BAD root_position: -0.07990
BAD root_position: -0.07990
BAD root_position: -0.07990
BAD root_position: -0.07990
BAD root_position: -0.07991
BAD root_position: -0.07991
BAD root_position: -0.07991
BAD root_position: -0.07990
BAD root_position: -0.07990
BAD root_position: -0.07990
BAD root_position: -0.07990
BAD root_position: -0.07990
BAD root_position: -0.07990
BAD root_position: -0.07989
BAD root_position: -0.07989
BAD root_position: -0.07989
BAD root_position: -0.07988
BAD root_position: -0.07988
BAD root_position: -0.07988
BAD root_position: -0.07987
BAD root_position: -0.07987
BAD root_position: -0.07987
BAD root_position: -0.07986
BAD root_position: -0.07990
BAD root_position: -0.08003
BAD root_position: -0.08024
BAD root_position: -0.08050
BAD root_position: -0.08081
BAD root_position: -0.08116
BAD root_position: -0.08154
BAD root_position: -0.08192
BAD root_position: -0.08229
BAD root_position: -0.08265
BAD root_position: -0.08298
BAD root_position: -0.08327
BAD root_position: -0.08350
BAD root_position: -0.08366
BAD root_position: -0.08373
BAD root_position: -0.08374
BAD root_position: -0.08374
BAD root_position: -0.08374
BAD root_position: -0.08374
BAD root_position: -0.08374
BAD root_position: -0.08374
BAD root_position: -0.08374
BAD root_position: -0.08375
BAD root_position: -0.08369
BAD root_position: -0.08355
BAD root_position: -0.08334
BAD root_position: -0.08306
BAD root_position: -0.08274
BAD root_position: -0.08239
BAD root_position: -0.08201
BAD root_position: -0.08163
BAD root_position: -0.08126
BAD root_position: -0.08091
BAD root_position: -0.08058
BAD root_position: -0.08031
BAD root_position: -0.08009
BAD root_position: -0.07995
BAD root_position: -0.07989
BAD root_position: -0.07989
BAD root_position: -0.07989
BAD root_position: -0.07989
BAD root_position: -0.07989
BAD root_position: -0.07990
BAD root_position: -0.07990
BAD root_position: -0.07990
BAD root_position: -0.07990
BAD root_position: -0.07990
BAD root_position: -0.07990
BAD root_position: -0.07990
BAD root_position: -0.07990
BAD root_position: -0.07990
BAD root_position: -0.07990
BAD root_position: -0.07990
BAD root_position: -0.07990
BAD root_position: -0.07989
BAD root_position: -0.07989
BAD root_position: -0.07989
BAD root_position: -0.07988
BAD root_position: -0.07988
BAD root_position: -0.07988
BAD root_position: -0.07987
BAD root_position: -0.07987
BAD root_position: -0.07986
BAD root_position: -0.07986
BAD root_position: -0.07986
BAD root_position: -0.07985
BAD root_position: -0.07985
BAD root_position: -0.07984
BAD root_position: -0.07984
BAD root_position: -0.07990
BAD root_position: -0.08004
BAD root_position: -0.08024
BAD root_position: -0.08050
BAD root_position: -0.08081
BAD root_position: -0.08115
BAD root_position: -0.08151
BAD root_position: -0.08188
BAD root_position: -0.08225
BAD root_position: -0.08262
BAD root_position: -0.08295
BAD root_position: -0.08325
BAD root_position: -0.08351
BAD root_position: -0.08370
BAD root_position: -0.08383
BAD root_position: -0.08387
BAD root_position: -0.08389
BAD root_position: -0.08390
BAD root_position: -0.08392
BAD root_position: -0.08393
BAD root_position: -0.08394
BAD root_position: -0.08396
BAD root_position: -0.08397
BAD root_position: -0.08398
BAD root_position: -0.08393
BAD root_position: -0.08380
BAD root_position: -0.08360
BAD root_position: -0.08334
BAD root_position: -0.08304
BAD root_position: -0.08271
BAD root_position: -0.08235
BAD root_position: -0.08199
BAD root_position: -0.08162
BAD root_position: -0.08127
BAD root_position: -0.08094
BAD root_position: -0.08065
BAD root_position: -0.08041
BAD root_position: -0.08023
BAD root_position: -0.08012
BAD root_position: -0.08009
BAD root_position: -0.08008
BAD root_position: -0.08008
BAD root_position: -0.08008
BAD root_position: -0.08007
BAD root_position: -0.08006
BAD root_position: -0.08006
BAD root_position: -0.08005
BAD root_position: -0.08004
BAD root_position: -0.08003
BAD root_position: -0.08002
BAD root_position: -0.08000
BAD root_position: -0.07999
BAD root_position: -0.07997
BAD root_position: -0.07996
BAD root_position: -0.07994
BAD root_position: -0.07992
BAD root_position: -0.07990
BAD root_position: -0.07989
BAD root_position: -0.07987
BAD root_position: -0.07985
BAD root_position: -0.07983
BAD root_position: -0.07981
BAD root_position: -0.07979
BAD root_position: -0.07977
BAD root_position: -0.07975
BAD root_position: -0.07973
BAD root_position: -0.07971
BAD root_position: -0.07969
BAD root_position: -0.07968
BAD root_position: -0.07966
BAD root_position: -0.07965
BAD root_position: -0.07964
BAD root_position: -0.07969
BAD root_position: -0.07981
BAD root_position: -0.08000
BAD root_position: -0.08024
BAD root_position: -0.08053
BAD root_position: -0.08085
BAD root_position: -0.08119
BAD root_position: -0.08154
BAD root_position: -0.08189
BAD root_position: -0.08222
BAD root_position: -0.08254
BAD root_position: -0.08282
BAD root_position: -0.08305
BAD root_position: -0.08323
BAD root_position: -0.08334
BAD root_position: -0.08337
BAD root_position: -0.08337
BAD root_position: -0.08338
BAD root_position: -0.08338
BAD root_position: -0.08339
BAD root_position: -0.08339
BAD root_position: -0.08340
BAD root_position: -0.08340
BAD root_position: -0.08340
BAD root_position: -0.08334
BAD root_position: -0.08320
BAD root_position: -0.08301
BAD root_position: -0.08276
BAD root_position: -0.08246
BAD root_position: -0.08214
BAD root_position: -0.08180
BAD root_position: -0.08144
BAD root_position: -0.08109
BAD root_position: -0.08075
BAD root_position: -0.08044
BAD root_position: -0.08016
BAD root_position: -0.07994
BAD root_position: -0.07976
BAD root_position: -0.07966
BAD root_position: -0.07964
BAD root_position: -0.07965
BAD root_position: -0.07966
BAD root_position: -0.07967
BAD root_position: -0.07968
BAD root_position: -0.07969
BAD root_position: -0.07970
BAD root_position: -0.07972
BAD root_position: -0.07973
BAD root_position: -0.07975
BAD root_position: -0.07976
BAD root_position: -0.07978
BAD root_position: -0.07980
BAD root_position: -0.07982
BAD root_position: -0.07984
BAD root_position: -0.07986
BAD root_position: -0.07987
BAD root_position: -0.07989
BAD root_position: -0.07991
BAD root_position: -0.07993
BAD root_position: -0.07995
BAD root_position: -0.07997
BAD root_position: -0.07998
BAD root_position: -0.08000
BAD root_position: -0.08001
BAD root_position: -0.08002
BAD root_position: -0.08004
BAD root_position: -0.08005
BAD root_position: -0.08006
BAD root_position: -0.08007
BAD root_position: -0.08008
BAD root_position: -0.08009
BAD root_position: -0.08009
BAD root_position: -0.08016
BAD root_position: -0.08031
BAD root_position: -0.08052
BAD root_position: -0.08079
BAD root_position: -0.08111
BAD root_position: -0.08146
BAD root_position: -0.08183
BAD root_position: -0.08222
BAD root_position: -0.08260
BAD root_position: -0.08297
BAD root_position: -0.08332
BAD root_position: -0.08363
BAD root_position: -0.08390
BAD root_position: -0.08410
BAD root_position: -0.08424
BAD root_position: -0.08429
BAD root_position: -0.08431
BAD root_position: -0.08433
BAD root_position: -0.08435
BAD root_position: -0.08437
BAD root_position: -0.08438
BAD root_position: -0.08440
BAD root_position: -0.08442
BAD root_position: -0.08443
BAD root_position: -0.08438
BAD root_position: -0.08425
BAD root_position: -0.08405
BAD root_position: -0.08379
BAD root_position: -0.08348
BAD root_position: -0.08314
BAD root_position: -0.08278
BAD root_position: -0.08240
BAD root_position: -0.08203
BAD root_position: -0.08167
BAD root_position: -0.08133
BAD root_position: -0.08103
BAD root_position: -0.08078
BAD root_position: -0.08058
BAD root_position: -0.08046
BAD root_position: -0.08042
BAD root_position: -0.08040
BAD root_position: -0.08039
BAD root_position: -0.08037
BAD root_position: -0.08035
BAD root_position: -0.08033
BAD root_position: -0.08031
BAD root_position: -0.08028
BAD root_position: -0.08025
BAD root_position: -0.08022
BAD root_position: -0.08019
BAD root_position: -0.08016
BAD root_position: -0.08012
BAD root_position: -0.08008
BAD root_position: -0.08004
BAD root_position: -0.07999
BAD root_position: -0.07995
BAD root_position: -0.07990
BAD root_position: -0.07986
BAD root_position: -0.07981
BAD root_position: -0.07977
BAD root_position: -0.07972
BAD root_position: -0.07967
BAD root_position: -0.07963
BAD root_position: -0.07959
BAD root_position: -0.07955
BAD root_position: -0.07951
BAD root_position: -0.07947
BAD root_position: -0.07944
BAD root_position: -0.07941
BAD root_position: -0.07938
BAD root_position: -0.07936
BAD root_position: -0.07939
BAD root_position: -0.07951
BAD root_position: -0.07970
BAD root_position: -0.07995
BAD root_position: -0.08025
BAD root_position: -0.08058
BAD root_position: -0.08092
BAD root_position: -0.08128
BAD root_position: -0.08164
BAD root_position: -0.08197
BAD root_position: -0.08228
BAD root_position: -0.08254
BAD root_position: -0.08275
BAD root_position: -0.08290
BAD root_position: -0.08296
BAD root_position: -0.08296
BAD root_position: -0.08297
BAD root_position: -0.08298
BAD root_position: -0.08299
BAD root_position: -0.08300
BAD root_position: -0.08301
BAD root_position: -0.08302
BAD root_position: -0.08303
BAD root_position: -0.08297
BAD root_position: -0.08283
BAD root_position: -0.08262
BAD root_position: -0.08236
BAD root_position: -0.08206
BAD root_position: -0.08172
BAD root_position: -0.08137
BAD root_position: -0.08102
BAD root_position: -0.08067
BAD root_position: -0.08035
BAD root_position: -0.08006
BAD root_position: -0.07981
BAD root_position: -0.07963
BAD root_position: -0.07952
BAD root_position: -0.07950
BAD root_position: -0.07953
BAD root_position: -0.07955
BAD root_position: -0.07958
BAD root_position: -0.07961
BAD root_position: -0.07964
BAD root_position: -0.07967
BAD root_position: -0.07970
BAD root_position: -0.07973
BAD root_position: -0.07977
BAD root_position: -0.07980
BAD root_position: -0.07984
BAD root_position: -0.07987
BAD root_position: -0.07991
BAD root_position: -0.07994
BAD root_position: -0.07998
BAD root_position: -0.08001
BAD root_position: -0.08004
BAD root_position: -0.08008
BAD root_position: -0.08011
BAD root_position: -0.08014
BAD root_position: -0.08017
BAD root_position: -0.08020
BAD root_position: -0.08022
BAD root_position: -0.08025
BAD root_position: -0.08027
BAD root_position: -0.08029
BAD root_position: -0.08031
BAD root_position: -0.08033
BAD root_position: -0.08035
BAD root_position: -0.08036
BAD root_position: -0.08039
BAD root_position: -0.08050
BAD root_position: -0.08070
BAD root_position: -0.08097
BAD root_position: -0.08129
BAD root_position: -0.08165
BAD root_position: -0.08205
BAD root_position: -0.08246
BAD root_position: -0.08287
BAD root_position: -0.08327
BAD root_position: -0.08365
BAD root_position: -0.08399
BAD root_position: -0.08428
BAD root_position: -0.08450
BAD root_position: -0.08465
BAD root_position: -0.08470
BAD root_position: -0.08472
BAD root_position: -0.08475
BAD root_position: -0.08478
BAD root_position: -0.08480
BAD root_position: -0.08482
recorded 500 frames
avg lin_vel_x -0.0011
avg lin_vel_y 0.0072
avg yaw -0.0001
computed xvel: 0.014, mean xvel: -0.0011
computed yvel: 0.021, mean yvel: 0.0072
computed thetavel: -0.139, mean thetavel: -0.0001
DONE, saving 21_0.014_0.021_-0.139.json
