<frozen importlib._bootstrap>:241: RuntimeWarning: to-Python converter for std::vector<Eigen::Matrix<double, 3, 1, 0, 3, 1>, std::allocator<Eigen::Matrix<double, 3, 1, 0, 3, 1> > > already registered; second conversion method ignored.
<frozen importlib._bootstrap>:241: RuntimeWarning: to-Python converter for boost::python::detail::container_element<std::vector<Eigen::Matrix<double, 3, 1, 0, 3, 1>, std::allocator<Eigen::Matrix<double, 3, 1, 0, 3, 1> > >, unsigned long, boost::python::detail::final_vector_derived_policies<std::vector<Eigen::Matrix<double, 3, 1, 0, 3, 1>, std::allocator<Eigen::Matrix<double, 3, 1, 0, 3, 1> > >, false> > already registered; second conversion method ignored.
<frozen importlib._bootstrap>:241: RuntimeWarning: to-Python converter for std::vector<int, std::allocator<int> > already registered; second conversion method ignored.
<frozen importlib._bootstrap>:241: RuntimeWarning: to-Python converter for std::vector<double, std::allocator<double> > already registered; second conversion method ignored.
<frozen importlib._bootstrap>:241: RuntimeWarning: to-Python converter for std::vector<std::__cxx11::basic_string<char, std::char_traits<char>, std::allocator<char> >, std::allocator<std::__cxx11::basic_string<char, std::char_traits<char>, std::allocator<char> > > > already registered; second conversion method ignored.
WARNING: Can't find trunk frames in the model, can't measure leg spacing
WARNING: Can't find head frames in the model, camera_look_at won't work
gait_parameters {'dx': 0.06, 'dy': -0.03, 'dtheta': -0.13, 'duration': 8, 'hardware': True, 'double_support_ratio': 0.8, 'startend_double_support_ratio': 1.5, 'planned_timesteps': 48, 'replan_timesteps': 10, 'walk_com_height': 0.445, 'walk_foot_height': 0.03, 'walk_trunk_pitch': -5.7, 'walk_foot_rise_ratio': 0.2, 'single_support_duration': 0.8, 'single_support_timesteps': 10, 'foot_length': 0.22, 'feet_spacing': 0.114, 'zmp_margin': 0.02, 'foot_zmp_target_x': 0.0, 'foot_zmp_target_y': 0.0, 'walk_max_dtheta': 1.0, 'walk_max_dy': 0.04, 'walk_max_dx_forward': 0.08, 'walk_max_dx_backward': 0.03, 'joints': ['leg_left_ankle_roll_joint', 'leg_left_ankle_pitch_joint', 'leg_left_knee_pitch_joint', 'leg_left_hip_pitch_joint', 'leg_left_hip_yaw_joint', 'leg_left_hip_roll_joint', 'leg_right_ankle_roll_joint', 'leg_right_ankle_pitch_joint', 'leg_right_knee_pitch_joint', 'leg_right_hip_pitch_joint', 'leg_right_hip_yaw_joint', 'leg_right_hip_roll_joint', 'left_wrist_attachment_joint', 'left_fore_arm_joint', 'left_upper_arm_joint', 'left_shoulder_joint', 'right_wrist_attachment_joint', 'right_fore_arm_joint', 'right_upper_arm_joint', 'right_shoulder_joint'], 'joint_angles': {'left_wrist_attachment_joint': 0, 'left_fore_arm_joint': -90, 'left_upper_arm_joint': 45, 'left_shoulder_joint': 0, 'right_wrist_attachment_joint': 0, 'right_fore_arm_joint': 90, 'right_upper_arm_joint': -45, 'right_shoulder_joint': 0}}
Placing the robot in the initial position...
Initial position reached
{'leg_left_ankle_roll_joint': 0.016440333330831457, 'leg_left_ankle_pitch_joint': -0.4995854289937022, 'leg_left_knee_pitch_joint': 0.9565693357788797, 'leg_left_hip_pitch_joint': -0.3580075342465476, 'leg_left_hip_yaw_joint': -0.05418517924388665, 'leg_left_hip_roll_joint': -0.0104294654008833, 'leg_right_ankle_roll_joint': 0.01705786950205388, 'leg_right_ankle_pitch_joint': -0.5238252112975749, 'leg_right_knee_pitch_joint': 1.037987268777099, 'leg_right_hip_pitch_joint': -0.41520171905913744, 'leg_right_hip_yaw_joint': -0.054664730645899495, 'leg_right_hip_roll_joint': -0.01082689757973088, 'left_wrist_attachment_joint': -1.4585013676533035e-26, 'left_fore_arm_joint': -1.1261821326619454, 'left_upper_arm_joint': 0.7853981633907267, 'left_shoulder_joint': 5.420081214980424e-12, 'right_wrist_attachment_joint': 1.419720384275437e-29, 'right_fore_arm_joint': 1.1861021536346603, 'right_upper_arm_joint': -0.7853981633893453, 'right_shoulder_joint': 5.039238023345288e-12}
## period: 2.88
BAD root_position: -0.07991
BAD root_position: -0.07991
BAD root_position: -0.07991
BAD root_position: -0.07991
BAD root_position: -0.07991
BAD root_position: -0.07991
BAD root_position: -0.07991
BAD root_position: -0.07991
BAD root_position: -0.07991
BAD root_position: -0.07991
BAD root_position: -0.07991
BAD root_position: -0.07991
BAD root_position: -0.07991
BAD root_position: -0.07991
BAD root_position: -0.07991
BAD root_position: -0.07991
BAD root_position: -0.07991
BAD root_position: -0.07991
BAD root_position: -0.07991
BAD root_position: -0.07991
BAD root_position: -0.07991
BAD root_position: -0.07991
BAD root_position: -0.07991
BAD root_position: -0.07991
BAD root_position: -0.07991
BAD root_position: -0.07991
BAD root_position: -0.07991
BAD root_position: -0.07991
BAD root_position: -0.07991
BAD root_position: -0.07991
BAD root_position: -0.07991
BAD root_position: -0.07991
BAD root_position: -0.07991
BAD root_position: -0.07991
BAD root_position: -0.07991
BAD root_position: -0.07991
BAD root_position: -0.07991
BAD root_position: -0.07991
BAD root_position: -0.07991
BAD root_position: -0.07990
BAD root_position: -0.07990
BAD root_position: -0.07990
BAD root_position: -0.07990
BAD root_position: -0.07990
BAD root_position: -0.07990
BAD root_position: -0.07990
BAD root_position: -0.07990
BAD root_position: -0.07990
BAD root_position: -0.07990
BAD root_position: -0.07990
BAD root_position: -0.07990
BAD root_position: -0.07990
BAD root_position: -0.07990
BAD root_position: -0.07989
BAD root_position: -0.07989
BAD root_position: -0.07989
BAD root_position: -0.07988
BAD root_position: -0.07988
BAD root_position: -0.07989
BAD root_position: -0.07998
BAD root_position: -0.08015
BAD root_position: -0.08039
BAD root_position: -0.08069
BAD root_position: -0.08102
BAD root_position: -0.08138
BAD root_position: -0.08176
BAD root_position: -0.08214
BAD root_position: -0.08251
BAD root_position: -0.08285
BAD root_position: -0.08315
BAD root_position: -0.08341
BAD root_position: -0.08360
BAD root_position: -0.08371
BAD root_position: -0.08373
BAD root_position: -0.08373
BAD root_position: -0.08373
BAD root_position: -0.08373
BAD root_position: -0.08373
BAD root_position: -0.08373
BAD root_position: -0.08373
BAD root_position: -0.08373
BAD root_position: -0.08371
BAD root_position: -0.08360
BAD root_position: -0.08342
BAD root_position: -0.08317
BAD root_position: -0.08287
BAD root_position: -0.08252
BAD root_position: -0.08216
BAD root_position: -0.08178
BAD root_position: -0.08140
BAD root_position: -0.08104
BAD root_position: -0.08070
BAD root_position: -0.08041
BAD root_position: -0.08016
BAD root_position: -0.07999
BAD root_position: -0.07989
BAD root_position: -0.07988
BAD root_position: -0.07988
BAD root_position: -0.07988
BAD root_position: -0.07989
BAD root_position: -0.07989
BAD root_position: -0.07989
BAD root_position: -0.07989
BAD root_position: -0.07990
BAD root_position: -0.07990
BAD root_position: -0.07990
BAD root_position: -0.07990
BAD root_position: -0.07990
BAD root_position: -0.07990
BAD root_position: -0.07990
BAD root_position: -0.07990
BAD root_position: -0.07990
BAD root_position: -0.07990
BAD root_position: -0.07990
BAD root_position: -0.07989
BAD root_position: -0.07989
BAD root_position: -0.07989
BAD root_position: -0.07989
BAD root_position: -0.07988
BAD root_position: -0.07988
BAD root_position: -0.07988
BAD root_position: -0.07987
BAD root_position: -0.07987
BAD root_position: -0.07986
BAD root_position: -0.07986
BAD root_position: -0.07986
BAD root_position: -0.07985
BAD root_position: -0.07989
BAD root_position: -0.08003
BAD root_position: -0.08024
BAD root_position: -0.08053
BAD root_position: -0.08086
BAD root_position: -0.08124
BAD root_position: -0.08165
BAD root_position: -0.08207
BAD root_position: -0.08250
BAD root_position: -0.08291
BAD root_position: -0.08330
BAD root_position: -0.08365
BAD root_position: -0.08394
BAD root_position: -0.08417
BAD root_position: -0.08431
BAD root_position: -0.08437
BAD root_position: -0.08444
BAD root_position: -0.08450
BAD root_position: -0.08456
BAD root_position: -0.08462
BAD root_position: -0.08468
BAD root_position: -0.08474
BAD root_position: -0.08480
BAD root_position: -0.08479
BAD root_position: -0.08468
BAD root_position: -0.08448
BAD root_position: -0.08422
BAD root_position: -0.08390
BAD root_position: -0.08353
BAD root_position: -0.08313
BAD root_position: -0.08272
BAD root_position: -0.08231
BAD root_position: -0.08191
BAD root_position: -0.08155
BAD root_position: -0.08123
BAD root_position: -0.08096
BAD root_position: -0.08078
BAD root_position: -0.08068
BAD root_position: -0.08064
BAD root_position: -0.08060
BAD root_position: -0.08056
BAD root_position: -0.08051
BAD root_position: -0.08046
BAD root_position: -0.08041
BAD root_position: -0.08036
BAD root_position: -0.08030
BAD root_position: -0.08024
BAD root_position: -0.08017
BAD root_position: -0.08011
BAD root_position: -0.08004
BAD root_position: -0.07997
BAD root_position: -0.07990
BAD root_position: -0.07984
BAD root_position: -0.07977
BAD root_position: -0.07970
BAD root_position: -0.07963
BAD root_position: -0.07957
BAD root_position: -0.07951
BAD root_position: -0.07945
BAD root_position: -0.07939
BAD root_position: -0.07934
BAD root_position: -0.07928
BAD root_position: -0.07924
BAD root_position: -0.07919
BAD root_position: -0.07915
BAD root_position: -0.07912
BAD root_position: -0.07909
BAD root_position: -0.07906
BAD root_position: -0.07903
BAD root_position: -0.07906
BAD root_position: -0.07917
BAD root_position: -0.07933
BAD root_position: -0.07955
BAD root_position: -0.07981
BAD root_position: -0.08010
BAD root_position: -0.08042
BAD root_position: -0.08075
BAD root_position: -0.08109
BAD root_position: -0.08142
BAD root_position: -0.08174
BAD root_position: -0.08203
BAD root_position: -0.08229
BAD root_position: -0.08250
BAD root_position: -0.08265
BAD root_position: -0.08273
BAD root_position: -0.08280
BAD root_position: -0.08286
BAD root_position: -0.08292
BAD root_position: -0.08299
BAD root_position: -0.08305
BAD root_position: -0.08312
BAD root_position: -0.08318
BAD root_position: -0.08325
BAD root_position: -0.08325
BAD root_position: -0.08318
BAD root_position: -0.08305
BAD root_position: -0.08285
BAD root_position: -0.08261
BAD root_position: -0.08233
BAD root_position: -0.08202
BAD root_position: -0.08170
BAD root_position: -0.08137
BAD root_position: -0.08105
BAD root_position: -0.08074
BAD root_position: -0.08047
BAD root_position: -0.08024
BAD root_position: -0.08006
BAD root_position: -0.07994
BAD root_position: -0.07990
BAD root_position: -0.07989
BAD root_position: -0.07988
BAD root_position: -0.07986
BAD root_position: -0.07985
BAD root_position: -0.07984
BAD root_position: -0.07982
BAD root_position: -0.07981
BAD root_position: -0.07980
BAD root_position: -0.07979
BAD root_position: -0.07978
BAD root_position: -0.07977
BAD root_position: -0.07976
BAD root_position: -0.07975
BAD root_position: -0.07974
BAD root_position: -0.07973
BAD root_position: -0.07972
BAD root_position: -0.07970
BAD root_position: -0.07970
BAD root_position: -0.07969
BAD root_position: -0.07968
BAD root_position: -0.07968
BAD root_position: -0.07967
BAD root_position: -0.07967
BAD root_position: -0.07966
BAD root_position: -0.07966
BAD root_position: -0.07965
BAD root_position: -0.07965
BAD root_position: -0.07964
BAD root_position: -0.07964
BAD root_position: -0.07964
BAD root_position: -0.07963
BAD root_position: -0.07963
BAD root_position: -0.07969
BAD root_position: -0.07983
BAD root_position: -0.08004
BAD root_position: -0.08031
BAD root_position: -0.08063
BAD root_position: -0.08098
BAD root_position: -0.08137
BAD root_position: -0.08176
BAD root_position: -0.08216
BAD root_position: -0.08256
BAD root_position: -0.08293
BAD root_position: -0.08327
BAD root_position: -0.08357
BAD root_position: -0.08381
BAD root_position: -0.08398
BAD root_position: -0.08407
BAD root_position: -0.08413
BAD root_position: -0.08419
BAD root_position: -0.08426
BAD root_position: -0.08432
BAD root_position: -0.08438
BAD root_position: -0.08443
BAD root_position: -0.08449
BAD root_position: -0.08454
BAD root_position: -0.08452
BAD root_position: -0.08442
BAD root_position: -0.08424
BAD root_position: -0.08400
BAD root_position: -0.08370
BAD root_position: -0.08336
BAD root_position: -0.08300
BAD root_position: -0.08261
BAD root_position: -0.08223
BAD root_position: -0.08185
BAD root_position: -0.08149
BAD root_position: -0.08117
BAD root_position: -0.08090
BAD root_position: -0.08069
BAD root_position: -0.08055
BAD root_position: -0.08050
BAD root_position: -0.08047
BAD root_position: -0.08045
BAD root_position: -0.08042
BAD root_position: -0.08039
BAD root_position: -0.08036
BAD root_position: -0.08033
BAD root_position: -0.08029
BAD root_position: -0.08026
BAD root_position: -0.08022
BAD root_position: -0.08018
BAD root_position: -0.08013
BAD root_position: -0.08009
BAD root_position: -0.08004
BAD root_position: -0.07999
BAD root_position: -0.07994
BAD root_position: -0.07989
BAD root_position: -0.07984
BAD root_position: -0.07979
BAD root_position: -0.07974
BAD root_position: -0.07969
BAD root_position: -0.07964
BAD root_position: -0.07959
BAD root_position: -0.07954
BAD root_position: -0.07949
BAD root_position: -0.07945
BAD root_position: -0.07941
BAD root_position: -0.07937
BAD root_position: -0.07934
BAD root_position: -0.07930
BAD root_position: -0.07927
BAD root_position: -0.07924
BAD root_position: -0.07922
BAD root_position: -0.07925
BAD root_position: -0.07936
BAD root_position: -0.07953
BAD root_position: -0.07975
BAD root_position: -0.08001
BAD root_position: -0.08031
BAD root_position: -0.08063
BAD root_position: -0.08097
BAD root_position: -0.08131
BAD root_position: -0.08165
BAD root_position: -0.08197
BAD root_position: -0.08227
BAD root_position: -0.08253
BAD root_position: -0.08274
BAD root_position: -0.08289
BAD root_position: -0.08297
BAD root_position: -0.08303
BAD root_position: -0.08309
BAD root_position: -0.08315
BAD root_position: -0.08322
BAD root_position: -0.08328
BAD root_position: -0.08335
BAD root_position: -0.08342
BAD root_position: -0.08348
BAD root_position: -0.08349
BAD root_position: -0.08342
BAD root_position: -0.08328
BAD root_position: -0.08309
BAD root_position: -0.08284
BAD root_position: -0.08256
BAD root_position: -0.08225
BAD root_position: -0.08193
BAD root_position: -0.08155
BAD root_position: -0.08123
BAD root_position: -0.08092
BAD root_position: -0.08064
BAD root_position: -0.08040
BAD root_position: -0.08022
BAD root_position: -0.08010
BAD root_position: -0.08006
BAD root_position: -0.08004
BAD root_position: -0.08002
BAD root_position: -0.08000
BAD root_position: -0.07999
BAD root_position: -0.07997
BAD root_position: -0.07995
BAD root_position: -0.07993
BAD root_position: -0.07991
BAD root_position: -0.07989
BAD root_position: -0.07988
BAD root_position: -0.07986
BAD root_position: -0.07984
BAD root_position: -0.07982
BAD root_position: -0.07980
BAD root_position: -0.07978
BAD root_position: -0.07976
BAD root_position: -0.07974
BAD root_position: -0.07972
BAD root_position: -0.07970
BAD root_position: -0.07968
BAD root_position: -0.07967
BAD root_position: -0.07965
BAD root_position: -0.07963
BAD root_position: -0.07962
BAD root_position: -0.07960
BAD root_position: -0.07959
BAD root_position: -0.07957
BAD root_position: -0.07956
BAD root_position: -0.07955
BAD root_position: -0.07954
BAD root_position: -0.07953
BAD root_position: -0.07958
BAD root_position: -0.07972
BAD root_position: -0.07994
BAD root_position: -0.08022
BAD root_position: -0.08056
BAD root_position: -0.08093
BAD root_position: -0.08133
BAD root_position: -0.08174
BAD root_position: -0.08215
BAD root_position: -0.08255
BAD root_position: -0.08292
BAD root_position: -0.08325
BAD root_position: -0.08352
BAD root_position: -0.08373
BAD root_position: -0.08384
BAD root_position: -0.08390
BAD root_position: -0.08397
BAD root_position: -0.08403
BAD root_position: -0.08409
BAD root_position: -0.08415
BAD root_position: -0.08421
BAD root_position: -0.08426
BAD root_position: -0.08431
BAD root_position: -0.08429
BAD root_position: -0.08417
BAD root_position: -0.08397
BAD root_position: -0.08370
BAD root_position: -0.08338
BAD root_position: -0.08302
BAD root_position: -0.08263
BAD root_position: -0.08223
BAD root_position: -0.08184
BAD root_position: -0.08146
BAD root_position: -0.08112
BAD root_position: -0.08083
BAD root_position: -0.08059
BAD root_position: -0.08044
BAD root_position: -0.08038
BAD root_position: -0.08036
BAD root_position: -0.08034
BAD root_position: -0.08032
BAD root_position: -0.08029
BAD root_position: -0.08026
BAD root_position: -0.08023
BAD root_position: -0.08020
BAD root_position: -0.08017
BAD root_position: -0.08013
BAD root_position: -0.08010
BAD root_position: -0.08006
BAD root_position: -0.08002
BAD root_position: -0.07998
BAD root_position: -0.07994
BAD root_position: -0.07990
BAD root_position: -0.07985
BAD root_position: -0.07981
BAD root_position: -0.07977
BAD root_position: -0.07973
BAD root_position: -0.07969
BAD root_position: -0.07965
BAD root_position: -0.07962
BAD root_position: -0.07958
BAD root_position: -0.07955
BAD root_position: -0.07952
BAD root_position: -0.07949
BAD root_position: -0.07947
BAD root_position: -0.07944
BAD root_position: -0.07942
BAD root_position: -0.07940
BAD root_position: -0.07940
BAD root_position: -0.07947
BAD root_position: -0.07962
BAD root_position: -0.07983
BAD root_position: -0.08010
BAD root_position: -0.08040
BAD root_position: -0.08074
BAD root_position: -0.08110
BAD root_position: -0.08146
BAD root_position: -0.08182
BAD root_position: -0.08216
BAD root_position: -0.08248
BAD root_position: -0.08275
BAD root_position: -0.08297
BAD root_position: -0.08313
BAD root_position: -0.08321
BAD root_position: -0.08327
BAD root_position: -0.08333
BAD root_position: -0.08339
BAD root_position: -0.08346
BAD root_position: -0.08353
recorded 500 frames
avg lin_vel_x 0.0162
avg lin_vel_y -0.0207
avg yaw -0.0
computed xvel: 0.042, mean xvel: 0.0162
computed yvel: -0.021, mean yvel: -0.0207
computed thetavel: -0.09, mean thetavel: -0.0
DONE, saving 29_0.042_-0.021_-0.09.json
