<frozen importlib._bootstrap>:241: RuntimeWarning: to-Python converter for std::vector<Eigen::Matrix<double, 3, 1, 0, 3, 1>, std::allocator<Eigen::Matrix<double, 3, 1, 0, 3, 1> > > already registered; second conversion method ignored.
<frozen importlib._bootstrap>:241: RuntimeWarning: to-Python converter for boost::python::detail::container_element<std::vector<Eigen::Matrix<double, 3, 1, 0, 3, 1>, std::allocator<Eigen::Matrix<double, 3, 1, 0, 3, 1> > >, unsigned long, boost::python::detail::final_vector_derived_policies<std::vector<Eigen::Matrix<double, 3, 1, 0, 3, 1>, std::allocator<Eigen::Matrix<double, 3, 1, 0, 3, 1> > >, false> > already registered; second conversion method ignored.
<frozen importlib._bootstrap>:241: RuntimeWarning: to-Python converter for std::vector<int, std::allocator<int> > already registered; second conversion method ignored.
<frozen importlib._bootstrap>:241: RuntimeWarning: to-Python converter for std::vector<double, std::allocator<double> > already registered; second conversion method ignored.
<frozen importlib._bootstrap>:241: RuntimeWarning: to-Python converter for std::vector<std::__cxx11::basic_string<char, std::char_traits<char>, std::allocator<char> >, std::allocator<std::__cxx11::basic_string<char, std::char_traits<char>, std::allocator<char> > > > already registered; second conversion method ignored.
WARNING: Can't find trunk frames in the model, can't measure leg spacing
WARNING: Can't find head frames in the model, camera_look_at won't work
gait_parameters {'dx': 0.02, 'dy': -0.03, 'dtheta': -0.2, 'duration': 8, 'hardware': True, 'double_support_ratio': 0.8, 'startend_double_support_ratio': 1.5, 'planned_timesteps': 48, 'replan_timesteps': 10, 'walk_com_height': 0.445, 'walk_foot_height': 0.03, 'walk_trunk_pitch': -5.7, 'walk_foot_rise_ratio': 0.2, 'single_support_duration': 0.8, 'single_support_timesteps': 10, 'foot_length': 0.22, 'feet_spacing': 0.114, 'zmp_margin': 0.02, 'foot_zmp_target_x': 0.0, 'foot_zmp_target_y': 0.0, 'walk_max_dtheta': 1.0, 'walk_max_dy': 0.04, 'walk_max_dx_forward': 0.08, 'walk_max_dx_backward': 0.03, 'joints': ['leg_left_ankle_roll_joint', 'leg_left_ankle_pitch_joint', 'leg_left_knee_pitch_joint', 'leg_left_hip_pitch_joint', 'leg_left_hip_yaw_joint', 'leg_left_hip_roll_joint', 'leg_right_ankle_roll_joint', 'leg_right_ankle_pitch_joint', 'leg_right_knee_pitch_joint', 'leg_right_hip_pitch_joint', 'leg_right_hip_yaw_joint', 'leg_right_hip_roll_joint', 'left_wrist_attachment_joint', 'left_fore_arm_joint', 'left_upper_arm_joint', 'left_shoulder_joint', 'right_wrist_attachment_joint', 'right_fore_arm_joint', 'right_upper_arm_joint', 'right_shoulder_joint'], 'joint_angles': {'left_wrist_attachment_joint': 0, 'left_fore_arm_joint': -90, 'left_upper_arm_joint': 45, 'left_shoulder_joint': 0, 'right_wrist_attachment_joint': 0, 'right_fore_arm_joint': 90, 'right_upper_arm_joint': -45, 'right_shoulder_joint': 0}}
Placing the robot in the initial position...
Initial position reached
{'leg_left_ankle_roll_joint': 0.017545162619619373, 'leg_left_ankle_pitch_joint': -0.4923286594516167, 'leg_left_knee_pitch_joint': 0.9430993441597885, 'leg_left_hip_pitch_joint': -0.3518325900845029, 'leg_left_hip_yaw_joint': -0.055039778310635244, 'leg_left_hip_roll_joint': -0.011130734348166037, 'leg_right_ankle_roll_joint': 0.018178819816814882, 'leg_right_ankle_pitch_joint': -0.5173916073759501, 'leg_right_knee_pitch_joint': 1.0261304311682815, 'leg_right_hip_pitch_joint': -0.4098176690159189, 'leg_right_hip_yaw_joint': -0.05553178404321249, 'leg_right_hip_roll_joint': -0.011538436939955597, 'left_wrist_attachment_joint': -0.04418172671789465, 'left_fore_arm_joint': -1.213779191775135, 'left_upper_arm_joint': 0.7853981633901859, 'left_shoulder_joint': 5.819945915227866e-12, 'right_wrist_attachment_joint': 0.22565504445338447, 'right_fore_arm_joint': 0.8632968952964971, 'right_upper_arm_joint': -0.7853981633883447, 'right_shoulder_joint': 5.590832230318044e-12}
## period: 2.88
BAD root_position: -0.07991
BAD root_position: -0.07991
BAD root_position: -0.07991
BAD root_position: -0.07991
BAD root_position: -0.07991
BAD root_position: -0.07991
BAD root_position: -0.07991
BAD root_position: -0.07991
BAD root_position: -0.07991
BAD root_position: -0.07991
BAD root_position: -0.07991
BAD root_position: -0.07991
BAD root_position: -0.07991
BAD root_position: -0.07991
BAD root_position: -0.07991
BAD root_position: -0.07991
BAD root_position: -0.07991
BAD root_position: -0.07991
BAD root_position: -0.07991
BAD root_position: -0.07991
BAD root_position: -0.07991
BAD root_position: -0.07991
BAD root_position: -0.07991
BAD root_position: -0.07991
BAD root_position: -0.07991
BAD root_position: -0.07991
BAD root_position: -0.07991
BAD root_position: -0.07991
BAD root_position: -0.07991
BAD root_position: -0.07991
BAD root_position: -0.07991
BAD root_position: -0.07991
BAD root_position: -0.07991
BAD root_position: -0.07991
BAD root_position: -0.07991
BAD root_position: -0.07991
BAD root_position: -0.07991
BAD root_position: -0.07991
BAD root_position: -0.07991
BAD root_position: -0.07990
BAD root_position: -0.07990
BAD root_position: -0.07990
BAD root_position: -0.07990
BAD root_position: -0.07990
BAD root_position: -0.07990
BAD root_position: -0.07990
BAD root_position: -0.07990
BAD root_position: -0.07990
BAD root_position: -0.07990
BAD root_position: -0.07990
BAD root_position: -0.07990
BAD root_position: -0.07990
BAD root_position: -0.07990
BAD root_position: -0.07989
BAD root_position: -0.07989
BAD root_position: -0.07989
BAD root_position: -0.07988
BAD root_position: -0.07988
BAD root_position: -0.07989
BAD root_position: -0.07998
BAD root_position: -0.08015
BAD root_position: -0.08039
BAD root_position: -0.08069
BAD root_position: -0.08102
BAD root_position: -0.08138
BAD root_position: -0.08176
BAD root_position: -0.08214
BAD root_position: -0.08251
BAD root_position: -0.08285
BAD root_position: -0.08315
BAD root_position: -0.08341
BAD root_position: -0.08360
BAD root_position: -0.08371
BAD root_position: -0.08373
BAD root_position: -0.08373
BAD root_position: -0.08373
BAD root_position: -0.08373
BAD root_position: -0.08373
BAD root_position: -0.08373
BAD root_position: -0.08373
BAD root_position: -0.08373
BAD root_position: -0.08371
BAD root_position: -0.08360
BAD root_position: -0.08342
BAD root_position: -0.08317
BAD root_position: -0.08287
BAD root_position: -0.08252
BAD root_position: -0.08216
BAD root_position: -0.08178
BAD root_position: -0.08140
BAD root_position: -0.08104
BAD root_position: -0.08070
BAD root_position: -0.08041
BAD root_position: -0.08016
BAD root_position: -0.07999
BAD root_position: -0.07989
BAD root_position: -0.07988
BAD root_position: -0.07988
BAD root_position: -0.07988
BAD root_position: -0.07989
BAD root_position: -0.07989
BAD root_position: -0.07989
BAD root_position: -0.07990
BAD root_position: -0.07990
BAD root_position: -0.07990
BAD root_position: -0.07990
BAD root_position: -0.07990
BAD root_position: -0.07990
BAD root_position: -0.07990
BAD root_position: -0.07990
BAD root_position: -0.07990
BAD root_position: -0.07990
BAD root_position: -0.07990
BAD root_position: -0.07990
BAD root_position: -0.07990
BAD root_position: -0.07990
BAD root_position: -0.07989
BAD root_position: -0.07989
BAD root_position: -0.07989
BAD root_position: -0.07988
BAD root_position: -0.07988
BAD root_position: -0.07988
BAD root_position: -0.07987
BAD root_position: -0.07987
BAD root_position: -0.07987
BAD root_position: -0.07986
BAD root_position: -0.07986
BAD root_position: -0.07990
BAD root_position: -0.08003
BAD root_position: -0.08024
BAD root_position: -0.08051
BAD root_position: -0.08084
BAD root_position: -0.08120
BAD root_position: -0.08159
BAD root_position: -0.08199
BAD root_position: -0.08238
BAD root_position: -0.08277
BAD root_position: -0.08312
BAD root_position: -0.08344
BAD root_position: -0.08370
BAD root_position: -0.08389
BAD root_position: -0.08399
BAD root_position: -0.08403
BAD root_position: -0.08406
BAD root_position: -0.08409
BAD root_position: -0.08412
BAD root_position: -0.08415
BAD root_position: -0.08418
BAD root_position: -0.08421
BAD root_position: -0.08424
BAD root_position: -0.08421
BAD root_position: -0.08409
BAD root_position: -0.08389
BAD root_position: -0.08362
BAD root_position: -0.08330
BAD root_position: -0.08294
BAD root_position: -0.08256
BAD root_position: -0.08217
BAD root_position: -0.08178
BAD root_position: -0.08140
BAD root_position: -0.08106
BAD root_position: -0.08076
BAD root_position: -0.08052
BAD root_position: -0.08036
BAD root_position: -0.08028
BAD root_position: -0.08026
BAD root_position: -0.08025
BAD root_position: -0.08023
BAD root_position: -0.08021
BAD root_position: -0.08019
BAD root_position: -0.08016
BAD root_position: -0.08014
BAD root_position: -0.08011
BAD root_position: -0.08008
BAD root_position: -0.08005
BAD root_position: -0.08002
BAD root_position: -0.07999
BAD root_position: -0.07996
BAD root_position: -0.07993
BAD root_position: -0.07989
BAD root_position: -0.07986
BAD root_position: -0.07983
BAD root_position: -0.07979
BAD root_position: -0.07976
BAD root_position: -0.07973
BAD root_position: -0.07970
BAD root_position: -0.07967
BAD root_position: -0.07964
BAD root_position: -0.07961
BAD root_position: -0.07959
BAD root_position: -0.07956
BAD root_position: -0.07954
BAD root_position: -0.07952
BAD root_position: -0.07950
BAD root_position: -0.07948
BAD root_position: -0.07947
BAD root_position: -0.07951
BAD root_position: -0.07963
BAD root_position: -0.07982
BAD root_position: -0.08006
BAD root_position: -0.08034
BAD root_position: -0.08065
BAD root_position: -0.08099
BAD root_position: -0.08135
BAD root_position: -0.08170
BAD root_position: -0.08205
BAD root_position: -0.08237
BAD root_position: -0.08267
BAD root_position: -0.08292
BAD root_position: -0.08312
BAD root_position: -0.08326
BAD root_position: -0.08332
BAD root_position: -0.08336
BAD root_position: -0.08340
BAD root_position: -0.08343
BAD root_position: -0.08347
BAD root_position: -0.08351
BAD root_position: -0.08355
BAD root_position: -0.08359
BAD root_position: -0.08363
BAD root_position: -0.08361
BAD root_position: -0.08351
BAD root_position: -0.08334
BAD root_position: -0.08312
BAD root_position: -0.08285
BAD root_position: -0.08254
BAD root_position: -0.08221
BAD root_position: -0.08187
BAD root_position: -0.08152
BAD root_position: -0.08119
BAD root_position: -0.08087
BAD root_position: -0.08059
BAD root_position: -0.08035
BAD root_position: -0.08017
BAD root_position: -0.08005
BAD root_position: -0.08001
BAD root_position: -0.08000
BAD root_position: -0.07999
BAD root_position: -0.07998
BAD root_position: -0.07997
BAD root_position: -0.07995
BAD root_position: -0.07994
BAD root_position: -0.07993
BAD root_position: -0.07991
BAD root_position: -0.07990
BAD root_position: -0.07988
BAD root_position: -0.07987
BAD root_position: -0.07985
BAD root_position: -0.07984
BAD root_position: -0.07982
BAD root_position: -0.07981
BAD root_position: -0.07979
BAD root_position: -0.07978
BAD root_position: -0.07976
BAD root_position: -0.07975
BAD root_position: -0.07973
BAD root_position: -0.07972
BAD root_position: -0.07971
BAD root_position: -0.07969
BAD root_position: -0.07968
BAD root_position: -0.07967
BAD root_position: -0.07965
BAD root_position: -0.07964
BAD root_position: -0.07963
BAD root_position: -0.07962
BAD root_position: -0.07961
BAD root_position: -0.07960
BAD root_position: -0.07960
BAD root_position: -0.07965
BAD root_position: -0.07978
BAD root_position: -0.07998
BAD root_position: -0.08023
BAD root_position: -0.08053
BAD root_position: -0.08087
BAD root_position: -0.08123
BAD root_position: -0.08159
BAD root_position: -0.08196
BAD root_position: -0.08232
BAD root_position: -0.08266
BAD root_position: -0.08296
BAD root_position: -0.08322
BAD root_position: -0.08342
BAD root_position: -0.08356
BAD root_position: -0.08361
BAD root_position: -0.08363
BAD root_position: -0.08366
BAD root_position: -0.08368
BAD root_position: -0.08371
BAD root_position: -0.08374
BAD root_position: -0.08376
BAD root_position: -0.08379
BAD root_position: -0.08382
BAD root_position: -0.08377
BAD root_position: -0.08365
BAD root_position: -0.08346
BAD root_position: -0.08322
BAD root_position: -0.08292
BAD root_position: -0.08260
BAD root_position: -0.08224
BAD root_position: -0.08188
BAD root_position: -0.08151
BAD root_position: -0.08116
BAD root_position: -0.08083
BAD root_position: -0.08054
BAD root_position: -0.08029
BAD root_position: -0.08011
BAD root_position: -0.07999
BAD root_position: -0.07996
BAD root_position: -0.07996
BAD root_position: -0.07996
BAD root_position: -0.07996
BAD root_position: -0.07996
BAD root_position: -0.07995
BAD root_position: -0.07995
BAD root_position: -0.07995
BAD root_position: -0.07995
BAD root_position: -0.07995
BAD root_position: -0.07995
BAD root_position: -0.07994
BAD root_position: -0.07994
BAD root_position: -0.07994
BAD root_position: -0.07994
BAD root_position: -0.07993
BAD root_position: -0.07993
BAD root_position: -0.07992
BAD root_position: -0.07992
BAD root_position: -0.07991
BAD root_position: -0.07990
BAD root_position: -0.07990
BAD root_position: -0.07989
BAD root_position: -0.07988
BAD root_position: -0.07987
BAD root_position: -0.07987
BAD root_position: -0.07986
BAD root_position: -0.07985
BAD root_position: -0.07984
BAD root_position: -0.07984
BAD root_position: -0.07983
BAD root_position: -0.07982
BAD root_position: -0.07982
BAD root_position: -0.07987
BAD root_position: -0.08000
BAD root_position: -0.08019
BAD root_position: -0.08044
BAD root_position: -0.08073
BAD root_position: -0.08106
BAD root_position: -0.08140
BAD root_position: -0.08176
BAD root_position: -0.08212
BAD root_position: -0.08248
BAD root_position: -0.08281
BAD root_position: -0.08311
BAD root_position: -0.08336
BAD root_position: -0.08357
BAD root_position: -0.08370
BAD root_position: -0.08376
BAD root_position: -0.08379
BAD root_position: -0.08383
BAD root_position: -0.08386
BAD root_position: -0.08390
BAD root_position: -0.08393
BAD root_position: -0.08397
BAD root_position: -0.08400
BAD root_position: -0.08404
BAD root_position: -0.08401
BAD root_position: -0.08391
BAD root_position: -0.08373
BAD root_position: -0.08350
BAD root_position: -0.08322
BAD root_position: -0.08291
BAD root_position: -0.08257
BAD root_position: -0.08222
BAD root_position: -0.08185
BAD root_position: -0.08151
BAD root_position: -0.08118
BAD root_position: -0.08089
BAD root_position: -0.08064
BAD root_position: -0.08045
BAD root_position: -0.08033
BAD root_position: -0.08028
BAD root_position: -0.08027
BAD root_position: -0.08025
BAD root_position: -0.08023
BAD root_position: -0.08020
BAD root_position: -0.08018
BAD root_position: -0.08016
BAD root_position: -0.08013
BAD root_position: -0.08011
BAD root_position: -0.08008
BAD root_position: -0.08005
BAD root_position: -0.08002
BAD root_position: -0.07999
BAD root_position: -0.07996
BAD root_position: -0.07992
BAD root_position: -0.07989
BAD root_position: -0.07985
BAD root_position: -0.07982
BAD root_position: -0.07978
BAD root_position: -0.07975
BAD root_position: -0.07972
BAD root_position: -0.07968
BAD root_position: -0.07965
BAD root_position: -0.07962
BAD root_position: -0.07958
BAD root_position: -0.07955
BAD root_position: -0.07953
BAD root_position: -0.07950
BAD root_position: -0.07947
BAD root_position: -0.07945
BAD root_position: -0.07943
BAD root_position: -0.07941
BAD root_position: -0.07945
BAD root_position: -0.07958
BAD root_position: -0.07978
BAD root_position: -0.08004
BAD root_position: -0.08035
BAD root_position: -0.08070
BAD root_position: -0.08106
BAD root_position: -0.08144
BAD root_position: -0.08181
BAD root_position: -0.08217
BAD root_position: -0.08249
BAD root_position: -0.08277
BAD root_position: -0.08300
BAD root_position: -0.08316
BAD root_position: -0.08323
BAD root_position: -0.08325
BAD root_position: -0.08328
BAD root_position: -0.08330
BAD root_position: -0.08332
BAD root_position: -0.08334
BAD root_position: -0.08337
BAD root_position: -0.08339
BAD root_position: -0.08341
BAD root_position: -0.08336
BAD root_position: -0.08323
BAD root_position: -0.08302
BAD root_position: -0.08276
BAD root_position: -0.08245
BAD root_position: -0.08210
BAD root_position: -0.08174
BAD root_position: -0.08137
BAD root_position: -0.08101
BAD root_position: -0.08066
BAD root_position: -0.08036
BAD root_position: -0.08010
BAD root_position: -0.07990
BAD root_position: -0.07978
BAD root_position: -0.07975
BAD root_position: -0.07977
BAD root_position: -0.07978
BAD root_position: -0.07980
BAD root_position: -0.07982
BAD root_position: -0.07984
BAD root_position: -0.07985
BAD root_position: -0.07987
BAD root_position: -0.07989
BAD root_position: -0.07991
BAD root_position: -0.07993
BAD root_position: -0.07995
BAD root_position: -0.07997
BAD root_position: -0.07999
BAD root_position: -0.08000
BAD root_position: -0.08002
BAD root_position: -0.08004
BAD root_position: -0.08005
BAD root_position: -0.08007
BAD root_position: -0.08008
BAD root_position: -0.08010
BAD root_position: -0.08011
BAD root_position: -0.08012
BAD root_position: -0.08013
BAD root_position: -0.08014
BAD root_position: -0.08015
BAD root_position: -0.08016
BAD root_position: -0.08016
BAD root_position: -0.08017
BAD root_position: -0.08017
BAD root_position: -0.08018
BAD root_position: -0.08020
BAD root_position: -0.08030
BAD root_position: -0.08047
BAD root_position: -0.08072
BAD root_position: -0.08102
BAD root_position: -0.08135
BAD root_position: -0.08172
BAD root_position: -0.08210
BAD root_position: -0.08249
BAD root_position: -0.08287
BAD root_position: -0.08322
BAD root_position: -0.08354
BAD root_position: -0.08381
BAD root_position: -0.08402
BAD root_position: -0.08416
BAD root_position: -0.08421
BAD root_position: -0.08424
BAD root_position: -0.08427
BAD root_position: -0.08430
BAD root_position: -0.08433
BAD root_position: -0.08436
recorded 500 frames
avg lin_vel_x 0.0
avg lin_vel_y -0.0226
avg yaw -0.0001
computed xvel: 0.014, mean xvel: 0.0
computed yvel: -0.021, mean yvel: -0.0226
computed thetavel: -0.139, mean thetavel: -0.0001
DONE, saving 3_0.014_-0.021_-0.139.json
