<frozen importlib._bootstrap>:241: RuntimeWarning: to-Python converter for std::vector<Eigen::Matrix<double, 3, 1, 0, 3, 1>, std::allocator<Eigen::Matrix<double, 3, 1, 0, 3, 1> > > already registered; second conversion method ignored.
<frozen importlib._bootstrap>:241: RuntimeWarning: to-Python converter for boost::python::detail::container_element<std::vector<Eigen::Matrix<double, 3, 1, 0, 3, 1>, std::allocator<Eigen::Matrix<double, 3, 1, 0, 3, 1> > >, unsigned long, boost::python::detail::final_vector_derived_policies<std::vector<Eigen::Matrix<double, 3, 1, 0, 3, 1>, std::allocator<Eigen::Matrix<double, 3, 1, 0, 3, 1> > >, false> > already registered; second conversion method ignored.
<frozen importlib._bootstrap>:241: RuntimeWarning: to-Python converter for std::vector<int, std::allocator<int> > already registered; second conversion method ignored.
<frozen importlib._bootstrap>:241: RuntimeWarning: to-Python converter for std::vector<double, std::allocator<double> > already registered; second conversion method ignored.
<frozen importlib._bootstrap>:241: RuntimeWarning: to-Python converter for std::vector<std::__cxx11::basic_string<char, std::char_traits<char>, std::allocator<char> >, std::allocator<std::__cxx11::basic_string<char, std::char_traits<char>, std::allocator<char> > > > already registered; second conversion method ignored.
WARNING: Can't find trunk frames in the model, can't measure leg spacing
WARNING: Can't find head frames in the model, camera_look_at won't work
gait_parameters {'dx': 0.0, 'dy': -0.01, 'dtheta': -0.13, 'duration': 8, 'hardware': True, 'double_support_ratio': 0.8, 'startend_double_support_ratio': 1.5, 'planned_timesteps': 48, 'replan_timesteps': 10, 'walk_com_height': 0.445, 'walk_foot_height': 0.03, 'walk_trunk_pitch': -5.7, 'walk_foot_rise_ratio': 0.2, 'single_support_duration': 0.8, 'single_support_timesteps': 10, 'foot_length': 0.22, 'feet_spacing': 0.114, 'zmp_margin': 0.02, 'foot_zmp_target_x': 0.0, 'foot_zmp_target_y': 0.0, 'walk_max_dtheta': 1.0, 'walk_max_dy': 0.04, 'walk_max_dx_forward': 0.08, 'walk_max_dx_backward': 0.03, 'joints': ['leg_left_ankle_roll_joint', 'leg_left_ankle_pitch_joint', 'leg_left_knee_pitch_joint', 'leg_left_hip_pitch_joint', 'leg_left_hip_yaw_joint', 'leg_left_hip_roll_joint', 'leg_right_ankle_roll_joint', 'leg_right_ankle_pitch_joint', 'leg_right_knee_pitch_joint', 'leg_right_hip_pitch_joint', 'leg_right_hip_yaw_joint', 'leg_right_hip_roll_joint', 'left_wrist_attachment_joint', 'left_fore_arm_joint', 'left_upper_arm_joint', 'left_shoulder_joint', 'right_wrist_attachment_joint', 'right_fore_arm_joint', 'right_upper_arm_joint', 'right_shoulder_joint'], 'joint_angles': {'left_wrist_attachment_joint': 0, 'left_fore_arm_joint': -90, 'left_upper_arm_joint': 45, 'left_shoulder_joint': 0, 'right_wrist_attachment_joint': 0, 'right_fore_arm_joint': 90, 'right_upper_arm_joint': -45, 'right_shoulder_joint': 0}}
Placing the robot in the initial position...
Initial position reached
{'leg_left_ankle_roll_joint': 0.01709888618921901, 'leg_left_ankle_pitch_joint': -0.49215548090512456, 'leg_left_knee_pitch_joint': 0.9434451054798685, 'leg_left_hip_pitch_joint': -0.3523359957873811, 'leg_left_hip_yaw_joint': -0.054694581221814635, 'leg_left_hip_roll_joint': -0.01084746115383542, 'leg_right_ankle_roll_joint': 0.017725400447823142, 'leg_right_ankle_pitch_joint': -0.5170567407935003, 'leg_right_knee_pitch_joint': 1.0261611296901139, 'leg_right_hip_pitch_joint': -0.41016730986906397, 'leg_right_hip_yaw_joint': -0.05518106819181538, 'leg_right_hip_roll_joint': -0.01125061426351651, 'left_wrist_attachment_joint': -0.008132432972304392, 'left_fore_arm_joint': -1.1249897064139214, 'left_upper_arm_joint': 0.7853981633900088, 'left_shoulder_joint': 5.924374019761375e-12, 'right_wrist_attachment_joint': -2.455802646307622e-28, 'right_fore_arm_joint': 0.9456214073868736, 'right_upper_arm_joint': -0.7853981633882954, 'right_shoulder_joint': 5.614133631388391e-12}
## period: 2.88
BAD root_position: -0.07991
BAD root_position: -0.07991
BAD root_position: -0.07991
BAD root_position: -0.07991
BAD root_position: -0.07991
BAD root_position: -0.07991
BAD root_position: -0.07991
BAD root_position: -0.07991
BAD root_position: -0.07991
BAD root_position: -0.07991
BAD root_position: -0.07991
BAD root_position: -0.07991
BAD root_position: -0.07991
BAD root_position: -0.07991
BAD root_position: -0.07991
BAD root_position: -0.07991
BAD root_position: -0.07991
BAD root_position: -0.07991
BAD root_position: -0.07991
BAD root_position: -0.07991
BAD root_position: -0.07991
BAD root_position: -0.07991
BAD root_position: -0.07991
BAD root_position: -0.07991
BAD root_position: -0.07991
BAD root_position: -0.07991
BAD root_position: -0.07991
BAD root_position: -0.07991
BAD root_position: -0.07991
BAD root_position: -0.07991
BAD root_position: -0.07991
BAD root_position: -0.07991
BAD root_position: -0.07991
BAD root_position: -0.07991
BAD root_position: -0.07991
BAD root_position: -0.07991
BAD root_position: -0.07991
BAD root_position: -0.07991
BAD root_position: -0.07991
BAD root_position: -0.07990
BAD root_position: -0.07990
BAD root_position: -0.07990
BAD root_position: -0.07990
BAD root_position: -0.07990
BAD root_position: -0.07990
BAD root_position: -0.07990
BAD root_position: -0.07990
BAD root_position: -0.07990
BAD root_position: -0.07990
BAD root_position: -0.07990
BAD root_position: -0.07990
BAD root_position: -0.07990
BAD root_position: -0.07990
BAD root_position: -0.07989
BAD root_position: -0.07989
BAD root_position: -0.07989
BAD root_position: -0.07988
BAD root_position: -0.07988
BAD root_position: -0.07989
BAD root_position: -0.07998
BAD root_position: -0.08015
BAD root_position: -0.08039
BAD root_position: -0.08069
BAD root_position: -0.08102
BAD root_position: -0.08138
BAD root_position: -0.08176
BAD root_position: -0.08214
BAD root_position: -0.08251
BAD root_position: -0.08285
BAD root_position: -0.08315
BAD root_position: -0.08341
BAD root_position: -0.08360
BAD root_position: -0.08371
BAD root_position: -0.08373
BAD root_position: -0.08373
BAD root_position: -0.08373
BAD root_position: -0.08373
BAD root_position: -0.08373
BAD root_position: -0.08373
BAD root_position: -0.08373
BAD root_position: -0.08373
BAD root_position: -0.08371
BAD root_position: -0.08360
BAD root_position: -0.08342
BAD root_position: -0.08317
BAD root_position: -0.08287
BAD root_position: -0.08253
BAD root_position: -0.08216
BAD root_position: -0.08178
BAD root_position: -0.08140
BAD root_position: -0.08104
BAD root_position: -0.08070
BAD root_position: -0.08041
BAD root_position: -0.08016
BAD root_position: -0.07999
BAD root_position: -0.07989
BAD root_position: -0.07988
BAD root_position: -0.07988
BAD root_position: -0.07988
BAD root_position: -0.07989
BAD root_position: -0.07989
BAD root_position: -0.07989
BAD root_position: -0.07990
BAD root_position: -0.07990
BAD root_position: -0.07990
BAD root_position: -0.07990
BAD root_position: -0.07990
BAD root_position: -0.07990
BAD root_position: -0.07991
BAD root_position: -0.07991
BAD root_position: -0.07991
BAD root_position: -0.07990
BAD root_position: -0.07990
BAD root_position: -0.07990
BAD root_position: -0.07990
BAD root_position: -0.07990
BAD root_position: -0.07990
BAD root_position: -0.07989
BAD root_position: -0.07989
BAD root_position: -0.07989
BAD root_position: -0.07988
BAD root_position: -0.07988
BAD root_position: -0.07988
BAD root_position: -0.07987
BAD root_position: -0.07987
BAD root_position: -0.07987
BAD root_position: -0.07986
BAD root_position: -0.07990
BAD root_position: -0.08003
BAD root_position: -0.08024
BAD root_position: -0.08050
BAD root_position: -0.08081
BAD root_position: -0.08116
BAD root_position: -0.08153
BAD root_position: -0.08191
BAD root_position: -0.08229
BAD root_position: -0.08265
BAD root_position: -0.08298
BAD root_position: -0.08326
BAD root_position: -0.08349
BAD root_position: -0.08365
BAD root_position: -0.08372
BAD root_position: -0.08373
BAD root_position: -0.08373
BAD root_position: -0.08373
BAD root_position: -0.08373
BAD root_position: -0.08373
BAD root_position: -0.08373
BAD root_position: -0.08373
BAD root_position: -0.08373
BAD root_position: -0.08368
BAD root_position: -0.08353
BAD root_position: -0.08332
BAD root_position: -0.08305
BAD root_position: -0.08273
BAD root_position: -0.08237
BAD root_position: -0.08200
BAD root_position: -0.08162
BAD root_position: -0.08125
BAD root_position: -0.08089
BAD root_position: -0.08057
BAD root_position: -0.08030
BAD root_position: -0.08008
BAD root_position: -0.07994
BAD root_position: -0.07988
BAD root_position: -0.07988
BAD root_position: -0.07988
BAD root_position: -0.07989
BAD root_position: -0.07989
BAD root_position: -0.07989
BAD root_position: -0.07990
BAD root_position: -0.07990
BAD root_position: -0.07990
BAD root_position: -0.07990
BAD root_position: -0.07990
BAD root_position: -0.07990
BAD root_position: -0.07990
BAD root_position: -0.07991
BAD root_position: -0.07991
BAD root_position: -0.07990
BAD root_position: -0.07990
BAD root_position: -0.07990
BAD root_position: -0.07990
BAD root_position: -0.07990
BAD root_position: -0.07990
BAD root_position: -0.07989
BAD root_position: -0.07989
BAD root_position: -0.07989
BAD root_position: -0.07988
BAD root_position: -0.07988
BAD root_position: -0.07988
BAD root_position: -0.07987
BAD root_position: -0.07987
BAD root_position: -0.07987
BAD root_position: -0.07986
BAD root_position: -0.07986
BAD root_position: -0.07992
BAD root_position: -0.08005
BAD root_position: -0.08026
BAD root_position: -0.08051
BAD root_position: -0.08081
BAD root_position: -0.08114
BAD root_position: -0.08149
BAD root_position: -0.08186
BAD root_position: -0.08222
BAD root_position: -0.08256
BAD root_position: -0.08288
BAD root_position: -0.08317
BAD root_position: -0.08341
BAD root_position: -0.08359
BAD root_position: -0.08370
BAD root_position: -0.08372
BAD root_position: -0.08373
BAD root_position: -0.08373
BAD root_position: -0.08373
BAD root_position: -0.08373
BAD root_position: -0.08373
BAD root_position: -0.08373
BAD root_position: -0.08373
BAD root_position: -0.08373
BAD root_position: -0.08367
BAD root_position: -0.08353
BAD root_position: -0.08333
BAD root_position: -0.08307
BAD root_position: -0.08277
BAD root_position: -0.08244
BAD root_position: -0.08208
BAD root_position: -0.08172
BAD root_position: -0.08136
BAD root_position: -0.08102
BAD root_position: -0.08070
BAD root_position: -0.08041
BAD root_position: -0.08018
BAD root_position: -0.08000
BAD root_position: -0.07990
BAD root_position: -0.07987
BAD root_position: -0.07987
BAD root_position: -0.07988
BAD root_position: -0.07988
BAD root_position: -0.07988
BAD root_position: -0.07988
BAD root_position: -0.07989
BAD root_position: -0.07989
BAD root_position: -0.07989
BAD root_position: -0.07990
BAD root_position: -0.07990
BAD root_position: -0.07990
BAD root_position: -0.07990
BAD root_position: -0.07990
BAD root_position: -0.07990
BAD root_position: -0.07991
BAD root_position: -0.07991
BAD root_position: -0.07991
BAD root_position: -0.07990
BAD root_position: -0.07990
BAD root_position: -0.07990
BAD root_position: -0.07990
BAD root_position: -0.07990
BAD root_position: -0.07990
BAD root_position: -0.07989
BAD root_position: -0.07989
BAD root_position: -0.07989
BAD root_position: -0.07988
BAD root_position: -0.07988
BAD root_position: -0.07988
BAD root_position: -0.07987
BAD root_position: -0.07987
BAD root_position: -0.07987
BAD root_position: -0.07992
BAD root_position: -0.08006
BAD root_position: -0.08026
BAD root_position: -0.08052
BAD root_position: -0.08081
BAD root_position: -0.08115
BAD root_position: -0.08150
BAD root_position: -0.08186
BAD root_position: -0.08222
BAD root_position: -0.08257
BAD root_position: -0.08289
BAD root_position: -0.08317
BAD root_position: -0.08341
BAD root_position: -0.08359
BAD root_position: -0.08370
BAD root_position: -0.08372
BAD root_position: -0.08372
BAD root_position: -0.08372
BAD root_position: -0.08372
BAD root_position: -0.08372
BAD root_position: -0.08372
BAD root_position: -0.08372
BAD root_position: -0.08372
BAD root_position: -0.08372
BAD root_position: -0.08366
BAD root_position: -0.08352
BAD root_position: -0.08331
BAD root_position: -0.08306
BAD root_position: -0.08275
BAD root_position: -0.08242
BAD root_position: -0.08207
BAD root_position: -0.08170
BAD root_position: -0.08134
BAD root_position: -0.08100
BAD root_position: -0.08068
BAD root_position: -0.08039
BAD root_position: -0.08016
BAD root_position: -0.07998
BAD root_position: -0.07987
BAD root_position: -0.07985
BAD root_position: -0.07985
BAD root_position: -0.07985
BAD root_position: -0.07986
BAD root_position: -0.07986
BAD root_position: -0.07986
BAD root_position: -0.07987
BAD root_position: -0.07987
BAD root_position: -0.07988
BAD root_position: -0.07988
BAD root_position: -0.07988
BAD root_position: -0.07989
BAD root_position: -0.07989
BAD root_position: -0.07990
BAD root_position: -0.07990
BAD root_position: -0.07990
BAD root_position: -0.07990
BAD root_position: -0.07991
BAD root_position: -0.07991
BAD root_position: -0.07991
BAD root_position: -0.07991
BAD root_position: -0.07991
BAD root_position: -0.07991
BAD root_position: -0.07991
BAD root_position: -0.07991
BAD root_position: -0.07990
BAD root_position: -0.07990
BAD root_position: -0.07990
BAD root_position: -0.07990
BAD root_position: -0.07989
BAD root_position: -0.07989
BAD root_position: -0.07989
BAD root_position: -0.07989
BAD root_position: -0.07994
BAD root_position: -0.08008
BAD root_position: -0.08028
BAD root_position: -0.08053
BAD root_position: -0.08083
BAD root_position: -0.08116
BAD root_position: -0.08152
BAD root_position: -0.08188
BAD root_position: -0.08224
BAD root_position: -0.08258
BAD root_position: -0.08291
BAD root_position: -0.08319
BAD root_position: -0.08343
BAD root_position: -0.08361
BAD root_position: -0.08372
BAD root_position: -0.08374
BAD root_position: -0.08374
BAD root_position: -0.08374
BAD root_position: -0.08374
BAD root_position: -0.08374
BAD root_position: -0.08374
BAD root_position: -0.08375
BAD root_position: -0.08375
BAD root_position: -0.08374
BAD root_position: -0.08369
BAD root_position: -0.08355
BAD root_position: -0.08335
BAD root_position: -0.08309
BAD root_position: -0.08279
BAD root_position: -0.08246
BAD root_position: -0.08210
BAD root_position: -0.08174
BAD root_position: -0.08137
BAD root_position: -0.08103
BAD root_position: -0.08071
BAD root_position: -0.08042
BAD root_position: -0.08019
BAD root_position: -0.08001
BAD root_position: -0.07990
BAD root_position: -0.07988
BAD root_position: -0.07988
BAD root_position: -0.07988
BAD root_position: -0.07988
BAD root_position: -0.07989
BAD root_position: -0.07989
BAD root_position: -0.07989
BAD root_position: -0.07989
BAD root_position: -0.07990
BAD root_position: -0.07990
BAD root_position: -0.07990
BAD root_position: -0.07990
BAD root_position: -0.07990
BAD root_position: -0.07990
BAD root_position: -0.07991
BAD root_position: -0.07991
BAD root_position: -0.07991
BAD root_position: -0.07991
BAD root_position: -0.07990
BAD root_position: -0.07990
BAD root_position: -0.07990
BAD root_position: -0.07990
BAD root_position: -0.07989
BAD root_position: -0.07989
BAD root_position: -0.07989
BAD root_position: -0.07988
BAD root_position: -0.07988
BAD root_position: -0.07988
BAD root_position: -0.07987
BAD root_position: -0.07987
BAD root_position: -0.07986
BAD root_position: -0.07986
BAD root_position: -0.07992
BAD root_position: -0.08006
BAD root_position: -0.08027
BAD root_position: -0.08055
BAD root_position: -0.08087
BAD root_position: -0.08122
BAD root_position: -0.08159
BAD root_position: -0.08197
BAD root_position: -0.08235
BAD root_position: -0.08270
BAD root_position: -0.08302
BAD root_position: -0.08329
BAD root_position: -0.08351
BAD root_position: -0.08365
BAD root_position: -0.08371
BAD root_position: -0.08371
BAD root_position: -0.08371
BAD root_position: -0.08371
BAD root_position: -0.08371
BAD root_position: -0.08371
BAD root_position: -0.08371
BAD root_position: -0.08371
BAD root_position: -0.08370
BAD root_position: -0.08363
BAD root_position: -0.08347
BAD root_position: -0.08325
BAD root_position: -0.08296
BAD root_position: -0.08264
BAD root_position: -0.08228
BAD root_position: -0.08190
BAD root_position: -0.08152
BAD root_position: -0.08115
BAD root_position: -0.08081
BAD root_position: -0.08049
BAD root_position: -0.08023
BAD root_position: -0.08003
BAD root_position: -0.07990
BAD root_position: -0.07986
BAD root_position: -0.07986
BAD root_position: -0.07987
BAD root_position: -0.07987
BAD root_position: -0.07988
BAD root_position: -0.07988
BAD root_position: -0.07988
BAD root_position: -0.07989
BAD root_position: -0.07989
BAD root_position: -0.07990
BAD root_position: -0.07990
BAD root_position: -0.07990
BAD root_position: -0.07990
BAD root_position: -0.07990
BAD root_position: -0.07991
BAD root_position: -0.07991
BAD root_position: -0.07991
BAD root_position: -0.07991
BAD root_position: -0.07991
BAD root_position: -0.07991
BAD root_position: -0.07991
BAD root_position: -0.07990
BAD root_position: -0.07990
BAD root_position: -0.07990
BAD root_position: -0.07990
BAD root_position: -0.07990
BAD root_position: -0.07989
BAD root_position: -0.07989
BAD root_position: -0.07989
BAD root_position: -0.07989
BAD root_position: -0.07988
BAD root_position: -0.07990
BAD root_position: -0.07999
BAD root_position: -0.08017
BAD root_position: -0.08041
BAD root_position: -0.08071
BAD root_position: -0.08105
BAD root_position: -0.08141
BAD root_position: -0.08179
BAD root_position: -0.08217
BAD root_position: -0.08254
BAD root_position: -0.08288
BAD root_position: -0.08319
BAD root_position: -0.08344
BAD root_position: -0.08363
BAD root_position: -0.08373
BAD root_position: -0.08376
BAD root_position: -0.08376
BAD root_position: -0.08376
BAD root_position: -0.08376
BAD root_position: -0.08376
BAD root_position: -0.08376
recorded 500 frames
avg lin_vel_x -0.0005
avg lin_vel_y -0.0049
avg yaw -0.0
computed xvel: 0.0, mean xvel: -0.0005
computed yvel: -0.007, mean yvel: -0.0049
computed thetavel: -0.09, mean thetavel: -0.0
DONE, saving 32_0.0_-0.007_-0.09.json
