<frozen importlib._bootstrap>:241: RuntimeWarning: to-Python converter for std::vector<Eigen::Matrix<double, 3, 1, 0, 3, 1>, std::allocator<Eigen::Matrix<double, 3, 1, 0, 3, 1> > > already registered; second conversion method ignored.
<frozen importlib._bootstrap>:241: RuntimeWarning: to-Python converter for boost::python::detail::container_element<std::vector<Eigen::Matrix<double, 3, 1, 0, 3, 1>, std::allocator<Eigen::Matrix<double, 3, 1, 0, 3, 1> > >, unsigned long, boost::python::detail::final_vector_derived_policies<std::vector<Eigen::Matrix<double, 3, 1, 0, 3, 1>, std::allocator<Eigen::Matrix<double, 3, 1, 0, 3, 1> > >, false> > already registered; second conversion method ignored.
<frozen importlib._bootstrap>:241: RuntimeWarning: to-Python converter for std::vector<int, std::allocator<int> > already registered; second conversion method ignored.
<frozen importlib._bootstrap>:241: RuntimeWarning: to-Python converter for std::vector<double, std::allocator<double> > already registered; second conversion method ignored.
<frozen importlib._bootstrap>:241: RuntimeWarning: to-Python converter for std::vector<std::__cxx11::basic_string<char, std::char_traits<char>, std::allocator<char> >, std::allocator<std::__cxx11::basic_string<char, std::char_traits<char>, std::allocator<char> > > > already registered; second conversion method ignored.
WARNING: Can't find trunk frames in the model, can't measure leg spacing
WARNING: Can't find head frames in the model, camera_look_at won't work
gait_parameters {'dx': 0.04, 'dy': -0.03, 'dtheta': -0.2, 'duration': 8, 'hardware': True, 'double_support_ratio': 0.8, 'startend_double_support_ratio': 1.5, 'planned_timesteps': 48, 'replan_timesteps': 10, 'walk_com_height': 0.445, 'walk_foot_height': 0.03, 'walk_trunk_pitch': -5.7, 'walk_foot_rise_ratio': 0.2, 'single_support_duration': 0.8, 'single_support_timesteps': 10, 'foot_length': 0.22, 'feet_spacing': 0.114, 'zmp_margin': 0.02, 'foot_zmp_target_x': 0.0, 'foot_zmp_target_y': 0.0, 'walk_max_dtheta': 1.0, 'walk_max_dy': 0.04, 'walk_max_dx_forward': 0.08, 'walk_max_dx_backward': 0.03, 'joints': ['leg_left_ankle_roll_joint', 'leg_left_ankle_pitch_joint', 'leg_left_knee_pitch_joint', 'leg_left_hip_pitch_joint', 'leg_left_hip_yaw_joint', 'leg_left_hip_roll_joint', 'leg_right_ankle_roll_joint', 'leg_right_ankle_pitch_joint', 'leg_right_knee_pitch_joint', 'leg_right_hip_pitch_joint', 'leg_right_hip_yaw_joint', 'leg_right_hip_roll_joint', 'left_wrist_attachment_joint', 'left_fore_arm_joint', 'left_upper_arm_joint', 'left_shoulder_joint', 'right_wrist_attachment_joint', 'right_fore_arm_joint', 'right_upper_arm_joint', 'right_shoulder_joint'], 'joint_angles': {'left_wrist_attachment_joint': 0, 'left_fore_arm_joint': -90, 'left_upper_arm_joint': 45, 'left_shoulder_joint': 0, 'right_wrist_attachment_joint': 0, 'right_fore_arm_joint': 90, 'right_upper_arm_joint': -45, 'right_shoulder_joint': 0}}
Placing the robot in the initial position...
Initial position reached
{'leg_left_ankle_roll_joint': 0.016504898697938527, 'leg_left_ankle_pitch_joint': -0.4910211649149626, 'leg_left_knee_pitch_joint': 0.9415629039681207, 'leg_left_hip_pitch_joint': -0.35156758688390705, 'leg_left_hip_yaw_joint': -0.05423512208713089, 'leg_left_hip_roll_joint': -0.010470445216098521, 'leg_right_ankle_roll_joint': 0.017121673484080564, 'leg_right_ankle_pitch_joint': -0.5158120832406887, 'leg_right_knee_pitch_joint': 1.024045003273579, 'leg_right_hip_pitch_joint': -0.4092747952931123, 'leg_right_hip_yaw_joint': -0.054714083676873464, 'leg_right_hip_roll_joint': -0.010867396254604398, 'left_wrist_attachment_joint': -2.2080487940217142e-26, 'left_fore_arm_joint': -0.9927645393829918, 'left_upper_arm_joint': 0.785398163389768, 'left_shoulder_joint': 6.074485440855286e-12, 'right_wrist_attachment_joint': 0.3398541264447934, 'right_fore_arm_joint': 1.037224089699772, 'right_upper_arm_joint': -0.7853981633882248, 'right_shoulder_joint': 5.6534120096590896e-12}
## period: 2.88
BAD root_position: -0.07991
BAD root_position: -0.07991
BAD root_position: -0.07991
BAD root_position: -0.07991
BAD root_position: -0.07991
BAD root_position: -0.07991
BAD root_position: -0.07991
BAD root_position: -0.07991
BAD root_position: -0.07991
BAD root_position: -0.07991
BAD root_position: -0.07991
BAD root_position: -0.07991
BAD root_position: -0.07991
BAD root_position: -0.07991
BAD root_position: -0.07991
BAD root_position: -0.07991
BAD root_position: -0.07991
BAD root_position: -0.07991
BAD root_position: -0.07991
BAD root_position: -0.07991
BAD root_position: -0.07991
BAD root_position: -0.07991
BAD root_position: -0.07991
BAD root_position: -0.07991
BAD root_position: -0.07991
BAD root_position: -0.07991
BAD root_position: -0.07991
BAD root_position: -0.07991
BAD root_position: -0.07991
BAD root_position: -0.07991
BAD root_position: -0.07991
BAD root_position: -0.07991
BAD root_position: -0.07991
BAD root_position: -0.07991
BAD root_position: -0.07991
BAD root_position: -0.07991
BAD root_position: -0.07991
BAD root_position: -0.07991
BAD root_position: -0.07991
BAD root_position: -0.07990
BAD root_position: -0.07990
BAD root_position: -0.07990
BAD root_position: -0.07990
BAD root_position: -0.07990
BAD root_position: -0.07990
BAD root_position: -0.07990
BAD root_position: -0.07990
BAD root_position: -0.07990
BAD root_position: -0.07990
BAD root_position: -0.07990
BAD root_position: -0.07990
BAD root_position: -0.07990
BAD root_position: -0.07990
BAD root_position: -0.07989
BAD root_position: -0.07989
BAD root_position: -0.07989
BAD root_position: -0.07988
BAD root_position: -0.07988
BAD root_position: -0.07989
BAD root_position: -0.07998
BAD root_position: -0.08015
BAD root_position: -0.08039
BAD root_position: -0.08069
BAD root_position: -0.08102
BAD root_position: -0.08138
BAD root_position: -0.08176
BAD root_position: -0.08214
BAD root_position: -0.08251
BAD root_position: -0.08285
BAD root_position: -0.08315
BAD root_position: -0.08341
BAD root_position: -0.08360
BAD root_position: -0.08371
BAD root_position: -0.08373
BAD root_position: -0.08373
BAD root_position: -0.08373
BAD root_position: -0.08373
BAD root_position: -0.08373
BAD root_position: -0.08373
BAD root_position: -0.08373
BAD root_position: -0.08373
BAD root_position: -0.08371
BAD root_position: -0.08360
BAD root_position: -0.08342
BAD root_position: -0.08317
BAD root_position: -0.08287
BAD root_position: -0.08252
BAD root_position: -0.08216
BAD root_position: -0.08178
BAD root_position: -0.08140
BAD root_position: -0.08104
BAD root_position: -0.08070
BAD root_position: -0.08041
BAD root_position: -0.08016
BAD root_position: -0.07999
BAD root_position: -0.07989
BAD root_position: -0.07988
BAD root_position: -0.07988
BAD root_position: -0.07988
BAD root_position: -0.07989
BAD root_position: -0.07989
BAD root_position: -0.07989
BAD root_position: -0.07989
BAD root_position: -0.07990
BAD root_position: -0.07990
BAD root_position: -0.07990
BAD root_position: -0.07990
BAD root_position: -0.07990
BAD root_position: -0.07990
BAD root_position: -0.07990
BAD root_position: -0.07990
BAD root_position: -0.07990
BAD root_position: -0.07990
BAD root_position: -0.07990
BAD root_position: -0.07990
BAD root_position: -0.07989
BAD root_position: -0.07989
BAD root_position: -0.07989
BAD root_position: -0.07989
BAD root_position: -0.07988
BAD root_position: -0.07988
BAD root_position: -0.07987
BAD root_position: -0.07987
BAD root_position: -0.07987
BAD root_position: -0.07986
BAD root_position: -0.07986
BAD root_position: -0.07986
BAD root_position: -0.07990
BAD root_position: -0.08003
BAD root_position: -0.08024
BAD root_position: -0.08052
BAD root_position: -0.08085
BAD root_position: -0.08122
BAD root_position: -0.08162
BAD root_position: -0.08203
BAD root_position: -0.08244
BAD root_position: -0.08284
BAD root_position: -0.08322
BAD root_position: -0.08355
BAD root_position: -0.08383
BAD root_position: -0.08404
BAD root_position: -0.08416
BAD root_position: -0.08422
BAD root_position: -0.08426
BAD root_position: -0.08431
BAD root_position: -0.08436
BAD root_position: -0.08441
BAD root_position: -0.08446
BAD root_position: -0.08450
BAD root_position: -0.08455
BAD root_position: -0.08453
BAD root_position: -0.08442
BAD root_position: -0.08422
BAD root_position: -0.08395
BAD root_position: -0.08363
BAD root_position: -0.08327
BAD root_position: -0.08288
BAD root_position: -0.08248
BAD root_position: -0.08207
BAD root_position: -0.08169
BAD root_position: -0.08133
BAD root_position: -0.08102
BAD root_position: -0.08077
BAD root_position: -0.08059
BAD root_position: -0.08050
BAD root_position: -0.08047
BAD root_position: -0.08044
BAD root_position: -0.08041
BAD root_position: -0.08038
BAD root_position: -0.08034
BAD root_position: -0.08030
BAD root_position: -0.08026
BAD root_position: -0.08021
BAD root_position: -0.08017
BAD root_position: -0.08012
BAD root_position: -0.08007
BAD root_position: -0.08002
BAD root_position: -0.07997
BAD root_position: -0.07991
BAD root_position: -0.07986
BAD root_position: -0.07981
BAD root_position: -0.07975
BAD root_position: -0.07970
BAD root_position: -0.07965
BAD root_position: -0.07960
BAD root_position: -0.07956
BAD root_position: -0.07951
BAD root_position: -0.07947
BAD root_position: -0.07943
BAD root_position: -0.07939
BAD root_position: -0.07936
BAD root_position: -0.07932
BAD root_position: -0.07929
BAD root_position: -0.07927
BAD root_position: -0.07924
BAD root_position: -0.07922
BAD root_position: -0.07926
BAD root_position: -0.07937
BAD root_position: -0.07954
BAD root_position: -0.07977
BAD root_position: -0.08004
BAD root_position: -0.08035
BAD root_position: -0.08067
BAD root_position: -0.08102
BAD root_position: -0.08136
BAD root_position: -0.08170
BAD root_position: -0.08203
BAD root_position: -0.08232
BAD root_position: -0.08258
BAD root_position: -0.08279
BAD root_position: -0.08293
BAD root_position: -0.08301
BAD root_position: -0.08306
BAD root_position: -0.08312
BAD root_position: -0.08317
BAD root_position: -0.08323
BAD root_position: -0.08328
BAD root_position: -0.08334
BAD root_position: -0.08339
BAD root_position: -0.08345
BAD root_position: -0.08344
BAD root_position: -0.08336
BAD root_position: -0.08321
BAD root_position: -0.08301
BAD root_position: -0.08275
BAD root_position: -0.08246
BAD root_position: -0.08214
BAD root_position: -0.08181
BAD root_position: -0.08147
BAD root_position: -0.08115
BAD root_position: -0.08084
BAD root_position: -0.08056
BAD root_position: -0.08032
BAD root_position: -0.08014
BAD root_position: -0.08002
BAD root_position: -0.07998
BAD root_position: -0.07997
BAD root_position: -0.07995
BAD root_position: -0.07994
BAD root_position: -0.07993
BAD root_position: -0.07991
BAD root_position: -0.07990
BAD root_position: -0.07988
BAD root_position: -0.07986
BAD root_position: -0.07985
BAD root_position: -0.07983
BAD root_position: -0.07982
BAD root_position: -0.07981
BAD root_position: -0.07979
BAD root_position: -0.07978
BAD root_position: -0.07976
BAD root_position: -0.07975
BAD root_position: -0.07973
BAD root_position: -0.07972
BAD root_position: -0.07970
BAD root_position: -0.07969
BAD root_position: -0.07968
BAD root_position: -0.07967
BAD root_position: -0.07966
BAD root_position: -0.07965
BAD root_position: -0.07964
BAD root_position: -0.07963
BAD root_position: -0.07962
BAD root_position: -0.07961
BAD root_position: -0.07960
BAD root_position: -0.07959
BAD root_position: -0.07959
BAD root_position: -0.07958
BAD root_position: -0.07964
BAD root_position: -0.07977
BAD root_position: -0.07997
BAD root_position: -0.08024
BAD root_position: -0.08054
BAD root_position: -0.08089
BAD root_position: -0.08126
BAD root_position: -0.08164
BAD root_position: -0.08202
BAD root_position: -0.08240
BAD root_position: -0.08275
BAD root_position: -0.08307
BAD root_position: -0.08335
BAD root_position: -0.08357
BAD root_position: -0.08373
BAD root_position: -0.08380
BAD root_position: -0.08384
BAD root_position: -0.08389
BAD root_position: -0.08393
BAD root_position: -0.08398
BAD root_position: -0.08402
BAD root_position: -0.08406
BAD root_position: -0.08411
BAD root_position: -0.08415
BAD root_position: -0.08412
BAD root_position: -0.08401
BAD root_position: -0.08383
BAD root_position: -0.08358
BAD root_position: -0.08329
BAD root_position: -0.08296
BAD root_position: -0.08260
BAD root_position: -0.08222
BAD root_position: -0.08185
BAD root_position: -0.08148
BAD root_position: -0.08114
BAD root_position: -0.08084
BAD root_position: -0.08058
BAD root_position: -0.08038
BAD root_position: -0.08025
BAD root_position: -0.08021
BAD root_position: -0.08020
BAD root_position: -0.08019
BAD root_position: -0.08017
BAD root_position: -0.08016
BAD root_position: -0.08014
BAD root_position: -0.08013
BAD root_position: -0.08011
BAD root_position: -0.08009
BAD root_position: -0.08007
BAD root_position: -0.08005
BAD root_position: -0.08003
BAD root_position: -0.08001
BAD root_position: -0.07999
BAD root_position: -0.07996
BAD root_position: -0.07994
BAD root_position: -0.07991
BAD root_position: -0.07988
BAD root_position: -0.07986
BAD root_position: -0.07983
BAD root_position: -0.07980
BAD root_position: -0.07978
BAD root_position: -0.07975
BAD root_position: -0.07972
BAD root_position: -0.07970
BAD root_position: -0.07967
BAD root_position: -0.07965
BAD root_position: -0.07963
BAD root_position: -0.07961
BAD root_position: -0.07959
BAD root_position: -0.07957
BAD root_position: -0.07955
BAD root_position: -0.07954
BAD root_position: -0.07958
BAD root_position: -0.07970
BAD root_position: -0.07988
BAD root_position: -0.08011
BAD root_position: -0.08039
BAD root_position: -0.08071
BAD root_position: -0.08104
BAD root_position: -0.08139
BAD root_position: -0.08175
BAD root_position: -0.08209
BAD root_position: -0.08242
BAD root_position: -0.08272
BAD root_position: -0.08298
BAD root_position: -0.08319
BAD root_position: -0.08333
BAD root_position: -0.08341
BAD root_position: -0.08346
BAD root_position: -0.08351
BAD root_position: -0.08356
BAD root_position: -0.08361
BAD root_position: -0.08366
BAD root_position: -0.08372
BAD root_position: -0.08377
BAD root_position: -0.08383
BAD root_position: -0.08382
BAD root_position: -0.08374
BAD root_position: -0.08358
BAD root_position: -0.08337
BAD root_position: -0.08311
BAD root_position: -0.08281
BAD root_position: -0.08249
BAD root_position: -0.08215
BAD root_position: -0.08178
BAD root_position: -0.08144
BAD root_position: -0.08112
BAD root_position: -0.08084
BAD root_position: -0.08059
BAD root_position: -0.08040
BAD root_position: -0.08028
BAD root_position: -0.08023
BAD root_position: -0.08021
BAD root_position: -0.08019
BAD root_position: -0.08017
BAD root_position: -0.08015
BAD root_position: -0.08012
BAD root_position: -0.08010
BAD root_position: -0.08007
BAD root_position: -0.08005
BAD root_position: -0.08002
BAD root_position: -0.07999
BAD root_position: -0.07996
BAD root_position: -0.07993
BAD root_position: -0.07990
BAD root_position: -0.07987
BAD root_position: -0.07984
BAD root_position: -0.07981
BAD root_position: -0.07977
BAD root_position: -0.07974
BAD root_position: -0.07971
BAD root_position: -0.07968
BAD root_position: -0.07965
BAD root_position: -0.07962
BAD root_position: -0.07959
BAD root_position: -0.07956
BAD root_position: -0.07954
BAD root_position: -0.07951
BAD root_position: -0.07949
BAD root_position: -0.07946
BAD root_position: -0.07944
BAD root_position: -0.07943
BAD root_position: -0.07941
BAD root_position: -0.07945
BAD root_position: -0.07959
BAD root_position: -0.07979
BAD root_position: -0.08006
BAD root_position: -0.08038
BAD root_position: -0.08074
BAD root_position: -0.08112
BAD root_position: -0.08151
BAD root_position: -0.08190
BAD root_position: -0.08227
BAD root_position: -0.08261
BAD root_position: -0.08292
BAD root_position: -0.08317
BAD root_position: -0.08335
BAD root_position: -0.08344
BAD root_position: -0.08348
BAD root_position: -0.08352
BAD root_position: -0.08357
BAD root_position: -0.08361
BAD root_position: -0.08365
BAD root_position: -0.08369
BAD root_position: -0.08373
BAD root_position: -0.08377
BAD root_position: -0.08373
BAD root_position: -0.08361
BAD root_position: -0.08341
BAD root_position: -0.08314
BAD root_position: -0.08283
BAD root_position: -0.08248
BAD root_position: -0.08211
BAD root_position: -0.08173
BAD root_position: -0.08135
BAD root_position: -0.08100
BAD root_position: -0.08068
BAD root_position: -0.08040
BAD root_position: -0.08019
BAD root_position: -0.08006
BAD root_position: -0.08001
BAD root_position: -0.08002
BAD root_position: -0.08002
BAD root_position: -0.08002
BAD root_position: -0.08002
BAD root_position: -0.08002
BAD root_position: -0.08002
BAD root_position: -0.08002
BAD root_position: -0.08002
BAD root_position: -0.08001
BAD root_position: -0.08001
BAD root_position: -0.08000
BAD root_position: -0.08000
BAD root_position: -0.07999
BAD root_position: -0.07999
BAD root_position: -0.07998
BAD root_position: -0.07997
BAD root_position: -0.07997
BAD root_position: -0.07996
BAD root_position: -0.07995
BAD root_position: -0.07994
BAD root_position: -0.07993
BAD root_position: -0.07993
BAD root_position: -0.07992
BAD root_position: -0.07991
BAD root_position: -0.07990
BAD root_position: -0.07989
BAD root_position: -0.07989
BAD root_position: -0.07988
BAD root_position: -0.07987
BAD root_position: -0.07987
BAD root_position: -0.07988
BAD root_position: -0.07996
BAD root_position: -0.08013
BAD root_position: -0.08036
BAD root_position: -0.08064
BAD root_position: -0.08097
BAD root_position: -0.08132
BAD root_position: -0.08169
BAD root_position: -0.08207
BAD root_position: -0.08244
BAD root_position: -0.08279
BAD root_position: -0.08311
BAD root_position: -0.08339
BAD root_position: -0.08361
BAD root_position: -0.08375
BAD root_position: -0.08382
BAD root_position: -0.08387
BAD root_position: -0.08391
BAD root_position: -0.08396
BAD root_position: -0.08402
BAD root_position: -0.08407
recorded 500 frames
avg lin_vel_x 0.0071
avg lin_vel_y -0.0231
avg yaw -0.0001
computed xvel: 0.028, mean xvel: 0.0071
computed yvel: -0.021, mean yvel: -0.0231
computed thetavel: -0.139, mean thetavel: -0.0001
DONE, saving 4_0.028_-0.021_-0.139.json
