<frozen importlib._bootstrap>:241: RuntimeWarning: to-Python converter for std::vector<Eigen::Matrix<double, 3, 1, 0, 3, 1>, std::allocator<Eigen::Matrix<double, 3, 1, 0, 3, 1> > > already registered; second conversion method ignored.
<frozen importlib._bootstrap>:241: RuntimeWarning: to-Python converter for boost::python::detail::container_element<std::vector<Eigen::Matrix<double, 3, 1, 0, 3, 1>, std::allocator<Eigen::Matrix<double, 3, 1, 0, 3, 1> > >, unsigned long, boost::python::detail::final_vector_derived_policies<std::vector<Eigen::Matrix<double, 3, 1, 0, 3, 1>, std::allocator<Eigen::Matrix<double, 3, 1, 0, 3, 1> > >, false> > already registered; second conversion method ignored.
<frozen importlib._bootstrap>:241: RuntimeWarning: to-Python converter for std::vector<int, std::allocator<int> > already registered; second conversion method ignored.
<frozen importlib._bootstrap>:241: RuntimeWarning: to-Python converter for std::vector<double, std::allocator<double> > already registered; second conversion method ignored.
<frozen importlib._bootstrap>:241: RuntimeWarning: to-Python converter for std::vector<std::__cxx11::basic_string<char, std::char_traits<char>, std::allocator<char> >, std::allocator<std::__cxx11::basic_string<char, std::char_traits<char>, std::allocator<char> > > > already registered; second conversion method ignored.
WARNING: Can't find trunk frames in the model, can't measure leg spacing
WARNING: Can't find head frames in the model, camera_look_at won't work
gait_parameters {'dx': 0.06, 'dy': 0.01, 'dtheta': -0.13, 'duration': 8, 'hardware': True, 'double_support_ratio': 0.8, 'startend_double_support_ratio': 1.5, 'planned_timesteps': 48, 'replan_timesteps': 10, 'walk_com_height': 0.445, 'walk_foot_height': 0.03, 'walk_trunk_pitch': -5.7, 'walk_foot_rise_ratio': 0.2, 'single_support_duration': 0.8, 'single_support_timesteps': 10, 'foot_length': 0.22, 'feet_spacing': 0.114, 'zmp_margin': 0.02, 'foot_zmp_target_x': 0.0, 'foot_zmp_target_y': 0.0, 'walk_max_dtheta': 1.0, 'walk_max_dy': 0.04, 'walk_max_dx_forward': 0.08, 'walk_max_dx_backward': 0.03, 'joints': ['leg_left_ankle_roll_joint', 'leg_left_ankle_pitch_joint', 'leg_left_knee_pitch_joint', 'leg_left_hip_pitch_joint', 'leg_left_hip_yaw_joint', 'leg_left_hip_roll_joint', 'leg_right_ankle_roll_joint', 'leg_right_ankle_pitch_joint', 'leg_right_knee_pitch_joint', 'leg_right_hip_pitch_joint', 'leg_right_hip_yaw_joint', 'leg_right_hip_roll_joint', 'left_wrist_attachment_joint', 'left_fore_arm_joint', 'left_upper_arm_joint', 'left_shoulder_joint', 'right_wrist_attachment_joint', 'right_fore_arm_joint', 'right_upper_arm_joint', 'right_shoulder_joint'], 'joint_angles': {'left_wrist_attachment_joint': 0, 'left_fore_arm_joint': -90, 'left_upper_arm_joint': 45, 'left_shoulder_joint': 0, 'right_wrist_attachment_joint': 0, 'right_fore_arm_joint': 90, 'right_upper_arm_joint': -45, 'right_shoulder_joint': 0}}
Placing the robot in the initial position...
Initial position reached
{'leg_left_ankle_roll_joint': 0.01739720348904599, 'leg_left_ankle_pitch_joint': -0.4865887196414352, 'leg_left_knee_pitch_joint': 0.9327572895867546, 'leg_left_hip_pitch_joint': -0.34722531421965763, 'leg_left_hip_yaw_joint': -0.05492533165791671, 'leg_left_hip_roll_joint': -0.011036816354950857, 'leg_right_ankle_roll_joint': 0.01802723355733475, 'leg_right_ankle_pitch_joint': -0.511992090636991, 'leg_right_knee_pitch_joint': 1.0164346835405527, 'leg_right_hip_pitch_joint': -0.40551610308062885, 'leg_right_hip_yaw_joint': -0.055414533928645204, 'leg_right_hip_roll_joint': -0.011442211391828059, 'left_wrist_attachment_joint': -5.26814307263918e-28, 'left_fore_arm_joint': -1.084455558780331, 'left_upper_arm_joint': 0.7853981633895, 'left_shoulder_joint': 6.262831435647403e-12, 'right_wrist_attachment_joint': -2.7085568289848113e-28, 'right_fore_arm_joint': 0.8017131474667973, 'right_upper_arm_joint': -0.7853981633876618, 'right_shoulder_joint': 5.988575445071596e-12}
## period: 2.88
BAD root_position: -0.07991
BAD root_position: -0.07991
BAD root_position: -0.07991
BAD root_position: -0.07991
BAD root_position: -0.07991
BAD root_position: -0.07991
BAD root_position: -0.07991
BAD root_position: -0.07991
BAD root_position: -0.07991
BAD root_position: -0.07991
BAD root_position: -0.07991
BAD root_position: -0.07991
BAD root_position: -0.07991
BAD root_position: -0.07991
BAD root_position: -0.07991
BAD root_position: -0.07991
BAD root_position: -0.07991
BAD root_position: -0.07991
BAD root_position: -0.07991
BAD root_position: -0.07991
BAD root_position: -0.07991
BAD root_position: -0.07991
BAD root_position: -0.07991
BAD root_position: -0.07991
BAD root_position: -0.07991
BAD root_position: -0.07991
BAD root_position: -0.07991
BAD root_position: -0.07991
BAD root_position: -0.07991
BAD root_position: -0.07991
BAD root_position: -0.07991
BAD root_position: -0.07991
BAD root_position: -0.07991
BAD root_position: -0.07991
BAD root_position: -0.07991
BAD root_position: -0.07991
BAD root_position: -0.07991
BAD root_position: -0.07991
BAD root_position: -0.07991
BAD root_position: -0.07990
BAD root_position: -0.07990
BAD root_position: -0.07990
BAD root_position: -0.07990
BAD root_position: -0.07990
BAD root_position: -0.07990
BAD root_position: -0.07990
BAD root_position: -0.07990
BAD root_position: -0.07990
BAD root_position: -0.07990
BAD root_position: -0.07990
BAD root_position: -0.07990
BAD root_position: -0.07990
BAD root_position: -0.07990
BAD root_position: -0.07989
BAD root_position: -0.07989
BAD root_position: -0.07989
BAD root_position: -0.07988
BAD root_position: -0.07988
BAD root_position: -0.07989
BAD root_position: -0.07998
BAD root_position: -0.08015
BAD root_position: -0.08039
BAD root_position: -0.08069
BAD root_position: -0.08102
BAD root_position: -0.08138
BAD root_position: -0.08176
BAD root_position: -0.08214
BAD root_position: -0.08251
BAD root_position: -0.08285
BAD root_position: -0.08315
BAD root_position: -0.08341
BAD root_position: -0.08360
BAD root_position: -0.08371
BAD root_position: -0.08373
BAD root_position: -0.08373
BAD root_position: -0.08373
BAD root_position: -0.08373
BAD root_position: -0.08373
BAD root_position: -0.08373
BAD root_position: -0.08373
BAD root_position: -0.08373
BAD root_position: -0.08371
BAD root_position: -0.08360
BAD root_position: -0.08342
BAD root_position: -0.08317
BAD root_position: -0.08287
BAD root_position: -0.08253
BAD root_position: -0.08216
BAD root_position: -0.08178
BAD root_position: -0.08140
BAD root_position: -0.08104
BAD root_position: -0.08070
BAD root_position: -0.08041
BAD root_position: -0.08016
BAD root_position: -0.07999
BAD root_position: -0.07989
BAD root_position: -0.07988
BAD root_position: -0.07988
BAD root_position: -0.07988
BAD root_position: -0.07989
BAD root_position: -0.07989
BAD root_position: -0.07989
BAD root_position: -0.07990
BAD root_position: -0.07990
BAD root_position: -0.07990
BAD root_position: -0.07990
BAD root_position: -0.07990
BAD root_position: -0.07990
BAD root_position: -0.07991
BAD root_position: -0.07991
BAD root_position: -0.07991
BAD root_position: -0.07990
BAD root_position: -0.07990
BAD root_position: -0.07990
BAD root_position: -0.07990
BAD root_position: -0.07990
BAD root_position: -0.07990
BAD root_position: -0.07989
BAD root_position: -0.07989
BAD root_position: -0.07989
BAD root_position: -0.07988
BAD root_position: -0.07988
BAD root_position: -0.07988
BAD root_position: -0.07987
BAD root_position: -0.07987
BAD root_position: -0.07987
BAD root_position: -0.07986
BAD root_position: -0.07990
BAD root_position: -0.08003
BAD root_position: -0.08024
BAD root_position: -0.08050
BAD root_position: -0.08082
BAD root_position: -0.08117
BAD root_position: -0.08154
BAD root_position: -0.08192
BAD root_position: -0.08230
BAD root_position: -0.08266
BAD root_position: -0.08299
BAD root_position: -0.08328
BAD root_position: -0.08351
BAD root_position: -0.08367
BAD root_position: -0.08375
BAD root_position: -0.08375
BAD root_position: -0.08376
BAD root_position: -0.08376
BAD root_position: -0.08376
BAD root_position: -0.08376
BAD root_position: -0.08377
BAD root_position: -0.08377
BAD root_position: -0.08377
BAD root_position: -0.08372
BAD root_position: -0.08358
BAD root_position: -0.08337
BAD root_position: -0.08309
BAD root_position: -0.08277
BAD root_position: -0.08242
BAD root_position: -0.08204
BAD root_position: -0.08166
BAD root_position: -0.08129
BAD root_position: -0.08093
BAD root_position: -0.08061
BAD root_position: -0.08033
BAD root_position: -0.08011
BAD root_position: -0.07997
BAD root_position: -0.07991
BAD root_position: -0.07991
BAD root_position: -0.07991
BAD root_position: -0.07991
BAD root_position: -0.07991
BAD root_position: -0.07991
BAD root_position: -0.07991
BAD root_position: -0.07991
BAD root_position: -0.07991
BAD root_position: -0.07991
BAD root_position: -0.07991
BAD root_position: -0.07990
BAD root_position: -0.07990
BAD root_position: -0.07990
BAD root_position: -0.07989
BAD root_position: -0.07989
BAD root_position: -0.07989
BAD root_position: -0.07988
BAD root_position: -0.07988
BAD root_position: -0.07987
BAD root_position: -0.07987
BAD root_position: -0.07986
BAD root_position: -0.07986
BAD root_position: -0.07985
BAD root_position: -0.07984
BAD root_position: -0.07984
BAD root_position: -0.07983
BAD root_position: -0.07983
BAD root_position: -0.07982
BAD root_position: -0.07982
BAD root_position: -0.07981
BAD root_position: -0.07981
BAD root_position: -0.07987
BAD root_position: -0.08001
BAD root_position: -0.08022
BAD root_position: -0.08049
BAD root_position: -0.08082
BAD root_position: -0.08118
BAD root_position: -0.08156
BAD root_position: -0.08197
BAD root_position: -0.08237
BAD root_position: -0.08278
BAD root_position: -0.08316
BAD root_position: -0.08351
BAD root_position: -0.08381
BAD root_position: -0.08406
BAD root_position: -0.08424
BAD root_position: -0.08433
BAD root_position: -0.08440
BAD root_position: -0.08447
BAD root_position: -0.08453
BAD root_position: -0.08460
BAD root_position: -0.08466
BAD root_position: -0.08472
BAD root_position: -0.08478
BAD root_position: -0.08483
BAD root_position: -0.08482
BAD root_position: -0.08472
BAD root_position: -0.08454
BAD root_position: -0.08429
BAD root_position: -0.08399
BAD root_position: -0.08365
BAD root_position: -0.08328
BAD root_position: -0.08290
BAD root_position: -0.08250
BAD root_position: -0.08212
BAD root_position: -0.08176
BAD root_position: -0.08143
BAD root_position: -0.08115
BAD root_position: -0.08093
BAD root_position: -0.08079
BAD root_position: -0.08072
BAD root_position: -0.08069
BAD root_position: -0.08065
BAD root_position: -0.08061
BAD root_position: -0.08056
BAD root_position: -0.08052
BAD root_position: -0.08047
BAD root_position: -0.08041
BAD root_position: -0.08036
BAD root_position: -0.08030
BAD root_position: -0.08023
BAD root_position: -0.08017
BAD root_position: -0.08010
BAD root_position: -0.08004
BAD root_position: -0.07997
BAD root_position: -0.07990
BAD root_position: -0.07983
BAD root_position: -0.07976
BAD root_position: -0.07969
BAD root_position: -0.07962
BAD root_position: -0.07956
BAD root_position: -0.07949
BAD root_position: -0.07943
BAD root_position: -0.07937
BAD root_position: -0.07931
BAD root_position: -0.07925
BAD root_position: -0.07920
BAD root_position: -0.07915
BAD root_position: -0.07911
BAD root_position: -0.07907
BAD root_position: -0.07903
BAD root_position: -0.07899
BAD root_position: -0.07896
BAD root_position: -0.07899
BAD root_position: -0.07909
BAD root_position: -0.07925
BAD root_position: -0.07946
BAD root_position: -0.07972
BAD root_position: -0.08001
BAD root_position: -0.08032
BAD root_position: -0.08065
BAD root_position: -0.08098
BAD root_position: -0.08131
BAD root_position: -0.08162
BAD root_position: -0.08191
BAD root_position: -0.08216
BAD root_position: -0.08236
BAD root_position: -0.08250
BAD root_position: -0.08257
BAD root_position: -0.08262
BAD root_position: -0.08267
BAD root_position: -0.08273
BAD root_position: -0.08278
BAD root_position: -0.08284
BAD root_position: -0.08290
BAD root_position: -0.08295
BAD root_position: -0.08301
BAD root_position: -0.08297
BAD root_position: -0.08289
BAD root_position: -0.08274
BAD root_position: -0.08253
BAD root_position: -0.08228
BAD root_position: -0.08200
BAD root_position: -0.08169
BAD root_position: -0.08136
BAD root_position: -0.08103
BAD root_position: -0.08071
BAD root_position: -0.08041
BAD root_position: -0.08014
BAD root_position: -0.07991
BAD root_position: -0.07973
BAD root_position: -0.07962
BAD root_position: -0.07959
BAD root_position: -0.07958
BAD root_position: -0.07957
BAD root_position: -0.07956
BAD root_position: -0.07956
BAD root_position: -0.07956
BAD root_position: -0.07955
BAD root_position: -0.07955
BAD root_position: -0.07955
BAD root_position: -0.07956
BAD root_position: -0.07956
BAD root_position: -0.07957
BAD root_position: -0.07958
BAD root_position: -0.07959
BAD root_position: -0.07960
BAD root_position: -0.07961
BAD root_position: -0.07962
BAD root_position: -0.07964
BAD root_position: -0.07966
BAD root_position: -0.07967
BAD root_position: -0.07969
BAD root_position: -0.07971
BAD root_position: -0.07973
BAD root_position: -0.07975
BAD root_position: -0.07976
BAD root_position: -0.07977
BAD root_position: -0.07979
BAD root_position: -0.07980
BAD root_position: -0.07982
BAD root_position: -0.07984
BAD root_position: -0.07985
BAD root_position: -0.07986
BAD root_position: -0.07988
BAD root_position: -0.07995
BAD root_position: -0.08010
BAD root_position: -0.08033
BAD root_position: -0.08062
BAD root_position: -0.08095
BAD root_position: -0.08132
BAD root_position: -0.08172
BAD root_position: -0.08213
BAD root_position: -0.08255
BAD root_position: -0.08296
BAD root_position: -0.08335
BAD root_position: -0.08371
BAD root_position: -0.08402
BAD root_position: -0.08428
BAD root_position: -0.08446
BAD root_position: -0.08456
BAD root_position: -0.08463
BAD root_position: -0.08471
BAD root_position: -0.08477
BAD root_position: -0.08484
BAD root_position: -0.08491
BAD root_position: -0.08497
BAD root_position: -0.08504
BAD root_position: -0.08509
BAD root_position: -0.08508
BAD root_position: -0.08498
BAD root_position: -0.08480
BAD root_position: -0.08455
BAD root_position: -0.08425
BAD root_position: -0.08390
BAD root_position: -0.08353
BAD root_position: -0.08313
BAD root_position: -0.08276
BAD root_position: -0.08237
BAD root_position: -0.08201
BAD root_position: -0.08168
BAD root_position: -0.08139
BAD root_position: -0.08117
BAD root_position: -0.08102
BAD root_position: -0.08095
BAD root_position: -0.08092
BAD root_position: -0.08088
BAD root_position: -0.08083
BAD root_position: -0.08078
BAD root_position: -0.08073
BAD root_position: -0.08067
BAD root_position: -0.08061
BAD root_position: -0.08055
BAD root_position: -0.08048
BAD root_position: -0.08041
BAD root_position: -0.08033
BAD root_position: -0.08026
BAD root_position: -0.08017
BAD root_position: -0.08009
BAD root_position: -0.08000
BAD root_position: -0.07991
BAD root_position: -0.07982
BAD root_position: -0.07973
BAD root_position: -0.07964
BAD root_position: -0.07955
BAD root_position: -0.07947
BAD root_position: -0.07939
BAD root_position: -0.07931
BAD root_position: -0.07923
BAD root_position: -0.07916
BAD root_position: -0.07909
BAD root_position: -0.07903
BAD root_position: -0.07898
BAD root_position: -0.07893
BAD root_position: -0.07888
BAD root_position: -0.07884
BAD root_position: -0.07886
BAD root_position: -0.07896
BAD root_position: -0.07912
BAD root_position: -0.07934
BAD root_position: -0.07961
BAD root_position: -0.07991
BAD root_position: -0.08024
BAD root_position: -0.08058
BAD root_position: -0.08092
BAD root_position: -0.08125
BAD root_position: -0.08156
BAD root_position: -0.08184
BAD root_position: -0.08206
BAD root_position: -0.08223
BAD root_position: -0.08233
BAD root_position: -0.08238
BAD root_position: -0.08244
BAD root_position: -0.08249
BAD root_position: -0.08255
BAD root_position: -0.08261
BAD root_position: -0.08267
BAD root_position: -0.08273
BAD root_position: -0.08279
BAD root_position: -0.08278
BAD root_position: -0.08270
BAD root_position: -0.08254
BAD root_position: -0.08233
BAD root_position: -0.08206
BAD root_position: -0.08177
BAD root_position: -0.08145
BAD root_position: -0.08112
BAD root_position: -0.08080
BAD root_position: -0.08049
BAD root_position: -0.08021
BAD root_position: -0.07998
BAD root_position: -0.07980
BAD root_position: -0.07969
BAD root_position: -0.07966
BAD root_position: -0.07967
BAD root_position: -0.07969
BAD root_position: -0.07971
BAD root_position: -0.07973
BAD root_position: -0.07974
BAD root_position: -0.07976
BAD root_position: -0.07978
BAD root_position: -0.07980
BAD root_position: -0.07982
BAD root_position: -0.07985
BAD root_position: -0.07987
BAD root_position: -0.07989
BAD root_position: -0.07991
BAD root_position: -0.07993
BAD root_position: -0.07995
BAD root_position: -0.07997
BAD root_position: -0.07999
BAD root_position: -0.08000
BAD root_position: -0.08002
BAD root_position: -0.08004
BAD root_position: -0.08005
BAD root_position: -0.08007
BAD root_position: -0.08008
BAD root_position: -0.08010
BAD root_position: -0.08011
BAD root_position: -0.08012
BAD root_position: -0.08013
BAD root_position: -0.08014
BAD root_position: -0.08014
BAD root_position: -0.08015
BAD root_position: -0.08017
BAD root_position: -0.08028
BAD root_position: -0.08048
BAD root_position: -0.08075
BAD root_position: -0.08108
BAD root_position: -0.08145
BAD root_position: -0.08186
BAD root_position: -0.08230
BAD root_position: -0.08274
BAD root_position: -0.08317
BAD root_position: -0.08358
BAD root_position: -0.08396
BAD root_position: -0.08430
BAD root_position: -0.08456
BAD root_position: -0.08475
BAD root_position: -0.08485
BAD root_position: -0.08492
BAD root_position: -0.08499
BAD root_position: -0.08507
BAD root_position: -0.08514
BAD root_position: -0.08520
recorded 500 frames
avg lin_vel_x 0.0153
avg lin_vel_y -0.0014
avg yaw -0.0
computed xvel: 0.042, mean xvel: 0.0153
computed yvel: 0.007, mean yvel: -0.0014
computed thetavel: -0.09, mean thetavel: -0.0
DONE, saving 41_0.042_0.007_-0.09.json
