<frozen importlib._bootstrap>:241: RuntimeWarning: to-Python converter for std::vector<Eigen::Matrix<double, 3, 1, 0, 3, 1>, std::allocator<Eigen::Matrix<double, 3, 1, 0, 3, 1> > > already registered; second conversion method ignored.
<frozen importlib._bootstrap>:241: RuntimeWarning: to-Python converter for boost::python::detail::container_element<std::vector<Eigen::Matrix<double, 3, 1, 0, 3, 1>, std::allocator<Eigen::Matrix<double, 3, 1, 0, 3, 1> > >, unsigned long, boost::python::detail::final_vector_derived_policies<std::vector<Eigen::Matrix<double, 3, 1, 0, 3, 1>, std::allocator<Eigen::Matrix<double, 3, 1, 0, 3, 1> > >, false> > already registered; second conversion method ignored.
<frozen importlib._bootstrap>:241: RuntimeWarning: to-Python converter for std::vector<int, std::allocator<int> > already registered; second conversion method ignored.
<frozen importlib._bootstrap>:241: RuntimeWarning: to-Python converter for std::vector<double, std::allocator<double> > already registered; second conversion method ignored.
<frozen importlib._bootstrap>:241: RuntimeWarning: to-Python converter for std::vector<std::__cxx11::basic_string<char, std::char_traits<char>, std::allocator<char> >, std::allocator<std::__cxx11::basic_string<char, std::char_traits<char>, std::allocator<char> > > > already registered; second conversion method ignored.
WARNING: Can't find trunk frames in the model, can't measure leg spacing
WARNING: Can't find head frames in the model, camera_look_at won't work
gait_parameters {'dx': -0.04, 'dy': -0.03, 'dtheta': -0.06, 'duration': 8, 'hardware': True, 'double_support_ratio': 0.8, 'startend_double_support_ratio': 1.5, 'planned_timesteps': 48, 'replan_timesteps': 10, 'walk_com_height': 0.445, 'walk_foot_height': 0.03, 'walk_trunk_pitch': -5.7, 'walk_foot_rise_ratio': 0.2, 'single_support_duration': 0.8, 'single_support_timesteps': 10, 'foot_length': 0.22, 'feet_spacing': 0.114, 'zmp_margin': 0.02, 'foot_zmp_target_x': 0.0, 'foot_zmp_target_y': 0.0, 'walk_max_dtheta': 1.0, 'walk_max_dy': 0.04, 'walk_max_dx_forward': 0.08, 'walk_max_dx_backward': 0.03, 'joints': ['leg_left_ankle_roll_joint', 'leg_left_ankle_pitch_joint', 'leg_left_knee_pitch_joint', 'leg_left_hip_pitch_joint', 'leg_left_hip_yaw_joint', 'leg_left_hip_roll_joint', 'leg_right_ankle_roll_joint', 'leg_right_ankle_pitch_joint', 'leg_right_knee_pitch_joint', 'leg_right_hip_pitch_joint', 'leg_right_hip_yaw_joint', 'leg_right_hip_roll_joint', 'left_wrist_attachment_joint', 'left_fore_arm_joint', 'left_upper_arm_joint', 'left_shoulder_joint', 'right_wrist_attachment_joint', 'right_fore_arm_joint', 'right_upper_arm_joint', 'right_shoulder_joint'], 'joint_angles': {'left_wrist_attachment_joint': 0, 'left_fore_arm_joint': -90, 'left_upper_arm_joint': 45, 'left_shoulder_joint': 0, 'right_wrist_attachment_joint': 0, 'right_fore_arm_joint': 90, 'right_upper_arm_joint': -45, 'right_shoulder_joint': 0}}
Placing the robot in the initial position...
Initial position reached
{'leg_left_ankle_roll_joint': 0.016314961385007477, 'leg_left_ankle_pitch_joint': -0.5035038009956345, 'leg_left_knee_pitch_joint': 0.962943786025655, 'leg_left_hip_pitch_joint': -0.36045930688542993, 'leg_left_hip_yaw_joint': -0.054088200811122776, 'leg_left_hip_roll_joint': -0.010349892117842593, 'leg_right_ankle_roll_joint': 0.01693126599613447, 'leg_right_ankle_pitch_joint': -0.5274985736194615, 'leg_right_knee_pitch_joint': 1.043875281384727, 'leg_right_hip_pitch_joint': -0.41741198277621616, 'leg_right_hip_yaw_joint': -0.054566801278701574, 'leg_right_hip_roll_joint': -0.010746538443683396, 'left_wrist_attachment_joint': -0.3236717309076427, 'left_fore_arm_joint': -1.168817120592438, 'left_upper_arm_joint': 0.7853981633911854, 'left_shoulder_joint': 5.1026334524853744e-12, 'right_wrist_attachment_joint': -4.51777003107318e-28, 'right_fore_arm_joint': 1.2730902350795574, 'right_upper_arm_joint': -0.785398163389923, 'right_shoulder_joint': 4.729534382753254e-12}
## period: 2.88
BAD root_position: -0.07991
BAD root_position: -0.07991
BAD root_position: -0.07991
BAD root_position: -0.07991
BAD root_position: -0.07991
BAD root_position: -0.07991
BAD root_position: -0.07991
BAD root_position: -0.07991
BAD root_position: -0.07991
BAD root_position: -0.07991
BAD root_position: -0.07991
BAD root_position: -0.07991
BAD root_position: -0.07991
BAD root_position: -0.07991
BAD root_position: -0.07991
BAD root_position: -0.07991
BAD root_position: -0.07991
BAD root_position: -0.07991
BAD root_position: -0.07991
BAD root_position: -0.07991
BAD root_position: -0.07991
BAD root_position: -0.07991
BAD root_position: -0.07991
BAD root_position: -0.07991
BAD root_position: -0.07991
BAD root_position: -0.07991
BAD root_position: -0.07991
BAD root_position: -0.07991
BAD root_position: -0.07991
BAD root_position: -0.07991
BAD root_position: -0.07991
BAD root_position: -0.07991
BAD root_position: -0.07991
BAD root_position: -0.07991
BAD root_position: -0.07991
BAD root_position: -0.07991
BAD root_position: -0.07991
BAD root_position: -0.07991
BAD root_position: -0.07991
BAD root_position: -0.07990
BAD root_position: -0.07990
BAD root_position: -0.07990
BAD root_position: -0.07990
BAD root_position: -0.07990
BAD root_position: -0.07990
BAD root_position: -0.07990
BAD root_position: -0.07990
BAD root_position: -0.07990
BAD root_position: -0.07990
BAD root_position: -0.07990
BAD root_position: -0.07990
BAD root_position: -0.07990
BAD root_position: -0.07990
BAD root_position: -0.07989
BAD root_position: -0.07989
BAD root_position: -0.07989
BAD root_position: -0.07988
BAD root_position: -0.07988
BAD root_position: -0.07989
BAD root_position: -0.07998
BAD root_position: -0.08015
BAD root_position: -0.08039
BAD root_position: -0.08069
BAD root_position: -0.08102
BAD root_position: -0.08138
BAD root_position: -0.08176
BAD root_position: -0.08214
BAD root_position: -0.08251
BAD root_position: -0.08285
BAD root_position: -0.08315
BAD root_position: -0.08341
BAD root_position: -0.08360
BAD root_position: -0.08371
BAD root_position: -0.08373
BAD root_position: -0.08373
BAD root_position: -0.08373
BAD root_position: -0.08373
BAD root_position: -0.08373
BAD root_position: -0.08373
BAD root_position: -0.08373
BAD root_position: -0.08373
BAD root_position: -0.08371
BAD root_position: -0.08360
BAD root_position: -0.08342
BAD root_position: -0.08317
BAD root_position: -0.08287
BAD root_position: -0.08253
BAD root_position: -0.08216
BAD root_position: -0.08178
BAD root_position: -0.08140
BAD root_position: -0.08104
BAD root_position: -0.08070
BAD root_position: -0.08041
BAD root_position: -0.08016
BAD root_position: -0.07999
BAD root_position: -0.07989
BAD root_position: -0.07988
BAD root_position: -0.07988
BAD root_position: -0.07989
BAD root_position: -0.07989
BAD root_position: -0.07989
BAD root_position: -0.07989
BAD root_position: -0.07990
BAD root_position: -0.07990
BAD root_position: -0.07990
BAD root_position: -0.07990
BAD root_position: -0.07991
BAD root_position: -0.07991
BAD root_position: -0.07991
BAD root_position: -0.07991
BAD root_position: -0.07991
BAD root_position: -0.07991
BAD root_position: -0.07991
BAD root_position: -0.07990
BAD root_position: -0.07990
BAD root_position: -0.07990
BAD root_position: -0.07990
BAD root_position: -0.07990
BAD root_position: -0.07989
BAD root_position: -0.07989
BAD root_position: -0.07989
BAD root_position: -0.07988
BAD root_position: -0.07988
BAD root_position: -0.07988
BAD root_position: -0.07988
BAD root_position: -0.07987
BAD root_position: -0.07987
BAD root_position: -0.07991
BAD root_position: -0.08003
BAD root_position: -0.08023
BAD root_position: -0.08049
BAD root_position: -0.08079
BAD root_position: -0.08113
BAD root_position: -0.08148
BAD root_position: -0.08184
BAD root_position: -0.08220
BAD root_position: -0.08253
BAD root_position: -0.08283
BAD root_position: -0.08309
BAD root_position: -0.08329
BAD root_position: -0.08341
BAD root_position: -0.08346
BAD root_position: -0.08343
BAD root_position: -0.08340
BAD root_position: -0.08338
BAD root_position: -0.08335
BAD root_position: -0.08332
BAD root_position: -0.08329
BAD root_position: -0.08327
BAD root_position: -0.08324
BAD root_position: -0.08317
BAD root_position: -0.08301
BAD root_position: -0.08278
BAD root_position: -0.08251
BAD root_position: -0.08219
BAD root_position: -0.08184
BAD root_position: -0.08148
BAD root_position: -0.08111
BAD root_position: -0.08075
BAD root_position: -0.08042
BAD root_position: -0.08012
BAD root_position: -0.07987
BAD root_position: -0.07967
BAD root_position: -0.07955
BAD root_position: -0.07951
BAD root_position: -0.07954
BAD root_position: -0.07956
BAD root_position: -0.07959
BAD root_position: -0.07962
BAD root_position: -0.07965
BAD root_position: -0.07968
BAD root_position: -0.07971
BAD root_position: -0.07974
BAD root_position: -0.07978
BAD root_position: -0.07981
BAD root_position: -0.07985
BAD root_position: -0.07988
BAD root_position: -0.07991
BAD root_position: -0.07995
BAD root_position: -0.07998
BAD root_position: -0.08001
BAD root_position: -0.08004
BAD root_position: -0.08007
BAD root_position: -0.08010
BAD root_position: -0.08013
BAD root_position: -0.08015
BAD root_position: -0.08018
BAD root_position: -0.08020
BAD root_position: -0.08022
BAD root_position: -0.08024
BAD root_position: -0.08026
BAD root_position: -0.08027
BAD root_position: -0.08029
BAD root_position: -0.08030
BAD root_position: -0.08031
BAD root_position: -0.08032
BAD root_position: -0.08039
BAD root_position: -0.08054
BAD root_position: -0.08076
BAD root_position: -0.08103
BAD root_position: -0.08135
BAD root_position: -0.08169
BAD root_position: -0.08206
BAD root_position: -0.08243
BAD root_position: -0.08280
BAD root_position: -0.08315
BAD root_position: -0.08347
BAD root_position: -0.08375
BAD root_position: -0.08398
BAD root_position: -0.08415
BAD root_position: -0.08424
BAD root_position: -0.08424
BAD root_position: -0.08421
BAD root_position: -0.08419
BAD root_position: -0.08416
BAD root_position: -0.08414
BAD root_position: -0.08411
BAD root_position: -0.08408
BAD root_position: -0.08406
BAD root_position: -0.08403
BAD root_position: -0.08394
BAD root_position: -0.08378
BAD root_position: -0.08355
BAD root_position: -0.08326
BAD root_position: -0.08294
BAD root_position: -0.08258
BAD root_position: -0.08221
BAD root_position: -0.08183
BAD root_position: -0.08145
BAD root_position: -0.08109
BAD root_position: -0.08076
BAD root_position: -0.08047
BAD root_position: -0.08023
BAD root_position: -0.08006
BAD root_position: -0.07995
BAD root_position: -0.07993
BAD root_position: -0.07993
BAD root_position: -0.07994
BAD root_position: -0.07994
BAD root_position: -0.07995
BAD root_position: -0.07996
BAD root_position: -0.07996
BAD root_position: -0.07997
BAD root_position: -0.07997
BAD root_position: -0.07997
BAD root_position: -0.07998
BAD root_position: -0.07998
BAD root_position: -0.07998
BAD root_position: -0.07998
BAD root_position: -0.07998
BAD root_position: -0.07998
BAD root_position: -0.07998
BAD root_position: -0.07998
BAD root_position: -0.07997
BAD root_position: -0.07997
BAD root_position: -0.07996
BAD root_position: -0.07996
BAD root_position: -0.07995
BAD root_position: -0.07994
BAD root_position: -0.07994
BAD root_position: -0.07993
BAD root_position: -0.07992
BAD root_position: -0.07991
BAD root_position: -0.07991
BAD root_position: -0.07990
BAD root_position: -0.07989
BAD root_position: -0.07988
BAD root_position: -0.07988
BAD root_position: -0.07993
BAD root_position: -0.08006
BAD root_position: -0.08025
BAD root_position: -0.08050
BAD root_position: -0.08079
BAD root_position: -0.08110
BAD root_position: -0.08144
BAD root_position: -0.08178
BAD root_position: -0.08211
BAD root_position: -0.08243
BAD root_position: -0.08273
BAD root_position: -0.08298
BAD root_position: -0.08319
BAD root_position: -0.08334
BAD root_position: -0.08341
BAD root_position: -0.08341
BAD root_position: -0.08338
BAD root_position: -0.08335
BAD root_position: -0.08332
BAD root_position: -0.08329
BAD root_position: -0.08327
BAD root_position: -0.08324
BAD root_position: -0.08321
BAD root_position: -0.08319
BAD root_position: -0.08310
BAD root_position: -0.08294
BAD root_position: -0.08273
BAD root_position: -0.08246
BAD root_position: -0.08216
BAD root_position: -0.08183
BAD root_position: -0.08149
BAD root_position: -0.08114
BAD root_position: -0.08079
BAD root_position: -0.08047
BAD root_position: -0.08016
BAD root_position: -0.07990
BAD root_position: -0.07969
BAD root_position: -0.07953
BAD root_position: -0.07944
BAD root_position: -0.07944
BAD root_position: -0.07946
BAD root_position: -0.07948
BAD root_position: -0.07950
BAD root_position: -0.07953
BAD root_position: -0.07956
BAD root_position: -0.07959
BAD root_position: -0.07962
BAD root_position: -0.07965
BAD root_position: -0.07969
BAD root_position: -0.07972
BAD root_position: -0.07976
BAD root_position: -0.07979
BAD root_position: -0.07983
BAD root_position: -0.07987
BAD root_position: -0.07991
BAD root_position: -0.07995
BAD root_position: -0.07999
BAD root_position: -0.08002
BAD root_position: -0.08006
BAD root_position: -0.08009
BAD root_position: -0.08013
BAD root_position: -0.08016
BAD root_position: -0.08019
BAD root_position: -0.08022
BAD root_position: -0.08025
BAD root_position: -0.08027
BAD root_position: -0.08029
BAD root_position: -0.08031
BAD root_position: -0.08033
BAD root_position: -0.08035
BAD root_position: -0.08036
BAD root_position: -0.08038
BAD root_position: -0.08045
BAD root_position: -0.08060
BAD root_position: -0.08082
BAD root_position: -0.08110
BAD root_position: -0.08141
BAD root_position: -0.08176
BAD root_position: -0.08213
BAD root_position: -0.08250
BAD root_position: -0.08287
BAD root_position: -0.08322
BAD root_position: -0.08355
BAD root_position: -0.08383
BAD root_position: -0.08406
BAD root_position: -0.08422
BAD root_position: -0.08431
BAD root_position: -0.08432
BAD root_position: -0.08429
BAD root_position: -0.08426
BAD root_position: -0.08423
BAD root_position: -0.08421
BAD root_position: -0.08418
BAD root_position: -0.08415
BAD root_position: -0.08412
BAD root_position: -0.08409
BAD root_position: -0.08400
BAD root_position: -0.08383
BAD root_position: -0.08360
BAD root_position: -0.08331
BAD root_position: -0.08298
BAD root_position: -0.08263
BAD root_position: -0.08225
BAD root_position: -0.08187
BAD root_position: -0.08150
BAD root_position: -0.08114
BAD root_position: -0.08081
BAD root_position: -0.08052
BAD root_position: -0.08028
BAD root_position: -0.08010
BAD root_position: -0.07999
BAD root_position: -0.07996
BAD root_position: -0.07997
BAD root_position: -0.07997
BAD root_position: -0.07998
BAD root_position: -0.07998
BAD root_position: -0.07998
BAD root_position: -0.07999
BAD root_position: -0.07999
BAD root_position: -0.07999
BAD root_position: -0.07999
BAD root_position: -0.07999
BAD root_position: -0.07999
BAD root_position: -0.07999
BAD root_position: -0.07999
BAD root_position: -0.07998
BAD root_position: -0.07998
BAD root_position: -0.07997
BAD root_position: -0.07997
BAD root_position: -0.07996
BAD root_position: -0.07995
BAD root_position: -0.07994
BAD root_position: -0.07994
BAD root_position: -0.07993
BAD root_position: -0.07992
BAD root_position: -0.07991
BAD root_position: -0.07989
BAD root_position: -0.07988
BAD root_position: -0.07987
BAD root_position: -0.07986
BAD root_position: -0.07985
BAD root_position: -0.07985
BAD root_position: -0.07984
BAD root_position: -0.07989
BAD root_position: -0.08002
BAD root_position: -0.08023
BAD root_position: -0.08049
BAD root_position: -0.08080
BAD root_position: -0.08113
BAD root_position: -0.08149
BAD root_position: -0.08184
BAD root_position: -0.08219
BAD root_position: -0.08251
BAD root_position: -0.08280
BAD root_position: -0.08304
BAD root_position: -0.08322
BAD root_position: -0.08333
BAD root_position: -0.08336
BAD root_position: -0.08332
BAD root_position: -0.08329
BAD root_position: -0.08326
BAD root_position: -0.08323
BAD root_position: -0.08320
BAD root_position: -0.08317
BAD root_position: -0.08314
BAD root_position: -0.08311
BAD root_position: -0.08302
BAD root_position: -0.08285
BAD root_position: -0.08261
BAD root_position: -0.08233
BAD root_position: -0.08200
BAD root_position: -0.08165
BAD root_position: -0.08129
BAD root_position: -0.08093
BAD root_position: -0.08058
BAD root_position: -0.08025
BAD root_position: -0.07997
BAD root_position: -0.07973
BAD root_position: -0.07955
BAD root_position: -0.07945
BAD root_position: -0.07943
BAD root_position: -0.07946
BAD root_position: -0.07949
BAD root_position: -0.07952
BAD root_position: -0.07956
BAD root_position: -0.07959
BAD root_position: -0.07963
BAD root_position: -0.07967
BAD root_position: -0.07971
BAD root_position: -0.07975
BAD root_position: -0.07979
BAD root_position: -0.07983
BAD root_position: -0.07988
BAD root_position: -0.07992
BAD root_position: -0.07996
BAD root_position: -0.08000
BAD root_position: -0.08004
BAD root_position: -0.08008
BAD root_position: -0.08011
BAD root_position: -0.08015
BAD root_position: -0.08018
BAD root_position: -0.08022
BAD root_position: -0.08025
BAD root_position: -0.08028
BAD root_position: -0.08030
BAD root_position: -0.08033
BAD root_position: -0.08035
BAD root_position: -0.08037
BAD root_position: -0.08039
BAD root_position: -0.08040
BAD root_position: -0.08042
BAD root_position: -0.08045
BAD root_position: -0.08056
BAD root_position: -0.08076
BAD root_position: -0.08102
BAD root_position: -0.08134
BAD root_position: -0.08169
BAD root_position: -0.08208
BAD root_position: -0.08247
BAD root_position: -0.08286
BAD root_position: -0.08324
BAD root_position: -0.08358
BAD root_position: -0.08388
BAD root_position: -0.08413
BAD root_position: -0.08430
BAD root_position: -0.08439
BAD root_position: -0.08438
BAD root_position: -0.08435
BAD root_position: -0.08432
BAD root_position: -0.08429
BAD root_position: -0.08426
BAD root_position: -0.08423
recorded 500 frames
avg lin_vel_x -0.0111
avg lin_vel_y -0.0125
avg yaw -0.0
computed xvel: -0.028, mean xvel: -0.0111
computed yvel: -0.021, mean yvel: -0.0125
computed thetavel: -0.042, mean thetavel: -0.0
DONE, saving 48_-0.028_-0.021_-0.042.json
