<frozen importlib._bootstrap>:241: RuntimeWarning: to-Python converter for std::vector<Eigen::Matrix<double, 3, 1, 0, 3, 1>, std::allocator<Eigen::Matrix<double, 3, 1, 0, 3, 1> > > already registered; second conversion method ignored.
<frozen importlib._bootstrap>:241: RuntimeWarning: to-Python converter for boost::python::detail::container_element<std::vector<Eigen::Matrix<double, 3, 1, 0, 3, 1>, std::allocator<Eigen::Matrix<double, 3, 1, 0, 3, 1> > >, unsigned long, boost::python::detail::final_vector_derived_policies<std::vector<Eigen::Matrix<double, 3, 1, 0, 3, 1>, std::allocator<Eigen::Matrix<double, 3, 1, 0, 3, 1> > >, false> > already registered; second conversion method ignored.
<frozen importlib._bootstrap>:241: RuntimeWarning: to-Python converter for std::vector<int, std::allocator<int> > already registered; second conversion method ignored.
<frozen importlib._bootstrap>:241: RuntimeWarning: to-Python converter for std::vector<double, std::allocator<double> > already registered; second conversion method ignored.
<frozen importlib._bootstrap>:241: RuntimeWarning: to-Python converter for std::vector<std::__cxx11::basic_string<char, std::char_traits<char>, std::allocator<char> >, std::allocator<std::__cxx11::basic_string<char, std::char_traits<char>, std::allocator<char> > > > already registered; second conversion method ignored.
WARNING: Can't find trunk frames in the model, can't measure leg spacing
WARNING: Can't find head frames in the model, camera_look_at won't work
gait_parameters {'dx': 0.02, 'dy': -0.03, 'dtheta': -0.06, 'duration': 8, 'hardware': True, 'double_support_ratio': 0.8, 'startend_double_support_ratio': 1.5, 'planned_timesteps': 48, 'replan_timesteps': 10, 'walk_com_height': 0.445, 'walk_foot_height': 0.03, 'walk_trunk_pitch': -5.7, 'walk_foot_rise_ratio': 0.2, 'single_support_duration': 0.8, 'single_support_timesteps': 10, 'foot_length': 0.22, 'feet_spacing': 0.114, 'zmp_margin': 0.02, 'foot_zmp_target_x': 0.0, 'foot_zmp_target_y': 0.0, 'walk_max_dtheta': 1.0, 'walk_max_dy': 0.04, 'walk_max_dx_forward': 0.08, 'walk_max_dx_backward': 0.03, 'joints': ['leg_left_ankle_roll_joint', 'leg_left_ankle_pitch_joint', 'leg_left_knee_pitch_joint', 'leg_left_hip_pitch_joint', 'leg_left_hip_yaw_joint', 'leg_left_hip_roll_joint', 'leg_right_ankle_roll_joint', 'leg_right_ankle_pitch_joint', 'leg_right_knee_pitch_joint', 'leg_right_hip_pitch_joint', 'leg_right_hip_yaw_joint', 'leg_right_hip_roll_joint', 'left_wrist_attachment_joint', 'left_fore_arm_joint', 'left_upper_arm_joint', 'left_shoulder_joint', 'right_wrist_attachment_joint', 'right_fore_arm_joint', 'right_upper_arm_joint', 'right_shoulder_joint'], 'joint_angles': {'left_wrist_attachment_joint': 0, 'left_fore_arm_joint': -90, 'left_upper_arm_joint': 45, 'left_shoulder_joint': 0, 'right_wrist_attachment_joint': 0, 'right_fore_arm_joint': 90, 'right_upper_arm_joint': -45, 'right_shoulder_joint': 0}}
Placing the robot in the initial position...
Initial position reached
{'leg_left_ankle_roll_joint': 0.01642882645611313, 'leg_left_ankle_pitch_joint': -0.514267806285521, 'leg_left_knee_pitch_joint': 0.9792507399908094, 'leg_left_hip_pitch_joint': -0.3660061656678268, 'leg_left_hip_yaw_joint': -0.054176278392620875, 'leg_left_hip_roll_joint': -0.0104221619790732, 'leg_right_ankle_roll_joint': 0.017048990544471485, 'leg_right_ankle_pitch_joint': -0.537807317563711, 'leg_right_knee_pitch_joint': 1.0592594062454672, 'leg_right_hip_pitch_joint': -0.4224914423657618, 'leg_right_hip_yaw_joint': -0.05465786267346475, 'leg_right_hip_roll_joint': -0.010821261803528453, 'left_wrist_attachment_joint': -3.218490134407879e-27, 'left_fore_arm_joint': -1.3845402484789624, 'left_upper_arm_joint': 0.7853981633925999, 'left_shoulder_joint': 4.155616920485666e-12, 'right_wrist_attachment_joint': -1.8941422013238597e-28, 'right_fore_arm_joint': 1.4230887974600641, 'right_upper_arm_joint': -0.7853981633914802, 'right_shoulder_joint': 3.871886041137168e-12}
## period: 2.88
BAD root_position: -0.07991
BAD root_position: -0.07991
BAD root_position: -0.07991
BAD root_position: -0.07991
BAD root_position: -0.07991
BAD root_position: -0.07991
BAD root_position: -0.07991
BAD root_position: -0.07991
BAD root_position: -0.07991
BAD root_position: -0.07991
BAD root_position: -0.07991
BAD root_position: -0.07991
BAD root_position: -0.07991
BAD root_position: -0.07991
BAD root_position: -0.07991
BAD root_position: -0.07991
BAD root_position: -0.07991
BAD root_position: -0.07991
BAD root_position: -0.07991
BAD root_position: -0.07991
BAD root_position: -0.07991
BAD root_position: -0.07991
BAD root_position: -0.07991
BAD root_position: -0.07991
BAD root_position: -0.07991
BAD root_position: -0.07991
BAD root_position: -0.07991
BAD root_position: -0.07991
BAD root_position: -0.07991
BAD root_position: -0.07991
BAD root_position: -0.07991
BAD root_position: -0.07991
BAD root_position: -0.07991
BAD root_position: -0.07991
BAD root_position: -0.07991
BAD root_position: -0.07991
BAD root_position: -0.07991
BAD root_position: -0.07991
BAD root_position: -0.07991
BAD root_position: -0.07990
BAD root_position: -0.07990
BAD root_position: -0.07990
BAD root_position: -0.07990
BAD root_position: -0.07990
BAD root_position: -0.07990
BAD root_position: -0.07990
BAD root_position: -0.07990
BAD root_position: -0.07990
BAD root_position: -0.07990
BAD root_position: -0.07990
BAD root_position: -0.07990
BAD root_position: -0.07990
BAD root_position: -0.07990
BAD root_position: -0.07989
BAD root_position: -0.07989
BAD root_position: -0.07989
BAD root_position: -0.07988
BAD root_position: -0.07988
BAD root_position: -0.07989
BAD root_position: -0.07998
BAD root_position: -0.08015
BAD root_position: -0.08039
BAD root_position: -0.08069
BAD root_position: -0.08102
BAD root_position: -0.08138
BAD root_position: -0.08176
BAD root_position: -0.08214
BAD root_position: -0.08251
BAD root_position: -0.08285
BAD root_position: -0.08315
BAD root_position: -0.08341
BAD root_position: -0.08360
BAD root_position: -0.08371
BAD root_position: -0.08373
BAD root_position: -0.08373
BAD root_position: -0.08373
BAD root_position: -0.08373
BAD root_position: -0.08373
BAD root_position: -0.08373
BAD root_position: -0.08373
BAD root_position: -0.08373
BAD root_position: -0.08371
BAD root_position: -0.08360
BAD root_position: -0.08342
BAD root_position: -0.08317
BAD root_position: -0.08287
BAD root_position: -0.08252
BAD root_position: -0.08216
BAD root_position: -0.08178
BAD root_position: -0.08140
BAD root_position: -0.08104
BAD root_position: -0.08070
BAD root_position: -0.08041
BAD root_position: -0.08016
BAD root_position: -0.07999
BAD root_position: -0.07989
BAD root_position: -0.07988
BAD root_position: -0.07988
BAD root_position: -0.07988
BAD root_position: -0.07989
BAD root_position: -0.07989
BAD root_position: -0.07989
BAD root_position: -0.07990
BAD root_position: -0.07990
BAD root_position: -0.07990
BAD root_position: -0.07990
BAD root_position: -0.07990
BAD root_position: -0.07990
BAD root_position: -0.07990
BAD root_position: -0.07990
BAD root_position: -0.07990
BAD root_position: -0.07990
BAD root_position: -0.07990
BAD root_position: -0.07990
BAD root_position: -0.07990
BAD root_position: -0.07990
BAD root_position: -0.07989
BAD root_position: -0.07989
BAD root_position: -0.07989
BAD root_position: -0.07988
BAD root_position: -0.07988
BAD root_position: -0.07988
BAD root_position: -0.07987
BAD root_position: -0.07987
BAD root_position: -0.07987
BAD root_position: -0.07986
BAD root_position: -0.07986
BAD root_position: -0.07990
BAD root_position: -0.08003
BAD root_position: -0.08024
BAD root_position: -0.08051
BAD root_position: -0.08083
BAD root_position: -0.08119
BAD root_position: -0.08158
BAD root_position: -0.08198
BAD root_position: -0.08237
BAD root_position: -0.08275
BAD root_position: -0.08311
BAD root_position: -0.08342
BAD root_position: -0.08367
BAD root_position: -0.08386
BAD root_position: -0.08396
BAD root_position: -0.08399
BAD root_position: -0.08401
BAD root_position: -0.08404
BAD root_position: -0.08407
BAD root_position: -0.08409
BAD root_position: -0.08412
BAD root_position: -0.08414
BAD root_position: -0.08417
BAD root_position: -0.08413
BAD root_position: -0.08400
BAD root_position: -0.08380
BAD root_position: -0.08353
BAD root_position: -0.08321
BAD root_position: -0.08285
BAD root_position: -0.08247
BAD root_position: -0.08208
BAD root_position: -0.08169
BAD root_position: -0.08132
BAD root_position: -0.08099
BAD root_position: -0.08069
BAD root_position: -0.08046
BAD root_position: -0.08030
BAD root_position: -0.08023
BAD root_position: -0.08021
BAD root_position: -0.08020
BAD root_position: -0.08019
BAD root_position: -0.08017
BAD root_position: -0.08015
BAD root_position: -0.08013
BAD root_position: -0.08011
BAD root_position: -0.08009
BAD root_position: -0.08007
BAD root_position: -0.08004
BAD root_position: -0.08001
BAD root_position: -0.07999
BAD root_position: -0.07996
BAD root_position: -0.07993
BAD root_position: -0.07990
BAD root_position: -0.07987
BAD root_position: -0.07984
BAD root_position: -0.07981
BAD root_position: -0.07978
BAD root_position: -0.07975
BAD root_position: -0.07973
BAD root_position: -0.07970
BAD root_position: -0.07967
BAD root_position: -0.07965
BAD root_position: -0.07962
BAD root_position: -0.07960
BAD root_position: -0.07958
BAD root_position: -0.07956
BAD root_position: -0.07954
BAD root_position: -0.07953
BAD root_position: -0.07951
BAD root_position: -0.07956
BAD root_position: -0.07968
BAD root_position: -0.07986
BAD root_position: -0.08010
BAD root_position: -0.08039
BAD root_position: -0.08071
BAD root_position: -0.08105
BAD root_position: -0.08140
BAD root_position: -0.08175
BAD root_position: -0.08209
BAD root_position: -0.08242
BAD root_position: -0.08271
BAD root_position: -0.08296
BAD root_position: -0.08315
BAD root_position: -0.08328
BAD root_position: -0.08333
BAD root_position: -0.08336
BAD root_position: -0.08338
BAD root_position: -0.08341
BAD root_position: -0.08343
BAD root_position: -0.08346
BAD root_position: -0.08349
BAD root_position: -0.08352
BAD root_position: -0.08354
BAD root_position: -0.08351
BAD root_position: -0.08340
BAD root_position: -0.08322
BAD root_position: -0.08299
BAD root_position: -0.08271
BAD root_position: -0.08240
BAD root_position: -0.08207
BAD root_position: -0.08172
BAD root_position: -0.08137
BAD root_position: -0.08104
BAD root_position: -0.08072
BAD root_position: -0.08044
BAD root_position: -0.08021
BAD root_position: -0.08003
BAD root_position: -0.07992
BAD root_position: -0.07989
BAD root_position: -0.07988
BAD root_position: -0.07988
BAD root_position: -0.07988
BAD root_position: -0.07987
BAD root_position: -0.07987
BAD root_position: -0.07986
BAD root_position: -0.07986
BAD root_position: -0.07986
BAD root_position: -0.07985
BAD root_position: -0.07985
BAD root_position: -0.07985
BAD root_position: -0.07984
BAD root_position: -0.07984
BAD root_position: -0.07983
BAD root_position: -0.07983
BAD root_position: -0.07983
BAD root_position: -0.07982
BAD root_position: -0.07982
BAD root_position: -0.07981
BAD root_position: -0.07981
BAD root_position: -0.07981
BAD root_position: -0.07980
BAD root_position: -0.07980
BAD root_position: -0.07979
BAD root_position: -0.07979
BAD root_position: -0.07979
BAD root_position: -0.07978
BAD root_position: -0.07978
BAD root_position: -0.07977
BAD root_position: -0.07977
BAD root_position: -0.07977
BAD root_position: -0.07977
BAD root_position: -0.07982
BAD root_position: -0.07996
BAD root_position: -0.08016
BAD root_position: -0.08043
BAD root_position: -0.08073
BAD root_position: -0.08107
BAD root_position: -0.08144
BAD root_position: -0.08181
BAD root_position: -0.08219
BAD root_position: -0.08255
BAD root_position: -0.08289
BAD root_position: -0.08320
BAD root_position: -0.08346
BAD root_position: -0.08367
BAD root_position: -0.08380
BAD root_position: -0.08385
BAD root_position: -0.08388
BAD root_position: -0.08390
BAD root_position: -0.08392
BAD root_position: -0.08395
BAD root_position: -0.08397
BAD root_position: -0.08400
BAD root_position: -0.08402
BAD root_position: -0.08404
BAD root_position: -0.08400
BAD root_position: -0.08388
BAD root_position: -0.08368
BAD root_position: -0.08343
BAD root_position: -0.08313
BAD root_position: -0.08280
BAD root_position: -0.08244
BAD root_position: -0.08207
BAD root_position: -0.08170
BAD root_position: -0.08135
BAD root_position: -0.08101
BAD root_position: -0.08072
BAD root_position: -0.08047
BAD root_position: -0.08028
BAD root_position: -0.08016
BAD root_position: -0.08012
BAD root_position: -0.08011
BAD root_position: -0.08011
BAD root_position: -0.08010
BAD root_position: -0.08009
BAD root_position: -0.08008
BAD root_position: -0.08007
BAD root_position: -0.08006
BAD root_position: -0.08005
BAD root_position: -0.08004
BAD root_position: -0.08002
BAD root_position: -0.08001
BAD root_position: -0.07999
BAD root_position: -0.07998
BAD root_position: -0.07996
BAD root_position: -0.07994
BAD root_position: -0.07992
BAD root_position: -0.07990
BAD root_position: -0.07988
BAD root_position: -0.07986
BAD root_position: -0.07984
BAD root_position: -0.07982
BAD root_position: -0.07980
BAD root_position: -0.07977
BAD root_position: -0.07975
BAD root_position: -0.07974
BAD root_position: -0.07972
BAD root_position: -0.07970
BAD root_position: -0.07968
BAD root_position: -0.07966
BAD root_position: -0.07964
BAD root_position: -0.07963
BAD root_position: -0.07962
BAD root_position: -0.07966
BAD root_position: -0.07978
BAD root_position: -0.07997
BAD root_position: -0.08021
BAD root_position: -0.08050
BAD root_position: -0.08082
BAD root_position: -0.08116
BAD root_position: -0.08151
BAD root_position: -0.08187
BAD root_position: -0.08221
BAD root_position: -0.08254
BAD root_position: -0.08283
BAD root_position: -0.08308
BAD root_position: -0.08327
BAD root_position: -0.08340
BAD root_position: -0.08345
BAD root_position: -0.08347
BAD root_position: -0.08350
BAD root_position: -0.08352
BAD root_position: -0.08355
BAD root_position: -0.08358
BAD root_position: -0.08361
BAD root_position: -0.08363
BAD root_position: -0.08366
BAD root_position: -0.08363
BAD root_position: -0.08352
BAD root_position: -0.08334
BAD root_position: -0.08311
BAD root_position: -0.08283
BAD root_position: -0.08252
BAD root_position: -0.08218
BAD root_position: -0.08183
BAD root_position: -0.08146
BAD root_position: -0.08112
BAD root_position: -0.08080
BAD root_position: -0.08052
BAD root_position: -0.08028
BAD root_position: -0.08010
BAD root_position: -0.07999
BAD root_position: -0.07996
BAD root_position: -0.07995
BAD root_position: -0.07995
BAD root_position: -0.07994
BAD root_position: -0.07993
BAD root_position: -0.07993
BAD root_position: -0.07992
BAD root_position: -0.07991
BAD root_position: -0.07991
BAD root_position: -0.07990
BAD root_position: -0.07989
BAD root_position: -0.07989
BAD root_position: -0.07988
BAD root_position: -0.07987
BAD root_position: -0.07986
BAD root_position: -0.07985
BAD root_position: -0.07985
BAD root_position: -0.07984
BAD root_position: -0.07983
BAD root_position: -0.07982
BAD root_position: -0.07981
BAD root_position: -0.07980
BAD root_position: -0.07979
BAD root_position: -0.07978
BAD root_position: -0.07977
BAD root_position: -0.07976
BAD root_position: -0.07975
BAD root_position: -0.07974
BAD root_position: -0.07973
BAD root_position: -0.07972
BAD root_position: -0.07972
BAD root_position: -0.07971
BAD root_position: -0.07977
BAD root_position: -0.07991
BAD root_position: -0.08012
BAD root_position: -0.08040
BAD root_position: -0.08073
BAD root_position: -0.08109
BAD root_position: -0.08147
BAD root_position: -0.08186
BAD root_position: -0.08225
BAD root_position: -0.08262
BAD root_position: -0.08296
BAD root_position: -0.08325
BAD root_position: -0.08349
BAD root_position: -0.08366
BAD root_position: -0.08374
BAD root_position: -0.08376
BAD root_position: -0.08379
BAD root_position: -0.08381
BAD root_position: -0.08384
BAD root_position: -0.08386
BAD root_position: -0.08389
BAD root_position: -0.08391
BAD root_position: -0.08393
BAD root_position: -0.08388
BAD root_position: -0.08374
BAD root_position: -0.08352
BAD root_position: -0.08325
BAD root_position: -0.08292
BAD root_position: -0.08257
BAD root_position: -0.08219
BAD root_position: -0.08180
BAD root_position: -0.08143
BAD root_position: -0.08107
BAD root_position: -0.08075
BAD root_position: -0.08047
BAD root_position: -0.08026
BAD root_position: -0.08012
BAD root_position: -0.08007
BAD root_position: -0.08007
BAD root_position: -0.08007
BAD root_position: -0.08006
BAD root_position: -0.08005
BAD root_position: -0.08005
BAD root_position: -0.08004
BAD root_position: -0.08003
BAD root_position: -0.08002
BAD root_position: -0.08001
BAD root_position: -0.08000
BAD root_position: -0.07998
BAD root_position: -0.07997
BAD root_position: -0.07996
BAD root_position: -0.07994
BAD root_position: -0.07992
BAD root_position: -0.07991
BAD root_position: -0.07989
BAD root_position: -0.07987
BAD root_position: -0.07986
BAD root_position: -0.07984
BAD root_position: -0.07982
BAD root_position: -0.07981
BAD root_position: -0.07979
BAD root_position: -0.07977
BAD root_position: -0.07976
BAD root_position: -0.07974
BAD root_position: -0.07973
BAD root_position: -0.07972
BAD root_position: -0.07971
BAD root_position: -0.07969
BAD root_position: -0.07970
BAD root_position: -0.07979
BAD root_position: -0.07995
BAD root_position: -0.08018
BAD root_position: -0.08047
BAD root_position: -0.08080
BAD root_position: -0.08115
BAD root_position: -0.08153
BAD root_position: -0.08190
BAD root_position: -0.08227
BAD root_position: -0.08261
BAD root_position: -0.08292
BAD root_position: -0.08319
BAD root_position: -0.08339
BAD root_position: -0.08352
BAD root_position: -0.08356
BAD root_position: -0.08359
BAD root_position: -0.08361
BAD root_position: -0.08364
BAD root_position: -0.08367
BAD root_position: -0.08370
recorded 500 frames
avg lin_vel_x 0.0059
avg lin_vel_y -0.0184
avg yaw -0.0
computed xvel: 0.014, mean xvel: 0.0059
computed yvel: -0.021, mean yvel: -0.0184
computed thetavel: -0.042, mean thetavel: -0.0
DONE, saving 51_0.014_-0.021_-0.042.json
