<frozen importlib._bootstrap>:241: RuntimeWarning: to-Python converter for std::vector<Eigen::Matrix<double, 3, 1, 0, 3, 1>, std::allocator<Eigen::Matrix<double, 3, 1, 0, 3, 1> > > already registered; second conversion method ignored.
<frozen importlib._bootstrap>:241: RuntimeWarning: to-Python converter for boost::python::detail::container_element<std::vector<Eigen::Matrix<double, 3, 1, 0, 3, 1>, std::allocator<Eigen::Matrix<double, 3, 1, 0, 3, 1> > >, unsigned long, boost::python::detail::final_vector_derived_policies<std::vector<Eigen::Matrix<double, 3, 1, 0, 3, 1>, std::allocator<Eigen::Matrix<double, 3, 1, 0, 3, 1> > >, false> > already registered; second conversion method ignored.
<frozen importlib._bootstrap>:241: RuntimeWarning: to-Python converter for std::vector<int, std::allocator<int> > already registered; second conversion method ignored.
<frozen importlib._bootstrap>:241: RuntimeWarning: to-Python converter for std::vector<double, std::allocator<double> > already registered; second conversion method ignored.
<frozen importlib._bootstrap>:241: RuntimeWarning: to-Python converter for std::vector<std::__cxx11::basic_string<char, std::char_traits<char>, std::allocator<char> >, std::allocator<std::__cxx11::basic_string<char, std::char_traits<char>, std::allocator<char> > > > already registered; second conversion method ignored.
WARNING: Can't find trunk frames in the model, can't measure leg spacing
WARNING: Can't find head frames in the model, camera_look_at won't work
gait_parameters {'dx': 0.04, 'dy': -0.03, 'dtheta': -0.06, 'duration': 8, 'hardware': True, 'double_support_ratio': 0.8, 'startend_double_support_ratio': 1.5, 'planned_timesteps': 48, 'replan_timesteps': 10, 'walk_com_height': 0.445, 'walk_foot_height': 0.03, 'walk_trunk_pitch': -5.7, 'walk_foot_rise_ratio': 0.2, 'single_support_duration': 0.8, 'single_support_timesteps': 10, 'foot_length': 0.22, 'feet_spacing': 0.114, 'zmp_margin': 0.02, 'foot_zmp_target_x': 0.0, 'foot_zmp_target_y': 0.0, 'walk_max_dtheta': 1.0, 'walk_max_dy': 0.04, 'walk_max_dx_forward': 0.08, 'walk_max_dx_backward': 0.03, 'joints': ['leg_left_ankle_roll_joint', 'leg_left_ankle_pitch_joint', 'leg_left_knee_pitch_joint', 'leg_left_hip_pitch_joint', 'leg_left_hip_yaw_joint', 'leg_left_hip_roll_joint', 'leg_right_ankle_roll_joint', 'leg_right_ankle_pitch_joint', 'leg_right_knee_pitch_joint', 'leg_right_hip_pitch_joint', 'leg_right_hip_yaw_joint', 'leg_right_hip_roll_joint', 'left_wrist_attachment_joint', 'left_fore_arm_joint', 'left_upper_arm_joint', 'left_shoulder_joint', 'right_wrist_attachment_joint', 'right_fore_arm_joint', 'right_upper_arm_joint', 'right_shoulder_joint'], 'joint_angles': {'left_wrist_attachment_joint': 0, 'left_fore_arm_joint': -90, 'left_upper_arm_joint': 45, 'left_shoulder_joint': 0, 'right_wrist_attachment_joint': 0, 'right_fore_arm_joint': 90, 'right_upper_arm_joint': -45, 'right_shoulder_joint': 0}}
Placing the robot in the initial position...
Initial position reached
{'leg_left_ankle_roll_joint': 0.01649485707904188, 'leg_left_ankle_pitch_joint': -0.48607553095196204, 'leg_left_knee_pitch_joint': 0.930897850226046, 'leg_left_hip_pitch_joint': -0.34584781849678226, 'leg_left_hip_yaw_joint': -0.05422735482030966, 'leg_left_hip_roll_joint': -0.010464071423992551, 'leg_right_ankle_roll_joint': 0.017110236093765243, 'leg_right_ankle_pitch_joint': -0.5113043118131861, 'leg_right_knee_pitch_joint': 1.014181560302726, 'leg_right_hip_pitch_joint': -0.40391872356103237, 'leg_right_hip_yaw_joint': -0.0547052369067982, 'leg_right_hip_roll_joint': -0.010860136178481205, 'left_wrist_attachment_joint': -0.05479425825846937, 'left_fore_arm_joint': -0.9021363519483516, 'left_upper_arm_joint': 0.7853981633699938, 'left_shoulder_joint': 2.0757377526558943e-11, 'right_wrist_attachment_joint': 2.544189718810687e-29, 'right_fore_arm_joint': 1.000029217704122, 'right_upper_arm_joint': -0.7718523691835255, 'right_shoulder_joint': 1.8992497683307432e-11}
## period: 2.88
BAD root_position: -0.07991
BAD root_position: -0.07991
BAD root_position: -0.07991
BAD root_position: -0.07991
BAD root_position: -0.07991
BAD root_position: -0.07991
BAD root_position: -0.07991
BAD root_position: -0.07991
BAD root_position: -0.07991
BAD root_position: -0.07991
BAD root_position: -0.07991
BAD root_position: -0.07991
BAD root_position: -0.07991
BAD root_position: -0.07991
BAD root_position: -0.07991
BAD root_position: -0.07991
BAD root_position: -0.07991
BAD root_position: -0.07991
BAD root_position: -0.07991
BAD root_position: -0.07991
BAD root_position: -0.07991
BAD root_position: -0.07991
BAD root_position: -0.07991
BAD root_position: -0.07991
BAD root_position: -0.07991
BAD root_position: -0.07991
BAD root_position: -0.07991
BAD root_position: -0.07991
BAD root_position: -0.07991
BAD root_position: -0.07991
BAD root_position: -0.07991
BAD root_position: -0.07991
BAD root_position: -0.07991
BAD root_position: -0.07991
BAD root_position: -0.07991
BAD root_position: -0.07991
BAD root_position: -0.07991
BAD root_position: -0.07991
BAD root_position: -0.07991
BAD root_position: -0.07990
BAD root_position: -0.07990
BAD root_position: -0.07990
BAD root_position: -0.07990
BAD root_position: -0.07990
BAD root_position: -0.07990
BAD root_position: -0.07990
BAD root_position: -0.07990
BAD root_position: -0.07990
BAD root_position: -0.07990
BAD root_position: -0.07990
BAD root_position: -0.07990
BAD root_position: -0.07990
BAD root_position: -0.07990
BAD root_position: -0.07989
BAD root_position: -0.07989
BAD root_position: -0.07989
BAD root_position: -0.07988
BAD root_position: -0.07988
BAD root_position: -0.07989
BAD root_position: -0.07998
BAD root_position: -0.08015
BAD root_position: -0.08039
BAD root_position: -0.08069
BAD root_position: -0.08102
BAD root_position: -0.08138
BAD root_position: -0.08176
BAD root_position: -0.08214
BAD root_position: -0.08251
BAD root_position: -0.08285
BAD root_position: -0.08315
BAD root_position: -0.08341
BAD root_position: -0.08360
BAD root_position: -0.08371
BAD root_position: -0.08373
BAD root_position: -0.08373
BAD root_position: -0.08373
BAD root_position: -0.08373
BAD root_position: -0.08373
BAD root_position: -0.08373
BAD root_position: -0.08373
BAD root_position: -0.08373
BAD root_position: -0.08371
BAD root_position: -0.08360
BAD root_position: -0.08342
BAD root_position: -0.08317
BAD root_position: -0.08287
BAD root_position: -0.08252
BAD root_position: -0.08216
BAD root_position: -0.08178
BAD root_position: -0.08140
BAD root_position: -0.08104
BAD root_position: -0.08070
BAD root_position: -0.08041
BAD root_position: -0.08016
BAD root_position: -0.07999
BAD root_position: -0.07989
BAD root_position: -0.07988
BAD root_position: -0.07988
BAD root_position: -0.07988
BAD root_position: -0.07989
BAD root_position: -0.07989
BAD root_position: -0.07989
BAD root_position: -0.07989
BAD root_position: -0.07990
BAD root_position: -0.07990
BAD root_position: -0.07990
BAD root_position: -0.07990
BAD root_position: -0.07990
BAD root_position: -0.07990
BAD root_position: -0.07990
BAD root_position: -0.07990
BAD root_position: -0.07990
BAD root_position: -0.07990
BAD root_position: -0.07990
BAD root_position: -0.07990
BAD root_position: -0.07989
BAD root_position: -0.07989
BAD root_position: -0.07989
BAD root_position: -0.07988
BAD root_position: -0.07988
BAD root_position: -0.07988
BAD root_position: -0.07987
BAD root_position: -0.07987
BAD root_position: -0.07987
BAD root_position: -0.07986
BAD root_position: -0.07986
BAD root_position: -0.07985
BAD root_position: -0.07990
BAD root_position: -0.08003
BAD root_position: -0.08024
BAD root_position: -0.08052
BAD root_position: -0.08085
BAD root_position: -0.08122
BAD root_position: -0.08162
BAD root_position: -0.08204
BAD root_position: -0.08245
BAD root_position: -0.08285
BAD root_position: -0.08322
BAD root_position: -0.08356
BAD root_position: -0.08384
BAD root_position: -0.08405
BAD root_position: -0.08417
BAD root_position: -0.08423
BAD root_position: -0.08427
BAD root_position: -0.08432
BAD root_position: -0.08437
BAD root_position: -0.08442
BAD root_position: -0.08447
BAD root_position: -0.08451
BAD root_position: -0.08455
BAD root_position: -0.08453
BAD root_position: -0.08442
BAD root_position: -0.08422
BAD root_position: -0.08396
BAD root_position: -0.08363
BAD root_position: -0.08327
BAD root_position: -0.08288
BAD root_position: -0.08248
BAD root_position: -0.08208
BAD root_position: -0.08169
BAD root_position: -0.08134
BAD root_position: -0.08103
BAD root_position: -0.08078
BAD root_position: -0.08060
BAD root_position: -0.08051
BAD root_position: -0.08049
BAD root_position: -0.08046
BAD root_position: -0.08043
BAD root_position: -0.08039
BAD root_position: -0.08035
BAD root_position: -0.08031
BAD root_position: -0.08027
BAD root_position: -0.08023
BAD root_position: -0.08018
BAD root_position: -0.08013
BAD root_position: -0.08008
BAD root_position: -0.08003
BAD root_position: -0.07997
BAD root_position: -0.07992
BAD root_position: -0.07986
BAD root_position: -0.07981
BAD root_position: -0.07976
BAD root_position: -0.07970
BAD root_position: -0.07965
BAD root_position: -0.07960
BAD root_position: -0.07955
BAD root_position: -0.07950
BAD root_position: -0.07946
BAD root_position: -0.07942
BAD root_position: -0.07938
BAD root_position: -0.07934
BAD root_position: -0.07931
BAD root_position: -0.07928
BAD root_position: -0.07925
BAD root_position: -0.07922
BAD root_position: -0.07920
BAD root_position: -0.07924
BAD root_position: -0.07935
BAD root_position: -0.07952
BAD root_position: -0.07975
BAD root_position: -0.08002
BAD root_position: -0.08032
BAD root_position: -0.08065
BAD root_position: -0.08099
BAD root_position: -0.08133
BAD root_position: -0.08167
BAD root_position: -0.08199
BAD root_position: -0.08228
BAD root_position: -0.08253
BAD root_position: -0.08273
BAD root_position: -0.08287
BAD root_position: -0.08294
BAD root_position: -0.08299
BAD root_position: -0.08304
BAD root_position: -0.08309
BAD root_position: -0.08313
BAD root_position: -0.08318
BAD root_position: -0.08323
BAD root_position: -0.08328
BAD root_position: -0.08333
BAD root_position: -0.08332
BAD root_position: -0.08323
BAD root_position: -0.08308
BAD root_position: -0.08286
BAD root_position: -0.08261
BAD root_position: -0.08231
BAD root_position: -0.08199
BAD root_position: -0.08166
BAD root_position: -0.08133
BAD root_position: -0.08100
BAD root_position: -0.08069
BAD root_position: -0.08042
BAD root_position: -0.08019
BAD root_position: -0.08001
BAD root_position: -0.07990
BAD root_position: -0.07986
BAD root_position: -0.07985
BAD root_position: -0.07985
BAD root_position: -0.07984
BAD root_position: -0.07983
BAD root_position: -0.07982
BAD root_position: -0.07982
BAD root_position: -0.07981
BAD root_position: -0.07980
BAD root_position: -0.07980
BAD root_position: -0.07979
BAD root_position: -0.07979
BAD root_position: -0.07978
BAD root_position: -0.07978
BAD root_position: -0.07977
BAD root_position: -0.07977
BAD root_position: -0.07977
BAD root_position: -0.07976
BAD root_position: -0.07976
BAD root_position: -0.07975
BAD root_position: -0.07975
BAD root_position: -0.07975
BAD root_position: -0.07974
BAD root_position: -0.07974
BAD root_position: -0.07974
BAD root_position: -0.07974
BAD root_position: -0.07974
BAD root_position: -0.07973
BAD root_position: -0.07973
BAD root_position: -0.07973
BAD root_position: -0.07973
BAD root_position: -0.07973
BAD root_position: -0.07973
BAD root_position: -0.07979
BAD root_position: -0.07993
BAD root_position: -0.08014
BAD root_position: -0.08040
BAD root_position: -0.08072
BAD root_position: -0.08107
BAD root_position: -0.08145
BAD root_position: -0.08184
BAD root_position: -0.08223
BAD root_position: -0.08262
BAD root_position: -0.08298
BAD root_position: -0.08331
BAD root_position: -0.08359
BAD root_position: -0.08382
BAD root_position: -0.08398
BAD root_position: -0.08406
BAD root_position: -0.08410
BAD root_position: -0.08415
BAD root_position: -0.08420
BAD root_position: -0.08425
BAD root_position: -0.08429
BAD root_position: -0.08434
BAD root_position: -0.08438
BAD root_position: -0.08442
BAD root_position: -0.08440
BAD root_position: -0.08429
BAD root_position: -0.08410
BAD root_position: -0.08385
BAD root_position: -0.08356
BAD root_position: -0.08322
BAD root_position: -0.08285
BAD root_position: -0.08248
BAD root_position: -0.08209
BAD root_position: -0.08172
BAD root_position: -0.08137
BAD root_position: -0.08106
BAD root_position: -0.08080
BAD root_position: -0.08059
BAD root_position: -0.08046
BAD root_position: -0.08041
BAD root_position: -0.08039
BAD root_position: -0.08037
BAD root_position: -0.08035
BAD root_position: -0.08033
BAD root_position: -0.08030
BAD root_position: -0.08027
BAD root_position: -0.08024
BAD root_position: -0.08021
BAD root_position: -0.08018
BAD root_position: -0.08015
BAD root_position: -0.08011
BAD root_position: -0.08007
BAD root_position: -0.08003
BAD root_position: -0.07999
BAD root_position: -0.07995
BAD root_position: -0.07991
BAD root_position: -0.07986
BAD root_position: -0.07982
BAD root_position: -0.07977
BAD root_position: -0.07973
BAD root_position: -0.07968
BAD root_position: -0.07964
BAD root_position: -0.07960
BAD root_position: -0.07956
BAD root_position: -0.07952
BAD root_position: -0.07948
BAD root_position: -0.07945
BAD root_position: -0.07941
BAD root_position: -0.07938
BAD root_position: -0.07935
BAD root_position: -0.07933
BAD root_position: -0.07931
BAD root_position: -0.07934
BAD root_position: -0.07945
BAD root_position: -0.07962
BAD root_position: -0.07985
BAD root_position: -0.08012
BAD root_position: -0.08043
BAD root_position: -0.08076
BAD root_position: -0.08110
BAD root_position: -0.08145
BAD root_position: -0.08179
BAD root_position: -0.08211
BAD root_position: -0.08240
BAD root_position: -0.08265
BAD root_position: -0.08286
BAD root_position: -0.08300
BAD root_position: -0.08306
BAD root_position: -0.08311
BAD root_position: -0.08315
BAD root_position: -0.08320
BAD root_position: -0.08325
BAD root_position: -0.08330
BAD root_position: -0.08335
BAD root_position: -0.08340
BAD root_position: -0.08345
BAD root_position: -0.08344
BAD root_position: -0.08336
BAD root_position: -0.08320
BAD root_position: -0.08299
BAD root_position: -0.08274
BAD root_position: -0.08244
BAD root_position: -0.08213
BAD root_position: -0.08180
BAD root_position: -0.08142
BAD root_position: -0.08109
BAD root_position: -0.08078
BAD root_position: -0.08050
BAD root_position: -0.08027
BAD root_position: -0.08009
BAD root_position: -0.07997
BAD root_position: -0.07994
BAD root_position: -0.07993
BAD root_position: -0.07992
BAD root_position: -0.07991
BAD root_position: -0.07990
BAD root_position: -0.07989
BAD root_position: -0.07988
BAD root_position: -0.07987
BAD root_position: -0.07986
BAD root_position: -0.07985
BAD root_position: -0.07984
BAD root_position: -0.07983
BAD root_position: -0.07983
BAD root_position: -0.07982
BAD root_position: -0.07981
BAD root_position: -0.07980
BAD root_position: -0.07979
BAD root_position: -0.07978
BAD root_position: -0.07977
BAD root_position: -0.07976
BAD root_position: -0.07975
BAD root_position: -0.07975
BAD root_position: -0.07974
BAD root_position: -0.07973
BAD root_position: -0.07972
BAD root_position: -0.07971
BAD root_position: -0.07971
BAD root_position: -0.07970
BAD root_position: -0.07969
BAD root_position: -0.07969
BAD root_position: -0.07968
BAD root_position: -0.07967
BAD root_position: -0.07973
BAD root_position: -0.07988
BAD root_position: -0.08010
BAD root_position: -0.08038
BAD root_position: -0.08072
BAD root_position: -0.08109
BAD root_position: -0.08149
BAD root_position: -0.08190
BAD root_position: -0.08230
BAD root_position: -0.08269
BAD root_position: -0.08306
BAD root_position: -0.08338
BAD root_position: -0.08364
BAD root_position: -0.08383
BAD root_position: -0.08394
BAD root_position: -0.08399
BAD root_position: -0.08404
BAD root_position: -0.08408
BAD root_position: -0.08413
BAD root_position: -0.08418
BAD root_position: -0.08423
BAD root_position: -0.08427
BAD root_position: -0.08431
BAD root_position: -0.08427
BAD root_position: -0.08415
BAD root_position: -0.08394
BAD root_position: -0.08366
BAD root_position: -0.08334
BAD root_position: -0.08298
BAD root_position: -0.08259
BAD root_position: -0.08220
BAD root_position: -0.08181
BAD root_position: -0.08143
BAD root_position: -0.08109
BAD root_position: -0.08080
BAD root_position: -0.08057
BAD root_position: -0.08042
BAD root_position: -0.08036
BAD root_position: -0.08034
BAD root_position: -0.08032
BAD root_position: -0.08030
BAD root_position: -0.08027
BAD root_position: -0.08025
BAD root_position: -0.08022
BAD root_position: -0.08019
BAD root_position: -0.08015
BAD root_position: -0.08012
BAD root_position: -0.08008
BAD root_position: -0.08005
BAD root_position: -0.08001
BAD root_position: -0.07997
BAD root_position: -0.07993
BAD root_position: -0.07988
BAD root_position: -0.07984
BAD root_position: -0.07980
BAD root_position: -0.07976
BAD root_position: -0.07972
BAD root_position: -0.07968
BAD root_position: -0.07964
BAD root_position: -0.07961
BAD root_position: -0.07957
BAD root_position: -0.07954
BAD root_position: -0.07951
BAD root_position: -0.07948
BAD root_position: -0.07945
BAD root_position: -0.07943
BAD root_position: -0.07941
BAD root_position: -0.07939
BAD root_position: -0.07938
BAD root_position: -0.07946
BAD root_position: -0.07961
BAD root_position: -0.07983
BAD root_position: -0.08010
BAD root_position: -0.08041
BAD root_position: -0.08075
BAD root_position: -0.08111
BAD root_position: -0.08148
BAD root_position: -0.08184
BAD root_position: -0.08218
BAD root_position: -0.08249
BAD root_position: -0.08276
BAD root_position: -0.08297
BAD root_position: -0.08311
BAD root_position: -0.08318
BAD root_position: -0.08322
BAD root_position: -0.08327
BAD root_position: -0.08332
BAD root_position: -0.08337
BAD root_position: -0.08342
recorded 500 frames
avg lin_vel_x 0.0138
avg lin_vel_y -0.019
avg yaw -0.0
computed xvel: 0.028, mean xvel: 0.0138
computed yvel: -0.021, mean yvel: -0.019
computed thetavel: -0.042, mean thetavel: -0.0
DONE, saving 52_0.028_-0.021_-0.042.json
