<frozen importlib._bootstrap>:241: RuntimeWarning: to-Python converter for std::vector<Eigen::Matrix<double, 3, 1, 0, 3, 1>, std::allocator<Eigen::Matrix<double, 3, 1, 0, 3, 1> > > already registered; second conversion method ignored.
<frozen importlib._bootstrap>:241: RuntimeWarning: to-Python converter for boost::python::detail::container_element<std::vector<Eigen::Matrix<double, 3, 1, 0, 3, 1>, std::allocator<Eigen::Matrix<double, 3, 1, 0, 3, 1> > >, unsigned long, boost::python::detail::final_vector_derived_policies<std::vector<Eigen::Matrix<double, 3, 1, 0, 3, 1>, std::allocator<Eigen::Matrix<double, 3, 1, 0, 3, 1> > >, false> > already registered; second conversion method ignored.
<frozen importlib._bootstrap>:241: RuntimeWarning: to-Python converter for std::vector<int, std::allocator<int> > already registered; second conversion method ignored.
<frozen importlib._bootstrap>:241: RuntimeWarning: to-Python converter for std::vector<double, std::allocator<double> > already registered; second conversion method ignored.
<frozen importlib._bootstrap>:241: RuntimeWarning: to-Python converter for std::vector<std::__cxx11::basic_string<char, std::char_traits<char>, std::allocator<char> >, std::allocator<std::__cxx11::basic_string<char, std::char_traits<char>, std::allocator<char> > > > already registered; second conversion method ignored.
WARNING: Can't find trunk frames in the model, can't measure leg spacing
WARNING: Can't find head frames in the model, camera_look_at won't work
gait_parameters {'dx': -0.02, 'dy': -0.01, 'dtheta': -0.06, 'duration': 8, 'hardware': True, 'double_support_ratio': 0.8, 'startend_double_support_ratio': 1.5, 'planned_timesteps': 48, 'replan_timesteps': 10, 'walk_com_height': 0.445, 'walk_foot_height': 0.03, 'walk_trunk_pitch': -5.7, 'walk_foot_rise_ratio': 0.2, 'single_support_duration': 0.8, 'single_support_timesteps': 10, 'foot_length': 0.22, 'feet_spacing': 0.114, 'zmp_margin': 0.02, 'foot_zmp_target_x': 0.0, 'foot_zmp_target_y': 0.0, 'walk_max_dtheta': 1.0, 'walk_max_dy': 0.04, 'walk_max_dx_forward': 0.08, 'walk_max_dx_backward': 0.03, 'joints': ['leg_left_ankle_roll_joint', 'leg_left_ankle_pitch_joint', 'leg_left_knee_pitch_joint', 'leg_left_hip_pitch_joint', 'leg_left_hip_yaw_joint', 'leg_left_hip_roll_joint', 'leg_right_ankle_roll_joint', 'leg_right_ankle_pitch_joint', 'leg_right_knee_pitch_joint', 'leg_right_hip_pitch_joint', 'leg_right_hip_yaw_joint', 'leg_right_hip_roll_joint', 'left_wrist_attachment_joint', 'left_fore_arm_joint', 'left_upper_arm_joint', 'left_shoulder_joint', 'right_wrist_attachment_joint', 'right_fore_arm_joint', 'right_upper_arm_joint', 'right_shoulder_joint'], 'joint_angles': {'left_wrist_attachment_joint': 0, 'left_fore_arm_joint': -90, 'left_upper_arm_joint': 45, 'left_shoulder_joint': 0, 'right_wrist_attachment_joint': 0, 'right_fore_arm_joint': 90, 'right_upper_arm_joint': -45, 'right_shoulder_joint': 0}}
Placing the robot in the initial position...
Initial position reached
{'leg_left_ankle_roll_joint': 0.01666932682348049, 'leg_left_ankle_pitch_joint': -0.49842932613739455, 'leg_left_knee_pitch_joint': 0.954656613681227, 'leg_left_hip_pitch_joint': -0.3572587992591807, 'leg_left_hip_yaw_joint': -0.05436231073015989, 'leg_left_hip_roll_joint': -0.010574809201028951, 'leg_right_ankle_roll_joint': 0.01729030042195193, 'leg_right_ankle_pitch_joint': -0.5227999768328686, 'leg_right_knee_pitch_joint': 1.0363379749828387, 'leg_right_hip_pitch_joint': -0.41458573359403933, 'leg_right_hip_yaw_joint': -0.05484451789995404, 'leg_right_hip_roll_joint': -0.010974430870521459, 'left_wrist_attachment_joint': -0.14315350840875052, 'left_fore_arm_joint': -1.1510663335938713, 'left_upper_arm_joint': 0.7853981633906272, 'left_shoulder_joint': 5.497800773758807e-12, 'right_wrist_attachment_joint': -4.812609134044321e-28, 'right_fore_arm_joint': 1.1243592563202607, 'right_upper_arm_joint': -0.78539816338914, 'right_shoulder_joint': 5.145431618171411e-12}
## period: 2.88
BAD root_position: -0.07991
BAD root_position: -0.07991
BAD root_position: -0.07991
BAD root_position: -0.07991
BAD root_position: -0.07991
BAD root_position: -0.07991
BAD root_position: -0.07991
BAD root_position: -0.07991
BAD root_position: -0.07991
BAD root_position: -0.07991
BAD root_position: -0.07991
BAD root_position: -0.07991
BAD root_position: -0.07991
BAD root_position: -0.07991
BAD root_position: -0.07991
BAD root_position: -0.07991
BAD root_position: -0.07991
BAD root_position: -0.07991
BAD root_position: -0.07991
BAD root_position: -0.07991
BAD root_position: -0.07991
BAD root_position: -0.07991
BAD root_position: -0.07991
BAD root_position: -0.07991
BAD root_position: -0.07991
BAD root_position: -0.07991
BAD root_position: -0.07991
BAD root_position: -0.07991
BAD root_position: -0.07991
BAD root_position: -0.07991
BAD root_position: -0.07991
BAD root_position: -0.07991
BAD root_position: -0.07991
BAD root_position: -0.07991
BAD root_position: -0.07991
BAD root_position: -0.07991
BAD root_position: -0.07991
BAD root_position: -0.07991
BAD root_position: -0.07991
BAD root_position: -0.07990
BAD root_position: -0.07990
BAD root_position: -0.07990
BAD root_position: -0.07990
BAD root_position: -0.07990
BAD root_position: -0.07990
BAD root_position: -0.07990
BAD root_position: -0.07990
BAD root_position: -0.07990
BAD root_position: -0.07990
BAD root_position: -0.07990
BAD root_position: -0.07990
BAD root_position: -0.07990
BAD root_position: -0.07990
BAD root_position: -0.07989
BAD root_position: -0.07989
BAD root_position: -0.07989
BAD root_position: -0.07988
BAD root_position: -0.07988
BAD root_position: -0.07989
BAD root_position: -0.07998
BAD root_position: -0.08015
BAD root_position: -0.08039
BAD root_position: -0.08069
BAD root_position: -0.08102
BAD root_position: -0.08138
BAD root_position: -0.08176
BAD root_position: -0.08214
BAD root_position: -0.08251
BAD root_position: -0.08285
BAD root_position: -0.08315
BAD root_position: -0.08341
BAD root_position: -0.08360
BAD root_position: -0.08371
BAD root_position: -0.08373
BAD root_position: -0.08373
BAD root_position: -0.08373
BAD root_position: -0.08373
BAD root_position: -0.08373
BAD root_position: -0.08373
BAD root_position: -0.08373
BAD root_position: -0.08373
BAD root_position: -0.08371
BAD root_position: -0.08360
BAD root_position: -0.08342
BAD root_position: -0.08317
BAD root_position: -0.08287
BAD root_position: -0.08253
BAD root_position: -0.08216
BAD root_position: -0.08178
BAD root_position: -0.08140
BAD root_position: -0.08104
BAD root_position: -0.08070
BAD root_position: -0.08041
BAD root_position: -0.08016
BAD root_position: -0.07999
BAD root_position: -0.07989
BAD root_position: -0.07988
BAD root_position: -0.07988
BAD root_position: -0.07989
BAD root_position: -0.07989
BAD root_position: -0.07989
BAD root_position: -0.07989
BAD root_position: -0.07990
BAD root_position: -0.07990
BAD root_position: -0.07990
BAD root_position: -0.07990
BAD root_position: -0.07991
BAD root_position: -0.07991
BAD root_position: -0.07991
BAD root_position: -0.07991
BAD root_position: -0.07991
BAD root_position: -0.07991
BAD root_position: -0.07991
BAD root_position: -0.07990
BAD root_position: -0.07990
BAD root_position: -0.07990
BAD root_position: -0.07990
BAD root_position: -0.07990
BAD root_position: -0.07989
BAD root_position: -0.07989
BAD root_position: -0.07989
BAD root_position: -0.07988
BAD root_position: -0.07988
BAD root_position: -0.07988
BAD root_position: -0.07987
BAD root_position: -0.07987
BAD root_position: -0.07987
BAD root_position: -0.07991
BAD root_position: -0.08003
BAD root_position: -0.08023
BAD root_position: -0.08049
BAD root_position: -0.08080
BAD root_position: -0.08114
BAD root_position: -0.08149
BAD root_position: -0.08186
BAD root_position: -0.08222
BAD root_position: -0.08256
BAD root_position: -0.08287
BAD root_position: -0.08313
BAD root_position: -0.08334
BAD root_position: -0.08347
BAD root_position: -0.08352
BAD root_position: -0.08350
BAD root_position: -0.08348
BAD root_position: -0.08346
BAD root_position: -0.08344
BAD root_position: -0.08342
BAD root_position: -0.08339
BAD root_position: -0.08337
BAD root_position: -0.08336
BAD root_position: -0.08328
BAD root_position: -0.08313
BAD root_position: -0.08291
BAD root_position: -0.08263
BAD root_position: -0.08231
BAD root_position: -0.08196
BAD root_position: -0.08159
BAD root_position: -0.08122
BAD root_position: -0.08086
BAD root_position: -0.08052
BAD root_position: -0.08022
BAD root_position: -0.07996
BAD root_position: -0.07976
BAD root_position: -0.07963
BAD root_position: -0.07959
BAD root_position: -0.07961
BAD root_position: -0.07963
BAD root_position: -0.07965
BAD root_position: -0.07967
BAD root_position: -0.07969
BAD root_position: -0.07972
BAD root_position: -0.07974
BAD root_position: -0.07977
BAD root_position: -0.07979
BAD root_position: -0.07982
BAD root_position: -0.07985
BAD root_position: -0.07987
BAD root_position: -0.07990
BAD root_position: -0.07993
BAD root_position: -0.07995
BAD root_position: -0.07997
BAD root_position: -0.08000
BAD root_position: -0.08002
BAD root_position: -0.08004
BAD root_position: -0.08006
BAD root_position: -0.08008
BAD root_position: -0.08010
BAD root_position: -0.08012
BAD root_position: -0.08013
BAD root_position: -0.08015
BAD root_position: -0.08016
BAD root_position: -0.08017
BAD root_position: -0.08018
BAD root_position: -0.08019
BAD root_position: -0.08020
BAD root_position: -0.08021
BAD root_position: -0.08028
BAD root_position: -0.08043
BAD root_position: -0.08064
BAD root_position: -0.08091
BAD root_position: -0.08122
BAD root_position: -0.08156
BAD root_position: -0.08193
BAD root_position: -0.08230
BAD root_position: -0.08266
BAD root_position: -0.08302
BAD root_position: -0.08334
BAD root_position: -0.08362
BAD root_position: -0.08386
BAD root_position: -0.08402
BAD root_position: -0.08412
BAD root_position: -0.08413
BAD root_position: -0.08411
BAD root_position: -0.08409
BAD root_position: -0.08408
BAD root_position: -0.08406
BAD root_position: -0.08404
BAD root_position: -0.08402
BAD root_position: -0.08400
BAD root_position: -0.08398
BAD root_position: -0.08390
BAD root_position: -0.08375
BAD root_position: -0.08352
BAD root_position: -0.08325
BAD root_position: -0.08293
BAD root_position: -0.08258
BAD root_position: -0.08221
BAD root_position: -0.08183
BAD root_position: -0.08146
BAD root_position: -0.08111
BAD root_position: -0.08078
BAD root_position: -0.08049
BAD root_position: -0.08025
BAD root_position: -0.08007
BAD root_position: -0.07996
BAD root_position: -0.07994
BAD root_position: -0.07994
BAD root_position: -0.07995
BAD root_position: -0.07995
BAD root_position: -0.07995
BAD root_position: -0.07996
BAD root_position: -0.07996
BAD root_position: -0.07996
BAD root_position: -0.07996
BAD root_position: -0.07997
BAD root_position: -0.07997
BAD root_position: -0.07997
BAD root_position: -0.07996
BAD root_position: -0.07996
BAD root_position: -0.07996
BAD root_position: -0.07996
BAD root_position: -0.07995
BAD root_position: -0.07995
BAD root_position: -0.07995
BAD root_position: -0.07994
BAD root_position: -0.07993
BAD root_position: -0.07993
BAD root_position: -0.07992
BAD root_position: -0.07991
BAD root_position: -0.07990
BAD root_position: -0.07990
BAD root_position: -0.07989
BAD root_position: -0.07988
BAD root_position: -0.07987
BAD root_position: -0.07986
BAD root_position: -0.07986
BAD root_position: -0.07985
BAD root_position: -0.07984
BAD root_position: -0.07990
BAD root_position: -0.08003
BAD root_position: -0.08022
BAD root_position: -0.08047
BAD root_position: -0.08075
BAD root_position: -0.08107
BAD root_position: -0.08141
BAD root_position: -0.08176
BAD root_position: -0.08210
BAD root_position: -0.08242
BAD root_position: -0.08272
BAD root_position: -0.08298
BAD root_position: -0.08320
BAD root_position: -0.08335
BAD root_position: -0.08343
BAD root_position: -0.08344
BAD root_position: -0.08342
BAD root_position: -0.08339
BAD root_position: -0.08337
BAD root_position: -0.08335
BAD root_position: -0.08333
BAD root_position: -0.08330
BAD root_position: -0.08328
BAD root_position: -0.08326
BAD root_position: -0.08318
BAD root_position: -0.08303
BAD root_position: -0.08282
BAD root_position: -0.08255
BAD root_position: -0.08225
BAD root_position: -0.08192
BAD root_position: -0.08158
BAD root_position: -0.08122
BAD root_position: -0.08088
BAD root_position: -0.08054
BAD root_position: -0.08024
BAD root_position: -0.07997
BAD root_position: -0.07975
BAD root_position: -0.07959
BAD root_position: -0.07950
BAD root_position: -0.07949
BAD root_position: -0.07951
BAD root_position: -0.07953
BAD root_position: -0.07955
BAD root_position: -0.07957
BAD root_position: -0.07959
BAD root_position: -0.07962
BAD root_position: -0.07964
BAD root_position: -0.07967
BAD root_position: -0.07970
BAD root_position: -0.07973
BAD root_position: -0.07976
BAD root_position: -0.07979
BAD root_position: -0.07982
BAD root_position: -0.07986
BAD root_position: -0.07989
BAD root_position: -0.07992
BAD root_position: -0.07995
BAD root_position: -0.07998
BAD root_position: -0.08002
BAD root_position: -0.08005
BAD root_position: -0.08007
BAD root_position: -0.08010
BAD root_position: -0.08013
BAD root_position: -0.08015
BAD root_position: -0.08017
BAD root_position: -0.08020
BAD root_position: -0.08021
BAD root_position: -0.08023
BAD root_position: -0.08025
BAD root_position: -0.08026
BAD root_position: -0.08028
BAD root_position: -0.08029
BAD root_position: -0.08036
BAD root_position: -0.08051
BAD root_position: -0.08073
BAD root_position: -0.08100
BAD root_position: -0.08131
BAD root_position: -0.08166
BAD root_position: -0.08203
BAD root_position: -0.08240
BAD root_position: -0.08277
BAD root_position: -0.08312
BAD root_position: -0.08344
BAD root_position: -0.08373
BAD root_position: -0.08396
BAD root_position: -0.08413
BAD root_position: -0.08423
BAD root_position: -0.08424
BAD root_position: -0.08422
BAD root_position: -0.08420
BAD root_position: -0.08418
BAD root_position: -0.08416
BAD root_position: -0.08414
BAD root_position: -0.08412
BAD root_position: -0.08410
BAD root_position: -0.08408
BAD root_position: -0.08400
BAD root_position: -0.08384
BAD root_position: -0.08361
BAD root_position: -0.08333
BAD root_position: -0.08301
BAD root_position: -0.08266
BAD root_position: -0.08229
BAD root_position: -0.08191
BAD root_position: -0.08155
BAD root_position: -0.08119
BAD root_position: -0.08086
BAD root_position: -0.08056
BAD root_position: -0.08032
BAD root_position: -0.08014
BAD root_position: -0.08003
BAD root_position: -0.08000
BAD root_position: -0.08001
BAD root_position: -0.08001
BAD root_position: -0.08001
BAD root_position: -0.08001
BAD root_position: -0.08001
BAD root_position: -0.08001
BAD root_position: -0.08001
BAD root_position: -0.08000
BAD root_position: -0.08000
BAD root_position: -0.08000
BAD root_position: -0.07999
BAD root_position: -0.07999
BAD root_position: -0.07998
BAD root_position: -0.07997
BAD root_position: -0.07997
BAD root_position: -0.07996
BAD root_position: -0.07995
BAD root_position: -0.07994
BAD root_position: -0.07993
BAD root_position: -0.07991
BAD root_position: -0.07990
BAD root_position: -0.07989
BAD root_position: -0.07988
BAD root_position: -0.07986
BAD root_position: -0.07985
BAD root_position: -0.07984
BAD root_position: -0.07982
BAD root_position: -0.07981
BAD root_position: -0.07980
BAD root_position: -0.07979
BAD root_position: -0.07978
BAD root_position: -0.07983
BAD root_position: -0.07997
BAD root_position: -0.08017
BAD root_position: -0.08043
BAD root_position: -0.08074
BAD root_position: -0.08108
BAD root_position: -0.08143
BAD root_position: -0.08179
BAD root_position: -0.08214
BAD root_position: -0.08247
BAD root_position: -0.08277
BAD root_position: -0.08301
BAD root_position: -0.08320
BAD root_position: -0.08332
BAD root_position: -0.08335
BAD root_position: -0.08332
BAD root_position: -0.08330
BAD root_position: -0.08327
BAD root_position: -0.08325
BAD root_position: -0.08323
BAD root_position: -0.08320
BAD root_position: -0.08318
BAD root_position: -0.08316
BAD root_position: -0.08307
BAD root_position: -0.08290
BAD root_position: -0.08267
BAD root_position: -0.08239
BAD root_position: -0.08206
BAD root_position: -0.08171
BAD root_position: -0.08135
BAD root_position: -0.08098
BAD root_position: -0.08063
BAD root_position: -0.08030
BAD root_position: -0.08001
BAD root_position: -0.07977
BAD root_position: -0.07959
BAD root_position: -0.07948
BAD root_position: -0.07947
BAD root_position: -0.07949
BAD root_position: -0.07952
BAD root_position: -0.07955
BAD root_position: -0.07958
BAD root_position: -0.07961
BAD root_position: -0.07964
BAD root_position: -0.07968
BAD root_position: -0.07972
BAD root_position: -0.07975
BAD root_position: -0.07979
BAD root_position: -0.07983
BAD root_position: -0.07986
BAD root_position: -0.07990
BAD root_position: -0.07994
BAD root_position: -0.07997
BAD root_position: -0.08001
BAD root_position: -0.08004
BAD root_position: -0.08008
BAD root_position: -0.08011
BAD root_position: -0.08014
BAD root_position: -0.08017
BAD root_position: -0.08020
BAD root_position: -0.08022
BAD root_position: -0.08025
BAD root_position: -0.08027
BAD root_position: -0.08029
BAD root_position: -0.08031
BAD root_position: -0.08033
BAD root_position: -0.08034
BAD root_position: -0.08036
BAD root_position: -0.08039
BAD root_position: -0.08050
BAD root_position: -0.08069
BAD root_position: -0.08096
BAD root_position: -0.08127
BAD root_position: -0.08163
BAD root_position: -0.08201
BAD root_position: -0.08240
BAD root_position: -0.08279
BAD root_position: -0.08317
BAD root_position: -0.08351
BAD root_position: -0.08382
BAD root_position: -0.08407
BAD root_position: -0.08424
BAD root_position: -0.08434
BAD root_position: -0.08434
BAD root_position: -0.08432
BAD root_position: -0.08430
BAD root_position: -0.08428
BAD root_position: -0.08426
BAD root_position: -0.08424
recorded 500 frames
avg lin_vel_x -0.009
avg lin_vel_y -0.0093
avg yaw -0.0
computed xvel: -0.014, mean xvel: -0.009
computed yvel: -0.007, mean yvel: -0.0093
computed thetavel: -0.042, mean thetavel: -0.0
DONE, saving 55_-0.014_-0.007_-0.042.json
