<frozen importlib._bootstrap>:241: RuntimeWarning: to-Python converter for std::vector<Eigen::Matrix<double, 3, 1, 0, 3, 1>, std::allocator<Eigen::Matrix<double, 3, 1, 0, 3, 1> > > already registered; second conversion method ignored.
<frozen importlib._bootstrap>:241: RuntimeWarning: to-Python converter for boost::python::detail::container_element<std::vector<Eigen::Matrix<double, 3, 1, 0, 3, 1>, std::allocator<Eigen::Matrix<double, 3, 1, 0, 3, 1> > >, unsigned long, boost::python::detail::final_vector_derived_policies<std::vector<Eigen::Matrix<double, 3, 1, 0, 3, 1>, std::allocator<Eigen::Matrix<double, 3, 1, 0, 3, 1> > >, false> > already registered; second conversion method ignored.
<frozen importlib._bootstrap>:241: RuntimeWarning: to-Python converter for std::vector<int, std::allocator<int> > already registered; second conversion method ignored.
<frozen importlib._bootstrap>:241: RuntimeWarning: to-Python converter for std::vector<double, std::allocator<double> > already registered; second conversion method ignored.
<frozen importlib._bootstrap>:241: RuntimeWarning: to-Python converter for std::vector<std::__cxx11::basic_string<char, std::char_traits<char>, std::allocator<char> >, std::allocator<std::__cxx11::basic_string<char, std::char_traits<char>, std::allocator<char> > > > already registered; second conversion method ignored.
WARNING: Can't find trunk frames in the model, can't measure leg spacing
WARNING: Can't find head frames in the model, camera_look_at won't work
gait_parameters {'dx': 0.02, 'dy': -0.01, 'dtheta': -0.06, 'duration': 8, 'hardware': True, 'double_support_ratio': 0.8, 'startend_double_support_ratio': 1.5, 'planned_timesteps': 48, 'replan_timesteps': 10, 'walk_com_height': 0.445, 'walk_foot_height': 0.03, 'walk_trunk_pitch': -5.7, 'walk_foot_rise_ratio': 0.2, 'single_support_duration': 0.8, 'single_support_timesteps': 10, 'foot_length': 0.22, 'feet_spacing': 0.114, 'zmp_margin': 0.02, 'foot_zmp_target_x': 0.0, 'foot_zmp_target_y': 0.0, 'walk_max_dtheta': 1.0, 'walk_max_dy': 0.04, 'walk_max_dx_forward': 0.08, 'walk_max_dx_backward': 0.03, 'joints': ['leg_left_ankle_roll_joint', 'leg_left_ankle_pitch_joint', 'leg_left_knee_pitch_joint', 'leg_left_hip_pitch_joint', 'leg_left_hip_yaw_joint', 'leg_left_hip_roll_joint', 'leg_right_ankle_roll_joint', 'leg_right_ankle_pitch_joint', 'leg_right_knee_pitch_joint', 'leg_right_hip_pitch_joint', 'leg_right_hip_yaw_joint', 'leg_right_hip_roll_joint', 'left_wrist_attachment_joint', 'left_fore_arm_joint', 'left_upper_arm_joint', 'left_shoulder_joint', 'right_wrist_attachment_joint', 'right_fore_arm_joint', 'right_upper_arm_joint', 'right_shoulder_joint'], 'joint_angles': {'left_wrist_attachment_joint': 0, 'left_fore_arm_joint': -90, 'left_upper_arm_joint': 45, 'left_shoulder_joint': 0, 'right_wrist_attachment_joint': 0, 'right_fore_arm_joint': 90, 'right_upper_arm_joint': -45, 'right_shoulder_joint': 0}}
Placing the robot in the initial position...
Initial position reached
{'leg_left_ankle_roll_joint': 0.01615335627896643, 'leg_left_ankle_pitch_joint': -0.48517998182525773, 'leg_left_knee_pitch_joint': 0.930308835702257, 'leg_left_hip_pitch_joint': -0.34614263721326627, 'leg_left_hip_yaw_joint': -0.053963194592576674, 'leg_left_hip_roll_joint': -0.010247322964746706, 'leg_right_ankle_roll_joint': 0.0167632219827047, 'leg_right_ankle_pitch_joint': -0.5103025179846888, 'leg_right_knee_pitch_joint': 1.0133958446661149, 'leg_right_hip_pitch_joint': -0.40412279149401803, 'leg_right_hip_yaw_joint': -0.054436816628706836, 'leg_right_hip_roll_joint': -0.010639877072518782, 'left_wrist_attachment_joint': -2.8368990907202165e-26, 'left_fore_arm_joint': -0.8279396076043076, 'left_upper_arm_joint': 0.785398163389166, 'left_shoulder_joint': 6.498419857497437e-12, 'right_wrist_attachment_joint': 7.887663508288501e-30, 'right_fore_arm_joint': 1.0044900693675713, 'right_upper_arm_joint': -0.7853981633876277, 'right_shoulder_joint': 5.981315942387916e-12}
## period: 2.88
BAD root_position: -0.07991
BAD root_position: -0.07991
BAD root_position: -0.07991
BAD root_position: -0.07991
BAD root_position: -0.07991
BAD root_position: -0.07991
BAD root_position: -0.07991
BAD root_position: -0.07991
BAD root_position: -0.07991
BAD root_position: -0.07991
BAD root_position: -0.07991
BAD root_position: -0.07991
BAD root_position: -0.07991
BAD root_position: -0.07991
BAD root_position: -0.07991
BAD root_position: -0.07991
BAD root_position: -0.07991
BAD root_position: -0.07991
BAD root_position: -0.07991
BAD root_position: -0.07991
BAD root_position: -0.07991
BAD root_position: -0.07991
BAD root_position: -0.07991
BAD root_position: -0.07991
BAD root_position: -0.07991
BAD root_position: -0.07991
BAD root_position: -0.07991
BAD root_position: -0.07991
BAD root_position: -0.07991
BAD root_position: -0.07991
BAD root_position: -0.07991
BAD root_position: -0.07991
BAD root_position: -0.07991
BAD root_position: -0.07991
BAD root_position: -0.07991
BAD root_position: -0.07991
BAD root_position: -0.07991
BAD root_position: -0.07991
BAD root_position: -0.07991
BAD root_position: -0.07990
BAD root_position: -0.07990
BAD root_position: -0.07990
BAD root_position: -0.07990
BAD root_position: -0.07990
BAD root_position: -0.07990
BAD root_position: -0.07990
BAD root_position: -0.07990
BAD root_position: -0.07990
BAD root_position: -0.07990
BAD root_position: -0.07990
BAD root_position: -0.07990
BAD root_position: -0.07990
BAD root_position: -0.07990
BAD root_position: -0.07989
BAD root_position: -0.07989
BAD root_position: -0.07989
BAD root_position: -0.07988
BAD root_position: -0.07988
BAD root_position: -0.07989
BAD root_position: -0.07998
BAD root_position: -0.08015
BAD root_position: -0.08039
BAD root_position: -0.08069
BAD root_position: -0.08102
BAD root_position: -0.08138
BAD root_position: -0.08176
BAD root_position: -0.08214
BAD root_position: -0.08251
BAD root_position: -0.08285
BAD root_position: -0.08315
BAD root_position: -0.08341
BAD root_position: -0.08360
BAD root_position: -0.08371
BAD root_position: -0.08373
BAD root_position: -0.08373
BAD root_position: -0.08373
BAD root_position: -0.08373
BAD root_position: -0.08373
BAD root_position: -0.08373
BAD root_position: -0.08373
BAD root_position: -0.08373
BAD root_position: -0.08371
BAD root_position: -0.08360
BAD root_position: -0.08342
BAD root_position: -0.08317
BAD root_position: -0.08287
BAD root_position: -0.08252
BAD root_position: -0.08216
BAD root_position: -0.08178
BAD root_position: -0.08140
BAD root_position: -0.08104
BAD root_position: -0.08070
BAD root_position: -0.08041
BAD root_position: -0.08016
BAD root_position: -0.07999
BAD root_position: -0.07989
BAD root_position: -0.07988
BAD root_position: -0.07988
BAD root_position: -0.07988
BAD root_position: -0.07989
BAD root_position: -0.07989
BAD root_position: -0.07989
BAD root_position: -0.07990
BAD root_position: -0.07990
BAD root_position: -0.07990
BAD root_position: -0.07990
BAD root_position: -0.07990
BAD root_position: -0.07990
BAD root_position: -0.07990
BAD root_position: -0.07990
BAD root_position: -0.07990
BAD root_position: -0.07990
BAD root_position: -0.07990
BAD root_position: -0.07990
BAD root_position: -0.07990
BAD root_position: -0.07990
BAD root_position: -0.07989
BAD root_position: -0.07989
BAD root_position: -0.07989
BAD root_position: -0.07988
BAD root_position: -0.07988
BAD root_position: -0.07988
BAD root_position: -0.07987
BAD root_position: -0.07987
BAD root_position: -0.07987
BAD root_position: -0.07986
BAD root_position: -0.07986
BAD root_position: -0.07990
BAD root_position: -0.08003
BAD root_position: -0.08024
BAD root_position: -0.08051
BAD root_position: -0.08083
BAD root_position: -0.08119
BAD root_position: -0.08158
BAD root_position: -0.08198
BAD root_position: -0.08237
BAD root_position: -0.08275
BAD root_position: -0.08311
BAD root_position: -0.08342
BAD root_position: -0.08367
BAD root_position: -0.08386
BAD root_position: -0.08396
BAD root_position: -0.08399
BAD root_position: -0.08401
BAD root_position: -0.08404
BAD root_position: -0.08407
BAD root_position: -0.08409
BAD root_position: -0.08412
BAD root_position: -0.08414
BAD root_position: -0.08417
BAD root_position: -0.08413
BAD root_position: -0.08401
BAD root_position: -0.08380
BAD root_position: -0.08353
BAD root_position: -0.08321
BAD root_position: -0.08286
BAD root_position: -0.08247
BAD root_position: -0.08208
BAD root_position: -0.08170
BAD root_position: -0.08132
BAD root_position: -0.08098
BAD root_position: -0.08069
BAD root_position: -0.08046
BAD root_position: -0.08029
BAD root_position: -0.08022
BAD root_position: -0.08020
BAD root_position: -0.08018
BAD root_position: -0.08017
BAD root_position: -0.08015
BAD root_position: -0.08013
BAD root_position: -0.08011
BAD root_position: -0.08008
BAD root_position: -0.08006
BAD root_position: -0.08004
BAD root_position: -0.08001
BAD root_position: -0.07998
BAD root_position: -0.07995
BAD root_position: -0.07993
BAD root_position: -0.07990
BAD root_position: -0.07987
BAD root_position: -0.07984
BAD root_position: -0.07981
BAD root_position: -0.07978
BAD root_position: -0.07975
BAD root_position: -0.07972
BAD root_position: -0.07969
BAD root_position: -0.07967
BAD root_position: -0.07964
BAD root_position: -0.07961
BAD root_position: -0.07959
BAD root_position: -0.07957
BAD root_position: -0.07955
BAD root_position: -0.07953
BAD root_position: -0.07951
BAD root_position: -0.07949
BAD root_position: -0.07948
BAD root_position: -0.07953
BAD root_position: -0.07965
BAD root_position: -0.07983
BAD root_position: -0.08007
BAD root_position: -0.08036
BAD root_position: -0.08068
BAD root_position: -0.08102
BAD root_position: -0.08137
BAD root_position: -0.08173
BAD root_position: -0.08207
BAD root_position: -0.08240
BAD root_position: -0.08269
BAD root_position: -0.08294
BAD root_position: -0.08313
BAD root_position: -0.08326
BAD root_position: -0.08332
BAD root_position: -0.08335
BAD root_position: -0.08337
BAD root_position: -0.08340
BAD root_position: -0.08343
BAD root_position: -0.08346
BAD root_position: -0.08349
BAD root_position: -0.08352
BAD root_position: -0.08354
BAD root_position: -0.08351
BAD root_position: -0.08340
BAD root_position: -0.08322
BAD root_position: -0.08299
BAD root_position: -0.08271
BAD root_position: -0.08240
BAD root_position: -0.08207
BAD root_position: -0.08172
BAD root_position: -0.08137
BAD root_position: -0.08104
BAD root_position: -0.08072
BAD root_position: -0.08044
BAD root_position: -0.08021
BAD root_position: -0.08003
BAD root_position: -0.07992
BAD root_position: -0.07989
BAD root_position: -0.07989
BAD root_position: -0.07988
BAD root_position: -0.07988
BAD root_position: -0.07987
BAD root_position: -0.07987
BAD root_position: -0.07987
BAD root_position: -0.07986
BAD root_position: -0.07986
BAD root_position: -0.07986
BAD root_position: -0.07985
BAD root_position: -0.07985
BAD root_position: -0.07984
BAD root_position: -0.07984
BAD root_position: -0.07984
BAD root_position: -0.07983
BAD root_position: -0.07983
BAD root_position: -0.07982
BAD root_position: -0.07982
BAD root_position: -0.07982
BAD root_position: -0.07981
BAD root_position: -0.07981
BAD root_position: -0.07980
BAD root_position: -0.07980
BAD root_position: -0.07980
BAD root_position: -0.07979
BAD root_position: -0.07979
BAD root_position: -0.07978
BAD root_position: -0.07978
BAD root_position: -0.07977
BAD root_position: -0.07977
BAD root_position: -0.07977
BAD root_position: -0.07977
BAD root_position: -0.07982
BAD root_position: -0.07996
BAD root_position: -0.08016
BAD root_position: -0.08042
BAD root_position: -0.08073
BAD root_position: -0.08107
BAD root_position: -0.08144
BAD root_position: -0.08181
BAD root_position: -0.08219
BAD root_position: -0.08255
BAD root_position: -0.08289
BAD root_position: -0.08320
BAD root_position: -0.08346
BAD root_position: -0.08367
BAD root_position: -0.08380
BAD root_position: -0.08386
BAD root_position: -0.08388
BAD root_position: -0.08391
BAD root_position: -0.08393
BAD root_position: -0.08396
BAD root_position: -0.08398
BAD root_position: -0.08401
BAD root_position: -0.08403
BAD root_position: -0.08406
BAD root_position: -0.08401
BAD root_position: -0.08389
BAD root_position: -0.08370
BAD root_position: -0.08345
BAD root_position: -0.08315
BAD root_position: -0.08282
BAD root_position: -0.08246
BAD root_position: -0.08209
BAD root_position: -0.08172
BAD root_position: -0.08136
BAD root_position: -0.08103
BAD root_position: -0.08073
BAD root_position: -0.08048
BAD root_position: -0.08029
BAD root_position: -0.08017
BAD root_position: -0.08013
BAD root_position: -0.08012
BAD root_position: -0.08011
BAD root_position: -0.08010
BAD root_position: -0.08009
BAD root_position: -0.08008
BAD root_position: -0.08006
BAD root_position: -0.08005
BAD root_position: -0.08003
BAD root_position: -0.08002
BAD root_position: -0.08000
BAD root_position: -0.07999
BAD root_position: -0.07997
BAD root_position: -0.07995
BAD root_position: -0.07993
BAD root_position: -0.07991
BAD root_position: -0.07989
BAD root_position: -0.07987
BAD root_position: -0.07985
BAD root_position: -0.07982
BAD root_position: -0.07980
BAD root_position: -0.07978
BAD root_position: -0.07976
BAD root_position: -0.07974
BAD root_position: -0.07971
BAD root_position: -0.07970
BAD root_position: -0.07968
BAD root_position: -0.07966
BAD root_position: -0.07964
BAD root_position: -0.07962
BAD root_position: -0.07960
BAD root_position: -0.07959
BAD root_position: -0.07957
BAD root_position: -0.07962
BAD root_position: -0.07974
BAD root_position: -0.07993
BAD root_position: -0.08017
BAD root_position: -0.08046
BAD root_position: -0.08078
BAD root_position: -0.08112
BAD root_position: -0.08148
BAD root_position: -0.08183
BAD root_position: -0.08218
BAD root_position: -0.08250
BAD root_position: -0.08280
BAD root_position: -0.08305
BAD root_position: -0.08324
BAD root_position: -0.08337
BAD root_position: -0.08343
BAD root_position: -0.08345
BAD root_position: -0.08348
BAD root_position: -0.08351
BAD root_position: -0.08354
BAD root_position: -0.08357
BAD root_position: -0.08360
BAD root_position: -0.08363
BAD root_position: -0.08365
BAD root_position: -0.08362
BAD root_position: -0.08351
BAD root_position: -0.08334
BAD root_position: -0.08310
BAD root_position: -0.08283
BAD root_position: -0.08251
BAD root_position: -0.08218
BAD root_position: -0.08183
BAD root_position: -0.08146
BAD root_position: -0.08112
BAD root_position: -0.08081
BAD root_position: -0.08052
BAD root_position: -0.08029
BAD root_position: -0.08011
BAD root_position: -0.07999
BAD root_position: -0.07996
BAD root_position: -0.07995
BAD root_position: -0.07995
BAD root_position: -0.07994
BAD root_position: -0.07994
BAD root_position: -0.07993
BAD root_position: -0.07992
BAD root_position: -0.07992
BAD root_position: -0.07991
BAD root_position: -0.07990
BAD root_position: -0.07990
BAD root_position: -0.07989
BAD root_position: -0.07988
BAD root_position: -0.07987
BAD root_position: -0.07986
BAD root_position: -0.07985
BAD root_position: -0.07985
BAD root_position: -0.07984
BAD root_position: -0.07983
BAD root_position: -0.07982
BAD root_position: -0.07981
BAD root_position: -0.07980
BAD root_position: -0.07979
BAD root_position: -0.07978
BAD root_position: -0.07977
BAD root_position: -0.07976
BAD root_position: -0.07975
BAD root_position: -0.07974
BAD root_position: -0.07973
BAD root_position: -0.07972
BAD root_position: -0.07972
BAD root_position: -0.07971
BAD root_position: -0.07976
BAD root_position: -0.07991
BAD root_position: -0.08012
BAD root_position: -0.08040
BAD root_position: -0.08073
BAD root_position: -0.08109
BAD root_position: -0.08147
BAD root_position: -0.08186
BAD root_position: -0.08225
BAD root_position: -0.08262
BAD root_position: -0.08296
BAD root_position: -0.08326
BAD root_position: -0.08350
BAD root_position: -0.08367
BAD root_position: -0.08375
BAD root_position: -0.08378
BAD root_position: -0.08380
BAD root_position: -0.08383
BAD root_position: -0.08386
BAD root_position: -0.08388
BAD root_position: -0.08391
BAD root_position: -0.08393
BAD root_position: -0.08395
BAD root_position: -0.08390
BAD root_position: -0.08376
BAD root_position: -0.08355
BAD root_position: -0.08328
BAD root_position: -0.08295
BAD root_position: -0.08259
BAD root_position: -0.08222
BAD root_position: -0.08183
BAD root_position: -0.08145
BAD root_position: -0.08109
BAD root_position: -0.08077
BAD root_position: -0.08049
BAD root_position: -0.08028
BAD root_position: -0.08014
BAD root_position: -0.08008
BAD root_position: -0.08008
BAD root_position: -0.08007
BAD root_position: -0.08006
BAD root_position: -0.08005
BAD root_position: -0.08004
BAD root_position: -0.08003
BAD root_position: -0.08002
BAD root_position: -0.08000
BAD root_position: -0.07999
BAD root_position: -0.07997
BAD root_position: -0.07996
BAD root_position: -0.07994
BAD root_position: -0.07992
BAD root_position: -0.07991
BAD root_position: -0.07989
BAD root_position: -0.07987
BAD root_position: -0.07985
BAD root_position: -0.07983
BAD root_position: -0.07981
BAD root_position: -0.07979
BAD root_position: -0.07978
BAD root_position: -0.07976
BAD root_position: -0.07974
BAD root_position: -0.07973
BAD root_position: -0.07971
BAD root_position: -0.07969
BAD root_position: -0.07968
BAD root_position: -0.07967
BAD root_position: -0.07965
BAD root_position: -0.07964
BAD root_position: -0.07965
BAD root_position: -0.07973
BAD root_position: -0.07990
BAD root_position: -0.08013
BAD root_position: -0.08042
BAD root_position: -0.08074
BAD root_position: -0.08110
BAD root_position: -0.08147
BAD root_position: -0.08185
BAD root_position: -0.08222
BAD root_position: -0.08257
BAD root_position: -0.08288
BAD root_position: -0.08315
BAD root_position: -0.08335
BAD root_position: -0.08348
BAD root_position: -0.08353
BAD root_position: -0.08356
BAD root_position: -0.08359
BAD root_position: -0.08362
BAD root_position: -0.08365
BAD root_position: -0.08368
recorded 500 frames
avg lin_vel_x 0.0066
avg lin_vel_y -0.0106
avg yaw -0.0
computed xvel: 0.014, mean xvel: 0.0066
computed yvel: -0.007, mean yvel: -0.0106
computed thetavel: -0.042, mean thetavel: -0.0
DONE, saving 57_0.014_-0.007_-0.042.json
