<frozen importlib._bootstrap>:241: RuntimeWarning: to-Python converter for std::vector<Eigen::Matrix<double, 3, 1, 0, 3, 1>, std::allocator<Eigen::Matrix<double, 3, 1, 0, 3, 1> > > already registered; second conversion method ignored.
<frozen importlib._bootstrap>:241: RuntimeWarning: to-Python converter for boost::python::detail::container_element<std::vector<Eigen::Matrix<double, 3, 1, 0, 3, 1>, std::allocator<Eigen::Matrix<double, 3, 1, 0, 3, 1> > >, unsigned long, boost::python::detail::final_vector_derived_policies<std::vector<Eigen::Matrix<double, 3, 1, 0, 3, 1>, std::allocator<Eigen::Matrix<double, 3, 1, 0, 3, 1> > >, false> > already registered; second conversion method ignored.
<frozen importlib._bootstrap>:241: RuntimeWarning: to-Python converter for std::vector<int, std::allocator<int> > already registered; second conversion method ignored.
<frozen importlib._bootstrap>:241: RuntimeWarning: to-Python converter for std::vector<double, std::allocator<double> > already registered; second conversion method ignored.
<frozen importlib._bootstrap>:241: RuntimeWarning: to-Python converter for std::vector<std::__cxx11::basic_string<char, std::char_traits<char>, std::allocator<char> >, std::allocator<std::__cxx11::basic_string<char, std::char_traits<char>, std::allocator<char> > > > already registered; second conversion method ignored.
WARNING: Can't find trunk frames in the model, can't measure leg spacing
WARNING: Can't find head frames in the model, camera_look_at won't work
gait_parameters {'dx': 0.04, 'dy': -0.01, 'dtheta': -0.06, 'duration': 8, 'hardware': True, 'double_support_ratio': 0.8, 'startend_double_support_ratio': 1.5, 'planned_timesteps': 48, 'replan_timesteps': 10, 'walk_com_height': 0.445, 'walk_foot_height': 0.03, 'walk_trunk_pitch': -5.7, 'walk_foot_rise_ratio': 0.2, 'single_support_duration': 0.8, 'single_support_timesteps': 10, 'foot_length': 0.22, 'feet_spacing': 0.114, 'zmp_margin': 0.02, 'foot_zmp_target_x': 0.0, 'foot_zmp_target_y': 0.0, 'walk_max_dtheta': 1.0, 'walk_max_dy': 0.04, 'walk_max_dx_forward': 0.08, 'walk_max_dx_backward': 0.03, 'joints': ['leg_left_ankle_roll_joint', 'leg_left_ankle_pitch_joint', 'leg_left_knee_pitch_joint', 'leg_left_hip_pitch_joint', 'leg_left_hip_yaw_joint', 'leg_left_hip_roll_joint', 'leg_right_ankle_roll_joint', 'leg_right_ankle_pitch_joint', 'leg_right_knee_pitch_joint', 'leg_right_hip_pitch_joint', 'leg_right_hip_yaw_joint', 'leg_right_hip_roll_joint', 'left_wrist_attachment_joint', 'left_fore_arm_joint', 'left_upper_arm_joint', 'left_shoulder_joint', 'right_wrist_attachment_joint', 'right_fore_arm_joint', 'right_upper_arm_joint', 'right_shoulder_joint'], 'joint_angles': {'left_wrist_attachment_joint': 0, 'left_fore_arm_joint': -90, 'left_upper_arm_joint': 45, 'left_shoulder_joint': 0, 'right_wrist_attachment_joint': 0, 'right_fore_arm_joint': 90, 'right_upper_arm_joint': -45, 'right_shoulder_joint': 0}}
Placing the robot in the initial position...
Initial position reached
{'leg_left_ankle_roll_joint': 0.015276418786539868, 'leg_left_ankle_pitch_joint': -0.4909349893528648, 'leg_left_knee_pitch_joint': 0.9393986224648256, 'leg_left_hip_pitch_joint': -0.3494475866540694, 'leg_left_hip_yaw_joint': -0.05328484825262999, 'leg_left_hip_roll_joint': -0.00969076353006608, 'leg_right_ankle_roll_joint': 0.01587343508879154, 'leg_right_ankle_pitch_joint': -0.5154954102862169, 'leg_right_knee_pitch_joint': 1.021343458646307, 'leg_right_hip_pitch_joint': -0.40684698047996176, 'leg_right_hip_yaw_joint': -0.05374854239734884, 'leg_right_hip_roll_joint': -0.010075134109999148, 'left_wrist_attachment_joint': -0.00029314799516081194, 'left_fore_arm_joint': -0.7559789405359861, 'left_upper_arm_joint': 0.7853981633898486, 'left_shoulder_joint': 6.02121134627115e-12, 'right_wrist_attachment_joint': 0.15827044032799997, 'right_fore_arm_joint': 1.2547050721765391, 'right_upper_arm_joint': -0.7853981633887065, 'right_shoulder_joint': 5.4028460352373935e-12}
## period: 2.88
BAD root_position: -0.07991
BAD root_position: -0.07991
BAD root_position: -0.07991
BAD root_position: -0.07991
BAD root_position: -0.07991
BAD root_position: -0.07991
BAD root_position: -0.07991
BAD root_position: -0.07991
BAD root_position: -0.07991
BAD root_position: -0.07991
BAD root_position: -0.07991
BAD root_position: -0.07991
BAD root_position: -0.07991
BAD root_position: -0.07991
BAD root_position: -0.07991
BAD root_position: -0.07991
BAD root_position: -0.07991
BAD root_position: -0.07991
BAD root_position: -0.07991
BAD root_position: -0.07991
BAD root_position: -0.07991
BAD root_position: -0.07991
BAD root_position: -0.07991
BAD root_position: -0.07991
BAD root_position: -0.07991
BAD root_position: -0.07991
BAD root_position: -0.07991
BAD root_position: -0.07991
BAD root_position: -0.07991
BAD root_position: -0.07991
BAD root_position: -0.07991
BAD root_position: -0.07991
BAD root_position: -0.07991
BAD root_position: -0.07991
BAD root_position: -0.07991
BAD root_position: -0.07991
BAD root_position: -0.07991
BAD root_position: -0.07991
BAD root_position: -0.07991
BAD root_position: -0.07990
BAD root_position: -0.07990
BAD root_position: -0.07990
BAD root_position: -0.07990
BAD root_position: -0.07990
BAD root_position: -0.07990
BAD root_position: -0.07990
BAD root_position: -0.07990
BAD root_position: -0.07990
BAD root_position: -0.07990
BAD root_position: -0.07990
BAD root_position: -0.07990
BAD root_position: -0.07990
BAD root_position: -0.07990
BAD root_position: -0.07989
BAD root_position: -0.07989
BAD root_position: -0.07989
BAD root_position: -0.07988
BAD root_position: -0.07988
BAD root_position: -0.07989
BAD root_position: -0.07998
BAD root_position: -0.08015
BAD root_position: -0.08039
BAD root_position: -0.08069
BAD root_position: -0.08102
BAD root_position: -0.08138
BAD root_position: -0.08176
BAD root_position: -0.08214
BAD root_position: -0.08251
BAD root_position: -0.08285
BAD root_position: -0.08315
BAD root_position: -0.08341
BAD root_position: -0.08360
BAD root_position: -0.08371
BAD root_position: -0.08373
BAD root_position: -0.08373
BAD root_position: -0.08373
BAD root_position: -0.08373
BAD root_position: -0.08373
BAD root_position: -0.08373
BAD root_position: -0.08373
BAD root_position: -0.08373
BAD root_position: -0.08371
BAD root_position: -0.08360
BAD root_position: -0.08342
BAD root_position: -0.08317
BAD root_position: -0.08287
BAD root_position: -0.08252
BAD root_position: -0.08216
BAD root_position: -0.08178
BAD root_position: -0.08140
BAD root_position: -0.08104
BAD root_position: -0.08070
BAD root_position: -0.08041
BAD root_position: -0.08016
BAD root_position: -0.07999
BAD root_position: -0.07989
BAD root_position: -0.07988
BAD root_position: -0.07988
BAD root_position: -0.07988
BAD root_position: -0.07989
BAD root_position: -0.07989
BAD root_position: -0.07989
BAD root_position: -0.07989
BAD root_position: -0.07990
BAD root_position: -0.07990
BAD root_position: -0.07990
BAD root_position: -0.07990
BAD root_position: -0.07990
BAD root_position: -0.07990
BAD root_position: -0.07990
BAD root_position: -0.07990
BAD root_position: -0.07990
BAD root_position: -0.07990
BAD root_position: -0.07990
BAD root_position: -0.07990
BAD root_position: -0.07989
BAD root_position: -0.07989
BAD root_position: -0.07989
BAD root_position: -0.07988
BAD root_position: -0.07988
BAD root_position: -0.07988
BAD root_position: -0.07987
BAD root_position: -0.07987
BAD root_position: -0.07987
BAD root_position: -0.07986
BAD root_position: -0.07986
BAD root_position: -0.07985
BAD root_position: -0.07990
BAD root_position: -0.08003
BAD root_position: -0.08024
BAD root_position: -0.08052
BAD root_position: -0.08085
BAD root_position: -0.08122
BAD root_position: -0.08162
BAD root_position: -0.08203
BAD root_position: -0.08245
BAD root_position: -0.08285
BAD root_position: -0.08322
BAD root_position: -0.08356
BAD root_position: -0.08384
BAD root_position: -0.08405
BAD root_position: -0.08417
BAD root_position: -0.08423
BAD root_position: -0.08428
BAD root_position: -0.08433
BAD root_position: -0.08438
BAD root_position: -0.08443
BAD root_position: -0.08448
BAD root_position: -0.08452
BAD root_position: -0.08457
BAD root_position: -0.08455
BAD root_position: -0.08444
BAD root_position: -0.08424
BAD root_position: -0.08397
BAD root_position: -0.08365
BAD root_position: -0.08329
BAD root_position: -0.08290
BAD root_position: -0.08250
BAD root_position: -0.08210
BAD root_position: -0.08171
BAD root_position: -0.08135
BAD root_position: -0.08104
BAD root_position: -0.08079
BAD root_position: -0.08061
BAD root_position: -0.08052
BAD root_position: -0.08048
BAD root_position: -0.08045
BAD root_position: -0.08042
BAD root_position: -0.08038
BAD root_position: -0.08034
BAD root_position: -0.08029
BAD root_position: -0.08025
BAD root_position: -0.08020
BAD root_position: -0.08015
BAD root_position: -0.08010
BAD root_position: -0.08005
BAD root_position: -0.07999
BAD root_position: -0.07994
BAD root_position: -0.07989
BAD root_position: -0.07983
BAD root_position: -0.07978
BAD root_position: -0.07972
BAD root_position: -0.07967
BAD root_position: -0.07961
BAD root_position: -0.07956
BAD root_position: -0.07951
BAD root_position: -0.07947
BAD root_position: -0.07942
BAD root_position: -0.07938
BAD root_position: -0.07934
BAD root_position: -0.07930
BAD root_position: -0.07926
BAD root_position: -0.07923
BAD root_position: -0.07920
BAD root_position: -0.07918
BAD root_position: -0.07916
BAD root_position: -0.07919
BAD root_position: -0.07930
BAD root_position: -0.07947
BAD root_position: -0.07970
BAD root_position: -0.07997
BAD root_position: -0.08027
BAD root_position: -0.08060
BAD root_position: -0.08094
BAD root_position: -0.08129
BAD root_position: -0.08163
BAD root_position: -0.08195
BAD root_position: -0.08225
BAD root_position: -0.08250
BAD root_position: -0.08271
BAD root_position: -0.08285
BAD root_position: -0.08292
BAD root_position: -0.08297
BAD root_position: -0.08302
BAD root_position: -0.08307
BAD root_position: -0.08312
BAD root_position: -0.08317
BAD root_position: -0.08322
BAD root_position: -0.08328
BAD root_position: -0.08332
BAD root_position: -0.08331
BAD root_position: -0.08323
BAD root_position: -0.08308
BAD root_position: -0.08286
BAD root_position: -0.08261
BAD root_position: -0.08231
BAD root_position: -0.08200
BAD root_position: -0.08166
BAD root_position: -0.08133
BAD root_position: -0.08100
BAD root_position: -0.08070
BAD root_position: -0.08042
BAD root_position: -0.08019
BAD root_position: -0.08001
BAD root_position: -0.07990
BAD root_position: -0.07987
BAD root_position: -0.07986
BAD root_position: -0.07985
BAD root_position: -0.07984
BAD root_position: -0.07984
BAD root_position: -0.07983
BAD root_position: -0.07982
BAD root_position: -0.07981
BAD root_position: -0.07981
BAD root_position: -0.07980
BAD root_position: -0.07980
BAD root_position: -0.07979
BAD root_position: -0.07979
BAD root_position: -0.07978
BAD root_position: -0.07978
BAD root_position: -0.07977
BAD root_position: -0.07977
BAD root_position: -0.07976
BAD root_position: -0.07976
BAD root_position: -0.07975
BAD root_position: -0.07975
BAD root_position: -0.07975
BAD root_position: -0.07975
BAD root_position: -0.07974
BAD root_position: -0.07974
BAD root_position: -0.07974
BAD root_position: -0.07974
BAD root_position: -0.07973
BAD root_position: -0.07973
BAD root_position: -0.07973
BAD root_position: -0.07973
BAD root_position: -0.07973
BAD root_position: -0.07973
BAD root_position: -0.07979
BAD root_position: -0.07993
BAD root_position: -0.08014
BAD root_position: -0.08040
BAD root_position: -0.08072
BAD root_position: -0.08107
BAD root_position: -0.08145
BAD root_position: -0.08184
BAD root_position: -0.08223
BAD root_position: -0.08262
BAD root_position: -0.08298
BAD root_position: -0.08331
BAD root_position: -0.08360
BAD root_position: -0.08383
BAD root_position: -0.08399
BAD root_position: -0.08406
BAD root_position: -0.08411
BAD root_position: -0.08416
BAD root_position: -0.08421
BAD root_position: -0.08426
BAD root_position: -0.08431
BAD root_position: -0.08436
BAD root_position: -0.08440
BAD root_position: -0.08445
BAD root_position: -0.08442
BAD root_position: -0.08432
BAD root_position: -0.08413
BAD root_position: -0.08389
BAD root_position: -0.08359
BAD root_position: -0.08326
BAD root_position: -0.08289
BAD root_position: -0.08251
BAD root_position: -0.08213
BAD root_position: -0.08176
BAD root_position: -0.08141
BAD root_position: -0.08110
BAD root_position: -0.08083
BAD root_position: -0.08062
BAD root_position: -0.08049
BAD root_position: -0.08044
BAD root_position: -0.08041
BAD root_position: -0.08039
BAD root_position: -0.08036
BAD root_position: -0.08034
BAD root_position: -0.08031
BAD root_position: -0.08028
BAD root_position: -0.08024
BAD root_position: -0.08021
BAD root_position: -0.08017
BAD root_position: -0.08013
BAD root_position: -0.08009
BAD root_position: -0.08005
BAD root_position: -0.08001
BAD root_position: -0.07997
BAD root_position: -0.07992
BAD root_position: -0.07988
BAD root_position: -0.07983
BAD root_position: -0.07978
BAD root_position: -0.07974
BAD root_position: -0.07969
BAD root_position: -0.07964
BAD root_position: -0.07960
BAD root_position: -0.07956
BAD root_position: -0.07951
BAD root_position: -0.07948
BAD root_position: -0.07944
BAD root_position: -0.07940
BAD root_position: -0.07937
BAD root_position: -0.07933
BAD root_position: -0.07930
BAD root_position: -0.07928
BAD root_position: -0.07925
BAD root_position: -0.07929
BAD root_position: -0.07940
BAD root_position: -0.07957
BAD root_position: -0.07980
BAD root_position: -0.08007
BAD root_position: -0.08037
BAD root_position: -0.08070
BAD root_position: -0.08105
BAD root_position: -0.08139
BAD root_position: -0.08173
BAD root_position: -0.08206
BAD root_position: -0.08235
BAD root_position: -0.08261
BAD root_position: -0.08282
BAD root_position: -0.08296
BAD root_position: -0.08303
BAD root_position: -0.08308
BAD root_position: -0.08313
BAD root_position: -0.08318
BAD root_position: -0.08323
BAD root_position: -0.08328
BAD root_position: -0.08334
BAD root_position: -0.08339
BAD root_position: -0.08344
BAD root_position: -0.08343
BAD root_position: -0.08335
BAD root_position: -0.08320
BAD root_position: -0.08299
BAD root_position: -0.08273
BAD root_position: -0.08244
BAD root_position: -0.08213
BAD root_position: -0.08179
BAD root_position: -0.08142
BAD root_position: -0.08109
BAD root_position: -0.08078
BAD root_position: -0.08050
BAD root_position: -0.08027
BAD root_position: -0.08009
BAD root_position: -0.07998
BAD root_position: -0.07994
BAD root_position: -0.07993
BAD root_position: -0.07992
BAD root_position: -0.07991
BAD root_position: -0.07990
BAD root_position: -0.07989
BAD root_position: -0.07988
BAD root_position: -0.07987
BAD root_position: -0.07986
BAD root_position: -0.07985
BAD root_position: -0.07984
BAD root_position: -0.07984
BAD root_position: -0.07983
BAD root_position: -0.07982
BAD root_position: -0.07981
BAD root_position: -0.07980
BAD root_position: -0.07979
BAD root_position: -0.07978
BAD root_position: -0.07977
BAD root_position: -0.07976
BAD root_position: -0.07975
BAD root_position: -0.07975
BAD root_position: -0.07974
BAD root_position: -0.07973
BAD root_position: -0.07972
BAD root_position: -0.07971
BAD root_position: -0.07971
BAD root_position: -0.07970
BAD root_position: -0.07969
BAD root_position: -0.07968
BAD root_position: -0.07968
BAD root_position: -0.07967
BAD root_position: -0.07973
BAD root_position: -0.07988
BAD root_position: -0.08010
BAD root_position: -0.08038
BAD root_position: -0.08072
BAD root_position: -0.08109
BAD root_position: -0.08149
BAD root_position: -0.08190
BAD root_position: -0.08231
BAD root_position: -0.08270
BAD root_position: -0.08306
BAD root_position: -0.08338
BAD root_position: -0.08365
BAD root_position: -0.08384
BAD root_position: -0.08395
BAD root_position: -0.08400
BAD root_position: -0.08405
BAD root_position: -0.08411
BAD root_position: -0.08416
BAD root_position: -0.08421
BAD root_position: -0.08426
BAD root_position: -0.08430
BAD root_position: -0.08435
BAD root_position: -0.08431
BAD root_position: -0.08419
BAD root_position: -0.08398
BAD root_position: -0.08371
BAD root_position: -0.08339
BAD root_position: -0.08302
BAD root_position: -0.08264
BAD root_position: -0.08224
BAD root_position: -0.08185
BAD root_position: -0.08147
BAD root_position: -0.08113
BAD root_position: -0.08084
BAD root_position: -0.08060
BAD root_position: -0.08045
BAD root_position: -0.08038
BAD root_position: -0.08036
BAD root_position: -0.08033
BAD root_position: -0.08031
BAD root_position: -0.08028
BAD root_position: -0.08025
BAD root_position: -0.08021
BAD root_position: -0.08018
BAD root_position: -0.08014
BAD root_position: -0.08010
BAD root_position: -0.08006
BAD root_position: -0.08002
BAD root_position: -0.07998
BAD root_position: -0.07994
BAD root_position: -0.07989
BAD root_position: -0.07985
BAD root_position: -0.07980
BAD root_position: -0.07976
BAD root_position: -0.07972
BAD root_position: -0.07968
BAD root_position: -0.07964
BAD root_position: -0.07960
BAD root_position: -0.07956
BAD root_position: -0.07952
BAD root_position: -0.07949
BAD root_position: -0.07945
BAD root_position: -0.07942
BAD root_position: -0.07939
BAD root_position: -0.07937
BAD root_position: -0.07934
BAD root_position: -0.07932
BAD root_position: -0.07931
BAD root_position: -0.07939
BAD root_position: -0.07954
BAD root_position: -0.07976
BAD root_position: -0.08003
BAD root_position: -0.08034
BAD root_position: -0.08068
BAD root_position: -0.08104
BAD root_position: -0.08141
BAD root_position: -0.08177
BAD root_position: -0.08212
BAD root_position: -0.08243
BAD root_position: -0.08270
BAD root_position: -0.08292
BAD root_position: -0.08307
BAD root_position: -0.08314
BAD root_position: -0.08319
BAD root_position: -0.08324
BAD root_position: -0.08329
BAD root_position: -0.08335
BAD root_position: -0.08340
recorded 500 frames
avg lin_vel_x 0.0144
avg lin_vel_y -0.0112
avg yaw -0.0
computed xvel: 0.028, mean xvel: 0.0144
computed yvel: -0.007, mean yvel: -0.0112
computed thetavel: -0.042, mean thetavel: -0.0
DONE, saving 58_0.028_-0.007_-0.042.json
