<frozen importlib._bootstrap>:241: RuntimeWarning: to-Python converter for std::vector<Eigen::Matrix<double, 3, 1, 0, 3, 1>, std::allocator<Eigen::Matrix<double, 3, 1, 0, 3, 1> > > already registered; second conversion method ignored.
<frozen importlib._bootstrap>:241: RuntimeWarning: to-Python converter for boost::python::detail::container_element<std::vector<Eigen::Matrix<double, 3, 1, 0, 3, 1>, std::allocator<Eigen::Matrix<double, 3, 1, 0, 3, 1> > >, unsigned long, boost::python::detail::final_vector_derived_policies<std::vector<Eigen::Matrix<double, 3, 1, 0, 3, 1>, std::allocator<Eigen::Matrix<double, 3, 1, 0, 3, 1> > >, false> > already registered; second conversion method ignored.
<frozen importlib._bootstrap>:241: RuntimeWarning: to-Python converter for std::vector<int, std::allocator<int> > already registered; second conversion method ignored.
<frozen importlib._bootstrap>:241: RuntimeWarning: to-Python converter for std::vector<double, std::allocator<double> > already registered; second conversion method ignored.
<frozen importlib._bootstrap>:241: RuntimeWarning: to-Python converter for std::vector<std::__cxx11::basic_string<char, std::char_traits<char>, std::allocator<char> >, std::allocator<std::__cxx11::basic_string<char, std::char_traits<char>, std::allocator<char> > > > already registered; second conversion method ignored.
WARNING: Can't find trunk frames in the model, can't measure leg spacing
WARNING: Can't find head frames in the model, camera_look_at won't work
gait_parameters {'dx': 0.04, 'dy': 0.01, 'dtheta': -0.06, 'duration': 8, 'hardware': True, 'double_support_ratio': 0.8, 'startend_double_support_ratio': 1.5, 'planned_timesteps': 48, 'replan_timesteps': 10, 'walk_com_height': 0.445, 'walk_foot_height': 0.03, 'walk_trunk_pitch': -5.7, 'walk_foot_rise_ratio': 0.2, 'single_support_duration': 0.8, 'single_support_timesteps': 10, 'foot_length': 0.22, 'feet_spacing': 0.114, 'zmp_margin': 0.02, 'foot_zmp_target_x': 0.0, 'foot_zmp_target_y': 0.0, 'walk_max_dtheta': 1.0, 'walk_max_dy': 0.04, 'walk_max_dx_forward': 0.08, 'walk_max_dx_backward': 0.03, 'joints': ['leg_left_ankle_roll_joint', 'leg_left_ankle_pitch_joint', 'leg_left_knee_pitch_joint', 'leg_left_hip_pitch_joint', 'leg_left_hip_yaw_joint', 'leg_left_hip_roll_joint', 'leg_right_ankle_roll_joint', 'leg_right_ankle_pitch_joint', 'leg_right_knee_pitch_joint', 'leg_right_hip_pitch_joint', 'leg_right_hip_yaw_joint', 'leg_right_hip_roll_joint', 'left_wrist_attachment_joint', 'left_fore_arm_joint', 'left_upper_arm_joint', 'left_shoulder_joint', 'right_wrist_attachment_joint', 'right_fore_arm_joint', 'right_upper_arm_joint', 'right_shoulder_joint'], 'joint_angles': {'left_wrist_attachment_joint': 0, 'left_fore_arm_joint': -90, 'left_upper_arm_joint': 45, 'left_shoulder_joint': 0, 'right_wrist_attachment_joint': 0, 'right_fore_arm_joint': 90, 'right_upper_arm_joint': -45, 'right_shoulder_joint': 0}}
Placing the robot in the initial position...
Initial position reached
{'leg_left_ankle_roll_joint': 0.0159786115193396, 'leg_left_ankle_pitch_joint': -0.4998956445712237, 'leg_left_knee_pitch_joint': 0.9566487673216759, 'leg_left_hip_pitch_joint': -0.35776093174370854, 'leg_left_hip_yaw_joint': -0.05382802383191097, 'leg_left_hip_roll_joint': -0.010136415762563983, 'leg_right_ankle_roll_joint': 0.016588781308586827, 'leg_right_ankle_pitch_joint': -0.5240105660886943, 'leg_right_knee_pitch_joint': 1.0377976973737013, 'leg_right_hip_pitch_joint': -0.4148105794695994, 'leg_right_hip_yaw_joint': -0.05430188340608608, 'leg_right_hip_roll_joint': -0.010529157191602394, 'left_wrist_attachment_joint': -8.325188860770764e-27, 'left_fore_arm_joint': -1.0411775351679335, 'left_upper_arm_joint': 0.7853981633907335, 'left_shoulder_joint': 5.394679452176104e-12, 'right_wrist_attachment_joint': -2.3182644890041636e-28, 'right_fore_arm_joint': 1.2788417582310634, 'right_upper_arm_joint': -0.7853981633895407, 'right_shoulder_joint': 4.948757017233561e-12}
## period: 2.88
BAD root_position: -0.07991
BAD root_position: -0.07991
BAD root_position: -0.07991
BAD root_position: -0.07991
BAD root_position: -0.07991
BAD root_position: -0.07991
BAD root_position: -0.07991
BAD root_position: -0.07991
BAD root_position: -0.07991
BAD root_position: -0.07991
BAD root_position: -0.07991
BAD root_position: -0.07991
BAD root_position: -0.07991
BAD root_position: -0.07991
BAD root_position: -0.07991
BAD root_position: -0.07991
BAD root_position: -0.07991
BAD root_position: -0.07991
BAD root_position: -0.07991
BAD root_position: -0.07991
BAD root_position: -0.07991
BAD root_position: -0.07991
BAD root_position: -0.07991
BAD root_position: -0.07991
BAD root_position: -0.07991
BAD root_position: -0.07991
BAD root_position: -0.07991
BAD root_position: -0.07991
BAD root_position: -0.07991
BAD root_position: -0.07991
BAD root_position: -0.07991
BAD root_position: -0.07991
BAD root_position: -0.07991
BAD root_position: -0.07991
BAD root_position: -0.07991
BAD root_position: -0.07991
BAD root_position: -0.07991
BAD root_position: -0.07991
BAD root_position: -0.07991
BAD root_position: -0.07990
BAD root_position: -0.07990
BAD root_position: -0.07990
BAD root_position: -0.07990
BAD root_position: -0.07990
BAD root_position: -0.07990
BAD root_position: -0.07990
BAD root_position: -0.07990
BAD root_position: -0.07990
BAD root_position: -0.07990
BAD root_position: -0.07990
BAD root_position: -0.07990
BAD root_position: -0.07990
BAD root_position: -0.07990
BAD root_position: -0.07989
BAD root_position: -0.07989
BAD root_position: -0.07989
BAD root_position: -0.07988
BAD root_position: -0.07988
BAD root_position: -0.07989
BAD root_position: -0.07998
BAD root_position: -0.08015
BAD root_position: -0.08039
BAD root_position: -0.08069
BAD root_position: -0.08102
BAD root_position: -0.08138
BAD root_position: -0.08176
BAD root_position: -0.08214
BAD root_position: -0.08251
BAD root_position: -0.08285
BAD root_position: -0.08315
BAD root_position: -0.08341
BAD root_position: -0.08360
BAD root_position: -0.08371
BAD root_position: -0.08373
BAD root_position: -0.08373
BAD root_position: -0.08373
BAD root_position: -0.08373
BAD root_position: -0.08373
BAD root_position: -0.08373
BAD root_position: -0.08373
BAD root_position: -0.08373
BAD root_position: -0.08371
BAD root_position: -0.08360
BAD root_position: -0.08342
BAD root_position: -0.08317
BAD root_position: -0.08287
BAD root_position: -0.08253
BAD root_position: -0.08216
BAD root_position: -0.08178
BAD root_position: -0.08140
BAD root_position: -0.08104
BAD root_position: -0.08070
BAD root_position: -0.08041
BAD root_position: -0.08016
BAD root_position: -0.07999
BAD root_position: -0.07989
BAD root_position: -0.07988
BAD root_position: -0.07988
BAD root_position: -0.07988
BAD root_position: -0.07989
BAD root_position: -0.07989
BAD root_position: -0.07989
BAD root_position: -0.07990
BAD root_position: -0.07990
BAD root_position: -0.07990
BAD root_position: -0.07990
BAD root_position: -0.07990
BAD root_position: -0.07990
BAD root_position: -0.07991
BAD root_position: -0.07991
BAD root_position: -0.07991
BAD root_position: -0.07990
BAD root_position: -0.07990
BAD root_position: -0.07990
BAD root_position: -0.07990
BAD root_position: -0.07990
BAD root_position: -0.07990
BAD root_position: -0.07989
BAD root_position: -0.07989
BAD root_position: -0.07989
BAD root_position: -0.07988
BAD root_position: -0.07988
BAD root_position: -0.07988
BAD root_position: -0.07987
BAD root_position: -0.07987
BAD root_position: -0.07987
BAD root_position: -0.07986
BAD root_position: -0.07990
BAD root_position: -0.08003
BAD root_position: -0.08024
BAD root_position: -0.08050
BAD root_position: -0.08082
BAD root_position: -0.08116
BAD root_position: -0.08154
BAD root_position: -0.08192
BAD root_position: -0.08230
BAD root_position: -0.08266
BAD root_position: -0.08299
BAD root_position: -0.08327
BAD root_position: -0.08350
BAD root_position: -0.08366
BAD root_position: -0.08374
BAD root_position: -0.08374
BAD root_position: -0.08375
BAD root_position: -0.08375
BAD root_position: -0.08375
BAD root_position: -0.08375
BAD root_position: -0.08375
BAD root_position: -0.08376
BAD root_position: -0.08376
BAD root_position: -0.08370
BAD root_position: -0.08356
BAD root_position: -0.08335
BAD root_position: -0.08308
BAD root_position: -0.08276
BAD root_position: -0.08240
BAD root_position: -0.08203
BAD root_position: -0.08165
BAD root_position: -0.08127
BAD root_position: -0.08092
BAD root_position: -0.08060
BAD root_position: -0.08032
BAD root_position: -0.08010
BAD root_position: -0.07996
BAD root_position: -0.07990
BAD root_position: -0.07990
BAD root_position: -0.07990
BAD root_position: -0.07990
BAD root_position: -0.07990
BAD root_position: -0.07990
BAD root_position: -0.07990
BAD root_position: -0.07990
BAD root_position: -0.07990
BAD root_position: -0.07990
BAD root_position: -0.07990
BAD root_position: -0.07990
BAD root_position: -0.07990
BAD root_position: -0.07990
BAD root_position: -0.07990
BAD root_position: -0.07990
BAD root_position: -0.07989
BAD root_position: -0.07989
BAD root_position: -0.07989
BAD root_position: -0.07988
BAD root_position: -0.07988
BAD root_position: -0.07987
BAD root_position: -0.07987
BAD root_position: -0.07986
BAD root_position: -0.07986
BAD root_position: -0.07985
BAD root_position: -0.07985
BAD root_position: -0.07984
BAD root_position: -0.07984
BAD root_position: -0.07983
BAD root_position: -0.07983
BAD root_position: -0.07983
BAD root_position: -0.07989
BAD root_position: -0.08003
BAD root_position: -0.08023
BAD root_position: -0.08050
BAD root_position: -0.08082
BAD root_position: -0.08117
BAD root_position: -0.08154
BAD root_position: -0.08193
BAD root_position: -0.08233
BAD root_position: -0.08271
BAD root_position: -0.08307
BAD root_position: -0.08340
BAD root_position: -0.08368
BAD root_position: -0.08391
BAD root_position: -0.08407
BAD root_position: -0.08414
BAD root_position: -0.08419
BAD root_position: -0.08424
BAD root_position: -0.08428
BAD root_position: -0.08433
BAD root_position: -0.08437
BAD root_position: -0.08442
BAD root_position: -0.08446
BAD root_position: -0.08450
BAD root_position: -0.08447
BAD root_position: -0.08436
BAD root_position: -0.08418
BAD root_position: -0.08393
BAD root_position: -0.08363
BAD root_position: -0.08330
BAD root_position: -0.08293
BAD root_position: -0.08255
BAD root_position: -0.08217
BAD root_position: -0.08180
BAD root_position: -0.08145
BAD root_position: -0.08114
BAD root_position: -0.08087
BAD root_position: -0.08067
BAD root_position: -0.08053
BAD root_position: -0.08048
BAD root_position: -0.08045
BAD root_position: -0.08042
BAD root_position: -0.08039
BAD root_position: -0.08036
BAD root_position: -0.08033
BAD root_position: -0.08029
BAD root_position: -0.08026
BAD root_position: -0.08022
BAD root_position: -0.08018
BAD root_position: -0.08013
BAD root_position: -0.08009
BAD root_position: -0.08004
BAD root_position: -0.08000
BAD root_position: -0.07995
BAD root_position: -0.07990
BAD root_position: -0.07985
BAD root_position: -0.07980
BAD root_position: -0.07975
BAD root_position: -0.07970
BAD root_position: -0.07966
BAD root_position: -0.07961
BAD root_position: -0.07956
BAD root_position: -0.07952
BAD root_position: -0.07948
BAD root_position: -0.07943
BAD root_position: -0.07940
BAD root_position: -0.07936
BAD root_position: -0.07932
BAD root_position: -0.07929
BAD root_position: -0.07926
BAD root_position: -0.07924
BAD root_position: -0.07921
BAD root_position: -0.07925
BAD root_position: -0.07936
BAD root_position: -0.07953
BAD root_position: -0.07976
BAD root_position: -0.08003
BAD root_position: -0.08033
BAD root_position: -0.08066
BAD root_position: -0.08100
BAD root_position: -0.08135
BAD root_position: -0.08168
BAD root_position: -0.08200
BAD root_position: -0.08229
BAD root_position: -0.08254
BAD root_position: -0.08274
BAD root_position: -0.08287
BAD root_position: -0.08293
BAD root_position: -0.08297
BAD root_position: -0.08301
BAD root_position: -0.08305
BAD root_position: -0.08310
BAD root_position: -0.08314
BAD root_position: -0.08318
BAD root_position: -0.08323
BAD root_position: -0.08327
BAD root_position: -0.08322
BAD root_position: -0.08312
BAD root_position: -0.08296
BAD root_position: -0.08274
BAD root_position: -0.08247
BAD root_position: -0.08217
BAD root_position: -0.08185
BAD root_position: -0.08151
BAD root_position: -0.08117
BAD root_position: -0.08084
BAD root_position: -0.08053
BAD root_position: -0.08026
BAD root_position: -0.08003
BAD root_position: -0.07985
BAD root_position: -0.07974
BAD root_position: -0.07970
BAD root_position: -0.07969
BAD root_position: -0.07969
BAD root_position: -0.07968
BAD root_position: -0.07968
BAD root_position: -0.07967
BAD root_position: -0.07967
BAD root_position: -0.07967
BAD root_position: -0.07967
BAD root_position: -0.07967
BAD root_position: -0.07967
BAD root_position: -0.07967
BAD root_position: -0.07968
BAD root_position: -0.07968
BAD root_position: -0.07969
BAD root_position: -0.07970
BAD root_position: -0.07970
BAD root_position: -0.07971
BAD root_position: -0.07972
BAD root_position: -0.07973
BAD root_position: -0.07974
BAD root_position: -0.07975
BAD root_position: -0.07976
BAD root_position: -0.07977
BAD root_position: -0.07978
BAD root_position: -0.07978
BAD root_position: -0.07979
BAD root_position: -0.07980
BAD root_position: -0.07980
BAD root_position: -0.07981
BAD root_position: -0.07982
BAD root_position: -0.07983
BAD root_position: -0.07983
BAD root_position: -0.07990
BAD root_position: -0.08005
BAD root_position: -0.08026
BAD root_position: -0.08054
BAD root_position: -0.08086
BAD root_position: -0.08121
BAD root_position: -0.08160
BAD root_position: -0.08199
BAD root_position: -0.08239
BAD root_position: -0.08278
BAD root_position: -0.08314
BAD root_position: -0.08348
BAD root_position: -0.08376
BAD root_position: -0.08399
BAD root_position: -0.08415
BAD root_position: -0.08423
BAD root_position: -0.08428
BAD root_position: -0.08433
BAD root_position: -0.08438
BAD root_position: -0.08442
BAD root_position: -0.08447
BAD root_position: -0.08452
BAD root_position: -0.08456
BAD root_position: -0.08460
BAD root_position: -0.08458
BAD root_position: -0.08447
BAD root_position: -0.08428
BAD root_position: -0.08403
BAD root_position: -0.08373
BAD root_position: -0.08340
BAD root_position: -0.08303
BAD root_position: -0.08265
BAD root_position: -0.08228
BAD root_position: -0.08191
BAD root_position: -0.08156
BAD root_position: -0.08124
BAD root_position: -0.08098
BAD root_position: -0.08077
BAD root_position: -0.08063
BAD root_position: -0.08058
BAD root_position: -0.08056
BAD root_position: -0.08053
BAD root_position: -0.08050
BAD root_position: -0.08047
BAD root_position: -0.08043
BAD root_position: -0.08040
BAD root_position: -0.08036
BAD root_position: -0.08032
BAD root_position: -0.08027
BAD root_position: -0.08023
BAD root_position: -0.08018
BAD root_position: -0.08013
BAD root_position: -0.08008
BAD root_position: -0.08002
BAD root_position: -0.07996
BAD root_position: -0.07990
BAD root_position: -0.07985
BAD root_position: -0.07979
BAD root_position: -0.07973
BAD root_position: -0.07967
BAD root_position: -0.07961
BAD root_position: -0.07956
BAD root_position: -0.07950
BAD root_position: -0.07945
BAD root_position: -0.07940
BAD root_position: -0.07935
BAD root_position: -0.07931
BAD root_position: -0.07927
BAD root_position: -0.07923
BAD root_position: -0.07920
BAD root_position: -0.07917
BAD root_position: -0.07920
BAD root_position: -0.07931
BAD root_position: -0.07949
BAD root_position: -0.07973
BAD root_position: -0.08002
BAD root_position: -0.08034
BAD root_position: -0.08069
BAD root_position: -0.08104
BAD root_position: -0.08140
BAD root_position: -0.08174
BAD root_position: -0.08206
BAD root_position: -0.08234
BAD root_position: -0.08257
BAD root_position: -0.08274
BAD root_position: -0.08283
BAD root_position: -0.08287
BAD root_position: -0.08291
BAD root_position: -0.08295
BAD root_position: -0.08300
BAD root_position: -0.08304
BAD root_position: -0.08309
BAD root_position: -0.08313
BAD root_position: -0.08318
BAD root_position: -0.08315
BAD root_position: -0.08304
BAD root_position: -0.08286
BAD root_position: -0.08263
BAD root_position: -0.08235
BAD root_position: -0.08203
BAD root_position: -0.08169
BAD root_position: -0.08134
BAD root_position: -0.08100
BAD root_position: -0.08068
BAD root_position: -0.08039
BAD root_position: -0.08014
BAD root_position: -0.07995
BAD root_position: -0.07983
BAD root_position: -0.07979
BAD root_position: -0.07980
BAD root_position: -0.07981
BAD root_position: -0.07982
BAD root_position: -0.07983
BAD root_position: -0.07984
BAD root_position: -0.07984
BAD root_position: -0.07985
BAD root_position: -0.07986
BAD root_position: -0.07987
BAD root_position: -0.07988
BAD root_position: -0.07989
BAD root_position: -0.07990
BAD root_position: -0.07991
BAD root_position: -0.07991
BAD root_position: -0.07992
BAD root_position: -0.07993
BAD root_position: -0.07993
BAD root_position: -0.07994
BAD root_position: -0.07994
BAD root_position: -0.07995
BAD root_position: -0.07995
BAD root_position: -0.07996
BAD root_position: -0.07996
BAD root_position: -0.07996
BAD root_position: -0.07996
BAD root_position: -0.07997
BAD root_position: -0.07997
BAD root_position: -0.07997
BAD root_position: -0.07997
BAD root_position: -0.07997
BAD root_position: -0.07999
BAD root_position: -0.08009
BAD root_position: -0.08028
BAD root_position: -0.08053
BAD root_position: -0.08085
BAD root_position: -0.08121
BAD root_position: -0.08160
BAD root_position: -0.08201
BAD root_position: -0.08243
BAD root_position: -0.08284
BAD root_position: -0.08323
BAD root_position: -0.08358
BAD root_position: -0.08389
BAD root_position: -0.08412
BAD root_position: -0.08428
BAD root_position: -0.08436
BAD root_position: -0.08441
BAD root_position: -0.08446
BAD root_position: -0.08451
BAD root_position: -0.08456
BAD root_position: -0.08460
recorded 500 frames
avg lin_vel_x 0.0115
avg lin_vel_y -0.0011
avg yaw -0.0
computed xvel: 0.028, mean xvel: 0.0115
computed yvel: 0.007, mean yvel: -0.0011
computed thetavel: -0.042, mean thetavel: -0.0
DONE, saving 64_0.028_0.007_-0.042.json
