<frozen importlib._bootstrap>:241: RuntimeWarning: to-Python converter for std::vector<Eigen::Matrix<double, 3, 1, 0, 3, 1>, std::allocator<Eigen::Matrix<double, 3, 1, 0, 3, 1> > > already registered; second conversion method ignored.
<frozen importlib._bootstrap>:241: RuntimeWarning: to-Python converter for boost::python::detail::container_element<std::vector<Eigen::Matrix<double, 3, 1, 0, 3, 1>, std::allocator<Eigen::Matrix<double, 3, 1, 0, 3, 1> > >, unsigned long, boost::python::detail::final_vector_derived_policies<std::vector<Eigen::Matrix<double, 3, 1, 0, 3, 1>, std::allocator<Eigen::Matrix<double, 3, 1, 0, 3, 1> > >, false> > already registered; second conversion method ignored.
<frozen importlib._bootstrap>:241: RuntimeWarning: to-Python converter for std::vector<int, std::allocator<int> > already registered; second conversion method ignored.
<frozen importlib._bootstrap>:241: RuntimeWarning: to-Python converter for std::vector<double, std::allocator<double> > already registered; second conversion method ignored.
<frozen importlib._bootstrap>:241: RuntimeWarning: to-Python converter for std::vector<std::__cxx11::basic_string<char, std::char_traits<char>, std::allocator<char> >, std::allocator<std::__cxx11::basic_string<char, std::char_traits<char>, std::allocator<char> > > > already registered; second conversion method ignored.
WARNING: Can't find trunk frames in the model, can't measure leg spacing
WARNING: Can't find head frames in the model, camera_look_at won't work
gait_parameters {'dx': 0.0, 'dy': 0.03, 'dtheta': -0.06, 'duration': 8, 'hardware': True, 'double_support_ratio': 0.8, 'startend_double_support_ratio': 1.5, 'planned_timesteps': 48, 'replan_timesteps': 10, 'walk_com_height': 0.445, 'walk_foot_height': 0.03, 'walk_trunk_pitch': -5.7, 'walk_foot_rise_ratio': 0.2, 'single_support_duration': 0.8, 'single_support_timesteps': 10, 'foot_length': 0.22, 'feet_spacing': 0.114, 'zmp_margin': 0.02, 'foot_zmp_target_x': 0.0, 'foot_zmp_target_y': 0.0, 'walk_max_dtheta': 1.0, 'walk_max_dy': 0.04, 'walk_max_dx_forward': 0.08, 'walk_max_dx_backward': 0.03, 'joints': ['leg_left_ankle_roll_joint', 'leg_left_ankle_pitch_joint', 'leg_left_knee_pitch_joint', 'leg_left_hip_pitch_joint', 'leg_left_hip_yaw_joint', 'leg_left_hip_roll_joint', 'leg_right_ankle_roll_joint', 'leg_right_ankle_pitch_joint', 'leg_right_knee_pitch_joint', 'leg_right_hip_pitch_joint', 'leg_right_hip_yaw_joint', 'leg_right_hip_roll_joint', 'left_wrist_attachment_joint', 'left_fore_arm_joint', 'left_upper_arm_joint', 'left_shoulder_joint', 'right_wrist_attachment_joint', 'right_fore_arm_joint', 'right_upper_arm_joint', 'right_shoulder_joint'], 'joint_angles': {'left_wrist_attachment_joint': 0, 'left_fore_arm_joint': -90, 'left_upper_arm_joint': 45, 'left_shoulder_joint': 0, 'right_wrist_attachment_joint': 0, 'right_fore_arm_joint': 90, 'right_upper_arm_joint': -45, 'right_shoulder_joint': 0}}
Placing the robot in the initial position...
Initial position reached
{'leg_left_ankle_roll_joint': 0.014273483373063358, 'leg_left_ankle_pitch_joint': -0.49495902773663536, 'leg_left_knee_pitch_joint': 0.9424931819489096, 'leg_left_hip_pitch_joint': -0.34848445678657336, 'leg_left_hip_yaw_joint': -0.05250901728610013, 'leg_left_hip_roll_joint': -0.0090542872616911, 'leg_right_ankle_roll_joint': 0.014855087590085359, 'leg_right_ankle_pitch_joint': -0.5192199397047628, 'leg_right_knee_pitch_joint': 1.0237350929772182, 'leg_right_hip_pitch_joint': -0.4054796202352986, 'leg_right_hip_yaw_joint': -0.052960802081603, 'leg_right_hip_roll_joint': -0.00942884571328739, 'left_wrist_attachment_joint': -2.1630748451903566e-27, 'left_fore_arm_joint': -0.621486371206403, 'left_upper_arm_joint': 0.7853981633906625, 'left_shoulder_joint': 5.44361029603255e-12, 'right_wrist_attachment_joint': -2.2071441700454645e-28, 'right_fore_arm_joint': 1.5101055623120139, 'right_upper_arm_joint': -0.7853981633899848, 'right_shoulder_joint': 4.751382581579264e-12}
## period: 2.88
BAD root_position: -0.07991
BAD root_position: -0.07991
BAD root_position: -0.07991
BAD root_position: -0.07991
BAD root_position: -0.07991
BAD root_position: -0.07991
BAD root_position: -0.07991
BAD root_position: -0.07991
BAD root_position: -0.07991
BAD root_position: -0.07991
BAD root_position: -0.07991
BAD root_position: -0.07991
BAD root_position: -0.07991
BAD root_position: -0.07991
BAD root_position: -0.07991
BAD root_position: -0.07991
BAD root_position: -0.07991
BAD root_position: -0.07991
BAD root_position: -0.07991
BAD root_position: -0.07991
BAD root_position: -0.07991
BAD root_position: -0.07991
BAD root_position: -0.07991
BAD root_position: -0.07991
BAD root_position: -0.07991
BAD root_position: -0.07991
BAD root_position: -0.07991
BAD root_position: -0.07991
BAD root_position: -0.07991
BAD root_position: -0.07991
BAD root_position: -0.07991
BAD root_position: -0.07991
BAD root_position: -0.07991
BAD root_position: -0.07991
BAD root_position: -0.07991
BAD root_position: -0.07991
BAD root_position: -0.07991
BAD root_position: -0.07991
BAD root_position: -0.07991
BAD root_position: -0.07990
BAD root_position: -0.07990
BAD root_position: -0.07990
BAD root_position: -0.07990
BAD root_position: -0.07990
BAD root_position: -0.07990
BAD root_position: -0.07990
BAD root_position: -0.07990
BAD root_position: -0.07990
BAD root_position: -0.07990
BAD root_position: -0.07990
BAD root_position: -0.07990
BAD root_position: -0.07990
BAD root_position: -0.07990
BAD root_position: -0.07989
BAD root_position: -0.07989
BAD root_position: -0.07989
BAD root_position: -0.07988
BAD root_position: -0.07988
BAD root_position: -0.07989
BAD root_position: -0.07998
BAD root_position: -0.08015
BAD root_position: -0.08039
BAD root_position: -0.08069
BAD root_position: -0.08102
BAD root_position: -0.08138
BAD root_position: -0.08176
BAD root_position: -0.08214
BAD root_position: -0.08251
BAD root_position: -0.08285
BAD root_position: -0.08315
BAD root_position: -0.08341
BAD root_position: -0.08360
BAD root_position: -0.08371
BAD root_position: -0.08373
BAD root_position: -0.08373
BAD root_position: -0.08373
BAD root_position: -0.08373
BAD root_position: -0.08373
BAD root_position: -0.08373
BAD root_position: -0.08373
BAD root_position: -0.08373
BAD root_position: -0.08371
BAD root_position: -0.08360
BAD root_position: -0.08342
BAD root_position: -0.08317
BAD root_position: -0.08287
BAD root_position: -0.08253
BAD root_position: -0.08216
BAD root_position: -0.08178
BAD root_position: -0.08140
BAD root_position: -0.08104
BAD root_position: -0.08070
BAD root_position: -0.08041
BAD root_position: -0.08016
BAD root_position: -0.07999
BAD root_position: -0.07989
BAD root_position: -0.07988
BAD root_position: -0.07988
BAD root_position: -0.07988
BAD root_position: -0.07989
BAD root_position: -0.07989
BAD root_position: -0.07989
BAD root_position: -0.07990
BAD root_position: -0.07990
BAD root_position: -0.07990
BAD root_position: -0.07990
BAD root_position: -0.07990
BAD root_position: -0.07990
BAD root_position: -0.07991
BAD root_position: -0.07991
BAD root_position: -0.07991
BAD root_position: -0.07990
BAD root_position: -0.07990
BAD root_position: -0.07990
BAD root_position: -0.07990
BAD root_position: -0.07990
BAD root_position: -0.07990
BAD root_position: -0.07989
BAD root_position: -0.07989
BAD root_position: -0.07989
BAD root_position: -0.07988
BAD root_position: -0.07988
BAD root_position: -0.07988
BAD root_position: -0.07987
BAD root_position: -0.07987
BAD root_position: -0.07987
BAD root_position: -0.07986
BAD root_position: -0.07990
BAD root_position: -0.08003
BAD root_position: -0.08024
BAD root_position: -0.08050
BAD root_position: -0.08081
BAD root_position: -0.08116
BAD root_position: -0.08153
BAD root_position: -0.08191
BAD root_position: -0.08229
BAD root_position: -0.08265
BAD root_position: -0.08298
BAD root_position: -0.08326
BAD root_position: -0.08349
BAD root_position: -0.08365
BAD root_position: -0.08372
BAD root_position: -0.08373
BAD root_position: -0.08373
BAD root_position: -0.08373
BAD root_position: -0.08373
BAD root_position: -0.08373
BAD root_position: -0.08373
BAD root_position: -0.08373
BAD root_position: -0.08373
BAD root_position: -0.08367
BAD root_position: -0.08353
BAD root_position: -0.08332
BAD root_position: -0.08304
BAD root_position: -0.08272
BAD root_position: -0.08237
BAD root_position: -0.08200
BAD root_position: -0.08162
BAD root_position: -0.08124
BAD root_position: -0.08089
BAD root_position: -0.08057
BAD root_position: -0.08029
BAD root_position: -0.08008
BAD root_position: -0.07993
BAD root_position: -0.07988
BAD root_position: -0.07988
BAD root_position: -0.07988
BAD root_position: -0.07988
BAD root_position: -0.07989
BAD root_position: -0.07989
BAD root_position: -0.07989
BAD root_position: -0.07990
BAD root_position: -0.07990
BAD root_position: -0.07990
BAD root_position: -0.07990
BAD root_position: -0.07990
BAD root_position: -0.07990
BAD root_position: -0.07990
BAD root_position: -0.07990
BAD root_position: -0.07990
BAD root_position: -0.07990
BAD root_position: -0.07990
BAD root_position: -0.07990
BAD root_position: -0.07990
BAD root_position: -0.07990
BAD root_position: -0.07989
BAD root_position: -0.07989
BAD root_position: -0.07989
BAD root_position: -0.07988
BAD root_position: -0.07988
BAD root_position: -0.07988
BAD root_position: -0.07987
BAD root_position: -0.07987
BAD root_position: -0.07987
BAD root_position: -0.07986
BAD root_position: -0.07986
BAD root_position: -0.07992
BAD root_position: -0.08006
BAD root_position: -0.08026
BAD root_position: -0.08051
BAD root_position: -0.08081
BAD root_position: -0.08114
BAD root_position: -0.08150
BAD root_position: -0.08186
BAD root_position: -0.08222
BAD root_position: -0.08256
BAD root_position: -0.08288
BAD root_position: -0.08317
BAD root_position: -0.08340
BAD root_position: -0.08358
BAD root_position: -0.08369
BAD root_position: -0.08371
BAD root_position: -0.08371
BAD root_position: -0.08371
BAD root_position: -0.08371
BAD root_position: -0.08371
BAD root_position: -0.08370
BAD root_position: -0.08370
BAD root_position: -0.08370
BAD root_position: -0.08370
BAD root_position: -0.08364
BAD root_position: -0.08350
BAD root_position: -0.08330
BAD root_position: -0.08304
BAD root_position: -0.08274
BAD root_position: -0.08241
BAD root_position: -0.08205
BAD root_position: -0.08169
BAD root_position: -0.08134
BAD root_position: -0.08099
BAD root_position: -0.08068
BAD root_position: -0.08040
BAD root_position: -0.08017
BAD root_position: -0.07999
BAD root_position: -0.07989
BAD root_position: -0.07987
BAD root_position: -0.07987
BAD root_position: -0.07988
BAD root_position: -0.07989
BAD root_position: -0.07989
BAD root_position: -0.07990
BAD root_position: -0.07991
BAD root_position: -0.07991
BAD root_position: -0.07992
BAD root_position: -0.07993
BAD root_position: -0.07993
BAD root_position: -0.07994
BAD root_position: -0.07994
BAD root_position: -0.07995
BAD root_position: -0.07995
BAD root_position: -0.07995
BAD root_position: -0.07996
BAD root_position: -0.07996
BAD root_position: -0.07996
BAD root_position: -0.07996
BAD root_position: -0.07996
BAD root_position: -0.07996
BAD root_position: -0.07995
BAD root_position: -0.07995
BAD root_position: -0.07995
BAD root_position: -0.07994
BAD root_position: -0.07994
BAD root_position: -0.07993
BAD root_position: -0.07993
BAD root_position: -0.07992
BAD root_position: -0.07992
BAD root_position: -0.07991
BAD root_position: -0.07991
BAD root_position: -0.07997
BAD root_position: -0.08010
BAD root_position: -0.08030
BAD root_position: -0.08056
BAD root_position: -0.08085
BAD root_position: -0.08118
BAD root_position: -0.08154
BAD root_position: -0.08190
BAD root_position: -0.08225
BAD root_position: -0.08260
BAD root_position: -0.08292
BAD root_position: -0.08320
BAD root_position: -0.08343
BAD root_position: -0.08361
BAD root_position: -0.08371
BAD root_position: -0.08374
BAD root_position: -0.08373
BAD root_position: -0.08373
BAD root_position: -0.08372
BAD root_position: -0.08372
BAD root_position: -0.08371
BAD root_position: -0.08371
BAD root_position: -0.08370
BAD root_position: -0.08370
BAD root_position: -0.08363
BAD root_position: -0.08348
BAD root_position: -0.08328
BAD root_position: -0.08302
BAD root_position: -0.08271
BAD root_position: -0.08237
BAD root_position: -0.08202
BAD root_position: -0.08166
BAD root_position: -0.08130
BAD root_position: -0.08095
BAD root_position: -0.08063
BAD root_position: -0.08034
BAD root_position: -0.08011
BAD root_position: -0.07993
BAD root_position: -0.07983
BAD root_position: -0.07981
BAD root_position: -0.07981
BAD root_position: -0.07982
BAD root_position: -0.07982
BAD root_position: -0.07983
BAD root_position: -0.07984
BAD root_position: -0.07984
BAD root_position: -0.07985
BAD root_position: -0.07986
BAD root_position: -0.07987
BAD root_position: -0.07988
BAD root_position: -0.07988
BAD root_position: -0.07989
BAD root_position: -0.07990
BAD root_position: -0.07991
BAD root_position: -0.07991
BAD root_position: -0.07992
BAD root_position: -0.07993
BAD root_position: -0.07993
BAD root_position: -0.07994
BAD root_position: -0.07994
BAD root_position: -0.07995
BAD root_position: -0.07995
BAD root_position: -0.07995
BAD root_position: -0.07995
BAD root_position: -0.07996
BAD root_position: -0.07996
BAD root_position: -0.07996
BAD root_position: -0.07996
BAD root_position: -0.07995
BAD root_position: -0.07995
BAD root_position: -0.07995
BAD root_position: -0.07995
BAD root_position: -0.08001
BAD root_position: -0.08015
BAD root_position: -0.08035
BAD root_position: -0.08061
BAD root_position: -0.08091
BAD root_position: -0.08124
BAD root_position: -0.08160
BAD root_position: -0.08196
BAD root_position: -0.08232
BAD root_position: -0.08267
BAD root_position: -0.08299
BAD root_position: -0.08328
BAD root_position: -0.08351
BAD root_position: -0.08369
BAD root_position: -0.08380
BAD root_position: -0.08383
BAD root_position: -0.08383
BAD root_position: -0.08383
BAD root_position: -0.08383
BAD root_position: -0.08383
BAD root_position: -0.08382
BAD root_position: -0.08382
BAD root_position: -0.08382
BAD root_position: -0.08382
BAD root_position: -0.08376
BAD root_position: -0.08362
BAD root_position: -0.08342
BAD root_position: -0.08316
BAD root_position: -0.08286
BAD root_position: -0.08252
BAD root_position: -0.08217
BAD root_position: -0.08181
BAD root_position: -0.08144
BAD root_position: -0.08109
BAD root_position: -0.08077
BAD root_position: -0.08049
BAD root_position: -0.08025
BAD root_position: -0.08008
BAD root_position: -0.07997
BAD root_position: -0.07994
BAD root_position: -0.07995
BAD root_position: -0.07995
BAD root_position: -0.07995
BAD root_position: -0.07996
BAD root_position: -0.07996
BAD root_position: -0.07996
BAD root_position: -0.07996
BAD root_position: -0.07996
BAD root_position: -0.07996
BAD root_position: -0.07997
BAD root_position: -0.07997
BAD root_position: -0.07997
BAD root_position: -0.07996
BAD root_position: -0.07996
BAD root_position: -0.07996
BAD root_position: -0.07995
BAD root_position: -0.07995
BAD root_position: -0.07994
BAD root_position: -0.07994
BAD root_position: -0.07993
BAD root_position: -0.07992
BAD root_position: -0.07991
BAD root_position: -0.07990
BAD root_position: -0.07990
BAD root_position: -0.07989
BAD root_position: -0.07988
BAD root_position: -0.07987
BAD root_position: -0.07986
BAD root_position: -0.07985
BAD root_position: -0.07984
BAD root_position: -0.07983
BAD root_position: -0.07988
BAD root_position: -0.08002
BAD root_position: -0.08023
BAD root_position: -0.08050
BAD root_position: -0.08082
BAD root_position: -0.08117
BAD root_position: -0.08154
BAD root_position: -0.08192
BAD root_position: -0.08229
BAD root_position: -0.08263
BAD root_position: -0.08295
BAD root_position: -0.08322
BAD root_position: -0.08343
BAD root_position: -0.08357
BAD root_position: -0.08362
BAD root_position: -0.08362
BAD root_position: -0.08361
BAD root_position: -0.08361
BAD root_position: -0.08361
BAD root_position: -0.08360
BAD root_position: -0.08360
BAD root_position: -0.08360
BAD root_position: -0.08359
BAD root_position: -0.08351
BAD root_position: -0.08335
BAD root_position: -0.08313
BAD root_position: -0.08284
BAD root_position: -0.08251
BAD root_position: -0.08216
BAD root_position: -0.08178
BAD root_position: -0.08140
BAD root_position: -0.08104
BAD root_position: -0.08069
BAD root_position: -0.08038
BAD root_position: -0.08012
BAD root_position: -0.07992
BAD root_position: -0.07980
BAD root_position: -0.07976
BAD root_position: -0.07977
BAD root_position: -0.07978
BAD root_position: -0.07979
BAD root_position: -0.07980
BAD root_position: -0.07981
BAD root_position: -0.07983
BAD root_position: -0.07984
BAD root_position: -0.07985
BAD root_position: -0.07986
BAD root_position: -0.07987
BAD root_position: -0.07988
BAD root_position: -0.07989
BAD root_position: -0.07990
BAD root_position: -0.07991
BAD root_position: -0.07992
BAD root_position: -0.07993
BAD root_position: -0.07994
BAD root_position: -0.07995
BAD root_position: -0.07995
BAD root_position: -0.07996
BAD root_position: -0.07997
BAD root_position: -0.07997
BAD root_position: -0.07998
BAD root_position: -0.07998
BAD root_position: -0.07999
BAD root_position: -0.07999
BAD root_position: -0.07999
BAD root_position: -0.08000
BAD root_position: -0.08000
BAD root_position: -0.08000
BAD root_position: -0.08002
BAD root_position: -0.08012
BAD root_position: -0.08030
BAD root_position: -0.08055
BAD root_position: -0.08085
BAD root_position: -0.08119
BAD root_position: -0.08156
BAD root_position: -0.08194
BAD root_position: -0.08233
BAD root_position: -0.08270
BAD root_position: -0.08305
BAD root_position: -0.08335
BAD root_position: -0.08361
BAD root_position: -0.08380
BAD root_position: -0.08391
BAD root_position: -0.08393
BAD root_position: -0.08393
BAD root_position: -0.08393
BAD root_position: -0.08393
BAD root_position: -0.08393
BAD root_position: -0.08393
recorded 500 frames
avg lin_vel_x -0.0023
avg lin_vel_y 0.0064
avg yaw -0.0
computed xvel: 0.0, mean xvel: -0.0023
computed yvel: 0.021, mean yvel: 0.0064
computed thetavel: -0.042, mean thetavel: -0.0
DONE, saving 68_0.0_0.021_-0.042.json
