<frozen importlib._bootstrap>:241: RuntimeWarning: to-Python converter for std::vector<Eigen::Matrix<double, 3, 1, 0, 3, 1>, std::allocator<Eigen::Matrix<double, 3, 1, 0, 3, 1> > > already registered; second conversion method ignored.
<frozen importlib._bootstrap>:241: RuntimeWarning: to-Python converter for boost::python::detail::container_element<std::vector<Eigen::Matrix<double, 3, 1, 0, 3, 1>, std::allocator<Eigen::Matrix<double, 3, 1, 0, 3, 1> > >, unsigned long, boost::python::detail::final_vector_derived_policies<std::vector<Eigen::Matrix<double, 3, 1, 0, 3, 1>, std::allocator<Eigen::Matrix<double, 3, 1, 0, 3, 1> > >, false> > already registered; second conversion method ignored.
<frozen importlib._bootstrap>:241: RuntimeWarning: to-Python converter for std::vector<int, std::allocator<int> > already registered; second conversion method ignored.
<frozen importlib._bootstrap>:241: RuntimeWarning: to-Python converter for std::vector<double, std::allocator<double> > already registered; second conversion method ignored.
<frozen importlib._bootstrap>:241: RuntimeWarning: to-Python converter for std::vector<std::__cxx11::basic_string<char, std::char_traits<char>, std::allocator<char> >, std::allocator<std::__cxx11::basic_string<char, std::char_traits<char>, std::allocator<char> > > > already registered; second conversion method ignored.
WARNING: Can't find trunk frames in the model, can't measure leg spacing
WARNING: Can't find head frames in the model, camera_look_at won't work
gait_parameters {'dx': 0.02, 'dy': 0.03, 'dtheta': -0.06, 'duration': 8, 'hardware': True, 'double_support_ratio': 0.8, 'startend_double_support_ratio': 1.5, 'planned_timesteps': 48, 'replan_timesteps': 10, 'walk_com_height': 0.445, 'walk_foot_height': 0.03, 'walk_trunk_pitch': -5.7, 'walk_foot_rise_ratio': 0.2, 'single_support_duration': 0.8, 'single_support_timesteps': 10, 'foot_length': 0.22, 'feet_spacing': 0.114, 'zmp_margin': 0.02, 'foot_zmp_target_x': 0.0, 'foot_zmp_target_y': 0.0, 'walk_max_dtheta': 1.0, 'walk_max_dy': 0.04, 'walk_max_dx_forward': 0.08, 'walk_max_dx_backward': 0.03, 'joints': ['leg_left_ankle_roll_joint', 'leg_left_ankle_pitch_joint', 'leg_left_knee_pitch_joint', 'leg_left_hip_pitch_joint', 'leg_left_hip_yaw_joint', 'leg_left_hip_roll_joint', 'leg_right_ankle_roll_joint', 'leg_right_ankle_pitch_joint', 'leg_right_knee_pitch_joint', 'leg_right_hip_pitch_joint', 'leg_right_hip_yaw_joint', 'leg_right_hip_roll_joint', 'left_wrist_attachment_joint', 'left_fore_arm_joint', 'left_upper_arm_joint', 'left_shoulder_joint', 'right_wrist_attachment_joint', 'right_fore_arm_joint', 'right_upper_arm_joint', 'right_shoulder_joint'], 'joint_angles': {'left_wrist_attachment_joint': 0, 'left_fore_arm_joint': -90, 'left_upper_arm_joint': 45, 'left_shoulder_joint': 0, 'right_wrist_attachment_joint': 0, 'right_fore_arm_joint': 90, 'right_upper_arm_joint': -45, 'right_shoulder_joint': 0}}
Placing the robot in the initial position...
Initial position reached
{'leg_left_ankle_roll_joint': 0.015930003206854556, 'leg_left_ankle_pitch_joint': -0.4986232466025397, 'leg_left_knee_pitch_joint': 0.9544304301500491, 'leg_left_hip_pitch_joint': -0.35681333334821214, 'leg_left_hip_yaw_joint': -0.05379042360261651, 'leg_left_hip_roll_joint': -0.010105565271057042, 'leg_right_ankle_roll_joint': 0.016539133635296674, 'leg_right_ankle_pitch_joint': -0.5228012255519605, 'leg_right_knee_pitch_joint': 1.0356988138857166, 'leg_right_hip_pitch_joint': -0.41391932686392413, 'leg_right_hip_yaw_joint': -0.05426347985309477, 'leg_right_hip_roll_joint': -0.010497645431847226, 'left_wrist_attachment_joint': -6.700122497393326e-27, 'left_fore_arm_joint': -1.0104215459310435, 'left_upper_arm_joint': 0.7853981633905863, 'left_shoulder_joint': 5.495062482552814e-12, 'right_wrist_attachment_joint': 0.20193034140438737, 'right_fore_arm_joint': 1.2668459572179929, 'right_upper_arm_joint': -0.7853981633893871, 'right_shoulder_joint': 5.032587019890101e-12}
## period: 2.88
BAD root_position: -0.07991
BAD root_position: -0.07991
BAD root_position: -0.07991
BAD root_position: -0.07991
BAD root_position: -0.07991
BAD root_position: -0.07991
BAD root_position: -0.07991
BAD root_position: -0.07991
BAD root_position: -0.07991
BAD root_position: -0.07991
BAD root_position: -0.07991
BAD root_position: -0.07991
BAD root_position: -0.07991
BAD root_position: -0.07991
BAD root_position: -0.07991
BAD root_position: -0.07991
BAD root_position: -0.07991
BAD root_position: -0.07991
BAD root_position: -0.07991
BAD root_position: -0.07991
BAD root_position: -0.07991
BAD root_position: -0.07991
BAD root_position: -0.07991
BAD root_position: -0.07991
BAD root_position: -0.07991
BAD root_position: -0.07991
BAD root_position: -0.07991
BAD root_position: -0.07991
BAD root_position: -0.07991
BAD root_position: -0.07991
BAD root_position: -0.07991
BAD root_position: -0.07991
BAD root_position: -0.07991
BAD root_position: -0.07991
BAD root_position: -0.07991
BAD root_position: -0.07991
BAD root_position: -0.07991
BAD root_position: -0.07991
BAD root_position: -0.07991
BAD root_position: -0.07990
BAD root_position: -0.07990
BAD root_position: -0.07990
BAD root_position: -0.07990
BAD root_position: -0.07990
BAD root_position: -0.07990
BAD root_position: -0.07990
BAD root_position: -0.07990
BAD root_position: -0.07990
BAD root_position: -0.07990
BAD root_position: -0.07990
BAD root_position: -0.07990
BAD root_position: -0.07990
BAD root_position: -0.07990
BAD root_position: -0.07989
BAD root_position: -0.07989
BAD root_position: -0.07989
BAD root_position: -0.07988
BAD root_position: -0.07988
BAD root_position: -0.07989
BAD root_position: -0.07998
BAD root_position: -0.08015
BAD root_position: -0.08039
BAD root_position: -0.08069
BAD root_position: -0.08102
BAD root_position: -0.08138
BAD root_position: -0.08176
BAD root_position: -0.08214
BAD root_position: -0.08251
BAD root_position: -0.08285
BAD root_position: -0.08315
BAD root_position: -0.08341
BAD root_position: -0.08360
BAD root_position: -0.08371
BAD root_position: -0.08373
BAD root_position: -0.08373
BAD root_position: -0.08373
BAD root_position: -0.08373
BAD root_position: -0.08373
BAD root_position: -0.08373
BAD root_position: -0.08373
BAD root_position: -0.08373
BAD root_position: -0.08371
BAD root_position: -0.08360
BAD root_position: -0.08342
BAD root_position: -0.08317
BAD root_position: -0.08287
BAD root_position: -0.08253
BAD root_position: -0.08216
BAD root_position: -0.08178
BAD root_position: -0.08140
BAD root_position: -0.08104
BAD root_position: -0.08070
BAD root_position: -0.08041
BAD root_position: -0.08016
BAD root_position: -0.07999
BAD root_position: -0.07989
BAD root_position: -0.07988
BAD root_position: -0.07988
BAD root_position: -0.07988
BAD root_position: -0.07989
BAD root_position: -0.07989
BAD root_position: -0.07989
BAD root_position: -0.07990
BAD root_position: -0.07990
BAD root_position: -0.07990
BAD root_position: -0.07990
BAD root_position: -0.07990
BAD root_position: -0.07990
BAD root_position: -0.07991
BAD root_position: -0.07991
BAD root_position: -0.07991
BAD root_position: -0.07990
BAD root_position: -0.07990
BAD root_position: -0.07990
BAD root_position: -0.07990
BAD root_position: -0.07990
BAD root_position: -0.07990
BAD root_position: -0.07989
BAD root_position: -0.07989
BAD root_position: -0.07989
BAD root_position: -0.07988
BAD root_position: -0.07988
BAD root_position: -0.07988
BAD root_position: -0.07987
BAD root_position: -0.07987
BAD root_position: -0.07987
BAD root_position: -0.07986
BAD root_position: -0.07990
BAD root_position: -0.08003
BAD root_position: -0.08024
BAD root_position: -0.08050
BAD root_position: -0.08081
BAD root_position: -0.08116
BAD root_position: -0.08154
BAD root_position: -0.08192
BAD root_position: -0.08229
BAD root_position: -0.08265
BAD root_position: -0.08298
BAD root_position: -0.08327
BAD root_position: -0.08350
BAD root_position: -0.08366
BAD root_position: -0.08373
BAD root_position: -0.08374
BAD root_position: -0.08374
BAD root_position: -0.08374
BAD root_position: -0.08374
BAD root_position: -0.08374
BAD root_position: -0.08374
BAD root_position: -0.08374
BAD root_position: -0.08374
BAD root_position: -0.08369
BAD root_position: -0.08355
BAD root_position: -0.08333
BAD root_position: -0.08306
BAD root_position: -0.08274
BAD root_position: -0.08239
BAD root_position: -0.08201
BAD root_position: -0.08163
BAD root_position: -0.08126
BAD root_position: -0.08090
BAD root_position: -0.08058
BAD root_position: -0.08031
BAD root_position: -0.08009
BAD root_position: -0.07994
BAD root_position: -0.07989
BAD root_position: -0.07989
BAD root_position: -0.07989
BAD root_position: -0.07989
BAD root_position: -0.07989
BAD root_position: -0.07990
BAD root_position: -0.07990
BAD root_position: -0.07990
BAD root_position: -0.07990
BAD root_position: -0.07990
BAD root_position: -0.07990
BAD root_position: -0.07990
BAD root_position: -0.07990
BAD root_position: -0.07990
BAD root_position: -0.07990
BAD root_position: -0.07990
BAD root_position: -0.07990
BAD root_position: -0.07989
BAD root_position: -0.07989
BAD root_position: -0.07989
BAD root_position: -0.07989
BAD root_position: -0.07988
BAD root_position: -0.07988
BAD root_position: -0.07987
BAD root_position: -0.07987
BAD root_position: -0.07987
BAD root_position: -0.07986
BAD root_position: -0.07986
BAD root_position: -0.07985
BAD root_position: -0.07985
BAD root_position: -0.07985
BAD root_position: -0.07985
BAD root_position: -0.07990
BAD root_position: -0.08004
BAD root_position: -0.08025
BAD root_position: -0.08051
BAD root_position: -0.08081
BAD root_position: -0.08116
BAD root_position: -0.08152
BAD root_position: -0.08190
BAD root_position: -0.08227
BAD root_position: -0.08264
BAD root_position: -0.08298
BAD root_position: -0.08328
BAD root_position: -0.08354
BAD root_position: -0.08374
BAD root_position: -0.08388
BAD root_position: -0.08393
BAD root_position: -0.08395
BAD root_position: -0.08397
BAD root_position: -0.08399
BAD root_position: -0.08401
BAD root_position: -0.08403
BAD root_position: -0.08405
BAD root_position: -0.08407
BAD root_position: -0.08409
BAD root_position: -0.08404
BAD root_position: -0.08392
BAD root_position: -0.08372
BAD root_position: -0.08347
BAD root_position: -0.08317
BAD root_position: -0.08284
BAD root_position: -0.08248
BAD root_position: -0.08211
BAD root_position: -0.08174
BAD root_position: -0.08139
BAD root_position: -0.08105
BAD root_position: -0.08076
BAD root_position: -0.08051
BAD root_position: -0.08032
BAD root_position: -0.08020
BAD root_position: -0.08017
BAD root_position: -0.08016
BAD root_position: -0.08015
BAD root_position: -0.08014
BAD root_position: -0.08013
BAD root_position: -0.08012
BAD root_position: -0.08010
BAD root_position: -0.08009
BAD root_position: -0.08007
BAD root_position: -0.08006
BAD root_position: -0.08004
BAD root_position: -0.08002
BAD root_position: -0.08000
BAD root_position: -0.07998
BAD root_position: -0.07996
BAD root_position: -0.07993
BAD root_position: -0.07991
BAD root_position: -0.07989
BAD root_position: -0.07986
BAD root_position: -0.07984
BAD root_position: -0.07981
BAD root_position: -0.07979
BAD root_position: -0.07976
BAD root_position: -0.07974
BAD root_position: -0.07972
BAD root_position: -0.07969
BAD root_position: -0.07967
BAD root_position: -0.07965
BAD root_position: -0.07963
BAD root_position: -0.07961
BAD root_position: -0.07960
BAD root_position: -0.07958
BAD root_position: -0.07957
BAD root_position: -0.07961
BAD root_position: -0.07973
BAD root_position: -0.07992
BAD root_position: -0.08016
BAD root_position: -0.08045
BAD root_position: -0.08076
BAD root_position: -0.08110
BAD root_position: -0.08146
BAD root_position: -0.08181
BAD root_position: -0.08215
BAD root_position: -0.08247
BAD root_position: -0.08275
BAD root_position: -0.08299
BAD root_position: -0.08318
BAD root_position: -0.08330
BAD root_position: -0.08334
BAD root_position: -0.08336
BAD root_position: -0.08338
BAD root_position: -0.08339
BAD root_position: -0.08341
BAD root_position: -0.08343
BAD root_position: -0.08345
BAD root_position: -0.08347
BAD root_position: -0.08349
BAD root_position: -0.08343
BAD root_position: -0.08331
BAD root_position: -0.08312
BAD root_position: -0.08288
BAD root_position: -0.08259
BAD root_position: -0.08228
BAD root_position: -0.08194
BAD root_position: -0.08158
BAD root_position: -0.08123
BAD root_position: -0.08090
BAD root_position: -0.08058
BAD root_position: -0.08030
BAD root_position: -0.08007
BAD root_position: -0.07989
BAD root_position: -0.07978
BAD root_position: -0.07975
BAD root_position: -0.07975
BAD root_position: -0.07975
BAD root_position: -0.07975
BAD root_position: -0.07975
BAD root_position: -0.07975
BAD root_position: -0.07976
BAD root_position: -0.07976
BAD root_position: -0.07976
BAD root_position: -0.07977
BAD root_position: -0.07977
BAD root_position: -0.07978
BAD root_position: -0.07978
BAD root_position: -0.07979
BAD root_position: -0.07980
BAD root_position: -0.07980
BAD root_position: -0.07981
BAD root_position: -0.07982
BAD root_position: -0.07983
BAD root_position: -0.07983
BAD root_position: -0.07984
BAD root_position: -0.07985
BAD root_position: -0.07985
BAD root_position: -0.07986
BAD root_position: -0.07987
BAD root_position: -0.07987
BAD root_position: -0.07987
BAD root_position: -0.07988
BAD root_position: -0.07988
BAD root_position: -0.07988
BAD root_position: -0.07989
BAD root_position: -0.07989
BAD root_position: -0.07989
BAD root_position: -0.07996
BAD root_position: -0.08010
BAD root_position: -0.08031
BAD root_position: -0.08057
BAD root_position: -0.08088
BAD root_position: -0.08123
BAD root_position: -0.08160
BAD root_position: -0.08198
BAD root_position: -0.08236
BAD root_position: -0.08272
BAD root_position: -0.08307
BAD root_position: -0.08338
BAD root_position: -0.08364
BAD root_position: -0.08385
BAD root_position: -0.08398
BAD root_position: -0.08403
BAD root_position: -0.08406
BAD root_position: -0.08408
BAD root_position: -0.08410
BAD root_position: -0.08412
BAD root_position: -0.08415
BAD root_position: -0.08417
BAD root_position: -0.08419
BAD root_position: -0.08421
BAD root_position: -0.08416
BAD root_position: -0.08404
BAD root_position: -0.08384
BAD root_position: -0.08359
BAD root_position: -0.08329
BAD root_position: -0.08295
BAD root_position: -0.08260
BAD root_position: -0.08222
BAD root_position: -0.08185
BAD root_position: -0.08149
BAD root_position: -0.08116
BAD root_position: -0.08086
BAD root_position: -0.08061
BAD root_position: -0.08042
BAD root_position: -0.08030
BAD root_position: -0.08026
BAD root_position: -0.08025
BAD root_position: -0.08024
BAD root_position: -0.08023
BAD root_position: -0.08021
BAD root_position: -0.08020
BAD root_position: -0.08018
BAD root_position: -0.08017
BAD root_position: -0.08015
BAD root_position: -0.08013
BAD root_position: -0.08010
BAD root_position: -0.08008
BAD root_position: -0.08006
BAD root_position: -0.08003
BAD root_position: -0.08000
BAD root_position: -0.07997
BAD root_position: -0.07994
BAD root_position: -0.07990
BAD root_position: -0.07987
BAD root_position: -0.07984
BAD root_position: -0.07980
BAD root_position: -0.07977
BAD root_position: -0.07974
BAD root_position: -0.07971
BAD root_position: -0.07967
BAD root_position: -0.07964
BAD root_position: -0.07962
BAD root_position: -0.07959
BAD root_position: -0.07956
BAD root_position: -0.07954
BAD root_position: -0.07952
BAD root_position: -0.07950
BAD root_position: -0.07954
BAD root_position: -0.07966
BAD root_position: -0.07986
BAD root_position: -0.08012
BAD root_position: -0.08042
BAD root_position: -0.08076
BAD root_position: -0.08111
BAD root_position: -0.08148
BAD root_position: -0.08184
BAD root_position: -0.08219
BAD root_position: -0.08251
BAD root_position: -0.08278
BAD root_position: -0.08300
BAD root_position: -0.08316
BAD root_position: -0.08323
BAD root_position: -0.08325
BAD root_position: -0.08326
BAD root_position: -0.08328
BAD root_position: -0.08330
BAD root_position: -0.08332
BAD root_position: -0.08334
BAD root_position: -0.08337
BAD root_position: -0.08338
BAD root_position: -0.08333
BAD root_position: -0.08320
BAD root_position: -0.08300
BAD root_position: -0.08274
BAD root_position: -0.08243
BAD root_position: -0.08209
BAD root_position: -0.08174
BAD root_position: -0.08137
BAD root_position: -0.08102
BAD root_position: -0.08069
BAD root_position: -0.08038
BAD root_position: -0.08013
BAD root_position: -0.07994
BAD root_position: -0.07981
BAD root_position: -0.07978
BAD root_position: -0.07979
BAD root_position: -0.07980
BAD root_position: -0.07981
BAD root_position: -0.07982
BAD root_position: -0.07983
BAD root_position: -0.07984
BAD root_position: -0.07985
BAD root_position: -0.07986
BAD root_position: -0.07987
BAD root_position: -0.07987
BAD root_position: -0.07988
BAD root_position: -0.07989
BAD root_position: -0.07990
BAD root_position: -0.07991
BAD root_position: -0.07992
BAD root_position: -0.07993
BAD root_position: -0.07994
BAD root_position: -0.07994
BAD root_position: -0.07995
BAD root_position: -0.07995
BAD root_position: -0.07996
BAD root_position: -0.07996
BAD root_position: -0.07997
BAD root_position: -0.07997
BAD root_position: -0.07997
BAD root_position: -0.07998
BAD root_position: -0.07998
BAD root_position: -0.07998
BAD root_position: -0.07998
BAD root_position: -0.07998
BAD root_position: -0.08000
BAD root_position: -0.08010
BAD root_position: -0.08029
BAD root_position: -0.08054
BAD root_position: -0.08085
BAD root_position: -0.08120
BAD root_position: -0.08158
BAD root_position: -0.08198
BAD root_position: -0.08238
BAD root_position: -0.08277
BAD root_position: -0.08314
BAD root_position: -0.08347
BAD root_position: -0.08375
BAD root_position: -0.08397
BAD root_position: -0.08410
BAD root_position: -0.08415
BAD root_position: -0.08417
BAD root_position: -0.08420
BAD root_position: -0.08422
BAD root_position: -0.08425
BAD root_position: -0.08427
recorded 500 frames
avg lin_vel_x 0.0047
avg lin_vel_y 0.0062
avg yaw -0.0
computed xvel: 0.014, mean xvel: 0.0047
computed yvel: 0.021, mean yvel: 0.0062
computed thetavel: -0.042, mean thetavel: -0.0
DONE, saving 69_0.014_0.021_-0.042.json
