<frozen importlib._bootstrap>:241: RuntimeWarning: to-Python converter for std::vector<Eigen::Matrix<double, 3, 1, 0, 3, 1>, std::allocator<Eigen::Matrix<double, 3, 1, 0, 3, 1> > > already registered; second conversion method ignored.
<frozen importlib._bootstrap>:241: RuntimeWarning: to-Python converter for boost::python::detail::container_element<std::vector<Eigen::Matrix<double, 3, 1, 0, 3, 1>, std::allocator<Eigen::Matrix<double, 3, 1, 0, 3, 1> > >, unsigned long, boost::python::detail::final_vector_derived_policies<std::vector<Eigen::Matrix<double, 3, 1, 0, 3, 1>, std::allocator<Eigen::Matrix<double, 3, 1, 0, 3, 1> > >, false> > already registered; second conversion method ignored.
<frozen importlib._bootstrap>:241: RuntimeWarning: to-Python converter for std::vector<int, std::allocator<int> > already registered; second conversion method ignored.
<frozen importlib._bootstrap>:241: RuntimeWarning: to-Python converter for std::vector<double, std::allocator<double> > already registered; second conversion method ignored.
<frozen importlib._bootstrap>:241: RuntimeWarning: to-Python converter for std::vector<std::__cxx11::basic_string<char, std::char_traits<char>, std::allocator<char> >, std::allocator<std::__cxx11::basic_string<char, std::char_traits<char>, std::allocator<char> > > > already registered; second conversion method ignored.
WARNING: Can't find trunk frames in the model, can't measure leg spacing
WARNING: Can't find head frames in the model, camera_look_at won't work
gait_parameters {'dx': 0.0, 'dy': -0.03, 'dtheta': 0.01, 'duration': 8, 'hardware': True, 'double_support_ratio': 0.8, 'startend_double_support_ratio': 1.5, 'planned_timesteps': 48, 'replan_timesteps': 10, 'walk_com_height': 0.445, 'walk_foot_height': 0.03, 'walk_trunk_pitch': -5.7, 'walk_foot_rise_ratio': 0.2, 'single_support_duration': 0.8, 'single_support_timesteps': 10, 'foot_length': 0.22, 'feet_spacing': 0.114, 'zmp_margin': 0.02, 'foot_zmp_target_x': 0.0, 'foot_zmp_target_y': 0.0, 'walk_max_dtheta': 1.0, 'walk_max_dy': 0.04, 'walk_max_dx_forward': 0.08, 'walk_max_dx_backward': 0.03, 'joints': ['leg_left_ankle_roll_joint', 'leg_left_ankle_pitch_joint', 'leg_left_knee_pitch_joint', 'leg_left_hip_pitch_joint', 'leg_left_hip_yaw_joint', 'leg_left_hip_roll_joint', 'leg_right_ankle_roll_joint', 'leg_right_ankle_pitch_joint', 'leg_right_knee_pitch_joint', 'leg_right_hip_pitch_joint', 'leg_right_hip_yaw_joint', 'leg_right_hip_roll_joint', 'left_wrist_attachment_joint', 'left_fore_arm_joint', 'left_upper_arm_joint', 'left_shoulder_joint', 'right_wrist_attachment_joint', 'right_fore_arm_joint', 'right_upper_arm_joint', 'right_shoulder_joint'], 'joint_angles': {'left_wrist_attachment_joint': 0, 'left_fore_arm_joint': -90, 'left_upper_arm_joint': 45, 'left_shoulder_joint': 0, 'right_wrist_attachment_joint': 0, 'right_fore_arm_joint': 90, 'right_upper_arm_joint': -45, 'right_shoulder_joint': 0}}
Placing the robot in the initial position...
Initial position reached
{'leg_left_ankle_roll_joint': 0.014931340391273027, 'leg_left_ankle_pitch_joint': -0.4999989917900656, 'leg_left_knee_pitch_joint': 0.9540158869236559, 'leg_left_hip_pitch_joint': -0.35498921448407883, 'leg_left_hip_yaw_joint': -0.05301791173839239, 'leg_left_hip_roll_joint': -0.00947176624572899, 'leg_right_ankle_roll_joint': 0.01552459320055683, 'leg_right_ankle_pitch_joint': -0.523975860408156, 'leg_right_knee_pitch_joint': 1.0347955529982178, 'leg_right_hip_pitch_joint': -0.41180676086043866, 'leg_right_hip_yaw_joint': -0.05347869907995232, 'leg_right_hip_roll_joint': -0.009853737478689003, 'left_wrist_attachment_joint': -0.041137703380530785, 'left_fore_arm_joint': -0.8371555706160303, 'left_upper_arm_joint': 0.7853981633909194, 'left_shoulder_joint': 5.23386980559039e-12, 'right_wrist_attachment_joint': -3.3884118618937592e-28, 'right_fore_arm_joint': 1.4815733899604426, 'right_upper_arm_joint': -0.7853981633901526, 'right_shoulder_joint': 4.660694717017667e-12}
## period: 2.88
BAD root_position: -0.07991
BAD root_position: -0.07991
BAD root_position: -0.07991
BAD root_position: -0.07991
BAD root_position: -0.07991
BAD root_position: -0.07991
BAD root_position: -0.07991
BAD root_position: -0.07991
BAD root_position: -0.07991
BAD root_position: -0.07991
BAD root_position: -0.07991
BAD root_position: -0.07991
BAD root_position: -0.07991
BAD root_position: -0.07991
BAD root_position: -0.07991
BAD root_position: -0.07991
BAD root_position: -0.07991
BAD root_position: -0.07991
BAD root_position: -0.07991
BAD root_position: -0.07991
BAD root_position: -0.07991
BAD root_position: -0.07991
BAD root_position: -0.07991
BAD root_position: -0.07991
BAD root_position: -0.07991
BAD root_position: -0.07991
BAD root_position: -0.07991
BAD root_position: -0.07991
BAD root_position: -0.07991
BAD root_position: -0.07991
BAD root_position: -0.07991
BAD root_position: -0.07991
BAD root_position: -0.07991
BAD root_position: -0.07991
BAD root_position: -0.07991
BAD root_position: -0.07991
BAD root_position: -0.07991
BAD root_position: -0.07991
BAD root_position: -0.07991
BAD root_position: -0.07990
BAD root_position: -0.07990
BAD root_position: -0.07990
BAD root_position: -0.07990
BAD root_position: -0.07990
BAD root_position: -0.07990
BAD root_position: -0.07990
BAD root_position: -0.07990
BAD root_position: -0.07990
BAD root_position: -0.07990
BAD root_position: -0.07990
BAD root_position: -0.07990
BAD root_position: -0.07990
BAD root_position: -0.07990
BAD root_position: -0.07989
BAD root_position: -0.07989
BAD root_position: -0.07989
BAD root_position: -0.07988
BAD root_position: -0.07988
BAD root_position: -0.07989
BAD root_position: -0.07998
BAD root_position: -0.08015
BAD root_position: -0.08039
BAD root_position: -0.08069
BAD root_position: -0.08102
BAD root_position: -0.08138
BAD root_position: -0.08176
BAD root_position: -0.08214
BAD root_position: -0.08251
BAD root_position: -0.08285
BAD root_position: -0.08315
BAD root_position: -0.08341
BAD root_position: -0.08360
BAD root_position: -0.08371
BAD root_position: -0.08373
BAD root_position: -0.08373
BAD root_position: -0.08373
BAD root_position: -0.08373
BAD root_position: -0.08373
BAD root_position: -0.08373
BAD root_position: -0.08373
BAD root_position: -0.08373
BAD root_position: -0.08371
BAD root_position: -0.08360
BAD root_position: -0.08342
BAD root_position: -0.08317
BAD root_position: -0.08287
BAD root_position: -0.08253
BAD root_position: -0.08216
BAD root_position: -0.08178
BAD root_position: -0.08140
BAD root_position: -0.08104
BAD root_position: -0.08070
BAD root_position: -0.08041
BAD root_position: -0.08016
BAD root_position: -0.07999
BAD root_position: -0.07989
BAD root_position: -0.07988
BAD root_position: -0.07988
BAD root_position: -0.07988
BAD root_position: -0.07989
BAD root_position: -0.07989
BAD root_position: -0.07989
BAD root_position: -0.07990
BAD root_position: -0.07990
BAD root_position: -0.07990
BAD root_position: -0.07990
BAD root_position: -0.07990
BAD root_position: -0.07990
BAD root_position: -0.07991
BAD root_position: -0.07991
BAD root_position: -0.07991
BAD root_position: -0.07990
BAD root_position: -0.07990
BAD root_position: -0.07990
BAD root_position: -0.07990
BAD root_position: -0.07990
BAD root_position: -0.07990
BAD root_position: -0.07989
BAD root_position: -0.07989
BAD root_position: -0.07989
BAD root_position: -0.07988
BAD root_position: -0.07988
BAD root_position: -0.07988
BAD root_position: -0.07987
BAD root_position: -0.07987
BAD root_position: -0.07987
BAD root_position: -0.07986
BAD root_position: -0.07990
BAD root_position: -0.08003
BAD root_position: -0.08024
BAD root_position: -0.08050
BAD root_position: -0.08081
BAD root_position: -0.08116
BAD root_position: -0.08153
BAD root_position: -0.08191
BAD root_position: -0.08229
BAD root_position: -0.08265
BAD root_position: -0.08298
BAD root_position: -0.08326
BAD root_position: -0.08349
BAD root_position: -0.08365
BAD root_position: -0.08372
BAD root_position: -0.08372
BAD root_position: -0.08372
BAD root_position: -0.08372
BAD root_position: -0.08372
BAD root_position: -0.08372
BAD root_position: -0.08372
BAD root_position: -0.08372
BAD root_position: -0.08372
BAD root_position: -0.08367
BAD root_position: -0.08352
BAD root_position: -0.08331
BAD root_position: -0.08304
BAD root_position: -0.08272
BAD root_position: -0.08237
BAD root_position: -0.08199
BAD root_position: -0.08162
BAD root_position: -0.08124
BAD root_position: -0.08089
BAD root_position: -0.08057
BAD root_position: -0.08030
BAD root_position: -0.08009
BAD root_position: -0.07995
BAD root_position: -0.07989
BAD root_position: -0.07990
BAD root_position: -0.07990
BAD root_position: -0.07991
BAD root_position: -0.07992
BAD root_position: -0.07992
BAD root_position: -0.07993
BAD root_position: -0.07993
BAD root_position: -0.07994
BAD root_position: -0.07994
BAD root_position: -0.07994
BAD root_position: -0.07995
BAD root_position: -0.07995
BAD root_position: -0.07995
BAD root_position: -0.07995
BAD root_position: -0.07995
BAD root_position: -0.07995
BAD root_position: -0.07995
BAD root_position: -0.07995
BAD root_position: -0.07994
BAD root_position: -0.07994
BAD root_position: -0.07994
BAD root_position: -0.07993
BAD root_position: -0.07993
BAD root_position: -0.07992
BAD root_position: -0.07992
BAD root_position: -0.07991
BAD root_position: -0.07991
BAD root_position: -0.07990
BAD root_position: -0.07990
BAD root_position: -0.07989
BAD root_position: -0.07989
BAD root_position: -0.07995
BAD root_position: -0.08008
BAD root_position: -0.08028
BAD root_position: -0.08054
BAD root_position: -0.08084
BAD root_position: -0.08117
BAD root_position: -0.08152
BAD root_position: -0.08188
BAD root_position: -0.08224
BAD root_position: -0.08258
BAD root_position: -0.08290
BAD root_position: -0.08319
BAD root_position: -0.08342
BAD root_position: -0.08360
BAD root_position: -0.08371
BAD root_position: -0.08373
BAD root_position: -0.08373
BAD root_position: -0.08373
BAD root_position: -0.08373
BAD root_position: -0.08372
BAD root_position: -0.08372
BAD root_position: -0.08372
BAD root_position: -0.08372
BAD root_position: -0.08371
BAD root_position: -0.08365
BAD root_position: -0.08351
BAD root_position: -0.08331
BAD root_position: -0.08305
BAD root_position: -0.08275
BAD root_position: -0.08241
BAD root_position: -0.08206
BAD root_position: -0.08170
BAD root_position: -0.08134
BAD root_position: -0.08099
BAD root_position: -0.08067
BAD root_position: -0.08039
BAD root_position: -0.08015
BAD root_position: -0.07998
BAD root_position: -0.07987
BAD root_position: -0.07985
BAD root_position: -0.07985
BAD root_position: -0.07985
BAD root_position: -0.07986
BAD root_position: -0.07986
BAD root_position: -0.07987
BAD root_position: -0.07987
BAD root_position: -0.07988
BAD root_position: -0.07988
BAD root_position: -0.07988
BAD root_position: -0.07989
BAD root_position: -0.07989
BAD root_position: -0.07990
BAD root_position: -0.07990
BAD root_position: -0.07990
BAD root_position: -0.07991
BAD root_position: -0.07991
BAD root_position: -0.07991
BAD root_position: -0.07991
BAD root_position: -0.07991
BAD root_position: -0.07991
BAD root_position: -0.07992
BAD root_position: -0.07991
BAD root_position: -0.07991
BAD root_position: -0.07991
BAD root_position: -0.07991
BAD root_position: -0.07991
BAD root_position: -0.07991
BAD root_position: -0.07991
BAD root_position: -0.07990
BAD root_position: -0.07990
BAD root_position: -0.07990
BAD root_position: -0.07990
BAD root_position: -0.07996
BAD root_position: -0.08009
BAD root_position: -0.08029
BAD root_position: -0.08055
BAD root_position: -0.08085
BAD root_position: -0.08118
BAD root_position: -0.08154
BAD root_position: -0.08190
BAD root_position: -0.08226
BAD root_position: -0.08261
BAD root_position: -0.08293
BAD root_position: -0.08321
BAD root_position: -0.08345
BAD root_position: -0.08363
BAD root_position: -0.08374
BAD root_position: -0.08377
BAD root_position: -0.08377
BAD root_position: -0.08377
BAD root_position: -0.08377
BAD root_position: -0.08377
BAD root_position: -0.08377
BAD root_position: -0.08377
BAD root_position: -0.08377
BAD root_position: -0.08377
BAD root_position: -0.08370
BAD root_position: -0.08356
BAD root_position: -0.08336
BAD root_position: -0.08310
BAD root_position: -0.08280
BAD root_position: -0.08246
BAD root_position: -0.08211
BAD root_position: -0.08175
BAD root_position: -0.08139
BAD root_position: -0.08104
BAD root_position: -0.08072
BAD root_position: -0.08044
BAD root_position: -0.08020
BAD root_position: -0.08003
BAD root_position: -0.07992
BAD root_position: -0.07990
BAD root_position: -0.07990
BAD root_position: -0.07990
BAD root_position: -0.07991
BAD root_position: -0.07991
BAD root_position: -0.07992
BAD root_position: -0.07992
BAD root_position: -0.07993
BAD root_position: -0.07993
BAD root_position: -0.07993
BAD root_position: -0.07994
BAD root_position: -0.07994
BAD root_position: -0.07994
BAD root_position: -0.07995
BAD root_position: -0.07995
BAD root_position: -0.07995
BAD root_position: -0.07995
BAD root_position: -0.07995
BAD root_position: -0.07995
BAD root_position: -0.07995
BAD root_position: -0.07994
BAD root_position: -0.07994
BAD root_position: -0.07994
BAD root_position: -0.07993
BAD root_position: -0.07993
BAD root_position: -0.07992
BAD root_position: -0.07992
BAD root_position: -0.07991
BAD root_position: -0.07990
BAD root_position: -0.07990
BAD root_position: -0.07989
BAD root_position: -0.07988
BAD root_position: -0.07988
BAD root_position: -0.07993
BAD root_position: -0.08006
BAD root_position: -0.08026
BAD root_position: -0.08051
BAD root_position: -0.08081
BAD root_position: -0.08114
BAD root_position: -0.08149
BAD root_position: -0.08185
BAD root_position: -0.08220
BAD root_position: -0.08255
BAD root_position: -0.08287
BAD root_position: -0.08315
BAD root_position: -0.08338
BAD root_position: -0.08356
BAD root_position: -0.08367
BAD root_position: -0.08369
BAD root_position: -0.08369
BAD root_position: -0.08369
BAD root_position: -0.08369
BAD root_position: -0.08369
BAD root_position: -0.08368
BAD root_position: -0.08368
BAD root_position: -0.08368
BAD root_position: -0.08368
BAD root_position: -0.08362
BAD root_position: -0.08348
BAD root_position: -0.08328
BAD root_position: -0.08302
BAD root_position: -0.08272
BAD root_position: -0.08239
BAD root_position: -0.08203
BAD root_position: -0.08167
BAD root_position: -0.08130
BAD root_position: -0.08096
BAD root_position: -0.08064
BAD root_position: -0.08035
BAD root_position: -0.08012
BAD root_position: -0.07994
BAD root_position: -0.07984
BAD root_position: -0.07981
BAD root_position: -0.07982
BAD root_position: -0.07982
BAD root_position: -0.07983
BAD root_position: -0.07983
BAD root_position: -0.07984
BAD root_position: -0.07985
BAD root_position: -0.07985
BAD root_position: -0.07986
BAD root_position: -0.07986
BAD root_position: -0.07987
BAD root_position: -0.07988
BAD root_position: -0.07988
BAD root_position: -0.07989
BAD root_position: -0.07989
BAD root_position: -0.07990
BAD root_position: -0.07990
BAD root_position: -0.07991
BAD root_position: -0.07991
BAD root_position: -0.07992
BAD root_position: -0.07992
BAD root_position: -0.07992
BAD root_position: -0.07992
BAD root_position: -0.07993
BAD root_position: -0.07993
BAD root_position: -0.07993
BAD root_position: -0.07993
BAD root_position: -0.07993
BAD root_position: -0.07993
BAD root_position: -0.07992
BAD root_position: -0.07992
BAD root_position: -0.07992
BAD root_position: -0.07998
BAD root_position: -0.08013
BAD root_position: -0.08035
BAD root_position: -0.08062
BAD root_position: -0.08095
BAD root_position: -0.08130
BAD root_position: -0.08168
BAD root_position: -0.08206
BAD root_position: -0.08244
BAD root_position: -0.08279
BAD root_position: -0.08311
BAD root_position: -0.08339
BAD root_position: -0.08361
BAD root_position: -0.08375
BAD root_position: -0.08381
BAD root_position: -0.08381
BAD root_position: -0.08381
BAD root_position: -0.08381
BAD root_position: -0.08381
BAD root_position: -0.08381
BAD root_position: -0.08381
BAD root_position: -0.08381
BAD root_position: -0.08381
BAD root_position: -0.08374
BAD root_position: -0.08358
BAD root_position: -0.08335
BAD root_position: -0.08307
BAD root_position: -0.08274
BAD root_position: -0.08238
BAD root_position: -0.08200
BAD root_position: -0.08162
BAD root_position: -0.08125
BAD root_position: -0.08090
BAD root_position: -0.08059
BAD root_position: -0.08032
BAD root_position: -0.08012
BAD root_position: -0.07999
BAD root_position: -0.07995
BAD root_position: -0.07995
BAD root_position: -0.07996
BAD root_position: -0.07996
BAD root_position: -0.07996
BAD root_position: -0.07996
BAD root_position: -0.07996
BAD root_position: -0.07996
BAD root_position: -0.07996
BAD root_position: -0.07996
BAD root_position: -0.07996
BAD root_position: -0.07996
BAD root_position: -0.07996
BAD root_position: -0.07995
BAD root_position: -0.07995
BAD root_position: -0.07994
BAD root_position: -0.07994
BAD root_position: -0.07993
BAD root_position: -0.07992
BAD root_position: -0.07992
BAD root_position: -0.07991
BAD root_position: -0.07990
BAD root_position: -0.07989
BAD root_position: -0.07988
BAD root_position: -0.07987
BAD root_position: -0.07987
BAD root_position: -0.07986
BAD root_position: -0.07985
BAD root_position: -0.07984
BAD root_position: -0.07983
BAD root_position: -0.07983
BAD root_position: -0.07984
BAD root_position: -0.07993
BAD root_position: -0.08010
BAD root_position: -0.08034
BAD root_position: -0.08063
BAD root_position: -0.08097
BAD root_position: -0.08133
BAD root_position: -0.08170
BAD root_position: -0.08208
BAD root_position: -0.08244
BAD root_position: -0.08278
BAD root_position: -0.08308
BAD root_position: -0.08333
BAD root_position: -0.08352
BAD root_position: -0.08362
BAD root_position: -0.08364
BAD root_position: -0.08364
BAD root_position: -0.08364
BAD root_position: -0.08364
BAD root_position: -0.08364
BAD root_position: -0.08364
recorded 500 frames
avg lin_vel_x 0.0003
avg lin_vel_y -0.0163
avg yaw 0.0
computed xvel: 0.0, mean xvel: 0.0003
computed yvel: -0.021, mean yvel: -0.0163
computed thetavel: 0.007, mean thetavel: 0.0
DONE, saving 74_0.0_-0.021_0.007.json
