<frozen importlib._bootstrap>:241: RuntimeWarning: to-Python converter for std::vector<Eigen::Matrix<double, 3, 1, 0, 3, 1>, std::allocator<Eigen::Matrix<double, 3, 1, 0, 3, 1> > > already registered; second conversion method ignored.
<frozen importlib._bootstrap>:241: RuntimeWarning: to-Python converter for boost::python::detail::container_element<std::vector<Eigen::Matrix<double, 3, 1, 0, 3, 1>, std::allocator<Eigen::Matrix<double, 3, 1, 0, 3, 1> > >, unsigned long, boost::python::detail::final_vector_derived_policies<std::vector<Eigen::Matrix<double, 3, 1, 0, 3, 1>, std::allocator<Eigen::Matrix<double, 3, 1, 0, 3, 1> > >, false> > already registered; second conversion method ignored.
<frozen importlib._bootstrap>:241: RuntimeWarning: to-Python converter for std::vector<int, std::allocator<int> > already registered; second conversion method ignored.
<frozen importlib._bootstrap>:241: RuntimeWarning: to-Python converter for std::vector<double, std::allocator<double> > already registered; second conversion method ignored.
<frozen importlib._bootstrap>:241: RuntimeWarning: to-Python converter for std::vector<std::__cxx11::basic_string<char, std::char_traits<char>, std::allocator<char> >, std::allocator<std::__cxx11::basic_string<char, std::char_traits<char>, std::allocator<char> > > > already registered; second conversion method ignored.
WARNING: Can't find trunk frames in the model, can't measure leg spacing
WARNING: Can't find head frames in the model, camera_look_at won't work
gait_parameters {'dx': 0.0, 'dy': -0.01, 'dtheta': 0.01, 'duration': 8, 'hardware': True, 'double_support_ratio': 0.8, 'startend_double_support_ratio': 1.5, 'planned_timesteps': 48, 'replan_timesteps': 10, 'walk_com_height': 0.445, 'walk_foot_height': 0.03, 'walk_trunk_pitch': -5.7, 'walk_foot_rise_ratio': 0.2, 'single_support_duration': 0.8, 'single_support_timesteps': 10, 'foot_length': 0.22, 'feet_spacing': 0.114, 'zmp_margin': 0.02, 'foot_zmp_target_x': 0.0, 'foot_zmp_target_y': 0.0, 'walk_max_dtheta': 1.0, 'walk_max_dy': 0.04, 'walk_max_dx_forward': 0.08, 'walk_max_dx_backward': 0.03, 'joints': ['leg_left_ankle_roll_joint', 'leg_left_ankle_pitch_joint', 'leg_left_knee_pitch_joint', 'leg_left_hip_pitch_joint', 'leg_left_hip_yaw_joint', 'leg_left_hip_roll_joint', 'leg_right_ankle_roll_joint', 'leg_right_ankle_pitch_joint', 'leg_right_knee_pitch_joint', 'leg_right_hip_pitch_joint', 'leg_right_hip_yaw_joint', 'leg_right_hip_roll_joint', 'left_wrist_attachment_joint', 'left_fore_arm_joint', 'left_upper_arm_joint', 'left_shoulder_joint', 'right_wrist_attachment_joint', 'right_fore_arm_joint', 'right_upper_arm_joint', 'right_shoulder_joint'], 'joint_angles': {'left_wrist_attachment_joint': 0, 'left_fore_arm_joint': -90, 'left_upper_arm_joint': 45, 'left_shoulder_joint': 0, 'right_wrist_attachment_joint': 0, 'right_fore_arm_joint': 90, 'right_upper_arm_joint': -45, 'right_shoulder_joint': 0}}
Placing the robot in the initial position...
Initial position reached
{'leg_left_ankle_roll_joint': 0.01480816903625874, 'leg_left_ankle_pitch_joint': -0.4909742924031263, 'leg_left_knee_pitch_joint': 0.9378625596304977, 'leg_left_hip_pitch_joint': -0.3478564481196428, 'leg_left_hip_yaw_joint': -0.05292263152212274, 'leg_left_hip_roll_joint': -0.009393599448354443, 'leg_right_ankle_roll_joint': 0.015397636776077509, 'leg_right_ankle_pitch_joint': -0.5154946516873881, 'leg_right_knee_pitch_joint': 1.0196768174313262, 'leg_right_hip_pitch_joint': -0.405164931215931, 'leg_right_hip_yaw_joint': -0.05338049249884968, 'leg_right_hip_roll_joint': -0.009773164672173424, 'left_wrist_attachment_joint': -0.0693672476957475, 'left_fore_arm_joint': -0.6638574409197311, 'left_upper_arm_joint': 0.7853981633900069, 'left_shoulder_joint': 5.921461498493034e-12, 'right_wrist_attachment_joint': 1.397651521628738e-29, 'right_fore_arm_joint': 1.337828883306128, 'right_upper_arm_joint': -0.7853981633890191, 'right_shoulder_joint': 5.241460303771445e-12}
## period: 2.88
BAD root_position: -0.07991
BAD root_position: -0.07991
BAD root_position: -0.07991
BAD root_position: -0.07991
BAD root_position: -0.07991
BAD root_position: -0.07991
BAD root_position: -0.07991
BAD root_position: -0.07991
BAD root_position: -0.07991
BAD root_position: -0.07991
BAD root_position: -0.07991
BAD root_position: -0.07991
BAD root_position: -0.07991
BAD root_position: -0.07991
BAD root_position: -0.07991
BAD root_position: -0.07991
BAD root_position: -0.07991
BAD root_position: -0.07991
BAD root_position: -0.07991
BAD root_position: -0.07991
BAD root_position: -0.07991
BAD root_position: -0.07991
BAD root_position: -0.07991
BAD root_position: -0.07991
BAD root_position: -0.07991
BAD root_position: -0.07991
BAD root_position: -0.07991
BAD root_position: -0.07991
BAD root_position: -0.07991
BAD root_position: -0.07991
BAD root_position: -0.07991
BAD root_position: -0.07991
BAD root_position: -0.07991
BAD root_position: -0.07991
BAD root_position: -0.07991
BAD root_position: -0.07991
BAD root_position: -0.07991
BAD root_position: -0.07991
BAD root_position: -0.07991
BAD root_position: -0.07990
BAD root_position: -0.07990
BAD root_position: -0.07990
BAD root_position: -0.07990
BAD root_position: -0.07990
BAD root_position: -0.07990
BAD root_position: -0.07990
BAD root_position: -0.07990
BAD root_position: -0.07990
BAD root_position: -0.07990
BAD root_position: -0.07990
BAD root_position: -0.07990
BAD root_position: -0.07990
BAD root_position: -0.07990
BAD root_position: -0.07989
BAD root_position: -0.07989
BAD root_position: -0.07989
BAD root_position: -0.07988
BAD root_position: -0.07988
BAD root_position: -0.07989
BAD root_position: -0.07998
BAD root_position: -0.08015
BAD root_position: -0.08039
BAD root_position: -0.08069
BAD root_position: -0.08102
BAD root_position: -0.08138
BAD root_position: -0.08176
BAD root_position: -0.08214
BAD root_position: -0.08251
BAD root_position: -0.08285
BAD root_position: -0.08315
BAD root_position: -0.08341
BAD root_position: -0.08360
BAD root_position: -0.08371
BAD root_position: -0.08373
BAD root_position: -0.08373
BAD root_position: -0.08373
BAD root_position: -0.08373
BAD root_position: -0.08373
BAD root_position: -0.08373
BAD root_position: -0.08373
BAD root_position: -0.08373
BAD root_position: -0.08371
BAD root_position: -0.08360
BAD root_position: -0.08342
BAD root_position: -0.08317
BAD root_position: -0.08287
BAD root_position: -0.08253
BAD root_position: -0.08216
BAD root_position: -0.08178
BAD root_position: -0.08140
BAD root_position: -0.08104
BAD root_position: -0.08070
BAD root_position: -0.08041
BAD root_position: -0.08016
BAD root_position: -0.07999
BAD root_position: -0.07989
BAD root_position: -0.07988
BAD root_position: -0.07988
BAD root_position: -0.07988
BAD root_position: -0.07989
BAD root_position: -0.07989
BAD root_position: -0.07989
BAD root_position: -0.07990
BAD root_position: -0.07990
BAD root_position: -0.07990
BAD root_position: -0.07990
BAD root_position: -0.07990
BAD root_position: -0.07990
BAD root_position: -0.07991
BAD root_position: -0.07991
BAD root_position: -0.07991
BAD root_position: -0.07990
BAD root_position: -0.07990
BAD root_position: -0.07990
BAD root_position: -0.07990
BAD root_position: -0.07990
BAD root_position: -0.07990
BAD root_position: -0.07989
BAD root_position: -0.07989
BAD root_position: -0.07989
BAD root_position: -0.07988
BAD root_position: -0.07988
BAD root_position: -0.07988
BAD root_position: -0.07987
BAD root_position: -0.07987
BAD root_position: -0.07987
BAD root_position: -0.07986
BAD root_position: -0.07990
BAD root_position: -0.08003
BAD root_position: -0.08024
BAD root_position: -0.08050
BAD root_position: -0.08081
BAD root_position: -0.08116
BAD root_position: -0.08153
BAD root_position: -0.08191
BAD root_position: -0.08229
BAD root_position: -0.08265
BAD root_position: -0.08298
BAD root_position: -0.08326
BAD root_position: -0.08349
BAD root_position: -0.08365
BAD root_position: -0.08372
BAD root_position: -0.08372
BAD root_position: -0.08372
BAD root_position: -0.08372
BAD root_position: -0.08372
BAD root_position: -0.08372
BAD root_position: -0.08372
BAD root_position: -0.08372
BAD root_position: -0.08372
BAD root_position: -0.08367
BAD root_position: -0.08352
BAD root_position: -0.08331
BAD root_position: -0.08304
BAD root_position: -0.08272
BAD root_position: -0.08236
BAD root_position: -0.08199
BAD root_position: -0.08161
BAD root_position: -0.08124
BAD root_position: -0.08089
BAD root_position: -0.08057
BAD root_position: -0.08029
BAD root_position: -0.08008
BAD root_position: -0.07994
BAD root_position: -0.07988
BAD root_position: -0.07989
BAD root_position: -0.07989
BAD root_position: -0.07989
BAD root_position: -0.07990
BAD root_position: -0.07990
BAD root_position: -0.07991
BAD root_position: -0.07991
BAD root_position: -0.07992
BAD root_position: -0.07992
BAD root_position: -0.07992
BAD root_position: -0.07992
BAD root_position: -0.07993
BAD root_position: -0.07993
BAD root_position: -0.07993
BAD root_position: -0.07993
BAD root_position: -0.07993
BAD root_position: -0.07993
BAD root_position: -0.07992
BAD root_position: -0.07992
BAD root_position: -0.07992
BAD root_position: -0.07992
BAD root_position: -0.07991
BAD root_position: -0.07991
BAD root_position: -0.07991
BAD root_position: -0.07990
BAD root_position: -0.07990
BAD root_position: -0.07990
BAD root_position: -0.07989
BAD root_position: -0.07989
BAD root_position: -0.07989
BAD root_position: -0.07989
BAD root_position: -0.07994
BAD root_position: -0.08008
BAD root_position: -0.08028
BAD root_position: -0.08053
BAD root_position: -0.08083
BAD root_position: -0.08116
BAD root_position: -0.08151
BAD root_position: -0.08188
BAD root_position: -0.08223
BAD root_position: -0.08258
BAD root_position: -0.08290
BAD root_position: -0.08318
BAD root_position: -0.08342
BAD root_position: -0.08360
BAD root_position: -0.08370
BAD root_position: -0.08373
BAD root_position: -0.08373
BAD root_position: -0.08373
BAD root_position: -0.08372
BAD root_position: -0.08372
BAD root_position: -0.08372
BAD root_position: -0.08372
BAD root_position: -0.08372
BAD root_position: -0.08371
BAD root_position: -0.08365
BAD root_position: -0.08351
BAD root_position: -0.08331
BAD root_position: -0.08305
BAD root_position: -0.08275
BAD root_position: -0.08241
BAD root_position: -0.08206
BAD root_position: -0.08170
BAD root_position: -0.08134
BAD root_position: -0.08099
BAD root_position: -0.08067
BAD root_position: -0.08039
BAD root_position: -0.08015
BAD root_position: -0.07998
BAD root_position: -0.07987
BAD root_position: -0.07985
BAD root_position: -0.07985
BAD root_position: -0.07986
BAD root_position: -0.07986
BAD root_position: -0.07986
BAD root_position: -0.07987
BAD root_position: -0.07987
BAD root_position: -0.07988
BAD root_position: -0.07988
BAD root_position: -0.07989
BAD root_position: -0.07989
BAD root_position: -0.07989
BAD root_position: -0.07990
BAD root_position: -0.07990
BAD root_position: -0.07991
BAD root_position: -0.07991
BAD root_position: -0.07991
BAD root_position: -0.07991
BAD root_position: -0.07991
BAD root_position: -0.07991
BAD root_position: -0.07992
BAD root_position: -0.07992
BAD root_position: -0.07991
BAD root_position: -0.07991
BAD root_position: -0.07991
BAD root_position: -0.07991
BAD root_position: -0.07991
BAD root_position: -0.07991
BAD root_position: -0.07991
BAD root_position: -0.07990
BAD root_position: -0.07990
BAD root_position: -0.07990
BAD root_position: -0.07990
BAD root_position: -0.07996
BAD root_position: -0.08009
BAD root_position: -0.08029
BAD root_position: -0.08055
BAD root_position: -0.08085
BAD root_position: -0.08118
BAD root_position: -0.08153
BAD root_position: -0.08190
BAD root_position: -0.08226
BAD root_position: -0.08260
BAD root_position: -0.08293
BAD root_position: -0.08321
BAD root_position: -0.08345
BAD root_position: -0.08363
BAD root_position: -0.08374
BAD root_position: -0.08376
BAD root_position: -0.08376
BAD root_position: -0.08376
BAD root_position: -0.08376
BAD root_position: -0.08376
BAD root_position: -0.08376
BAD root_position: -0.08376
BAD root_position: -0.08376
BAD root_position: -0.08376
BAD root_position: -0.08370
BAD root_position: -0.08356
BAD root_position: -0.08335
BAD root_position: -0.08309
BAD root_position: -0.08279
BAD root_position: -0.08246
BAD root_position: -0.08211
BAD root_position: -0.08174
BAD root_position: -0.08138
BAD root_position: -0.08104
BAD root_position: -0.08072
BAD root_position: -0.08043
BAD root_position: -0.08020
BAD root_position: -0.08002
BAD root_position: -0.07991
BAD root_position: -0.07989
BAD root_position: -0.07989
BAD root_position: -0.07989
BAD root_position: -0.07989
BAD root_position: -0.07990
BAD root_position: -0.07990
BAD root_position: -0.07990
BAD root_position: -0.07991
BAD root_position: -0.07991
BAD root_position: -0.07991
BAD root_position: -0.07992
BAD root_position: -0.07992
BAD root_position: -0.07992
BAD root_position: -0.07992
BAD root_position: -0.07993
BAD root_position: -0.07993
BAD root_position: -0.07993
BAD root_position: -0.07993
BAD root_position: -0.07993
BAD root_position: -0.07992
BAD root_position: -0.07992
BAD root_position: -0.07992
BAD root_position: -0.07992
BAD root_position: -0.07991
BAD root_position: -0.07991
BAD root_position: -0.07991
BAD root_position: -0.07990
BAD root_position: -0.07990
BAD root_position: -0.07989
BAD root_position: -0.07989
BAD root_position: -0.07988
BAD root_position: -0.07987
BAD root_position: -0.07987
BAD root_position: -0.07993
BAD root_position: -0.08006
BAD root_position: -0.08026
BAD root_position: -0.08051
BAD root_position: -0.08081
BAD root_position: -0.08114
BAD root_position: -0.08149
BAD root_position: -0.08185
BAD root_position: -0.08221
BAD root_position: -0.08255
BAD root_position: -0.08287
BAD root_position: -0.08315
BAD root_position: -0.08339
BAD root_position: -0.08356
BAD root_position: -0.08367
BAD root_position: -0.08369
BAD root_position: -0.08369
BAD root_position: -0.08369
BAD root_position: -0.08369
BAD root_position: -0.08369
BAD root_position: -0.08368
BAD root_position: -0.08368
BAD root_position: -0.08368
BAD root_position: -0.08368
BAD root_position: -0.08362
BAD root_position: -0.08348
BAD root_position: -0.08327
BAD root_position: -0.08302
BAD root_position: -0.08272
BAD root_position: -0.08238
BAD root_position: -0.08203
BAD root_position: -0.08167
BAD root_position: -0.08130
BAD root_position: -0.08096
BAD root_position: -0.08064
BAD root_position: -0.08036
BAD root_position: -0.08012
BAD root_position: -0.07995
BAD root_position: -0.07984
BAD root_position: -0.07982
BAD root_position: -0.07982
BAD root_position: -0.07983
BAD root_position: -0.07983
BAD root_position: -0.07984
BAD root_position: -0.07984
BAD root_position: -0.07985
BAD root_position: -0.07985
BAD root_position: -0.07986
BAD root_position: -0.07987
BAD root_position: -0.07987
BAD root_position: -0.07988
BAD root_position: -0.07988
BAD root_position: -0.07989
BAD root_position: -0.07990
BAD root_position: -0.07990
BAD root_position: -0.07991
BAD root_position: -0.07991
BAD root_position: -0.07991
BAD root_position: -0.07992
BAD root_position: -0.07992
BAD root_position: -0.07992
BAD root_position: -0.07993
BAD root_position: -0.07993
BAD root_position: -0.07993
BAD root_position: -0.07993
BAD root_position: -0.07993
BAD root_position: -0.07993
BAD root_position: -0.07993
BAD root_position: -0.07992
BAD root_position: -0.07992
BAD root_position: -0.07992
BAD root_position: -0.07998
BAD root_position: -0.08013
BAD root_position: -0.08034
BAD root_position: -0.08062
BAD root_position: -0.08094
BAD root_position: -0.08130
BAD root_position: -0.08168
BAD root_position: -0.08206
BAD root_position: -0.08243
BAD root_position: -0.08279
BAD root_position: -0.08311
BAD root_position: -0.08339
BAD root_position: -0.08360
BAD root_position: -0.08375
BAD root_position: -0.08380
BAD root_position: -0.08380
BAD root_position: -0.08380
BAD root_position: -0.08380
BAD root_position: -0.08380
BAD root_position: -0.08380
BAD root_position: -0.08380
BAD root_position: -0.08380
BAD root_position: -0.08380
BAD root_position: -0.08373
BAD root_position: -0.08357
BAD root_position: -0.08334
BAD root_position: -0.08305
BAD root_position: -0.08273
BAD root_position: -0.08237
BAD root_position: -0.08199
BAD root_position: -0.08161
BAD root_position: -0.08124
BAD root_position: -0.08089
BAD root_position: -0.08057
BAD root_position: -0.08031
BAD root_position: -0.08010
BAD root_position: -0.07997
BAD root_position: -0.07993
BAD root_position: -0.07993
BAD root_position: -0.07994
BAD root_position: -0.07994
BAD root_position: -0.07994
BAD root_position: -0.07994
BAD root_position: -0.07994
BAD root_position: -0.07994
BAD root_position: -0.07994
BAD root_position: -0.07994
BAD root_position: -0.07994
BAD root_position: -0.07993
BAD root_position: -0.07993
BAD root_position: -0.07993
BAD root_position: -0.07992
BAD root_position: -0.07992
BAD root_position: -0.07991
BAD root_position: -0.07991
BAD root_position: -0.07990
BAD root_position: -0.07990
BAD root_position: -0.07989
BAD root_position: -0.07989
BAD root_position: -0.07988
BAD root_position: -0.07987
BAD root_position: -0.07986
BAD root_position: -0.07986
BAD root_position: -0.07985
BAD root_position: -0.07985
BAD root_position: -0.07984
BAD root_position: -0.07983
BAD root_position: -0.07983
BAD root_position: -0.07984
BAD root_position: -0.07993
BAD root_position: -0.08011
BAD root_position: -0.08035
BAD root_position: -0.08064
BAD root_position: -0.08097
BAD root_position: -0.08134
BAD root_position: -0.08171
BAD root_position: -0.08209
BAD root_position: -0.08245
BAD root_position: -0.08279
BAD root_position: -0.08309
BAD root_position: -0.08334
BAD root_position: -0.08352
BAD root_position: -0.08363
BAD root_position: -0.08365
BAD root_position: -0.08365
BAD root_position: -0.08365
BAD root_position: -0.08364
BAD root_position: -0.08364
BAD root_position: -0.08364
recorded 500 frames
avg lin_vel_x 0.0
avg lin_vel_y -0.0085
avg yaw 0.0
computed xvel: 0.0, mean xvel: 0.0
computed yvel: -0.007, mean yvel: -0.0085
computed thetavel: 0.007, mean thetavel: 0.0
DONE, saving 80_0.0_-0.007_0.007.json
