<frozen importlib._bootstrap>:241: RuntimeWarning: to-Python converter for std::vector<Eigen::Matrix<double, 3, 1, 0, 3, 1>, std::allocator<Eigen::Matrix<double, 3, 1, 0, 3, 1> > > already registered; second conversion method ignored.
<frozen importlib._bootstrap>:241: RuntimeWarning: to-Python converter for boost::python::detail::container_element<std::vector<Eigen::Matrix<double, 3, 1, 0, 3, 1>, std::allocator<Eigen::Matrix<double, 3, 1, 0, 3, 1> > >, unsigned long, boost::python::detail::final_vector_derived_policies<std::vector<Eigen::Matrix<double, 3, 1, 0, 3, 1>, std::allocator<Eigen::Matrix<double, 3, 1, 0, 3, 1> > >, false> > already registered; second conversion method ignored.
<frozen importlib._bootstrap>:241: RuntimeWarning: to-Python converter for std::vector<int, std::allocator<int> > already registered; second conversion method ignored.
<frozen importlib._bootstrap>:241: RuntimeWarning: to-Python converter for std::vector<double, std::allocator<double> > already registered; second conversion method ignored.
<frozen importlib._bootstrap>:241: RuntimeWarning: to-Python converter for std::vector<std::__cxx11::basic_string<char, std::char_traits<char>, std::allocator<char> >, std::allocator<std::__cxx11::basic_string<char, std::char_traits<char>, std::allocator<char> > > > already registered; second conversion method ignored.
WARNING: Can't find trunk frames in the model, can't measure leg spacing
WARNING: Can't find head frames in the model, camera_look_at won't work
gait_parameters {'dx': -0.04, 'dy': 0.03, 'dtheta': 0.01, 'duration': 8, 'hardware': True, 'double_support_ratio': 0.8, 'startend_double_support_ratio': 1.5, 'planned_timesteps': 48, 'replan_timesteps': 10, 'walk_com_height': 0.445, 'walk_foot_height': 0.03, 'walk_trunk_pitch': -5.7, 'walk_foot_rise_ratio': 0.2, 'single_support_duration': 0.8, 'single_support_timesteps': 10, 'foot_length': 0.22, 'feet_spacing': 0.114, 'zmp_margin': 0.02, 'foot_zmp_target_x': 0.0, 'foot_zmp_target_y': 0.0, 'walk_max_dtheta': 1.0, 'walk_max_dy': 0.04, 'walk_max_dx_forward': 0.08, 'walk_max_dx_backward': 0.03, 'joints': ['leg_left_ankle_roll_joint', 'leg_left_ankle_pitch_joint', 'leg_left_knee_pitch_joint', 'leg_left_hip_pitch_joint', 'leg_left_hip_yaw_joint', 'leg_left_hip_roll_joint', 'leg_right_ankle_roll_joint', 'leg_right_ankle_pitch_joint', 'leg_right_knee_pitch_joint', 'leg_right_hip_pitch_joint', 'leg_right_hip_yaw_joint', 'leg_right_hip_roll_joint', 'left_wrist_attachment_joint', 'left_fore_arm_joint', 'left_upper_arm_joint', 'left_shoulder_joint', 'right_wrist_attachment_joint', 'right_fore_arm_joint', 'right_upper_arm_joint', 'right_shoulder_joint'], 'joint_angles': {'left_wrist_attachment_joint': 0, 'left_fore_arm_joint': -90, 'left_upper_arm_joint': 45, 'left_shoulder_joint': 0, 'right_wrist_attachment_joint': 0, 'right_fore_arm_joint': 90, 'right_upper_arm_joint': -45, 'right_shoulder_joint': 0}}
Placing the robot in the initial position...
Initial position reached
{'leg_left_ankle_roll_joint': 0.014664721218998268, 'leg_left_ankle_pitch_joint': -0.49321007402423894, 'leg_left_knee_pitch_joint': 0.94130155411577, 'leg_left_hip_pitch_joint': -0.34905485067745146, 'leg_left_hip_yaw_joint': -0.05281166587373808, 'leg_left_hip_roll_joint': -0.009302565830569274, 'leg_right_ankle_roll_joint': 0.015252322857014703, 'leg_right_ankle_pitch_joint': -0.5175782335562813, 'leg_right_knee_pitch_joint': 1.0228061525018655, 'leg_right_hip_pitch_joint': -0.40620576919871354, 'leg_right_hip_yaw_joint': -0.053268085133638364, 'leg_right_hip_roll_joint': -0.009680942331054841, 'left_wrist_attachment_joint': -7.731228331142592e-11, 'left_fore_arm_joint': -0.6723942411336712, 'left_upper_arm_joint': 0.785398163390288, 'left_shoulder_joint': 5.712425844601082e-12, 'right_wrist_attachment_joint': -2.2875428740233005e-28, 'right_fore_arm_joint': 1.4045853222413158, 'right_upper_arm_joint': -0.7853981633894184, 'right_shoulder_joint': 5.0384414671597064e-12}
## period: 2.88
BAD root_position: -0.07991
BAD root_position: -0.07991
BAD root_position: -0.07991
BAD root_position: -0.07991
BAD root_position: -0.07991
BAD root_position: -0.07991
BAD root_position: -0.07991
BAD root_position: -0.07991
BAD root_position: -0.07991
BAD root_position: -0.07991
BAD root_position: -0.07991
BAD root_position: -0.07991
BAD root_position: -0.07991
BAD root_position: -0.07991
BAD root_position: -0.07991
BAD root_position: -0.07991
BAD root_position: -0.07991
BAD root_position: -0.07991
BAD root_position: -0.07991
BAD root_position: -0.07991
BAD root_position: -0.07991
BAD root_position: -0.07991
BAD root_position: -0.07991
BAD root_position: -0.07991
BAD root_position: -0.07991
BAD root_position: -0.07991
BAD root_position: -0.07991
BAD root_position: -0.07991
BAD root_position: -0.07991
BAD root_position: -0.07991
BAD root_position: -0.07991
BAD root_position: -0.07991
BAD root_position: -0.07991
BAD root_position: -0.07991
BAD root_position: -0.07991
BAD root_position: -0.07991
BAD root_position: -0.07991
BAD root_position: -0.07991
BAD root_position: -0.07991
BAD root_position: -0.07990
BAD root_position: -0.07990
BAD root_position: -0.07990
BAD root_position: -0.07990
BAD root_position: -0.07990
BAD root_position: -0.07990
BAD root_position: -0.07990
BAD root_position: -0.07990
BAD root_position: -0.07990
BAD root_position: -0.07990
BAD root_position: -0.07990
BAD root_position: -0.07990
BAD root_position: -0.07990
BAD root_position: -0.07990
BAD root_position: -0.07989
BAD root_position: -0.07989
BAD root_position: -0.07989
BAD root_position: -0.07988
BAD root_position: -0.07988
BAD root_position: -0.07989
BAD root_position: -0.07998
BAD root_position: -0.08015
BAD root_position: -0.08039
BAD root_position: -0.08069
BAD root_position: -0.08102
BAD root_position: -0.08138
BAD root_position: -0.08176
BAD root_position: -0.08214
BAD root_position: -0.08251
BAD root_position: -0.08285
BAD root_position: -0.08315
BAD root_position: -0.08341
BAD root_position: -0.08360
BAD root_position: -0.08371
BAD root_position: -0.08373
BAD root_position: -0.08373
BAD root_position: -0.08373
BAD root_position: -0.08373
BAD root_position: -0.08373
BAD root_position: -0.08373
BAD root_position: -0.08373
BAD root_position: -0.08373
BAD root_position: -0.08371
BAD root_position: -0.08360
BAD root_position: -0.08342
BAD root_position: -0.08317
BAD root_position: -0.08287
BAD root_position: -0.08253
BAD root_position: -0.08216
BAD root_position: -0.08178
BAD root_position: -0.08140
BAD root_position: -0.08104
BAD root_position: -0.08070
BAD root_position: -0.08041
BAD root_position: -0.08016
BAD root_position: -0.07999
BAD root_position: -0.07989
BAD root_position: -0.07988
BAD root_position: -0.07988
BAD root_position: -0.07988
BAD root_position: -0.07989
BAD root_position: -0.07989
BAD root_position: -0.07989
BAD root_position: -0.07990
BAD root_position: -0.07990
BAD root_position: -0.07990
BAD root_position: -0.07990
BAD root_position: -0.07990
BAD root_position: -0.07991
BAD root_position: -0.07991
BAD root_position: -0.07991
BAD root_position: -0.07991
BAD root_position: -0.07990
BAD root_position: -0.07990
BAD root_position: -0.07990
BAD root_position: -0.07990
BAD root_position: -0.07990
BAD root_position: -0.07990
BAD root_position: -0.07989
BAD root_position: -0.07989
BAD root_position: -0.07989
BAD root_position: -0.07988
BAD root_position: -0.07988
BAD root_position: -0.07988
BAD root_position: -0.07987
BAD root_position: -0.07987
BAD root_position: -0.07987
BAD root_position: -0.07986
BAD root_position: -0.07990
BAD root_position: -0.08003
BAD root_position: -0.08024
BAD root_position: -0.08050
BAD root_position: -0.08081
BAD root_position: -0.08116
BAD root_position: -0.08153
BAD root_position: -0.08191
BAD root_position: -0.08229
BAD root_position: -0.08265
BAD root_position: -0.08297
BAD root_position: -0.08326
BAD root_position: -0.08348
BAD root_position: -0.08364
BAD root_position: -0.08371
BAD root_position: -0.08372
BAD root_position: -0.08372
BAD root_position: -0.08371
BAD root_position: -0.08371
BAD root_position: -0.08371
BAD root_position: -0.08371
BAD root_position: -0.08371
BAD root_position: -0.08371
BAD root_position: -0.08365
BAD root_position: -0.08351
BAD root_position: -0.08330
BAD root_position: -0.08302
BAD root_position: -0.08270
BAD root_position: -0.08235
BAD root_position: -0.08198
BAD root_position: -0.08160
BAD root_position: -0.08122
BAD root_position: -0.08087
BAD root_position: -0.08055
BAD root_position: -0.08028
BAD root_position: -0.08006
BAD root_position: -0.07992
BAD root_position: -0.07986
BAD root_position: -0.07987
BAD root_position: -0.07987
BAD root_position: -0.07987
BAD root_position: -0.07988
BAD root_position: -0.07988
BAD root_position: -0.07989
BAD root_position: -0.07989
BAD root_position: -0.07989
BAD root_position: -0.07990
BAD root_position: -0.07990
BAD root_position: -0.07990
BAD root_position: -0.07991
BAD root_position: -0.07991
BAD root_position: -0.07991
BAD root_position: -0.07991
BAD root_position: -0.07991
BAD root_position: -0.07991
BAD root_position: -0.07991
BAD root_position: -0.07991
BAD root_position: -0.07991
BAD root_position: -0.07991
BAD root_position: -0.07991
BAD root_position: -0.07990
BAD root_position: -0.07990
BAD root_position: -0.07990
BAD root_position: -0.07990
BAD root_position: -0.07990
BAD root_position: -0.07989
BAD root_position: -0.07989
BAD root_position: -0.07989
BAD root_position: -0.07989
BAD root_position: -0.07995
BAD root_position: -0.08008
BAD root_position: -0.08027
BAD root_position: -0.08052
BAD root_position: -0.08081
BAD root_position: -0.08113
BAD root_position: -0.08147
BAD root_position: -0.08181
BAD root_position: -0.08215
BAD root_position: -0.08247
BAD root_position: -0.08277
BAD root_position: -0.08302
BAD root_position: -0.08323
BAD root_position: -0.08338
BAD root_position: -0.08346
BAD root_position: -0.08346
BAD root_position: -0.08343
BAD root_position: -0.08340
BAD root_position: -0.08337
BAD root_position: -0.08334
BAD root_position: -0.08331
BAD root_position: -0.08328
BAD root_position: -0.08325
BAD root_position: -0.08323
BAD root_position: -0.08314
BAD root_position: -0.08299
BAD root_position: -0.08278
BAD root_position: -0.08251
BAD root_position: -0.08221
BAD root_position: -0.08188
BAD root_position: -0.08154
BAD root_position: -0.08119
BAD root_position: -0.08085
BAD root_position: -0.08052
BAD root_position: -0.08022
BAD root_position: -0.07996
BAD root_position: -0.07974
BAD root_position: -0.07959
BAD root_position: -0.07950
BAD root_position: -0.07950
BAD root_position: -0.07952
BAD root_position: -0.07954
BAD root_position: -0.07957
BAD root_position: -0.07960
BAD root_position: -0.07963
BAD root_position: -0.07966
BAD root_position: -0.07969
BAD root_position: -0.07972
BAD root_position: -0.07975
BAD root_position: -0.07979
BAD root_position: -0.07982
BAD root_position: -0.07985
BAD root_position: -0.07989
BAD root_position: -0.07992
BAD root_position: -0.07996
BAD root_position: -0.07999
BAD root_position: -0.08002
BAD root_position: -0.08005
BAD root_position: -0.08009
BAD root_position: -0.08012
BAD root_position: -0.08014
BAD root_position: -0.08017
BAD root_position: -0.08020
BAD root_position: -0.08022
BAD root_position: -0.08024
BAD root_position: -0.08026
BAD root_position: -0.08028
BAD root_position: -0.08029
BAD root_position: -0.08031
BAD root_position: -0.08032
BAD root_position: -0.08033
BAD root_position: -0.08034
BAD root_position: -0.08042
BAD root_position: -0.08057
BAD root_position: -0.08078
BAD root_position: -0.08106
BAD root_position: -0.08137
BAD root_position: -0.08172
BAD root_position: -0.08208
BAD root_position: -0.08246
BAD root_position: -0.08282
BAD root_position: -0.08317
BAD root_position: -0.08350
BAD root_position: -0.08378
BAD root_position: -0.08400
BAD root_position: -0.08417
BAD root_position: -0.08425
BAD root_position: -0.08426
BAD root_position: -0.08423
BAD root_position: -0.08420
BAD root_position: -0.08417
BAD root_position: -0.08414
BAD root_position: -0.08411
BAD root_position: -0.08408
BAD root_position: -0.08405
BAD root_position: -0.08402
BAD root_position: -0.08394
BAD root_position: -0.08377
BAD root_position: -0.08354
BAD root_position: -0.08326
BAD root_position: -0.08293
BAD root_position: -0.08257
BAD root_position: -0.08220
BAD root_position: -0.08182
BAD root_position: -0.08145
BAD root_position: -0.08109
BAD root_position: -0.08076
BAD root_position: -0.08047
BAD root_position: -0.08023
BAD root_position: -0.08006
BAD root_position: -0.07995
BAD root_position: -0.07993
BAD root_position: -0.07994
BAD root_position: -0.07995
BAD root_position: -0.07996
BAD root_position: -0.07997
BAD root_position: -0.07998
BAD root_position: -0.07999
BAD root_position: -0.08000
BAD root_position: -0.08001
BAD root_position: -0.08001
BAD root_position: -0.08002
BAD root_position: -0.08002
BAD root_position: -0.08003
BAD root_position: -0.08003
BAD root_position: -0.08004
BAD root_position: -0.08004
BAD root_position: -0.08004
BAD root_position: -0.08004
BAD root_position: -0.08004
BAD root_position: -0.08003
BAD root_position: -0.08003
BAD root_position: -0.08002
BAD root_position: -0.08002
BAD root_position: -0.08001
BAD root_position: -0.08000
BAD root_position: -0.08000
BAD root_position: -0.07999
BAD root_position: -0.07998
BAD root_position: -0.07997
BAD root_position: -0.07996
BAD root_position: -0.07995
BAD root_position: -0.07994
BAD root_position: -0.07994
BAD root_position: -0.07999
BAD root_position: -0.08011
BAD root_position: -0.08031
BAD root_position: -0.08055
BAD root_position: -0.08084
BAD root_position: -0.08115
BAD root_position: -0.08148
BAD root_position: -0.08182
BAD root_position: -0.08216
BAD root_position: -0.08248
BAD root_position: -0.08277
BAD root_position: -0.08303
BAD root_position: -0.08323
BAD root_position: -0.08338
BAD root_position: -0.08345
BAD root_position: -0.08345
BAD root_position: -0.08342
BAD root_position: -0.08338
BAD root_position: -0.08335
BAD root_position: -0.08332
BAD root_position: -0.08329
BAD root_position: -0.08326
BAD root_position: -0.08324
BAD root_position: -0.08321
BAD root_position: -0.08313
BAD root_position: -0.08297
BAD root_position: -0.08276
BAD root_position: -0.08250
BAD root_position: -0.08220
BAD root_position: -0.08187
BAD root_position: -0.08152
BAD root_position: -0.08118
BAD root_position: -0.08081
BAD root_position: -0.08048
BAD root_position: -0.08018
BAD root_position: -0.07992
BAD root_position: -0.07970
BAD root_position: -0.07955
BAD root_position: -0.07946
BAD root_position: -0.07945
BAD root_position: -0.07947
BAD root_position: -0.07949
BAD root_position: -0.07952
BAD root_position: -0.07954
BAD root_position: -0.07957
BAD root_position: -0.07960
BAD root_position: -0.07963
BAD root_position: -0.07966
BAD root_position: -0.07969
BAD root_position: -0.07973
BAD root_position: -0.07976
BAD root_position: -0.07980
BAD root_position: -0.07984
BAD root_position: -0.07988
BAD root_position: -0.07992
BAD root_position: -0.07995
BAD root_position: -0.07999
BAD root_position: -0.08003
BAD root_position: -0.08006
BAD root_position: -0.08010
BAD root_position: -0.08013
BAD root_position: -0.08016
BAD root_position: -0.08019
BAD root_position: -0.08022
BAD root_position: -0.08024
BAD root_position: -0.08027
BAD root_position: -0.08029
BAD root_position: -0.08031
BAD root_position: -0.08032
BAD root_position: -0.08034
BAD root_position: -0.08035
BAD root_position: -0.08043
BAD root_position: -0.08059
BAD root_position: -0.08082
BAD root_position: -0.08112
BAD root_position: -0.08146
BAD root_position: -0.08183
BAD root_position: -0.08221
BAD root_position: -0.08261
BAD root_position: -0.08299
BAD root_position: -0.08335
BAD root_position: -0.08366
BAD root_position: -0.08393
BAD root_position: -0.08413
BAD root_position: -0.08426
BAD root_position: -0.08429
BAD root_position: -0.08426
BAD root_position: -0.08423
BAD root_position: -0.08420
BAD root_position: -0.08417
BAD root_position: -0.08414
BAD root_position: -0.08410
BAD root_position: -0.08407
BAD root_position: -0.08404
BAD root_position: -0.08393
BAD root_position: -0.08374
BAD root_position: -0.08348
BAD root_position: -0.08316
BAD root_position: -0.08281
BAD root_position: -0.08242
BAD root_position: -0.08202
BAD root_position: -0.08162
BAD root_position: -0.08123
BAD root_position: -0.08087
BAD root_position: -0.08054
BAD root_position: -0.08027
BAD root_position: -0.08006
BAD root_position: -0.07993
BAD root_position: -0.07988
BAD root_position: -0.07989
BAD root_position: -0.07989
BAD root_position: -0.07989
BAD root_position: -0.07990
BAD root_position: -0.07990
BAD root_position: -0.07990
BAD root_position: -0.07990
BAD root_position: -0.07990
BAD root_position: -0.07990
BAD root_position: -0.07990
BAD root_position: -0.07990
BAD root_position: -0.07990
BAD root_position: -0.07990
BAD root_position: -0.07990
BAD root_position: -0.07990
BAD root_position: -0.07990
BAD root_position: -0.07990
BAD root_position: -0.07989
BAD root_position: -0.07989
BAD root_position: -0.07989
BAD root_position: -0.07988
BAD root_position: -0.07988
BAD root_position: -0.07988
BAD root_position: -0.07987
BAD root_position: -0.07987
BAD root_position: -0.07987
BAD root_position: -0.07986
BAD root_position: -0.07986
BAD root_position: -0.07986
BAD root_position: -0.07985
BAD root_position: -0.07987
BAD root_position: -0.07996
BAD root_position: -0.08013
BAD root_position: -0.08036
BAD root_position: -0.08065
BAD root_position: -0.08097
BAD root_position: -0.08132
BAD root_position: -0.08168
BAD root_position: -0.08204
BAD root_position: -0.08238
BAD root_position: -0.08269
BAD root_position: -0.08296
BAD root_position: -0.08318
BAD root_position: -0.08334
BAD root_position: -0.08341
BAD root_position: -0.08340
BAD root_position: -0.08337
BAD root_position: -0.08334
BAD root_position: -0.08331
BAD root_position: -0.08327
BAD root_position: -0.08324
recorded 500 frames
avg lin_vel_x -0.0089
avg lin_vel_y 0.0027
avg yaw 0.0
computed xvel: -0.028, mean xvel: -0.0089
computed yvel: 0.021, mean yvel: 0.0027
computed thetavel: 0.007, mean thetavel: 0.0
DONE, saving 90_-0.028_0.021_0.007.json
