<frozen importlib._bootstrap>:241: RuntimeWarning: to-Python converter for std::vector<Eigen::Matrix<double, 3, 1, 0, 3, 1>, std::allocator<Eigen::Matrix<double, 3, 1, 0, 3, 1> > > already registered; second conversion method ignored.
<frozen importlib._bootstrap>:241: RuntimeWarning: to-Python converter for boost::python::detail::container_element<std::vector<Eigen::Matrix<double, 3, 1, 0, 3, 1>, std::allocator<Eigen::Matrix<double, 3, 1, 0, 3, 1> > >, unsigned long, boost::python::detail::final_vector_derived_policies<std::vector<Eigen::Matrix<double, 3, 1, 0, 3, 1>, std::allocator<Eigen::Matrix<double, 3, 1, 0, 3, 1> > >, false> > already registered; second conversion method ignored.
<frozen importlib._bootstrap>:241: RuntimeWarning: to-Python converter for std::vector<int, std::allocator<int> > already registered; second conversion method ignored.
<frozen importlib._bootstrap>:241: RuntimeWarning: to-Python converter for std::vector<double, std::allocator<double> > already registered; second conversion method ignored.
<frozen importlib._bootstrap>:241: RuntimeWarning: to-Python converter for std::vector<std::__cxx11::basic_string<char, std::char_traits<char>, std::allocator<char> >, std::allocator<std::__cxx11::basic_string<char, std::char_traits<char>, std::allocator<char> > > > already registered; second conversion method ignored.
WARNING: Can't find trunk frames in the model, can't measure leg spacing
WARNING: Can't find head frames in the model, camera_look_at won't work
gait_parameters {'dx': 0.02, 'dy': 0.03, 'dtheta': 0.01, 'duration': 8, 'hardware': True, 'double_support_ratio': 0.8, 'startend_double_support_ratio': 1.5, 'planned_timesteps': 48, 'replan_timesteps': 10, 'walk_com_height': 0.445, 'walk_foot_height': 0.03, 'walk_trunk_pitch': -5.7, 'walk_foot_rise_ratio': 0.2, 'single_support_duration': 0.8, 'single_support_timesteps': 10, 'foot_length': 0.22, 'feet_spacing': 0.114, 'zmp_margin': 0.02, 'foot_zmp_target_x': 0.0, 'foot_zmp_target_y': 0.0, 'walk_max_dtheta': 1.0, 'walk_max_dy': 0.04, 'walk_max_dx_forward': 0.08, 'walk_max_dx_backward': 0.03, 'joints': ['leg_left_ankle_roll_joint', 'leg_left_ankle_pitch_joint', 'leg_left_knee_pitch_joint', 'leg_left_hip_pitch_joint', 'leg_left_hip_yaw_joint', 'leg_left_hip_roll_joint', 'leg_right_ankle_roll_joint', 'leg_right_ankle_pitch_joint', 'leg_right_knee_pitch_joint', 'leg_right_hip_pitch_joint', 'leg_right_hip_yaw_joint', 'leg_right_hip_roll_joint', 'left_wrist_attachment_joint', 'left_fore_arm_joint', 'left_upper_arm_joint', 'left_shoulder_joint', 'right_wrist_attachment_joint', 'right_fore_arm_joint', 'right_upper_arm_joint', 'right_shoulder_joint'], 'joint_angles': {'left_wrist_attachment_joint': 0, 'left_fore_arm_joint': -90, 'left_upper_arm_joint': 45, 'left_shoulder_joint': 0, 'right_wrist_attachment_joint': 0, 'right_fore_arm_joint': 90, 'right_upper_arm_joint': -45, 'right_shoulder_joint': 0}}
Placing the robot in the initial position...
Initial position reached
{'leg_left_ankle_roll_joint': 0.016835780177785514, 'leg_left_ankle_pitch_joint': -0.4974378250637762, 'leg_left_knee_pitch_joint': 0.9529211595270636, 'leg_left_hip_pitch_joint': -0.3565205934034457, 'leg_left_hip_yaw_joint': -0.05449106532942682, 'leg_left_hip_roll_joint': -0.010680460088114614, 'leg_right_ankle_roll_joint': 0.017459214188118317, 'leg_right_ankle_pitch_joint': -0.5219182228899635, 'leg_right_knee_pitch_joint': 1.0348204433941544, 'leg_right_hip_pitch_joint': -0.41395584015892706, 'leg_right_hip_yaw_joint': -0.05497517335892256, 'leg_right_hip_roll_joint': -0.011081649085676038, 'left_wrist_attachment_joint': -8.40962705234335e-29, 'left_fore_arm_joint': -1.166348057790478, 'left_upper_arm_joint': 0.7853981633905462, 'left_shoulder_joint': 5.5592751354477965e-12, 'right_wrist_attachment_joint': -2.371347736485154e-28, 'right_fore_arm_joint': 1.077329894573393, 'right_upper_arm_joint': -0.7853981633889839, 'right_shoulder_joint': 5.228297810469886e-12}
## period: 2.88
BAD root_position: -0.07991
BAD root_position: -0.07991
BAD root_position: -0.07991
BAD root_position: -0.07991
BAD root_position: -0.07991
BAD root_position: -0.07991
BAD root_position: -0.07991
BAD root_position: -0.07991
BAD root_position: -0.07991
BAD root_position: -0.07991
BAD root_position: -0.07991
BAD root_position: -0.07991
BAD root_position: -0.07991
BAD root_position: -0.07991
BAD root_position: -0.07991
BAD root_position: -0.07991
BAD root_position: -0.07991
BAD root_position: -0.07991
BAD root_position: -0.07991
BAD root_position: -0.07991
BAD root_position: -0.07991
BAD root_position: -0.07991
BAD root_position: -0.07991
BAD root_position: -0.07991
BAD root_position: -0.07991
BAD root_position: -0.07991
BAD root_position: -0.07991
BAD root_position: -0.07991
BAD root_position: -0.07991
BAD root_position: -0.07991
BAD root_position: -0.07991
BAD root_position: -0.07991
BAD root_position: -0.07991
BAD root_position: -0.07991
BAD root_position: -0.07991
BAD root_position: -0.07991
BAD root_position: -0.07991
BAD root_position: -0.07991
BAD root_position: -0.07991
BAD root_position: -0.07990
BAD root_position: -0.07990
BAD root_position: -0.07990
BAD root_position: -0.07990
BAD root_position: -0.07990
BAD root_position: -0.07990
BAD root_position: -0.07990
BAD root_position: -0.07990
BAD root_position: -0.07990
BAD root_position: -0.07990
BAD root_position: -0.07990
BAD root_position: -0.07990
BAD root_position: -0.07990
BAD root_position: -0.07990
BAD root_position: -0.07989
BAD root_position: -0.07989
BAD root_position: -0.07989
BAD root_position: -0.07988
BAD root_position: -0.07988
BAD root_position: -0.07989
BAD root_position: -0.07998
BAD root_position: -0.08015
BAD root_position: -0.08039
BAD root_position: -0.08069
BAD root_position: -0.08102
BAD root_position: -0.08138
BAD root_position: -0.08176
BAD root_position: -0.08214
BAD root_position: -0.08251
BAD root_position: -0.08285
BAD root_position: -0.08315
BAD root_position: -0.08341
BAD root_position: -0.08360
BAD root_position: -0.08371
BAD root_position: -0.08373
BAD root_position: -0.08373
BAD root_position: -0.08373
BAD root_position: -0.08373
BAD root_position: -0.08373
BAD root_position: -0.08373
BAD root_position: -0.08373
BAD root_position: -0.08373
BAD root_position: -0.08371
BAD root_position: -0.08360
BAD root_position: -0.08342
BAD root_position: -0.08317
BAD root_position: -0.08287
BAD root_position: -0.08253
BAD root_position: -0.08216
BAD root_position: -0.08178
BAD root_position: -0.08140
BAD root_position: -0.08104
BAD root_position: -0.08070
BAD root_position: -0.08041
BAD root_position: -0.08016
BAD root_position: -0.07999
BAD root_position: -0.07989
BAD root_position: -0.07988
BAD root_position: -0.07988
BAD root_position: -0.07988
BAD root_position: -0.07989
BAD root_position: -0.07989
BAD root_position: -0.07989
BAD root_position: -0.07990
BAD root_position: -0.07990
BAD root_position: -0.07990
BAD root_position: -0.07990
BAD root_position: -0.07990
BAD root_position: -0.07990
BAD root_position: -0.07991
BAD root_position: -0.07991
BAD root_position: -0.07991
BAD root_position: -0.07990
BAD root_position: -0.07990
BAD root_position: -0.07990
BAD root_position: -0.07990
BAD root_position: -0.07990
BAD root_position: -0.07990
BAD root_position: -0.07989
BAD root_position: -0.07989
BAD root_position: -0.07989
BAD root_position: -0.07988
BAD root_position: -0.07988
BAD root_position: -0.07988
BAD root_position: -0.07987
BAD root_position: -0.07987
BAD root_position: -0.07987
BAD root_position: -0.07986
BAD root_position: -0.07990
BAD root_position: -0.08003
BAD root_position: -0.08024
BAD root_position: -0.08050
BAD root_position: -0.08081
BAD root_position: -0.08116
BAD root_position: -0.08154
BAD root_position: -0.08192
BAD root_position: -0.08229
BAD root_position: -0.08265
BAD root_position: -0.08298
BAD root_position: -0.08327
BAD root_position: -0.08350
BAD root_position: -0.08366
BAD root_position: -0.08373
BAD root_position: -0.08374
BAD root_position: -0.08374
BAD root_position: -0.08374
BAD root_position: -0.08374
BAD root_position: -0.08374
BAD root_position: -0.08374
BAD root_position: -0.08374
BAD root_position: -0.08374
BAD root_position: -0.08369
BAD root_position: -0.08355
BAD root_position: -0.08333
BAD root_position: -0.08306
BAD root_position: -0.08274
BAD root_position: -0.08238
BAD root_position: -0.08201
BAD root_position: -0.08163
BAD root_position: -0.08126
BAD root_position: -0.08090
BAD root_position: -0.08058
BAD root_position: -0.08031
BAD root_position: -0.08009
BAD root_position: -0.07994
BAD root_position: -0.07989
BAD root_position: -0.07989
BAD root_position: -0.07989
BAD root_position: -0.07989
BAD root_position: -0.07989
BAD root_position: -0.07990
BAD root_position: -0.07990
BAD root_position: -0.07990
BAD root_position: -0.07990
BAD root_position: -0.07990
BAD root_position: -0.07990
BAD root_position: -0.07990
BAD root_position: -0.07990
BAD root_position: -0.07990
BAD root_position: -0.07990
BAD root_position: -0.07990
BAD root_position: -0.07990
BAD root_position: -0.07990
BAD root_position: -0.07989
BAD root_position: -0.07989
BAD root_position: -0.07989
BAD root_position: -0.07988
BAD root_position: -0.07988
BAD root_position: -0.07988
BAD root_position: -0.07987
BAD root_position: -0.07987
BAD root_position: -0.07986
BAD root_position: -0.07986
BAD root_position: -0.07986
BAD root_position: -0.07985
BAD root_position: -0.07985
BAD root_position: -0.07985
BAD root_position: -0.07991
BAD root_position: -0.08004
BAD root_position: -0.08025
BAD root_position: -0.08051
BAD root_position: -0.08082
BAD root_position: -0.08116
BAD root_position: -0.08152
BAD root_position: -0.08190
BAD root_position: -0.08228
BAD root_position: -0.08264
BAD root_position: -0.08299
BAD root_position: -0.08330
BAD root_position: -0.08356
BAD root_position: -0.08376
BAD root_position: -0.08390
BAD root_position: -0.08395
BAD root_position: -0.08397
BAD root_position: -0.08400
BAD root_position: -0.08402
BAD root_position: -0.08405
BAD root_position: -0.08407
BAD root_position: -0.08409
BAD root_position: -0.08411
BAD root_position: -0.08413
BAD root_position: -0.08409
BAD root_position: -0.08397
BAD root_position: -0.08378
BAD root_position: -0.08352
BAD root_position: -0.08323
BAD root_position: -0.08289
BAD root_position: -0.08253
BAD root_position: -0.08216
BAD root_position: -0.08179
BAD root_position: -0.08143
BAD root_position: -0.08110
BAD root_position: -0.08080
BAD root_position: -0.08055
BAD root_position: -0.08036
BAD root_position: -0.08024
BAD root_position: -0.08020
BAD root_position: -0.08019
BAD root_position: -0.08018
BAD root_position: -0.08016
BAD root_position: -0.08015
BAD root_position: -0.08014
BAD root_position: -0.08012
BAD root_position: -0.08010
BAD root_position: -0.08009
BAD root_position: -0.08007
BAD root_position: -0.08005
BAD root_position: -0.08002
BAD root_position: -0.08000
BAD root_position: -0.07998
BAD root_position: -0.07995
BAD root_position: -0.07993
BAD root_position: -0.07990
BAD root_position: -0.07988
BAD root_position: -0.07985
BAD root_position: -0.07982
BAD root_position: -0.07980
BAD root_position: -0.07977
BAD root_position: -0.07974
BAD root_position: -0.07972
BAD root_position: -0.07969
BAD root_position: -0.07967
BAD root_position: -0.07965
BAD root_position: -0.07962
BAD root_position: -0.07960
BAD root_position: -0.07958
BAD root_position: -0.07956
BAD root_position: -0.07955
BAD root_position: -0.07953
BAD root_position: -0.07958
BAD root_position: -0.07970
BAD root_position: -0.07989
BAD root_position: -0.08013
BAD root_position: -0.08041
BAD root_position: -0.08073
BAD root_position: -0.08107
BAD root_position: -0.08142
BAD root_position: -0.08177
BAD root_position: -0.08212
BAD root_position: -0.08244
BAD root_position: -0.08273
BAD root_position: -0.08297
BAD root_position: -0.08316
BAD root_position: -0.08329
BAD root_position: -0.08334
BAD root_position: -0.08336
BAD root_position: -0.08338
BAD root_position: -0.08341
BAD root_position: -0.08343
BAD root_position: -0.08346
BAD root_position: -0.08348
BAD root_position: -0.08351
BAD root_position: -0.08353
BAD root_position: -0.08348
BAD root_position: -0.08337
BAD root_position: -0.08318
BAD root_position: -0.08295
BAD root_position: -0.08267
BAD root_position: -0.08235
BAD root_position: -0.08201
BAD root_position: -0.08166
BAD root_position: -0.08131
BAD root_position: -0.08097
BAD root_position: -0.08066
BAD root_position: -0.08038
BAD root_position: -0.08014
BAD root_position: -0.07996
BAD root_position: -0.07985
BAD root_position: -0.07981
BAD root_position: -0.07981
BAD root_position: -0.07980
BAD root_position: -0.07980
BAD root_position: -0.07980
BAD root_position: -0.07979
BAD root_position: -0.07979
BAD root_position: -0.07979
BAD root_position: -0.07978
BAD root_position: -0.07978
BAD root_position: -0.07978
BAD root_position: -0.07978
BAD root_position: -0.07978
BAD root_position: -0.07978
BAD root_position: -0.07978
BAD root_position: -0.07978
BAD root_position: -0.07978
BAD root_position: -0.07978
BAD root_position: -0.07979
BAD root_position: -0.07979
BAD root_position: -0.07979
BAD root_position: -0.07979
BAD root_position: -0.07979
BAD root_position: -0.07979
BAD root_position: -0.07979
BAD root_position: -0.07979
BAD root_position: -0.07979
BAD root_position: -0.07979
BAD root_position: -0.07979
BAD root_position: -0.07979
BAD root_position: -0.07979
BAD root_position: -0.07979
BAD root_position: -0.07979
BAD root_position: -0.07985
BAD root_position: -0.07999
BAD root_position: -0.08020
BAD root_position: -0.08046
BAD root_position: -0.08077
BAD root_position: -0.08111
BAD root_position: -0.08148
BAD root_position: -0.08185
BAD root_position: -0.08223
BAD root_position: -0.08260
BAD root_position: -0.08294
BAD root_position: -0.08325
BAD root_position: -0.08351
BAD root_position: -0.08371
BAD root_position: -0.08385
BAD root_position: -0.08390
BAD root_position: -0.08392
BAD root_position: -0.08395
BAD root_position: -0.08397
BAD root_position: -0.08400
BAD root_position: -0.08402
BAD root_position: -0.08405
BAD root_position: -0.08407
BAD root_position: -0.08409
BAD root_position: -0.08405
BAD root_position: -0.08393
BAD root_position: -0.08373
BAD root_position: -0.08348
BAD root_position: -0.08319
BAD root_position: -0.08285
BAD root_position: -0.08250
BAD root_position: -0.08213
BAD root_position: -0.08176
BAD root_position: -0.08140
BAD root_position: -0.08107
BAD root_position: -0.08077
BAD root_position: -0.08052
BAD root_position: -0.08033
BAD root_position: -0.08021
BAD root_position: -0.08018
BAD root_position: -0.08017
BAD root_position: -0.08016
BAD root_position: -0.08015
BAD root_position: -0.08014
BAD root_position: -0.08013
BAD root_position: -0.08012
BAD root_position: -0.08011
BAD root_position: -0.08009
BAD root_position: -0.08008
BAD root_position: -0.08006
BAD root_position: -0.08004
BAD root_position: -0.08002
BAD root_position: -0.08000
BAD root_position: -0.07998
BAD root_position: -0.07996
BAD root_position: -0.07993
BAD root_position: -0.07991
BAD root_position: -0.07988
BAD root_position: -0.07985
BAD root_position: -0.07983
BAD root_position: -0.07980
BAD root_position: -0.07977
BAD root_position: -0.07975
BAD root_position: -0.07972
BAD root_position: -0.07970
BAD root_position: -0.07967
BAD root_position: -0.07965
BAD root_position: -0.07963
BAD root_position: -0.07961
BAD root_position: -0.07959
BAD root_position: -0.07958
BAD root_position: -0.07962
BAD root_position: -0.07975
BAD root_position: -0.07995
BAD root_position: -0.08021
BAD root_position: -0.08052
BAD root_position: -0.08086
BAD root_position: -0.08122
BAD root_position: -0.08159
BAD root_position: -0.08196
BAD root_position: -0.08231
BAD root_position: -0.08263
BAD root_position: -0.08292
BAD root_position: -0.08314
BAD root_position: -0.08330
BAD root_position: -0.08338
BAD root_position: -0.08340
BAD root_position: -0.08343
BAD root_position: -0.08345
BAD root_position: -0.08348
BAD root_position: -0.08350
BAD root_position: -0.08353
BAD root_position: -0.08356
BAD root_position: -0.08358
BAD root_position: -0.08353
BAD root_position: -0.08340
BAD root_position: -0.08320
BAD root_position: -0.08294
BAD root_position: -0.08263
BAD root_position: -0.08230
BAD root_position: -0.08194
BAD root_position: -0.08157
BAD root_position: -0.08121
BAD root_position: -0.08087
BAD root_position: -0.08057
BAD root_position: -0.08031
BAD root_position: -0.08011
BAD root_position: -0.07998
BAD root_position: -0.07993
BAD root_position: -0.07993
BAD root_position: -0.07993
BAD root_position: -0.07993
BAD root_position: -0.07993
BAD root_position: -0.07993
BAD root_position: -0.07993
BAD root_position: -0.07993
BAD root_position: -0.07993
BAD root_position: -0.07992
BAD root_position: -0.07992
BAD root_position: -0.07992
BAD root_position: -0.07991
BAD root_position: -0.07991
BAD root_position: -0.07990
BAD root_position: -0.07990
BAD root_position: -0.07989
BAD root_position: -0.07988
BAD root_position: -0.07988
BAD root_position: -0.07987
BAD root_position: -0.07986
BAD root_position: -0.07986
BAD root_position: -0.07985
BAD root_position: -0.07984
BAD root_position: -0.07984
BAD root_position: -0.07983
BAD root_position: -0.07982
BAD root_position: -0.07982
BAD root_position: -0.07981
BAD root_position: -0.07980
BAD root_position: -0.07980
BAD root_position: -0.07981
BAD root_position: -0.07990
BAD root_position: -0.08008
BAD root_position: -0.08033
BAD root_position: -0.08063
BAD root_position: -0.08097
BAD root_position: -0.08135
BAD root_position: -0.08174
BAD root_position: -0.08213
BAD root_position: -0.08252
BAD root_position: -0.08288
BAD root_position: -0.08320
BAD root_position: -0.08348
BAD root_position: -0.08369
BAD root_position: -0.08382
BAD root_position: -0.08387
BAD root_position: -0.08389
BAD root_position: -0.08392
BAD root_position: -0.08394
BAD root_position: -0.08397
BAD root_position: -0.08399
recorded 500 frames
avg lin_vel_x 0.0076
avg lin_vel_y 0.0068
avg yaw 0.0
computed xvel: 0.014, mean xvel: 0.0076
computed yvel: 0.021, mean yvel: 0.0068
computed thetavel: 0.007, mean thetavel: 0.0
DONE, saving 93_0.014_0.021_0.007.json
