<frozen importlib._bootstrap>:241: RuntimeWarning: to-Python converter for std::vector<Eigen::Matrix<double, 3, 1, 0, 3, 1>, std::allocator<Eigen::Matrix<double, 3, 1, 0, 3, 1> > > already registered; second conversion method ignored.
<frozen importlib._bootstrap>:241: RuntimeWarning: to-Python converter for boost::python::detail::container_element<std::vector<Eigen::Matrix<double, 3, 1, 0, 3, 1>, std::allocator<Eigen::Matrix<double, 3, 1, 0, 3, 1> > >, unsigned long, boost::python::detail::final_vector_derived_policies<std::vector<Eigen::Matrix<double, 3, 1, 0, 3, 1>, std::allocator<Eigen::Matrix<double, 3, 1, 0, 3, 1> > >, false> > already registered; second conversion method ignored.
<frozen importlib._bootstrap>:241: RuntimeWarning: to-Python converter for std::vector<int, std::allocator<int> > already registered; second conversion method ignored.
<frozen importlib._bootstrap>:241: RuntimeWarning: to-Python converter for std::vector<double, std::allocator<double> > already registered; second conversion method ignored.
<frozen importlib._bootstrap>:241: RuntimeWarning: to-Python converter for std::vector<std::__cxx11::basic_string<char, std::char_traits<char>, std::allocator<char> >, std::allocator<std::__cxx11::basic_string<char, std::char_traits<char>, std::allocator<char> > > > already registered; second conversion method ignored.
WARNING: Can't find trunk frames in the model, can't measure leg spacing
WARNING: Can't find head frames in the model, camera_look_at won't work
gait_parameters {'dx': 0.02, 'dy': -0.03, 'dtheta': 0.08, 'duration': 8, 'hardware': True, 'double_support_ratio': 0.8, 'startend_double_support_ratio': 1.5, 'planned_timesteps': 48, 'replan_timesteps': 10, 'walk_com_height': 0.445, 'walk_foot_height': 0.03, 'walk_trunk_pitch': -5.7, 'walk_foot_rise_ratio': 0.2, 'single_support_duration': 0.8, 'single_support_timesteps': 10, 'foot_length': 0.22, 'feet_spacing': 0.114, 'zmp_margin': 0.02, 'foot_zmp_target_x': 0.0, 'foot_zmp_target_y': 0.0, 'walk_max_dtheta': 1.0, 'walk_max_dy': 0.04, 'walk_max_dx_forward': 0.08, 'walk_max_dx_backward': 0.03, 'joints': ['leg_left_ankle_roll_joint', 'leg_left_ankle_pitch_joint', 'leg_left_knee_pitch_joint', 'leg_left_hip_pitch_joint', 'leg_left_hip_yaw_joint', 'leg_left_hip_roll_joint', 'leg_right_ankle_roll_joint', 'leg_right_ankle_pitch_joint', 'leg_right_knee_pitch_joint', 'leg_right_hip_pitch_joint', 'leg_right_hip_yaw_joint', 'leg_right_hip_roll_joint', 'left_wrist_attachment_joint', 'left_fore_arm_joint', 'left_upper_arm_joint', 'left_shoulder_joint', 'right_wrist_attachment_joint', 'right_fore_arm_joint', 'right_upper_arm_joint', 'right_shoulder_joint'], 'joint_angles': {'left_wrist_attachment_joint': 0, 'left_fore_arm_joint': -90, 'left_upper_arm_joint': 45, 'left_shoulder_joint': 0, 'right_wrist_attachment_joint': 0, 'right_fore_arm_joint': 90, 'right_upper_arm_joint': -45, 'right_shoulder_joint': 0}}
Placing the robot in the initial position...
Initial position reached
{'leg_left_ankle_roll_joint': 0.016800326481941057, 'leg_left_ankle_pitch_joint': -0.4921802621496189, 'leg_left_knee_pitch_joint': 0.9436778270608581, 'leg_left_hip_pitch_joint': -0.35253359857753114, 'leg_left_hip_yaw_joint': -0.05446364132290634, 'leg_left_hip_roll_joint': -0.010657956876402747, 'leg_right_ankle_roll_joint': 0.017422078406892694, 'leg_right_ankle_pitch_joint': -0.5169800530758933, 'leg_right_knee_pitch_joint': 1.026190518429226, 'leg_right_hip_pitch_joint': -0.41026279015460004, 'leg_right_hip_yaw_joint': -0.05494644874125776, 'leg_right_hip_roll_joint': -0.011058076972390203, 'left_wrist_attachment_joint': -0.0943386014753838, 'left_fore_arm_joint': -1.0685395341114847, 'left_upper_arm_joint': 0.785398163389939, 'left_shoulder_joint': 5.963775162629392e-12, 'right_wrist_attachment_joint': 0.07673787110065884, 'right_fore_arm_joint': 1.0016005649616093, 'right_upper_arm_joint': -0.7853981633883184, 'right_shoulder_joint': 5.6005585111819855e-12}
## period: 2.88
BAD root_position: -0.07991
BAD root_position: -0.07991
BAD root_position: -0.07991
BAD root_position: -0.07991
BAD root_position: -0.07991
BAD root_position: -0.07991
BAD root_position: -0.07991
BAD root_position: -0.07991
BAD root_position: -0.07991
BAD root_position: -0.07991
BAD root_position: -0.07991
BAD root_position: -0.07991
BAD root_position: -0.07991
BAD root_position: -0.07991
BAD root_position: -0.07991
BAD root_position: -0.07991
BAD root_position: -0.07991
BAD root_position: -0.07991
BAD root_position: -0.07991
BAD root_position: -0.07991
BAD root_position: -0.07991
BAD root_position: -0.07991
BAD root_position: -0.07991
BAD root_position: -0.07991
BAD root_position: -0.07991
BAD root_position: -0.07991
BAD root_position: -0.07991
BAD root_position: -0.07991
BAD root_position: -0.07991
BAD root_position: -0.07991
BAD root_position: -0.07991
BAD root_position: -0.07991
BAD root_position: -0.07991
BAD root_position: -0.07991
BAD root_position: -0.07991
BAD root_position: -0.07991
BAD root_position: -0.07991
BAD root_position: -0.07991
BAD root_position: -0.07991
BAD root_position: -0.07990
BAD root_position: -0.07990
BAD root_position: -0.07990
BAD root_position: -0.07990
BAD root_position: -0.07990
BAD root_position: -0.07990
BAD root_position: -0.07990
BAD root_position: -0.07990
BAD root_position: -0.07990
BAD root_position: -0.07990
BAD root_position: -0.07990
BAD root_position: -0.07990
BAD root_position: -0.07990
BAD root_position: -0.07990
BAD root_position: -0.07989
BAD root_position: -0.07989
BAD root_position: -0.07989
BAD root_position: -0.07988
BAD root_position: -0.07988
BAD root_position: -0.07989
BAD root_position: -0.07998
BAD root_position: -0.08015
BAD root_position: -0.08039
BAD root_position: -0.08069
BAD root_position: -0.08102
BAD root_position: -0.08138
BAD root_position: -0.08176
BAD root_position: -0.08214
BAD root_position: -0.08251
BAD root_position: -0.08285
BAD root_position: -0.08315
BAD root_position: -0.08341
BAD root_position: -0.08360
BAD root_position: -0.08371
BAD root_position: -0.08373
BAD root_position: -0.08373
BAD root_position: -0.08373
BAD root_position: -0.08373
BAD root_position: -0.08373
BAD root_position: -0.08373
BAD root_position: -0.08373
BAD root_position: -0.08373
BAD root_position: -0.08371
BAD root_position: -0.08360
BAD root_position: -0.08342
BAD root_position: -0.08317
BAD root_position: -0.08287
BAD root_position: -0.08252
BAD root_position: -0.08216
BAD root_position: -0.08178
BAD root_position: -0.08140
BAD root_position: -0.08104
BAD root_position: -0.08070
BAD root_position: -0.08041
BAD root_position: -0.08016
BAD root_position: -0.07999
BAD root_position: -0.07989
BAD root_position: -0.07988
BAD root_position: -0.07988
BAD root_position: -0.07988
BAD root_position: -0.07989
BAD root_position: -0.07989
BAD root_position: -0.07989
BAD root_position: -0.07990
BAD root_position: -0.07990
BAD root_position: -0.07990
BAD root_position: -0.07990
BAD root_position: -0.07990
BAD root_position: -0.07990
BAD root_position: -0.07990
BAD root_position: -0.07990
BAD root_position: -0.07990
BAD root_position: -0.07990
BAD root_position: -0.07990
BAD root_position: -0.07990
BAD root_position: -0.07990
BAD root_position: -0.07990
BAD root_position: -0.07989
BAD root_position: -0.07989
BAD root_position: -0.07989
BAD root_position: -0.07988
BAD root_position: -0.07988
BAD root_position: -0.07988
BAD root_position: -0.07987
BAD root_position: -0.07987
BAD root_position: -0.07987
BAD root_position: -0.07986
BAD root_position: -0.07986
BAD root_position: -0.07990
BAD root_position: -0.08003
BAD root_position: -0.08024
BAD root_position: -0.08051
BAD root_position: -0.08083
BAD root_position: -0.08119
BAD root_position: -0.08157
BAD root_position: -0.08197
BAD root_position: -0.08236
BAD root_position: -0.08274
BAD root_position: -0.08309
BAD root_position: -0.08339
BAD root_position: -0.08364
BAD root_position: -0.08382
BAD root_position: -0.08391
BAD root_position: -0.08394
BAD root_position: -0.08396
BAD root_position: -0.08398
BAD root_position: -0.08400
BAD root_position: -0.08401
BAD root_position: -0.08403
BAD root_position: -0.08405
BAD root_position: -0.08407
BAD root_position: -0.08403
BAD root_position: -0.08389
BAD root_position: -0.08369
BAD root_position: -0.08342
BAD root_position: -0.08310
BAD root_position: -0.08274
BAD root_position: -0.08236
BAD root_position: -0.08198
BAD root_position: -0.08159
BAD root_position: -0.08123
BAD root_position: -0.08090
BAD root_position: -0.08061
BAD root_position: -0.08038
BAD root_position: -0.08023
BAD root_position: -0.08016
BAD root_position: -0.08015
BAD root_position: -0.08015
BAD root_position: -0.08014
BAD root_position: -0.08013
BAD root_position: -0.08012
BAD root_position: -0.08010
BAD root_position: -0.08009
BAD root_position: -0.08007
BAD root_position: -0.08006
BAD root_position: -0.08004
BAD root_position: -0.08002
BAD root_position: -0.08000
BAD root_position: -0.07997
BAD root_position: -0.07995
BAD root_position: -0.07993
BAD root_position: -0.07990
BAD root_position: -0.07988
BAD root_position: -0.07985
BAD root_position: -0.07983
BAD root_position: -0.07980
BAD root_position: -0.07978
BAD root_position: -0.07975
BAD root_position: -0.07973
BAD root_position: -0.07971
BAD root_position: -0.07968
BAD root_position: -0.07966
BAD root_position: -0.07964
BAD root_position: -0.07963
BAD root_position: -0.07961
BAD root_position: -0.07960
BAD root_position: -0.07959
BAD root_position: -0.07963
BAD root_position: -0.07975
BAD root_position: -0.07994
BAD root_position: -0.08018
BAD root_position: -0.08047
BAD root_position: -0.08079
BAD root_position: -0.08113
BAD root_position: -0.08148
BAD root_position: -0.08183
BAD root_position: -0.08217
BAD root_position: -0.08249
BAD root_position: -0.08277
BAD root_position: -0.08301
BAD root_position: -0.08319
BAD root_position: -0.08331
BAD root_position: -0.08335
BAD root_position: -0.08337
BAD root_position: -0.08338
BAD root_position: -0.08339
BAD root_position: -0.08340
BAD root_position: -0.08342
BAD root_position: -0.08343
BAD root_position: -0.08344
BAD root_position: -0.08346
BAD root_position: -0.08341
BAD root_position: -0.08329
BAD root_position: -0.08310
BAD root_position: -0.08286
BAD root_position: -0.08257
BAD root_position: -0.08225
BAD root_position: -0.08191
BAD root_position: -0.08156
BAD root_position: -0.08121
BAD root_position: -0.08088
BAD root_position: -0.08057
BAD root_position: -0.08029
BAD root_position: -0.08006
BAD root_position: -0.07988
BAD root_position: -0.07978
BAD root_position: -0.07976
BAD root_position: -0.07976
BAD root_position: -0.07977
BAD root_position: -0.07977
BAD root_position: -0.07978
BAD root_position: -0.07978
BAD root_position: -0.07979
BAD root_position: -0.07979
BAD root_position: -0.07980
BAD root_position: -0.07981
BAD root_position: -0.07982
BAD root_position: -0.07983
BAD root_position: -0.07983
BAD root_position: -0.07984
BAD root_position: -0.07985
BAD root_position: -0.07986
BAD root_position: -0.07987
BAD root_position: -0.07987
BAD root_position: -0.07988
BAD root_position: -0.07989
BAD root_position: -0.07990
BAD root_position: -0.07991
BAD root_position: -0.07991
BAD root_position: -0.07992
BAD root_position: -0.07992
BAD root_position: -0.07993
BAD root_position: -0.07993
BAD root_position: -0.07994
BAD root_position: -0.07994
BAD root_position: -0.07995
BAD root_position: -0.07995
BAD root_position: -0.07995
BAD root_position: -0.07995
BAD root_position: -0.08002
BAD root_position: -0.08016
BAD root_position: -0.08037
BAD root_position: -0.08064
BAD root_position: -0.08095
BAD root_position: -0.08129
BAD root_position: -0.08166
BAD root_position: -0.08204
BAD root_position: -0.08242
BAD root_position: -0.08279
BAD root_position: -0.08314
BAD root_position: -0.08345
BAD root_position: -0.08371
BAD root_position: -0.08392
BAD root_position: -0.08405
BAD root_position: -0.08410
BAD root_position: -0.08413
BAD root_position: -0.08415
BAD root_position: -0.08417
BAD root_position: -0.08419
BAD root_position: -0.08421
BAD root_position: -0.08423
BAD root_position: -0.08425
BAD root_position: -0.08427
BAD root_position: -0.08422
BAD root_position: -0.08409
BAD root_position: -0.08390
BAD root_position: -0.08364
BAD root_position: -0.08334
BAD root_position: -0.08300
BAD root_position: -0.08264
BAD root_position: -0.08226
BAD root_position: -0.08189
BAD root_position: -0.08153
BAD root_position: -0.08120
BAD root_position: -0.08090
BAD root_position: -0.08064
BAD root_position: -0.08045
BAD root_position: -0.08033
BAD root_position: -0.08029
BAD root_position: -0.08028
BAD root_position: -0.08027
BAD root_position: -0.08025
BAD root_position: -0.08024
BAD root_position: -0.08022
BAD root_position: -0.08021
BAD root_position: -0.08019
BAD root_position: -0.08017
BAD root_position: -0.08014
BAD root_position: -0.08012
BAD root_position: -0.08010
BAD root_position: -0.08007
BAD root_position: -0.08004
BAD root_position: -0.08001
BAD root_position: -0.07998
BAD root_position: -0.07995
BAD root_position: -0.07991
BAD root_position: -0.07988
BAD root_position: -0.07985
BAD root_position: -0.07981
BAD root_position: -0.07978
BAD root_position: -0.07974
BAD root_position: -0.07971
BAD root_position: -0.07967
BAD root_position: -0.07965
BAD root_position: -0.07962
BAD root_position: -0.07959
BAD root_position: -0.07956
BAD root_position: -0.07953
BAD root_position: -0.07951
BAD root_position: -0.07948
BAD root_position: -0.07946
BAD root_position: -0.07950
BAD root_position: -0.07962
BAD root_position: -0.07980
BAD root_position: -0.08004
BAD root_position: -0.08031
BAD root_position: -0.08063
BAD root_position: -0.08096
BAD root_position: -0.08131
BAD root_position: -0.08165
BAD root_position: -0.08199
BAD root_position: -0.08230
BAD root_position: -0.08258
BAD root_position: -0.08282
BAD root_position: -0.08300
BAD root_position: -0.08312
BAD root_position: -0.08316
BAD root_position: -0.08317
BAD root_position: -0.08318
BAD root_position: -0.08320
BAD root_position: -0.08322
BAD root_position: -0.08323
BAD root_position: -0.08325
BAD root_position: -0.08327
BAD root_position: -0.08328
BAD root_position: -0.08324
BAD root_position: -0.08312
BAD root_position: -0.08294
BAD root_position: -0.08271
BAD root_position: -0.08243
BAD root_position: -0.08212
BAD root_position: -0.08178
BAD root_position: -0.08144
BAD root_position: -0.08107
BAD root_position: -0.08073
BAD root_position: -0.08043
BAD root_position: -0.08015
BAD root_position: -0.07993
BAD root_position: -0.07976
BAD root_position: -0.07966
BAD root_position: -0.07963
BAD root_position: -0.07964
BAD root_position: -0.07965
BAD root_position: -0.07966
BAD root_position: -0.07967
BAD root_position: -0.07968
BAD root_position: -0.07969
BAD root_position: -0.07971
BAD root_position: -0.07972
BAD root_position: -0.07973
BAD root_position: -0.07975
BAD root_position: -0.07977
BAD root_position: -0.07978
BAD root_position: -0.07980
BAD root_position: -0.07982
BAD root_position: -0.07984
BAD root_position: -0.07986
BAD root_position: -0.07988
BAD root_position: -0.07989
BAD root_position: -0.07991
BAD root_position: -0.07993
BAD root_position: -0.07995
BAD root_position: -0.07996
BAD root_position: -0.07998
BAD root_position: -0.08000
BAD root_position: -0.08001
BAD root_position: -0.08002
BAD root_position: -0.08003
BAD root_position: -0.08004
BAD root_position: -0.08005
BAD root_position: -0.08006
BAD root_position: -0.08007
BAD root_position: -0.08014
BAD root_position: -0.08030
BAD root_position: -0.08053
BAD root_position: -0.08082
BAD root_position: -0.08116
BAD root_position: -0.08153
BAD root_position: -0.08193
BAD root_position: -0.08234
BAD root_position: -0.08274
BAD root_position: -0.08312
BAD root_position: -0.08348
BAD root_position: -0.08378
BAD root_position: -0.08403
BAD root_position: -0.08420
BAD root_position: -0.08429
BAD root_position: -0.08432
BAD root_position: -0.08434
BAD root_position: -0.08437
BAD root_position: -0.08439
BAD root_position: -0.08442
BAD root_position: -0.08444
BAD root_position: -0.08446
BAD root_position: -0.08448
BAD root_position: -0.08442
BAD root_position: -0.08427
BAD root_position: -0.08405
BAD root_position: -0.08377
BAD root_position: -0.08343
BAD root_position: -0.08306
BAD root_position: -0.08267
BAD root_position: -0.08228
BAD root_position: -0.08188
BAD root_position: -0.08151
BAD root_position: -0.08118
BAD root_position: -0.08089
BAD root_position: -0.08066
BAD root_position: -0.08051
BAD root_position: -0.08044
BAD root_position: -0.08042
BAD root_position: -0.08039
BAD root_position: -0.08037
BAD root_position: -0.08034
BAD root_position: -0.08031
BAD root_position: -0.08027
BAD root_position: -0.08024
BAD root_position: -0.08020
BAD root_position: -0.08016
BAD root_position: -0.08011
BAD root_position: -0.08007
BAD root_position: -0.08002
BAD root_position: -0.07998
BAD root_position: -0.07993
BAD root_position: -0.07988
BAD root_position: -0.07983
BAD root_position: -0.07979
BAD root_position: -0.07974
BAD root_position: -0.07969
BAD root_position: -0.07965
BAD root_position: -0.07960
BAD root_position: -0.07956
BAD root_position: -0.07952
BAD root_position: -0.07948
BAD root_position: -0.07945
BAD root_position: -0.07941
BAD root_position: -0.07938
BAD root_position: -0.07935
BAD root_position: -0.07933
BAD root_position: -0.07930
BAD root_position: -0.07930
BAD root_position: -0.07937
BAD root_position: -0.07952
BAD root_position: -0.07974
BAD root_position: -0.08001
BAD root_position: -0.08033
BAD root_position: -0.08067
BAD root_position: -0.08102
BAD root_position: -0.08139
BAD root_position: -0.08174
BAD root_position: -0.08207
BAD root_position: -0.08236
BAD root_position: -0.08261
BAD root_position: -0.08280
BAD root_position: -0.08292
BAD root_position: -0.08295
BAD root_position: -0.08297
BAD root_position: -0.08299
BAD root_position: -0.08301
BAD root_position: -0.08303
BAD root_position: -0.08305
recorded 500 frames
avg lin_vel_x 0.0101
avg lin_vel_y -0.0154
avg yaw 0.0
computed xvel: 0.014, mean xvel: 0.0101
computed yvel: -0.021, mean yvel: -0.0154
computed thetavel: 0.056, mean thetavel: 0.0
DONE, saving 99_0.014_-0.021_0.056.json
