<frozen importlib._bootstrap>:241: RuntimeWarning: to-Python converter for std::vector<Eigen::Matrix<double, 3, 1, 0, 3, 1>, std::allocator<Eigen::Matrix<double, 3, 1, 0, 3, 1> > > already registered; second conversion method ignored.
<frozen importlib._bootstrap>:241: RuntimeWarning: to-Python converter for boost::python::detail::container_element<std::vector<Eigen::Matrix<double, 3, 1, 0, 3, 1>, std::allocator<Eigen::Matrix<double, 3, 1, 0, 3, 1> > >, unsigned long, boost::python::detail::final_vector_derived_policies<std::vector<Eigen::Matrix<double, 3, 1, 0, 3, 1>, std::allocator<Eigen::Matrix<double, 3, 1, 0, 3, 1> > >, false> > already registered; second conversion method ignored.
<frozen importlib._bootstrap>:241: RuntimeWarning: to-Python converter for std::vector<int, std::allocator<int> > already registered; second conversion method ignored.
<frozen importlib._bootstrap>:241: RuntimeWarning: to-Python converter for std::vector<double, std::allocator<double> > already registered; second conversion method ignored.
<frozen importlib._bootstrap>:241: RuntimeWarning: to-Python converter for std::vector<std::__cxx11::basic_string<char, std::char_traits<char>, std::allocator<char> >, std::allocator<std::__cxx11::basic_string<char, std::char_traits<char>, std::allocator<char> > > > already registered; second conversion method ignored.
WARNING: Can't find trunk frames in the model, can't measure leg spacing
WARNING: Can't find head frames in the model, camera_look_at won't work
gait_parameters {'dx': -0.02, 'dy': 0.01, 'dtheta': -0.06, 'duration': 8, 'hardware': True, 'double_support_ratio': 0.8, 'startend_double_support_ratio': 1.5, 'planned_timesteps': 48, 'replan_timesteps': 10, 'walk_com_height': 0.48, 'walk_foot_height': 0.03, 'walk_trunk_pitch': -5.7, 'walk_foot_rise_ratio': 0.2, 'single_support_duration': 0.8, 'single_support_timesteps': 10, 'foot_length': 0.22, 'feet_spacing': 0.114, 'zmp_margin': 0.02, 'foot_zmp_target_x': 0.0, 'foot_zmp_target_y': 0.0, 'walk_max_dtheta': 1.0, 'walk_max_dy': 0.04, 'walk_max_dx_forward': 0.08, 'walk_max_dx_backward': 0.03, 'joints': ['leg_left_ankle_roll_joint', 'leg_left_ankle_pitch_joint', 'leg_left_knee_pitch_joint', 'leg_left_hip_pitch_joint', 'leg_left_hip_yaw_joint', 'leg_left_hip_roll_joint', 'leg_right_ankle_roll_joint', 'leg_right_ankle_pitch_joint', 'leg_right_knee_pitch_joint', 'leg_right_hip_pitch_joint', 'leg_right_hip_yaw_joint', 'leg_right_hip_roll_joint', 'left_wrist_attachment_joint', 'left_fore_arm_joint', 'left_upper_arm_joint', 'left_shoulder_joint', 'right_wrist_attachment_joint', 'right_fore_arm_joint', 'right_upper_arm_joint', 'right_shoulder_joint'], 'joint_angles': {'left_wrist_attachment_joint': 0, 'left_fore_arm_joint': 0, 'left_upper_arm_joint': 0, 'left_shoulder_joint': 0, 'right_wrist_attachment_joint': 0, 'right_fore_arm_joint': 0, 'right_upper_arm_joint': 0, 'right_shoulder_joint': 0}}
Placing the robot in the initial position...
Initial position reached
{'leg_left_ankle_roll_joint': -0.4790538881658199, 'leg_left_ankle_pitch_joint': -0.22201417626595557, 'leg_left_knee_pitch_joint': 0.3761976075151034, 'leg_left_hip_pitch_joint': -0.05417347096937984, 'leg_left_hip_yaw_joint': -0.020193918397085144, 'leg_left_hip_roll_joint': 0.017407748271374004, 'leg_right_ankle_roll_joint': 0.6158770016302526, 'leg_right_ankle_pitch_joint': -0.2628387331114523, 'leg_right_knee_pitch_joint': 0.4901626630636055, 'leg_right_hip_pitch_joint': -0.13181195391296197, 'leg_right_hip_yaw_joint': -0.10658605122492863, 'leg_right_hip_roll_joint': -0.05364612648081898, 'left_wrist_attachment_joint': -1.5863857188941542e-28, 'left_fore_arm_joint': 3.093963021962362e-13, 'left_upper_arm_joint': -4.530445837211342e-12, 'left_shoulder_joint': 2.340797656477031e-12, 'right_wrist_attachment_joint': -7.00313224987088e-27, 'right_fore_arm_joint': -0.047179836019656786, 'right_upper_arm_joint': 8.781446529256414e-12, 'right_shoulder_joint': 3.6033252093401384e-12}
## period: 2.88
BAD root_position: -0.05215
BAD root_position: -0.05215
BAD root_position: -0.05215
BAD root_position: -0.05215
BAD root_position: -0.05215
BAD root_position: -0.05215
BAD root_position: -0.05215
BAD root_position: -0.05215
BAD root_position: -0.05215
BAD root_position: -0.05215
BAD root_position: -0.05215
BAD root_position: -0.05215
BAD root_position: -0.05215
BAD root_position: -0.05215
BAD root_position: -0.05215
BAD root_position: -0.05215
BAD root_position: -0.05215
BAD root_position: -0.05215
BAD root_position: -0.05215
BAD root_position: -0.05215
BAD root_position: -0.05215
BAD root_position: -0.05215
BAD root_position: -0.05215
BAD root_position: -0.05215
BAD root_position: -0.05215
BAD root_position: -0.05215
BAD root_position: -0.05215
BAD root_position: -0.05215
BAD root_position: -0.05215
BAD root_position: -0.05215
BAD root_position: -0.05215
BAD root_position: -0.05215
BAD root_position: -0.05215
BAD root_position: -0.05215
BAD root_position: -0.05215
BAD root_position: -0.05215
BAD root_position: -0.05215
BAD root_position: -0.05215
BAD root_position: -0.05215
BAD root_position: -0.05215
BAD root_position: -0.05216
BAD root_position: -0.05216
BAD root_position: -0.05216
BAD root_position: -0.05216
BAD root_position: -0.05216
BAD root_position: -0.05216
BAD root_position: -0.05216
BAD root_position: -0.05216
BAD root_position: -0.05217
BAD root_position: -0.05217
BAD root_position: -0.05218
BAD root_position: -0.05218
BAD root_position: -0.05219
BAD root_position: -0.05219
BAD root_position: -0.05220
BAD root_position: -0.05222
BAD root_position: -0.05223
BAD root_position: -0.05224
BAD root_position: -0.05227
BAD root_position: -0.05235
BAD root_position: -0.05250
BAD root_position: -0.05269
BAD root_position: -0.05293
BAD root_position: -0.05320
BAD root_position: -0.05349
BAD root_position: -0.05380
BAD root_position: -0.05410
BAD root_position: -0.05440
BAD root_position: -0.05468
BAD root_position: -0.05492
BAD root_position: -0.05513
BAD root_position: -0.05528
BAD root_position: -0.05538
BAD root_position: -0.05540
BAD root_position: -0.05541
BAD root_position: -0.05541
BAD root_position: -0.05541
BAD root_position: -0.05541
BAD root_position: -0.05541
BAD root_position: -0.05541
BAD root_position: -0.05540
BAD root_position: -0.05538
BAD root_position: -0.05529
BAD root_position: -0.05514
BAD root_position: -0.05494
BAD root_position: -0.05470
BAD root_position: -0.05442
BAD root_position: -0.05412
BAD root_position: -0.05382
BAD root_position: -0.05352
BAD root_position: -0.05322
BAD root_position: -0.05295
BAD root_position: -0.05271
BAD root_position: -0.05251
BAD root_position: -0.05237
BAD root_position: -0.05228
BAD root_position: -0.05225
BAD root_position: -0.05224
BAD root_position: -0.05223
BAD root_position: -0.05221
BAD root_position: -0.05220
BAD root_position: -0.05219
BAD root_position: -0.05218
BAD root_position: -0.05217
BAD root_position: -0.05217
BAD root_position: -0.05216
BAD root_position: -0.05216
BAD root_position: -0.05215
BAD root_position: -0.05215
BAD root_position: -0.05215
BAD root_position: -0.05216
BAD root_position: -0.05216
BAD root_position: -0.05216
BAD root_position: -0.05217
BAD root_position: -0.05218
BAD root_position: -0.05219
BAD root_position: -0.05220
BAD root_position: -0.05221
BAD root_position: -0.05223
BAD root_position: -0.05224
BAD root_position: -0.05225
BAD root_position: -0.05227
BAD root_position: -0.05228
BAD root_position: -0.05230
BAD root_position: -0.05231
BAD root_position: -0.05233
BAD root_position: -0.05234
BAD root_position: -0.05238
BAD root_position: -0.05248
BAD root_position: -0.05263
BAD root_position: -0.05282
BAD root_position: -0.05305
BAD root_position: -0.05329
BAD root_position: -0.05356
BAD root_position: -0.05383
BAD root_position: -0.05409
BAD root_position: -0.05435
BAD root_position: -0.05459
BAD root_position: -0.05479
BAD root_position: -0.05495
BAD root_position: -0.05507
BAD root_position: -0.05512
BAD root_position: -0.05513
BAD root_position: -0.05513
BAD root_position: -0.05513
BAD root_position: -0.05512
BAD root_position: -0.05512
BAD root_position: -0.05512
BAD root_position: -0.05511
BAD root_position: -0.05511
BAD root_position: -0.05506
BAD root_position: -0.05495
BAD root_position: -0.05479
BAD root_position: -0.05459
BAD root_position: -0.05436
BAD root_position: -0.05410
BAD root_position: -0.05383
BAD root_position: -0.05356
BAD root_position: -0.05329
BAD root_position: -0.05304
BAD root_position: -0.05281
BAD root_position: -0.05261
BAD root_position: -0.05245
BAD root_position: -0.05234
BAD root_position: -0.05229
BAD root_position: -0.05227
BAD root_position: -0.05226
BAD root_position: -0.05224
BAD root_position: -0.05223
BAD root_position: -0.05221
BAD root_position: -0.05220
BAD root_position: -0.05219
BAD root_position: -0.05218
BAD root_position: -0.05217
BAD root_position: -0.05217
BAD root_position: -0.05216
BAD root_position: -0.05216
BAD root_position: -0.05215
BAD root_position: -0.05215
BAD root_position: -0.05215
BAD root_position: -0.05216
BAD root_position: -0.05216
BAD root_position: -0.05217
BAD root_position: -0.05217
BAD root_position: -0.05218
BAD root_position: -0.05219
BAD root_position: -0.05220
BAD root_position: -0.05221
BAD root_position: -0.05223
BAD root_position: -0.05224
BAD root_position: -0.05225
BAD root_position: -0.05227
BAD root_position: -0.05228
BAD root_position: -0.05229
BAD root_position: -0.05231
BAD root_position: -0.05232
BAD root_position: -0.05238
BAD root_position: -0.05249
BAD root_position: -0.05266
BAD root_position: -0.05286
BAD root_position: -0.05310
BAD root_position: -0.05336
BAD root_position: -0.05364
BAD root_position: -0.05392
BAD root_position: -0.05420
BAD root_position: -0.05447
BAD root_position: -0.05472
BAD root_position: -0.05494
BAD root_position: -0.05512
BAD root_position: -0.05525
BAD root_position: -0.05533
BAD root_position: -0.05534
BAD root_position: -0.05533
BAD root_position: -0.05532
BAD root_position: -0.05531
BAD root_position: -0.05530
BAD root_position: -0.05529
BAD root_position: -0.05528
BAD root_position: -0.05527
BAD root_position: -0.05526
BAD root_position: -0.05520
BAD root_position: -0.05508
BAD root_position: -0.05491
BAD root_position: -0.05471
BAD root_position: -0.05447
BAD root_position: -0.05420
BAD root_position: -0.05393
BAD root_position: -0.05365
BAD root_position: -0.05337
BAD root_position: -0.05311
BAD root_position: -0.05286
BAD root_position: -0.05265
BAD root_position: -0.05247
BAD root_position: -0.05233
BAD root_position: -0.05225
BAD root_position: -0.05222
BAD root_position: -0.05221
BAD root_position: -0.05221
BAD root_position: -0.05220
BAD root_position: -0.05219
BAD root_position: -0.05219
BAD root_position: -0.05219
BAD root_position: -0.05218
BAD root_position: -0.05218
BAD root_position: -0.05218
BAD root_position: -0.05218
BAD root_position: -0.05219
BAD root_position: -0.05219
BAD root_position: -0.05220
BAD root_position: -0.05221
BAD root_position: -0.05222
BAD root_position: -0.05223
BAD root_position: -0.05225
BAD root_position: -0.05226
BAD root_position: -0.05228
BAD root_position: -0.05230
BAD root_position: -0.05232
BAD root_position: -0.05234
BAD root_position: -0.05236
BAD root_position: -0.05238
BAD root_position: -0.05240
BAD root_position: -0.05243
BAD root_position: -0.05245
BAD root_position: -0.05247
BAD root_position: -0.05249
BAD root_position: -0.05252
BAD root_position: -0.05254
BAD root_position: -0.05256
BAD root_position: -0.05262
BAD root_position: -0.05273
BAD root_position: -0.05289
BAD root_position: -0.05309
BAD root_position: -0.05333
BAD root_position: -0.05358
BAD root_position: -0.05384
BAD root_position: -0.05411
BAD root_position: -0.05438
BAD root_position: -0.05463
BAD root_position: -0.05487
BAD root_position: -0.05507
BAD root_position: -0.05524
BAD root_position: -0.05536
BAD root_position: -0.05543
BAD root_position: -0.05543
BAD root_position: -0.05542
BAD root_position: -0.05540
BAD root_position: -0.05538
BAD root_position: -0.05536
BAD root_position: -0.05534
BAD root_position: -0.05532
BAD root_position: -0.05530
BAD root_position: -0.05527
BAD root_position: -0.05525
BAD root_position: -0.05513
BAD root_position: -0.05497
BAD root_position: -0.05477
BAD root_position: -0.05454
BAD root_position: -0.05429
BAD root_position: -0.05403
BAD root_position: -0.05376
BAD root_position: -0.05350
BAD root_position: -0.05325
BAD root_position: -0.05302
BAD root_position: -0.05281
BAD root_position: -0.05264
BAD root_position: -0.05251
BAD root_position: -0.05243
BAD root_position: -0.05240
BAD root_position: -0.05239
BAD root_position: -0.05238
BAD root_position: -0.05237
BAD root_position: -0.05236
BAD root_position: -0.05234
BAD root_position: -0.05233
BAD root_position: -0.05232
BAD root_position: -0.05230
BAD root_position: -0.05229
BAD root_position: -0.05228
BAD root_position: -0.05226
BAD root_position: -0.05225
BAD root_position: -0.05224
BAD root_position: -0.05223
BAD root_position: -0.05222
BAD root_position: -0.05221
BAD root_position: -0.05221
BAD root_position: -0.05220
BAD root_position: -0.05220
BAD root_position: -0.05220
BAD root_position: -0.05220
BAD root_position: -0.05220
BAD root_position: -0.05220
BAD root_position: -0.05221
BAD root_position: -0.05222
BAD root_position: -0.05222
BAD root_position: -0.05223
BAD root_position: -0.05224
BAD root_position: -0.05225
BAD root_position: -0.05227
BAD root_position: -0.05228
BAD root_position: -0.05229
BAD root_position: -0.05235
BAD root_position: -0.05246
BAD root_position: -0.05263
BAD root_position: -0.05283
BAD root_position: -0.05307
BAD root_position: -0.05333
BAD root_position: -0.05361
BAD root_position: -0.05390
BAD root_position: -0.05418
BAD root_position: -0.05445
BAD root_position: -0.05470
BAD root_position: -0.05492
BAD root_position: -0.05510
BAD root_position: -0.05524
BAD root_position: -0.05532
BAD root_position: -0.05533
BAD root_position: -0.05532
BAD root_position: -0.05532
BAD root_position: -0.05531
BAD root_position: -0.05530
BAD root_position: -0.05529
BAD root_position: -0.05527
BAD root_position: -0.05526
BAD root_position: -0.05525
BAD root_position: -0.05519
BAD root_position: -0.05507
BAD root_position: -0.05490
BAD root_position: -0.05469
BAD root_position: -0.05445
BAD root_position: -0.05419
BAD root_position: -0.05391
BAD root_position: -0.05363
BAD root_position: -0.05339
BAD root_position: -0.05313
BAD root_position: -0.05288
BAD root_position: -0.05267
BAD root_position: -0.05249
BAD root_position: -0.05236
BAD root_position: -0.05227
BAD root_position: -0.05224
BAD root_position: -0.05224
BAD root_position: -0.05223
BAD root_position: -0.05222
BAD root_position: -0.05221
BAD root_position: -0.05221
BAD root_position: -0.05220
BAD root_position: -0.05220
BAD root_position: -0.05219
BAD root_position: -0.05219
BAD root_position: -0.05219
BAD root_position: -0.05219
BAD root_position: -0.05220
BAD root_position: -0.05220
BAD root_position: -0.05221
BAD root_position: -0.05222
BAD root_position: -0.05223
BAD root_position: -0.05224
BAD root_position: -0.05226
BAD root_position: -0.05227
BAD root_position: -0.05229
BAD root_position: -0.05231
BAD root_position: -0.05233
BAD root_position: -0.05236
BAD root_position: -0.05238
BAD root_position: -0.05240
BAD root_position: -0.05243
BAD root_position: -0.05245
BAD root_position: -0.05248
BAD root_position: -0.05250
BAD root_position: -0.05252
BAD root_position: -0.05255
BAD root_position: -0.05261
BAD root_position: -0.05273
BAD root_position: -0.05291
BAD root_position: -0.05312
BAD root_position: -0.05337
BAD root_position: -0.05364
BAD root_position: -0.05392
BAD root_position: -0.05420
BAD root_position: -0.05448
BAD root_position: -0.05474
BAD root_position: -0.05497
BAD root_position: -0.05517
BAD root_position: -0.05532
BAD root_position: -0.05541
BAD root_position: -0.05544
BAD root_position: -0.05542
BAD root_position: -0.05541
BAD root_position: -0.05539
BAD root_position: -0.05537
BAD root_position: -0.05535
BAD root_position: -0.05533
BAD root_position: -0.05530
BAD root_position: -0.05528
BAD root_position: -0.05520
BAD root_position: -0.05506
BAD root_position: -0.05488
BAD root_position: -0.05465
BAD root_position: -0.05439
BAD root_position: -0.05412
BAD root_position: -0.05384
BAD root_position: -0.05355
BAD root_position: -0.05328
BAD root_position: -0.05302
BAD root_position: -0.05279
BAD root_position: -0.05259
BAD root_position: -0.05244
BAD root_position: -0.05234
BAD root_position: -0.05229
BAD root_position: -0.05228
BAD root_position: -0.05227
BAD root_position: -0.05225
BAD root_position: -0.05224
BAD root_position: -0.05223
BAD root_position: -0.05221
BAD root_position: -0.05220
BAD root_position: -0.05219
BAD root_position: -0.05219
BAD root_position: -0.05218
BAD root_position: -0.05218
BAD root_position: -0.05217
BAD root_position: -0.05217
BAD root_position: -0.05217
BAD root_position: -0.05217
BAD root_position: -0.05217
BAD root_position: -0.05218
BAD root_position: -0.05218
BAD root_position: -0.05219
BAD root_position: -0.05220
BAD root_position: -0.05221
BAD root_position: -0.05222
BAD root_position: -0.05223
BAD root_position: -0.05224
BAD root_position: -0.05226
BAD root_position: -0.05227
BAD root_position: -0.05228
BAD root_position: -0.05230
BAD root_position: -0.05231
BAD root_position: -0.05233
BAD root_position: -0.05235
BAD root_position: -0.05244
BAD root_position: -0.05258
BAD root_position: -0.05278
BAD root_position: -0.05302
BAD root_position: -0.05328
BAD root_position: -0.05357
BAD root_position: -0.05387
BAD root_position: -0.05417
BAD root_position: -0.05445
BAD root_position: -0.05472
BAD root_position: -0.05495
BAD root_position: -0.05514
BAD root_position: -0.05528
BAD root_position: -0.05536
BAD root_position: -0.05537
BAD root_position: -0.05536
BAD root_position: -0.05535
BAD root_position: -0.05534
BAD root_position: -0.05532
BAD root_position: -0.05531
recorded 500 frames
avg lin_vel_x -0.0096
avg lin_vel_y -0.0008
avg yaw -0.0
computed xvel: -0.014, mean xvel: -0.0096
computed yvel: 0.007, mean yvel: -0.0008
computed thetavel: -0.042, mean thetavel: -0.0
DONE, saving 61_-0.014_0.007_-0.042.json
