<frozen importlib._bootstrap>:241: RuntimeWarning: to-Python converter for std::vector<Eigen::Matrix<double, 3, 1, 0, 3, 1>, std::allocator<Eigen::Matrix<double, 3, 1, 0, 3, 1> > > already registered; second conversion method ignored.
<frozen importlib._bootstrap>:241: RuntimeWarning: to-Python converter for boost::python::detail::container_element<std::vector<Eigen::Matrix<double, 3, 1, 0, 3, 1>, std::allocator<Eigen::Matrix<double, 3, 1, 0, 3, 1> > >, unsigned long, boost::python::detail::final_vector_derived_policies<std::vector<Eigen::Matrix<double, 3, 1, 0, 3, 1>, std::allocator<Eigen::Matrix<double, 3, 1, 0, 3, 1> > >, false> > already registered; second conversion method ignored.
<frozen importlib._bootstrap>:241: RuntimeWarning: to-Python converter for std::vector<int, std::allocator<int> > already registered; second conversion method ignored.
<frozen importlib._bootstrap>:241: RuntimeWarning: to-Python converter for std::vector<double, std::allocator<double> > already registered; second conversion method ignored.
<frozen importlib._bootstrap>:241: RuntimeWarning: to-Python converter for std::vector<std::__cxx11::basic_string<char, std::char_traits<char>, std::allocator<char> >, std::allocator<std::__cxx11::basic_string<char, std::char_traits<char>, std::allocator<char> > > > already registered; second conversion method ignored.
WARNING: Can't find trunk frames in the model, can't measure leg spacing
WARNING: Can't find head frames in the model, camera_look_at won't work
gait_parameters {'dx': 0.0, 'dy': -0.01, 'dtheta': -0.2, 'duration': 8, 'hardware': True, 'double_support_ratio': 0.25, 'startend_double_support_ratio': 1.5, 'planned_timesteps': 48, 'replan_timesteps': 10, 'walk_com_height': 0.445, 'walk_foot_height': 0.03, 'walk_trunk_pitch': -5.7, 'walk_foot_rise_ratio': 0.3, 'single_support_duration': 0.45, 'single_support_timesteps': 10, 'foot_length': 0.22, 'feet_spacing': 0.114, 'zmp_margin': 0.02, 'foot_zmp_target_x': 0.0, 'foot_zmp_target_y': 0.0, 'walk_max_dtheta': 1.0, 'walk_max_dy': 0.04, 'walk_max_dx_forward': 0.1, 'walk_max_dx_backward': 0.03, 'joints': ['leg_left_ankle_roll_joint', 'leg_left_ankle_pitch_joint', 'leg_left_knee_pitch_joint', 'leg_left_hip_pitch_joint', 'leg_left_hip_yaw_joint', 'leg_left_hip_roll_joint', 'leg_right_ankle_roll_joint', 'leg_right_ankle_pitch_joint', 'leg_right_knee_pitch_joint', 'leg_right_hip_pitch_joint', 'leg_right_hip_yaw_joint', 'leg_right_hip_roll_joint', 'left_wrist_attachment_joint', 'left_fore_arm_joint', 'left_upper_arm_joint', 'left_shoulder_joint', 'right_wrist_attachment_joint', 'right_fore_arm_joint', 'right_upper_arm_joint', 'right_shoulder_joint'], 'joint_angles': {'left_wrist_attachment_joint': 30, 'left_fore_arm_joint': 0, 'left_upper_arm_joint': 0, 'left_shoulder_joint': 0, 'right_wrist_attachment_joint': -30, 'right_fore_arm_joint': 0, 'right_upper_arm_joint': 0, 'right_shoulder_joint': 0}}
Placing the robot in the initial position...
Initial position reached
{'leg_left_ankle_roll_joint': 0.022041938661214813, 'leg_left_ankle_pitch_joint': -0.5099578630547484, 'leg_left_knee_pitch_joint': 0.9589692305223372, 'leg_left_hip_pitch_joint': -0.3502352813881588, 'leg_left_hip_yaw_joint': -0.05851780678742218, 'leg_left_hip_roll_joint': -0.013985667950263094, 'leg_right_ankle_roll_joint': 0.022751721185314506, 'leg_right_ankle_pitch_joint': -0.5361769380645729, 'leg_right_knee_pitch_joint': 1.0440527429630473, 'leg_right_hip_pitch_joint': -0.4091209225262528, 'leg_right_hip_yaw_joint': -0.05906862102564031, 'leg_right_hip_roll_joint': -0.01444187409243544, 'left_wrist_attachment_joint': 0.5235987755982988, 'left_fore_arm_joint': 3.9703662821553806e-24, 'left_upper_arm_joint': -5.438255330198605e-24, 'left_shoulder_joint': -8.577633699049375e-24, 'right_wrist_attachment_joint': -0.5235987755982988, 'right_fore_arm_joint': -5.155796417006627e-24, 'right_upper_arm_joint': 6.744786435849596e-24, 'right_shoulder_joint': 7.855247600041591e-24}
## period: 1.17
You can open the visualizer by visiting the following URL:
http://127.0.0.1:7003/static/
Viewer URL: http://127.0.0.1:7003/static/
BAD root_position: -0.07782
BAD root_position: -0.07782
BAD root_position: -0.07782
BAD root_position: -0.07782
BAD root_position: -0.07782
BAD root_position: -0.07782
BAD root_position: -0.07782
BAD root_position: -0.07782
BAD root_position: -0.07782
BAD root_position: -0.07782
BAD root_position: -0.07782
BAD root_position: -0.07782
BAD root_position: -0.07782
BAD root_position: -0.07782
BAD root_position: -0.07782
BAD root_position: -0.07782
BAD root_position: -0.07782
BAD root_position: -0.07782
BAD root_position: -0.07782
BAD root_position: -0.07782
BAD root_position: -0.07782
BAD root_position: -0.07782
BAD root_position: -0.07782
BAD root_position: -0.07782
BAD root_position: -0.07782
BAD root_position: -0.07782
BAD root_position: -0.07782
BAD root_position: -0.07782
BAD root_position: -0.07781
BAD root_position: -0.07781
BAD root_position: -0.07781
BAD root_position: -0.07781
BAD root_position: -0.07782
BAD root_position: -0.07806
BAD root_position: -0.07855
BAD root_position: -0.07920
BAD root_position: -0.07992
BAD root_position: -0.08061
BAD root_position: -0.08118
BAD root_position: -0.08153
BAD root_position: -0.08160
BAD root_position: -0.08160
BAD root_position: -0.08160
BAD root_position: -0.08160
BAD root_position: -0.08160
BAD root_position: -0.08160
BAD root_position: -0.08160
BAD root_position: -0.08154
BAD root_position: -0.08117
BAD root_position: -0.08056
BAD root_position: -0.07983
BAD root_position: -0.07908
BAD root_position: -0.07843
BAD root_position: -0.07797
BAD root_position: -0.07782
BAD root_position: -0.07782
BAD root_position: -0.07782
BAD root_position: -0.07782
BAD root_position: -0.07782
BAD root_position: -0.07782
BAD root_position: -0.07782
BAD root_position: -0.07790
BAD root_position: -0.07829
BAD root_position: -0.07890
BAD root_position: -0.07964
BAD root_position: -0.08038
BAD root_position: -0.08103
BAD root_position: -0.08147
BAD root_position: -0.08160
BAD root_position: -0.08160
BAD root_position: -0.08160
BAD root_position: -0.08160
BAD root_position: -0.08161
BAD root_position: -0.08161
BAD root_position: -0.08161
BAD root_position: -0.08151
BAD root_position: -0.08109
BAD root_position: -0.08046
BAD root_position: -0.07972
BAD root_position: -0.07898
BAD root_position: -0.07835
BAD root_position: -0.07793
BAD root_position: -0.07782
BAD root_position: -0.07782
BAD root_position: -0.07782
BAD root_position: -0.07782
BAD root_position: -0.07782
BAD root_position: -0.07782
BAD root_position: -0.07781
BAD root_position: -0.07793
BAD root_position: -0.07836
BAD root_position: -0.07900
BAD root_position: -0.07974
BAD root_position: -0.08048
BAD root_position: -0.08111
BAD root_position: -0.08151
BAD root_position: -0.08160
BAD root_position: -0.08160
BAD root_position: -0.08160
BAD root_position: -0.08160
BAD root_position: -0.08161
BAD root_position: -0.08161
BAD root_position: -0.08161
BAD root_position: -0.08147
BAD root_position: -0.08102
BAD root_position: -0.08037
BAD root_position: -0.07962
BAD root_position: -0.07889
BAD root_position: -0.07828
BAD root_position: -0.07790
BAD root_position: -0.07782
BAD root_position: -0.07782
BAD root_position: -0.07782
BAD root_position: -0.07782
BAD root_position: -0.07782
BAD root_position: -0.07782
BAD root_position: -0.07782
BAD root_position: -0.07798
BAD root_position: -0.07845
BAD root_position: -0.07911
BAD root_position: -0.07986
BAD root_position: -0.08058
BAD root_position: -0.08118
BAD root_position: -0.08154
BAD root_position: -0.08160
BAD root_position: -0.08160
BAD root_position: -0.08160
BAD root_position: -0.08160
BAD root_position: -0.08160
BAD root_position: -0.08160
BAD root_position: -0.08160
BAD root_position: -0.08141
BAD root_position: -0.08092
BAD root_position: -0.08025
BAD root_position: -0.07950
BAD root_position: -0.07878
BAD root_position: -0.07819
BAD root_position: -0.07786
BAD root_position: -0.07781
BAD root_position: -0.07782
BAD root_position: -0.07782
BAD root_position: -0.07782
BAD root_position: -0.07782
BAD root_position: -0.07782
BAD root_position: -0.07782
BAD root_position: -0.07803
BAD root_position: -0.07854
BAD root_position: -0.07922
BAD root_position: -0.07997
BAD root_position: -0.08069
BAD root_position: -0.08126
BAD root_position: -0.08158
BAD root_position: -0.08161
BAD root_position: -0.08161
BAD root_position: -0.08162
BAD root_position: -0.08162
BAD root_position: -0.08162
BAD root_position: -0.08162
BAD root_position: -0.08162
BAD root_position: -0.08138
BAD root_position: -0.08086
BAD root_position: -0.08017
BAD root_position: -0.07941
BAD root_position: -0.07870
BAD root_position: -0.07815
BAD root_position: -0.07785
BAD root_position: -0.07783
BAD root_position: -0.07783
BAD root_position: -0.07782
BAD root_position: -0.07782
BAD root_position: -0.07782
BAD root_position: -0.07781
BAD root_position: -0.07782
BAD root_position: -0.07808
BAD root_position: -0.07861
BAD root_position: -0.07931
BAD root_position: -0.08006
BAD root_position: -0.08076
BAD root_position: -0.08130
BAD root_position: -0.08158
BAD root_position: -0.08159
BAD root_position: -0.08159
BAD root_position: -0.08158
BAD root_position: -0.08159
BAD root_position: -0.08159
BAD root_position: -0.08159
BAD root_position: -0.08157
BAD root_position: -0.08128
BAD root_position: -0.08073
BAD root_position: -0.08003
BAD root_position: -0.07928
BAD root_position: -0.07858
BAD root_position: -0.07808
BAD root_position: -0.07782
BAD root_position: -0.07781
BAD root_position: -0.07781
BAD root_position: -0.07782
BAD root_position: -0.07782
BAD root_position: -0.07782
BAD root_position: -0.07782
BAD root_position: -0.07782
BAD root_position: -0.07797
BAD root_position: -0.07840
BAD root_position: -0.07902
BAD root_position: -0.07973
BAD root_position: -0.08044
BAD root_position: -0.08105
BAD root_position: -0.08148
BAD root_position: -0.08163
BAD root_position: -0.08163
BAD root_position: -0.08163
BAD root_position: -0.08163
BAD root_position: -0.08163
BAD root_position: -0.08163
BAD root_position: -0.08163
BAD root_position: -0.08161
BAD root_position: -0.08135
BAD root_position: -0.08084
BAD root_position: -0.08018
BAD root_position: -0.07946
BAD root_position: -0.07877
BAD root_position: -0.07822
BAD root_position: -0.07788
BAD root_position: -0.07783
BAD root_position: -0.07783
BAD root_position: -0.07782
BAD root_position: -0.07782
BAD root_position: -0.07781
BAD root_position: -0.07781
BAD root_position: -0.07780
BAD root_position: -0.07788
BAD root_position: -0.07825
BAD root_position: -0.07882
BAD root_position: -0.07951
BAD root_position: -0.08022
BAD root_position: -0.08087
BAD root_position: -0.08135
BAD root_position: -0.08157
BAD root_position: -0.08157
BAD root_position: -0.08157
BAD root_position: -0.08157
BAD root_position: -0.08157
BAD root_position: -0.08157
BAD root_position: -0.08157
BAD root_position: -0.08157
BAD root_position: -0.08138
BAD root_position: -0.08093
BAD root_position: -0.08030
BAD root_position: -0.07959
BAD root_position: -0.07889
BAD root_position: -0.07830
BAD root_position: -0.07791
BAD root_position: -0.07780
BAD root_position: -0.07781
BAD root_position: -0.07781
BAD root_position: -0.07782
BAD root_position: -0.07782
BAD root_position: -0.07783
BAD root_position: -0.07783
BAD root_position: -0.07786
BAD root_position: -0.07817
BAD root_position: -0.07870
BAD root_position: -0.07938
BAD root_position: -0.08010
BAD root_position: -0.08077
BAD root_position: -0.08131
BAD root_position: -0.08160
BAD root_position: -0.08164
BAD root_position: -0.08164
BAD root_position: -0.08164
BAD root_position: -0.08164
BAD root_position: -0.08164
BAD root_position: -0.08164
BAD root_position: -0.08164
BAD root_position: -0.08153
BAD root_position: -0.08113
BAD root_position: -0.08053
BAD root_position: -0.07982
BAD root_position: -0.07911
BAD root_position: -0.07848
BAD root_position: -0.07802
BAD root_position: -0.07783
BAD root_position: -0.07783
BAD root_position: -0.07782
BAD root_position: -0.07782
BAD root_position: -0.07781
BAD root_position: -0.07781
BAD root_position: -0.07780
BAD root_position: -0.07780
BAD root_position: -0.07802
BAD root_position: -0.07850
BAD root_position: -0.07914
BAD root_position: -0.07986
BAD root_position: -0.08055
BAD root_position: -0.08112
BAD root_position: -0.08148
BAD root_position: -0.08156
BAD root_position: -0.08156
BAD root_position: -0.08156
BAD root_position: -0.08156
BAD root_position: -0.08156
BAD root_position: -0.08156
BAD root_position: -0.08156
BAD root_position: -0.08150
BAD root_position: -0.08117
BAD root_position: -0.08062
BAD root_position: -0.07994
BAD root_position: -0.07922
BAD root_position: -0.07857
BAD root_position: -0.07807
BAD root_position: -0.07781
BAD root_position: -0.07780
BAD root_position: -0.07781
BAD root_position: -0.07782
BAD root_position: -0.07782
BAD root_position: -0.07783
BAD root_position: -0.07783
BAD root_position: -0.07784
BAD root_position: -0.07799
BAD root_position: -0.07842
BAD root_position: -0.07904
BAD root_position: -0.07975
BAD root_position: -0.08046
BAD root_position: -0.08107
BAD root_position: -0.08150
BAD root_position: -0.08165
BAD root_position: -0.08165
BAD root_position: -0.08165
BAD root_position: -0.08165
BAD root_position: -0.08165
BAD root_position: -0.08165
BAD root_position: -0.08165
BAD root_position: -0.08164
BAD root_position: -0.08137
BAD root_position: -0.08086
BAD root_position: -0.08019
BAD root_position: -0.07947
BAD root_position: -0.07878
BAD root_position: -0.07823
BAD root_position: -0.07789
BAD root_position: -0.07783
BAD root_position: -0.07783
BAD root_position: -0.07782
BAD root_position: -0.07781
BAD root_position: -0.07781
BAD root_position: -0.07780
BAD root_position: -0.07779
BAD root_position: -0.07787
BAD root_position: -0.07823
BAD root_position: -0.07880
BAD root_position: -0.07949
BAD root_position: -0.08020
BAD root_position: -0.08084
BAD root_position: -0.08132
BAD root_position: -0.08154
BAD root_position: -0.08154
BAD root_position: -0.08154
BAD root_position: -0.08154
BAD root_position: -0.08154
BAD root_position: -0.08154
BAD root_position: -0.08154
BAD root_position: -0.08155
BAD root_position: -0.08136
BAD root_position: -0.08091
BAD root_position: -0.08028
BAD root_position: -0.07957
BAD root_position: -0.07888
BAD root_position: -0.07829
BAD root_position: -0.07790
BAD root_position: -0.07780
BAD root_position: -0.07780
BAD root_position: -0.07781
BAD root_position: -0.07782
BAD root_position: -0.07783
BAD root_position: -0.07783
BAD root_position: -0.07784
BAD root_position: -0.07788
BAD root_position: -0.07818
BAD root_position: -0.07872
BAD root_position: -0.07939
BAD root_position: -0.08012
BAD root_position: -0.08079
BAD root_position: -0.08133
BAD root_position: -0.08163
BAD root_position: -0.08166
BAD root_position: -0.08166
BAD root_position: -0.08166
BAD root_position: -0.08167
BAD root_position: -0.08167
BAD root_position: -0.08167
BAD root_position: -0.08167
BAD root_position: -0.08155
BAD root_position: -0.08112
BAD root_position: -0.08048
BAD root_position: -0.07973
BAD root_position: -0.07899
BAD root_position: -0.07835
BAD root_position: -0.07794
BAD root_position: -0.07784
BAD root_position: -0.07783
BAD root_position: -0.07782
BAD root_position: -0.07781
BAD root_position: -0.07780
BAD root_position: -0.07779
BAD root_position: -0.07778
BAD root_position: -0.07791
BAD root_position: -0.07834
BAD root_position: -0.07899
BAD root_position: -0.07973
BAD root_position: -0.08046
BAD root_position: -0.08107
BAD root_position: -0.08145
BAD root_position: -0.08153
BAD root_position: -0.08153
BAD root_position: -0.08153
BAD root_position: -0.08153
BAD root_position: -0.08153
BAD root_position: -0.08153
BAD root_position: -0.08153
BAD root_position: -0.08138
BAD root_position: -0.08092
BAD root_position: -0.08027
BAD root_position: -0.07952
BAD root_position: -0.07880
BAD root_position: -0.07821
BAD root_position: -0.07785
BAD root_position: -0.07780
BAD root_position: -0.07781
BAD root_position: -0.07782
BAD root_position: -0.07783
BAD root_position: -0.07783
BAD root_position: -0.07784
BAD root_position: -0.07785
BAD root_position: -0.07803
BAD root_position: -0.07852
BAD root_position: -0.07919
BAD root_position: -0.07995
BAD root_position: -0.08068
BAD root_position: -0.08127
BAD root_position: -0.08162
BAD root_position: -0.08168
BAD root_position: -0.08168
BAD root_position: -0.08168
BAD root_position: -0.08168
BAD root_position: -0.08168
BAD root_position: -0.08168
BAD root_position: -0.08168
BAD root_position: -0.08147
BAD root_position: -0.08096
BAD root_position: -0.08028
BAD root_position: -0.07952
BAD root_position: -0.07880
BAD root_position: -0.07822
BAD root_position: -0.07788
BAD root_position: -0.07784
BAD root_position: -0.07783
BAD root_position: -0.07782
BAD root_position: -0.07781
BAD root_position: -0.07780
BAD root_position: -0.07779
BAD root_position: -0.07778
BAD root_position: -0.07800
BAD root_position: -0.07851
BAD root_position: -0.07919
BAD root_position: -0.07993
BAD root_position: -0.08064
BAD root_position: -0.08120
BAD root_position: -0.08150
BAD root_position: -0.08152
BAD root_position: -0.08152
BAD root_position: -0.08152
BAD root_position: -0.08152
BAD root_position: -0.08152
BAD root_position: -0.08152
BAD root_position: -0.08152
BAD root_position: -0.08127
BAD root_position: -0.08074
BAD root_position: -0.08005
BAD root_position: -0.07931
BAD root_position: -0.07861
BAD root_position: -0.07807
BAD root_position: -0.07780
BAD root_position: -0.07780
BAD root_position: -0.07781
BAD root_position: -0.07782
BAD root_position: -0.07783
BAD root_position: -0.07784
BAD root_position: -0.07785
BAD root_position: -0.07787
BAD root_position: -0.07816
BAD root_position: -0.07871
BAD root_position: -0.07941
BAD root_position: -0.08017
BAD root_position: -0.08088
BAD root_position: -0.08141
BAD root_position: -0.08168
BAD root_position: -0.08169
BAD root_position: -0.08169
BAD root_position: -0.08169
BAD root_position: -0.08169
recorded 500 frames
avg lin_vel_x -0.001
avg lin_vel_y -0.015
avg yaw -0.0
computed xvel: 0.0, mean xvel: -0.001
computed yvel: -0.017, mean yvel: -0.015
computed thetavel: -0.342, mean thetavel: -0.0
DONE, saving 10_0.0_-0.017_-0.342.json
