<frozen importlib._bootstrap>:241: RuntimeWarning: to-Python converter for std::vector<Eigen::Matrix<double, 3, 1, 0, 3, 1>, std::allocator<Eigen::Matrix<double, 3, 1, 0, 3, 1> > > already registered; second conversion method ignored.
<frozen importlib._bootstrap>:241: RuntimeWarning: to-Python converter for boost::python::detail::container_element<std::vector<Eigen::Matrix<double, 3, 1, 0, 3, 1>, std::allocator<Eigen::Matrix<double, 3, 1, 0, 3, 1> > >, unsigned long, boost::python::detail::final_vector_derived_policies<std::vector<Eigen::Matrix<double, 3, 1, 0, 3, 1>, std::allocator<Eigen::Matrix<double, 3, 1, 0, 3, 1> > >, false> > already registered; second conversion method ignored.
<frozen importlib._bootstrap>:241: RuntimeWarning: to-Python converter for std::vector<int, std::allocator<int> > already registered; second conversion method ignored.
<frozen importlib._bootstrap>:241: RuntimeWarning: to-Python converter for std::vector<double, std::allocator<double> > already registered; second conversion method ignored.
<frozen importlib._bootstrap>:241: RuntimeWarning: to-Python converter for std::vector<std::__cxx11::basic_string<char, std::char_traits<char>, std::allocator<char> >, std::allocator<std::__cxx11::basic_string<char, std::char_traits<char>, std::allocator<char> > > > already registered; second conversion method ignored.
WARNING: Can't find trunk frames in the model, can't measure leg spacing
WARNING: Can't find head frames in the model, camera_look_at won't work
gait_parameters {'dx': -0.04, 'dy': -0.01, 'dtheta': 0.01, 'duration': 8, 'hardware': True, 'double_support_ratio': 0.25, 'startend_double_support_ratio': 1.5, 'planned_timesteps': 48, 'replan_timesteps': 10, 'walk_com_height': 0.445, 'walk_foot_height': 0.03, 'walk_trunk_pitch': -5.7, 'walk_foot_rise_ratio': 0.3, 'single_support_duration': 0.45, 'single_support_timesteps': 10, 'foot_length': 0.22, 'feet_spacing': 0.114, 'zmp_margin': 0.02, 'foot_zmp_target_x': 0.0, 'foot_zmp_target_y': 0.0, 'walk_max_dtheta': 1.0, 'walk_max_dy': 0.04, 'walk_max_dx_forward': 0.1, 'walk_max_dx_backward': 0.03, 'joints': ['leg_left_ankle_roll_joint', 'leg_left_ankle_pitch_joint', 'leg_left_knee_pitch_joint', 'leg_left_hip_pitch_joint', 'leg_left_hip_yaw_joint', 'leg_left_hip_roll_joint', 'leg_right_ankle_roll_joint', 'leg_right_ankle_pitch_joint', 'leg_right_knee_pitch_joint', 'leg_right_hip_pitch_joint', 'leg_right_hip_yaw_joint', 'leg_right_hip_roll_joint', 'left_wrist_attachment_joint', 'left_fore_arm_joint', 'left_upper_arm_joint', 'left_shoulder_joint', 'right_wrist_attachment_joint', 'right_fore_arm_joint', 'right_upper_arm_joint', 'right_shoulder_joint'], 'joint_angles': {'left_wrist_attachment_joint': 30, 'left_fore_arm_joint': 0, 'left_upper_arm_joint': 0, 'left_shoulder_joint': 0, 'right_wrist_attachment_joint': -30, 'right_fore_arm_joint': 0, 'right_upper_arm_joint': 0, 'right_shoulder_joint': 0}}
Placing the robot in the initial position...
Initial position reached
{'leg_left_ankle_roll_joint': 0.022270391092823593, 'leg_left_ankle_pitch_joint': -0.5067316236416962, 'leg_left_knee_pitch_joint': 0.9523044049792747, 'leg_left_hip_pitch_joint': -0.3468051922429884, 'leg_left_hip_yaw_joint': -0.05869449070602497, 'leg_left_hip_roll_joint': -0.01413073933883817, 'leg_right_ankle_roll_joint': 0.022983084911221384, 'leg_right_ankle_pitch_joint': -0.5332886321543217, 'leg_right_knee_pitch_joint': 1.0380258298243799, 'leg_right_hip_pitch_joint': -0.40599100207926714, 'leg_right_hip_yaw_joint': -0.05924755262204065, 'leg_right_hip_roll_joint': -0.0145888037545485, 'left_wrist_attachment_joint': 0.5235987755982988, 'left_fore_arm_joint': -1.5627640288777644e-24, 'left_upper_arm_joint': 1.660596621669571e-24, 'left_shoulder_joint': 3.2848703770307525e-24, 'right_wrist_attachment_joint': -0.5235987755982988, 'right_fore_arm_joint': 1.968528437543412e-24, 'right_upper_arm_joint': -2.074431168798543e-24, 'right_shoulder_joint': -3.0999674555334443e-24}
## period: 1.17
You can open the visualizer by visiting the following URL:
http://127.0.0.1:7001/static/
Viewer URL: http://127.0.0.1:7001/static/
BAD root_position: -0.07736
BAD root_position: -0.07736
BAD root_position: -0.07736
BAD root_position: -0.07736
BAD root_position: -0.07736
BAD root_position: -0.07736
BAD root_position: -0.07736
BAD root_position: -0.07736
BAD root_position: -0.07736
BAD root_position: -0.07736
BAD root_position: -0.07736
BAD root_position: -0.07736
BAD root_position: -0.07736
BAD root_position: -0.07736
BAD root_position: -0.07736
BAD root_position: -0.07736
BAD root_position: -0.07736
BAD root_position: -0.07736
BAD root_position: -0.07736
BAD root_position: -0.07736
BAD root_position: -0.07736
BAD root_position: -0.07736
BAD root_position: -0.07736
BAD root_position: -0.07736
BAD root_position: -0.07736
BAD root_position: -0.07736
BAD root_position: -0.07736
BAD root_position: -0.07736
BAD root_position: -0.07736
BAD root_position: -0.07735
BAD root_position: -0.07735
BAD root_position: -0.07735
BAD root_position: -0.07736
BAD root_position: -0.07760
BAD root_position: -0.07810
BAD root_position: -0.07875
BAD root_position: -0.07946
BAD root_position: -0.08015
BAD root_position: -0.08072
BAD root_position: -0.08108
BAD root_position: -0.08115
BAD root_position: -0.08115
BAD root_position: -0.08115
BAD root_position: -0.08115
BAD root_position: -0.08115
BAD root_position: -0.08115
BAD root_position: -0.08116
BAD root_position: -0.08109
BAD root_position: -0.08072
BAD root_position: -0.08012
BAD root_position: -0.07939
BAD root_position: -0.07864
BAD root_position: -0.07798
BAD root_position: -0.07753
BAD root_position: -0.07738
BAD root_position: -0.07738
BAD root_position: -0.07739
BAD root_position: -0.07739
BAD root_position: -0.07740
BAD root_position: -0.07740
BAD root_position: -0.07741
BAD root_position: -0.07750
BAD root_position: -0.07789
BAD root_position: -0.07850
BAD root_position: -0.07922
BAD root_position: -0.07993
BAD root_position: -0.08055
BAD root_position: -0.08094
BAD root_position: -0.08103
BAD root_position: -0.08098
BAD root_position: -0.08093
BAD root_position: -0.08089
BAD root_position: -0.08084
BAD root_position: -0.08081
BAD root_position: -0.08077
BAD root_position: -0.08065
BAD root_position: -0.08024
BAD root_position: -0.07963
BAD root_position: -0.07893
BAD root_position: -0.07825
BAD root_position: -0.07767
BAD root_position: -0.07732
BAD root_position: -0.07726
BAD root_position: -0.07732
BAD root_position: -0.07738
BAD root_position: -0.07744
BAD root_position: -0.07750
BAD root_position: -0.07756
BAD root_position: -0.07761
BAD root_position: -0.07778
BAD root_position: -0.07826
BAD root_position: -0.07896
BAD root_position: -0.07975
BAD root_position: -0.08052
BAD root_position: -0.08116
BAD root_position: -0.08156
BAD root_position: -0.08161
BAD root_position: -0.08157
BAD root_position: -0.08152
BAD root_position: -0.08146
BAD root_position: -0.08141
BAD root_position: -0.08135
BAD root_position: -0.08130
BAD root_position: -0.08111
BAD root_position: -0.08061
BAD root_position: -0.07991
BAD root_position: -0.07914
BAD root_position: -0.07839
BAD root_position: -0.07777
BAD root_position: -0.07740
BAD root_position: -0.07733
BAD root_position: -0.07735
BAD root_position: -0.07736
BAD root_position: -0.07737
BAD root_position: -0.07739
BAD root_position: -0.07740
BAD root_position: -0.07741
BAD root_position: -0.07758
BAD root_position: -0.07805
BAD root_position: -0.07871
BAD root_position: -0.07944
BAD root_position: -0.08014
BAD root_position: -0.08070
BAD root_position: -0.08102
BAD root_position: -0.08104
BAD root_position: -0.08099
BAD root_position: -0.08094
BAD root_position: -0.08089
BAD root_position: -0.08085
BAD root_position: -0.08081
BAD root_position: -0.08078
BAD root_position: -0.08057
BAD root_position: -0.08009
BAD root_position: -0.07945
BAD root_position: -0.07874
BAD root_position: -0.07807
BAD root_position: -0.07755
BAD root_position: -0.07727
BAD root_position: -0.07728
BAD root_position: -0.07734
BAD root_position: -0.07740
BAD root_position: -0.07746
BAD root_position: -0.07751
BAD root_position: -0.07757
BAD root_position: -0.07762
BAD root_position: -0.07788
BAD root_position: -0.07844
BAD root_position: -0.07917
BAD root_position: -0.07997
BAD root_position: -0.08071
BAD root_position: -0.08129
BAD root_position: -0.08159
BAD root_position: -0.08159
BAD root_position: -0.08154
BAD root_position: -0.08149
BAD root_position: -0.08143
BAD root_position: -0.08138
BAD root_position: -0.08133
BAD root_position: -0.08127
BAD root_position: -0.08098
BAD root_position: -0.08042
BAD root_position: -0.07969
BAD root_position: -0.07891
BAD root_position: -0.07819
BAD root_position: -0.07764
BAD root_position: -0.07735
BAD root_position: -0.07734
BAD root_position: -0.07736
BAD root_position: -0.07738
BAD root_position: -0.07739
BAD root_position: -0.07741
BAD root_position: -0.07742
BAD root_position: -0.07744
BAD root_position: -0.07771
BAD root_position: -0.07824
BAD root_position: -0.07893
BAD root_position: -0.07967
BAD root_position: -0.08034
BAD root_position: -0.08085
BAD root_position: -0.08108
BAD root_position: -0.08104
BAD root_position: -0.08100
BAD root_position: -0.08095
BAD root_position: -0.08090
BAD root_position: -0.08086
BAD root_position: -0.08082
BAD root_position: -0.08078
BAD root_position: -0.08048
BAD root_position: -0.07994
BAD root_position: -0.07926
BAD root_position: -0.07855
BAD root_position: -0.07792
BAD root_position: -0.07747
BAD root_position: -0.07726
BAD root_position: -0.07730
BAD root_position: -0.07735
BAD root_position: -0.07741
BAD root_position: -0.07746
BAD root_position: -0.07751
BAD root_position: -0.07756
BAD root_position: -0.07760
BAD root_position: -0.07780
BAD root_position: -0.07828
BAD root_position: -0.07894
BAD root_position: -0.07969
BAD root_position: -0.08043
BAD root_position: -0.08106
BAD root_position: -0.08148
BAD root_position: -0.08159
BAD root_position: -0.08155
BAD root_position: -0.08150
BAD root_position: -0.08145
BAD root_position: -0.08140
BAD root_position: -0.08135
BAD root_position: -0.08130
BAD root_position: -0.08124
BAD root_position: -0.08092
BAD root_position: -0.08037
BAD root_position: -0.07968
BAD root_position: -0.07894
BAD root_position: -0.07825
BAD root_position: -0.07769
BAD root_position: -0.07737
BAD root_position: -0.07733
BAD root_position: -0.07735
BAD root_position: -0.07736
BAD root_position: -0.07738
BAD root_position: -0.07739
BAD root_position: -0.07741
BAD root_position: -0.07742
BAD root_position: -0.07752
BAD root_position: -0.07789
BAD root_position: -0.07847
BAD root_position: -0.07915
BAD root_position: -0.07985
BAD root_position: -0.08046
BAD root_position: -0.08091
BAD root_position: -0.08109
BAD root_position: -0.08105
BAD root_position: -0.08101
BAD root_position: -0.08096
BAD root_position: -0.08092
BAD root_position: -0.08088
BAD root_position: -0.08084
BAD root_position: -0.08081
BAD root_position: -0.08060
BAD root_position: -0.08015
BAD root_position: -0.07954
BAD root_position: -0.07886
BAD root_position: -0.07821
BAD root_position: -0.07768
BAD root_position: -0.07734
BAD root_position: -0.07728
BAD root_position: -0.07733
BAD root_position: -0.07738
BAD root_position: -0.07743
BAD root_position: -0.07748
BAD root_position: -0.07753
BAD root_position: -0.07757
BAD root_position: -0.07765
BAD root_position: -0.07800
BAD root_position: -0.07858
BAD root_position: -0.07930
BAD root_position: -0.08005
BAD root_position: -0.08075
BAD root_position: -0.08128
BAD root_position: -0.08156
BAD root_position: -0.08156
BAD root_position: -0.08151
BAD root_position: -0.08146
BAD root_position: -0.08141
BAD root_position: -0.08136
BAD root_position: -0.08131
BAD root_position: -0.08126
BAD root_position: -0.08110
BAD root_position: -0.08065
BAD root_position: -0.08002
BAD root_position: -0.07929
BAD root_position: -0.07857
BAD root_position: -0.07794
BAD root_position: -0.07749
BAD root_position: -0.07732
BAD root_position: -0.07733
BAD root_position: -0.07735
BAD root_position: -0.07737
BAD root_position: -0.07739
BAD root_position: -0.07740
BAD root_position: -0.07742
BAD root_position: -0.07744
BAD root_position: -0.07768
BAD root_position: -0.07817
BAD root_position: -0.07881
BAD root_position: -0.07951
BAD root_position: -0.08018
BAD root_position: -0.08073
BAD root_position: -0.08105
BAD root_position: -0.08109
BAD root_position: -0.08105
BAD root_position: -0.08100
BAD root_position: -0.08096
BAD root_position: -0.08091
BAD root_position: -0.08087
BAD root_position: -0.08084
BAD root_position: -0.08076
BAD root_position: -0.08041
BAD root_position: -0.07987
BAD root_position: -0.07921
BAD root_position: -0.07854
BAD root_position: -0.07793
BAD root_position: -0.07748
BAD root_position: -0.07727
BAD root_position: -0.07731
BAD root_position: -0.07736
BAD root_position: -0.07741
BAD root_position: -0.07746
BAD root_position: -0.07750
BAD root_position: -0.07755
BAD root_position: -0.07759
BAD root_position: -0.07778
BAD root_position: -0.07826
BAD root_position: -0.07892
BAD root_position: -0.07966
BAD root_position: -0.08040
BAD root_position: -0.08103
BAD root_position: -0.08145
BAD root_position: -0.08156
BAD root_position: -0.08152
BAD root_position: -0.08147
BAD root_position: -0.08142
BAD root_position: -0.08137
BAD root_position: -0.08132
BAD root_position: -0.08128
BAD root_position: -0.08121
BAD root_position: -0.08090
BAD root_position: -0.08035
BAD root_position: -0.07966
BAD root_position: -0.07892
BAD root_position: -0.07823
BAD root_position: -0.07768
BAD root_position: -0.07736
BAD root_position: -0.07733
BAD root_position: -0.07735
BAD root_position: -0.07737
BAD root_position: -0.07739
BAD root_position: -0.07740
BAD root_position: -0.07742
BAD root_position: -0.07744
BAD root_position: -0.07753
BAD root_position: -0.07791
BAD root_position: -0.07849
BAD root_position: -0.07917
BAD root_position: -0.07987
BAD root_position: -0.08049
BAD root_position: -0.08094
BAD root_position: -0.08112
BAD root_position: -0.08109
BAD root_position: -0.08104
BAD root_position: -0.08100
BAD root_position: -0.08095
BAD root_position: -0.08091
BAD root_position: -0.08087
BAD root_position: -0.08084
BAD root_position: -0.08063
BAD root_position: -0.08018
BAD root_position: -0.07957
BAD root_position: -0.07889
BAD root_position: -0.07823
BAD root_position: -0.07769
BAD root_position: -0.07735
BAD root_position: -0.07729
BAD root_position: -0.07733
BAD root_position: -0.07738
BAD root_position: -0.07743
BAD root_position: -0.07748
BAD root_position: -0.07752
BAD root_position: -0.07756
BAD root_position: -0.07763
BAD root_position: -0.07798
BAD root_position: -0.07856
BAD root_position: -0.07927
BAD root_position: -0.08003
BAD root_position: -0.08072
BAD root_position: -0.08125
BAD root_position: -0.08153
BAD root_position: -0.08153
BAD root_position: -0.08148
BAD root_position: -0.08143
BAD root_position: -0.08138
BAD root_position: -0.08133
BAD root_position: -0.08128
BAD root_position: -0.08124
BAD root_position: -0.08108
BAD root_position: -0.08061
BAD root_position: -0.07993
BAD root_position: -0.07917
BAD root_position: -0.07842
BAD root_position: -0.07779
BAD root_position: -0.07740
BAD root_position: -0.07732
BAD root_position: -0.07734
BAD root_position: -0.07736
BAD root_position: -0.07739
BAD root_position: -0.07741
BAD root_position: -0.07743
BAD root_position: -0.07745
BAD root_position: -0.07760
BAD root_position: -0.07805
BAD root_position: -0.07870
BAD root_position: -0.07943
BAD root_position: -0.08015
BAD root_position: -0.08073
BAD root_position: -0.08108
BAD root_position: -0.08112
BAD root_position: -0.08107
BAD root_position: -0.08103
BAD root_position: -0.08098
BAD root_position: -0.08094
BAD root_position: -0.08090
BAD root_position: -0.08086
BAD root_position: -0.08068
BAD root_position: -0.08022
BAD root_position: -0.07958
BAD root_position: -0.07886
BAD root_position: -0.07818
BAD root_position: -0.07763
BAD root_position: -0.07732
BAD root_position: -0.07730
BAD root_position: -0.07735
BAD root_position: -0.07740
BAD root_position: -0.07745
BAD root_position: -0.07749
BAD root_position: -0.07754
BAD root_position: -0.07758
BAD root_position: -0.07780
BAD root_position: -0.07833
BAD root_position: -0.07904
BAD root_position: -0.07983
BAD root_position: -0.08058
BAD root_position: -0.08117
BAD root_position: -0.08150
BAD root_position: -0.08151
BAD root_position: -0.08147
BAD root_position: -0.08142
BAD root_position: -0.08137
BAD root_position: -0.08131
BAD root_position: -0.08126
BAD root_position: -0.08121
BAD root_position: -0.08096
BAD root_position: -0.08042
BAD root_position: -0.07971
BAD root_position: -0.07894
BAD root_position: -0.07822
BAD root_position: -0.07765
BAD root_position: -0.07734
BAD root_position: -0.07733
BAD root_position: -0.07735
BAD root_position: -0.07738
BAD root_position: -0.07740
BAD root_position: -0.07743
BAD root_position: -0.07745
BAD root_position: -0.07747
BAD root_position: -0.07772
BAD root_position: -0.07824
BAD root_position: -0.07892
BAD root_position: -0.07966
BAD root_position: -0.08035
BAD root_position: -0.08088
BAD root_position: -0.08115
BAD root_position: -0.08113
BAD root_position: -0.08108
BAD root_position: -0.08103
BAD root_position: -0.08099
BAD root_position: -0.08095
BAD root_position: -0.08091
BAD root_position: -0.08086
BAD root_position: -0.08059
BAD root_position: -0.08007
BAD root_position: -0.07939
BAD root_position: -0.07868
BAD root_position: -0.07802
BAD root_position: -0.07753
BAD root_position: -0.07729
BAD root_position: -0.07732
BAD root_position: -0.07737
BAD root_position: -0.07742
BAD root_position: -0.07746
BAD root_position: -0.07750
BAD root_position: -0.07754
BAD root_position: -0.07760
BAD root_position: -0.07792
BAD root_position: -0.07851
BAD root_position: -0.07925
BAD root_position: -0.08004
BAD root_position: -0.08075
BAD root_position: -0.08129
BAD root_position: -0.08152
BAD root_position: -0.08149
BAD root_position: -0.08144
BAD root_position: -0.08139
BAD root_position: -0.08134
recorded 500 frames
avg lin_vel_x -0.0272
avg lin_vel_y -0.0233
avg yaw 0.0
computed xvel: -0.068, mean xvel: -0.0272
computed yvel: -0.017, mean yvel: -0.0233
computed thetavel: 0.017, mean thetavel: 0.0
DONE, saving 104_-0.068_-0.017_0.017.json
