<frozen importlib._bootstrap>:241: RuntimeWarning: to-Python converter for std::vector<Eigen::Matrix<double, 3, 1, 0, 3, 1>, std::allocator<Eigen::Matrix<double, 3, 1, 0, 3, 1> > > already registered; second conversion method ignored.
<frozen importlib._bootstrap>:241: RuntimeWarning: to-Python converter for boost::python::detail::container_element<std::vector<Eigen::Matrix<double, 3, 1, 0, 3, 1>, std::allocator<Eigen::Matrix<double, 3, 1, 0, 3, 1> > >, unsigned long, boost::python::detail::final_vector_derived_policies<std::vector<Eigen::Matrix<double, 3, 1, 0, 3, 1>, std::allocator<Eigen::Matrix<double, 3, 1, 0, 3, 1> > >, false> > already registered; second conversion method ignored.
<frozen importlib._bootstrap>:241: RuntimeWarning: to-Python converter for std::vector<int, std::allocator<int> > already registered; second conversion method ignored.
<frozen importlib._bootstrap>:241: RuntimeWarning: to-Python converter for std::vector<double, std::allocator<double> > already registered; second conversion method ignored.
<frozen importlib._bootstrap>:241: RuntimeWarning: to-Python converter for std::vector<std::__cxx11::basic_string<char, std::char_traits<char>, std::allocator<char> >, std::allocator<std::__cxx11::basic_string<char, std::char_traits<char>, std::allocator<char> > > > already registered; second conversion method ignored.
WARNING: Can't find trunk frames in the model, can't measure leg spacing
WARNING: Can't find head frames in the model, camera_look_at won't work
gait_parameters {'dx': 0.04, 'dy': -0.01, 'dtheta': 0.01, 'duration': 8, 'hardware': True, 'double_support_ratio': 0.25, 'startend_double_support_ratio': 1.5, 'planned_timesteps': 48, 'replan_timesteps': 10, 'walk_com_height': 0.445, 'walk_foot_height': 0.03, 'walk_trunk_pitch': -5.7, 'walk_foot_rise_ratio': 0.3, 'single_support_duration': 0.45, 'single_support_timesteps': 10, 'foot_length': 0.22, 'feet_spacing': 0.114, 'zmp_margin': 0.02, 'foot_zmp_target_x': 0.0, 'foot_zmp_target_y': 0.0, 'walk_max_dtheta': 1.0, 'walk_max_dy': 0.04, 'walk_max_dx_forward': 0.1, 'walk_max_dx_backward': 0.03, 'joints': ['leg_left_ankle_roll_joint', 'leg_left_ankle_pitch_joint', 'leg_left_knee_pitch_joint', 'leg_left_hip_pitch_joint', 'leg_left_hip_yaw_joint', 'leg_left_hip_roll_joint', 'leg_right_ankle_roll_joint', 'leg_right_ankle_pitch_joint', 'leg_right_knee_pitch_joint', 'leg_right_hip_pitch_joint', 'leg_right_hip_yaw_joint', 'leg_right_hip_roll_joint', 'left_wrist_attachment_joint', 'left_fore_arm_joint', 'left_upper_arm_joint', 'left_shoulder_joint', 'right_wrist_attachment_joint', 'right_fore_arm_joint', 'right_upper_arm_joint', 'right_shoulder_joint'], 'joint_angles': {'left_wrist_attachment_joint': 30, 'left_fore_arm_joint': 0, 'left_upper_arm_joint': 0, 'left_shoulder_joint': 0, 'right_wrist_attachment_joint': -30, 'right_fore_arm_joint': 0, 'right_upper_arm_joint': 0, 'right_shoulder_joint': 0}}
Placing the robot in the initial position...
Initial position reached
{'leg_left_ankle_roll_joint': 0.02193782460126521, 'leg_left_ankle_pitch_joint': -0.506065045816295, 'leg_left_knee_pitch_joint': 0.9509546653141076, 'leg_left_hip_pitch_joint': -0.3461096695803622, 'leg_left_hip_yaw_joint': -0.05843728510892413, 'leg_left_hip_roll_joint': -0.01391955465294756, 'leg_right_ankle_roll_joint': 0.022644771364046423, 'leg_right_ankle_pitch_joint': -0.5325791299258417, 'leg_right_knee_pitch_joint': 1.0365776043833574, 'leg_right_hip_pitch_joint': -0.405239585479699, 'leg_right_hip_yaw_joint': -0.05898590796548554, 'leg_right_hip_roll_joint': -0.014373955676241362, 'left_wrist_attachment_joint': 0.5235987755982988, 'left_fore_arm_joint': -7.156597249687e-24, 'left_upper_arm_joint': 9.740873940700631e-24, 'left_shoulder_joint': 1.4431496455758733e-23, 'right_wrist_attachment_joint': -0.5235987755982988, 'right_fore_arm_joint': 8.680834870086892e-24, 'right_upper_arm_joint': -1.1478326391148288e-23, 'right_shoulder_joint': -1.4243170188135402e-23}
## period: 1.17
You can open the visualizer by visiting the following URL:
http://127.0.0.1:7004/static/
Viewer URL: http://127.0.0.1:7004/static/
BAD root_position: -0.07725
BAD root_position: -0.07725
BAD root_position: -0.07725
BAD root_position: -0.07725
BAD root_position: -0.07725
BAD root_position: -0.07725
BAD root_position: -0.07725
BAD root_position: -0.07725
BAD root_position: -0.07725
BAD root_position: -0.07725
BAD root_position: -0.07725
BAD root_position: -0.07725
BAD root_position: -0.07725
BAD root_position: -0.07725
BAD root_position: -0.07725
BAD root_position: -0.07725
BAD root_position: -0.07725
BAD root_position: -0.07725
BAD root_position: -0.07725
BAD root_position: -0.07725
BAD root_position: -0.07725
BAD root_position: -0.07725
BAD root_position: -0.07725
BAD root_position: -0.07725
BAD root_position: -0.07724
BAD root_position: -0.07724
BAD root_position: -0.07724
BAD root_position: -0.07724
BAD root_position: -0.07724
BAD root_position: -0.07724
BAD root_position: -0.07724
BAD root_position: -0.07724
BAD root_position: -0.07724
BAD root_position: -0.07749
BAD root_position: -0.07798
BAD root_position: -0.07863
BAD root_position: -0.07935
BAD root_position: -0.08004
BAD root_position: -0.08061
BAD root_position: -0.08096
BAD root_position: -0.08103
BAD root_position: -0.08103
BAD root_position: -0.08102
BAD root_position: -0.08102
BAD root_position: -0.08102
BAD root_position: -0.08102
BAD root_position: -0.08102
BAD root_position: -0.08096
BAD root_position: -0.08058
BAD root_position: -0.07998
BAD root_position: -0.07925
BAD root_position: -0.07850
BAD root_position: -0.07784
BAD root_position: -0.07738
BAD root_position: -0.07722
BAD root_position: -0.07722
BAD root_position: -0.07722
BAD root_position: -0.07721
BAD root_position: -0.07720
BAD root_position: -0.07719
BAD root_position: -0.07717
BAD root_position: -0.07725
BAD root_position: -0.07764
BAD root_position: -0.07826
BAD root_position: -0.07902
BAD root_position: -0.07981
BAD root_position: -0.08050
BAD root_position: -0.08101
BAD root_position: -0.08120
BAD root_position: -0.08126
BAD root_position: -0.08133
BAD root_position: -0.08139
BAD root_position: -0.08145
BAD root_position: -0.08151
BAD root_position: -0.08156
BAD root_position: -0.08149
BAD root_position: -0.08108
BAD root_position: -0.08042
BAD root_position: -0.07963
BAD root_position: -0.07882
BAD root_position: -0.07810
BAD root_position: -0.07761
BAD root_position: -0.07742
BAD root_position: -0.07735
BAD root_position: -0.07727
BAD root_position: -0.07719
BAD root_position: -0.07711
BAD root_position: -0.07704
BAD root_position: -0.07697
BAD root_position: -0.07703
BAD root_position: -0.07738
BAD root_position: -0.07795
BAD root_position: -0.07863
BAD root_position: -0.07932
BAD root_position: -0.07992
BAD root_position: -0.08033
BAD root_position: -0.08045
BAD root_position: -0.08051
BAD root_position: -0.08056
BAD root_position: -0.08063
BAD root_position: -0.08069
BAD root_position: -0.08076
BAD root_position: -0.08083
BAD root_position: -0.08075
BAD root_position: -0.08036
BAD root_position: -0.07976
BAD root_position: -0.07905
BAD root_position: -0.07834
BAD root_position: -0.07774
BAD root_position: -0.07735
BAD root_position: -0.07727
BAD root_position: -0.07726
BAD root_position: -0.07724
BAD root_position: -0.07723
BAD root_position: -0.07722
BAD root_position: -0.07720
BAD root_position: -0.07719
BAD root_position: -0.07734
BAD root_position: -0.07781
BAD root_position: -0.07848
BAD root_position: -0.07926
BAD root_position: -0.08003
BAD root_position: -0.08068
BAD root_position: -0.08111
BAD root_position: -0.08123
BAD root_position: -0.08130
BAD root_position: -0.08136
BAD root_position: -0.08143
BAD root_position: -0.08149
BAD root_position: -0.08154
BAD root_position: -0.08159
BAD root_position: -0.08143
BAD root_position: -0.08093
BAD root_position: -0.08022
BAD root_position: -0.07941
BAD root_position: -0.07862
BAD root_position: -0.07795
BAD root_position: -0.07753
BAD root_position: -0.07741
BAD root_position: -0.07733
BAD root_position: -0.07725
BAD root_position: -0.07717
BAD root_position: -0.07709
BAD root_position: -0.07701
BAD root_position: -0.07694
BAD root_position: -0.07709
BAD root_position: -0.07751
BAD root_position: -0.07812
BAD root_position: -0.07881
BAD root_position: -0.07948
BAD root_position: -0.08004
BAD root_position: -0.08037
BAD root_position: -0.08045
BAD root_position: -0.08050
BAD root_position: -0.08056
BAD root_position: -0.08062
BAD root_position: -0.08069
BAD root_position: -0.08076
BAD root_position: -0.08082
BAD root_position: -0.08065
BAD root_position: -0.08019
BAD root_position: -0.07955
BAD root_position: -0.07883
BAD root_position: -0.07813
BAD root_position: -0.07758
BAD root_position: -0.07728
BAD root_position: -0.07725
BAD root_position: -0.07724
BAD root_position: -0.07722
BAD root_position: -0.07721
BAD root_position: -0.07720
BAD root_position: -0.07719
BAD root_position: -0.07719
BAD root_position: -0.07745
BAD root_position: -0.07799
BAD root_position: -0.07870
BAD root_position: -0.07949
BAD root_position: -0.08024
BAD root_position: -0.08084
BAD root_position: -0.08118
BAD root_position: -0.08126
BAD root_position: -0.08133
BAD root_position: -0.08140
BAD root_position: -0.08146
BAD root_position: -0.08152
BAD root_position: -0.08157
BAD root_position: -0.08160
BAD root_position: -0.08133
BAD root_position: -0.08076
BAD root_position: -0.08001
BAD root_position: -0.07919
BAD root_position: -0.07842
BAD root_position: -0.07783
BAD root_position: -0.07749
BAD root_position: -0.07740
BAD root_position: -0.07732
BAD root_position: -0.07724
BAD root_position: -0.07716
BAD root_position: -0.07708
BAD root_position: -0.07701
BAD root_position: -0.07694
BAD root_position: -0.07702
BAD root_position: -0.07737
BAD root_position: -0.07792
BAD root_position: -0.07856
BAD root_position: -0.07922
BAD root_position: -0.07980
BAD root_position: -0.08023
BAD root_position: -0.08040
BAD root_position: -0.08045
BAD root_position: -0.08050
BAD root_position: -0.08056
BAD root_position: -0.08062
BAD root_position: -0.08069
BAD root_position: -0.08075
BAD root_position: -0.08080
BAD root_position: -0.08060
BAD root_position: -0.08015
BAD root_position: -0.07953
BAD root_position: -0.07885
BAD root_position: -0.07819
BAD root_position: -0.07765
BAD root_position: -0.07732
BAD root_position: -0.07726
BAD root_position: -0.07726
BAD root_position: -0.07725
BAD root_position: -0.07724
BAD root_position: -0.07723
BAD root_position: -0.07722
BAD root_position: -0.07721
BAD root_position: -0.07728
BAD root_position: -0.07765
BAD root_position: -0.07824
BAD root_position: -0.07895
BAD root_position: -0.07971
BAD root_position: -0.08040
BAD root_position: -0.08094
BAD root_position: -0.08123
BAD root_position: -0.08130
BAD root_position: -0.08136
BAD root_position: -0.08142
BAD root_position: -0.08148
BAD root_position: -0.08154
BAD root_position: -0.08159
BAD root_position: -0.08164
BAD root_position: -0.08147
BAD root_position: -0.08100
BAD root_position: -0.08033
BAD root_position: -0.07956
BAD root_position: -0.07879
BAD root_position: -0.07811
BAD root_position: -0.07763
BAD root_position: -0.07744
BAD root_position: -0.07737
BAD root_position: -0.07729
BAD root_position: -0.07721
BAD root_position: -0.07713
BAD root_position: -0.07705
BAD root_position: -0.07697
BAD root_position: -0.07694
BAD root_position: -0.07717
BAD root_position: -0.07762
BAD root_position: -0.07822
BAD root_position: -0.07888
BAD root_position: -0.07951
BAD root_position: -0.08003
BAD root_position: -0.08034
BAD root_position: -0.08041
BAD root_position: -0.08046
BAD root_position: -0.08052
BAD root_position: -0.08058
BAD root_position: -0.08064
BAD root_position: -0.08071
BAD root_position: -0.08079
BAD root_position: -0.08074
BAD root_position: -0.08040
BAD root_position: -0.07986
BAD root_position: -0.07920
BAD root_position: -0.07851
BAD root_position: -0.07790
BAD root_position: -0.07746
BAD root_position: -0.07727
BAD root_position: -0.07726
BAD root_position: -0.07726
BAD root_position: -0.07725
BAD root_position: -0.07725
BAD root_position: -0.07724
BAD root_position: -0.07723
BAD root_position: -0.07723
BAD root_position: -0.07745
BAD root_position: -0.07794
BAD root_position: -0.07860
BAD root_position: -0.07935
BAD root_position: -0.08009
BAD root_position: -0.08072
BAD root_position: -0.08114
BAD root_position: -0.08129
BAD root_position: -0.08135
BAD root_position: -0.08141
BAD root_position: -0.08148
BAD root_position: -0.08154
BAD root_position: -0.08159
BAD root_position: -0.08164
BAD root_position: -0.08162
BAD root_position: -0.08128
BAD root_position: -0.08070
BAD root_position: -0.07997
BAD root_position: -0.07918
BAD root_position: -0.07844
BAD root_position: -0.07785
BAD root_position: -0.07751
BAD root_position: -0.07741
BAD root_position: -0.07733
BAD root_position: -0.07724
BAD root_position: -0.07716
BAD root_position: -0.07707
BAD root_position: -0.07700
BAD root_position: -0.07692
BAD root_position: -0.07700
BAD root_position: -0.07735
BAD root_position: -0.07789
BAD root_position: -0.07853
BAD root_position: -0.07918
BAD root_position: -0.07976
BAD root_position: -0.08019
BAD root_position: -0.08036
BAD root_position: -0.08041
BAD root_position: -0.08046
BAD root_position: -0.08052
BAD root_position: -0.08058
BAD root_position: -0.08065
BAD root_position: -0.08072
BAD root_position: -0.08077
BAD root_position: -0.08057
BAD root_position: -0.08012
BAD root_position: -0.07951
BAD root_position: -0.07883
BAD root_position: -0.07817
BAD root_position: -0.07764
BAD root_position: -0.07731
BAD root_position: -0.07726
BAD root_position: -0.07725
BAD root_position: -0.07725
BAD root_position: -0.07725
BAD root_position: -0.07724
BAD root_position: -0.07724
BAD root_position: -0.07723
BAD root_position: -0.07731
BAD root_position: -0.07768
BAD root_position: -0.07827
BAD root_position: -0.07899
BAD root_position: -0.07974
BAD root_position: -0.08044
BAD root_position: -0.08098
BAD root_position: -0.08127
BAD root_position: -0.08134
BAD root_position: -0.08140
BAD root_position: -0.08147
BAD root_position: -0.08153
BAD root_position: -0.08159
BAD root_position: -0.08164
BAD root_position: -0.08168
BAD root_position: -0.08151
BAD root_position: -0.08103
BAD root_position: -0.08036
BAD root_position: -0.07959
BAD root_position: -0.07881
BAD root_position: -0.07814
BAD root_position: -0.07766
BAD root_position: -0.07746
BAD root_position: -0.07738
BAD root_position: -0.07729
BAD root_position: -0.07721
BAD root_position: -0.07712
BAD root_position: -0.07704
BAD root_position: -0.07696
BAD root_position: -0.07692
BAD root_position: -0.07714
BAD root_position: -0.07759
BAD root_position: -0.07819
BAD root_position: -0.07885
BAD root_position: -0.07947
BAD root_position: -0.07999
BAD root_position: -0.08030
BAD root_position: -0.08037
BAD root_position: -0.08043
BAD root_position: -0.08048
BAD root_position: -0.08054
BAD root_position: -0.08061
BAD root_position: -0.08068
BAD root_position: -0.08074
BAD root_position: -0.08070
BAD root_position: -0.08034
BAD root_position: -0.07976
BAD root_position: -0.07907
BAD root_position: -0.07836
BAD root_position: -0.07776
BAD root_position: -0.07736
BAD root_position: -0.07726
BAD root_position: -0.07726
BAD root_position: -0.07726
BAD root_position: -0.07726
BAD root_position: -0.07726
BAD root_position: -0.07725
BAD root_position: -0.07725
BAD root_position: -0.07738
BAD root_position: -0.07783
BAD root_position: -0.07850
BAD root_position: -0.07927
BAD root_position: -0.08006
BAD root_position: -0.08073
BAD root_position: -0.08119
BAD root_position: -0.08134
BAD root_position: -0.08140
BAD root_position: -0.08147
BAD root_position: -0.08154
BAD root_position: -0.08160
BAD root_position: -0.08165
BAD root_position: -0.08170
BAD root_position: -0.08156
BAD root_position: -0.08109
BAD root_position: -0.08039
BAD root_position: -0.07957
BAD root_position: -0.07876
BAD root_position: -0.07806
BAD root_position: -0.07760
BAD root_position: -0.07744
BAD root_position: -0.07735
BAD root_position: -0.07726
BAD root_position: -0.07716
BAD root_position: -0.07707
BAD root_position: -0.07698
BAD root_position: -0.07690
BAD root_position: -0.07700
BAD root_position: -0.07740
BAD root_position: -0.07798
BAD root_position: -0.07866
BAD root_position: -0.07933
BAD root_position: -0.07990
BAD root_position: -0.08025
BAD root_position: -0.08034
BAD root_position: -0.08039
BAD root_position: -0.08045
BAD root_position: -0.08052
BAD root_position: -0.08059
BAD root_position: -0.08066
BAD root_position: -0.08073
BAD root_position: -0.08060
BAD root_position: -0.08017
BAD root_position: -0.07955
BAD root_position: -0.07884
BAD root_position: -0.07815
BAD root_position: -0.07759
BAD root_position: -0.07727
BAD root_position: -0.07723
BAD root_position: -0.07723
BAD root_position: -0.07723
BAD root_position: -0.07723
BAD root_position: -0.07724
BAD root_position: -0.07724
BAD root_position: -0.07724
BAD root_position: -0.07747
BAD root_position: -0.07800
BAD root_position: -0.07871
BAD root_position: -0.07950
BAD root_position: -0.08027
BAD root_position: -0.08090
BAD root_position: -0.08127
BAD root_position: -0.08137
BAD root_position: -0.08143
BAD root_position: -0.08150
BAD root_position: -0.08157
BAD root_position: -0.08162
BAD root_position: -0.08167
BAD root_position: -0.08171
BAD root_position: -0.08146
BAD root_position: -0.08091
BAD root_position: -0.08016
BAD root_position: -0.07934
BAD root_position: -0.07854
BAD root_position: -0.07790
BAD root_position: -0.07752
BAD root_position: -0.07741
BAD root_position: -0.07732
BAD root_position: -0.07722
BAD root_position: -0.07712
BAD root_position: -0.07703
BAD root_position: -0.07694
BAD root_position: -0.07688
BAD root_position: -0.07707
BAD root_position: -0.07753
BAD root_position: -0.07815
BAD root_position: -0.07884
BAD root_position: -0.07949
BAD root_position: -0.08001
BAD root_position: -0.08028
BAD root_position: -0.08034
BAD root_position: -0.08039
BAD root_position: -0.08045
BAD root_position: -0.08052
recorded 500 frames
avg lin_vel_x 0.0396
avg lin_vel_y -0.0199
avg yaw 0.0
computed xvel: 0.068, mean xvel: 0.0396
computed yvel: -0.017, mean yvel: -0.0199
computed thetavel: 0.017, mean thetavel: 0.0
DONE, saving 108_0.068_-0.017_0.017.json
