<frozen importlib._bootstrap>:241: RuntimeWarning: to-Python converter for std::vector<Eigen::Matrix<double, 3, 1, 0, 3, 1>, std::allocator<Eigen::Matrix<double, 3, 1, 0, 3, 1> > > already registered; second conversion method ignored.
<frozen importlib._bootstrap>:241: RuntimeWarning: to-Python converter for boost::python::detail::container_element<std::vector<Eigen::Matrix<double, 3, 1, 0, 3, 1>, std::allocator<Eigen::Matrix<double, 3, 1, 0, 3, 1> > >, unsigned long, boost::python::detail::final_vector_derived_policies<std::vector<Eigen::Matrix<double, 3, 1, 0, 3, 1>, std::allocator<Eigen::Matrix<double, 3, 1, 0, 3, 1> > >, false> > already registered; second conversion method ignored.
<frozen importlib._bootstrap>:241: RuntimeWarning: to-Python converter for std::vector<int, std::allocator<int> > already registered; second conversion method ignored.
<frozen importlib._bootstrap>:241: RuntimeWarning: to-Python converter for std::vector<double, std::allocator<double> > already registered; second conversion method ignored.
<frozen importlib._bootstrap>:241: RuntimeWarning: to-Python converter for std::vector<std::__cxx11::basic_string<char, std::char_traits<char>, std::allocator<char> >, std::allocator<std::__cxx11::basic_string<char, std::char_traits<char>, std::allocator<char> > > > already registered; second conversion method ignored.
WARNING: Can't find trunk frames in the model, can't measure leg spacing
WARNING: Can't find head frames in the model, camera_look_at won't work
gait_parameters {'dx': -0.04, 'dy': 0.01, 'dtheta': 0.01, 'duration': 8, 'hardware': True, 'double_support_ratio': 0.25, 'startend_double_support_ratio': 1.5, 'planned_timesteps': 48, 'replan_timesteps': 10, 'walk_com_height': 0.445, 'walk_foot_height': 0.03, 'walk_trunk_pitch': -5.7, 'walk_foot_rise_ratio': 0.3, 'single_support_duration': 0.45, 'single_support_timesteps': 10, 'foot_length': 0.22, 'feet_spacing': 0.114, 'zmp_margin': 0.02, 'foot_zmp_target_x': 0.0, 'foot_zmp_target_y': 0.0, 'walk_max_dtheta': 1.0, 'walk_max_dy': 0.04, 'walk_max_dx_forward': 0.1, 'walk_max_dx_backward': 0.03, 'joints': ['leg_left_ankle_roll_joint', 'leg_left_ankle_pitch_joint', 'leg_left_knee_pitch_joint', 'leg_left_hip_pitch_joint', 'leg_left_hip_yaw_joint', 'leg_left_hip_roll_joint', 'leg_right_ankle_roll_joint', 'leg_right_ankle_pitch_joint', 'leg_right_knee_pitch_joint', 'leg_right_hip_pitch_joint', 'leg_right_hip_yaw_joint', 'leg_right_hip_roll_joint', 'left_wrist_attachment_joint', 'left_fore_arm_joint', 'left_upper_arm_joint', 'left_shoulder_joint', 'right_wrist_attachment_joint', 'right_fore_arm_joint', 'right_upper_arm_joint', 'right_shoulder_joint'], 'joint_angles': {'left_wrist_attachment_joint': 30, 'left_fore_arm_joint': 0, 'left_upper_arm_joint': 0, 'left_shoulder_joint': 0, 'right_wrist_attachment_joint': -30, 'right_fore_arm_joint': 0, 'right_upper_arm_joint': 0, 'right_shoulder_joint': 0}}
Placing the robot in the initial position...
Initial position reached
{'leg_left_ankle_roll_joint': 0.022201187496400054, 'leg_left_ankle_pitch_joint': -0.5056159431673505, 'leg_left_knee_pitch_joint': 0.9500096783546088, 'leg_left_hip_pitch_joint': -0.3456235694366158, 'leg_left_hip_yaw_joint': -0.05864096913557692, 'leg_left_hip_roll_joint': -0.014086793497161347, 'leg_right_ankle_roll_joint': 0.022912409042238326, 'leg_right_ankle_pitch_joint': -0.532246488511684, 'leg_right_knee_pitch_joint': 1.0358633078451926, 'leg_right_hip_pitch_joint': -0.4048679673433097, 'leg_right_hip_yaw_joint': -0.059192893600883936, 'leg_right_hip_roll_joint': -0.014543920063488284, 'left_wrist_attachment_joint': 0.5235987755982988, 'left_fore_arm_joint': -9.552653931196654e-25, 'left_upper_arm_joint': 1.3310247081088935e-24, 'left_shoulder_joint': 1.873602133528592e-24, 'right_wrist_attachment_joint': -0.5235987755982988, 'right_fore_arm_joint': 1.1334538295132425e-24, 'right_upper_arm_joint': -1.5402156325116482e-24, 'right_shoulder_joint': -1.9167787474851686e-24}
## period: 1.17
You can open the visualizer by visiting the following URL:
http://127.0.0.1:7001/static/
Viewer URL: http://127.0.0.1:7001/static/
BAD root_position: -0.07720
BAD root_position: -0.07720
BAD root_position: -0.07720
BAD root_position: -0.07720
BAD root_position: -0.07720
BAD root_position: -0.07720
BAD root_position: -0.07720
BAD root_position: -0.07720
BAD root_position: -0.07720
BAD root_position: -0.07720
BAD root_position: -0.07720
BAD root_position: -0.07720
BAD root_position: -0.07720
BAD root_position: -0.07720
BAD root_position: -0.07720
BAD root_position: -0.07720
BAD root_position: -0.07720
BAD root_position: -0.07720
BAD root_position: -0.07720
BAD root_position: -0.07720
BAD root_position: -0.07720
BAD root_position: -0.07720
BAD root_position: -0.07719
BAD root_position: -0.07719
BAD root_position: -0.07719
BAD root_position: -0.07719
BAD root_position: -0.07719
BAD root_position: -0.07719
BAD root_position: -0.07719
BAD root_position: -0.07719
BAD root_position: -0.07719
BAD root_position: -0.07719
BAD root_position: -0.07719
BAD root_position: -0.07744
BAD root_position: -0.07793
BAD root_position: -0.07858
BAD root_position: -0.07930
BAD root_position: -0.07999
BAD root_position: -0.08056
BAD root_position: -0.08091
BAD root_position: -0.08098
BAD root_position: -0.08098
BAD root_position: -0.08098
BAD root_position: -0.08098
BAD root_position: -0.08098
BAD root_position: -0.08098
BAD root_position: -0.08098
BAD root_position: -0.08092
BAD root_position: -0.08055
BAD root_position: -0.07994
BAD root_position: -0.07921
BAD root_position: -0.07846
BAD root_position: -0.07781
BAD root_position: -0.07735
BAD root_position: -0.07720
BAD root_position: -0.07720
BAD root_position: -0.07720
BAD root_position: -0.07720
BAD root_position: -0.07720
BAD root_position: -0.07720
BAD root_position: -0.07720
BAD root_position: -0.07728
BAD root_position: -0.07767
BAD root_position: -0.07829
BAD root_position: -0.07902
BAD root_position: -0.07977
BAD root_position: -0.08042
BAD root_position: -0.08086
BAD root_position: -0.08099
BAD root_position: -0.08099
BAD root_position: -0.08099
BAD root_position: -0.08099
BAD root_position: -0.08099
BAD root_position: -0.08099
BAD root_position: -0.08099
BAD root_position: -0.08089
BAD root_position: -0.08048
BAD root_position: -0.07985
BAD root_position: -0.07912
BAD root_position: -0.07838
BAD root_position: -0.07775
BAD root_position: -0.07733
BAD root_position: -0.07723
BAD root_position: -0.07723
BAD root_position: -0.07724
BAD root_position: -0.07725
BAD root_position: -0.07726
BAD root_position: -0.07726
BAD root_position: -0.07727
BAD root_position: -0.07740
BAD root_position: -0.07783
BAD root_position: -0.07846
BAD root_position: -0.07919
BAD root_position: -0.07990
BAD root_position: -0.08048
BAD root_position: -0.08084
BAD root_position: -0.08089
BAD root_position: -0.08084
BAD root_position: -0.08079
BAD root_position: -0.08074
BAD root_position: -0.08070
BAD root_position: -0.08066
BAD root_position: -0.08062
BAD root_position: -0.08046
BAD root_position: -0.08001
BAD root_position: -0.07938
BAD root_position: -0.07867
BAD root_position: -0.07799
BAD root_position: -0.07744
BAD root_position: -0.07712
BAD root_position: -0.07710
BAD root_position: -0.07716
BAD root_position: -0.07722
BAD root_position: -0.07728
BAD root_position: -0.07733
BAD root_position: -0.07738
BAD root_position: -0.07743
BAD root_position: -0.07765
BAD root_position: -0.07817
BAD root_position: -0.07888
BAD root_position: -0.07967
BAD root_position: -0.08043
BAD root_position: -0.08105
BAD root_position: -0.08140
BAD root_position: -0.08142
BAD root_position: -0.08138
BAD root_position: -0.08134
BAD root_position: -0.08129
BAD root_position: -0.08124
BAD root_position: -0.08119
BAD root_position: -0.08114
BAD root_position: -0.08090
BAD root_position: -0.08037
BAD root_position: -0.07966
BAD root_position: -0.07888
BAD root_position: -0.07814
BAD root_position: -0.07755
BAD root_position: -0.07722
BAD root_position: -0.07718
BAD root_position: -0.07719
BAD root_position: -0.07720
BAD root_position: -0.07721
BAD root_position: -0.07722
BAD root_position: -0.07723
BAD root_position: -0.07724
BAD root_position: -0.07746
BAD root_position: -0.07796
BAD root_position: -0.07863
BAD root_position: -0.07936
BAD root_position: -0.08005
BAD root_position: -0.08058
BAD root_position: -0.08086
BAD root_position: -0.08084
BAD root_position: -0.08079
BAD root_position: -0.08075
BAD root_position: -0.08070
BAD root_position: -0.08066
BAD root_position: -0.08062
BAD root_position: -0.08059
BAD root_position: -0.08033
BAD root_position: -0.07982
BAD root_position: -0.07916
BAD root_position: -0.07845
BAD root_position: -0.07780
BAD root_position: -0.07730
BAD root_position: -0.07707
BAD root_position: -0.07710
BAD root_position: -0.07716
BAD root_position: -0.07722
BAD root_position: -0.07728
BAD root_position: -0.07734
BAD root_position: -0.07739
BAD root_position: -0.07745
BAD root_position: -0.07777
BAD root_position: -0.07836
BAD root_position: -0.07911
BAD root_position: -0.07990
BAD root_position: -0.08064
BAD root_position: -0.08119
BAD root_position: -0.08145
BAD root_position: -0.08142
BAD root_position: -0.08138
BAD root_position: -0.08133
BAD root_position: -0.08128
BAD root_position: -0.08123
BAD root_position: -0.08118
BAD root_position: -0.08112
BAD root_position: -0.08078
BAD root_position: -0.08019
BAD root_position: -0.07944
BAD root_position: -0.07867
BAD root_position: -0.07796
BAD root_position: -0.07745
BAD root_position: -0.07719
BAD root_position: -0.07718
BAD root_position: -0.07719
BAD root_position: -0.07720
BAD root_position: -0.07720
BAD root_position: -0.07721
BAD root_position: -0.07722
BAD root_position: -0.07722
BAD root_position: -0.07738
BAD root_position: -0.07781
BAD root_position: -0.07841
BAD root_position: -0.07910
BAD root_position: -0.07978
BAD root_position: -0.08036
BAD root_position: -0.08075
BAD root_position: -0.08085
BAD root_position: -0.08080
BAD root_position: -0.08076
BAD root_position: -0.08071
BAD root_position: -0.08067
BAD root_position: -0.08063
BAD root_position: -0.08060
BAD root_position: -0.08055
BAD root_position: -0.08028
BAD root_position: -0.07978
BAD root_position: -0.07915
BAD root_position: -0.07848
BAD root_position: -0.07785
BAD root_position: -0.07736
BAD root_position: -0.07709
BAD root_position: -0.07710
BAD root_position: -0.07716
BAD root_position: -0.07722
BAD root_position: -0.07727
BAD root_position: -0.07733
BAD root_position: -0.07738
BAD root_position: -0.07743
BAD root_position: -0.07756
BAD root_position: -0.07798
BAD root_position: -0.07861
BAD root_position: -0.07936
BAD root_position: -0.08011
BAD root_position: -0.08078
BAD root_position: -0.08127
BAD root_position: -0.08147
BAD root_position: -0.08144
BAD root_position: -0.08140
BAD root_position: -0.08136
BAD root_position: -0.08131
BAD root_position: -0.08126
BAD root_position: -0.08122
BAD root_position: -0.08117
BAD root_position: -0.08093
BAD root_position: -0.08043
BAD root_position: -0.07976
BAD root_position: -0.07901
BAD root_position: -0.07829
BAD root_position: -0.07769
BAD root_position: -0.07729
BAD root_position: -0.07719
BAD root_position: -0.07719
BAD root_position: -0.07720
BAD root_position: -0.07721
BAD root_position: -0.07721
BAD root_position: -0.07722
BAD root_position: -0.07722
BAD root_position: -0.07726
BAD root_position: -0.07757
BAD root_position: -0.07809
BAD root_position: -0.07875
BAD root_position: -0.07945
BAD root_position: -0.08009
BAD root_position: -0.08058
BAD root_position: -0.08083
BAD root_position: -0.08082
BAD root_position: -0.08077
BAD root_position: -0.08073
BAD root_position: -0.08068
BAD root_position: -0.08064
BAD root_position: -0.08061
BAD root_position: -0.08058
BAD root_position: -0.08045
BAD root_position: -0.08005
BAD root_position: -0.07947
BAD root_position: -0.07881
BAD root_position: -0.07815
BAD root_position: -0.07758
BAD root_position: -0.07719
BAD root_position: -0.07707
BAD root_position: -0.07713
BAD root_position: -0.07719
BAD root_position: -0.07725
BAD root_position: -0.07731
BAD root_position: -0.07737
BAD root_position: -0.07742
BAD root_position: -0.07747
BAD root_position: -0.07775
BAD root_position: -0.07829
BAD root_position: -0.07899
BAD root_position: -0.07975
BAD root_position: -0.08048
BAD root_position: -0.08107
BAD root_position: -0.08143
BAD root_position: -0.08148
BAD root_position: -0.08144
BAD root_position: -0.08140
BAD root_position: -0.08135
BAD root_position: -0.08130
BAD root_position: -0.08125
BAD root_position: -0.08121
BAD root_position: -0.08110
BAD root_position: -0.08072
BAD root_position: -0.08012
BAD root_position: -0.07940
BAD root_position: -0.07865
BAD root_position: -0.07798
BAD root_position: -0.07746
BAD root_position: -0.07720
BAD root_position: -0.07719
BAD root_position: -0.07720
BAD root_position: -0.07720
BAD root_position: -0.07720
BAD root_position: -0.07721
BAD root_position: -0.07721
BAD root_position: -0.07721
BAD root_position: -0.07737
BAD root_position: -0.07779
BAD root_position: -0.07840
BAD root_position: -0.07908
BAD root_position: -0.07976
BAD root_position: -0.08034
BAD root_position: -0.08072
BAD root_position: -0.08082
BAD root_position: -0.08078
BAD root_position: -0.08073
BAD root_position: -0.08069
BAD root_position: -0.08064
BAD root_position: -0.08060
BAD root_position: -0.08057
BAD root_position: -0.08053
BAD root_position: -0.08026
BAD root_position: -0.07976
BAD root_position: -0.07913
BAD root_position: -0.07846
BAD root_position: -0.07784
BAD root_position: -0.07735
BAD root_position: -0.07708
BAD root_position: -0.07709
BAD root_position: -0.07715
BAD root_position: -0.07722
BAD root_position: -0.07728
BAD root_position: -0.07734
BAD root_position: -0.07740
BAD root_position: -0.07745
BAD root_position: -0.07758
BAD root_position: -0.07801
BAD root_position: -0.07864
BAD root_position: -0.07938
BAD root_position: -0.08014
BAD root_position: -0.08081
BAD root_position: -0.08130
BAD root_position: -0.08151
BAD root_position: -0.08148
BAD root_position: -0.08144
BAD root_position: -0.08139
BAD root_position: -0.08134
BAD root_position: -0.08130
BAD root_position: -0.08125
BAD root_position: -0.08120
BAD root_position: -0.08096
BAD root_position: -0.08045
BAD root_position: -0.07977
BAD root_position: -0.07903
BAD root_position: -0.07831
BAD root_position: -0.07771
BAD root_position: -0.07731
BAD root_position: -0.07720
BAD root_position: -0.07720
BAD root_position: -0.07721
BAD root_position: -0.07721
BAD root_position: -0.07721
BAD root_position: -0.07721
BAD root_position: -0.07721
BAD root_position: -0.07725
BAD root_position: -0.07755
BAD root_position: -0.07807
BAD root_position: -0.07873
BAD root_position: -0.07942
BAD root_position: -0.08006
BAD root_position: -0.08055
BAD root_position: -0.08080
BAD root_position: -0.08079
BAD root_position: -0.08075
BAD root_position: -0.08070
BAD root_position: -0.08066
BAD root_position: -0.08062
BAD root_position: -0.08058
BAD root_position: -0.08055
BAD root_position: -0.08042
BAD root_position: -0.08000
BAD root_position: -0.07939
BAD root_position: -0.07869
BAD root_position: -0.07801
BAD root_position: -0.07745
BAD root_position: -0.07711
BAD root_position: -0.07708
BAD root_position: -0.07715
BAD root_position: -0.07722
BAD root_position: -0.07729
BAD root_position: -0.07735
BAD root_position: -0.07741
BAD root_position: -0.07747
BAD root_position: -0.07766
BAD root_position: -0.07816
BAD root_position: -0.07887
BAD root_position: -0.07967
BAD root_position: -0.08044
BAD root_position: -0.08108
BAD root_position: -0.08146
BAD root_position: -0.08151
BAD root_position: -0.08147
BAD root_position: -0.08143
BAD root_position: -0.08138
BAD root_position: -0.08132
BAD root_position: -0.08127
BAD root_position: -0.08122
BAD root_position: -0.08101
BAD root_position: -0.08050
BAD root_position: -0.07979
BAD root_position: -0.07901
BAD root_position: -0.07825
BAD root_position: -0.07764
BAD root_position: -0.07726
BAD root_position: -0.07720
BAD root_position: -0.07720
BAD root_position: -0.07720
BAD root_position: -0.07720
BAD root_position: -0.07720
BAD root_position: -0.07720
BAD root_position: -0.07720
BAD root_position: -0.07739
BAD root_position: -0.07786
BAD root_position: -0.07851
BAD root_position: -0.07924
BAD root_position: -0.07993
BAD root_position: -0.08048
BAD root_position: -0.08078
BAD root_position: -0.08078
BAD root_position: -0.08073
BAD root_position: -0.08068
BAD root_position: -0.08063
BAD root_position: -0.08059
BAD root_position: -0.08056
BAD root_position: -0.08053
BAD root_position: -0.08031
BAD root_position: -0.07982
BAD root_position: -0.07918
BAD root_position: -0.07847
BAD root_position: -0.07782
BAD root_position: -0.07731
BAD root_position: -0.07705
BAD root_position: -0.07708
BAD root_position: -0.07715
BAD root_position: -0.07721
BAD root_position: -0.07728
BAD root_position: -0.07735
BAD root_position: -0.07742
BAD root_position: -0.07748
BAD root_position: -0.07777
BAD root_position: -0.07834
BAD root_position: -0.07909
BAD root_position: -0.07990
BAD root_position: -0.08064
BAD root_position: -0.08122
BAD root_position: -0.08152
BAD root_position: -0.08151
BAD root_position: -0.08147
BAD root_position: -0.08142
BAD root_position: -0.08137
BAD root_position: -0.08131
BAD root_position: -0.08126
BAD root_position: -0.08120
BAD root_position: -0.08089
BAD root_position: -0.08031
BAD root_position: -0.07957
BAD root_position: -0.07879
BAD root_position: -0.07806
BAD root_position: -0.07750
BAD root_position: -0.07721
BAD root_position: -0.07720
BAD root_position: -0.07720
BAD root_position: -0.07720
BAD root_position: -0.07719
BAD root_position: -0.07719
BAD root_position: -0.07719
BAD root_position: -0.07721
BAD root_position: -0.07748
BAD root_position: -0.07802
BAD root_position: -0.07870
BAD root_position: -0.07943
BAD root_position: -0.08009
BAD root_position: -0.08057
BAD root_position: -0.08078
BAD root_position: -0.08074
BAD root_position: -0.08070
BAD root_position: -0.08065
BAD root_position: -0.08060
recorded 500 frames
avg lin_vel_x -0.0235
avg lin_vel_y -0.0084
avg yaw 0.0
computed xvel: -0.068, mean xvel: -0.0235
computed yvel: 0.017, mean yvel: -0.0084
computed thetavel: 0.017, mean thetavel: 0.0
DONE, saving 112_-0.068_0.017_0.017.json
