<frozen importlib._bootstrap>:241: RuntimeWarning: to-Python converter for std::vector<Eigen::Matrix<double, 3, 1, 0, 3, 1>, std::allocator<Eigen::Matrix<double, 3, 1, 0, 3, 1> > > already registered; second conversion method ignored.
<frozen importlib._bootstrap>:241: RuntimeWarning: to-Python converter for boost::python::detail::container_element<std::vector<Eigen::Matrix<double, 3, 1, 0, 3, 1>, std::allocator<Eigen::Matrix<double, 3, 1, 0, 3, 1> > >, unsigned long, boost::python::detail::final_vector_derived_policies<std::vector<Eigen::Matrix<double, 3, 1, 0, 3, 1>, std::allocator<Eigen::Matrix<double, 3, 1, 0, 3, 1> > >, false> > already registered; second conversion method ignored.
<frozen importlib._bootstrap>:241: RuntimeWarning: to-Python converter for std::vector<int, std::allocator<int> > already registered; second conversion method ignored.
<frozen importlib._bootstrap>:241: RuntimeWarning: to-Python converter for std::vector<double, std::allocator<double> > already registered; second conversion method ignored.
<frozen importlib._bootstrap>:241: RuntimeWarning: to-Python converter for std::vector<std::__cxx11::basic_string<char, std::char_traits<char>, std::allocator<char> >, std::allocator<std::__cxx11::basic_string<char, std::char_traits<char>, std::allocator<char> > > > already registered; second conversion method ignored.
WARNING: Can't find trunk frames in the model, can't measure leg spacing
WARNING: Can't find head frames in the model, camera_look_at won't work
gait_parameters {'dx': 0.06, 'dy': 0.01, 'dtheta': 0.01, 'duration': 8, 'hardware': True, 'double_support_ratio': 0.25, 'startend_double_support_ratio': 1.5, 'planned_timesteps': 48, 'replan_timesteps': 10, 'walk_com_height': 0.445, 'walk_foot_height': 0.03, 'walk_trunk_pitch': -5.7, 'walk_foot_rise_ratio': 0.3, 'single_support_duration': 0.45, 'single_support_timesteps': 10, 'foot_length': 0.22, 'feet_spacing': 0.114, 'zmp_margin': 0.02, 'foot_zmp_target_x': 0.0, 'foot_zmp_target_y': 0.0, 'walk_max_dtheta': 1.0, 'walk_max_dy': 0.04, 'walk_max_dx_forward': 0.1, 'walk_max_dx_backward': 0.03, 'joints': ['leg_left_ankle_roll_joint', 'leg_left_ankle_pitch_joint', 'leg_left_knee_pitch_joint', 'leg_left_hip_pitch_joint', 'leg_left_hip_yaw_joint', 'leg_left_hip_roll_joint', 'leg_right_ankle_roll_joint', 'leg_right_ankle_pitch_joint', 'leg_right_knee_pitch_joint', 'leg_right_hip_pitch_joint', 'leg_right_hip_yaw_joint', 'leg_right_hip_roll_joint', 'left_wrist_attachment_joint', 'left_fore_arm_joint', 'left_upper_arm_joint', 'left_shoulder_joint', 'right_wrist_attachment_joint', 'right_fore_arm_joint', 'right_upper_arm_joint', 'right_shoulder_joint'], 'joint_angles': {'left_wrist_attachment_joint': 30, 'left_fore_arm_joint': 0, 'left_upper_arm_joint': 0, 'left_shoulder_joint': 0, 'right_wrist_attachment_joint': -30, 'right_fore_arm_joint': 0, 'right_upper_arm_joint': 0, 'right_shoulder_joint': 0}}
Placing the robot in the initial position...
Initial position reached
{'leg_left_ankle_roll_joint': 0.02158366164051117, 'leg_left_ankle_pitch_joint': -0.5122389463619945, 'leg_left_knee_pitch_joint': 0.9637012979685983, 'leg_left_hip_pitch_joint': -0.3526692981981968, 'leg_left_hip_yaw_joint': -0.058163374030281614, 'leg_left_hip_roll_joint': -0.013694662874104363, 'leg_right_ankle_roll_joint': 0.022286430048890415, 'leg_right_ankle_pitch_joint': -0.5381337857528903, 'leg_right_knee_pitch_joint': 1.0481598255783071, 'leg_right_hip_pitch_joint': -0.41125376765039545, 'leg_right_hip_yaw_joint': -0.05870877128816335, 'leg_right_hip_roll_joint': -0.014146396081714441, 'left_wrist_attachment_joint': 0.5235987755982988, 'left_fore_arm_joint': 5.263028032704211e-24, 'left_upper_arm_joint': -7.798874023893574e-24, 'left_shoulder_joint': -1.0268915626988263e-23, 'right_wrist_attachment_joint': -0.5235987755982988, 'right_fore_arm_joint': -6.16392839462233e-24, 'right_upper_arm_joint': 8.908997591898438e-24, 'right_shoulder_joint': 1.0474339116514165e-23}
## period: 1.17
You can open the visualizer by visiting the following URL:
http://127.0.0.1:7006/static/
Viewer URL: http://127.0.0.1:7006/static/
BAD root_position: -0.07813
BAD root_position: -0.07813
BAD root_position: -0.07813
BAD root_position: -0.07813
BAD root_position: -0.07813
BAD root_position: -0.07813
BAD root_position: -0.07813
BAD root_position: -0.07813
BAD root_position: -0.07813
BAD root_position: -0.07813
BAD root_position: -0.07813
BAD root_position: -0.07813
BAD root_position: -0.07813
BAD root_position: -0.07813
BAD root_position: -0.07813
BAD root_position: -0.07813
BAD root_position: -0.07813
BAD root_position: -0.07813
BAD root_position: -0.07813
BAD root_position: -0.07813
BAD root_position: -0.07813
BAD root_position: -0.07813
BAD root_position: -0.07813
BAD root_position: -0.07813
BAD root_position: -0.07813
BAD root_position: -0.07813
BAD root_position: -0.07813
BAD root_position: -0.07813
BAD root_position: -0.07812
BAD root_position: -0.07812
BAD root_position: -0.07812
BAD root_position: -0.07812
BAD root_position: -0.07813
BAD root_position: -0.07837
BAD root_position: -0.07886
BAD root_position: -0.07951
BAD root_position: -0.08023
BAD root_position: -0.08092
BAD root_position: -0.08149
BAD root_position: -0.08184
BAD root_position: -0.08191
BAD root_position: -0.08191
BAD root_position: -0.08191
BAD root_position: -0.08191
BAD root_position: -0.08191
BAD root_position: -0.08191
BAD root_position: -0.08191
BAD root_position: -0.08185
BAD root_position: -0.08147
BAD root_position: -0.08087
BAD root_position: -0.08014
BAD root_position: -0.07939
BAD root_position: -0.07874
BAD root_position: -0.07828
BAD root_position: -0.07813
BAD root_position: -0.07813
BAD root_position: -0.07813
BAD root_position: -0.07812
BAD root_position: -0.07812
BAD root_position: -0.07812
BAD root_position: -0.07811
BAD root_position: -0.07819
BAD root_position: -0.07858
BAD root_position: -0.07920
BAD root_position: -0.07993
BAD root_position: -0.08068
BAD root_position: -0.08132
BAD root_position: -0.08176
BAD root_position: -0.08190
BAD root_position: -0.08190
BAD root_position: -0.08190
BAD root_position: -0.08190
BAD root_position: -0.08190
BAD root_position: -0.08190
BAD root_position: -0.08190
BAD root_position: -0.08179
BAD root_position: -0.08138
BAD root_position: -0.08074
BAD root_position: -0.08000
BAD root_position: -0.07925
BAD root_position: -0.07861
BAD root_position: -0.07818
BAD root_position: -0.07806
BAD root_position: -0.07805
BAD root_position: -0.07803
BAD root_position: -0.07802
BAD root_position: -0.07800
BAD root_position: -0.07799
BAD root_position: -0.07797
BAD root_position: -0.07808
BAD root_position: -0.07850
BAD root_position: -0.07916
BAD root_position: -0.07994
BAD root_position: -0.08074
BAD root_position: -0.08144
BAD root_position: -0.08194
BAD root_position: -0.08213
BAD root_position: -0.08223
BAD root_position: -0.08234
BAD root_position: -0.08244
BAD root_position: -0.08253
BAD root_position: -0.08262
BAD root_position: -0.08269
BAD root_position: -0.08259
BAD root_position: -0.08213
BAD root_position: -0.08143
BAD root_position: -0.08060
BAD root_position: -0.07976
BAD root_position: -0.07903
BAD root_position: -0.07853
BAD root_position: -0.07834
BAD root_position: -0.07823
BAD root_position: -0.07811
BAD root_position: -0.07800
BAD root_position: -0.07789
BAD root_position: -0.07778
BAD root_position: -0.07768
BAD root_position: -0.07775
BAD root_position: -0.07810
BAD root_position: -0.07865
BAD root_position: -0.07931
BAD root_position: -0.07996
BAD root_position: -0.08053
BAD root_position: -0.08091
BAD root_position: -0.08103
BAD root_position: -0.08111
BAD root_position: -0.08121
BAD root_position: -0.08131
BAD root_position: -0.08141
BAD root_position: -0.08152
BAD root_position: -0.08163
BAD root_position: -0.08154
BAD root_position: -0.08115
BAD root_position: -0.08055
BAD root_position: -0.07986
BAD root_position: -0.07917
BAD root_position: -0.07859
BAD root_position: -0.07825
BAD root_position: -0.07818
BAD root_position: -0.07815
BAD root_position: -0.07813
BAD root_position: -0.07810
BAD root_position: -0.07807
BAD root_position: -0.07805
BAD root_position: -0.07802
BAD root_position: -0.07822
BAD root_position: -0.07872
BAD root_position: -0.07941
BAD root_position: -0.08020
BAD root_position: -0.08098
BAD root_position: -0.08163
BAD root_position: -0.08205
BAD root_position: -0.08218
BAD root_position: -0.08228
BAD root_position: -0.08237
BAD root_position: -0.08247
BAD root_position: -0.08256
BAD root_position: -0.08264
BAD root_position: -0.08270
BAD root_position: -0.08249
BAD root_position: -0.08195
BAD root_position: -0.08120
BAD root_position: -0.08036
BAD root_position: -0.07955
BAD root_position: -0.07888
BAD root_position: -0.07847
BAD root_position: -0.07834
BAD root_position: -0.07823
BAD root_position: -0.07812
BAD root_position: -0.07801
BAD root_position: -0.07790
BAD root_position: -0.07779
BAD root_position: -0.07771
BAD root_position: -0.07787
BAD root_position: -0.07829
BAD root_position: -0.07888
BAD root_position: -0.07954
BAD root_position: -0.08018
BAD root_position: -0.08071
BAD root_position: -0.08101
BAD root_position: -0.08109
BAD root_position: -0.08118
BAD root_position: -0.08127
BAD root_position: -0.08139
BAD root_position: -0.08149
BAD root_position: -0.08160
BAD root_position: -0.08168
BAD root_position: -0.08150
BAD root_position: -0.08103
BAD root_position: -0.08039
BAD root_position: -0.07968
BAD root_position: -0.07901
BAD root_position: -0.07851
BAD root_position: -0.07823
BAD root_position: -0.07819
BAD root_position: -0.07817
BAD root_position: -0.07814
BAD root_position: -0.07811
BAD root_position: -0.07808
BAD root_position: -0.07805
BAD root_position: -0.07802
BAD root_position: -0.07815
BAD root_position: -0.07857
BAD root_position: -0.07919
BAD root_position: -0.07993
BAD root_position: -0.08068
BAD root_position: -0.08137
BAD root_position: -0.08188
BAD root_position: -0.08211
BAD root_position: -0.08220
BAD root_position: -0.08230
BAD root_position: -0.08239
BAD root_position: -0.08248
BAD root_position: -0.08257
BAD root_position: -0.08264
BAD root_position: -0.08268
BAD root_position: -0.08244
BAD root_position: -0.08191
BAD root_position: -0.08119
BAD root_position: -0.08039
BAD root_position: -0.07961
BAD root_position: -0.07894
BAD root_position: -0.07850
BAD root_position: -0.07834
BAD root_position: -0.07824
BAD root_position: -0.07814
BAD root_position: -0.07803
BAD root_position: -0.07793
BAD root_position: -0.07783
BAD root_position: -0.07774
BAD root_position: -0.07773
BAD root_position: -0.07800
BAD root_position: -0.07847
BAD root_position: -0.07906
BAD root_position: -0.07970
BAD root_position: -0.08030
BAD root_position: -0.08077
BAD root_position: -0.08103
BAD root_position: -0.08111
BAD root_position: -0.08119
BAD root_position: -0.08128
BAD root_position: -0.08138
BAD root_position: -0.08148
BAD root_position: -0.08158
BAD root_position: -0.08168
BAD root_position: -0.08158
BAD root_position: -0.08121
BAD root_position: -0.08065
BAD root_position: -0.07999
BAD root_position: -0.07932
BAD root_position: -0.07874
BAD root_position: -0.07834
BAD root_position: -0.07820
BAD root_position: -0.07817
BAD root_position: -0.07814
BAD root_position: -0.07811
BAD root_position: -0.07808
BAD root_position: -0.07805
BAD root_position: -0.07802
BAD root_position: -0.07802
BAD root_position: -0.07831
BAD root_position: -0.07884
BAD root_position: -0.07953
BAD root_position: -0.08028
BAD root_position: -0.08101
BAD root_position: -0.08162
BAD root_position: -0.08201
BAD root_position: -0.08213
BAD root_position: -0.08222
BAD root_position: -0.08232
BAD root_position: -0.08241
BAD root_position: -0.08250
BAD root_position: -0.08258
BAD root_position: -0.08264
BAD root_position: -0.08257
BAD root_position: -0.08218
BAD root_position: -0.08154
BAD root_position: -0.08077
BAD root_position: -0.07997
BAD root_position: -0.07924
BAD root_position: -0.07867
BAD root_position: -0.07839
BAD root_position: -0.07829
BAD root_position: -0.07819
BAD root_position: -0.07808
BAD root_position: -0.07798
BAD root_position: -0.07788
BAD root_position: -0.07779
BAD root_position: -0.07771
BAD root_position: -0.07785
BAD root_position: -0.07823
BAD root_position: -0.07877
BAD root_position: -0.07940
BAD root_position: -0.08003
BAD root_position: -0.08058
BAD root_position: -0.08096
BAD root_position: -0.08110
BAD root_position: -0.08118
BAD root_position: -0.08126
BAD root_position: -0.08136
BAD root_position: -0.08145
BAD root_position: -0.08155
BAD root_position: -0.08165
BAD root_position: -0.08169
BAD root_position: -0.08145
BAD root_position: -0.08097
BAD root_position: -0.08035
BAD root_position: -0.07967
BAD root_position: -0.07903
BAD root_position: -0.07852
BAD root_position: -0.07824
BAD root_position: -0.07820
BAD root_position: -0.07816
BAD root_position: -0.07813
BAD root_position: -0.07810
BAD root_position: -0.07807
BAD root_position: -0.07804
BAD root_position: -0.07800
BAD root_position: -0.07813
BAD root_position: -0.07855
BAD root_position: -0.07917
BAD root_position: -0.07990
BAD root_position: -0.08065
BAD root_position: -0.08133
BAD root_position: -0.08184
BAD root_position: -0.08207
BAD root_position: -0.08216
BAD root_position: -0.08226
BAD root_position: -0.08235
BAD root_position: -0.08244
BAD root_position: -0.08252
BAD root_position: -0.08260
BAD root_position: -0.08264
BAD root_position: -0.08240
BAD root_position: -0.08188
BAD root_position: -0.08116
BAD root_position: -0.08037
BAD root_position: -0.07959
BAD root_position: -0.07893
BAD root_position: -0.07849
BAD root_position: -0.07834
BAD root_position: -0.07824
BAD root_position: -0.07814
BAD root_position: -0.07804
BAD root_position: -0.07795
BAD root_position: -0.07785
BAD root_position: -0.07777
BAD root_position: -0.07776
BAD root_position: -0.07803
BAD root_position: -0.07851
BAD root_position: -0.07910
BAD root_position: -0.07975
BAD root_position: -0.08035
BAD root_position: -0.08082
BAD root_position: -0.08108
BAD root_position: -0.08116
BAD root_position: -0.08124
BAD root_position: -0.08133
BAD root_position: -0.08142
BAD root_position: -0.08152
BAD root_position: -0.08162
BAD root_position: -0.08172
BAD root_position: -0.08162
BAD root_position: -0.08126
BAD root_position: -0.08069
BAD root_position: -0.08003
BAD root_position: -0.07935
BAD root_position: -0.07876
BAD root_position: -0.07835
BAD root_position: -0.07821
BAD root_position: -0.07818
BAD root_position: -0.07814
BAD root_position: -0.07811
BAD root_position: -0.07807
BAD root_position: -0.07804
BAD root_position: -0.07800
BAD root_position: -0.07801
BAD root_position: -0.07829
BAD root_position: -0.07882
BAD root_position: -0.07950
BAD root_position: -0.08026
BAD root_position: -0.08098
BAD root_position: -0.08159
BAD root_position: -0.08197
BAD root_position: -0.08209
BAD root_position: -0.08219
BAD root_position: -0.08228
BAD root_position: -0.08237
BAD root_position: -0.08246
BAD root_position: -0.08254
BAD root_position: -0.08261
BAD root_position: -0.08254
BAD root_position: -0.08212
BAD root_position: -0.08145
BAD root_position: -0.08063
BAD root_position: -0.07980
BAD root_position: -0.07906
BAD root_position: -0.07855
BAD root_position: -0.07835
BAD root_position: -0.07825
BAD root_position: -0.07815
BAD root_position: -0.07805
BAD root_position: -0.07795
BAD root_position: -0.07785
BAD root_position: -0.07777
BAD root_position: -0.07781
BAD root_position: -0.07815
BAD root_position: -0.07870
BAD root_position: -0.07935
BAD root_position: -0.08002
BAD root_position: -0.08060
BAD root_position: -0.08101
BAD root_position: -0.08115
BAD root_position: -0.08123
BAD root_position: -0.08132
BAD root_position: -0.08142
BAD root_position: -0.08152
BAD root_position: -0.08163
BAD root_position: -0.08173
BAD root_position: -0.08167
BAD root_position: -0.08129
BAD root_position: -0.08070
BAD root_position: -0.08000
BAD root_position: -0.07929
BAD root_position: -0.07869
BAD root_position: -0.07831
BAD root_position: -0.07821
BAD root_position: -0.07817
BAD root_position: -0.07814
BAD root_position: -0.07810
BAD root_position: -0.07806
BAD root_position: -0.07802
BAD root_position: -0.07798
BAD root_position: -0.07814
BAD root_position: -0.07860
BAD root_position: -0.07928
BAD root_position: -0.08006
BAD root_position: -0.08083
BAD root_position: -0.08150
BAD root_position: -0.08193
BAD root_position: -0.08207
BAD root_position: -0.08217
BAD root_position: -0.08227
BAD root_position: -0.08236
BAD root_position: -0.08245
BAD root_position: -0.08254
BAD root_position: -0.08261
BAD root_position: -0.08244
BAD root_position: -0.08194
BAD root_position: -0.08121
BAD root_position: -0.08039
BAD root_position: -0.07957
BAD root_position: -0.07890
BAD root_position: -0.07847
BAD root_position: -0.07834
BAD root_position: -0.07825
BAD root_position: -0.07815
BAD root_position: -0.07805
BAD root_position: -0.07795
BAD root_position: -0.07786
BAD root_position: -0.07778
BAD root_position: -0.07792
BAD root_position: -0.07833
BAD root_position: -0.07891
BAD root_position: -0.07958
BAD root_position: -0.08023
BAD root_position: -0.08078
BAD root_position: -0.08111
BAD root_position: -0.08121
BAD root_position: -0.08129
BAD root_position: -0.08138
BAD root_position: -0.08148
BAD root_position: -0.08160
BAD root_position: -0.08170
BAD root_position: -0.08179
BAD root_position: -0.08163
BAD root_position: -0.08118
BAD root_position: -0.08054
BAD root_position: -0.07982
BAD root_position: -0.07913
BAD root_position: -0.07858
BAD root_position: -0.07827
BAD root_position: -0.07822
BAD root_position: -0.07818
BAD root_position: -0.07814
BAD root_position: -0.07809
BAD root_position: -0.07805
BAD root_position: -0.07801
BAD root_position: -0.07799
BAD root_position: -0.07824
BAD root_position: -0.07877
BAD root_position: -0.07949
BAD root_position: -0.08027
BAD root_position: -0.08103
BAD root_position: -0.08164
BAD root_position: -0.08198
BAD root_position: -0.08209
BAD root_position: -0.08218
BAD root_position: -0.08228
BAD root_position: -0.08237
recorded 500 frames
avg lin_vel_x 0.0514
avg lin_vel_y 0.0006
avg yaw 0.0
computed xvel: 0.103, mean xvel: 0.0514
computed yvel: 0.017, mean yvel: 0.0006
computed thetavel: 0.017, mean thetavel: 0.0
DONE, saving 117_0.103_0.017_0.017.json
