<frozen importlib._bootstrap>:241: RuntimeWarning: to-Python converter for std::vector<Eigen::Matrix<double, 3, 1, 0, 3, 1>, std::allocator<Eigen::Matrix<double, 3, 1, 0, 3, 1> > > already registered; second conversion method ignored.
<frozen importlib._bootstrap>:241: RuntimeWarning: to-Python converter for boost::python::detail::container_element<std::vector<Eigen::Matrix<double, 3, 1, 0, 3, 1>, std::allocator<Eigen::Matrix<double, 3, 1, 0, 3, 1> > >, unsigned long, boost::python::detail::final_vector_derived_policies<std::vector<Eigen::Matrix<double, 3, 1, 0, 3, 1>, std::allocator<Eigen::Matrix<double, 3, 1, 0, 3, 1> > >, false> > already registered; second conversion method ignored.
<frozen importlib._bootstrap>:241: RuntimeWarning: to-Python converter for std::vector<int, std::allocator<int> > already registered; second conversion method ignored.
<frozen importlib._bootstrap>:241: RuntimeWarning: to-Python converter for std::vector<double, std::allocator<double> > already registered; second conversion method ignored.
<frozen importlib._bootstrap>:241: RuntimeWarning: to-Python converter for std::vector<std::__cxx11::basic_string<char, std::char_traits<char>, std::allocator<char> >, std::allocator<std::__cxx11::basic_string<char, std::char_traits<char>, std::allocator<char> > > > already registered; second conversion method ignored.
WARNING: Can't find trunk frames in the model, can't measure leg spacing
WARNING: Can't find head frames in the model, camera_look_at won't work
gait_parameters {'dx': -0.04, 'dy': -0.03, 'dtheta': 0.08, 'duration': 8, 'hardware': True, 'double_support_ratio': 0.25, 'startend_double_support_ratio': 1.5, 'planned_timesteps': 48, 'replan_timesteps': 10, 'walk_com_height': 0.445, 'walk_foot_height': 0.03, 'walk_trunk_pitch': -5.7, 'walk_foot_rise_ratio': 0.3, 'single_support_duration': 0.45, 'single_support_timesteps': 10, 'foot_length': 0.22, 'feet_spacing': 0.114, 'zmp_margin': 0.02, 'foot_zmp_target_x': 0.0, 'foot_zmp_target_y': 0.0, 'walk_max_dtheta': 1.0, 'walk_max_dy': 0.04, 'walk_max_dx_forward': 0.1, 'walk_max_dx_backward': 0.03, 'joints': ['leg_left_ankle_roll_joint', 'leg_left_ankle_pitch_joint', 'leg_left_knee_pitch_joint', 'leg_left_hip_pitch_joint', 'leg_left_hip_yaw_joint', 'leg_left_hip_roll_joint', 'leg_right_ankle_roll_joint', 'leg_right_ankle_pitch_joint', 'leg_right_knee_pitch_joint', 'leg_right_hip_pitch_joint', 'leg_right_hip_yaw_joint', 'leg_right_hip_roll_joint', 'left_wrist_attachment_joint', 'left_fore_arm_joint', 'left_upper_arm_joint', 'left_shoulder_joint', 'right_wrist_attachment_joint', 'right_fore_arm_joint', 'right_upper_arm_joint', 'right_shoulder_joint'], 'joint_angles': {'left_wrist_attachment_joint': 30, 'left_fore_arm_joint': 0, 'left_upper_arm_joint': 0, 'left_shoulder_joint': 0, 'right_wrist_attachment_joint': -30, 'right_fore_arm_joint': 0, 'right_upper_arm_joint': 0, 'right_shoulder_joint': 0}}
Placing the robot in the initial position...
Initial position reached
{'leg_left_ankle_roll_joint': 0.022093373810386844, 'leg_left_ankle_pitch_joint': -0.5089154214317079, 'leg_left_knee_pitch_joint': 0.956817715799099, 'leg_left_hip_pitch_joint': -0.3491281191027167, 'leg_left_hip_yaw_joint': -0.05855758657071857, 'leg_left_hip_roll_joint': -0.01401832992955913, 'leg_right_ankle_roll_joint': 0.022803721974083303, 'leg_right_ankle_pitch_joint': -0.5352366306964579, 'leg_right_knee_pitch_joint': 1.0420928706472175, 'leg_right_hip_pitch_joint': -0.40810330769746045, 'leg_right_hip_yaw_joint': -0.05910883739830197, 'leg_right_hip_roll_joint': -0.014474897400386945, 'left_wrist_attachment_joint': 0.5235987755982988, 'left_fore_arm_joint': -9.539201639098181e-25, 'left_upper_arm_joint': 1.2194731368950626e-24, 'left_shoulder_joint': 1.7491514785272913e-24, 'right_wrist_attachment_joint': -0.5235987755982988, 'right_fore_arm_joint': 1.0657016154569886e-24, 'right_upper_arm_joint': -1.3531660119820806e-24, 'right_shoulder_joint': -1.922498096479941e-24}
## period: 1.17
You can open the visualizer by visiting the following URL:
http://127.0.0.1:7001/static/
Viewer URL: http://127.0.0.1:7001/static/
BAD root_position: -0.07767
BAD root_position: -0.07767
BAD root_position: -0.07767
BAD root_position: -0.07767
BAD root_position: -0.07767
BAD root_position: -0.07767
BAD root_position: -0.07767
BAD root_position: -0.07767
BAD root_position: -0.07767
BAD root_position: -0.07767
BAD root_position: -0.07767
BAD root_position: -0.07767
BAD root_position: -0.07767
BAD root_position: -0.07767
BAD root_position: -0.07767
BAD root_position: -0.07767
BAD root_position: -0.07767
BAD root_position: -0.07767
BAD root_position: -0.07767
BAD root_position: -0.07767
BAD root_position: -0.07767
BAD root_position: -0.07767
BAD root_position: -0.07767
BAD root_position: -0.07767
BAD root_position: -0.07767
BAD root_position: -0.07767
BAD root_position: -0.07767
BAD root_position: -0.07767
BAD root_position: -0.07766
BAD root_position: -0.07766
BAD root_position: -0.07766
BAD root_position: -0.07766
BAD root_position: -0.07767
BAD root_position: -0.07791
BAD root_position: -0.07840
BAD root_position: -0.07906
BAD root_position: -0.07977
BAD root_position: -0.08046
BAD root_position: -0.08103
BAD root_position: -0.08138
BAD root_position: -0.08145
BAD root_position: -0.08145
BAD root_position: -0.08145
BAD root_position: -0.08145
BAD root_position: -0.08146
BAD root_position: -0.08146
BAD root_position: -0.08146
BAD root_position: -0.08140
BAD root_position: -0.08103
BAD root_position: -0.08042
BAD root_position: -0.07969
BAD root_position: -0.07894
BAD root_position: -0.07829
BAD root_position: -0.07783
BAD root_position: -0.07768
BAD root_position: -0.07769
BAD root_position: -0.07769
BAD root_position: -0.07770
BAD root_position: -0.07770
BAD root_position: -0.07770
BAD root_position: -0.07771
BAD root_position: -0.07780
BAD root_position: -0.07819
BAD root_position: -0.07880
BAD root_position: -0.07952
BAD root_position: -0.08024
BAD root_position: -0.08086
BAD root_position: -0.08126
BAD root_position: -0.08135
BAD root_position: -0.08131
BAD root_position: -0.08127
BAD root_position: -0.08123
BAD root_position: -0.08120
BAD root_position: -0.08116
BAD root_position: -0.08114
BAD root_position: -0.08102
BAD root_position: -0.08061
BAD root_position: -0.08000
BAD root_position: -0.07930
BAD root_position: -0.07861
BAD root_position: -0.07803
BAD root_position: -0.07767
BAD root_position: -0.07762
BAD root_position: -0.07767
BAD root_position: -0.07772
BAD root_position: -0.07778
BAD root_position: -0.07783
BAD root_position: -0.07788
BAD root_position: -0.07792
BAD root_position: -0.07809
BAD root_position: -0.07857
BAD root_position: -0.07925
BAD root_position: -0.08004
BAD root_position: -0.08080
BAD root_position: -0.08144
BAD root_position: -0.08183
BAD root_position: -0.08188
BAD root_position: -0.08184
BAD root_position: -0.08179
BAD root_position: -0.08173
BAD root_position: -0.08168
BAD root_position: -0.08163
BAD root_position: -0.08157
BAD root_position: -0.08138
BAD root_position: -0.08088
BAD root_position: -0.08019
BAD root_position: -0.07942
BAD root_position: -0.07867
BAD root_position: -0.07806
BAD root_position: -0.07769
BAD root_position: -0.07763
BAD root_position: -0.07765
BAD root_position: -0.07766
BAD root_position: -0.07768
BAD root_position: -0.07770
BAD root_position: -0.07771
BAD root_position: -0.07773
BAD root_position: -0.07790
BAD root_position: -0.07838
BAD root_position: -0.07904
BAD root_position: -0.07978
BAD root_position: -0.08049
BAD root_position: -0.08106
BAD root_position: -0.08139
BAD root_position: -0.08141
BAD root_position: -0.08137
BAD root_position: -0.08133
BAD root_position: -0.08129
BAD root_position: -0.08125
BAD root_position: -0.08122
BAD root_position: -0.08119
BAD root_position: -0.08099
BAD root_position: -0.08051
BAD root_position: -0.07986
BAD root_position: -0.07914
BAD root_position: -0.07847
BAD root_position: -0.07794
BAD root_position: -0.07765
BAD root_position: -0.07765
BAD root_position: -0.07770
BAD root_position: -0.07774
BAD root_position: -0.07779
BAD root_position: -0.07783
BAD root_position: -0.07787
BAD root_position: -0.07790
BAD root_position: -0.07816
BAD root_position: -0.07870
BAD root_position: -0.07942
BAD root_position: -0.08021
BAD root_position: -0.08094
BAD root_position: -0.08152
BAD root_position: -0.08181
BAD root_position: -0.08181
BAD root_position: -0.08176
BAD root_position: -0.08171
BAD root_position: -0.08166
BAD root_position: -0.08161
BAD root_position: -0.08156
BAD root_position: -0.08150
BAD root_position: -0.08122
BAD root_position: -0.08066
BAD root_position: -0.07994
BAD root_position: -0.07917
BAD root_position: -0.07846
BAD root_position: -0.07791
BAD root_position: -0.07763
BAD root_position: -0.07763
BAD root_position: -0.07766
BAD root_position: -0.07768
BAD root_position: -0.07771
BAD root_position: -0.07773
BAD root_position: -0.07775
BAD root_position: -0.07778
BAD root_position: -0.07806
BAD root_position: -0.07860
BAD root_position: -0.07930
BAD root_position: -0.08005
BAD root_position: -0.08073
BAD root_position: -0.08125
BAD root_position: -0.08149
BAD root_position: -0.08147
BAD root_position: -0.08143
BAD root_position: -0.08139
BAD root_position: -0.08136
BAD root_position: -0.08132
BAD root_position: -0.08129
BAD root_position: -0.08124
BAD root_position: -0.08094
BAD root_position: -0.08040
BAD root_position: -0.07971
BAD root_position: -0.07899
BAD root_position: -0.07834
BAD root_position: -0.07788
BAD root_position: -0.07766
BAD root_position: -0.07768
BAD root_position: -0.07771
BAD root_position: -0.07775
BAD root_position: -0.07778
BAD root_position: -0.07781
BAD root_position: -0.07784
BAD root_position: -0.07787
BAD root_position: -0.07805
BAD root_position: -0.07851
BAD root_position: -0.07916
BAD root_position: -0.07989
BAD root_position: -0.08062
BAD root_position: -0.08123
BAD root_position: -0.08165
BAD root_position: -0.08176
BAD root_position: -0.08172
BAD root_position: -0.08167
BAD root_position: -0.08163
BAD root_position: -0.08158
BAD root_position: -0.08153
BAD root_position: -0.08149
BAD root_position: -0.08143
BAD root_position: -0.08113
BAD root_position: -0.08058
BAD root_position: -0.07990
BAD root_position: -0.07917
BAD root_position: -0.07849
BAD root_position: -0.07795
BAD root_position: -0.07764
BAD root_position: -0.07762
BAD root_position: -0.07765
BAD root_position: -0.07768
BAD root_position: -0.07771
BAD root_position: -0.07773
BAD root_position: -0.07776
BAD root_position: -0.07779
BAD root_position: -0.07789
BAD root_position: -0.07827
BAD root_position: -0.07886
BAD root_position: -0.07956
BAD root_position: -0.08027
BAD root_position: -0.08090
BAD root_position: -0.08136
BAD root_position: -0.08156
BAD root_position: -0.08153
BAD root_position: -0.08150
BAD root_position: -0.08146
BAD root_position: -0.08143
BAD root_position: -0.08139
BAD root_position: -0.08136
BAD root_position: -0.08133
BAD root_position: -0.08112
BAD root_position: -0.08066
BAD root_position: -0.08004
BAD root_position: -0.07935
BAD root_position: -0.07868
BAD root_position: -0.07813
BAD root_position: -0.07776
BAD root_position: -0.07768
BAD root_position: -0.07771
BAD root_position: -0.07774
BAD root_position: -0.07776
BAD root_position: -0.07779
BAD root_position: -0.07781
BAD root_position: -0.07783
BAD root_position: -0.07788
BAD root_position: -0.07821
BAD root_position: -0.07877
BAD root_position: -0.07947
BAD root_position: -0.08020
BAD root_position: -0.08088
BAD root_position: -0.08141
BAD root_position: -0.08168
BAD root_position: -0.08168
BAD root_position: -0.08163
BAD root_position: -0.08159
BAD root_position: -0.08154
BAD root_position: -0.08150
BAD root_position: -0.08146
BAD root_position: -0.08142
BAD root_position: -0.08127
BAD root_position: -0.08084
BAD root_position: -0.08022
BAD root_position: -0.07951
BAD root_position: -0.07880
BAD root_position: -0.07818
BAD root_position: -0.07775
BAD root_position: -0.07759
BAD root_position: -0.07763
BAD root_position: -0.07767
BAD root_position: -0.07770
BAD root_position: -0.07774
BAD root_position: -0.07777
BAD root_position: -0.07780
BAD root_position: -0.07784
BAD root_position: -0.07809
BAD root_position: -0.07859
BAD root_position: -0.07925
BAD root_position: -0.07997
BAD root_position: -0.08066
BAD root_position: -0.08122
BAD root_position: -0.08156
BAD root_position: -0.08161
BAD root_position: -0.08158
BAD root_position: -0.08155
BAD root_position: -0.08152
BAD root_position: -0.08148
BAD root_position: -0.08145
BAD root_position: -0.08142
BAD root_position: -0.08133
BAD root_position: -0.08098
BAD root_position: -0.08043
BAD root_position: -0.07976
BAD root_position: -0.07906
BAD root_position: -0.07843
BAD root_position: -0.07795
BAD root_position: -0.07772
BAD root_position: -0.07772
BAD root_position: -0.07774
BAD root_position: -0.07775
BAD root_position: -0.07777
BAD root_position: -0.07778
BAD root_position: -0.07780
BAD root_position: -0.07781
BAD root_position: -0.07797
BAD root_position: -0.07842
BAD root_position: -0.07906
BAD root_position: -0.07978
BAD root_position: -0.08050
BAD root_position: -0.08111
BAD root_position: -0.08152
BAD root_position: -0.08163
BAD root_position: -0.08159
BAD root_position: -0.08154
BAD root_position: -0.08150
BAD root_position: -0.08146
BAD root_position: -0.08142
BAD root_position: -0.08138
BAD root_position: -0.08133
BAD root_position: -0.08103
BAD root_position: -0.08050
BAD root_position: -0.07983
BAD root_position: -0.07912
BAD root_position: -0.07845
BAD root_position: -0.07792
BAD root_position: -0.07762
BAD root_position: -0.07761
BAD root_position: -0.07765
BAD root_position: -0.07769
BAD root_position: -0.07773
BAD root_position: -0.07778
BAD root_position: -0.07781
BAD root_position: -0.07785
BAD root_position: -0.07797
BAD root_position: -0.07836
BAD root_position: -0.07895
BAD root_position: -0.07966
BAD root_position: -0.08038
BAD root_position: -0.08102
BAD root_position: -0.08149
BAD root_position: -0.08169
BAD root_position: -0.08167
BAD root_position: -0.08164
BAD root_position: -0.08161
BAD root_position: -0.08157
BAD root_position: -0.08154
BAD root_position: -0.08151
BAD root_position: -0.08147
BAD root_position: -0.08126
BAD root_position: -0.08079
BAD root_position: -0.08016
BAD root_position: -0.07946
BAD root_position: -0.07878
BAD root_position: -0.07821
BAD root_position: -0.07783
BAD root_position: -0.07774
BAD root_position: -0.07775
BAD root_position: -0.07776
BAD root_position: -0.07777
BAD root_position: -0.07777
BAD root_position: -0.07778
BAD root_position: -0.07778
BAD root_position: -0.07782
BAD root_position: -0.07814
BAD root_position: -0.07868
BAD root_position: -0.07937
BAD root_position: -0.08009
BAD root_position: -0.08076
BAD root_position: -0.08128
BAD root_position: -0.08155
BAD root_position: -0.08154
BAD root_position: -0.08151
BAD root_position: -0.08146
BAD root_position: -0.08142
BAD root_position: -0.08138
BAD root_position: -0.08135
BAD root_position: -0.08131
BAD root_position: -0.08117
BAD root_position: -0.08073
BAD root_position: -0.08008
BAD root_position: -0.07934
BAD root_position: -0.07862
BAD root_position: -0.07802
BAD root_position: -0.07765
BAD root_position: -0.07760
BAD root_position: -0.07765
BAD root_position: -0.07770
BAD root_position: -0.07775
BAD root_position: -0.07780
BAD root_position: -0.07785
BAD root_position: -0.07789
BAD root_position: -0.07806
BAD root_position: -0.07854
BAD root_position: -0.07921
BAD root_position: -0.07997
BAD root_position: -0.08071
BAD root_position: -0.08132
BAD root_position: -0.08169
BAD root_position: -0.08175
BAD root_position: -0.08172
BAD root_position: -0.08169
BAD root_position: -0.08165
BAD root_position: -0.08162
BAD root_position: -0.08158
BAD root_position: -0.08155
BAD root_position: -0.08136
BAD root_position: -0.08088
BAD root_position: -0.08022
BAD root_position: -0.07948
BAD root_position: -0.07877
BAD root_position: -0.07818
BAD root_position: -0.07782
BAD root_position: -0.07776
BAD root_position: -0.07777
BAD root_position: -0.07777
BAD root_position: -0.07776
BAD root_position: -0.07776
BAD root_position: -0.07776
BAD root_position: -0.07776
BAD root_position: -0.07794
BAD root_position: -0.07843
BAD root_position: -0.07910
BAD root_position: -0.07986
BAD root_position: -0.08058
BAD root_position: -0.08115
BAD root_position: -0.08147
BAD root_position: -0.08148
BAD root_position: -0.08144
BAD root_position: -0.08140
BAD root_position: -0.08136
BAD root_position: -0.08132
BAD root_position: -0.08128
BAD root_position: -0.08126
BAD root_position: -0.08103
BAD root_position: -0.08052
BAD root_position: -0.07984
BAD root_position: -0.07910
BAD root_position: -0.07840
BAD root_position: -0.07786
BAD root_position: -0.07758
BAD root_position: -0.07760
BAD root_position: -0.07765
BAD root_position: -0.07771
BAD root_position: -0.07777
BAD root_position: -0.07782
BAD root_position: -0.07788
BAD root_position: -0.07793
BAD root_position: -0.07820
BAD root_position: -0.07875
BAD root_position: -0.07946
BAD root_position: -0.08023
BAD root_position: -0.08095
BAD root_position: -0.08151
BAD root_position: -0.08180
BAD root_position: -0.08180
BAD root_position: -0.08178
BAD root_position: -0.08175
BAD root_position: -0.08171
BAD root_position: -0.08167
BAD root_position: -0.08164
BAD root_position: -0.08159
BAD root_position: -0.08131
BAD root_position: -0.08077
BAD root_position: -0.08007
BAD root_position: -0.07932
BAD root_position: -0.07862
BAD root_position: -0.07808
BAD root_position: -0.07781
BAD root_position: -0.07778
BAD root_position: -0.07777
BAD root_position: -0.07776
BAD root_position: -0.07775
BAD root_position: -0.07774
BAD root_position: -0.07773
BAD root_position: -0.07774
BAD root_position: -0.07801
BAD root_position: -0.07856
BAD root_position: -0.07926
BAD root_position: -0.08001
BAD root_position: -0.08070
BAD root_position: -0.08121
BAD root_position: -0.08143
BAD root_position: -0.08140
BAD root_position: -0.08136
BAD root_position: -0.08132
BAD root_position: -0.08129
recorded 500 frames
avg lin_vel_x -0.0162
avg lin_vel_y -0.0389
avg yaw 0.0001
computed xvel: -0.068, mean xvel: -0.0162
computed yvel: -0.051, mean yvel: -0.0389
computed thetavel: 0.137, mean thetavel: 0.0001
DONE, saving 128_-0.068_-0.051_0.137.json
