<frozen importlib._bootstrap>:241: RuntimeWarning: to-Python converter for std::vector<Eigen::Matrix<double, 3, 1, 0, 3, 1>, std::allocator<Eigen::Matrix<double, 3, 1, 0, 3, 1> > > already registered; second conversion method ignored.
<frozen importlib._bootstrap>:241: RuntimeWarning: to-Python converter for boost::python::detail::container_element<std::vector<Eigen::Matrix<double, 3, 1, 0, 3, 1>, std::allocator<Eigen::Matrix<double, 3, 1, 0, 3, 1> > >, unsigned long, boost::python::detail::final_vector_derived_policies<std::vector<Eigen::Matrix<double, 3, 1, 0, 3, 1>, std::allocator<Eigen::Matrix<double, 3, 1, 0, 3, 1> > >, false> > already registered; second conversion method ignored.
<frozen importlib._bootstrap>:241: RuntimeWarning: to-Python converter for std::vector<int, std::allocator<int> > already registered; second conversion method ignored.
<frozen importlib._bootstrap>:241: RuntimeWarning: to-Python converter for std::vector<double, std::allocator<double> > already registered; second conversion method ignored.
<frozen importlib._bootstrap>:241: RuntimeWarning: to-Python converter for std::vector<std::__cxx11::basic_string<char, std::char_traits<char>, std::allocator<char> >, std::allocator<std::__cxx11::basic_string<char, std::char_traits<char>, std::allocator<char> > > > already registered; second conversion method ignored.
WARNING: Can't find trunk frames in the model, can't measure leg spacing
WARNING: Can't find head frames in the model, camera_look_at won't work
gait_parameters {'dx': 0.06, 'dy': -0.01, 'dtheta': -0.2, 'duration': 8, 'hardware': True, 'double_support_ratio': 0.25, 'startend_double_support_ratio': 1.5, 'planned_timesteps': 48, 'replan_timesteps': 10, 'walk_com_height': 0.445, 'walk_foot_height': 0.03, 'walk_trunk_pitch': -5.7, 'walk_foot_rise_ratio': 0.3, 'single_support_duration': 0.45, 'single_support_timesteps': 10, 'foot_length': 0.22, 'feet_spacing': 0.114, 'zmp_margin': 0.02, 'foot_zmp_target_x': 0.0, 'foot_zmp_target_y': 0.0, 'walk_max_dtheta': 1.0, 'walk_max_dy': 0.04, 'walk_max_dx_forward': 0.1, 'walk_max_dx_backward': 0.03, 'joints': ['leg_left_ankle_roll_joint', 'leg_left_ankle_pitch_joint', 'leg_left_knee_pitch_joint', 'leg_left_hip_pitch_joint', 'leg_left_hip_yaw_joint', 'leg_left_hip_roll_joint', 'leg_right_ankle_roll_joint', 'leg_right_ankle_pitch_joint', 'leg_right_knee_pitch_joint', 'leg_right_hip_pitch_joint', 'leg_right_hip_yaw_joint', 'leg_right_hip_roll_joint', 'left_wrist_attachment_joint', 'left_fore_arm_joint', 'left_upper_arm_joint', 'left_shoulder_joint', 'right_wrist_attachment_joint', 'right_fore_arm_joint', 'right_upper_arm_joint', 'right_shoulder_joint'], 'joint_angles': {'left_wrist_attachment_joint': 30, 'left_fore_arm_joint': 0, 'left_upper_arm_joint': 0, 'left_shoulder_joint': 0, 'right_wrist_attachment_joint': -30, 'right_fore_arm_joint': 0, 'right_upper_arm_joint': 0, 'right_shoulder_joint': 0}}
Placing the robot in the initial position...
Initial position reached
{'leg_left_ankle_roll_joint': 0.02178102207199211, 'leg_left_ankle_pitch_joint': -0.5112040964914484, 'leg_left_knee_pitch_joint': 0.9615554858063503, 'leg_left_hip_pitch_joint': -0.3515656303044766, 'leg_left_hip_yaw_joint': -0.05831601375603354, 'leg_left_hip_roll_joint': -0.013819984912930041, 'leg_right_ankle_roll_joint': 0.022486794293413076, 'leg_right_ankle_pitch_joint': -0.5372426019488551, 'leg_right_knee_pitch_joint': 1.0462905094487793, 'leg_right_hip_pitch_joint': -0.41028311064039114, 'leg_right_hip_yaw_joint': -0.05886373085578815, 'leg_right_hip_roll_joint': -0.014273633651278974, 'left_wrist_attachment_joint': 0.5235987755982988, 'left_fore_arm_joint': -1.977600836563467e-24, 'left_upper_arm_joint': 2.8730437180322655e-24, 'left_shoulder_joint': 3.95191316299333e-24, 'right_wrist_attachment_joint': -0.5235987755982988, 'right_fore_arm_joint': 2.3816410054324794e-24, 'right_upper_arm_joint': -3.350962592935948e-24, 'right_shoulder_joint': -3.94208030287767e-24}
## period: 1.17
You can open the visualizer by visiting the following URL:
http://127.0.0.1:7008/static/
Viewer URL: http://127.0.0.1:7008/static/
BAD root_position: -0.07799
BAD root_position: -0.07799
BAD root_position: -0.07799
BAD root_position: -0.07799
BAD root_position: -0.07799
BAD root_position: -0.07799
BAD root_position: -0.07799
BAD root_position: -0.07799
BAD root_position: -0.07799
BAD root_position: -0.07799
BAD root_position: -0.07799
BAD root_position: -0.07799
BAD root_position: -0.07799
BAD root_position: -0.07799
BAD root_position: -0.07799
BAD root_position: -0.07799
BAD root_position: -0.07799
BAD root_position: -0.07799
BAD root_position: -0.07799
BAD root_position: -0.07799
BAD root_position: -0.07799
BAD root_position: -0.07799
BAD root_position: -0.07799
BAD root_position: -0.07799
BAD root_position: -0.07799
BAD root_position: -0.07799
BAD root_position: -0.07799
BAD root_position: -0.07798
BAD root_position: -0.07798
BAD root_position: -0.07798
BAD root_position: -0.07798
BAD root_position: -0.07798
BAD root_position: -0.07799
BAD root_position: -0.07823
BAD root_position: -0.07872
BAD root_position: -0.07937
BAD root_position: -0.08009
BAD root_position: -0.08078
BAD root_position: -0.08135
BAD root_position: -0.08170
BAD root_position: -0.08177
BAD root_position: -0.08177
BAD root_position: -0.08177
BAD root_position: -0.08177
BAD root_position: -0.08177
BAD root_position: -0.08177
BAD root_position: -0.08177
BAD root_position: -0.08171
BAD root_position: -0.08133
BAD root_position: -0.08073
BAD root_position: -0.08000
BAD root_position: -0.07925
BAD root_position: -0.07860
BAD root_position: -0.07814
BAD root_position: -0.07799
BAD root_position: -0.07799
BAD root_position: -0.07799
BAD root_position: -0.07799
BAD root_position: -0.07798
BAD root_position: -0.07798
BAD root_position: -0.07798
BAD root_position: -0.07806
BAD root_position: -0.07845
BAD root_position: -0.07907
BAD root_position: -0.07980
BAD root_position: -0.08055
BAD root_position: -0.08120
BAD root_position: -0.08164
BAD root_position: -0.08178
BAD root_position: -0.08178
BAD root_position: -0.08179
BAD root_position: -0.08179
BAD root_position: -0.08179
BAD root_position: -0.08180
BAD root_position: -0.08180
BAD root_position: -0.08170
BAD root_position: -0.08129
BAD root_position: -0.08066
BAD root_position: -0.07991
BAD root_position: -0.07917
BAD root_position: -0.07853
BAD root_position: -0.07811
BAD root_position: -0.07799
BAD root_position: -0.07799
BAD root_position: -0.07798
BAD root_position: -0.07798
BAD root_position: -0.07797
BAD root_position: -0.07797
BAD root_position: -0.07796
BAD root_position: -0.07808
BAD root_position: -0.07850
BAD root_position: -0.07914
BAD root_position: -0.07988
BAD root_position: -0.08062
BAD root_position: -0.08124
BAD root_position: -0.08165
BAD root_position: -0.08175
BAD root_position: -0.08175
BAD root_position: -0.08176
BAD root_position: -0.08177
BAD root_position: -0.08178
BAD root_position: -0.08178
BAD root_position: -0.08179
BAD root_position: -0.08166
BAD root_position: -0.08121
BAD root_position: -0.08056
BAD root_position: -0.07981
BAD root_position: -0.07908
BAD root_position: -0.07846
BAD root_position: -0.07808
BAD root_position: -0.07800
BAD root_position: -0.07800
BAD root_position: -0.07799
BAD root_position: -0.07798
BAD root_position: -0.07798
BAD root_position: -0.07797
BAD root_position: -0.07796
BAD root_position: -0.07812
BAD root_position: -0.07859
BAD root_position: -0.07924
BAD root_position: -0.07999
BAD root_position: -0.08072
BAD root_position: -0.08132
BAD root_position: -0.08168
BAD root_position: -0.08175
BAD root_position: -0.08175
BAD root_position: -0.08176
BAD root_position: -0.08176
BAD root_position: -0.08177
BAD root_position: -0.08178
BAD root_position: -0.08178
BAD root_position: -0.08160
BAD root_position: -0.08111
BAD root_position: -0.08044
BAD root_position: -0.07969
BAD root_position: -0.07897
BAD root_position: -0.07838
BAD root_position: -0.07804
BAD root_position: -0.07799
BAD root_position: -0.07799
BAD root_position: -0.07798
BAD root_position: -0.07798
BAD root_position: -0.07798
BAD root_position: -0.07797
BAD root_position: -0.07797
BAD root_position: -0.07818
BAD root_position: -0.07868
BAD root_position: -0.07935
BAD root_position: -0.08010
BAD root_position: -0.08082
BAD root_position: -0.08140
BAD root_position: -0.08172
BAD root_position: -0.08176
BAD root_position: -0.08177
BAD root_position: -0.08178
BAD root_position: -0.08178
BAD root_position: -0.08179
BAD root_position: -0.08180
BAD root_position: -0.08180
BAD root_position: -0.08157
BAD root_position: -0.08105
BAD root_position: -0.08036
BAD root_position: -0.07960
BAD root_position: -0.07889
BAD root_position: -0.07833
BAD root_position: -0.07803
BAD root_position: -0.07800
BAD root_position: -0.07800
BAD root_position: -0.07799
BAD root_position: -0.07798
BAD root_position: -0.07797
BAD root_position: -0.07797
BAD root_position: -0.07797
BAD root_position: -0.07822
BAD root_position: -0.07875
BAD root_position: -0.07944
BAD root_position: -0.08020
BAD root_position: -0.08090
BAD root_position: -0.08144
BAD root_position: -0.08172
BAD root_position: -0.08173
BAD root_position: -0.08174
BAD root_position: -0.08175
BAD root_position: -0.08175
BAD root_position: -0.08176
BAD root_position: -0.08177
BAD root_position: -0.08175
BAD root_position: -0.08147
BAD root_position: -0.08093
BAD root_position: -0.08022
BAD root_position: -0.07947
BAD root_position: -0.07877
BAD root_position: -0.07827
BAD root_position: -0.07800
BAD root_position: -0.07799
BAD root_position: -0.07799
BAD root_position: -0.07798
BAD root_position: -0.07798
BAD root_position: -0.07798
BAD root_position: -0.07798
BAD root_position: -0.07797
BAD root_position: -0.07812
BAD root_position: -0.07854
BAD root_position: -0.07916
BAD root_position: -0.07986
BAD root_position: -0.08057
BAD root_position: -0.08119
BAD root_position: -0.08162
BAD root_position: -0.08177
BAD root_position: -0.08178
BAD root_position: -0.08178
BAD root_position: -0.08179
BAD root_position: -0.08180
BAD root_position: -0.08181
BAD root_position: -0.08181
BAD root_position: -0.08180
BAD root_position: -0.08154
BAD root_position: -0.08103
BAD root_position: -0.08037
BAD root_position: -0.07965
BAD root_position: -0.07896
BAD root_position: -0.07840
BAD root_position: -0.07807
BAD root_position: -0.07801
BAD root_position: -0.07800
BAD root_position: -0.07799
BAD root_position: -0.07798
BAD root_position: -0.07797
BAD root_position: -0.07796
BAD root_position: -0.07795
BAD root_position: -0.07803
BAD root_position: -0.07839
BAD root_position: -0.07896
BAD root_position: -0.07964
BAD root_position: -0.08036
BAD root_position: -0.08100
BAD root_position: -0.08148
BAD root_position: -0.08171
BAD root_position: -0.08172
BAD root_position: -0.08172
BAD root_position: -0.08173
BAD root_position: -0.08174
BAD root_position: -0.08174
BAD root_position: -0.08175
BAD root_position: -0.08176
BAD root_position: -0.08157
BAD root_position: -0.08112
BAD root_position: -0.08049
BAD root_position: -0.07978
BAD root_position: -0.07908
BAD root_position: -0.07849
BAD root_position: -0.07809
BAD root_position: -0.07798
BAD root_position: -0.07798
BAD root_position: -0.07798
BAD root_position: -0.07798
BAD root_position: -0.07798
BAD root_position: -0.07798
BAD root_position: -0.07798
BAD root_position: -0.07801
BAD root_position: -0.07831
BAD root_position: -0.07884
BAD root_position: -0.07951
BAD root_position: -0.08023
BAD root_position: -0.08091
BAD root_position: -0.08144
BAD root_position: -0.08175
BAD root_position: -0.08179
BAD root_position: -0.08179
BAD root_position: -0.08180
BAD root_position: -0.08181
BAD root_position: -0.08181
BAD root_position: -0.08182
BAD root_position: -0.08183
BAD root_position: -0.08172
BAD root_position: -0.08132
BAD root_position: -0.08072
BAD root_position: -0.08002
BAD root_position: -0.07930
BAD root_position: -0.07867
BAD root_position: -0.07821
BAD root_position: -0.07801
BAD root_position: -0.07800
BAD root_position: -0.07799
BAD root_position: -0.07798
BAD root_position: -0.07797
BAD root_position: -0.07796
BAD root_position: -0.07795
BAD root_position: -0.07795
BAD root_position: -0.07817
BAD root_position: -0.07864
BAD root_position: -0.07928
BAD root_position: -0.07999
BAD root_position: -0.08068
BAD root_position: -0.08125
BAD root_position: -0.08162
BAD root_position: -0.08170
BAD root_position: -0.08171
BAD root_position: -0.08171
BAD root_position: -0.08172
BAD root_position: -0.08173
BAD root_position: -0.08173
BAD root_position: -0.08174
BAD root_position: -0.08169
BAD root_position: -0.08136
BAD root_position: -0.08081
BAD root_position: -0.08013
BAD root_position: -0.07941
BAD root_position: -0.07876
BAD root_position: -0.07825
BAD root_position: -0.07800
BAD root_position: -0.07798
BAD root_position: -0.07798
BAD root_position: -0.07798
BAD root_position: -0.07799
BAD root_position: -0.07799
BAD root_position: -0.07799
BAD root_position: -0.07798
BAD root_position: -0.07813
BAD root_position: -0.07856
BAD root_position: -0.07917
BAD root_position: -0.07988
BAD root_position: -0.08059
BAD root_position: -0.08121
BAD root_position: -0.08164
BAD root_position: -0.08179
BAD root_position: -0.08180
BAD root_position: -0.08181
BAD root_position: -0.08182
BAD root_position: -0.08182
BAD root_position: -0.08183
BAD root_position: -0.08184
BAD root_position: -0.08182
BAD root_position: -0.08156
BAD root_position: -0.08105
BAD root_position: -0.08039
BAD root_position: -0.07966
BAD root_position: -0.07897
BAD root_position: -0.07841
BAD root_position: -0.07807
BAD root_position: -0.07801
BAD root_position: -0.07800
BAD root_position: -0.07799
BAD root_position: -0.07798
BAD root_position: -0.07796
BAD root_position: -0.07795
BAD root_position: -0.07794
BAD root_position: -0.07801
BAD root_position: -0.07837
BAD root_position: -0.07894
BAD root_position: -0.07962
BAD root_position: -0.08033
BAD root_position: -0.08098
BAD root_position: -0.08146
BAD root_position: -0.08168
BAD root_position: -0.08169
BAD root_position: -0.08170
BAD root_position: -0.08170
BAD root_position: -0.08171
BAD root_position: -0.08172
BAD root_position: -0.08172
BAD root_position: -0.08173
BAD root_position: -0.08155
BAD root_position: -0.08110
BAD root_position: -0.08047
BAD root_position: -0.07976
BAD root_position: -0.07907
BAD root_position: -0.07847
BAD root_position: -0.07808
BAD root_position: -0.07797
BAD root_position: -0.07798
BAD root_position: -0.07798
BAD root_position: -0.07798
BAD root_position: -0.07799
BAD root_position: -0.07799
BAD root_position: -0.07799
BAD root_position: -0.07802
BAD root_position: -0.07833
BAD root_position: -0.07886
BAD root_position: -0.07953
BAD root_position: -0.08025
BAD root_position: -0.08093
BAD root_position: -0.08147
BAD root_position: -0.08177
BAD root_position: -0.08181
BAD root_position: -0.08182
BAD root_position: -0.08182
BAD root_position: -0.08183
BAD root_position: -0.08184
BAD root_position: -0.08184
BAD root_position: -0.08185
BAD root_position: -0.08174
BAD root_position: -0.08131
BAD root_position: -0.08067
BAD root_position: -0.07992
BAD root_position: -0.07918
BAD root_position: -0.07854
BAD root_position: -0.07812
BAD root_position: -0.07801
BAD root_position: -0.07800
BAD root_position: -0.07799
BAD root_position: -0.07797
BAD root_position: -0.07796
BAD root_position: -0.07794
BAD root_position: -0.07793
BAD root_position: -0.07805
BAD root_position: -0.07849
BAD root_position: -0.07912
BAD root_position: -0.07986
BAD root_position: -0.08059
BAD root_position: -0.08120
BAD root_position: -0.08159
BAD root_position: -0.08168
BAD root_position: -0.08168
BAD root_position: -0.08168
BAD root_position: -0.08169
BAD root_position: -0.08170
BAD root_position: -0.08171
BAD root_position: -0.08172
BAD root_position: -0.08157
BAD root_position: -0.08111
BAD root_position: -0.08046
BAD root_position: -0.07972
BAD root_position: -0.07899
BAD root_position: -0.07839
BAD root_position: -0.07803
BAD root_position: -0.07797
BAD root_position: -0.07798
BAD root_position: -0.07798
BAD root_position: -0.07799
BAD root_position: -0.07799
BAD root_position: -0.07799
BAD root_position: -0.07800
BAD root_position: -0.07818
BAD root_position: -0.07866
BAD root_position: -0.07933
BAD root_position: -0.08008
BAD root_position: -0.08081
BAD root_position: -0.08141
BAD root_position: -0.08177
BAD root_position: -0.08182
BAD root_position: -0.08183
BAD root_position: -0.08184
BAD root_position: -0.08184
BAD root_position: -0.08185
BAD root_position: -0.08186
BAD root_position: -0.08186
BAD root_position: -0.08166
BAD root_position: -0.08116
BAD root_position: -0.08047
BAD root_position: -0.07971
BAD root_position: -0.07899
BAD root_position: -0.07840
BAD root_position: -0.07807
BAD root_position: -0.07802
BAD root_position: -0.07800
BAD root_position: -0.07799
BAD root_position: -0.07797
BAD root_position: -0.07796
BAD root_position: -0.07794
BAD root_position: -0.07793
BAD root_position: -0.07815
BAD root_position: -0.07865
BAD root_position: -0.07932
BAD root_position: -0.08007
BAD root_position: -0.08078
BAD root_position: -0.08134
BAD root_position: -0.08164
BAD root_position: -0.08167
BAD root_position: -0.08167
BAD root_position: -0.08168
BAD root_position: -0.08168
BAD root_position: -0.08169
BAD root_position: -0.08170
BAD root_position: -0.08170
BAD root_position: -0.08146
BAD root_position: -0.08093
BAD root_position: -0.08025
BAD root_position: -0.07950
BAD root_position: -0.07880
BAD root_position: -0.07826
BAD root_position: -0.07798
BAD root_position: -0.07797
BAD root_position: -0.07798
BAD root_position: -0.07799
BAD root_position: -0.07799
BAD root_position: -0.07800
BAD root_position: -0.07800
BAD root_position: -0.07802
BAD root_position: -0.07830
BAD root_position: -0.07885
BAD root_position: -0.07955
BAD root_position: -0.08031
BAD root_position: -0.08101
BAD root_position: -0.08155
BAD root_position: -0.08182
BAD root_position: -0.08184
BAD root_position: -0.08184
BAD root_position: -0.08185
BAD root_position: -0.08186
recorded 500 frames
avg lin_vel_x 0.0026
avg lin_vel_y -0.0153
avg yaw -0.0
computed xvel: 0.103, mean xvel: 0.0026
computed yvel: -0.017, mean yvel: -0.0153
computed thetavel: -0.342, mean thetavel: -0.0
DONE, saving 13_0.103_-0.017_-0.342.json
