<frozen importlib._bootstrap>:241: RuntimeWarning: to-Python converter for std::vector<Eigen::Matrix<double, 3, 1, 0, 3, 1>, std::allocator<Eigen::Matrix<double, 3, 1, 0, 3, 1> > > already registered; second conversion method ignored.
<frozen importlib._bootstrap>:241: RuntimeWarning: to-Python converter for boost::python::detail::container_element<std::vector<Eigen::Matrix<double, 3, 1, 0, 3, 1>, std::allocator<Eigen::Matrix<double, 3, 1, 0, 3, 1> > >, unsigned long, boost::python::detail::final_vector_derived_policies<std::vector<Eigen::Matrix<double, 3, 1, 0, 3, 1>, std::allocator<Eigen::Matrix<double, 3, 1, 0, 3, 1> > >, false> > already registered; second conversion method ignored.
<frozen importlib._bootstrap>:241: RuntimeWarning: to-Python converter for std::vector<int, std::allocator<int> > already registered; second conversion method ignored.
<frozen importlib._bootstrap>:241: RuntimeWarning: to-Python converter for std::vector<double, std::allocator<double> > already registered; second conversion method ignored.
<frozen importlib._bootstrap>:241: RuntimeWarning: to-Python converter for std::vector<std::__cxx11::basic_string<char, std::char_traits<char>, std::allocator<char> >, std::allocator<std::__cxx11::basic_string<char, std::char_traits<char>, std::allocator<char> > > > already registered; second conversion method ignored.
WARNING: Can't find trunk frames in the model, can't measure leg spacing
WARNING: Can't find head frames in the model, camera_look_at won't work
gait_parameters {'dx': -0.04, 'dy': -0.01, 'dtheta': 0.08, 'duration': 8, 'hardware': True, 'double_support_ratio': 0.25, 'startend_double_support_ratio': 1.5, 'planned_timesteps': 48, 'replan_timesteps': 10, 'walk_com_height': 0.445, 'walk_foot_height': 0.03, 'walk_trunk_pitch': -5.7, 'walk_foot_rise_ratio': 0.3, 'single_support_duration': 0.45, 'single_support_timesteps': 10, 'foot_length': 0.22, 'feet_spacing': 0.114, 'zmp_margin': 0.02, 'foot_zmp_target_x': 0.0, 'foot_zmp_target_y': 0.0, 'walk_max_dtheta': 1.0, 'walk_max_dy': 0.04, 'walk_max_dx_forward': 0.1, 'walk_max_dx_backward': 0.03, 'joints': ['leg_left_ankle_roll_joint', 'leg_left_ankle_pitch_joint', 'leg_left_knee_pitch_joint', 'leg_left_hip_pitch_joint', 'leg_left_hip_yaw_joint', 'leg_left_hip_roll_joint', 'leg_right_ankle_roll_joint', 'leg_right_ankle_pitch_joint', 'leg_right_knee_pitch_joint', 'leg_right_hip_pitch_joint', 'leg_right_hip_yaw_joint', 'leg_right_hip_roll_joint', 'left_wrist_attachment_joint', 'left_fore_arm_joint', 'left_upper_arm_joint', 'left_shoulder_joint', 'right_wrist_attachment_joint', 'right_fore_arm_joint', 'right_upper_arm_joint', 'right_shoulder_joint'], 'joint_angles': {'left_wrist_attachment_joint': 30, 'left_fore_arm_joint': 0, 'left_upper_arm_joint': 0, 'left_shoulder_joint': 0, 'right_wrist_attachment_joint': -30, 'right_fore_arm_joint': 0, 'right_upper_arm_joint': 0, 'right_shoulder_joint': 0}}
Placing the robot in the initial position...
Initial position reached
{'leg_left_ankle_roll_joint': 0.021623060733510644, 'leg_left_ankle_pitch_joint': -0.509985915746108, 'leg_left_knee_pitch_joint': 0.9590576027004962, 'leg_left_hip_pitch_joint': -0.35028008819177975, 'leg_left_hip_yaw_joint': -0.05819384559486708, 'leg_left_hip_roll_joint': -0.013719680753646876, 'leg_right_ankle_roll_joint': 0.022325853032006463, 'leg_right_ankle_pitch_joint': -0.5360785744078698, 'leg_right_knee_pitch_joint': 1.0438832956598711, 'leg_right_hip_pitch_joint': -0.4090339183283527, 'leg_right_hip_yaw_joint': -0.05873926067743151, 'leg_right_hip_roll_joint': -0.014171430727157064, 'left_wrist_attachment_joint': 0.5235987755982988, 'left_fore_arm_joint': -6.044453974052162e-24, 'left_upper_arm_joint': 8.60645814627725e-24, 'left_shoulder_joint': 1.2150150038728557e-23, 'right_wrist_attachment_joint': -0.5235987755982988, 'right_fore_arm_joint': 7.296496701487045e-24, 'right_upper_arm_joint': -1.0069878471710102e-23, 'right_shoulder_joint': -1.1969309866191004e-23}
## period: 1.17
You can open the visualizer by visiting the following URL:
http://127.0.0.1:7001/static/
Viewer URL: http://127.0.0.1:7001/static/
BAD root_position: -0.07780
BAD root_position: -0.07780
BAD root_position: -0.07780
BAD root_position: -0.07780
BAD root_position: -0.07780
BAD root_position: -0.07780
BAD root_position: -0.07780
BAD root_position: -0.07780
BAD root_position: -0.07780
BAD root_position: -0.07780
BAD root_position: -0.07780
BAD root_position: -0.07780
BAD root_position: -0.07780
BAD root_position: -0.07780
BAD root_position: -0.07780
BAD root_position: -0.07780
BAD root_position: -0.07780
BAD root_position: -0.07780
BAD root_position: -0.07780
BAD root_position: -0.07780
BAD root_position: -0.07780
BAD root_position: -0.07780
BAD root_position: -0.07780
BAD root_position: -0.07780
BAD root_position: -0.07780
BAD root_position: -0.07780
BAD root_position: -0.07780
BAD root_position: -0.07780
BAD root_position: -0.07780
BAD root_position: -0.07779
BAD root_position: -0.07779
BAD root_position: -0.07779
BAD root_position: -0.07780
BAD root_position: -0.07804
BAD root_position: -0.07853
BAD root_position: -0.07919
BAD root_position: -0.07990
BAD root_position: -0.08059
BAD root_position: -0.08116
BAD root_position: -0.08151
BAD root_position: -0.08158
BAD root_position: -0.08158
BAD root_position: -0.08158
BAD root_position: -0.08158
BAD root_position: -0.08158
BAD root_position: -0.08158
BAD root_position: -0.08159
BAD root_position: -0.08152
BAD root_position: -0.08115
BAD root_position: -0.08054
BAD root_position: -0.07981
BAD root_position: -0.07907
BAD root_position: -0.07841
BAD root_position: -0.07795
BAD root_position: -0.07780
BAD root_position: -0.07780
BAD root_position: -0.07780
BAD root_position: -0.07780
BAD root_position: -0.07780
BAD root_position: -0.07780
BAD root_position: -0.07780
BAD root_position: -0.07788
BAD root_position: -0.07827
BAD root_position: -0.07889
BAD root_position: -0.07962
BAD root_position: -0.08037
BAD root_position: -0.08101
BAD root_position: -0.08145
BAD root_position: -0.08158
BAD root_position: -0.08158
BAD root_position: -0.08158
BAD root_position: -0.08157
BAD root_position: -0.08157
BAD root_position: -0.08157
BAD root_position: -0.08157
BAD root_position: -0.08147
BAD root_position: -0.08106
BAD root_position: -0.08043
BAD root_position: -0.07969
BAD root_position: -0.07895
BAD root_position: -0.07832
BAD root_position: -0.07791
BAD root_position: -0.07780
BAD root_position: -0.07780
BAD root_position: -0.07780
BAD root_position: -0.07781
BAD root_position: -0.07781
BAD root_position: -0.07781
BAD root_position: -0.07781
BAD root_position: -0.07793
BAD root_position: -0.07836
BAD root_position: -0.07901
BAD root_position: -0.07975
BAD root_position: -0.08049
BAD root_position: -0.08111
BAD root_position: -0.08151
BAD root_position: -0.08160
BAD root_position: -0.08160
BAD root_position: -0.08159
BAD root_position: -0.08159
BAD root_position: -0.08158
BAD root_position: -0.08158
BAD root_position: -0.08158
BAD root_position: -0.08143
BAD root_position: -0.08098
BAD root_position: -0.08033
BAD root_position: -0.07958
BAD root_position: -0.07885
BAD root_position: -0.07824
BAD root_position: -0.07787
BAD root_position: -0.07780
BAD root_position: -0.07780
BAD root_position: -0.07780
BAD root_position: -0.07780
BAD root_position: -0.07780
BAD root_position: -0.07780
BAD root_position: -0.07780
BAD root_position: -0.07797
BAD root_position: -0.07844
BAD root_position: -0.07910
BAD root_position: -0.07985
BAD root_position: -0.08058
BAD root_position: -0.08118
BAD root_position: -0.08154
BAD root_position: -0.08160
BAD root_position: -0.08159
BAD root_position: -0.08159
BAD root_position: -0.08159
BAD root_position: -0.08158
BAD root_position: -0.08158
BAD root_position: -0.08158
BAD root_position: -0.08139
BAD root_position: -0.08090
BAD root_position: -0.08023
BAD root_position: -0.07948
BAD root_position: -0.07876
BAD root_position: -0.07818
BAD root_position: -0.07784
BAD root_position: -0.07780
BAD root_position: -0.07780
BAD root_position: -0.07780
BAD root_position: -0.07781
BAD root_position: -0.07781
BAD root_position: -0.07781
BAD root_position: -0.07781
BAD root_position: -0.07802
BAD root_position: -0.07853
BAD root_position: -0.07921
BAD root_position: -0.07996
BAD root_position: -0.08068
BAD root_position: -0.08125
BAD root_position: -0.08156
BAD root_position: -0.08159
BAD root_position: -0.08159
BAD root_position: -0.08159
BAD root_position: -0.08158
BAD root_position: -0.08158
BAD root_position: -0.08158
BAD root_position: -0.08157
BAD root_position: -0.08133
BAD root_position: -0.08081
BAD root_position: -0.08012
BAD root_position: -0.07937
BAD root_position: -0.07866
BAD root_position: -0.07811
BAD root_position: -0.07781
BAD root_position: -0.07779
BAD root_position: -0.07780
BAD root_position: -0.07780
BAD root_position: -0.07780
BAD root_position: -0.07781
BAD root_position: -0.07781
BAD root_position: -0.07782
BAD root_position: -0.07808
BAD root_position: -0.07862
BAD root_position: -0.07932
BAD root_position: -0.08007
BAD root_position: -0.08077
BAD root_position: -0.08132
BAD root_position: -0.08159
BAD root_position: -0.08160
BAD root_position: -0.08160
BAD root_position: -0.08159
BAD root_position: -0.08159
BAD root_position: -0.08159
BAD root_position: -0.08159
BAD root_position: -0.08157
BAD root_position: -0.08128
BAD root_position: -0.08073
BAD root_position: -0.08002
BAD root_position: -0.07927
BAD root_position: -0.07858
BAD root_position: -0.07807
BAD root_position: -0.07782
BAD root_position: -0.07780
BAD root_position: -0.07780
BAD root_position: -0.07780
BAD root_position: -0.07781
BAD root_position: -0.07781
BAD root_position: -0.07781
BAD root_position: -0.07781
BAD root_position: -0.07796
BAD root_position: -0.07838
BAD root_position: -0.07900
BAD root_position: -0.07970
BAD root_position: -0.08041
BAD root_position: -0.08102
BAD root_position: -0.08145
BAD root_position: -0.08159
BAD root_position: -0.08159
BAD root_position: -0.08158
BAD root_position: -0.08158
BAD root_position: -0.08158
BAD root_position: -0.08157
BAD root_position: -0.08157
BAD root_position: -0.08155
BAD root_position: -0.08129
BAD root_position: -0.08078
BAD root_position: -0.08011
BAD root_position: -0.07940
BAD root_position: -0.07872
BAD root_position: -0.07817
BAD root_position: -0.07784
BAD root_position: -0.07779
BAD root_position: -0.07780
BAD root_position: -0.07780
BAD root_position: -0.07780
BAD root_position: -0.07781
BAD root_position: -0.07781
BAD root_position: -0.07781
BAD root_position: -0.07789
BAD root_position: -0.07826
BAD root_position: -0.07884
BAD root_position: -0.07953
BAD root_position: -0.08025
BAD root_position: -0.08090
BAD root_position: -0.08138
BAD root_position: -0.08160
BAD root_position: -0.08160
BAD root_position: -0.08160
BAD root_position: -0.08160
BAD root_position: -0.08160
BAD root_position: -0.08159
BAD root_position: -0.08159
BAD root_position: -0.08159
BAD root_position: -0.08140
BAD root_position: -0.08094
BAD root_position: -0.08031
BAD root_position: -0.07959
BAD root_position: -0.07889
BAD root_position: -0.07830
BAD root_position: -0.07791
BAD root_position: -0.07780
BAD root_position: -0.07780
BAD root_position: -0.07780
BAD root_position: -0.07781
BAD root_position: -0.07781
BAD root_position: -0.07781
BAD root_position: -0.07780
BAD root_position: -0.07784
BAD root_position: -0.07814
BAD root_position: -0.07867
BAD root_position: -0.07934
BAD root_position: -0.08006
BAD root_position: -0.08073
BAD root_position: -0.08126
BAD root_position: -0.08156
BAD root_position: -0.08159
BAD root_position: -0.08158
BAD root_position: -0.08158
BAD root_position: -0.08157
BAD root_position: -0.08157
BAD root_position: -0.08157
BAD root_position: -0.08157
BAD root_position: -0.08145
BAD root_position: -0.08105
BAD root_position: -0.08046
BAD root_position: -0.07976
BAD root_position: -0.07905
BAD root_position: -0.07842
BAD root_position: -0.07797
BAD root_position: -0.07779
BAD root_position: -0.07780
BAD root_position: -0.07780
BAD root_position: -0.07780
BAD root_position: -0.07781
BAD root_position: -0.07781
BAD root_position: -0.07781
BAD root_position: -0.07782
BAD root_position: -0.07805
BAD root_position: -0.07853
BAD root_position: -0.07918
BAD root_position: -0.07990
BAD root_position: -0.08059
BAD root_position: -0.08117
BAD root_position: -0.08153
BAD root_position: -0.08161
BAD root_position: -0.08161
BAD root_position: -0.08160
BAD root_position: -0.08160
BAD root_position: -0.08160
BAD root_position: -0.08160
BAD root_position: -0.08160
BAD root_position: -0.08154
BAD root_position: -0.08120
BAD root_position: -0.08064
BAD root_position: -0.07996
BAD root_position: -0.07924
BAD root_position: -0.07858
BAD root_position: -0.07808
BAD root_position: -0.07782
BAD root_position: -0.07780
BAD root_position: -0.07780
BAD root_position: -0.07780
BAD root_position: -0.07780
BAD root_position: -0.07780
BAD root_position: -0.07780
BAD root_position: -0.07780
BAD root_position: -0.07795
BAD root_position: -0.07838
BAD root_position: -0.07899
BAD root_position: -0.07970
BAD root_position: -0.08040
BAD root_position: -0.08102
BAD root_position: -0.08144
BAD root_position: -0.08158
BAD root_position: -0.08158
BAD root_position: -0.08157
BAD root_position: -0.08157
BAD root_position: -0.08157
BAD root_position: -0.08157
BAD root_position: -0.08156
BAD root_position: -0.08155
BAD root_position: -0.08128
BAD root_position: -0.08077
BAD root_position: -0.08011
BAD root_position: -0.07939
BAD root_position: -0.07871
BAD root_position: -0.07817
BAD root_position: -0.07784
BAD root_position: -0.07779
BAD root_position: -0.07780
BAD root_position: -0.07780
BAD root_position: -0.07781
BAD root_position: -0.07781
BAD root_position: -0.07781
BAD root_position: -0.07781
BAD root_position: -0.07790
BAD root_position: -0.07827
BAD root_position: -0.07885
BAD root_position: -0.07954
BAD root_position: -0.08026
BAD root_position: -0.08091
BAD root_position: -0.08139
BAD root_position: -0.08161
BAD root_position: -0.08161
BAD root_position: -0.08161
BAD root_position: -0.08161
BAD root_position: -0.08161
BAD root_position: -0.08160
BAD root_position: -0.08160
BAD root_position: -0.08160
BAD root_position: -0.08141
BAD root_position: -0.08095
BAD root_position: -0.08031
BAD root_position: -0.07960
BAD root_position: -0.07890
BAD root_position: -0.07831
BAD root_position: -0.07791
BAD root_position: -0.07780
BAD root_position: -0.07780
BAD root_position: -0.07781
BAD root_position: -0.07780
BAD root_position: -0.07780
BAD root_position: -0.07780
BAD root_position: -0.07780
BAD root_position: -0.07783
BAD root_position: -0.07813
BAD root_position: -0.07867
BAD root_position: -0.07934
BAD root_position: -0.08005
BAD root_position: -0.08072
BAD root_position: -0.08125
BAD root_position: -0.08155
BAD root_position: -0.08158
BAD root_position: -0.08157
BAD root_position: -0.08157
BAD root_position: -0.08157
BAD root_position: -0.08156
BAD root_position: -0.08156
BAD root_position: -0.08156
BAD root_position: -0.08145
BAD root_position: -0.08102
BAD root_position: -0.08038
BAD root_position: -0.07964
BAD root_position: -0.07891
BAD root_position: -0.07829
BAD root_position: -0.07788
BAD root_position: -0.07779
BAD root_position: -0.07780
BAD root_position: -0.07780
BAD root_position: -0.07781
BAD root_position: -0.07781
BAD root_position: -0.07781
BAD root_position: -0.07782
BAD root_position: -0.07795
BAD root_position: -0.07840
BAD root_position: -0.07905
BAD root_position: -0.07980
BAD root_position: -0.08054
BAD root_position: -0.08115
BAD root_position: -0.08154
BAD root_position: -0.08162
BAD root_position: -0.08162
BAD root_position: -0.08161
BAD root_position: -0.08161
BAD root_position: -0.08161
BAD root_position: -0.08161
BAD root_position: -0.08160
BAD root_position: -0.08144
BAD root_position: -0.08098
BAD root_position: -0.08032
BAD root_position: -0.07957
BAD root_position: -0.07884
BAD root_position: -0.07824
BAD root_position: -0.07787
BAD root_position: -0.07781
BAD root_position: -0.07781
BAD root_position: -0.07780
BAD root_position: -0.07780
BAD root_position: -0.07780
BAD root_position: -0.07780
BAD root_position: -0.07780
BAD root_position: -0.07798
BAD root_position: -0.07846
BAD root_position: -0.07912
BAD root_position: -0.07987
BAD root_position: -0.08059
BAD root_position: -0.08118
BAD root_position: -0.08153
BAD root_position: -0.08157
BAD root_position: -0.08157
BAD root_position: -0.08156
BAD root_position: -0.08156
BAD root_position: -0.08156
BAD root_position: -0.08156
BAD root_position: -0.08156
BAD root_position: -0.08135
BAD root_position: -0.08085
BAD root_position: -0.08017
BAD root_position: -0.07942
BAD root_position: -0.07871
BAD root_position: -0.07814
BAD root_position: -0.07782
BAD root_position: -0.07779
BAD root_position: -0.07780
BAD root_position: -0.07780
BAD root_position: -0.07781
BAD root_position: -0.07781
BAD root_position: -0.07782
BAD root_position: -0.07782
BAD root_position: -0.07806
BAD root_position: -0.07857
BAD root_position: -0.07926
BAD root_position: -0.08002
BAD root_position: -0.08073
BAD root_position: -0.08130
BAD root_position: -0.08160
BAD root_position: -0.08162
BAD root_position: -0.08162
BAD root_position: -0.08162
BAD root_position: -0.08162
BAD root_position: -0.08161
BAD root_position: -0.08161
BAD root_position: -0.08160
BAD root_position: -0.08134
BAD root_position: -0.08081
BAD root_position: -0.08011
BAD root_position: -0.07935
BAD root_position: -0.07865
BAD root_position: -0.07810
BAD root_position: -0.07782
BAD root_position: -0.07781
BAD root_position: -0.07781
BAD root_position: -0.07780
BAD root_position: -0.07780
BAD root_position: -0.07780
BAD root_position: -0.07780
BAD root_position: -0.07781
BAD root_position: -0.07809
BAD root_position: -0.07863
BAD root_position: -0.07933
BAD root_position: -0.08008
BAD root_position: -0.08078
BAD root_position: -0.08131
BAD root_position: -0.08156
BAD root_position: -0.08157
BAD root_position: -0.08156
BAD root_position: -0.08156
BAD root_position: -0.08156
recorded 500 frames
avg lin_vel_x -0.0014
avg lin_vel_y -0.0143
avg yaw 0.0
computed xvel: -0.068, mean xvel: -0.0014
computed yvel: -0.017, mean yvel: -0.0143
computed thetavel: 0.137, mean thetavel: 0.0
DONE, saving 136_-0.068_-0.017_0.137.json
