<frozen importlib._bootstrap>:241: RuntimeWarning: to-Python converter for std::vector<Eigen::Matrix<double, 3, 1, 0, 3, 1>, std::allocator<Eigen::Matrix<double, 3, 1, 0, 3, 1> > > already registered; second conversion method ignored.
<frozen importlib._bootstrap>:241: RuntimeWarning: to-Python converter for boost::python::detail::container_element<std::vector<Eigen::Matrix<double, 3, 1, 0, 3, 1>, std::allocator<Eigen::Matrix<double, 3, 1, 0, 3, 1> > >, unsigned long, boost::python::detail::final_vector_derived_policies<std::vector<Eigen::Matrix<double, 3, 1, 0, 3, 1>, std::allocator<Eigen::Matrix<double, 3, 1, 0, 3, 1> > >, false> > already registered; second conversion method ignored.
<frozen importlib._bootstrap>:241: RuntimeWarning: to-Python converter for std::vector<int, std::allocator<int> > already registered; second conversion method ignored.
<frozen importlib._bootstrap>:241: RuntimeWarning: to-Python converter for std::vector<double, std::allocator<double> > already registered; second conversion method ignored.
<frozen importlib._bootstrap>:241: RuntimeWarning: to-Python converter for std::vector<std::__cxx11::basic_string<char, std::char_traits<char>, std::allocator<char> >, std::allocator<std::__cxx11::basic_string<char, std::char_traits<char>, std::allocator<char> > > > already registered; second conversion method ignored.
WARNING: Can't find trunk frames in the model, can't measure leg spacing
WARNING: Can't find head frames in the model, camera_look_at won't work
gait_parameters {'dx': 0.1, 'dy': -0.01, 'dtheta': -0.2, 'duration': 8, 'hardware': True, 'double_support_ratio': 0.25, 'startend_double_support_ratio': 1.5, 'planned_timesteps': 48, 'replan_timesteps': 10, 'walk_com_height': 0.445, 'walk_foot_height': 0.03, 'walk_trunk_pitch': -5.7, 'walk_foot_rise_ratio': 0.3, 'single_support_duration': 0.45, 'single_support_timesteps': 10, 'foot_length': 0.22, 'feet_spacing': 0.114, 'zmp_margin': 0.02, 'foot_zmp_target_x': 0.0, 'foot_zmp_target_y': 0.0, 'walk_max_dtheta': 1.0, 'walk_max_dy': 0.04, 'walk_max_dx_forward': 0.1, 'walk_max_dx_backward': 0.03, 'joints': ['leg_left_ankle_roll_joint', 'leg_left_ankle_pitch_joint', 'leg_left_knee_pitch_joint', 'leg_left_hip_pitch_joint', 'leg_left_hip_yaw_joint', 'leg_left_hip_roll_joint', 'leg_right_ankle_roll_joint', 'leg_right_ankle_pitch_joint', 'leg_right_knee_pitch_joint', 'leg_right_hip_pitch_joint', 'leg_right_hip_yaw_joint', 'leg_right_hip_roll_joint', 'left_wrist_attachment_joint', 'left_fore_arm_joint', 'left_upper_arm_joint', 'left_shoulder_joint', 'right_wrist_attachment_joint', 'right_fore_arm_joint', 'right_upper_arm_joint', 'right_shoulder_joint'], 'joint_angles': {'left_wrist_attachment_joint': 30, 'left_fore_arm_joint': 0, 'left_upper_arm_joint': 0, 'left_shoulder_joint': 0, 'right_wrist_attachment_joint': -30, 'right_fore_arm_joint': 0, 'right_upper_arm_joint': 0, 'right_shoulder_joint': 0}}
Placing the robot in the initial position...
Initial position reached
{'leg_left_ankle_roll_joint': 0.021801715004456646, 'leg_left_ankle_pitch_joint': -0.511546942717843, 'leg_left_knee_pitch_joint': 0.9622601433008714, 'leg_left_hip_pitch_joint': -0.351928207492444, 'leg_left_hip_yaw_joint': -0.05833201773958596, 'leg_left_hip_roll_joint': -0.013833124861901169, 'leg_right_ankle_roll_joint': 0.022507929922961634, 'leg_right_ankle_pitch_joint': -0.5375632291310717, 'leg_right_knee_pitch_joint': 1.0469554054076187, 'leg_right_hip_pitch_joint': -0.4106281691139865, 'leg_right_hip_yaw_joint': -0.05888007687064869, 'leg_right_hip_roll_joint': -0.014287055573283183, 'left_wrist_attachment_joint': 0.5235987755982988, 'left_fore_arm_joint': 4.587134527537062e-24, 'left_upper_arm_joint': -6.045608935689029e-24, 'left_shoulder_joint': -9.404494088703702e-24, 'right_wrist_attachment_joint': -0.5235987755982988, 'right_fore_arm_joint': -5.660638854355297e-24, 'right_upper_arm_joint': 7.239442475388861e-24, 'right_shoulder_joint': 9.091634356696051e-24}
## period: 1.17
You can open the visualizer by visiting the following URL:
http://127.0.0.1:7005/static/
Viewer URL: http://127.0.0.1:7005/static/
BAD root_position: -0.07804
BAD root_position: -0.07804
BAD root_position: -0.07804
BAD root_position: -0.07804
BAD root_position: -0.07804
BAD root_position: -0.07804
BAD root_position: -0.07804
BAD root_position: -0.07804
BAD root_position: -0.07804
BAD root_position: -0.07804
BAD root_position: -0.07804
BAD root_position: -0.07804
BAD root_position: -0.07804
BAD root_position: -0.07804
BAD root_position: -0.07804
BAD root_position: -0.07804
BAD root_position: -0.07804
BAD root_position: -0.07804
BAD root_position: -0.07804
BAD root_position: -0.07804
BAD root_position: -0.07804
BAD root_position: -0.07804
BAD root_position: -0.07804
BAD root_position: -0.07804
BAD root_position: -0.07804
BAD root_position: -0.07804
BAD root_position: -0.07804
BAD root_position: -0.07804
BAD root_position: -0.07803
BAD root_position: -0.07803
BAD root_position: -0.07803
BAD root_position: -0.07803
BAD root_position: -0.07804
BAD root_position: -0.07828
BAD root_position: -0.07877
BAD root_position: -0.07942
BAD root_position: -0.08014
BAD root_position: -0.08083
BAD root_position: -0.08140
BAD root_position: -0.08175
BAD root_position: -0.08182
BAD root_position: -0.08182
BAD root_position: -0.08182
BAD root_position: -0.08182
BAD root_position: -0.08182
BAD root_position: -0.08182
BAD root_position: -0.08182
BAD root_position: -0.08176
BAD root_position: -0.08138
BAD root_position: -0.08078
BAD root_position: -0.08005
BAD root_position: -0.07930
BAD root_position: -0.07865
BAD root_position: -0.07819
BAD root_position: -0.07804
BAD root_position: -0.07804
BAD root_position: -0.07804
BAD root_position: -0.07804
BAD root_position: -0.07803
BAD root_position: -0.07803
BAD root_position: -0.07803
BAD root_position: -0.07811
BAD root_position: -0.07850
BAD root_position: -0.07912
BAD root_position: -0.07985
BAD root_position: -0.08060
BAD root_position: -0.08125
BAD root_position: -0.08170
BAD root_position: -0.08183
BAD root_position: -0.08184
BAD root_position: -0.08184
BAD root_position: -0.08185
BAD root_position: -0.08185
BAD root_position: -0.08186
BAD root_position: -0.08186
BAD root_position: -0.08177
BAD root_position: -0.08135
BAD root_position: -0.08072
BAD root_position: -0.07998
BAD root_position: -0.07923
BAD root_position: -0.07859
BAD root_position: -0.07816
BAD root_position: -0.07805
BAD root_position: -0.07804
BAD root_position: -0.07803
BAD root_position: -0.07803
BAD root_position: -0.07802
BAD root_position: -0.07801
BAD root_position: -0.07800
BAD root_position: -0.07812
BAD root_position: -0.07854
BAD root_position: -0.07917
BAD root_position: -0.07991
BAD root_position: -0.08065
BAD root_position: -0.08128
BAD root_position: -0.08169
BAD root_position: -0.08179
BAD root_position: -0.08180
BAD root_position: -0.08181
BAD root_position: -0.08182
BAD root_position: -0.08183
BAD root_position: -0.08184
BAD root_position: -0.08186
BAD root_position: -0.08172
BAD root_position: -0.08128
BAD root_position: -0.08063
BAD root_position: -0.07988
BAD root_position: -0.07914
BAD root_position: -0.07853
BAD root_position: -0.07814
BAD root_position: -0.07806
BAD root_position: -0.07805
BAD root_position: -0.07804
BAD root_position: -0.07803
BAD root_position: -0.07802
BAD root_position: -0.07801
BAD root_position: -0.07800
BAD root_position: -0.07816
BAD root_position: -0.07862
BAD root_position: -0.07928
BAD root_position: -0.08002
BAD root_position: -0.08075
BAD root_position: -0.08135
BAD root_position: -0.08172
BAD root_position: -0.08178
BAD root_position: -0.08179
BAD root_position: -0.08180
BAD root_position: -0.08181
BAD root_position: -0.08182
BAD root_position: -0.08183
BAD root_position: -0.08184
BAD root_position: -0.08166
BAD root_position: -0.08118
BAD root_position: -0.08050
BAD root_position: -0.07975
BAD root_position: -0.07903
BAD root_position: -0.07844
BAD root_position: -0.07810
BAD root_position: -0.07805
BAD root_position: -0.07804
BAD root_position: -0.07804
BAD root_position: -0.07803
BAD root_position: -0.07802
BAD root_position: -0.07801
BAD root_position: -0.07801
BAD root_position: -0.07822
BAD root_position: -0.07871
BAD root_position: -0.07939
BAD root_position: -0.08014
BAD root_position: -0.08086
BAD root_position: -0.08143
BAD root_position: -0.08176
BAD root_position: -0.08180
BAD root_position: -0.08181
BAD root_position: -0.08182
BAD root_position: -0.08184
BAD root_position: -0.08185
BAD root_position: -0.08186
BAD root_position: -0.08186
BAD root_position: -0.08163
BAD root_position: -0.08112
BAD root_position: -0.08043
BAD root_position: -0.07967
BAD root_position: -0.07896
BAD root_position: -0.07839
BAD root_position: -0.07809
BAD root_position: -0.07806
BAD root_position: -0.07805
BAD root_position: -0.07804
BAD root_position: -0.07803
BAD root_position: -0.07802
BAD root_position: -0.07801
BAD root_position: -0.07801
BAD root_position: -0.07826
BAD root_position: -0.07879
BAD root_position: -0.07948
BAD root_position: -0.08023
BAD root_position: -0.08093
BAD root_position: -0.08147
BAD root_position: -0.08175
BAD root_position: -0.08177
BAD root_position: -0.08178
BAD root_position: -0.08179
BAD root_position: -0.08180
BAD root_position: -0.08181
BAD root_position: -0.08182
BAD root_position: -0.08182
BAD root_position: -0.08154
BAD root_position: -0.08099
BAD root_position: -0.08029
BAD root_position: -0.07953
BAD root_position: -0.07884
BAD root_position: -0.07833
BAD root_position: -0.07806
BAD root_position: -0.07804
BAD root_position: -0.07804
BAD root_position: -0.07804
BAD root_position: -0.07803
BAD root_position: -0.07803
BAD root_position: -0.07802
BAD root_position: -0.07801
BAD root_position: -0.07816
BAD root_position: -0.07858
BAD root_position: -0.07919
BAD root_position: -0.07990
BAD root_position: -0.08061
BAD root_position: -0.08122
BAD root_position: -0.08165
BAD root_position: -0.08181
BAD root_position: -0.08182
BAD root_position: -0.08183
BAD root_position: -0.08184
BAD root_position: -0.08185
BAD root_position: -0.08186
BAD root_position: -0.08187
BAD root_position: -0.08186
BAD root_position: -0.08160
BAD root_position: -0.08110
BAD root_position: -0.08043
BAD root_position: -0.07971
BAD root_position: -0.07902
BAD root_position: -0.07846
BAD root_position: -0.07813
BAD root_position: -0.07806
BAD root_position: -0.07805
BAD root_position: -0.07804
BAD root_position: -0.07803
BAD root_position: -0.07802
BAD root_position: -0.07801
BAD root_position: -0.07799
BAD root_position: -0.07807
BAD root_position: -0.07842
BAD root_position: -0.07899
BAD root_position: -0.07968
BAD root_position: -0.08039
BAD root_position: -0.08103
BAD root_position: -0.08152
BAD root_position: -0.08175
BAD root_position: -0.08176
BAD root_position: -0.08177
BAD root_position: -0.08178
BAD root_position: -0.08179
BAD root_position: -0.08180
BAD root_position: -0.08181
BAD root_position: -0.08182
BAD root_position: -0.08163
BAD root_position: -0.08118
BAD root_position: -0.08055
BAD root_position: -0.07984
BAD root_position: -0.07914
BAD root_position: -0.07855
BAD root_position: -0.07815
BAD root_position: -0.07804
BAD root_position: -0.07804
BAD root_position: -0.07804
BAD root_position: -0.07803
BAD root_position: -0.07803
BAD root_position: -0.07803
BAD root_position: -0.07802
BAD root_position: -0.07805
BAD root_position: -0.07835
BAD root_position: -0.07888
BAD root_position: -0.07955
BAD root_position: -0.08027
BAD root_position: -0.08094
BAD root_position: -0.08148
BAD root_position: -0.08178
BAD root_position: -0.08183
BAD root_position: -0.08184
BAD root_position: -0.08185
BAD root_position: -0.08186
BAD root_position: -0.08187
BAD root_position: -0.08188
BAD root_position: -0.08189
BAD root_position: -0.08178
BAD root_position: -0.08138
BAD root_position: -0.08079
BAD root_position: -0.08008
BAD root_position: -0.07936
BAD root_position: -0.07873
BAD root_position: -0.07826
BAD root_position: -0.07807
BAD root_position: -0.07806
BAD root_position: -0.07805
BAD root_position: -0.07803
BAD root_position: -0.07802
BAD root_position: -0.07801
BAD root_position: -0.07799
BAD root_position: -0.07799
BAD root_position: -0.07821
BAD root_position: -0.07868
BAD root_position: -0.07932
BAD root_position: -0.08003
BAD root_position: -0.08071
BAD root_position: -0.08129
BAD root_position: -0.08166
BAD root_position: -0.08174
BAD root_position: -0.08175
BAD root_position: -0.08176
BAD root_position: -0.08177
BAD root_position: -0.08178
BAD root_position: -0.08179
BAD root_position: -0.08180
BAD root_position: -0.08175
BAD root_position: -0.08143
BAD root_position: -0.08088
BAD root_position: -0.08020
BAD root_position: -0.07948
BAD root_position: -0.07882
BAD root_position: -0.07832
BAD root_position: -0.07805
BAD root_position: -0.07804
BAD root_position: -0.07804
BAD root_position: -0.07804
BAD root_position: -0.07803
BAD root_position: -0.07803
BAD root_position: -0.07803
BAD root_position: -0.07803
BAD root_position: -0.07817
BAD root_position: -0.07860
BAD root_position: -0.07921
BAD root_position: -0.07992
BAD root_position: -0.08063
BAD root_position: -0.08124
BAD root_position: -0.08168
BAD root_position: -0.08183
BAD root_position: -0.08184
BAD root_position: -0.08185
BAD root_position: -0.08186
BAD root_position: -0.08187
BAD root_position: -0.08188
BAD root_position: -0.08189
BAD root_position: -0.08188
BAD root_position: -0.08162
BAD root_position: -0.08111
BAD root_position: -0.08045
BAD root_position: -0.07973
BAD root_position: -0.07904
BAD root_position: -0.07847
BAD root_position: -0.07813
BAD root_position: -0.07807
BAD root_position: -0.07805
BAD root_position: -0.07804
BAD root_position: -0.07802
BAD root_position: -0.07801
BAD root_position: -0.07800
BAD root_position: -0.07798
BAD root_position: -0.07805
BAD root_position: -0.07841
BAD root_position: -0.07897
BAD root_position: -0.07966
BAD root_position: -0.08037
BAD root_position: -0.08101
BAD root_position: -0.08149
BAD root_position: -0.08172
BAD root_position: -0.08173
BAD root_position: -0.08174
BAD root_position: -0.08175
BAD root_position: -0.08176
BAD root_position: -0.08177
BAD root_position: -0.08178
BAD root_position: -0.08179
BAD root_position: -0.08161
BAD root_position: -0.08116
BAD root_position: -0.08054
BAD root_position: -0.07983
BAD root_position: -0.07913
BAD root_position: -0.07854
BAD root_position: -0.07814
BAD root_position: -0.07803
BAD root_position: -0.07803
BAD root_position: -0.07803
BAD root_position: -0.07803
BAD root_position: -0.07803
BAD root_position: -0.07803
BAD root_position: -0.07803
BAD root_position: -0.07806
BAD root_position: -0.07836
BAD root_position: -0.07889
BAD root_position: -0.07957
BAD root_position: -0.08029
BAD root_position: -0.08096
BAD root_position: -0.08150
BAD root_position: -0.08181
BAD root_position: -0.08185
BAD root_position: -0.08186
BAD root_position: -0.08187
BAD root_position: -0.08188
BAD root_position: -0.08189
BAD root_position: -0.08190
BAD root_position: -0.08191
BAD root_position: -0.08180
BAD root_position: -0.08138
BAD root_position: -0.08074
BAD root_position: -0.07999
BAD root_position: -0.07924
BAD root_position: -0.07860
BAD root_position: -0.07818
BAD root_position: -0.07807
BAD root_position: -0.07805
BAD root_position: -0.07804
BAD root_position: -0.07802
BAD root_position: -0.07800
BAD root_position: -0.07799
BAD root_position: -0.07797
BAD root_position: -0.07809
BAD root_position: -0.07852
BAD root_position: -0.07916
BAD root_position: -0.07990
BAD root_position: -0.08063
BAD root_position: -0.08124
BAD root_position: -0.08163
BAD root_position: -0.08172
BAD root_position: -0.08172
BAD root_position: -0.08173
BAD root_position: -0.08174
BAD root_position: -0.08175
BAD root_position: -0.08177
BAD root_position: -0.08178
BAD root_position: -0.08163
BAD root_position: -0.08118
BAD root_position: -0.08053
BAD root_position: -0.07978
BAD root_position: -0.07906
BAD root_position: -0.07846
BAD root_position: -0.07809
BAD root_position: -0.07803
BAD root_position: -0.07803
BAD root_position: -0.07804
BAD root_position: -0.07804
BAD root_position: -0.07804
BAD root_position: -0.07804
BAD root_position: -0.07804
BAD root_position: -0.07822
BAD root_position: -0.07869
BAD root_position: -0.07936
BAD root_position: -0.08012
BAD root_position: -0.08085
BAD root_position: -0.08144
BAD root_position: -0.08180
BAD root_position: -0.08186
BAD root_position: -0.08187
BAD root_position: -0.08188
BAD root_position: -0.08189
BAD root_position: -0.08190
BAD root_position: -0.08191
BAD root_position: -0.08192
BAD root_position: -0.08172
BAD root_position: -0.08122
BAD root_position: -0.08054
BAD root_position: -0.07978
BAD root_position: -0.07905
BAD root_position: -0.07846
BAD root_position: -0.07812
BAD root_position: -0.07807
BAD root_position: -0.07806
BAD root_position: -0.07804
BAD root_position: -0.07802
BAD root_position: -0.07800
BAD root_position: -0.07799
BAD root_position: -0.07797
BAD root_position: -0.07819
BAD root_position: -0.07869
BAD root_position: -0.07936
BAD root_position: -0.08011
BAD root_position: -0.08081
BAD root_position: -0.08137
BAD root_position: -0.08168
BAD root_position: -0.08171
BAD root_position: -0.08172
BAD root_position: -0.08173
BAD root_position: -0.08174
BAD root_position: -0.08175
BAD root_position: -0.08176
BAD root_position: -0.08177
BAD root_position: -0.08152
BAD root_position: -0.08100
BAD root_position: -0.08031
BAD root_position: -0.07956
BAD root_position: -0.07886
BAD root_position: -0.07832
BAD root_position: -0.07804
BAD root_position: -0.07803
BAD root_position: -0.07804
BAD root_position: -0.07804
BAD root_position: -0.07804
BAD root_position: -0.07804
BAD root_position: -0.07804
BAD root_position: -0.07806
BAD root_position: -0.07834
BAD root_position: -0.07888
BAD root_position: -0.07958
BAD root_position: -0.08034
BAD root_position: -0.08105
BAD root_position: -0.08159
BAD root_position: -0.08186
BAD root_position: -0.08188
BAD root_position: -0.08189
BAD root_position: -0.08190
BAD root_position: -0.08191
recorded 500 frames
avg lin_vel_x 0.0046
avg lin_vel_y -0.0153
avg yaw -0.0
computed xvel: 0.171, mean xvel: 0.0046
computed yvel: -0.017, mean yvel: -0.0153
computed thetavel: -0.342, mean thetavel: -0.0
DONE, saving 15_0.171_-0.017_-0.342.json
