<frozen importlib._bootstrap>:241: RuntimeWarning: to-Python converter for std::vector<Eigen::Matrix<double, 3, 1, 0, 3, 1>, std::allocator<Eigen::Matrix<double, 3, 1, 0, 3, 1> > > already registered; second conversion method ignored.
<frozen importlib._bootstrap>:241: RuntimeWarning: to-Python converter for boost::python::detail::container_element<std::vector<Eigen::Matrix<double, 3, 1, 0, 3, 1>, std::allocator<Eigen::Matrix<double, 3, 1, 0, 3, 1> > >, unsigned long, boost::python::detail::final_vector_derived_policies<std::vector<Eigen::Matrix<double, 3, 1, 0, 3, 1>, std::allocator<Eigen::Matrix<double, 3, 1, 0, 3, 1> > >, false> > already registered; second conversion method ignored.
<frozen importlib._bootstrap>:241: RuntimeWarning: to-Python converter for std::vector<int, std::allocator<int> > already registered; second conversion method ignored.
<frozen importlib._bootstrap>:241: RuntimeWarning: to-Python converter for std::vector<double, std::allocator<double> > already registered; second conversion method ignored.
<frozen importlib._bootstrap>:241: RuntimeWarning: to-Python converter for std::vector<std::__cxx11::basic_string<char, std::char_traits<char>, std::allocator<char> >, std::allocator<std::__cxx11::basic_string<char, std::char_traits<char>, std::allocator<char> > > > already registered; second conversion method ignored.
WARNING: Can't find trunk frames in the model, can't measure leg spacing
WARNING: Can't find head frames in the model, camera_look_at won't work
gait_parameters {'dx': 0.1, 'dy': 0.01, 'dtheta': 0.08, 'duration': 8, 'hardware': True, 'double_support_ratio': 0.25, 'startend_double_support_ratio': 1.5, 'planned_timesteps': 48, 'replan_timesteps': 10, 'walk_com_height': 0.445, 'walk_foot_height': 0.03, 'walk_trunk_pitch': -5.7, 'walk_foot_rise_ratio': 0.3, 'single_support_duration': 0.45, 'single_support_timesteps': 10, 'foot_length': 0.22, 'feet_spacing': 0.114, 'zmp_margin': 0.02, 'foot_zmp_target_x': 0.0, 'foot_zmp_target_y': 0.0, 'walk_max_dtheta': 1.0, 'walk_max_dy': 0.04, 'walk_max_dx_forward': 0.1, 'walk_max_dx_backward': 0.03, 'joints': ['leg_left_ankle_roll_joint', 'leg_left_ankle_pitch_joint', 'leg_left_knee_pitch_joint', 'leg_left_hip_pitch_joint', 'leg_left_hip_yaw_joint', 'leg_left_hip_roll_joint', 'leg_right_ankle_roll_joint', 'leg_right_ankle_pitch_joint', 'leg_right_knee_pitch_joint', 'leg_right_hip_pitch_joint', 'leg_right_hip_yaw_joint', 'leg_right_hip_roll_joint', 'left_wrist_attachment_joint', 'left_fore_arm_joint', 'left_upper_arm_joint', 'left_shoulder_joint', 'right_wrist_attachment_joint', 'right_fore_arm_joint', 'right_upper_arm_joint', 'right_shoulder_joint'], 'joint_angles': {'left_wrist_attachment_joint': 30, 'left_fore_arm_joint': 0, 'left_upper_arm_joint': 0, 'left_shoulder_joint': 0, 'right_wrist_attachment_joint': -30, 'right_fore_arm_joint': 0, 'right_upper_arm_joint': 0, 'right_shoulder_joint': 0}}
Placing the robot in the initial position...
Initial position reached
{'leg_left_ankle_roll_joint': 0.022244367886126663, 'leg_left_ankle_pitch_joint': -0.5089427760250671, 'leg_left_knee_pitch_joint': 0.9568630553183056, 'leg_left_hip_pitch_joint': -0.3491517209997791, 'leg_left_hip_yaw_joint': -0.058674364555871, 'leg_left_hip_roll_joint': -0.014114213984322253, 'leg_right_ankle_roll_joint': 0.022957251859862218, 'leg_right_ankle_pitch_joint': -0.5353065012185829, 'leg_right_knee_pitch_joint': 1.0422255192029481, 'leg_right_hip_pitch_joint': -0.40817185115523164, 'leg_right_hip_yaw_joint': -0.059227573973801705, 'leg_right_hip_roll_joint': -0.014572398083175406, 'left_wrist_attachment_joint': 0.5235987755982988, 'left_fore_arm_joint': 2.138193979342352e-24, 'left_upper_arm_joint': -3.403239369952933e-24, 'left_shoulder_joint': -4.390508292096526e-24, 'right_wrist_attachment_joint': -0.5235987755982988, 'right_fore_arm_joint': -2.661611056793621e-24, 'right_upper_arm_joint': 4.0310277297628024e-24, 'right_shoulder_joint': 4.2963979672756444e-24}
## period: 1.17
You can open the visualizer by visiting the following URL:
http://127.0.0.1:7008/static/
Viewer URL: http://127.0.0.1:7008/static/
BAD root_position: -0.07768
BAD root_position: -0.07768
BAD root_position: -0.07768
BAD root_position: -0.07768
BAD root_position: -0.07768
BAD root_position: -0.07768
BAD root_position: -0.07768
BAD root_position: -0.07768
BAD root_position: -0.07768
BAD root_position: -0.07768
BAD root_position: -0.07768
BAD root_position: -0.07768
BAD root_position: -0.07768
BAD root_position: -0.07768
BAD root_position: -0.07768
BAD root_position: -0.07768
BAD root_position: -0.07768
BAD root_position: -0.07768
BAD root_position: -0.07768
BAD root_position: -0.07768
BAD root_position: -0.07768
BAD root_position: -0.07768
BAD root_position: -0.07768
BAD root_position: -0.07768
BAD root_position: -0.07768
BAD root_position: -0.07768
BAD root_position: -0.07768
BAD root_position: -0.07768
BAD root_position: -0.07768
BAD root_position: -0.07768
BAD root_position: -0.07767
BAD root_position: -0.07767
BAD root_position: -0.07768
BAD root_position: -0.07792
BAD root_position: -0.07842
BAD root_position: -0.07907
BAD root_position: -0.07978
BAD root_position: -0.08047
BAD root_position: -0.08104
BAD root_position: -0.08139
BAD root_position: -0.08146
BAD root_position: -0.08146
BAD root_position: -0.08146
BAD root_position: -0.08146
BAD root_position: -0.08146
BAD root_position: -0.08147
BAD root_position: -0.08147
BAD root_position: -0.08140
BAD root_position: -0.08103
BAD root_position: -0.08042
BAD root_position: -0.07969
BAD root_position: -0.07895
BAD root_position: -0.07829
BAD root_position: -0.07783
BAD root_position: -0.07768
BAD root_position: -0.07768
BAD root_position: -0.07768
BAD root_position: -0.07768
BAD root_position: -0.07768
BAD root_position: -0.07767
BAD root_position: -0.07767
BAD root_position: -0.07775
BAD root_position: -0.07814
BAD root_position: -0.07876
BAD root_position: -0.07950
BAD root_position: -0.08025
BAD root_position: -0.08090
BAD root_position: -0.08134
BAD root_position: -0.08148
BAD root_position: -0.08148
BAD root_position: -0.08149
BAD root_position: -0.08150
BAD root_position: -0.08150
BAD root_position: -0.08151
BAD root_position: -0.08151
BAD root_position: -0.08141
BAD root_position: -0.08100
BAD root_position: -0.08037
BAD root_position: -0.07962
BAD root_position: -0.07888
BAD root_position: -0.07823
BAD root_position: -0.07781
BAD root_position: -0.07769
BAD root_position: -0.07769
BAD root_position: -0.07768
BAD root_position: -0.07767
BAD root_position: -0.07766
BAD root_position: -0.07766
BAD root_position: -0.07765
BAD root_position: -0.07776
BAD root_position: -0.07818
BAD root_position: -0.07882
BAD root_position: -0.07956
BAD root_position: -0.08030
BAD root_position: -0.08092
BAD root_position: -0.08133
BAD root_position: -0.08143
BAD root_position: -0.08144
BAD root_position: -0.08145
BAD root_position: -0.08146
BAD root_position: -0.08147
BAD root_position: -0.08148
BAD root_position: -0.08149
BAD root_position: -0.08136
BAD root_position: -0.08091
BAD root_position: -0.08026
BAD root_position: -0.07951
BAD root_position: -0.07878
BAD root_position: -0.07816
BAD root_position: -0.07777
BAD root_position: -0.07769
BAD root_position: -0.07769
BAD root_position: -0.07768
BAD root_position: -0.07767
BAD root_position: -0.07766
BAD root_position: -0.07765
BAD root_position: -0.07765
BAD root_position: -0.07780
BAD root_position: -0.07826
BAD root_position: -0.07892
BAD root_position: -0.07967
BAD root_position: -0.08040
BAD root_position: -0.08100
BAD root_position: -0.08137
BAD root_position: -0.08144
BAD root_position: -0.08145
BAD root_position: -0.08146
BAD root_position: -0.08147
BAD root_position: -0.08148
BAD root_position: -0.08149
BAD root_position: -0.08150
BAD root_position: -0.08132
BAD root_position: -0.08084
BAD root_position: -0.08017
BAD root_position: -0.07941
BAD root_position: -0.07869
BAD root_position: -0.07810
BAD root_position: -0.07775
BAD root_position: -0.07770
BAD root_position: -0.07769
BAD root_position: -0.07768
BAD root_position: -0.07767
BAD root_position: -0.07766
BAD root_position: -0.07765
BAD root_position: -0.07765
BAD root_position: -0.07785
BAD root_position: -0.07835
BAD root_position: -0.07902
BAD root_position: -0.07977
BAD root_position: -0.08049
BAD root_position: -0.08106
BAD root_position: -0.08139
BAD root_position: -0.08143
BAD root_position: -0.08144
BAD root_position: -0.08145
BAD root_position: -0.08146
BAD root_position: -0.08147
BAD root_position: -0.08148
BAD root_position: -0.08149
BAD root_position: -0.08126
BAD root_position: -0.08074
BAD root_position: -0.08005
BAD root_position: -0.07930
BAD root_position: -0.07858
BAD root_position: -0.07802
BAD root_position: -0.07772
BAD root_position: -0.07769
BAD root_position: -0.07769
BAD root_position: -0.07768
BAD root_position: -0.07767
BAD root_position: -0.07766
BAD root_position: -0.07766
BAD root_position: -0.07766
BAD root_position: -0.07791
BAD root_position: -0.07844
BAD root_position: -0.07914
BAD root_position: -0.07989
BAD root_position: -0.08059
BAD root_position: -0.08114
BAD root_position: -0.08142
BAD root_position: -0.08145
BAD root_position: -0.08146
BAD root_position: -0.08147
BAD root_position: -0.08148
BAD root_position: -0.08149
BAD root_position: -0.08150
BAD root_position: -0.08149
BAD root_position: -0.08121
BAD root_position: -0.08067
BAD root_position: -0.07996
BAD root_position: -0.07920
BAD root_position: -0.07850
BAD root_position: -0.07799
BAD root_position: -0.07772
BAD root_position: -0.07770
BAD root_position: -0.07769
BAD root_position: -0.07768
BAD root_position: -0.07767
BAD root_position: -0.07766
BAD root_position: -0.07765
BAD root_position: -0.07764
BAD root_position: -0.07779
BAD root_position: -0.07821
BAD root_position: -0.07881
BAD root_position: -0.07952
BAD root_position: -0.08022
BAD root_position: -0.08084
BAD root_position: -0.08127
BAD root_position: -0.08142
BAD root_position: -0.08143
BAD root_position: -0.08144
BAD root_position: -0.08145
BAD root_position: -0.08146
BAD root_position: -0.08147
BAD root_position: -0.08148
BAD root_position: -0.08147
BAD root_position: -0.08121
BAD root_position: -0.08071
BAD root_position: -0.08005
BAD root_position: -0.07933
BAD root_position: -0.07864
BAD root_position: -0.07809
BAD root_position: -0.07775
BAD root_position: -0.07769
BAD root_position: -0.07769
BAD root_position: -0.07768
BAD root_position: -0.07768
BAD root_position: -0.07767
BAD root_position: -0.07766
BAD root_position: -0.07765
BAD root_position: -0.07773
BAD root_position: -0.07809
BAD root_position: -0.07866
BAD root_position: -0.07935
BAD root_position: -0.08007
BAD root_position: -0.08072
BAD root_position: -0.08120
BAD root_position: -0.08144
BAD root_position: -0.08145
BAD root_position: -0.08146
BAD root_position: -0.08147
BAD root_position: -0.08148
BAD root_position: -0.08149
BAD root_position: -0.08150
BAD root_position: -0.08151
BAD root_position: -0.08133
BAD root_position: -0.08088
BAD root_position: -0.08025
BAD root_position: -0.07953
BAD root_position: -0.07883
BAD root_position: -0.07822
BAD root_position: -0.07782
BAD root_position: -0.07770
BAD root_position: -0.07770
BAD root_position: -0.07769
BAD root_position: -0.07768
BAD root_position: -0.07767
BAD root_position: -0.07766
BAD root_position: -0.07765
BAD root_position: -0.07767
BAD root_position: -0.07796
BAD root_position: -0.07849
BAD root_position: -0.07916
BAD root_position: -0.07987
BAD root_position: -0.08054
BAD root_position: -0.08108
BAD root_position: -0.08138
BAD root_position: -0.08142
BAD root_position: -0.08143
BAD root_position: -0.08144
BAD root_position: -0.08145
BAD root_position: -0.08146
BAD root_position: -0.08147
BAD root_position: -0.08148
BAD root_position: -0.08138
BAD root_position: -0.08098
BAD root_position: -0.08039
BAD root_position: -0.07969
BAD root_position: -0.07897
BAD root_position: -0.07834
BAD root_position: -0.07788
BAD root_position: -0.07770
BAD root_position: -0.07769
BAD root_position: -0.07769
BAD root_position: -0.07768
BAD root_position: -0.07767
BAD root_position: -0.07767
BAD root_position: -0.07766
BAD root_position: -0.07766
BAD root_position: -0.07788
BAD root_position: -0.07836
BAD root_position: -0.07900
BAD root_position: -0.07972
BAD root_position: -0.08041
BAD root_position: -0.08099
BAD root_position: -0.08137
BAD root_position: -0.08145
BAD root_position: -0.08146
BAD root_position: -0.08147
BAD root_position: -0.08148
BAD root_position: -0.08150
BAD root_position: -0.08151
BAD root_position: -0.08152
BAD root_position: -0.08147
BAD root_position: -0.08114
BAD root_position: -0.08058
BAD root_position: -0.07990
BAD root_position: -0.07917
BAD root_position: -0.07851
BAD root_position: -0.07800
BAD root_position: -0.07773
BAD root_position: -0.07770
BAD root_position: -0.07769
BAD root_position: -0.07768
BAD root_position: -0.07767
BAD root_position: -0.07766
BAD root_position: -0.07765
BAD root_position: -0.07764
BAD root_position: -0.07778
BAD root_position: -0.07820
BAD root_position: -0.07881
BAD root_position: -0.07951
BAD root_position: -0.08021
BAD root_position: -0.08083
BAD root_position: -0.08126
BAD root_position: -0.08141
BAD root_position: -0.08142
BAD root_position: -0.08143
BAD root_position: -0.08144
BAD root_position: -0.08145
BAD root_position: -0.08146
BAD root_position: -0.08147
BAD root_position: -0.08146
BAD root_position: -0.08120
BAD root_position: -0.08070
BAD root_position: -0.08004
BAD root_position: -0.07932
BAD root_position: -0.07864
BAD root_position: -0.07808
BAD root_position: -0.07775
BAD root_position: -0.07769
BAD root_position: -0.07769
BAD root_position: -0.07768
BAD root_position: -0.07768
BAD root_position: -0.07767
BAD root_position: -0.07767
BAD root_position: -0.07766
BAD root_position: -0.07774
BAD root_position: -0.07810
BAD root_position: -0.07867
BAD root_position: -0.07936
BAD root_position: -0.08008
BAD root_position: -0.08073
BAD root_position: -0.08122
BAD root_position: -0.08145
BAD root_position: -0.08146
BAD root_position: -0.08147
BAD root_position: -0.08149
BAD root_position: -0.08150
BAD root_position: -0.08151
BAD root_position: -0.08152
BAD root_position: -0.08153
BAD root_position: -0.08134
BAD root_position: -0.08089
BAD root_position: -0.08025
BAD root_position: -0.07954
BAD root_position: -0.07883
BAD root_position: -0.07823
BAD root_position: -0.07783
BAD root_position: -0.07771
BAD root_position: -0.07770
BAD root_position: -0.07769
BAD root_position: -0.07768
BAD root_position: -0.07767
BAD root_position: -0.07765
BAD root_position: -0.07764
BAD root_position: -0.07767
BAD root_position: -0.07796
BAD root_position: -0.07848
BAD root_position: -0.07915
BAD root_position: -0.07986
BAD root_position: -0.08053
BAD root_position: -0.08107
BAD root_position: -0.08137
BAD root_position: -0.08141
BAD root_position: -0.08142
BAD root_position: -0.08143
BAD root_position: -0.08144
BAD root_position: -0.08145
BAD root_position: -0.08146
BAD root_position: -0.08147
BAD root_position: -0.08137
BAD root_position: -0.08095
BAD root_position: -0.08031
BAD root_position: -0.07957
BAD root_position: -0.07883
BAD root_position: -0.07820
BAD root_position: -0.07779
BAD root_position: -0.07769
BAD root_position: -0.07769
BAD root_position: -0.07768
BAD root_position: -0.07768
BAD root_position: -0.07767
BAD root_position: -0.07767
BAD root_position: -0.07766
BAD root_position: -0.07779
BAD root_position: -0.07823
BAD root_position: -0.07888
BAD root_position: -0.07962
BAD root_position: -0.08036
BAD root_position: -0.08098
BAD root_position: -0.08138
BAD root_position: -0.08147
BAD root_position: -0.08148
BAD root_position: -0.08149
BAD root_position: -0.08150
BAD root_position: -0.08151
BAD root_position: -0.08152
BAD root_position: -0.08153
BAD root_position: -0.08138
BAD root_position: -0.08092
BAD root_position: -0.08026
BAD root_position: -0.07951
BAD root_position: -0.07877
BAD root_position: -0.07816
BAD root_position: -0.07778
BAD root_position: -0.07771
BAD root_position: -0.07770
BAD root_position: -0.07768
BAD root_position: -0.07767
BAD root_position: -0.07766
BAD root_position: -0.07765
BAD root_position: -0.07763
BAD root_position: -0.07781
BAD root_position: -0.07827
BAD root_position: -0.07893
BAD root_position: -0.07968
BAD root_position: -0.08040
BAD root_position: -0.08099
BAD root_position: -0.08135
BAD root_position: -0.08140
BAD root_position: -0.08141
BAD root_position: -0.08142
BAD root_position: -0.08143
BAD root_position: -0.08144
BAD root_position: -0.08146
BAD root_position: -0.08147
BAD root_position: -0.08127
BAD root_position: -0.08078
BAD root_position: -0.08010
BAD root_position: -0.07935
BAD root_position: -0.07863
BAD root_position: -0.07805
BAD root_position: -0.07773
BAD root_position: -0.07769
BAD root_position: -0.07768
BAD root_position: -0.07768
BAD root_position: -0.07768
BAD root_position: -0.07767
BAD root_position: -0.07767
BAD root_position: -0.07767
BAD root_position: -0.07790
BAD root_position: -0.07840
BAD root_position: -0.07909
BAD root_position: -0.07984
BAD root_position: -0.08056
BAD root_position: -0.08113
BAD root_position: -0.08144
BAD root_position: -0.08148
BAD root_position: -0.08149
BAD root_position: -0.08150
BAD root_position: -0.08151
BAD root_position: -0.08152
BAD root_position: -0.08153
BAD root_position: -0.08153
BAD root_position: -0.08128
BAD root_position: -0.08075
BAD root_position: -0.08005
BAD root_position: -0.07929
BAD root_position: -0.07858
BAD root_position: -0.07802
BAD root_position: -0.07773
BAD root_position: -0.07771
BAD root_position: -0.07769
BAD root_position: -0.07768
BAD root_position: -0.07767
BAD root_position: -0.07765
BAD root_position: -0.07764
BAD root_position: -0.07764
BAD root_position: -0.07791
BAD root_position: -0.07844
BAD root_position: -0.07914
BAD root_position: -0.07989
BAD root_position: -0.08058
BAD root_position: -0.08112
BAD root_position: -0.08138
BAD root_position: -0.08140
BAD root_position: -0.08141
BAD root_position: -0.08142
BAD root_position: -0.08143
recorded 500 frames
avg lin_vel_x 0.0061
avg lin_vel_y -0.0131
avg yaw 0.0
computed xvel: 0.171, mean xvel: 0.0061
computed yvel: 0.017, mean yvel: -0.0131
computed thetavel: 0.137, mean thetavel: 0.0
DONE, saving 151_0.171_0.017_0.137.json
