<frozen importlib._bootstrap>:241: RuntimeWarning: to-Python converter for std::vector<Eigen::Matrix<double, 3, 1, 0, 3, 1>, std::allocator<Eigen::Matrix<double, 3, 1, 0, 3, 1> > > already registered; second conversion method ignored.
<frozen importlib._bootstrap>:241: RuntimeWarning: to-Python converter for boost::python::detail::container_element<std::vector<Eigen::Matrix<double, 3, 1, 0, 3, 1>, std::allocator<Eigen::Matrix<double, 3, 1, 0, 3, 1> > >, unsigned long, boost::python::detail::final_vector_derived_policies<std::vector<Eigen::Matrix<double, 3, 1, 0, 3, 1>, std::allocator<Eigen::Matrix<double, 3, 1, 0, 3, 1> > >, false> > already registered; second conversion method ignored.
<frozen importlib._bootstrap>:241: RuntimeWarning: to-Python converter for std::vector<int, std::allocator<int> > already registered; second conversion method ignored.
<frozen importlib._bootstrap>:241: RuntimeWarning: to-Python converter for std::vector<double, std::allocator<double> > already registered; second conversion method ignored.
<frozen importlib._bootstrap>:241: RuntimeWarning: to-Python converter for std::vector<std::__cxx11::basic_string<char, std::char_traits<char>, std::allocator<char> >, std::allocator<std::__cxx11::basic_string<char, std::char_traits<char>, std::allocator<char> > > > already registered; second conversion method ignored.
WARNING: Can't find trunk frames in the model, can't measure leg spacing
WARNING: Can't find head frames in the model, camera_look_at won't work
gait_parameters {'dx': 0.02, 'dy': 0.03, 'dtheta': 0.08, 'duration': 8, 'hardware': True, 'double_support_ratio': 0.25, 'startend_double_support_ratio': 1.5, 'planned_timesteps': 48, 'replan_timesteps': 10, 'walk_com_height': 0.445, 'walk_foot_height': 0.03, 'walk_trunk_pitch': -5.7, 'walk_foot_rise_ratio': 0.3, 'single_support_duration': 0.45, 'single_support_timesteps': 10, 'foot_length': 0.22, 'feet_spacing': 0.114, 'zmp_margin': 0.02, 'foot_zmp_target_x': 0.0, 'foot_zmp_target_y': 0.0, 'walk_max_dtheta': 1.0, 'walk_max_dy': 0.04, 'walk_max_dx_forward': 0.1, 'walk_max_dx_backward': 0.03, 'joints': ['leg_left_ankle_roll_joint', 'leg_left_ankle_pitch_joint', 'leg_left_knee_pitch_joint', 'leg_left_hip_pitch_joint', 'leg_left_hip_yaw_joint', 'leg_left_hip_roll_joint', 'leg_right_ankle_roll_joint', 'leg_right_ankle_pitch_joint', 'leg_right_knee_pitch_joint', 'leg_right_hip_pitch_joint', 'leg_right_hip_yaw_joint', 'leg_right_hip_roll_joint', 'left_wrist_attachment_joint', 'left_fore_arm_joint', 'left_upper_arm_joint', 'left_shoulder_joint', 'right_wrist_attachment_joint', 'right_fore_arm_joint', 'right_upper_arm_joint', 'right_shoulder_joint'], 'joint_angles': {'left_wrist_attachment_joint': 30, 'left_fore_arm_joint': 0, 'left_upper_arm_joint': 0, 'left_shoulder_joint': 0, 'right_wrist_attachment_joint': -30, 'right_fore_arm_joint': 0, 'right_upper_arm_joint': 0, 'right_shoulder_joint': 0}}
Placing the robot in the initial position...
Initial position reached
{'leg_left_ankle_roll_joint': 0.0213348738094216, 'leg_left_ankle_pitch_joint': -0.511671615586558, 'leg_left_knee_pitch_joint': 0.9625510157144105, 'leg_left_hip_pitch_joint': -0.3520771789697352, 'leg_left_hip_yaw_joint': -0.05797095875112527, 'leg_left_hip_roll_joint': -0.013536688088079209, 'leg_right_ankle_roll_joint': 0.02203333497564894, 'leg_right_ankle_pitch_joint': -0.5375396872214496, 'leg_right_knee_pitch_joint': 1.046945514699993, 'leg_right_hip_pitch_joint': -0.4106241410014899, 'leg_right_hip_yaw_joint': -0.05851302890556419, 'leg_right_hip_roll_joint': -0.013985676096838182, 'left_wrist_attachment_joint': 0.5235987755982988, 'left_fore_arm_joint': 1.8184394202156407e-24, 'left_upper_arm_joint': -2.191883441492846e-24, 'left_shoulder_joint': -3.6703391641364285e-24, 'right_wrist_attachment_joint': -0.5235987755982988, 'right_fore_arm_joint': -2.1934845476076975e-24, 'right_upper_arm_joint': 2.5977394443685463e-24, 'right_shoulder_joint': 3.5736769892847155e-24}
## period: 1.17
You can open the visualizer by visiting the following URL:
http://127.0.0.1:7004/static/
Viewer URL: http://127.0.0.1:7004/static/
BAD root_position: -0.07803
BAD root_position: -0.07803
BAD root_position: -0.07803
BAD root_position: -0.07803
BAD root_position: -0.07803
BAD root_position: -0.07803
BAD root_position: -0.07803
BAD root_position: -0.07803
BAD root_position: -0.07803
BAD root_position: -0.07803
BAD root_position: -0.07803
BAD root_position: -0.07803
BAD root_position: -0.07803
BAD root_position: -0.07803
BAD root_position: -0.07803
BAD root_position: -0.07803
BAD root_position: -0.07803
BAD root_position: -0.07803
BAD root_position: -0.07803
BAD root_position: -0.07803
BAD root_position: -0.07803
BAD root_position: -0.07803
BAD root_position: -0.07803
BAD root_position: -0.07803
BAD root_position: -0.07803
BAD root_position: -0.07803
BAD root_position: -0.07803
BAD root_position: -0.07803
BAD root_position: -0.07803
BAD root_position: -0.07803
BAD root_position: -0.07802
BAD root_position: -0.07802
BAD root_position: -0.07803
BAD root_position: -0.07827
BAD root_position: -0.07877
BAD root_position: -0.07942
BAD root_position: -0.08013
BAD root_position: -0.08082
BAD root_position: -0.08139
BAD root_position: -0.08174
BAD root_position: -0.08181
BAD root_position: -0.08181
BAD root_position: -0.08181
BAD root_position: -0.08181
BAD root_position: -0.08181
BAD root_position: -0.08181
BAD root_position: -0.08182
BAD root_position: -0.08175
BAD root_position: -0.08138
BAD root_position: -0.08077
BAD root_position: -0.08004
BAD root_position: -0.07930
BAD root_position: -0.07864
BAD root_position: -0.07818
BAD root_position: -0.07803
BAD root_position: -0.07803
BAD root_position: -0.07803
BAD root_position: -0.07803
BAD root_position: -0.07803
BAD root_position: -0.07803
BAD root_position: -0.07802
BAD root_position: -0.07810
BAD root_position: -0.07849
BAD root_position: -0.07911
BAD root_position: -0.07984
BAD root_position: -0.08059
BAD root_position: -0.08124
BAD root_position: -0.08168
BAD root_position: -0.08181
BAD root_position: -0.08181
BAD root_position: -0.08181
BAD root_position: -0.08181
BAD root_position: -0.08181
BAD root_position: -0.08181
BAD root_position: -0.08181
BAD root_position: -0.08171
BAD root_position: -0.08129
BAD root_position: -0.08066
BAD root_position: -0.07992
BAD root_position: -0.07918
BAD root_position: -0.07854
BAD root_position: -0.07812
BAD root_position: -0.07801
BAD root_position: -0.07800
BAD root_position: -0.07800
BAD root_position: -0.07800
BAD root_position: -0.07799
BAD root_position: -0.07798
BAD root_position: -0.07798
BAD root_position: -0.07809
BAD root_position: -0.07852
BAD root_position: -0.07917
BAD root_position: -0.07993
BAD root_position: -0.08069
BAD root_position: -0.08134
BAD root_position: -0.08178
BAD root_position: -0.08191
BAD root_position: -0.08195
BAD root_position: -0.08199
BAD root_position: -0.08203
BAD root_position: -0.08206
BAD root_position: -0.08210
BAD root_position: -0.08213
BAD root_position: -0.08201
BAD root_position: -0.08156
BAD root_position: -0.08089
BAD root_position: -0.08011
BAD root_position: -0.07934
BAD root_position: -0.07868
BAD root_position: -0.07825
BAD root_position: -0.07814
BAD root_position: -0.07809
BAD root_position: -0.07805
BAD root_position: -0.07800
BAD root_position: -0.07796
BAD root_position: -0.07791
BAD root_position: -0.07787
BAD root_position: -0.07799
BAD root_position: -0.07842
BAD root_position: -0.07903
BAD root_position: -0.07975
BAD root_position: -0.08045
BAD root_position: -0.08104
BAD root_position: -0.08142
BAD root_position: -0.08150
BAD root_position: -0.08154
BAD root_position: -0.08159
BAD root_position: -0.08163
BAD root_position: -0.08168
BAD root_position: -0.08173
BAD root_position: -0.08177
BAD root_position: -0.08163
BAD root_position: -0.08118
BAD root_position: -0.08054
BAD root_position: -0.07980
BAD root_position: -0.07909
BAD root_position: -0.07850
BAD root_position: -0.07815
BAD root_position: -0.07809
BAD root_position: -0.07807
BAD root_position: -0.07805
BAD root_position: -0.07803
BAD root_position: -0.07801
BAD root_position: -0.07799
BAD root_position: -0.07797
BAD root_position: -0.07817
BAD root_position: -0.07867
BAD root_position: -0.07935
BAD root_position: -0.08011
BAD root_position: -0.08084
BAD root_position: -0.08143
BAD root_position: -0.08178
BAD root_position: -0.08184
BAD root_position: -0.08188
BAD root_position: -0.08191
BAD root_position: -0.08195
BAD root_position: -0.08198
BAD root_position: -0.08202
BAD root_position: -0.08204
BAD root_position: -0.08182
BAD root_position: -0.08130
BAD root_position: -0.08060
BAD root_position: -0.07982
BAD root_position: -0.07908
BAD root_position: -0.07849
BAD root_position: -0.07817
BAD root_position: -0.07812
BAD root_position: -0.07809
BAD root_position: -0.07806
BAD root_position: -0.07803
BAD root_position: -0.07800
BAD root_position: -0.07797
BAD root_position: -0.07795
BAD root_position: -0.07818
BAD root_position: -0.07868
BAD root_position: -0.07935
BAD root_position: -0.08007
BAD root_position: -0.08076
BAD root_position: -0.08131
BAD root_position: -0.08160
BAD root_position: -0.08165
BAD root_position: -0.08169
BAD root_position: -0.08173
BAD root_position: -0.08177
BAD root_position: -0.08181
BAD root_position: -0.08185
BAD root_position: -0.08188
BAD root_position: -0.08162
BAD root_position: -0.08110
BAD root_position: -0.08041
BAD root_position: -0.07966
BAD root_position: -0.07896
BAD root_position: -0.07844
BAD root_position: -0.07816
BAD root_position: -0.07812
BAD root_position: -0.07809
BAD root_position: -0.07806
BAD root_position: -0.07803
BAD root_position: -0.07800
BAD root_position: -0.07797
BAD root_position: -0.07794
BAD root_position: -0.07807
BAD root_position: -0.07848
BAD root_position: -0.07909
BAD root_position: -0.07979
BAD root_position: -0.08050
BAD root_position: -0.08112
BAD root_position: -0.08157
BAD root_position: -0.08174
BAD root_position: -0.08176
BAD root_position: -0.08179
BAD root_position: -0.08182
BAD root_position: -0.08185
BAD root_position: -0.08189
BAD root_position: -0.08192
BAD root_position: -0.08193
BAD root_position: -0.08168
BAD root_position: -0.08118
BAD root_position: -0.08052
BAD root_position: -0.07979
BAD root_position: -0.07909
BAD root_position: -0.07852
BAD root_position: -0.07817
BAD root_position: -0.07811
BAD root_position: -0.07810
BAD root_position: -0.07808
BAD root_position: -0.07807
BAD root_position: -0.07806
BAD root_position: -0.07804
BAD root_position: -0.07803
BAD root_position: -0.07809
BAD root_position: -0.07844
BAD root_position: -0.07899
BAD root_position: -0.07966
BAD root_position: -0.08036
BAD root_position: -0.08100
BAD root_position: -0.08149
BAD root_position: -0.08174
BAD root_position: -0.08178
BAD root_position: -0.08181
BAD root_position: -0.08184
BAD root_position: -0.08188
BAD root_position: -0.08192
BAD root_position: -0.08195
BAD root_position: -0.08198
BAD root_position: -0.08182
BAD root_position: -0.08138
BAD root_position: -0.08076
BAD root_position: -0.08004
BAD root_position: -0.07933
BAD root_position: -0.07872
BAD root_position: -0.07830
BAD root_position: -0.07816
BAD root_position: -0.07812
BAD root_position: -0.07808
BAD root_position: -0.07804
BAD root_position: -0.07801
BAD root_position: -0.07797
BAD root_position: -0.07793
BAD root_position: -0.07793
BAD root_position: -0.07821
BAD root_position: -0.07872
BAD root_position: -0.07938
BAD root_position: -0.08008
BAD root_position: -0.08076
BAD root_position: -0.08129
BAD root_position: -0.08161
BAD root_position: -0.08166
BAD root_position: -0.08168
BAD root_position: -0.08171
BAD root_position: -0.08174
BAD root_position: -0.08177
BAD root_position: -0.08180
BAD root_position: -0.08184
BAD root_position: -0.08175
BAD root_position: -0.08137
BAD root_position: -0.08078
BAD root_position: -0.08008
BAD root_position: -0.07937
BAD root_position: -0.07874
BAD root_position: -0.07828
BAD root_position: -0.07809
BAD root_position: -0.07810
BAD root_position: -0.07810
BAD root_position: -0.07810
BAD root_position: -0.07810
BAD root_position: -0.07810
BAD root_position: -0.07810
BAD root_position: -0.07811
BAD root_position: -0.07832
BAD root_position: -0.07879
BAD root_position: -0.07943
BAD root_position: -0.08013
BAD root_position: -0.08082
BAD root_position: -0.08140
BAD root_position: -0.08178
BAD root_position: -0.08189
BAD root_position: -0.08192
BAD root_position: -0.08195
BAD root_position: -0.08199
BAD root_position: -0.08202
BAD root_position: -0.08205
BAD root_position: -0.08207
BAD root_position: -0.08204
BAD root_position: -0.08172
BAD root_position: -0.08117
BAD root_position: -0.08048
BAD root_position: -0.07975
BAD root_position: -0.07907
BAD root_position: -0.07853
BAD root_position: -0.07823
BAD root_position: -0.07817
BAD root_position: -0.07812
BAD root_position: -0.07807
BAD root_position: -0.07802
BAD root_position: -0.07797
BAD root_position: -0.07793
BAD root_position: -0.07789
BAD root_position: -0.07800
BAD root_position: -0.07840
BAD root_position: -0.07898
BAD root_position: -0.07967
BAD root_position: -0.08036
BAD root_position: -0.08097
BAD root_position: -0.08140
BAD root_position: -0.08156
BAD root_position: -0.08158
BAD root_position: -0.08160
BAD root_position: -0.08162
BAD root_position: -0.08165
BAD root_position: -0.08168
BAD root_position: -0.08171
BAD root_position: -0.08173
BAD root_position: -0.08149
BAD root_position: -0.08100
BAD root_position: -0.08036
BAD root_position: -0.07965
BAD root_position: -0.07898
BAD root_position: -0.07844
BAD root_position: -0.07812
BAD root_position: -0.07808
BAD root_position: -0.07810
BAD root_position: -0.07812
BAD root_position: -0.07814
BAD root_position: -0.07815
BAD root_position: -0.07817
BAD root_position: -0.07818
BAD root_position: -0.07827
BAD root_position: -0.07863
BAD root_position: -0.07920
BAD root_position: -0.07989
BAD root_position: -0.08061
BAD root_position: -0.08126
BAD root_position: -0.08176
BAD root_position: -0.08200
BAD root_position: -0.08204
BAD root_position: -0.08207
BAD root_position: -0.08210
BAD root_position: -0.08212
BAD root_position: -0.08215
BAD root_position: -0.08217
BAD root_position: -0.08218
BAD root_position: -0.08201
BAD root_position: -0.08154
BAD root_position: -0.08091
BAD root_position: -0.08018
BAD root_position: -0.07945
BAD root_position: -0.07883
BAD root_position: -0.07839
BAD root_position: -0.07823
BAD root_position: -0.07818
BAD root_position: -0.07812
BAD root_position: -0.07806
BAD root_position: -0.07800
BAD root_position: -0.07795
BAD root_position: -0.07790
BAD root_position: -0.07789
BAD root_position: -0.07814
BAD root_position: -0.07864
BAD root_position: -0.07928
BAD root_position: -0.07997
BAD root_position: -0.08062
BAD root_position: -0.08115
BAD root_position: -0.08144
BAD root_position: -0.08149
BAD root_position: -0.08151
BAD root_position: -0.08153
BAD root_position: -0.08155
BAD root_position: -0.08158
BAD root_position: -0.08161
BAD root_position: -0.08164
BAD root_position: -0.08156
BAD root_position: -0.08117
BAD root_position: -0.08056
BAD root_position: -0.07984
BAD root_position: -0.07913
BAD root_position: -0.07852
BAD root_position: -0.07814
BAD root_position: -0.07808
BAD root_position: -0.07811
BAD root_position: -0.07815
BAD root_position: -0.07818
BAD root_position: -0.07821
BAD root_position: -0.07824
BAD root_position: -0.07827
BAD root_position: -0.07842
BAD root_position: -0.07887
BAD root_position: -0.07952
BAD root_position: -0.08027
BAD root_position: -0.08101
BAD root_position: -0.08164
BAD root_position: -0.08205
BAD root_position: -0.08216
BAD root_position: -0.08219
BAD root_position: -0.08222
BAD root_position: -0.08224
BAD root_position: -0.08226
BAD root_position: -0.08228
BAD root_position: -0.08229
BAD root_position: -0.08213
BAD root_position: -0.08167
BAD root_position: -0.08099
BAD root_position: -0.08022
BAD root_position: -0.07945
BAD root_position: -0.07880
BAD root_position: -0.07838
BAD root_position: -0.07825
BAD root_position: -0.07818
BAD root_position: -0.07811
BAD root_position: -0.07804
BAD root_position: -0.07797
BAD root_position: -0.07791
BAD root_position: -0.07785
BAD root_position: -0.07798
BAD root_position: -0.07841
BAD root_position: -0.07903
BAD root_position: -0.07975
BAD root_position: -0.08044
BAD root_position: -0.08101
BAD root_position: -0.08135
BAD root_position: -0.08140
BAD root_position: -0.08141
BAD root_position: -0.08143
BAD root_position: -0.08146
BAD root_position: -0.08148
BAD root_position: -0.08152
BAD root_position: -0.08155
BAD root_position: -0.08138
BAD root_position: -0.08093
BAD root_position: -0.08029
BAD root_position: -0.07957
BAD root_position: -0.07888
BAD root_position: -0.07834
BAD root_position: -0.07805
BAD root_position: -0.07806
BAD root_position: -0.07811
BAD root_position: -0.07815
BAD root_position: -0.07820
BAD root_position: -0.07825
BAD root_position: -0.07830
BAD root_position: -0.07834
BAD root_position: -0.07860
BAD root_position: -0.07913
BAD root_position: -0.07983
BAD root_position: -0.08059
BAD root_position: -0.08132
BAD root_position: -0.08190
BAD root_position: -0.08223
BAD root_position: -0.08229
BAD root_position: -0.08232
BAD root_position: -0.08234
BAD root_position: -0.08236
BAD root_position: -0.08236
BAD root_position: -0.08237
BAD root_position: -0.08236
BAD root_position: -0.08210
BAD root_position: -0.08156
BAD root_position: -0.08084
BAD root_position: -0.08005
BAD root_position: -0.07930
BAD root_position: -0.07870
BAD root_position: -0.07835
BAD root_position: -0.07826
BAD root_position: -0.07818
BAD root_position: -0.07810
BAD root_position: -0.07802
BAD root_position: -0.07795
BAD root_position: -0.07788
BAD root_position: -0.07783
BAD root_position: -0.07805
BAD root_position: -0.07854
BAD root_position: -0.07919
BAD root_position: -0.07990
BAD root_position: -0.08056
BAD root_position: -0.08107
BAD root_position: -0.08132
BAD root_position: -0.08133
BAD root_position: -0.08134
BAD root_position: -0.08136
BAD root_position: -0.08138
recorded 500 frames
avg lin_vel_x 0.0116
avg lin_vel_y 0.0248
avg yaw 0.0002
computed xvel: 0.034, mean xvel: 0.0116
computed yvel: 0.051, mean yvel: 0.0248
computed thetavel: 0.137, mean thetavel: 0.0002
DONE, saving 155_0.034_0.051_0.137.json
