<frozen importlib._bootstrap>:241: RuntimeWarning: to-Python converter for std::vector<Eigen::Matrix<double, 3, 1, 0, 3, 1>, std::allocator<Eigen::Matrix<double, 3, 1, 0, 3, 1> > > already registered; second conversion method ignored.
<frozen importlib._bootstrap>:241: RuntimeWarning: to-Python converter for boost::python::detail::container_element<std::vector<Eigen::Matrix<double, 3, 1, 0, 3, 1>, std::allocator<Eigen::Matrix<double, 3, 1, 0, 3, 1> > >, unsigned long, boost::python::detail::final_vector_derived_policies<std::vector<Eigen::Matrix<double, 3, 1, 0, 3, 1>, std::allocator<Eigen::Matrix<double, 3, 1, 0, 3, 1> > >, false> > already registered; second conversion method ignored.
<frozen importlib._bootstrap>:241: RuntimeWarning: to-Python converter for std::vector<int, std::allocator<int> > already registered; second conversion method ignored.
<frozen importlib._bootstrap>:241: RuntimeWarning: to-Python converter for std::vector<double, std::allocator<double> > already registered; second conversion method ignored.
<frozen importlib._bootstrap>:241: RuntimeWarning: to-Python converter for std::vector<std::__cxx11::basic_string<char, std::char_traits<char>, std::allocator<char> >, std::allocator<std::__cxx11::basic_string<char, std::char_traits<char>, std::allocator<char> > > > already registered; second conversion method ignored.
WARNING: Can't find trunk frames in the model, can't measure leg spacing
WARNING: Can't find head frames in the model, camera_look_at won't work
gait_parameters {'dx': -0.02, 'dy': -0.03, 'dtheta': 0.15, 'duration': 8, 'hardware': True, 'double_support_ratio': 0.25, 'startend_double_support_ratio': 1.5, 'planned_timesteps': 48, 'replan_timesteps': 10, 'walk_com_height': 0.445, 'walk_foot_height': 0.03, 'walk_trunk_pitch': -5.7, 'walk_foot_rise_ratio': 0.3, 'single_support_duration': 0.45, 'single_support_timesteps': 10, 'foot_length': 0.22, 'feet_spacing': 0.114, 'zmp_margin': 0.02, 'foot_zmp_target_x': 0.0, 'foot_zmp_target_y': 0.0, 'walk_max_dtheta': 1.0, 'walk_max_dy': 0.04, 'walk_max_dx_forward': 0.1, 'walk_max_dx_backward': 0.03, 'joints': ['leg_left_ankle_roll_joint', 'leg_left_ankle_pitch_joint', 'leg_left_knee_pitch_joint', 'leg_left_hip_pitch_joint', 'leg_left_hip_yaw_joint', 'leg_left_hip_roll_joint', 'leg_right_ankle_roll_joint', 'leg_right_ankle_pitch_joint', 'leg_right_knee_pitch_joint', 'leg_right_hip_pitch_joint', 'leg_right_hip_yaw_joint', 'leg_right_hip_roll_joint', 'left_wrist_attachment_joint', 'left_fore_arm_joint', 'left_upper_arm_joint', 'left_shoulder_joint', 'right_wrist_attachment_joint', 'right_fore_arm_joint', 'right_upper_arm_joint', 'right_shoulder_joint'], 'joint_angles': {'left_wrist_attachment_joint': 30, 'left_fore_arm_joint': 0, 'left_upper_arm_joint': 0, 'left_shoulder_joint': 0, 'right_wrist_attachment_joint': -30, 'right_fore_arm_joint': 0, 'right_upper_arm_joint': 0, 'right_shoulder_joint': 0}}
Placing the robot in the initial position...
Initial position reached
{'leg_left_ankle_roll_joint': 0.022244638275286603, 'leg_left_ankle_pitch_joint': -0.5086863867863722, 'leg_left_knee_pitch_joint': 0.9563347449897867, 'leg_left_hip_pitch_joint': -0.348879809978512, 'leg_left_hip_yaw_joint': -0.058674573672873195, 'leg_left_hip_roll_joint': -0.014114385687661856, 'leg_right_ankle_roll_joint': 0.02295745403058264, 'leg_right_ankle_pitch_joint': -0.5350716310505796, 'leg_right_knee_pitch_joint': 1.041736994862554, 'leg_right_hip_pitch_joint': -0.4079182045825203, 'leg_right_hip_yaw_joint': -0.0592277303277394, 'leg_right_hip_roll_joint': -0.01457252647460914, 'left_wrist_attachment_joint': 0.5235987755982988, 'left_fore_arm_joint': 4.4552856296674395e-24, 'left_upper_arm_joint': -5.7445637743383954e-24, 'left_shoulder_joint': -8.572574901667551e-24, 'right_wrist_attachment_joint': -0.5235987755982988, 'right_fore_arm_joint': -5.207004049232099e-24, 'right_upper_arm_joint': 6.6026585328386655e-24, 'right_shoulder_joint': 8.956621502553678e-24}
## period: 1.17
You can open the visualizer by visiting the following URL:
http://127.0.0.1:7003/static/
Viewer URL: http://127.0.0.1:7003/static/
BAD root_position: -0.07765
BAD root_position: -0.07765
BAD root_position: -0.07765
BAD root_position: -0.07765
BAD root_position: -0.07765
BAD root_position: -0.07765
BAD root_position: -0.07765
BAD root_position: -0.07765
BAD root_position: -0.07765
BAD root_position: -0.07765
BAD root_position: -0.07765
BAD root_position: -0.07765
BAD root_position: -0.07765
BAD root_position: -0.07765
BAD root_position: -0.07765
BAD root_position: -0.07765
BAD root_position: -0.07765
BAD root_position: -0.07765
BAD root_position: -0.07765
BAD root_position: -0.07764
BAD root_position: -0.07764
BAD root_position: -0.07764
BAD root_position: -0.07764
BAD root_position: -0.07764
BAD root_position: -0.07764
BAD root_position: -0.07764
BAD root_position: -0.07764
BAD root_position: -0.07764
BAD root_position: -0.07764
BAD root_position: -0.07764
BAD root_position: -0.07764
BAD root_position: -0.07763
BAD root_position: -0.07764
BAD root_position: -0.07789
BAD root_position: -0.07838
BAD root_position: -0.07903
BAD root_position: -0.07975
BAD root_position: -0.08044
BAD root_position: -0.08100
BAD root_position: -0.08136
BAD root_position: -0.08143
BAD root_position: -0.08143
BAD root_position: -0.08143
BAD root_position: -0.08143
BAD root_position: -0.08143
BAD root_position: -0.08143
BAD root_position: -0.08143
BAD root_position: -0.08137
BAD root_position: -0.08100
BAD root_position: -0.08039
BAD root_position: -0.07966
BAD root_position: -0.07892
BAD root_position: -0.07826
BAD root_position: -0.07781
BAD root_position: -0.07765
BAD root_position: -0.07766
BAD root_position: -0.07766
BAD root_position: -0.07766
BAD root_position: -0.07767
BAD root_position: -0.07767
BAD root_position: -0.07767
BAD root_position: -0.07776
BAD root_position: -0.07815
BAD root_position: -0.07876
BAD root_position: -0.07949
BAD root_position: -0.08022
BAD root_position: -0.08085
BAD root_position: -0.08126
BAD root_position: -0.08136
BAD root_position: -0.08133
BAD root_position: -0.08130
BAD root_position: -0.08127
BAD root_position: -0.08124
BAD root_position: -0.08122
BAD root_position: -0.08120
BAD root_position: -0.08108
BAD root_position: -0.08068
BAD root_position: -0.08007
BAD root_position: -0.07936
BAD root_position: -0.07867
BAD root_position: -0.07808
BAD root_position: -0.07771
BAD root_position: -0.07764
BAD root_position: -0.07769
BAD root_position: -0.07773
BAD root_position: -0.07777
BAD root_position: -0.07781
BAD root_position: -0.07785
BAD root_position: -0.07788
BAD root_position: -0.07804
BAD root_position: -0.07851
BAD root_position: -0.07918
BAD root_position: -0.07996
BAD root_position: -0.08071
BAD root_position: -0.08134
BAD root_position: -0.08173
BAD root_position: -0.08178
BAD root_position: -0.08174
BAD root_position: -0.08169
BAD root_position: -0.08164
BAD root_position: -0.08158
BAD root_position: -0.08153
BAD root_position: -0.08148
BAD root_position: -0.08129
BAD root_position: -0.08079
BAD root_position: -0.08011
BAD root_position: -0.07934
BAD root_position: -0.07860
BAD root_position: -0.07799
BAD root_position: -0.07763
BAD root_position: -0.07758
BAD root_position: -0.07760
BAD root_position: -0.07763
BAD root_position: -0.07765
BAD root_position: -0.07768
BAD root_position: -0.07770
BAD root_position: -0.07772
BAD root_position: -0.07790
BAD root_position: -0.07838
BAD root_position: -0.07905
BAD root_position: -0.07981
BAD root_position: -0.08053
BAD root_position: -0.08112
BAD root_position: -0.08147
BAD root_position: -0.08150
BAD root_position: -0.08148
BAD root_position: -0.08146
BAD root_position: -0.08143
BAD root_position: -0.08141
BAD root_position: -0.08138
BAD root_position: -0.08136
BAD root_position: -0.08116
BAD root_position: -0.08067
BAD root_position: -0.08001
BAD root_position: -0.07929
BAD root_position: -0.07859
BAD root_position: -0.07804
BAD root_position: -0.07773
BAD root_position: -0.07771
BAD root_position: -0.07773
BAD root_position: -0.07775
BAD root_position: -0.07776
BAD root_position: -0.07778
BAD root_position: -0.07779
BAD root_position: -0.07781
BAD root_position: -0.07804
BAD root_position: -0.07856
BAD root_position: -0.07926
BAD root_position: -0.08003
BAD root_position: -0.08075
BAD root_position: -0.08131
BAD root_position: -0.08160
BAD root_position: -0.08160
BAD root_position: -0.08155
BAD root_position: -0.08151
BAD root_position: -0.08146
BAD root_position: -0.08142
BAD root_position: -0.08138
BAD root_position: -0.08133
BAD root_position: -0.08106
BAD root_position: -0.08051
BAD root_position: -0.07981
BAD root_position: -0.07905
BAD root_position: -0.07835
BAD root_position: -0.07782
BAD root_position: -0.07755
BAD root_position: -0.07757
BAD root_position: -0.07761
BAD root_position: -0.07765
BAD root_position: -0.07770
BAD root_position: -0.07774
BAD root_position: -0.07777
BAD root_position: -0.07782
BAD root_position: -0.07811
BAD root_position: -0.07866
BAD root_position: -0.07938
BAD root_position: -0.08015
BAD root_position: -0.08086
BAD root_position: -0.08140
BAD root_position: -0.08167
BAD root_position: -0.08167
BAD root_position: -0.08165
BAD root_position: -0.08163
BAD root_position: -0.08161
BAD root_position: -0.08158
BAD root_position: -0.08156
BAD root_position: -0.08152
BAD root_position: -0.08122
BAD root_position: -0.08066
BAD root_position: -0.07996
BAD root_position: -0.07921
BAD root_position: -0.07853
BAD root_position: -0.07803
BAD root_position: -0.07778
BAD root_position: -0.07776
BAD root_position: -0.07776
BAD root_position: -0.07775
BAD root_position: -0.07775
BAD root_position: -0.07774
BAD root_position: -0.07773
BAD root_position: -0.07772
BAD root_position: -0.07787
BAD root_position: -0.07830
BAD root_position: -0.07892
BAD root_position: -0.07963
BAD root_position: -0.08033
BAD root_position: -0.08093
BAD root_position: -0.08133
BAD root_position: -0.08144
BAD root_position: -0.08141
BAD root_position: -0.08137
BAD root_position: -0.08133
BAD root_position: -0.08130
BAD root_position: -0.08126
BAD root_position: -0.08123
BAD root_position: -0.08119
BAD root_position: -0.08090
BAD root_position: -0.08039
BAD root_position: -0.07973
BAD root_position: -0.07903
BAD root_position: -0.07837
BAD root_position: -0.07785
BAD root_position: -0.07756
BAD root_position: -0.07756
BAD root_position: -0.07762
BAD root_position: -0.07767
BAD root_position: -0.07773
BAD root_position: -0.07778
BAD root_position: -0.07783
BAD root_position: -0.07787
BAD root_position: -0.07800
BAD root_position: -0.07840
BAD root_position: -0.07901
BAD root_position: -0.07973
BAD root_position: -0.08046
BAD root_position: -0.08112
BAD root_position: -0.08161
BAD root_position: -0.08184
BAD root_position: -0.08184
BAD root_position: -0.08183
BAD root_position: -0.08181
BAD root_position: -0.08180
BAD root_position: -0.08177
BAD root_position: -0.08175
BAD root_position: -0.08173
BAD root_position: -0.08151
BAD root_position: -0.08104
BAD root_position: -0.08039
BAD root_position: -0.07967
BAD root_position: -0.07897
BAD root_position: -0.07836
BAD root_position: -0.07796
BAD root_position: -0.07783
BAD root_position: -0.07781
BAD root_position: -0.07779
BAD root_position: -0.07776
BAD root_position: -0.07773
BAD root_position: -0.07770
BAD root_position: -0.07768
BAD root_position: -0.07769
BAD root_position: -0.07797
BAD root_position: -0.07849
BAD root_position: -0.07915
BAD root_position: -0.07985
BAD root_position: -0.08050
BAD root_position: -0.08100
BAD root_position: -0.08127
BAD root_position: -0.08126
BAD root_position: -0.08123
BAD root_position: -0.08120
BAD root_position: -0.08117
BAD root_position: -0.08114
BAD root_position: -0.08112
BAD root_position: -0.08111
BAD root_position: -0.08099
BAD root_position: -0.08059
BAD root_position: -0.08000
BAD root_position: -0.07933
BAD root_position: -0.07865
BAD root_position: -0.07807
BAD root_position: -0.07767
BAD root_position: -0.07754
BAD root_position: -0.07761
BAD root_position: -0.07768
BAD root_position: -0.07775
BAD root_position: -0.07781
BAD root_position: -0.07788
BAD root_position: -0.07794
BAD root_position: -0.07800
BAD root_position: -0.07827
BAD root_position: -0.07880
BAD root_position: -0.07948
BAD root_position: -0.08023
BAD root_position: -0.08095
BAD root_position: -0.08155
BAD root_position: -0.08192
BAD root_position: -0.08201
BAD root_position: -0.08200
BAD root_position: -0.08200
BAD root_position: -0.08198
BAD root_position: -0.08197
BAD root_position: -0.08195
BAD root_position: -0.08192
BAD root_position: -0.08184
BAD root_position: -0.08148
BAD root_position: -0.08090
BAD root_position: -0.08019
BAD root_position: -0.07945
BAD root_position: -0.07877
BAD root_position: -0.07824
BAD root_position: -0.07795
BAD root_position: -0.07789
BAD root_position: -0.07784
BAD root_position: -0.07779
BAD root_position: -0.07774
BAD root_position: -0.07769
BAD root_position: -0.07764
BAD root_position: -0.07760
BAD root_position: -0.07771
BAD root_position: -0.07811
BAD root_position: -0.07869
BAD root_position: -0.07936
BAD root_position: -0.08004
BAD root_position: -0.08062
BAD root_position: -0.08101
BAD root_position: -0.08112
BAD root_position: -0.08109
BAD root_position: -0.08106
BAD root_position: -0.08104
BAD root_position: -0.08102
BAD root_position: -0.08100
BAD root_position: -0.08099
BAD root_position: -0.08097
BAD root_position: -0.08071
BAD root_position: -0.08023
BAD root_position: -0.07960
BAD root_position: -0.07893
BAD root_position: -0.07831
BAD root_position: -0.07782
BAD root_position: -0.07756
BAD root_position: -0.07759
BAD root_position: -0.07767
BAD root_position: -0.07775
BAD root_position: -0.07783
BAD root_position: -0.07791
BAD root_position: -0.07799
BAD root_position: -0.07806
BAD root_position: -0.07820
BAD root_position: -0.07862
BAD root_position: -0.07925
BAD root_position: -0.07998
BAD root_position: -0.08074
BAD root_position: -0.08141
BAD root_position: -0.08192
BAD root_position: -0.08216
BAD root_position: -0.08218
BAD root_position: -0.08218
BAD root_position: -0.08218
BAD root_position: -0.08216
BAD root_position: -0.08215
BAD root_position: -0.08212
BAD root_position: -0.08209
BAD root_position: -0.08187
BAD root_position: -0.08137
BAD root_position: -0.08071
BAD root_position: -0.07997
BAD root_position: -0.07924
BAD root_position: -0.07861
BAD root_position: -0.07817
BAD root_position: -0.07801
BAD root_position: -0.07794
BAD root_position: -0.07787
BAD root_position: -0.07780
BAD root_position: -0.07773
BAD root_position: -0.07766
BAD root_position: -0.07760
BAD root_position: -0.07758
BAD root_position: -0.07783
BAD root_position: -0.07831
BAD root_position: -0.07893
BAD root_position: -0.07960
BAD root_position: -0.08023
BAD root_position: -0.08072
BAD root_position: -0.08097
BAD root_position: -0.08098
BAD root_position: -0.08096
BAD root_position: -0.08094
BAD root_position: -0.08092
BAD root_position: -0.08091
BAD root_position: -0.08091
BAD root_position: -0.08091
BAD root_position: -0.08081
BAD root_position: -0.08042
BAD root_position: -0.07983
BAD root_position: -0.07915
BAD root_position: -0.07849
BAD root_position: -0.07795
BAD root_position: -0.07763
BAD root_position: -0.07762
BAD root_position: -0.07772
BAD root_position: -0.07782
BAD root_position: -0.07792
BAD root_position: -0.07801
BAD root_position: -0.07810
BAD root_position: -0.07818
BAD root_position: -0.07839
BAD root_position: -0.07889
BAD root_position: -0.07960
BAD root_position: -0.08039
BAD root_position: -0.08117
BAD root_position: -0.08183
BAD root_position: -0.08225
BAD root_position: -0.08235
BAD root_position: -0.08236
BAD root_position: -0.08236
BAD root_position: -0.08236
BAD root_position: -0.08234
BAD root_position: -0.08232
BAD root_position: -0.08229
BAD root_position: -0.08210
BAD root_position: -0.08159
BAD root_position: -0.08089
BAD root_position: -0.08010
BAD root_position: -0.07932
BAD root_position: -0.07866
BAD root_position: -0.07823
BAD root_position: -0.07808
BAD root_position: -0.07798
BAD root_position: -0.07789
BAD root_position: -0.07779
BAD root_position: -0.07770
BAD root_position: -0.07762
BAD root_position: -0.07754
BAD root_position: -0.07765
BAD root_position: -0.07806
BAD root_position: -0.07866
BAD root_position: -0.07934
BAD root_position: -0.08000
BAD root_position: -0.08054
BAD root_position: -0.08084
BAD root_position: -0.08086
BAD root_position: -0.08084
BAD root_position: -0.08083
BAD root_position: -0.08082
BAD root_position: -0.08082
BAD root_position: -0.08082
BAD root_position: -0.08084
BAD root_position: -0.08067
BAD root_position: -0.08022
BAD root_position: -0.07962
BAD root_position: -0.07895
BAD root_position: -0.07832
BAD root_position: -0.07783
BAD root_position: -0.07760
BAD root_position: -0.07766
BAD root_position: -0.07776
BAD root_position: -0.07787
BAD root_position: -0.07798
BAD root_position: -0.07808
BAD root_position: -0.07819
BAD root_position: -0.07828
BAD root_position: -0.07859
BAD root_position: -0.07917
BAD root_position: -0.07992
BAD root_position: -0.08073
BAD root_position: -0.08149
BAD root_position: -0.08210
BAD root_position: -0.08244
BAD root_position: -0.08250
BAD root_position: -0.08252
BAD root_position: -0.08252
BAD root_position: -0.08252
BAD root_position: -0.08249
BAD root_position: -0.08246
BAD root_position: -0.08242
BAD root_position: -0.08213
BAD root_position: -0.08156
BAD root_position: -0.08081
BAD root_position: -0.08001
BAD root_position: -0.07924
BAD root_position: -0.07863
BAD root_position: -0.07826
BAD root_position: -0.07813
BAD root_position: -0.07802
BAD root_position: -0.07791
BAD root_position: -0.07780
BAD root_position: -0.07769
BAD root_position: -0.07760
BAD root_position: -0.07753
BAD root_position: -0.07772
BAD root_position: -0.07818
BAD root_position: -0.07880
BAD root_position: -0.07947
BAD root_position: -0.08010
BAD root_position: -0.08057
BAD root_position: -0.08079
BAD root_position: -0.08078
BAD root_position: -0.08076
BAD root_position: -0.08076
BAD root_position: -0.08076
recorded 500 frames
avg lin_vel_x 0.0081
avg lin_vel_y -0.0446
avg yaw 0.0004
computed xvel: -0.034, mean xvel: 0.0081
computed yvel: -0.051, mean yvel: -0.0446
computed thetavel: 0.256, mean thetavel: 0.0004
DONE, saving 161_-0.034_-0.051_0.256.json
