<frozen importlib._bootstrap>:241: RuntimeWarning: to-Python converter for std::vector<Eigen::Matrix<double, 3, 1, 0, 3, 1>, std::allocator<Eigen::Matrix<double, 3, 1, 0, 3, 1> > > already registered; second conversion method ignored.
<frozen importlib._bootstrap>:241: RuntimeWarning: to-Python converter for boost::python::detail::container_element<std::vector<Eigen::Matrix<double, 3, 1, 0, 3, 1>, std::allocator<Eigen::Matrix<double, 3, 1, 0, 3, 1> > >, unsigned long, boost::python::detail::final_vector_derived_policies<std::vector<Eigen::Matrix<double, 3, 1, 0, 3, 1>, std::allocator<Eigen::Matrix<double, 3, 1, 0, 3, 1> > >, false> > already registered; second conversion method ignored.
<frozen importlib._bootstrap>:241: RuntimeWarning: to-Python converter for std::vector<int, std::allocator<int> > already registered; second conversion method ignored.
<frozen importlib._bootstrap>:241: RuntimeWarning: to-Python converter for std::vector<double, std::allocator<double> > already registered; second conversion method ignored.
<frozen importlib._bootstrap>:241: RuntimeWarning: to-Python converter for std::vector<std::__cxx11::basic_string<char, std::char_traits<char>, std::allocator<char> >, std::allocator<std::__cxx11::basic_string<char, std::char_traits<char>, std::allocator<char> > > > already registered; second conversion method ignored.
WARNING: Can't find trunk frames in the model, can't measure leg spacing
WARNING: Can't find head frames in the model, camera_look_at won't work
gait_parameters {'dx': 0.06, 'dy': -0.03, 'dtheta': 0.15, 'duration': 8, 'hardware': True, 'double_support_ratio': 0.25, 'startend_double_support_ratio': 1.5, 'planned_timesteps': 48, 'replan_timesteps': 10, 'walk_com_height': 0.445, 'walk_foot_height': 0.03, 'walk_trunk_pitch': -5.7, 'walk_foot_rise_ratio': 0.3, 'single_support_duration': 0.45, 'single_support_timesteps': 10, 'foot_length': 0.22, 'feet_spacing': 0.114, 'zmp_margin': 0.02, 'foot_zmp_target_x': 0.0, 'foot_zmp_target_y': 0.0, 'walk_max_dtheta': 1.0, 'walk_max_dy': 0.04, 'walk_max_dx_forward': 0.1, 'walk_max_dx_backward': 0.03, 'joints': ['leg_left_ankle_roll_joint', 'leg_left_ankle_pitch_joint', 'leg_left_knee_pitch_joint', 'leg_left_hip_pitch_joint', 'leg_left_hip_yaw_joint', 'leg_left_hip_roll_joint', 'leg_right_ankle_roll_joint', 'leg_right_ankle_pitch_joint', 'leg_right_knee_pitch_joint', 'leg_right_hip_pitch_joint', 'leg_right_hip_yaw_joint', 'leg_right_hip_roll_joint', 'left_wrist_attachment_joint', 'left_fore_arm_joint', 'left_upper_arm_joint', 'left_shoulder_joint', 'right_wrist_attachment_joint', 'right_fore_arm_joint', 'right_upper_arm_joint', 'right_shoulder_joint'], 'joint_angles': {'left_wrist_attachment_joint': 30, 'left_fore_arm_joint': 0, 'left_upper_arm_joint': 0, 'left_shoulder_joint': 0, 'right_wrist_attachment_joint': -30, 'right_fore_arm_joint': 0, 'right_upper_arm_joint': 0, 'right_shoulder_joint': 0}}
Placing the robot in the initial position...
Initial position reached
{'leg_left_ankle_roll_joint': 0.02198635560577808, 'leg_left_ankle_pitch_joint': -0.5102113431638029, 'leg_left_knee_pitch_joint': 0.9594954885049448, 'leg_left_hip_pitch_joint': -0.35050599582050884, 'leg_left_hip_yaw_joint': -0.058474818956396675, 'leg_left_hip_roll_joint': -0.013950372168441423, 'leg_right_ankle_roll_joint': 0.02269527995650908, 'leg_right_ankle_pitch_joint': -0.5363928846831558, 'leg_right_knee_pitch_joint': 1.0445064657469514, 'leg_right_hip_pitch_joint': -0.40935658355942117, 'leg_right_hip_yaw_joint': -0.05902497043251262, 'leg_right_hip_roll_joint': -0.014406031043124726, 'left_wrist_attachment_joint': 0.5235987755982988, 'left_fore_arm_joint': -4.517653819314739e-24, 'left_upper_arm_joint': 5.749131353717741e-24, 'left_shoulder_joint': 9.456794789237436e-24, 'right_wrist_attachment_joint': -0.5235987755982988, 'right_fore_arm_joint': 5.692699641287621e-24, 'right_upper_arm_joint': -7.02577571301681e-24, 'right_shoulder_joint': -8.943813800398819e-24}
## period: 1.17
You can open the visualizer by visiting the following URL:
http://127.0.0.1:7004/static/
Viewer URL: http://127.0.0.1:7004/static/
BAD root_position: -0.07785
BAD root_position: -0.07785
BAD root_position: -0.07785
BAD root_position: -0.07785
BAD root_position: -0.07785
BAD root_position: -0.07785
BAD root_position: -0.07785
BAD root_position: -0.07785
BAD root_position: -0.07785
BAD root_position: -0.07785
BAD root_position: -0.07785
BAD root_position: -0.07785
BAD root_position: -0.07785
BAD root_position: -0.07785
BAD root_position: -0.07785
BAD root_position: -0.07785
BAD root_position: -0.07785
BAD root_position: -0.07785
BAD root_position: -0.07785
BAD root_position: -0.07785
BAD root_position: -0.07785
BAD root_position: -0.07785
BAD root_position: -0.07785
BAD root_position: -0.07785
BAD root_position: -0.07785
BAD root_position: -0.07785
BAD root_position: -0.07785
BAD root_position: -0.07785
BAD root_position: -0.07785
BAD root_position: -0.07785
BAD root_position: -0.07785
BAD root_position: -0.07784
BAD root_position: -0.07785
BAD root_position: -0.07809
BAD root_position: -0.07859
BAD root_position: -0.07924
BAD root_position: -0.07995
BAD root_position: -0.08064
BAD root_position: -0.08121
BAD root_position: -0.08156
BAD root_position: -0.08163
BAD root_position: -0.08163
BAD root_position: -0.08163
BAD root_position: -0.08163
BAD root_position: -0.08163
BAD root_position: -0.08163
BAD root_position: -0.08163
BAD root_position: -0.08156
BAD root_position: -0.08119
BAD root_position: -0.08058
BAD root_position: -0.07985
BAD root_position: -0.07910
BAD root_position: -0.07844
BAD root_position: -0.07798
BAD root_position: -0.07783
BAD root_position: -0.07782
BAD root_position: -0.07781
BAD root_position: -0.07780
BAD root_position: -0.07779
BAD root_position: -0.07778
BAD root_position: -0.07776
BAD root_position: -0.07783
BAD root_position: -0.07822
BAD root_position: -0.07885
BAD root_position: -0.07962
BAD root_position: -0.08041
BAD root_position: -0.08113
BAD root_position: -0.08164
BAD root_position: -0.08186
BAD root_position: -0.08194
BAD root_position: -0.08202
BAD root_position: -0.08210
BAD root_position: -0.08217
BAD root_position: -0.08224
BAD root_position: -0.08229
BAD root_position: -0.08223
BAD root_position: -0.08182
BAD root_position: -0.08116
BAD root_position: -0.08036
BAD root_position: -0.07954
BAD root_position: -0.07882
BAD root_position: -0.07831
BAD root_position: -0.07811
BAD root_position: -0.07802
BAD root_position: -0.07793
BAD root_position: -0.07784
BAD root_position: -0.07775
BAD root_position: -0.07766
BAD root_position: -0.07758
BAD root_position: -0.07762
BAD root_position: -0.07796
BAD root_position: -0.07851
BAD root_position: -0.07917
BAD root_position: -0.07985
BAD root_position: -0.08044
BAD root_position: -0.08084
BAD root_position: -0.08096
BAD root_position: -0.08101
BAD root_position: -0.08107
BAD root_position: -0.08113
BAD root_position: -0.08119
BAD root_position: -0.08126
BAD root_position: -0.08133
BAD root_position: -0.08126
BAD root_position: -0.08087
BAD root_position: -0.08028
BAD root_position: -0.07958
BAD root_position: -0.07888
BAD root_position: -0.07828
BAD root_position: -0.07791
BAD root_position: -0.07784
BAD root_position: -0.07784
BAD root_position: -0.07783
BAD root_position: -0.07783
BAD root_position: -0.07783
BAD root_position: -0.07782
BAD root_position: -0.07781
BAD root_position: -0.07798
BAD root_position: -0.07846
BAD root_position: -0.07914
BAD root_position: -0.07994
BAD root_position: -0.08073
BAD root_position: -0.08141
BAD root_position: -0.08186
BAD root_position: -0.08201
BAD root_position: -0.08211
BAD root_position: -0.08220
BAD root_position: -0.08228
BAD root_position: -0.08236
BAD root_position: -0.08243
BAD root_position: -0.08249
BAD root_position: -0.08232
BAD root_position: -0.08182
BAD root_position: -0.08110
BAD root_position: -0.08027
BAD root_position: -0.07945
BAD root_position: -0.07875
BAD root_position: -0.07830
BAD root_position: -0.07815
BAD root_position: -0.07803
BAD root_position: -0.07791
BAD root_position: -0.07779
BAD root_position: -0.07768
BAD root_position: -0.07757
BAD root_position: -0.07748
BAD root_position: -0.07759
BAD root_position: -0.07799
BAD root_position: -0.07856
BAD root_position: -0.07922
BAD root_position: -0.07987
BAD root_position: -0.08041
BAD root_position: -0.08073
BAD root_position: -0.08080
BAD root_position: -0.08085
BAD root_position: -0.08092
BAD root_position: -0.08098
BAD root_position: -0.08106
BAD root_position: -0.08114
BAD root_position: -0.08121
BAD root_position: -0.08105
BAD root_position: -0.08061
BAD root_position: -0.07999
BAD root_position: -0.07930
BAD root_position: -0.07863
BAD root_position: -0.07810
BAD root_position: -0.07782
BAD root_position: -0.07780
BAD root_position: -0.07782
BAD root_position: -0.07783
BAD root_position: -0.07784
BAD root_position: -0.07786
BAD root_position: -0.07787
BAD root_position: -0.07789
BAD root_position: -0.07816
BAD root_position: -0.07873
BAD root_position: -0.07947
BAD root_position: -0.08028
BAD root_position: -0.08107
BAD root_position: -0.08171
BAD root_position: -0.08208
BAD root_position: -0.08220
BAD root_position: -0.08230
BAD root_position: -0.08239
BAD root_position: -0.08247
BAD root_position: -0.08255
BAD root_position: -0.08262
BAD root_position: -0.08265
BAD root_position: -0.08237
BAD root_position: -0.08179
BAD root_position: -0.08101
BAD root_position: -0.08015
BAD root_position: -0.07934
BAD root_position: -0.07870
BAD root_position: -0.07832
BAD root_position: -0.07817
BAD root_position: -0.07804
BAD root_position: -0.07790
BAD root_position: -0.07777
BAD root_position: -0.07764
BAD root_position: -0.07752
BAD root_position: -0.07741
BAD root_position: -0.07746
BAD root_position: -0.07777
BAD root_position: -0.07827
BAD root_position: -0.07887
BAD root_position: -0.07949
BAD root_position: -0.08005
BAD root_position: -0.08045
BAD root_position: -0.08062
BAD root_position: -0.08066
BAD root_position: -0.08072
BAD root_position: -0.08078
BAD root_position: -0.08086
BAD root_position: -0.08093
BAD root_position: -0.08102
BAD root_position: -0.08108
BAD root_position: -0.08091
BAD root_position: -0.08049
BAD root_position: -0.07991
BAD root_position: -0.07927
BAD root_position: -0.07864
BAD root_position: -0.07814
BAD root_position: -0.07785
BAD root_position: -0.07783
BAD root_position: -0.07786
BAD root_position: -0.07789
BAD root_position: -0.07792
BAD root_position: -0.07795
BAD root_position: -0.07797
BAD root_position: -0.07799
BAD root_position: -0.07809
BAD root_position: -0.07849
BAD root_position: -0.07910
BAD root_position: -0.07985
BAD root_position: -0.08064
BAD root_position: -0.08137
BAD root_position: -0.08195
BAD root_position: -0.08228
BAD root_position: -0.08239
BAD root_position: -0.08248
BAD root_position: -0.08258
BAD root_position: -0.08266
BAD root_position: -0.08274
BAD root_position: -0.08280
BAD root_position: -0.08285
BAD root_position: -0.08267
BAD root_position: -0.08218
BAD root_position: -0.08148
BAD root_position: -0.08067
BAD root_position: -0.07984
BAD root_position: -0.07910
BAD root_position: -0.07856
BAD root_position: -0.07831
BAD root_position: -0.07816
BAD root_position: -0.07801
BAD root_position: -0.07786
BAD root_position: -0.07772
BAD root_position: -0.07757
BAD root_position: -0.07744
BAD root_position: -0.07736
BAD root_position: -0.07753
BAD root_position: -0.07793
BAD root_position: -0.07848
BAD root_position: -0.07908
BAD root_position: -0.07967
BAD root_position: -0.08015
BAD root_position: -0.08044
BAD root_position: -0.08051
BAD root_position: -0.08056
BAD root_position: -0.08062
BAD root_position: -0.08069
BAD root_position: -0.08077
BAD root_position: -0.08086
BAD root_position: -0.08098
BAD root_position: -0.08096
BAD root_position: -0.08066
BAD root_position: -0.08017
BAD root_position: -0.07955
BAD root_position: -0.07892
BAD root_position: -0.07836
BAD root_position: -0.07796
BAD root_position: -0.07783
BAD root_position: -0.07787
BAD root_position: -0.07791
BAD root_position: -0.07796
BAD root_position: -0.07800
BAD root_position: -0.07804
BAD root_position: -0.07808
BAD root_position: -0.07812
BAD root_position: -0.07838
BAD root_position: -0.07890
BAD root_position: -0.07960
BAD root_position: -0.08039
BAD root_position: -0.08117
BAD root_position: -0.08185
BAD root_position: -0.08231
BAD root_position: -0.08250
BAD root_position: -0.08260
BAD root_position: -0.08270
BAD root_position: -0.08279
BAD root_position: -0.08287
BAD root_position: -0.08294
BAD root_position: -0.08300
BAD root_position: -0.08297
BAD root_position: -0.08262
BAD root_position: -0.08200
BAD root_position: -0.08122
BAD root_position: -0.08038
BAD root_position: -0.07957
BAD root_position: -0.07890
BAD root_position: -0.07848
BAD root_position: -0.07830
BAD root_position: -0.07812
BAD root_position: -0.07795
BAD root_position: -0.07778
BAD root_position: -0.07762
BAD root_position: -0.07747
BAD root_position: -0.07733
BAD root_position: -0.07735
BAD root_position: -0.07764
BAD root_position: -0.07811
BAD root_position: -0.07868
BAD root_position: -0.07928
BAD root_position: -0.07981
BAD root_position: -0.08020
BAD root_position: -0.08036
BAD root_position: -0.08040
BAD root_position: -0.08046
BAD root_position: -0.08053
BAD root_position: -0.08061
BAD root_position: -0.08070
BAD root_position: -0.08079
BAD root_position: -0.08087
BAD root_position: -0.08072
BAD root_position: -0.08033
BAD root_position: -0.07978
BAD root_position: -0.07917
BAD root_position: -0.07858
BAD root_position: -0.07811
BAD root_position: -0.07785
BAD root_position: -0.07785
BAD root_position: -0.07791
BAD root_position: -0.07798
BAD root_position: -0.07804
BAD root_position: -0.07809
BAD root_position: -0.07815
BAD root_position: -0.07819
BAD root_position: -0.07832
BAD root_position: -0.07873
BAD root_position: -0.07936
BAD root_position: -0.08012
BAD root_position: -0.08092
BAD root_position: -0.08167
BAD root_position: -0.08226
BAD root_position: -0.08260
BAD root_position: -0.08271
BAD root_position: -0.08282
BAD root_position: -0.08292
BAD root_position: -0.08300
BAD root_position: -0.08308
BAD root_position: -0.08314
BAD root_position: -0.08318
BAD root_position: -0.08299
BAD root_position: -0.08247
BAD root_position: -0.08175
BAD root_position: -0.08092
BAD root_position: -0.08008
BAD root_position: -0.07932
BAD root_position: -0.07876
BAD root_position: -0.07847
BAD root_position: -0.07829
BAD root_position: -0.07811
BAD root_position: -0.07792
BAD root_position: -0.07774
BAD root_position: -0.07757
BAD root_position: -0.07742
BAD root_position: -0.07731
BAD root_position: -0.07746
BAD root_position: -0.07784
BAD root_position: -0.07835
BAD root_position: -0.07893
BAD root_position: -0.07950
BAD root_position: -0.07996
BAD root_position: -0.08023
BAD root_position: -0.08030
BAD root_position: -0.08036
BAD root_position: -0.08043
BAD root_position: -0.08051
BAD root_position: -0.08059
BAD root_position: -0.08069
BAD root_position: -0.08079
BAD root_position: -0.08079
BAD root_position: -0.08050
BAD root_position: -0.08000
BAD root_position: -0.07938
BAD root_position: -0.07876
BAD root_position: -0.07824
BAD root_position: -0.07792
BAD root_position: -0.07790
BAD root_position: -0.07798
BAD root_position: -0.07806
BAD root_position: -0.07814
BAD root_position: -0.07821
BAD root_position: -0.07828
BAD root_position: -0.07834
BAD root_position: -0.07853
BAD root_position: -0.07902
BAD root_position: -0.07974
BAD root_position: -0.08056
BAD root_position: -0.08140
BAD root_position: -0.08213
BAD root_position: -0.08264
BAD root_position: -0.08284
BAD root_position: -0.08295
BAD root_position: -0.08306
BAD root_position: -0.08315
BAD root_position: -0.08323
BAD root_position: -0.08330
BAD root_position: -0.08334
BAD root_position: -0.08318
BAD root_position: -0.08267
BAD root_position: -0.08191
BAD root_position: -0.08102
BAD root_position: -0.08013
BAD root_position: -0.07934
BAD root_position: -0.07877
BAD root_position: -0.07851
BAD root_position: -0.07830
BAD root_position: -0.07809
BAD root_position: -0.07788
BAD root_position: -0.07769
BAD root_position: -0.07751
BAD root_position: -0.07735
BAD root_position: -0.07738
BAD root_position: -0.07768
BAD root_position: -0.07817
BAD root_position: -0.07876
BAD root_position: -0.07935
BAD root_position: -0.07985
BAD root_position: -0.08016
BAD root_position: -0.08024
BAD root_position: -0.08029
BAD root_position: -0.08036
BAD root_position: -0.08044
BAD root_position: -0.08053
BAD root_position: -0.08064
BAD root_position: -0.08075
BAD root_position: -0.08068
BAD root_position: -0.08033
BAD root_position: -0.07980
BAD root_position: -0.07919
BAD root_position: -0.07859
BAD root_position: -0.07812
BAD root_position: -0.07788
BAD root_position: -0.07791
BAD root_position: -0.07799
BAD root_position: -0.07808
BAD root_position: -0.07817
BAD root_position: -0.07826
BAD root_position: -0.07834
BAD root_position: -0.07842
BAD root_position: -0.07872
BAD root_position: -0.07930
BAD root_position: -0.08006
BAD root_position: -0.08090
BAD root_position: -0.08172
BAD root_position: -0.08241
BAD root_position: -0.08284
BAD root_position: -0.08299
BAD root_position: -0.08310
BAD root_position: -0.08321
BAD root_position: -0.08330
BAD root_position: -0.08335
BAD root_position: -0.08341
BAD root_position: -0.08343
BAD root_position: -0.08316
BAD root_position: -0.08257
BAD root_position: -0.08176
BAD root_position: -0.08085
BAD root_position: -0.07997
BAD root_position: -0.07923
BAD root_position: -0.07874
BAD root_position: -0.07851
BAD root_position: -0.07830
BAD root_position: -0.07808
BAD root_position: -0.07787
BAD root_position: -0.07768
BAD root_position: -0.07751
BAD root_position: -0.07737
BAD root_position: -0.07748
BAD root_position: -0.07784
BAD root_position: -0.07836
BAD root_position: -0.07894
BAD root_position: -0.07951
BAD root_position: -0.07995
BAD root_position: -0.08019
BAD root_position: -0.08024
BAD root_position: -0.08029
BAD root_position: -0.08037
BAD root_position: -0.08045
recorded 500 frames
avg lin_vel_x 0.0584
avg lin_vel_y -0.001
avg yaw 0.0004
computed xvel: 0.103, mean xvel: 0.0584
computed yvel: -0.051, mean yvel: -0.001
computed thetavel: 0.256, mean thetavel: 0.0004
DONE, saving 165_0.103_-0.051_0.256.json
