<frozen importlib._bootstrap>:241: RuntimeWarning: to-Python converter for std::vector<Eigen::Matrix<double, 3, 1, 0, 3, 1>, std::allocator<Eigen::Matrix<double, 3, 1, 0, 3, 1> > > already registered; second conversion method ignored.
<frozen importlib._bootstrap>:241: RuntimeWarning: to-Python converter for boost::python::detail::container_element<std::vector<Eigen::Matrix<double, 3, 1, 0, 3, 1>, std::allocator<Eigen::Matrix<double, 3, 1, 0, 3, 1> > >, unsigned long, boost::python::detail::final_vector_derived_policies<std::vector<Eigen::Matrix<double, 3, 1, 0, 3, 1>, std::allocator<Eigen::Matrix<double, 3, 1, 0, 3, 1> > >, false> > already registered; second conversion method ignored.
<frozen importlib._bootstrap>:241: RuntimeWarning: to-Python converter for std::vector<int, std::allocator<int> > already registered; second conversion method ignored.
<frozen importlib._bootstrap>:241: RuntimeWarning: to-Python converter for std::vector<double, std::allocator<double> > already registered; second conversion method ignored.
<frozen importlib._bootstrap>:241: RuntimeWarning: to-Python converter for std::vector<std::__cxx11::basic_string<char, std::char_traits<char>, std::allocator<char> >, std::allocator<std::__cxx11::basic_string<char, std::char_traits<char>, std::allocator<char> > > > already registered; second conversion method ignored.
WARNING: Can't find trunk frames in the model, can't measure leg spacing
WARNING: Can't find head frames in the model, camera_look_at won't work
gait_parameters {'dx': 0.04, 'dy': -0.01, 'dtheta': 0.15, 'duration': 8, 'hardware': True, 'double_support_ratio': 0.25, 'startend_double_support_ratio': 1.5, 'planned_timesteps': 48, 'replan_timesteps': 10, 'walk_com_height': 0.445, 'walk_foot_height': 0.03, 'walk_trunk_pitch': -5.7, 'walk_foot_rise_ratio': 0.3, 'single_support_duration': 0.45, 'single_support_timesteps': 10, 'foot_length': 0.22, 'feet_spacing': 0.114, 'zmp_margin': 0.02, 'foot_zmp_target_x': 0.0, 'foot_zmp_target_y': 0.0, 'walk_max_dtheta': 1.0, 'walk_max_dy': 0.04, 'walk_max_dx_forward': 0.1, 'walk_max_dx_backward': 0.03, 'joints': ['leg_left_ankle_roll_joint', 'leg_left_ankle_pitch_joint', 'leg_left_knee_pitch_joint', 'leg_left_hip_pitch_joint', 'leg_left_hip_yaw_joint', 'leg_left_hip_roll_joint', 'leg_right_ankle_roll_joint', 'leg_right_ankle_pitch_joint', 'leg_right_knee_pitch_joint', 'leg_right_hip_pitch_joint', 'leg_right_hip_yaw_joint', 'leg_right_hip_roll_joint', 'left_wrist_attachment_joint', 'left_fore_arm_joint', 'left_upper_arm_joint', 'left_shoulder_joint', 'right_wrist_attachment_joint', 'right_fore_arm_joint', 'right_upper_arm_joint', 'right_shoulder_joint'], 'joint_angles': {'left_wrist_attachment_joint': 30, 'left_fore_arm_joint': 0, 'left_upper_arm_joint': 0, 'left_shoulder_joint': 0, 'right_wrist_attachment_joint': -30, 'right_fore_arm_joint': 0, 'right_upper_arm_joint': 0, 'right_shoulder_joint': 0}}
Placing the robot in the initial position...
Initial position reached
{'leg_left_ankle_roll_joint': 0.022107653779206704, 'leg_left_ankle_pitch_joint': -0.5085752364316102, 'leg_left_knee_pitch_joint': 0.9561157124753983, 'leg_left_hip_pitch_joint': -0.348766831511288, 'leg_left_hip_yaw_joint': -0.0585686306428338, 'leg_left_hip_roll_joint': -0.014027397919890728, 'leg_right_ankle_roll_joint': 0.022818144707512367, 'leg_right_ankle_pitch_joint': -0.5349291125671037, 'leg_right_knee_pitch_joint': 1.0414520642157292, 'leg_right_hip_pitch_joint': -0.4077705605091011, 'leg_right_hip_yaw_joint': -0.059119991641225396, 'leg_right_hip_roll_joint': -0.01448405664251525, 'left_wrist_attachment_joint': 0.5235987755982988, 'left_fore_arm_joint': 1.0422811665515304e-24, 'left_upper_arm_joint': -1.4479241191531281e-24, 'left_shoulder_joint': -2.282235661045474e-24, 'right_wrist_attachment_joint': -0.5235987755982988, 'right_fore_arm_joint': -1.3699989503939152e-24, 'right_upper_arm_joint': 1.8091071909644485e-24, 'right_shoulder_joint': 2.05869455963162e-24}
## period: 1.17
You can open the visualizer by visiting the following URL:
http://127.0.0.1:7005/static/
Viewer URL: http://127.0.0.1:7005/static/
BAD root_position: -0.07762
BAD root_position: -0.07762
BAD root_position: -0.07762
BAD root_position: -0.07762
BAD root_position: -0.07762
BAD root_position: -0.07762
BAD root_position: -0.07762
BAD root_position: -0.07762
BAD root_position: -0.07762
BAD root_position: -0.07762
BAD root_position: -0.07762
BAD root_position: -0.07762
BAD root_position: -0.07762
BAD root_position: -0.07762
BAD root_position: -0.07762
BAD root_position: -0.07762
BAD root_position: -0.07762
BAD root_position: -0.07762
BAD root_position: -0.07762
BAD root_position: -0.07762
BAD root_position: -0.07762
BAD root_position: -0.07762
BAD root_position: -0.07762
BAD root_position: -0.07762
BAD root_position: -0.07762
BAD root_position: -0.07762
BAD root_position: -0.07762
BAD root_position: -0.07762
BAD root_position: -0.07762
BAD root_position: -0.07761
BAD root_position: -0.07761
BAD root_position: -0.07761
BAD root_position: -0.07762
BAD root_position: -0.07786
BAD root_position: -0.07835
BAD root_position: -0.07901
BAD root_position: -0.07972
BAD root_position: -0.08041
BAD root_position: -0.08098
BAD root_position: -0.08133
BAD root_position: -0.08140
BAD root_position: -0.08140
BAD root_position: -0.08140
BAD root_position: -0.08140
BAD root_position: -0.08140
BAD root_position: -0.08140
BAD root_position: -0.08141
BAD root_position: -0.08134
BAD root_position: -0.08097
BAD root_position: -0.08036
BAD root_position: -0.07963
BAD root_position: -0.07889
BAD root_position: -0.07823
BAD root_position: -0.07777
BAD root_position: -0.07762
BAD root_position: -0.07762
BAD root_position: -0.07762
BAD root_position: -0.07762
BAD root_position: -0.07762
BAD root_position: -0.07762
BAD root_position: -0.07761
BAD root_position: -0.07770
BAD root_position: -0.07809
BAD root_position: -0.07870
BAD root_position: -0.07944
BAD root_position: -0.08019
BAD root_position: -0.08083
BAD root_position: -0.08128
BAD root_position: -0.08141
BAD root_position: -0.08141
BAD root_position: -0.08141
BAD root_position: -0.08142
BAD root_position: -0.08142
BAD root_position: -0.08142
BAD root_position: -0.08142
BAD root_position: -0.08133
BAD root_position: -0.08091
BAD root_position: -0.08028
BAD root_position: -0.07954
BAD root_position: -0.07880
BAD root_position: -0.07816
BAD root_position: -0.07774
BAD root_position: -0.07763
BAD root_position: -0.07763
BAD root_position: -0.07762
BAD root_position: -0.07762
BAD root_position: -0.07762
BAD root_position: -0.07761
BAD root_position: -0.07761
BAD root_position: -0.07773
BAD root_position: -0.07815
BAD root_position: -0.07879
BAD root_position: -0.07953
BAD root_position: -0.08027
BAD root_position: -0.08090
BAD root_position: -0.08130
BAD root_position: -0.08140
BAD root_position: -0.08140
BAD root_position: -0.08140
BAD root_position: -0.08141
BAD root_position: -0.08141
BAD root_position: -0.08141
BAD root_position: -0.08142
BAD root_position: -0.08128
BAD root_position: -0.08083
BAD root_position: -0.08018
BAD root_position: -0.07943
BAD root_position: -0.07870
BAD root_position: -0.07808
BAD root_position: -0.07770
BAD root_position: -0.07762
BAD root_position: -0.07762
BAD root_position: -0.07762
BAD root_position: -0.07761
BAD root_position: -0.07761
BAD root_position: -0.07761
BAD root_position: -0.07760
BAD root_position: -0.07776
BAD root_position: -0.07823
BAD root_position: -0.07889
BAD root_position: -0.07964
BAD root_position: -0.08036
BAD root_position: -0.08097
BAD root_position: -0.08133
BAD root_position: -0.08139
BAD root_position: -0.08140
BAD root_position: -0.08140
BAD root_position: -0.08141
BAD root_position: -0.08142
BAD root_position: -0.08142
BAD root_position: -0.08143
BAD root_position: -0.08124
BAD root_position: -0.08076
BAD root_position: -0.08009
BAD root_position: -0.07933
BAD root_position: -0.07861
BAD root_position: -0.07802
BAD root_position: -0.07768
BAD root_position: -0.07763
BAD root_position: -0.07763
BAD root_position: -0.07763
BAD root_position: -0.07762
BAD root_position: -0.07762
BAD root_position: -0.07761
BAD root_position: -0.07761
BAD root_position: -0.07782
BAD root_position: -0.07831
BAD root_position: -0.07899
BAD root_position: -0.07974
BAD root_position: -0.08046
BAD root_position: -0.08103
BAD root_position: -0.08135
BAD root_position: -0.08139
BAD root_position: -0.08139
BAD root_position: -0.08139
BAD root_position: -0.08140
BAD root_position: -0.08140
BAD root_position: -0.08141
BAD root_position: -0.08141
BAD root_position: -0.08117
BAD root_position: -0.08065
BAD root_position: -0.07996
BAD root_position: -0.07921
BAD root_position: -0.07850
BAD root_position: -0.07794
BAD root_position: -0.07764
BAD root_position: -0.07762
BAD root_position: -0.07762
BAD root_position: -0.07762
BAD root_position: -0.07762
BAD root_position: -0.07761
BAD root_position: -0.07761
BAD root_position: -0.07762
BAD root_position: -0.07788
BAD root_position: -0.07841
BAD root_position: -0.07911
BAD root_position: -0.07986
BAD root_position: -0.08057
BAD root_position: -0.08111
BAD root_position: -0.08139
BAD root_position: -0.08141
BAD root_position: -0.08141
BAD root_position: -0.08142
BAD root_position: -0.08142
BAD root_position: -0.08143
BAD root_position: -0.08144
BAD root_position: -0.08142
BAD root_position: -0.08114
BAD root_position: -0.08059
BAD root_position: -0.07988
BAD root_position: -0.07913
BAD root_position: -0.07843
BAD root_position: -0.07792
BAD root_position: -0.07766
BAD root_position: -0.07764
BAD root_position: -0.07763
BAD root_position: -0.07763
BAD root_position: -0.07762
BAD root_position: -0.07761
BAD root_position: -0.07761
BAD root_position: -0.07760
BAD root_position: -0.07774
BAD root_position: -0.07817
BAD root_position: -0.07878
BAD root_position: -0.07948
BAD root_position: -0.08019
BAD root_position: -0.08080
BAD root_position: -0.08123
BAD root_position: -0.08138
BAD root_position: -0.08138
BAD root_position: -0.08138
BAD root_position: -0.08138
BAD root_position: -0.08139
BAD root_position: -0.08139
BAD root_position: -0.08140
BAD root_position: -0.08138
BAD root_position: -0.08112
BAD root_position: -0.08061
BAD root_position: -0.07996
BAD root_position: -0.07924
BAD root_position: -0.07856
BAD root_position: -0.07800
BAD root_position: -0.07767
BAD root_position: -0.07762
BAD root_position: -0.07762
BAD root_position: -0.07762
BAD root_position: -0.07762
BAD root_position: -0.07762
BAD root_position: -0.07762
BAD root_position: -0.07761
BAD root_position: -0.07770
BAD root_position: -0.07806
BAD root_position: -0.07864
BAD root_position: -0.07933
BAD root_position: -0.08005
BAD root_position: -0.08069
BAD root_position: -0.08118
BAD root_position: -0.08141
BAD root_position: -0.08142
BAD root_position: -0.08142
BAD root_position: -0.08143
BAD root_position: -0.08143
BAD root_position: -0.08144
BAD root_position: -0.08144
BAD root_position: -0.08145
BAD root_position: -0.08126
BAD root_position: -0.08080
BAD root_position: -0.08017
BAD root_position: -0.07946
BAD root_position: -0.07875
BAD root_position: -0.07816
BAD root_position: -0.07776
BAD root_position: -0.07764
BAD root_position: -0.07764
BAD root_position: -0.07763
BAD root_position: -0.07762
BAD root_position: -0.07762
BAD root_position: -0.07761
BAD root_position: -0.07760
BAD root_position: -0.07763
BAD root_position: -0.07792
BAD root_position: -0.07845
BAD root_position: -0.07912
BAD root_position: -0.07983
BAD root_position: -0.08050
BAD root_position: -0.08104
BAD root_position: -0.08133
BAD root_position: -0.08137
BAD root_position: -0.08137
BAD root_position: -0.08137
BAD root_position: -0.08138
BAD root_position: -0.08138
BAD root_position: -0.08139
BAD root_position: -0.08139
BAD root_position: -0.08128
BAD root_position: -0.08089
BAD root_position: -0.08029
BAD root_position: -0.07959
BAD root_position: -0.07888
BAD root_position: -0.07825
BAD root_position: -0.07780
BAD root_position: -0.07762
BAD root_position: -0.07762
BAD root_position: -0.07762
BAD root_position: -0.07762
BAD root_position: -0.07762
BAD root_position: -0.07762
BAD root_position: -0.07762
BAD root_position: -0.07763
BAD root_position: -0.07785
BAD root_position: -0.07834
BAD root_position: -0.07898
BAD root_position: -0.07970
BAD root_position: -0.08040
BAD root_position: -0.08097
BAD root_position: -0.08134
BAD root_position: -0.08143
BAD root_position: -0.08143
BAD root_position: -0.08144
BAD root_position: -0.08144
BAD root_position: -0.08145
BAD root_position: -0.08145
BAD root_position: -0.08146
BAD root_position: -0.08141
BAD root_position: -0.08107
BAD root_position: -0.08051
BAD root_position: -0.07983
BAD root_position: -0.07911
BAD root_position: -0.07844
BAD root_position: -0.07793
BAD root_position: -0.07766
BAD root_position: -0.07764
BAD root_position: -0.07763
BAD root_position: -0.07763
BAD root_position: -0.07762
BAD root_position: -0.07761
BAD root_position: -0.07760
BAD root_position: -0.07759
BAD root_position: -0.07773
BAD root_position: -0.07816
BAD root_position: -0.07876
BAD root_position: -0.07947
BAD root_position: -0.08017
BAD root_position: -0.08078
BAD root_position: -0.08121
BAD root_position: -0.08136
BAD root_position: -0.08136
BAD root_position: -0.08136
BAD root_position: -0.08136
BAD root_position: -0.08137
BAD root_position: -0.08137
BAD root_position: -0.08138
BAD root_position: -0.08137
BAD root_position: -0.08111
BAD root_position: -0.08060
BAD root_position: -0.07994
BAD root_position: -0.07923
BAD root_position: -0.07855
BAD root_position: -0.07800
BAD root_position: -0.07767
BAD root_position: -0.07762
BAD root_position: -0.07762
BAD root_position: -0.07762
BAD root_position: -0.07762
BAD root_position: -0.07763
BAD root_position: -0.07763
BAD root_position: -0.07763
BAD root_position: -0.07771
BAD root_position: -0.07808
BAD root_position: -0.07865
BAD root_position: -0.07935
BAD root_position: -0.08007
BAD root_position: -0.08072
BAD root_position: -0.08120
BAD root_position: -0.08143
BAD root_position: -0.08144
BAD root_position: -0.08145
BAD root_position: -0.08145
BAD root_position: -0.08146
BAD root_position: -0.08146
BAD root_position: -0.08147
BAD root_position: -0.08147
BAD root_position: -0.08128
BAD root_position: -0.08082
BAD root_position: -0.08019
BAD root_position: -0.07947
BAD root_position: -0.07877
BAD root_position: -0.07817
BAD root_position: -0.07777
BAD root_position: -0.07765
BAD root_position: -0.07764
BAD root_position: -0.07763
BAD root_position: -0.07762
BAD root_position: -0.07761
BAD root_position: -0.07760
BAD root_position: -0.07759
BAD root_position: -0.07762
BAD root_position: -0.07791
BAD root_position: -0.07844
BAD root_position: -0.07910
BAD root_position: -0.07982
BAD root_position: -0.08049
BAD root_position: -0.08102
BAD root_position: -0.08131
BAD root_position: -0.08135
BAD root_position: -0.08135
BAD root_position: -0.08135
BAD root_position: -0.08136
BAD root_position: -0.08136
BAD root_position: -0.08137
BAD root_position: -0.08137
BAD root_position: -0.08127
BAD root_position: -0.08085
BAD root_position: -0.08021
BAD root_position: -0.07947
BAD root_position: -0.07874
BAD root_position: -0.07811
BAD root_position: -0.07771
BAD root_position: -0.07762
BAD root_position: -0.07762
BAD root_position: -0.07762
BAD root_position: -0.07763
BAD root_position: -0.07763
BAD root_position: -0.07763
BAD root_position: -0.07763
BAD root_position: -0.07777
BAD root_position: -0.07821
BAD root_position: -0.07886
BAD root_position: -0.07961
BAD root_position: -0.08035
BAD root_position: -0.08097
BAD root_position: -0.08137
BAD root_position: -0.08145
BAD root_position: -0.08146
BAD root_position: -0.08146
BAD root_position: -0.08147
BAD root_position: -0.08147
BAD root_position: -0.08148
BAD root_position: -0.08148
BAD root_position: -0.08133
BAD root_position: -0.08086
BAD root_position: -0.08020
BAD root_position: -0.07944
BAD root_position: -0.07871
BAD root_position: -0.07810
BAD root_position: -0.07772
BAD root_position: -0.07765
BAD root_position: -0.07764
BAD root_position: -0.07763
BAD root_position: -0.07762
BAD root_position: -0.07760
BAD root_position: -0.07759
BAD root_position: -0.07758
BAD root_position: -0.07775
BAD root_position: -0.07822
BAD root_position: -0.07889
BAD root_position: -0.07963
BAD root_position: -0.08035
BAD root_position: -0.08094
BAD root_position: -0.08129
BAD root_position: -0.08134
BAD root_position: -0.08134
BAD root_position: -0.08134
BAD root_position: -0.08135
BAD root_position: -0.08135
BAD root_position: -0.08136
BAD root_position: -0.08136
BAD root_position: -0.08116
BAD root_position: -0.08067
BAD root_position: -0.08000
BAD root_position: -0.07925
BAD root_position: -0.07854
BAD root_position: -0.07796
BAD root_position: -0.07764
BAD root_position: -0.07761
BAD root_position: -0.07762
BAD root_position: -0.07762
BAD root_position: -0.07763
BAD root_position: -0.07763
BAD root_position: -0.07763
BAD root_position: -0.07764
BAD root_position: -0.07787
BAD root_position: -0.07839
BAD root_position: -0.07908
BAD root_position: -0.07984
BAD root_position: -0.08055
BAD root_position: -0.08112
BAD root_position: -0.08143
BAD root_position: -0.08147
BAD root_position: -0.08147
BAD root_position: -0.08148
BAD root_position: -0.08148
BAD root_position: -0.08149
BAD root_position: -0.08149
BAD root_position: -0.08148
BAD root_position: -0.08123
BAD root_position: -0.08070
BAD root_position: -0.07999
BAD root_position: -0.07923
BAD root_position: -0.07852
BAD root_position: -0.07797
BAD root_position: -0.07767
BAD root_position: -0.07765
BAD root_position: -0.07764
BAD root_position: -0.07762
BAD root_position: -0.07761
BAD root_position: -0.07760
BAD root_position: -0.07758
BAD root_position: -0.07759
BAD root_position: -0.07786
BAD root_position: -0.07839
BAD root_position: -0.07909
BAD root_position: -0.07983
BAD root_position: -0.08053
BAD root_position: -0.08106
BAD root_position: -0.08132
BAD root_position: -0.08133
BAD root_position: -0.08133
BAD root_position: -0.08133
BAD root_position: -0.08134
recorded 500 frames
avg lin_vel_x 0.0031
avg lin_vel_y -0.0141
avg yaw 0.0
computed xvel: 0.068, mean xvel: 0.0031
computed yvel: -0.017, mean yvel: -0.0141
computed thetavel: 0.256, mean thetavel: 0.0
DONE, saving 172_0.068_-0.017_0.256.json
