<frozen importlib._bootstrap>:241: RuntimeWarning: to-Python converter for std::vector<Eigen::Matrix<double, 3, 1, 0, 3, 1>, std::allocator<Eigen::Matrix<double, 3, 1, 0, 3, 1> > > already registered; second conversion method ignored.
<frozen importlib._bootstrap>:241: RuntimeWarning: to-Python converter for boost::python::detail::container_element<std::vector<Eigen::Matrix<double, 3, 1, 0, 3, 1>, std::allocator<Eigen::Matrix<double, 3, 1, 0, 3, 1> > >, unsigned long, boost::python::detail::final_vector_derived_policies<std::vector<Eigen::Matrix<double, 3, 1, 0, 3, 1>, std::allocator<Eigen::Matrix<double, 3, 1, 0, 3, 1> > >, false> > already registered; second conversion method ignored.
<frozen importlib._bootstrap>:241: RuntimeWarning: to-Python converter for std::vector<int, std::allocator<int> > already registered; second conversion method ignored.
<frozen importlib._bootstrap>:241: RuntimeWarning: to-Python converter for std::vector<double, std::allocator<double> > already registered; second conversion method ignored.
<frozen importlib._bootstrap>:241: RuntimeWarning: to-Python converter for std::vector<std::__cxx11::basic_string<char, std::char_traits<char>, std::allocator<char> >, std::allocator<std::__cxx11::basic_string<char, std::char_traits<char>, std::allocator<char> > > > already registered; second conversion method ignored.
WARNING: Can't find trunk frames in the model, can't measure leg spacing
WARNING: Can't find head frames in the model, camera_look_at won't work
gait_parameters {'dx': 0.0, 'dy': 0.01, 'dtheta': 0.15, 'duration': 8, 'hardware': True, 'double_support_ratio': 0.25, 'startend_double_support_ratio': 1.5, 'planned_timesteps': 48, 'replan_timesteps': 10, 'walk_com_height': 0.445, 'walk_foot_height': 0.03, 'walk_trunk_pitch': -5.7, 'walk_foot_rise_ratio': 0.3, 'single_support_duration': 0.45, 'single_support_timesteps': 10, 'foot_length': 0.22, 'feet_spacing': 0.114, 'zmp_margin': 0.02, 'foot_zmp_target_x': 0.0, 'foot_zmp_target_y': 0.0, 'walk_max_dtheta': 1.0, 'walk_max_dy': 0.04, 'walk_max_dx_forward': 0.1, 'walk_max_dx_backward': 0.03, 'joints': ['leg_left_ankle_roll_joint', 'leg_left_ankle_pitch_joint', 'leg_left_knee_pitch_joint', 'leg_left_hip_pitch_joint', 'leg_left_hip_yaw_joint', 'leg_left_hip_roll_joint', 'leg_right_ankle_roll_joint', 'leg_right_ankle_pitch_joint', 'leg_right_knee_pitch_joint', 'leg_right_hip_pitch_joint', 'leg_right_hip_yaw_joint', 'leg_right_hip_roll_joint', 'left_wrist_attachment_joint', 'left_fore_arm_joint', 'left_upper_arm_joint', 'left_shoulder_joint', 'right_wrist_attachment_joint', 'right_fore_arm_joint', 'right_upper_arm_joint', 'right_shoulder_joint'], 'joint_angles': {'left_wrist_attachment_joint': 30, 'left_fore_arm_joint': 0, 'left_upper_arm_joint': 0, 'left_shoulder_joint': 0, 'right_wrist_attachment_joint': -30, 'right_fore_arm_joint': 0, 'right_upper_arm_joint': 0, 'right_shoulder_joint': 0}}
Placing the robot in the initial position...
Initial position reached
{'leg_left_ankle_roll_joint': 0.021801043075242357, 'leg_left_ankle_pitch_joint': -0.5099700294817596, 'leg_left_knee_pitch_joint': 0.9590118838653648, 'leg_left_hip_pitch_joint': -0.35025683641918404, 'leg_left_hip_yaw_joint': -0.05833149806743002, 'leg_left_hip_roll_joint': -0.013832698188514693, 'leg_right_ankle_roll_joint': 0.022506801707774485, 'leg_right_ankle_pitch_joint': -0.5361167332614161, 'leg_right_knee_pitch_joint': 1.0439477357640938, 'leg_right_hip_pitch_joint': -0.4090669531806972, 'leg_right_hip_yaw_joint': -0.05887920432429174, 'leg_right_hip_roll_joint': -0.014286339113429377, 'left_wrist_attachment_joint': 0.5235987755982988, 'left_fore_arm_joint': -1.1915272334344046e-24, 'left_upper_arm_joint': 1.641172064172605e-24, 'left_shoulder_joint': 2.518478755432511e-24, 'right_wrist_attachment_joint': -0.5235987755982988, 'right_fore_arm_joint': 1.5110547362685775e-24, 'right_upper_arm_joint': -1.9977959830803922e-24, 'right_shoulder_joint': -2.3518173805549243e-24}
## period: 1.17
You can open the visualizer by visiting the following URL:
http://127.0.0.1:7004/static/
Viewer URL: http://127.0.0.1:7004/static/
BAD root_position: -0.07781
BAD root_position: -0.07781
BAD root_position: -0.07781
BAD root_position: -0.07781
BAD root_position: -0.07781
BAD root_position: -0.07781
BAD root_position: -0.07781
BAD root_position: -0.07781
BAD root_position: -0.07781
BAD root_position: -0.07781
BAD root_position: -0.07781
BAD root_position: -0.07781
BAD root_position: -0.07781
BAD root_position: -0.07781
BAD root_position: -0.07781
BAD root_position: -0.07781
BAD root_position: -0.07781
BAD root_position: -0.07781
BAD root_position: -0.07781
BAD root_position: -0.07781
BAD root_position: -0.07781
BAD root_position: -0.07781
BAD root_position: -0.07781
BAD root_position: -0.07781
BAD root_position: -0.07781
BAD root_position: -0.07781
BAD root_position: -0.07781
BAD root_position: -0.07780
BAD root_position: -0.07780
BAD root_position: -0.07780
BAD root_position: -0.07780
BAD root_position: -0.07780
BAD root_position: -0.07781
BAD root_position: -0.07805
BAD root_position: -0.07854
BAD root_position: -0.07919
BAD root_position: -0.07991
BAD root_position: -0.08060
BAD root_position: -0.08117
BAD root_position: -0.08152
BAD root_position: -0.08159
BAD root_position: -0.08159
BAD root_position: -0.08159
BAD root_position: -0.08159
BAD root_position: -0.08159
BAD root_position: -0.08159
BAD root_position: -0.08159
BAD root_position: -0.08153
BAD root_position: -0.08116
BAD root_position: -0.08055
BAD root_position: -0.07982
BAD root_position: -0.07907
BAD root_position: -0.07842
BAD root_position: -0.07796
BAD root_position: -0.07781
BAD root_position: -0.07781
BAD root_position: -0.07781
BAD root_position: -0.07781
BAD root_position: -0.07781
BAD root_position: -0.07781
BAD root_position: -0.07780
BAD root_position: -0.07789
BAD root_position: -0.07828
BAD root_position: -0.07889
BAD root_position: -0.07963
BAD root_position: -0.08037
BAD root_position: -0.08102
BAD root_position: -0.08146
BAD root_position: -0.08159
BAD root_position: -0.08159
BAD root_position: -0.08159
BAD root_position: -0.08159
BAD root_position: -0.08159
BAD root_position: -0.08159
BAD root_position: -0.08159
BAD root_position: -0.08149
BAD root_position: -0.08108
BAD root_position: -0.08045
BAD root_position: -0.07971
BAD root_position: -0.07897
BAD root_position: -0.07834
BAD root_position: -0.07792
BAD root_position: -0.07781
BAD root_position: -0.07781
BAD root_position: -0.07781
BAD root_position: -0.07781
BAD root_position: -0.07781
BAD root_position: -0.07781
BAD root_position: -0.07781
BAD root_position: -0.07793
BAD root_position: -0.07836
BAD root_position: -0.07900
BAD root_position: -0.07974
BAD root_position: -0.08048
BAD root_position: -0.08110
BAD root_position: -0.08151
BAD root_position: -0.08160
BAD root_position: -0.08160
BAD root_position: -0.08160
BAD root_position: -0.08159
BAD root_position: -0.08159
BAD root_position: -0.08159
BAD root_position: -0.08159
BAD root_position: -0.08145
BAD root_position: -0.08100
BAD root_position: -0.08035
BAD root_position: -0.07960
BAD root_position: -0.07887
BAD root_position: -0.07826
BAD root_position: -0.07788
BAD root_position: -0.07781
BAD root_position: -0.07781
BAD root_position: -0.07781
BAD root_position: -0.07781
BAD root_position: -0.07781
BAD root_position: -0.07780
BAD root_position: -0.07780
BAD root_position: -0.07797
BAD root_position: -0.07843
BAD root_position: -0.07909
BAD root_position: -0.07984
BAD root_position: -0.08057
BAD root_position: -0.08117
BAD root_position: -0.08154
BAD root_position: -0.08159
BAD root_position: -0.08159
BAD root_position: -0.08160
BAD root_position: -0.08160
BAD root_position: -0.08160
BAD root_position: -0.08160
BAD root_position: -0.08160
BAD root_position: -0.08141
BAD root_position: -0.08093
BAD root_position: -0.08025
BAD root_position: -0.07950
BAD root_position: -0.07878
BAD root_position: -0.07820
BAD root_position: -0.07786
BAD root_position: -0.07781
BAD root_position: -0.07781
BAD root_position: -0.07781
BAD root_position: -0.07781
BAD root_position: -0.07781
BAD root_position: -0.07781
BAD root_position: -0.07781
BAD root_position: -0.07802
BAD root_position: -0.07852
BAD root_position: -0.07920
BAD root_position: -0.07995
BAD root_position: -0.08067
BAD root_position: -0.08124
BAD root_position: -0.08156
BAD root_position: -0.08159
BAD root_position: -0.08159
BAD root_position: -0.08158
BAD root_position: -0.08158
BAD root_position: -0.08158
BAD root_position: -0.08158
BAD root_position: -0.08158
BAD root_position: -0.08134
BAD root_position: -0.08082
BAD root_position: -0.08013
BAD root_position: -0.07938
BAD root_position: -0.07867
BAD root_position: -0.07812
BAD root_position: -0.07782
BAD root_position: -0.07780
BAD root_position: -0.07781
BAD root_position: -0.07781
BAD root_position: -0.07781
BAD root_position: -0.07781
BAD root_position: -0.07781
BAD root_position: -0.07782
BAD root_position: -0.07808
BAD root_position: -0.07862
BAD root_position: -0.07931
BAD root_position: -0.08007
BAD root_position: -0.08077
BAD root_position: -0.08132
BAD root_position: -0.08159
BAD root_position: -0.08161
BAD root_position: -0.08161
BAD root_position: -0.08161
BAD root_position: -0.08161
BAD root_position: -0.08161
BAD root_position: -0.08161
BAD root_position: -0.08160
BAD root_position: -0.08131
BAD root_position: -0.08076
BAD root_position: -0.08005
BAD root_position: -0.07930
BAD root_position: -0.07860
BAD root_position: -0.07810
BAD root_position: -0.07783
BAD root_position: -0.07782
BAD root_position: -0.07781
BAD root_position: -0.07781
BAD root_position: -0.07781
BAD root_position: -0.07781
BAD root_position: -0.07780
BAD root_position: -0.07780
BAD root_position: -0.07795
BAD root_position: -0.07837
BAD root_position: -0.07898
BAD root_position: -0.07969
BAD root_position: -0.08040
BAD root_position: -0.08101
BAD root_position: -0.08143
BAD root_position: -0.08158
BAD root_position: -0.08158
BAD root_position: -0.08157
BAD root_position: -0.08157
BAD root_position: -0.08157
BAD root_position: -0.08157
BAD root_position: -0.08158
BAD root_position: -0.08156
BAD root_position: -0.08129
BAD root_position: -0.08078
BAD root_position: -0.08013
BAD root_position: -0.07941
BAD root_position: -0.07873
BAD root_position: -0.07818
BAD root_position: -0.07785
BAD root_position: -0.07780
BAD root_position: -0.07781
BAD root_position: -0.07781
BAD root_position: -0.07781
BAD root_position: -0.07781
BAD root_position: -0.07781
BAD root_position: -0.07781
BAD root_position: -0.07790
BAD root_position: -0.07827
BAD root_position: -0.07884
BAD root_position: -0.07954
BAD root_position: -0.08026
BAD root_position: -0.08090
BAD root_position: -0.08139
BAD root_position: -0.08161
BAD root_position: -0.08162
BAD root_position: -0.08162
BAD root_position: -0.08162
BAD root_position: -0.08162
BAD root_position: -0.08162
BAD root_position: -0.08162
BAD root_position: -0.08162
BAD root_position: -0.08143
BAD root_position: -0.08097
BAD root_position: -0.08034
BAD root_position: -0.07963
BAD root_position: -0.07892
BAD root_position: -0.07833
BAD root_position: -0.07793
BAD root_position: -0.07782
BAD root_position: -0.07782
BAD root_position: -0.07781
BAD root_position: -0.07781
BAD root_position: -0.07781
BAD root_position: -0.07780
BAD root_position: -0.07780
BAD root_position: -0.07783
BAD root_position: -0.07813
BAD root_position: -0.07866
BAD root_position: -0.07932
BAD root_position: -0.08004
BAD root_position: -0.08071
BAD root_position: -0.08124
BAD root_position: -0.08154
BAD root_position: -0.08157
BAD root_position: -0.08157
BAD root_position: -0.08156
BAD root_position: -0.08156
BAD root_position: -0.08156
BAD root_position: -0.08157
BAD root_position: -0.08157
BAD root_position: -0.08146
BAD root_position: -0.08106
BAD root_position: -0.08046
BAD root_position: -0.07976
BAD root_position: -0.07905
BAD root_position: -0.07843
BAD root_position: -0.07798
BAD root_position: -0.07780
BAD root_position: -0.07780
BAD root_position: -0.07781
BAD root_position: -0.07781
BAD root_position: -0.07782
BAD root_position: -0.07782
BAD root_position: -0.07782
BAD root_position: -0.07783
BAD root_position: -0.07806
BAD root_position: -0.07854
BAD root_position: -0.07919
BAD root_position: -0.07991
BAD root_position: -0.08060
BAD root_position: -0.08118
BAD root_position: -0.08155
BAD root_position: -0.08163
BAD root_position: -0.08163
BAD root_position: -0.08163
BAD root_position: -0.08163
BAD root_position: -0.08163
BAD root_position: -0.08163
BAD root_position: -0.08163
BAD root_position: -0.08158
BAD root_position: -0.08124
BAD root_position: -0.08068
BAD root_position: -0.08000
BAD root_position: -0.07928
BAD root_position: -0.07861
BAD root_position: -0.07811
BAD root_position: -0.07784
BAD root_position: -0.07782
BAD root_position: -0.07782
BAD root_position: -0.07781
BAD root_position: -0.07781
BAD root_position: -0.07780
BAD root_position: -0.07780
BAD root_position: -0.07779
BAD root_position: -0.07794
BAD root_position: -0.07836
BAD root_position: -0.07897
BAD root_position: -0.07967
BAD root_position: -0.08038
BAD root_position: -0.08099
BAD root_position: -0.08141
BAD root_position: -0.08156
BAD root_position: -0.08155
BAD root_position: -0.08155
BAD root_position: -0.08155
BAD root_position: -0.08155
BAD root_position: -0.08155
BAD root_position: -0.08156
BAD root_position: -0.08154
BAD root_position: -0.08128
BAD root_position: -0.08077
BAD root_position: -0.08011
BAD root_position: -0.07940
BAD root_position: -0.07872
BAD root_position: -0.07817
BAD root_position: -0.07785
BAD root_position: -0.07780
BAD root_position: -0.07781
BAD root_position: -0.07781
BAD root_position: -0.07782
BAD root_position: -0.07782
BAD root_position: -0.07782
BAD root_position: -0.07783
BAD root_position: -0.07791
BAD root_position: -0.07828
BAD root_position: -0.07886
BAD root_position: -0.07956
BAD root_position: -0.08028
BAD root_position: -0.08092
BAD root_position: -0.08141
BAD root_position: -0.08164
BAD root_position: -0.08164
BAD root_position: -0.08164
BAD root_position: -0.08164
BAD root_position: -0.08164
BAD root_position: -0.08164
BAD root_position: -0.08165
BAD root_position: -0.08164
BAD root_position: -0.08145
BAD root_position: -0.08099
BAD root_position: -0.08036
BAD root_position: -0.07964
BAD root_position: -0.07894
BAD root_position: -0.07834
BAD root_position: -0.07794
BAD root_position: -0.07783
BAD root_position: -0.07782
BAD root_position: -0.07782
BAD root_position: -0.07781
BAD root_position: -0.07780
BAD root_position: -0.07780
BAD root_position: -0.07779
BAD root_position: -0.07782
BAD root_position: -0.07811
BAD root_position: -0.07864
BAD root_position: -0.07931
BAD root_position: -0.08002
BAD root_position: -0.08069
BAD root_position: -0.08122
BAD root_position: -0.08152
BAD root_position: -0.08155
BAD root_position: -0.08155
BAD root_position: -0.08155
BAD root_position: -0.08154
BAD root_position: -0.08155
BAD root_position: -0.08155
BAD root_position: -0.08155
BAD root_position: -0.08144
BAD root_position: -0.08101
BAD root_position: -0.08038
BAD root_position: -0.07964
BAD root_position: -0.07891
BAD root_position: -0.07829
BAD root_position: -0.07789
BAD root_position: -0.07780
BAD root_position: -0.07780
BAD root_position: -0.07781
BAD root_position: -0.07782
BAD root_position: -0.07782
BAD root_position: -0.07783
BAD root_position: -0.07783
BAD root_position: -0.07797
BAD root_position: -0.07842
BAD root_position: -0.07907
BAD root_position: -0.07982
BAD root_position: -0.08056
BAD root_position: -0.08118
BAD root_position: -0.08157
BAD root_position: -0.08165
BAD root_position: -0.08165
BAD root_position: -0.08166
BAD root_position: -0.08166
BAD root_position: -0.08166
BAD root_position: -0.08166
BAD root_position: -0.08166
BAD root_position: -0.08150
BAD root_position: -0.08103
BAD root_position: -0.08037
BAD root_position: -0.07961
BAD root_position: -0.07888
BAD root_position: -0.07827
BAD root_position: -0.07790
BAD root_position: -0.07783
BAD root_position: -0.07782
BAD root_position: -0.07781
BAD root_position: -0.07781
BAD root_position: -0.07780
BAD root_position: -0.07779
BAD root_position: -0.07778
BAD root_position: -0.07796
BAD root_position: -0.07843
BAD root_position: -0.07909
BAD root_position: -0.07984
BAD root_position: -0.08056
BAD root_position: -0.08114
BAD root_position: -0.08149
BAD root_position: -0.08154
BAD root_position: -0.08153
BAD root_position: -0.08153
BAD root_position: -0.08153
BAD root_position: -0.08153
BAD root_position: -0.08154
BAD root_position: -0.08154
BAD root_position: -0.08133
BAD root_position: -0.08084
BAD root_position: -0.08017
BAD root_position: -0.07942
BAD root_position: -0.07871
BAD root_position: -0.07814
BAD root_position: -0.07782
BAD root_position: -0.07779
BAD root_position: -0.07780
BAD root_position: -0.07781
BAD root_position: -0.07782
BAD root_position: -0.07783
BAD root_position: -0.07783
BAD root_position: -0.07784
BAD root_position: -0.07808
BAD root_position: -0.07860
BAD root_position: -0.07929
BAD root_position: -0.08005
BAD root_position: -0.08076
BAD root_position: -0.08133
BAD root_position: -0.08164
BAD root_position: -0.08166
BAD root_position: -0.08167
BAD root_position: -0.08167
BAD root_position: -0.08167
BAD root_position: -0.08167
BAD root_position: -0.08167
BAD root_position: -0.08166
BAD root_position: -0.08140
BAD root_position: -0.08086
BAD root_position: -0.08016
BAD root_position: -0.07940
BAD root_position: -0.07869
BAD root_position: -0.07814
BAD root_position: -0.07785
BAD root_position: -0.07783
BAD root_position: -0.07782
BAD root_position: -0.07781
BAD root_position: -0.07780
BAD root_position: -0.07779
BAD root_position: -0.07778
BAD root_position: -0.07779
BAD root_position: -0.07806
BAD root_position: -0.07860
BAD root_position: -0.07929
BAD root_position: -0.08004
BAD root_position: -0.08073
BAD root_position: -0.08126
BAD root_position: -0.08152
BAD root_position: -0.08152
BAD root_position: -0.08152
BAD root_position: -0.08152
BAD root_position: -0.08152
recorded 500 frames
avg lin_vel_x 0.0007
avg lin_vel_y -0.0131
avg yaw 0.0
computed xvel: 0.0, mean xvel: 0.0007
computed yvel: 0.017, mean yvel: -0.0131
computed thetavel: 0.256, mean thetavel: 0.0
DONE, saving 178_0.0_0.017_0.256.json
