<frozen importlib._bootstrap>:241: RuntimeWarning: to-Python converter for std::vector<Eigen::Matrix<double, 3, 1, 0, 3, 1>, std::allocator<Eigen::Matrix<double, 3, 1, 0, 3, 1> > > already registered; second conversion method ignored.
<frozen importlib._bootstrap>:241: RuntimeWarning: to-Python converter for boost::python::detail::container_element<std::vector<Eigen::Matrix<double, 3, 1, 0, 3, 1>, std::allocator<Eigen::Matrix<double, 3, 1, 0, 3, 1> > >, unsigned long, boost::python::detail::final_vector_derived_policies<std::vector<Eigen::Matrix<double, 3, 1, 0, 3, 1>, std::allocator<Eigen::Matrix<double, 3, 1, 0, 3, 1> > >, false> > already registered; second conversion method ignored.
<frozen importlib._bootstrap>:241: RuntimeWarning: to-Python converter for std::vector<int, std::allocator<int> > already registered; second conversion method ignored.
<frozen importlib._bootstrap>:241: RuntimeWarning: to-Python converter for std::vector<double, std::allocator<double> > already registered; second conversion method ignored.
<frozen importlib._bootstrap>:241: RuntimeWarning: to-Python converter for std::vector<std::__cxx11::basic_string<char, std::char_traits<char>, std::allocator<char> >, std::allocator<std::__cxx11::basic_string<char, std::char_traits<char>, std::allocator<char> > > > already registered; second conversion method ignored.
WARNING: Can't find trunk frames in the model, can't measure leg spacing
WARNING: Can't find head frames in the model, camera_look_at won't work
gait_parameters {'dx': 0.0, 'dy': 0.01, 'dtheta': -0.2, 'duration': 8, 'hardware': True, 'double_support_ratio': 0.25, 'startend_double_support_ratio': 1.5, 'planned_timesteps': 48, 'replan_timesteps': 10, 'walk_com_height': 0.445, 'walk_foot_height': 0.03, 'walk_trunk_pitch': -5.7, 'walk_foot_rise_ratio': 0.3, 'single_support_duration': 0.45, 'single_support_timesteps': 10, 'foot_length': 0.22, 'feet_spacing': 0.114, 'zmp_margin': 0.02, 'foot_zmp_target_x': 0.0, 'foot_zmp_target_y': 0.0, 'walk_max_dtheta': 1.0, 'walk_max_dy': 0.04, 'walk_max_dx_forward': 0.1, 'walk_max_dx_backward': 0.03, 'joints': ['leg_left_ankle_roll_joint', 'leg_left_ankle_pitch_joint', 'leg_left_knee_pitch_joint', 'leg_left_hip_pitch_joint', 'leg_left_hip_yaw_joint', 'leg_left_hip_roll_joint', 'leg_right_ankle_roll_joint', 'leg_right_ankle_pitch_joint', 'leg_right_knee_pitch_joint', 'leg_right_hip_pitch_joint', 'leg_right_hip_yaw_joint', 'leg_right_hip_roll_joint', 'left_wrist_attachment_joint', 'left_fore_arm_joint', 'left_upper_arm_joint', 'left_shoulder_joint', 'right_wrist_attachment_joint', 'right_fore_arm_joint', 'right_upper_arm_joint', 'right_shoulder_joint'], 'joint_angles': {'left_wrist_attachment_joint': 30, 'left_fore_arm_joint': 0, 'left_upper_arm_joint': 0, 'left_shoulder_joint': 0, 'right_wrist_attachment_joint': -30, 'right_fore_arm_joint': 0, 'right_upper_arm_joint': 0, 'right_shoulder_joint': 0}}
Placing the robot in the initial position...
Initial position reached
{'leg_left_ankle_roll_joint': 0.021720588477591753, 'leg_left_ankle_pitch_joint': -0.5086399940571419, 'leg_left_knee_pitch_joint': 0.9562773929228647, 'leg_left_hip_pitch_joint': -0.3488494042006922, 'leg_left_hip_yaw_joint': -0.058269274153407366, 'leg_left_hip_roll_joint': -0.013781609905443583, 'leg_right_ankle_roll_joint': 0.022424630475545267, 'leg_right_ankle_pitch_joint': -0.5348735432266608, 'leg_right_knee_pitch_joint': 1.041368960360098, 'leg_right_hip_pitch_joint': -0.40772829890641626, 'leg_right_hip_yaw_joint': -0.05881565412431551, 'leg_right_hip_roll_joint': -0.014234157431944998, 'left_wrist_attachment_joint': 0.5235987755982988, 'left_fore_arm_joint': -4.1986314919167704e-24, 'left_upper_arm_joint': 5.92194438393207e-24, 'left_shoulder_joint': 8.156354095495233e-24, 'right_wrist_attachment_joint': -0.5235987755982988, 'right_fore_arm_joint': 4.9212945279876024e-24, 'right_upper_arm_joint': -6.786792300622789e-24, 'right_shoulder_joint': -8.359761686061021e-24}
## period: 1.17
You can open the visualizer by visiting the following URL:
http://127.0.0.1:7005/static/
Viewer URL: http://127.0.0.1:7005/static/
BAD root_position: -0.07761
BAD root_position: -0.07761
BAD root_position: -0.07761
BAD root_position: -0.07761
BAD root_position: -0.07761
BAD root_position: -0.07761
BAD root_position: -0.07761
BAD root_position: -0.07761
BAD root_position: -0.07761
BAD root_position: -0.07761
BAD root_position: -0.07761
BAD root_position: -0.07761
BAD root_position: -0.07761
BAD root_position: -0.07761
BAD root_position: -0.07761
BAD root_position: -0.07761
BAD root_position: -0.07761
BAD root_position: -0.07761
BAD root_position: -0.07761
BAD root_position: -0.07761
BAD root_position: -0.07761
BAD root_position: -0.07761
BAD root_position: -0.07761
BAD root_position: -0.07761
BAD root_position: -0.07761
BAD root_position: -0.07761
BAD root_position: -0.07761
BAD root_position: -0.07761
BAD root_position: -0.07760
BAD root_position: -0.07760
BAD root_position: -0.07760
BAD root_position: -0.07760
BAD root_position: -0.07761
BAD root_position: -0.07785
BAD root_position: -0.07834
BAD root_position: -0.07899
BAD root_position: -0.07971
BAD root_position: -0.08040
BAD root_position: -0.08097
BAD root_position: -0.08132
BAD root_position: -0.08139
BAD root_position: -0.08139
BAD root_position: -0.08139
BAD root_position: -0.08139
BAD root_position: -0.08139
BAD root_position: -0.08139
BAD root_position: -0.08139
BAD root_position: -0.08133
BAD root_position: -0.08096
BAD root_position: -0.08035
BAD root_position: -0.07962
BAD root_position: -0.07887
BAD root_position: -0.07822
BAD root_position: -0.07776
BAD root_position: -0.07761
BAD root_position: -0.07761
BAD root_position: -0.07761
BAD root_position: -0.07761
BAD root_position: -0.07761
BAD root_position: -0.07761
BAD root_position: -0.07760
BAD root_position: -0.07769
BAD root_position: -0.07808
BAD root_position: -0.07869
BAD root_position: -0.07943
BAD root_position: -0.08017
BAD root_position: -0.08082
BAD root_position: -0.08126
BAD root_position: -0.08139
BAD root_position: -0.08139
BAD root_position: -0.08139
BAD root_position: -0.08139
BAD root_position: -0.08139
BAD root_position: -0.08140
BAD root_position: -0.08140
BAD root_position: -0.08130
BAD root_position: -0.08088
BAD root_position: -0.08025
BAD root_position: -0.07951
BAD root_position: -0.07877
BAD root_position: -0.07814
BAD root_position: -0.07772
BAD root_position: -0.07761
BAD root_position: -0.07761
BAD root_position: -0.07761
BAD root_position: -0.07761
BAD root_position: -0.07761
BAD root_position: -0.07760
BAD root_position: -0.07760
BAD root_position: -0.07772
BAD root_position: -0.07815
BAD root_position: -0.07879
BAD root_position: -0.07953
BAD root_position: -0.08027
BAD root_position: -0.08090
BAD root_position: -0.08130
BAD root_position: -0.08139
BAD root_position: -0.08139
BAD root_position: -0.08139
BAD root_position: -0.08139
BAD root_position: -0.08140
BAD root_position: -0.08140
BAD root_position: -0.08140
BAD root_position: -0.08126
BAD root_position: -0.08081
BAD root_position: -0.08016
BAD root_position: -0.07941
BAD root_position: -0.07868
BAD root_position: -0.07807
BAD root_position: -0.07769
BAD root_position: -0.07762
BAD root_position: -0.07762
BAD root_position: -0.07761
BAD root_position: -0.07761
BAD root_position: -0.07761
BAD root_position: -0.07761
BAD root_position: -0.07761
BAD root_position: -0.07777
BAD root_position: -0.07824
BAD root_position: -0.07890
BAD root_position: -0.07965
BAD root_position: -0.08037
BAD root_position: -0.08097
BAD root_position: -0.08133
BAD root_position: -0.08139
BAD root_position: -0.08139
BAD root_position: -0.08139
BAD root_position: -0.08139
BAD root_position: -0.08139
BAD root_position: -0.08139
BAD root_position: -0.08139
BAD root_position: -0.08120
BAD root_position: -0.08071
BAD root_position: -0.08004
BAD root_position: -0.07929
BAD root_position: -0.07856
BAD root_position: -0.07798
BAD root_position: -0.07764
BAD root_position: -0.07760
BAD root_position: -0.07760
BAD root_position: -0.07761
BAD root_position: -0.07761
BAD root_position: -0.07761
BAD root_position: -0.07761
BAD root_position: -0.07761
BAD root_position: -0.07782
BAD root_position: -0.07832
BAD root_position: -0.07901
BAD root_position: -0.07976
BAD root_position: -0.08048
BAD root_position: -0.08105
BAD root_position: -0.08137
BAD root_position: -0.08140
BAD root_position: -0.08140
BAD root_position: -0.08141
BAD root_position: -0.08141
BAD root_position: -0.08141
BAD root_position: -0.08141
BAD root_position: -0.08141
BAD root_position: -0.08117
BAD root_position: -0.08065
BAD root_position: -0.07996
BAD root_position: -0.07920
BAD root_position: -0.07849
BAD root_position: -0.07794
BAD root_position: -0.07764
BAD root_position: -0.07762
BAD root_position: -0.07762
BAD root_position: -0.07761
BAD root_position: -0.07761
BAD root_position: -0.07761
BAD root_position: -0.07760
BAD root_position: -0.07761
BAD root_position: -0.07787
BAD root_position: -0.07840
BAD root_position: -0.07910
BAD root_position: -0.07985
BAD root_position: -0.08055
BAD root_position: -0.08109
BAD root_position: -0.08137
BAD root_position: -0.08138
BAD root_position: -0.08138
BAD root_position: -0.08137
BAD root_position: -0.08137
BAD root_position: -0.08137
BAD root_position: -0.08138
BAD root_position: -0.08136
BAD root_position: -0.08107
BAD root_position: -0.08052
BAD root_position: -0.07982
BAD root_position: -0.07906
BAD root_position: -0.07837
BAD root_position: -0.07787
BAD root_position: -0.07761
BAD root_position: -0.07760
BAD root_position: -0.07760
BAD root_position: -0.07761
BAD root_position: -0.07761
BAD root_position: -0.07761
BAD root_position: -0.07761
BAD root_position: -0.07761
BAD root_position: -0.07776
BAD root_position: -0.07819
BAD root_position: -0.07881
BAD root_position: -0.07952
BAD root_position: -0.08022
BAD root_position: -0.08084
BAD root_position: -0.08127
BAD root_position: -0.08142
BAD root_position: -0.08142
BAD root_position: -0.08142
BAD root_position: -0.08142
BAD root_position: -0.08142
BAD root_position: -0.08142
BAD root_position: -0.08142
BAD root_position: -0.08140
BAD root_position: -0.08114
BAD root_position: -0.08063
BAD root_position: -0.07997
BAD root_position: -0.07925
BAD root_position: -0.07856
BAD root_position: -0.07801
BAD root_position: -0.07768
BAD root_position: -0.07762
BAD root_position: -0.07762
BAD root_position: -0.07761
BAD root_position: -0.07761
BAD root_position: -0.07760
BAD root_position: -0.07760
BAD root_position: -0.07759
BAD root_position: -0.07767
BAD root_position: -0.07804
BAD root_position: -0.07861
BAD root_position: -0.07930
BAD root_position: -0.08001
BAD root_position: -0.08066
BAD root_position: -0.08114
BAD root_position: -0.08136
BAD root_position: -0.08136
BAD root_position: -0.08136
BAD root_position: -0.08136
BAD root_position: -0.08136
BAD root_position: -0.08136
BAD root_position: -0.08136
BAD root_position: -0.08136
BAD root_position: -0.08117
BAD root_position: -0.08072
BAD root_position: -0.08009
BAD root_position: -0.07938
BAD root_position: -0.07868
BAD root_position: -0.07809
BAD root_position: -0.07770
BAD root_position: -0.07759
BAD root_position: -0.07760
BAD root_position: -0.07760
BAD root_position: -0.07761
BAD root_position: -0.07761
BAD root_position: -0.07761
BAD root_position: -0.07762
BAD root_position: -0.07765
BAD root_position: -0.07796
BAD root_position: -0.07849
BAD root_position: -0.07917
BAD root_position: -0.07989
BAD root_position: -0.08056
BAD root_position: -0.08109
BAD root_position: -0.08139
BAD root_position: -0.08143
BAD root_position: -0.08143
BAD root_position: -0.08143
BAD root_position: -0.08143
BAD root_position: -0.08143
BAD root_position: -0.08143
BAD root_position: -0.08143
BAD root_position: -0.08132
BAD root_position: -0.08092
BAD root_position: -0.08032
BAD root_position: -0.07962
BAD root_position: -0.07890
BAD root_position: -0.07827
BAD root_position: -0.07781
BAD root_position: -0.07762
BAD root_position: -0.07762
BAD root_position: -0.07761
BAD root_position: -0.07761
BAD root_position: -0.07760
BAD root_position: -0.07760
BAD root_position: -0.07759
BAD root_position: -0.07759
BAD root_position: -0.07781
BAD root_position: -0.07829
BAD root_position: -0.07893
BAD root_position: -0.07965
BAD root_position: -0.08034
BAD root_position: -0.08091
BAD root_position: -0.08127
BAD root_position: -0.08135
BAD root_position: -0.08135
BAD root_position: -0.08135
BAD root_position: -0.08135
BAD root_position: -0.08135
BAD root_position: -0.08135
BAD root_position: -0.08135
BAD root_position: -0.08129
BAD root_position: -0.08096
BAD root_position: -0.08041
BAD root_position: -0.07973
BAD root_position: -0.07901
BAD root_position: -0.07836
BAD root_position: -0.07786
BAD root_position: -0.07760
BAD root_position: -0.07759
BAD root_position: -0.07760
BAD root_position: -0.07761
BAD root_position: -0.07761
BAD root_position: -0.07762
BAD root_position: -0.07762
BAD root_position: -0.07762
BAD root_position: -0.07778
BAD root_position: -0.07821
BAD root_position: -0.07883
BAD root_position: -0.07954
BAD root_position: -0.08025
BAD root_position: -0.08086
BAD root_position: -0.08129
BAD root_position: -0.08144
BAD root_position: -0.08144
BAD root_position: -0.08144
BAD root_position: -0.08144
BAD root_position: -0.08144
BAD root_position: -0.08145
BAD root_position: -0.08145
BAD root_position: -0.08143
BAD root_position: -0.08116
BAD root_position: -0.08065
BAD root_position: -0.07998
BAD root_position: -0.07926
BAD root_position: -0.07858
BAD root_position: -0.07802
BAD root_position: -0.07768
BAD root_position: -0.07762
BAD root_position: -0.07762
BAD root_position: -0.07761
BAD root_position: -0.07760
BAD root_position: -0.07760
BAD root_position: -0.07759
BAD root_position: -0.07758
BAD root_position: -0.07766
BAD root_position: -0.07802
BAD root_position: -0.07859
BAD root_position: -0.07928
BAD root_position: -0.07999
BAD root_position: -0.08063
BAD root_position: -0.08111
BAD root_position: -0.08133
BAD root_position: -0.08133
BAD root_position: -0.08133
BAD root_position: -0.08133
BAD root_position: -0.08133
BAD root_position: -0.08133
BAD root_position: -0.08133
BAD root_position: -0.08134
BAD root_position: -0.08115
BAD root_position: -0.08070
BAD root_position: -0.08007
BAD root_position: -0.07936
BAD root_position: -0.07866
BAD root_position: -0.07808
BAD root_position: -0.07769
BAD root_position: -0.07759
BAD root_position: -0.07759
BAD root_position: -0.07760
BAD root_position: -0.07761
BAD root_position: -0.07762
BAD root_position: -0.07762
BAD root_position: -0.07763
BAD root_position: -0.07767
BAD root_position: -0.07797
BAD root_position: -0.07851
BAD root_position: -0.07918
BAD root_position: -0.07991
BAD root_position: -0.08058
BAD root_position: -0.08112
BAD root_position: -0.08142
BAD root_position: -0.08145
BAD root_position: -0.08145
BAD root_position: -0.08145
BAD root_position: -0.08146
BAD root_position: -0.08146
BAD root_position: -0.08146
BAD root_position: -0.08146
BAD root_position: -0.08134
BAD root_position: -0.08091
BAD root_position: -0.08027
BAD root_position: -0.07952
BAD root_position: -0.07878
BAD root_position: -0.07815
BAD root_position: -0.07773
BAD root_position: -0.07763
BAD root_position: -0.07762
BAD root_position: -0.07761
BAD root_position: -0.07760
BAD root_position: -0.07759
BAD root_position: -0.07758
BAD root_position: -0.07757
BAD root_position: -0.07770
BAD root_position: -0.07813
BAD root_position: -0.07878
BAD root_position: -0.07952
BAD root_position: -0.08025
BAD root_position: -0.08086
BAD root_position: -0.08124
BAD root_position: -0.08132
BAD root_position: -0.08132
BAD root_position: -0.08132
BAD root_position: -0.08132
BAD root_position: -0.08132
BAD root_position: -0.08132
BAD root_position: -0.08132
BAD root_position: -0.08117
BAD root_position: -0.08071
BAD root_position: -0.08006
BAD root_position: -0.07931
BAD root_position: -0.07859
BAD root_position: -0.07800
BAD root_position: -0.07764
BAD root_position: -0.07758
BAD root_position: -0.07759
BAD root_position: -0.07760
BAD root_position: -0.07761
BAD root_position: -0.07762
BAD root_position: -0.07763
BAD root_position: -0.07764
BAD root_position: -0.07782
BAD root_position: -0.07831
BAD root_position: -0.07898
BAD root_position: -0.07974
BAD root_position: -0.08047
BAD root_position: -0.08106
BAD root_position: -0.08141
BAD root_position: -0.08147
BAD root_position: -0.08147
BAD root_position: -0.08147
BAD root_position: -0.08147
BAD root_position: -0.08147
BAD root_position: -0.08147
BAD root_position: -0.08147
BAD root_position: -0.08126
BAD root_position: -0.08076
BAD root_position: -0.08007
BAD root_position: -0.07931
BAD root_position: -0.07859
BAD root_position: -0.07801
BAD root_position: -0.07768
BAD root_position: -0.07763
BAD root_position: -0.07762
BAD root_position: -0.07761
BAD root_position: -0.07760
BAD root_position: -0.07759
BAD root_position: -0.07758
BAD root_position: -0.07757
BAD root_position: -0.07779
BAD root_position: -0.07830
BAD root_position: -0.07898
BAD root_position: -0.07972
BAD root_position: -0.08043
BAD root_position: -0.08099
BAD root_position: -0.08129
BAD root_position: -0.08131
BAD root_position: -0.08131
BAD root_position: -0.08131
BAD root_position: -0.08131
BAD root_position: -0.08131
BAD root_position: -0.08131
BAD root_position: -0.08131
BAD root_position: -0.08106
BAD root_position: -0.08053
BAD root_position: -0.07984
BAD root_position: -0.07909
BAD root_position: -0.07840
BAD root_position: -0.07786
BAD root_position: -0.07759
BAD root_position: -0.07759
BAD root_position: -0.07760
BAD root_position: -0.07761
BAD root_position: -0.07762
BAD root_position: -0.07763
BAD root_position: -0.07764
BAD root_position: -0.07766
BAD root_position: -0.07794
BAD root_position: -0.07849
BAD root_position: -0.07920
BAD root_position: -0.07996
BAD root_position: -0.08067
BAD root_position: -0.08120
BAD root_position: -0.08147
BAD root_position: -0.08148
BAD root_position: -0.08148
BAD root_position: -0.08148
BAD root_position: -0.08148
recorded 500 frames
avg lin_vel_x -0.0009
avg lin_vel_y -0.0139
avg yaw -0.0
computed xvel: 0.0, mean xvel: -0.0009
computed yvel: 0.017, mean yvel: -0.0139
computed thetavel: -0.342, mean thetavel: -0.0
DONE, saving 18_0.0_0.017_-0.342.json
