<frozen importlib._bootstrap>:241: RuntimeWarning: to-Python converter for std::vector<Eigen::Matrix<double, 3, 1, 0, 3, 1>, std::allocator<Eigen::Matrix<double, 3, 1, 0, 3, 1> > > already registered; second conversion method ignored.
<frozen importlib._bootstrap>:241: RuntimeWarning: to-Python converter for boost::python::detail::container_element<std::vector<Eigen::Matrix<double, 3, 1, 0, 3, 1>, std::allocator<Eigen::Matrix<double, 3, 1, 0, 3, 1> > >, unsigned long, boost::python::detail::final_vector_derived_policies<std::vector<Eigen::Matrix<double, 3, 1, 0, 3, 1>, std::allocator<Eigen::Matrix<double, 3, 1, 0, 3, 1> > >, false> > already registered; second conversion method ignored.
<frozen importlib._bootstrap>:241: RuntimeWarning: to-Python converter for std::vector<int, std::allocator<int> > already registered; second conversion method ignored.
<frozen importlib._bootstrap>:241: RuntimeWarning: to-Python converter for std::vector<double, std::allocator<double> > already registered; second conversion method ignored.
<frozen importlib._bootstrap>:241: RuntimeWarning: to-Python converter for std::vector<std::__cxx11::basic_string<char, std::char_traits<char>, std::allocator<char> >, std::allocator<std::__cxx11::basic_string<char, std::char_traits<char>, std::allocator<char> > > > already registered; second conversion method ignored.
WARNING: Can't find trunk frames in the model, can't measure leg spacing
WARNING: Can't find head frames in the model, camera_look_at won't work
gait_parameters {'dx': 0.02, 'dy': 0.03, 'dtheta': 0.15, 'duration': 8, 'hardware': True, 'double_support_ratio': 0.25, 'startend_double_support_ratio': 1.5, 'planned_timesteps': 48, 'replan_timesteps': 10, 'walk_com_height': 0.445, 'walk_foot_height': 0.03, 'walk_trunk_pitch': -5.7, 'walk_foot_rise_ratio': 0.3, 'single_support_duration': 0.45, 'single_support_timesteps': 10, 'foot_length': 0.22, 'feet_spacing': 0.114, 'zmp_margin': 0.02, 'foot_zmp_target_x': 0.0, 'foot_zmp_target_y': 0.0, 'walk_max_dtheta': 1.0, 'walk_max_dy': 0.04, 'walk_max_dx_forward': 0.1, 'walk_max_dx_backward': 0.03, 'joints': ['leg_left_ankle_roll_joint', 'leg_left_ankle_pitch_joint', 'leg_left_knee_pitch_joint', 'leg_left_hip_pitch_joint', 'leg_left_hip_yaw_joint', 'leg_left_hip_roll_joint', 'leg_right_ankle_roll_joint', 'leg_right_ankle_pitch_joint', 'leg_right_knee_pitch_joint', 'leg_right_hip_pitch_joint', 'leg_right_hip_yaw_joint', 'leg_right_hip_roll_joint', 'left_wrist_attachment_joint', 'left_fore_arm_joint', 'left_upper_arm_joint', 'left_shoulder_joint', 'right_wrist_attachment_joint', 'right_fore_arm_joint', 'right_upper_arm_joint', 'right_shoulder_joint'], 'joint_angles': {'left_wrist_attachment_joint': 30, 'left_fore_arm_joint': 0, 'left_upper_arm_joint': 0, 'left_shoulder_joint': 0, 'right_wrist_attachment_joint': -30, 'right_fore_arm_joint': 0, 'right_upper_arm_joint': 0, 'right_shoulder_joint': 0}}
Placing the robot in the initial position...
Initial position reached
{'leg_left_ankle_roll_joint': 0.02162273420270418, 'leg_left_ankle_pitch_joint': -0.5110839125850684, 'leg_left_knee_pitch_joint': 0.9613194897619985, 'leg_left_hip_pitch_joint': -0.3514439663553963, 'leg_left_hip_yaw_joint': -0.058193593053554045, 'leg_left_hip_roll_joint': -0.013719473410732588, 'leg_right_ankle_roll_joint': 0.02232582945456113, 'leg_right_ankle_pitch_joint': -0.5370855520608753, 'leg_right_knee_pitch_joint': 1.0459772202084212, 'leg_right_hip_pitch_joint': -0.41012086434496253, 'leg_right_hip_yaw_joint': -0.05873924244285311, 'leg_right_hip_roll_joint': -0.0141714157548238, 'left_wrist_attachment_joint': 0.5235987755982988, 'left_fore_arm_joint': 3.3498583544184526e-24, 'left_upper_arm_joint': -4.474475947626959e-24, 'left_shoulder_joint': -6.693747552229837e-24, 'right_wrist_attachment_joint': -0.5235987755982988, 'right_fore_arm_joint': -4.0235578408354264e-24, 'right_upper_arm_joint': 5.240962326071613e-24, 'right_shoulder_joint': 6.631268206459059e-24}
## period: 1.17
You can open the visualizer by visiting the following URL:
http://127.0.0.1:7003/static/
Viewer URL: http://127.0.0.1:7003/static/
BAD root_position: -0.07796
BAD root_position: -0.07796
BAD root_position: -0.07796
BAD root_position: -0.07796
BAD root_position: -0.07796
BAD root_position: -0.07796
BAD root_position: -0.07796
BAD root_position: -0.07796
BAD root_position: -0.07796
BAD root_position: -0.07796
BAD root_position: -0.07796
BAD root_position: -0.07796
BAD root_position: -0.07796
BAD root_position: -0.07796
BAD root_position: -0.07796
BAD root_position: -0.07796
BAD root_position: -0.07796
BAD root_position: -0.07796
BAD root_position: -0.07796
BAD root_position: -0.07796
BAD root_position: -0.07796
BAD root_position: -0.07796
BAD root_position: -0.07796
BAD root_position: -0.07796
BAD root_position: -0.07796
BAD root_position: -0.07796
BAD root_position: -0.07796
BAD root_position: -0.07796
BAD root_position: -0.07796
BAD root_position: -0.07796
BAD root_position: -0.07795
BAD root_position: -0.07795
BAD root_position: -0.07796
BAD root_position: -0.07820
BAD root_position: -0.07869
BAD root_position: -0.07935
BAD root_position: -0.08006
BAD root_position: -0.08075
BAD root_position: -0.08132
BAD root_position: -0.08167
BAD root_position: -0.08174
BAD root_position: -0.08174
BAD root_position: -0.08174
BAD root_position: -0.08174
BAD root_position: -0.08174
BAD root_position: -0.08174
BAD root_position: -0.08174
BAD root_position: -0.08168
BAD root_position: -0.08131
BAD root_position: -0.08070
BAD root_position: -0.07997
BAD root_position: -0.07923
BAD root_position: -0.07857
BAD root_position: -0.07811
BAD root_position: -0.07796
BAD root_position: -0.07796
BAD root_position: -0.07796
BAD root_position: -0.07796
BAD root_position: -0.07796
BAD root_position: -0.07796
BAD root_position: -0.07795
BAD root_position: -0.07803
BAD root_position: -0.07842
BAD root_position: -0.07904
BAD root_position: -0.07977
BAD root_position: -0.08052
BAD root_position: -0.08117
BAD root_position: -0.08161
BAD root_position: -0.08174
BAD root_position: -0.08174
BAD root_position: -0.08174
BAD root_position: -0.08174
BAD root_position: -0.08174
BAD root_position: -0.08174
BAD root_position: -0.08174
BAD root_position: -0.08164
BAD root_position: -0.08122
BAD root_position: -0.08059
BAD root_position: -0.07985
BAD root_position: -0.07911
BAD root_position: -0.07847
BAD root_position: -0.07805
BAD root_position: -0.07794
BAD root_position: -0.07793
BAD root_position: -0.07793
BAD root_position: -0.07793
BAD root_position: -0.07792
BAD root_position: -0.07791
BAD root_position: -0.07791
BAD root_position: -0.07802
BAD root_position: -0.07845
BAD root_position: -0.07910
BAD root_position: -0.07986
BAD root_position: -0.08062
BAD root_position: -0.08127
BAD root_position: -0.08172
BAD root_position: -0.08185
BAD root_position: -0.08189
BAD root_position: -0.08193
BAD root_position: -0.08197
BAD root_position: -0.08201
BAD root_position: -0.08205
BAD root_position: -0.08209
BAD root_position: -0.08196
BAD root_position: -0.08151
BAD root_position: -0.08084
BAD root_position: -0.08006
BAD root_position: -0.07928
BAD root_position: -0.07862
BAD root_position: -0.07818
BAD root_position: -0.07806
BAD root_position: -0.07802
BAD root_position: -0.07797
BAD root_position: -0.07792
BAD root_position: -0.07787
BAD root_position: -0.07782
BAD root_position: -0.07778
BAD root_position: -0.07790
BAD root_position: -0.07832
BAD root_position: -0.07893
BAD root_position: -0.07964
BAD root_position: -0.08034
BAD root_position: -0.08093
BAD root_position: -0.08131
BAD root_position: -0.08141
BAD root_position: -0.08146
BAD root_position: -0.08151
BAD root_position: -0.08157
BAD root_position: -0.08162
BAD root_position: -0.08168
BAD root_position: -0.08174
BAD root_position: -0.08160
BAD root_position: -0.08116
BAD root_position: -0.08052
BAD root_position: -0.07979
BAD root_position: -0.07908
BAD root_position: -0.07849
BAD root_position: -0.07813
BAD root_position: -0.07806
BAD root_position: -0.07803
BAD root_position: -0.07800
BAD root_position: -0.07797
BAD root_position: -0.07794
BAD root_position: -0.07791
BAD root_position: -0.07789
BAD root_position: -0.07808
BAD root_position: -0.07857
BAD root_position: -0.07924
BAD root_position: -0.07999
BAD root_position: -0.08072
BAD root_position: -0.08131
BAD root_position: -0.08165
BAD root_position: -0.08171
BAD root_position: -0.08175
BAD root_position: -0.08178
BAD root_position: -0.08182
BAD root_position: -0.08185
BAD root_position: -0.08189
BAD root_position: -0.08192
BAD root_position: -0.08170
BAD root_position: -0.08119
BAD root_position: -0.08049
BAD root_position: -0.07972
BAD root_position: -0.07898
BAD root_position: -0.07840
BAD root_position: -0.07808
BAD root_position: -0.07804
BAD root_position: -0.07802
BAD root_position: -0.07800
BAD root_position: -0.07798
BAD root_position: -0.07796
BAD root_position: -0.07794
BAD root_position: -0.07793
BAD root_position: -0.07816
BAD root_position: -0.07866
BAD root_position: -0.07933
BAD root_position: -0.08006
BAD root_position: -0.08076
BAD root_position: -0.08131
BAD root_position: -0.08161
BAD root_position: -0.08166
BAD root_position: -0.08171
BAD root_position: -0.08175
BAD root_position: -0.08180
BAD root_position: -0.08185
BAD root_position: -0.08190
BAD root_position: -0.08192
BAD root_position: -0.08167
BAD root_position: -0.08115
BAD root_position: -0.08045
BAD root_position: -0.07970
BAD root_position: -0.07899
BAD root_position: -0.07846
BAD root_position: -0.07816
BAD root_position: -0.07810
BAD root_position: -0.07806
BAD root_position: -0.07801
BAD root_position: -0.07797
BAD root_position: -0.07792
BAD root_position: -0.07788
BAD root_position: -0.07784
BAD root_position: -0.07796
BAD root_position: -0.07836
BAD root_position: -0.07895
BAD root_position: -0.07964
BAD root_position: -0.08033
BAD root_position: -0.08095
BAD root_position: -0.08138
BAD root_position: -0.08154
BAD root_position: -0.08156
BAD root_position: -0.08159
BAD root_position: -0.08161
BAD root_position: -0.08165
BAD root_position: -0.08168
BAD root_position: -0.08171
BAD root_position: -0.08173
BAD root_position: -0.08149
BAD root_position: -0.08100
BAD root_position: -0.08035
BAD root_position: -0.07963
BAD root_position: -0.07895
BAD root_position: -0.07840
BAD root_position: -0.07807
BAD root_position: -0.07803
BAD root_position: -0.07804
BAD root_position: -0.07805
BAD root_position: -0.07806
BAD root_position: -0.07806
BAD root_position: -0.07807
BAD root_position: -0.07807
BAD root_position: -0.07815
BAD root_position: -0.07851
BAD root_position: -0.07907
BAD root_position: -0.07975
BAD root_position: -0.08046
BAD root_position: -0.08111
BAD root_position: -0.08160
BAD root_position: -0.08186
BAD root_position: -0.08190
BAD root_position: -0.08194
BAD root_position: -0.08198
BAD root_position: -0.08201
BAD root_position: -0.08205
BAD root_position: -0.08208
BAD root_position: -0.08211
BAD root_position: -0.08194
BAD root_position: -0.08150
BAD root_position: -0.08087
BAD root_position: -0.08014
BAD root_position: -0.07942
BAD root_position: -0.07879
BAD root_position: -0.07835
BAD root_position: -0.07819
BAD root_position: -0.07813
BAD root_position: -0.07807
BAD root_position: -0.07801
BAD root_position: -0.07795
BAD root_position: -0.07789
BAD root_position: -0.07783
BAD root_position: -0.07782
BAD root_position: -0.07807
BAD root_position: -0.07857
BAD root_position: -0.07920
BAD root_position: -0.07989
BAD root_position: -0.08054
BAD root_position: -0.08106
BAD root_position: -0.08136
BAD root_position: -0.08140
BAD root_position: -0.08141
BAD root_position: -0.08143
BAD root_position: -0.08146
BAD root_position: -0.08149
BAD root_position: -0.08152
BAD root_position: -0.08157
BAD root_position: -0.08149
BAD root_position: -0.08113
BAD root_position: -0.08056
BAD root_position: -0.07988
BAD root_position: -0.07919
BAD root_position: -0.07859
BAD root_position: -0.07816
BAD root_position: -0.07801
BAD root_position: -0.07804
BAD root_position: -0.07808
BAD root_position: -0.07812
BAD root_position: -0.07815
BAD root_position: -0.07818
BAD root_position: -0.07821
BAD root_position: -0.07824
BAD root_position: -0.07848
BAD root_position: -0.07897
BAD root_position: -0.07962
BAD root_position: -0.08034
BAD root_position: -0.08104
BAD root_position: -0.08163
BAD root_position: -0.08201
BAD root_position: -0.08212
BAD root_position: -0.08216
BAD root_position: -0.08219
BAD root_position: -0.08222
BAD root_position: -0.08225
BAD root_position: -0.08227
BAD root_position: -0.08229
BAD root_position: -0.08224
BAD root_position: -0.08191
BAD root_position: -0.08134
BAD root_position: -0.08064
BAD root_position: -0.07989
BAD root_position: -0.07919
BAD root_position: -0.07863
BAD root_position: -0.07831
BAD root_position: -0.07822
BAD root_position: -0.07814
BAD root_position: -0.07807
BAD root_position: -0.07799
BAD root_position: -0.07792
BAD root_position: -0.07785
BAD root_position: -0.07778
BAD root_position: -0.07788
BAD root_position: -0.07825
BAD root_position: -0.07881
BAD root_position: -0.07947
BAD root_position: -0.08013
BAD root_position: -0.08071
BAD root_position: -0.08112
BAD root_position: -0.08126
BAD root_position: -0.08126
BAD root_position: -0.08128
BAD root_position: -0.08129
BAD root_position: -0.08132
BAD root_position: -0.08135
BAD root_position: -0.08138
BAD root_position: -0.08140
BAD root_position: -0.08118
BAD root_position: -0.08072
BAD root_position: -0.08010
BAD root_position: -0.07943
BAD root_position: -0.07880
BAD root_position: -0.07830
BAD root_position: -0.07802
BAD root_position: -0.07803
BAD root_position: -0.07809
BAD root_position: -0.07816
BAD root_position: -0.07822
BAD root_position: -0.07828
BAD root_position: -0.07834
BAD root_position: -0.07839
BAD root_position: -0.07851
BAD root_position: -0.07890
BAD root_position: -0.07950
BAD root_position: -0.08020
BAD root_position: -0.08093
BAD root_position: -0.08159
BAD root_position: -0.08210
BAD root_position: -0.08235
BAD root_position: -0.08239
BAD root_position: -0.08242
BAD root_position: -0.08244
BAD root_position: -0.08246
BAD root_position: -0.08247
BAD root_position: -0.08248
BAD root_position: -0.08248
BAD root_position: -0.08228
BAD root_position: -0.08179
BAD root_position: -0.08114
BAD root_position: -0.08039
BAD root_position: -0.07965
BAD root_position: -0.07900
BAD root_position: -0.07854
BAD root_position: -0.07835
BAD root_position: -0.07827
BAD root_position: -0.07818
BAD root_position: -0.07809
BAD root_position: -0.07800
BAD root_position: -0.07792
BAD root_position: -0.07784
BAD root_position: -0.07780
BAD root_position: -0.07803
BAD root_position: -0.07850
BAD root_position: -0.07910
BAD root_position: -0.07976
BAD root_position: -0.08038
BAD root_position: -0.08086
BAD root_position: -0.08114
BAD root_position: -0.08116
BAD root_position: -0.08117
BAD root_position: -0.08118
BAD root_position: -0.08120
BAD root_position: -0.08122
BAD root_position: -0.08125
BAD root_position: -0.08129
BAD root_position: -0.08122
BAD root_position: -0.08085
BAD root_position: -0.08028
BAD root_position: -0.07961
BAD root_position: -0.07895
BAD root_position: -0.07840
BAD root_position: -0.07807
BAD root_position: -0.07806
BAD root_position: -0.07815
BAD root_position: -0.07825
BAD root_position: -0.07834
BAD root_position: -0.07843
BAD root_position: -0.07851
BAD root_position: -0.07859
BAD root_position: -0.07878
BAD root_position: -0.07926
BAD root_position: -0.07994
BAD root_position: -0.08071
BAD root_position: -0.08147
BAD root_position: -0.08211
BAD root_position: -0.08252
BAD root_position: -0.08263
BAD root_position: -0.08266
BAD root_position: -0.08268
BAD root_position: -0.08269
BAD root_position: -0.08269
BAD root_position: -0.08269
BAD root_position: -0.08268
BAD root_position: -0.08250
BAD root_position: -0.08200
BAD root_position: -0.08130
BAD root_position: -0.08050
BAD root_position: -0.07972
BAD root_position: -0.07904
BAD root_position: -0.07859
BAD root_position: -0.07843
BAD root_position: -0.07832
BAD root_position: -0.07822
BAD root_position: -0.07811
BAD root_position: -0.07801
BAD root_position: -0.07792
BAD root_position: -0.07783
BAD root_position: -0.07793
BAD root_position: -0.07833
BAD root_position: -0.07891
BAD root_position: -0.07958
BAD root_position: -0.08022
BAD root_position: -0.08075
BAD root_position: -0.08106
BAD root_position: -0.08109
BAD root_position: -0.08108
BAD root_position: -0.08109
BAD root_position: -0.08110
BAD root_position: -0.08113
BAD root_position: -0.08116
BAD root_position: -0.08120
BAD root_position: -0.08105
BAD root_position: -0.08063
BAD root_position: -0.08004
BAD root_position: -0.07937
BAD root_position: -0.07875
BAD root_position: -0.07826
BAD root_position: -0.07804
BAD root_position: -0.07810
BAD root_position: -0.07821
BAD root_position: -0.07832
BAD root_position: -0.07844
BAD root_position: -0.07855
BAD root_position: -0.07866
BAD root_position: -0.07876
BAD root_position: -0.07907
BAD root_position: -0.07963
BAD root_position: -0.08036
BAD root_position: -0.08115
BAD root_position: -0.08189
BAD root_position: -0.08248
BAD root_position: -0.08282
BAD root_position: -0.08287
BAD root_position: -0.08289
BAD root_position: -0.08290
BAD root_position: -0.08290
BAD root_position: -0.08287
BAD root_position: -0.08285
BAD root_position: -0.08282
BAD root_position: -0.08253
BAD root_position: -0.08195
BAD root_position: -0.08121
BAD root_position: -0.08040
BAD root_position: -0.07963
BAD root_position: -0.07900
BAD root_position: -0.07863
BAD root_position: -0.07851
BAD root_position: -0.07839
BAD root_position: -0.07828
BAD root_position: -0.07817
BAD root_position: -0.07806
BAD root_position: -0.07797
BAD root_position: -0.07790
BAD root_position: -0.07809
BAD root_position: -0.07853
BAD root_position: -0.07913
BAD root_position: -0.07979
BAD root_position: -0.08040
BAD root_position: -0.08086
BAD root_position: -0.08107
BAD root_position: -0.08107
BAD root_position: -0.08106
BAD root_position: -0.08106
BAD root_position: -0.08107
recorded 500 frames
avg lin_vel_x 0.0011
avg lin_vel_y 0.0328
avg yaw 0.0005
computed xvel: 0.034, mean xvel: 0.0011
computed yvel: 0.051, mean yvel: 0.0328
computed thetavel: 0.256, mean thetavel: 0.0005
DONE, saving 187_0.034_0.051_0.256.json
