<frozen importlib._bootstrap>:241: RuntimeWarning: to-Python converter for std::vector<Eigen::Matrix<double, 3, 1, 0, 3, 1>, std::allocator<Eigen::Matrix<double, 3, 1, 0, 3, 1> > > already registered; second conversion method ignored.
<frozen importlib._bootstrap>:241: RuntimeWarning: to-Python converter for boost::python::detail::container_element<std::vector<Eigen::Matrix<double, 3, 1, 0, 3, 1>, std::allocator<Eigen::Matrix<double, 3, 1, 0, 3, 1> > >, unsigned long, boost::python::detail::final_vector_derived_policies<std::vector<Eigen::Matrix<double, 3, 1, 0, 3, 1>, std::allocator<Eigen::Matrix<double, 3, 1, 0, 3, 1> > >, false> > already registered; second conversion method ignored.
<frozen importlib._bootstrap>:241: RuntimeWarning: to-Python converter for std::vector<int, std::allocator<int> > already registered; second conversion method ignored.
<frozen importlib._bootstrap>:241: RuntimeWarning: to-Python converter for std::vector<double, std::allocator<double> > already registered; second conversion method ignored.
<frozen importlib._bootstrap>:241: RuntimeWarning: to-Python converter for std::vector<std::__cxx11::basic_string<char, std::char_traits<char>, std::allocator<char> >, std::allocator<std::__cxx11::basic_string<char, std::char_traits<char>, std::allocator<char> > > > already registered; second conversion method ignored.
WARNING: Can't find trunk frames in the model, can't measure leg spacing
WARNING: Can't find head frames in the model, camera_look_at won't work
gait_parameters {'dx': 0.02, 'dy': -0.03, 'dtheta': 0.22, 'duration': 8, 'hardware': True, 'double_support_ratio': 0.25, 'startend_double_support_ratio': 1.5, 'planned_timesteps': 48, 'replan_timesteps': 10, 'walk_com_height': 0.445, 'walk_foot_height': 0.03, 'walk_trunk_pitch': -5.7, 'walk_foot_rise_ratio': 0.3, 'single_support_duration': 0.45, 'single_support_timesteps': 10, 'foot_length': 0.22, 'feet_spacing': 0.114, 'zmp_margin': 0.02, 'foot_zmp_target_x': 0.0, 'foot_zmp_target_y': 0.0, 'walk_max_dtheta': 1.0, 'walk_max_dy': 0.04, 'walk_max_dx_forward': 0.1, 'walk_max_dx_backward': 0.03, 'joints': ['leg_left_ankle_roll_joint', 'leg_left_ankle_pitch_joint', 'leg_left_knee_pitch_joint', 'leg_left_hip_pitch_joint', 'leg_left_hip_yaw_joint', 'leg_left_hip_roll_joint', 'leg_right_ankle_roll_joint', 'leg_right_ankle_pitch_joint', 'leg_right_knee_pitch_joint', 'leg_right_hip_pitch_joint', 'leg_right_hip_yaw_joint', 'leg_right_hip_roll_joint', 'left_wrist_attachment_joint', 'left_fore_arm_joint', 'left_upper_arm_joint', 'left_shoulder_joint', 'right_wrist_attachment_joint', 'right_fore_arm_joint', 'right_upper_arm_joint', 'right_shoulder_joint'], 'joint_angles': {'left_wrist_attachment_joint': 30, 'left_fore_arm_joint': 0, 'left_upper_arm_joint': 0, 'left_shoulder_joint': 0, 'right_wrist_attachment_joint': -30, 'right_fore_arm_joint': 0, 'right_upper_arm_joint': 0, 'right_shoulder_joint': 0}}
Placing the robot in the initial position...
Initial position reached
{'leg_left_ankle_roll_joint': 0.02236675557833312, 'leg_left_ankle_pitch_joint': -0.5081037984059791, 'leg_left_knee_pitch_joint': 0.9551253308507901, 'leg_left_hip_pitch_joint': -0.34825753522526065, 'leg_left_hip_yaw_joint': -0.05876901812698547, 'leg_left_hip_roll_joint': -0.014191933417045317, 'leg_right_ankle_roll_joint': 0.023081452252752994, 'leg_right_ankle_pitch_joint': -0.534574111267792, 'leg_right_knee_pitch_joint': 1.040691898539757, 'leg_right_hip_pitch_joint': -0.407375292987924, 'leg_right_hip_yaw_joint': -0.05932362736538168, 'leg_right_hip_roll_joint': -0.014651273783897576, 'left_wrist_attachment_joint': 0.5235987755982988, 'left_fore_arm_joint': -1.8174229431156824e-24, 'left_upper_arm_joint': 2.5369762833437913e-24, 'left_shoulder_joint': 4.025584757117523e-24, 'right_wrist_attachment_joint': -0.5235987755982988, 'right_fore_arm_joint': 2.420570932713799e-24, 'right_upper_arm_joint': -3.1994864921268528e-24, 'right_shoulder_joint': -3.602069397998515e-24}
## period: 1.17
You can open the visualizer by visiting the following URL:
http://127.0.0.1:7004/static/
Viewer URL: http://127.0.0.1:7004/static/
BAD root_position: -0.07757
BAD root_position: -0.07757
BAD root_position: -0.07757
BAD root_position: -0.07757
BAD root_position: -0.07757
BAD root_position: -0.07757
BAD root_position: -0.07757
BAD root_position: -0.07757
BAD root_position: -0.07757
BAD root_position: -0.07757
BAD root_position: -0.07757
BAD root_position: -0.07757
BAD root_position: -0.07757
BAD root_position: -0.07757
BAD root_position: -0.07757
BAD root_position: -0.07757
BAD root_position: -0.07757
BAD root_position: -0.07757
BAD root_position: -0.07757
BAD root_position: -0.07757
BAD root_position: -0.07757
BAD root_position: -0.07757
BAD root_position: -0.07757
BAD root_position: -0.07757
BAD root_position: -0.07756
BAD root_position: -0.07756
BAD root_position: -0.07756
BAD root_position: -0.07756
BAD root_position: -0.07756
BAD root_position: -0.07756
BAD root_position: -0.07756
BAD root_position: -0.07756
BAD root_position: -0.07757
BAD root_position: -0.07781
BAD root_position: -0.07830
BAD root_position: -0.07895
BAD root_position: -0.07967
BAD root_position: -0.08036
BAD root_position: -0.08093
BAD root_position: -0.08128
BAD root_position: -0.08135
BAD root_position: -0.08135
BAD root_position: -0.08135
BAD root_position: -0.08135
BAD root_position: -0.08135
BAD root_position: -0.08135
BAD root_position: -0.08135
BAD root_position: -0.08128
BAD root_position: -0.08091
BAD root_position: -0.08030
BAD root_position: -0.07957
BAD root_position: -0.07882
BAD root_position: -0.07817
BAD root_position: -0.07771
BAD root_position: -0.07756
BAD root_position: -0.07756
BAD root_position: -0.07755
BAD root_position: -0.07755
BAD root_position: -0.07755
BAD root_position: -0.07754
BAD root_position: -0.07753
BAD root_position: -0.07761
BAD root_position: -0.07800
BAD root_position: -0.07863
BAD root_position: -0.07937
BAD root_position: -0.08014
BAD root_position: -0.08080
BAD root_position: -0.08127
BAD root_position: -0.08142
BAD root_position: -0.08145
BAD root_position: -0.08147
BAD root_position: -0.08149
BAD root_position: -0.08151
BAD root_position: -0.08153
BAD root_position: -0.08155
BAD root_position: -0.08146
BAD root_position: -0.08105
BAD root_position: -0.08042
BAD root_position: -0.07967
BAD root_position: -0.07892
BAD root_position: -0.07827
BAD root_position: -0.07783
BAD root_position: -0.07771
BAD root_position: -0.07769
BAD root_position: -0.07766
BAD root_position: -0.07764
BAD root_position: -0.07762
BAD root_position: -0.07759
BAD root_position: -0.07757
BAD root_position: -0.07767
BAD root_position: -0.07808
BAD root_position: -0.07870
BAD root_position: -0.07942
BAD root_position: -0.08014
BAD root_position: -0.08074
BAD root_position: -0.08113
BAD root_position: -0.08122
BAD root_position: -0.08121
BAD root_position: -0.08121
BAD root_position: -0.08120
BAD root_position: -0.08120
BAD root_position: -0.08120
BAD root_position: -0.08120
BAD root_position: -0.08105
BAD root_position: -0.08061
BAD root_position: -0.07996
BAD root_position: -0.07923
BAD root_position: -0.07851
BAD root_position: -0.07791
BAD root_position: -0.07755
BAD root_position: -0.07749
BAD root_position: -0.07752
BAD root_position: -0.07754
BAD root_position: -0.07756
BAD root_position: -0.07758
BAD root_position: -0.07760
BAD root_position: -0.07761
BAD root_position: -0.07779
BAD root_position: -0.07828
BAD root_position: -0.07897
BAD root_position: -0.07975
BAD root_position: -0.08051
BAD root_position: -0.08115
BAD root_position: -0.08156
BAD root_position: -0.08166
BAD root_position: -0.08170
BAD root_position: -0.08173
BAD root_position: -0.08176
BAD root_position: -0.08179
BAD root_position: -0.08181
BAD root_position: -0.08183
BAD root_position: -0.08164
BAD root_position: -0.08115
BAD root_position: -0.08045
BAD root_position: -0.07967
BAD root_position: -0.07891
BAD root_position: -0.07828
BAD root_position: -0.07789
BAD root_position: -0.07779
BAD root_position: -0.07773
BAD root_position: -0.07767
BAD root_position: -0.07761
BAD root_position: -0.07755
BAD root_position: -0.07749
BAD root_position: -0.07744
BAD root_position: -0.07760
BAD root_position: -0.07805
BAD root_position: -0.07868
BAD root_position: -0.07939
BAD root_position: -0.08007
BAD root_position: -0.08061
BAD root_position: -0.08091
BAD root_position: -0.08094
BAD root_position: -0.08094
BAD root_position: -0.08094
BAD root_position: -0.08095
BAD root_position: -0.08096
BAD root_position: -0.08098
BAD root_position: -0.08099
BAD root_position: -0.08077
BAD root_position: -0.08029
BAD root_position: -0.07963
BAD root_position: -0.07891
BAD root_position: -0.07824
BAD root_position: -0.07772
BAD root_position: -0.07746
BAD root_position: -0.07748
BAD root_position: -0.07752
BAD root_position: -0.07757
BAD root_position: -0.07762
BAD root_position: -0.07766
BAD root_position: -0.07770
BAD root_position: -0.07775
BAD root_position: -0.07804
BAD root_position: -0.07862
BAD root_position: -0.07936
BAD root_position: -0.08016
BAD root_position: -0.08092
BAD root_position: -0.08153
BAD root_position: -0.08186
BAD root_position: -0.08193
BAD root_position: -0.08197
BAD root_position: -0.08202
BAD root_position: -0.08205
BAD root_position: -0.08208
BAD root_position: -0.08210
BAD root_position: -0.08209
BAD root_position: -0.08180
BAD root_position: -0.08122
BAD root_position: -0.08046
BAD root_position: -0.07965
BAD root_position: -0.07889
BAD root_position: -0.07831
BAD root_position: -0.07797
BAD root_position: -0.07786
BAD root_position: -0.07777
BAD root_position: -0.07768
BAD root_position: -0.07759
BAD root_position: -0.07750
BAD root_position: -0.07741
BAD root_position: -0.07733
BAD root_position: -0.07741
BAD root_position: -0.07777
BAD root_position: -0.07831
BAD root_position: -0.07895
BAD root_position: -0.07959
BAD root_position: -0.08016
BAD root_position: -0.08055
BAD root_position: -0.08069
BAD root_position: -0.08069
BAD root_position: -0.08070
BAD root_position: -0.08071
BAD root_position: -0.08073
BAD root_position: -0.08076
BAD root_position: -0.08079
BAD root_position: -0.08080
BAD root_position: -0.08058
BAD root_position: -0.08013
BAD root_position: -0.07953
BAD root_position: -0.07887
BAD root_position: -0.07825
BAD root_position: -0.07777
BAD root_position: -0.07750
BAD root_position: -0.07751
BAD root_position: -0.07758
BAD root_position: -0.07764
BAD root_position: -0.07771
BAD root_position: -0.07777
BAD root_position: -0.07783
BAD root_position: -0.07789
BAD root_position: -0.07802
BAD root_position: -0.07843
BAD root_position: -0.07906
BAD root_position: -0.07980
BAD root_position: -0.08058
BAD root_position: -0.08129
BAD root_position: -0.08184
BAD root_position: -0.08213
BAD root_position: -0.08220
BAD root_position: -0.08225
BAD root_position: -0.08230
BAD root_position: -0.08234
BAD root_position: -0.08237
BAD root_position: -0.08239
BAD root_position: -0.08240
BAD root_position: -0.08220
BAD root_position: -0.08171
BAD root_position: -0.08102
BAD root_position: -0.08024
BAD root_position: -0.07945
BAD root_position: -0.07875
BAD root_position: -0.07825
BAD root_position: -0.07803
BAD root_position: -0.07792
BAD root_position: -0.07780
BAD root_position: -0.07768
BAD root_position: -0.07756
BAD root_position: -0.07745
BAD root_position: -0.07734
BAD root_position: -0.07728
BAD root_position: -0.07748
BAD root_position: -0.07791
BAD root_position: -0.07849
BAD root_position: -0.07912
BAD root_position: -0.07972
BAD root_position: -0.08019
BAD root_position: -0.08046
BAD root_position: -0.08049
BAD root_position: -0.08050
BAD root_position: -0.08052
BAD root_position: -0.08055
BAD root_position: -0.08058
BAD root_position: -0.08062
BAD root_position: -0.08069
BAD root_position: -0.08063
BAD root_position: -0.08031
BAD root_position: -0.07979
BAD root_position: -0.07917
BAD root_position: -0.07855
BAD root_position: -0.07801
BAD root_position: -0.07764
BAD root_position: -0.07754
BAD root_position: -0.07762
BAD root_position: -0.07771
BAD root_position: -0.07779
BAD root_position: -0.07788
BAD root_position: -0.07796
BAD root_position: -0.07803
BAD root_position: -0.07810
BAD root_position: -0.07839
BAD root_position: -0.07893
BAD root_position: -0.07964
BAD root_position: -0.08042
BAD root_position: -0.08118
BAD root_position: -0.08184
BAD root_position: -0.08227
BAD root_position: -0.08242
BAD root_position: -0.08249
BAD root_position: -0.08255
BAD root_position: -0.08260
BAD root_position: -0.08263
BAD root_position: -0.08266
BAD root_position: -0.08267
BAD root_position: -0.08261
BAD root_position: -0.08225
BAD root_position: -0.08163
BAD root_position: -0.08087
BAD root_position: -0.08006
BAD root_position: -0.07929
BAD root_position: -0.07866
BAD root_position: -0.07827
BAD root_position: -0.07811
BAD root_position: -0.07796
BAD root_position: -0.07781
BAD root_position: -0.07766
BAD root_position: -0.07752
BAD root_position: -0.07739
BAD root_position: -0.07727
BAD root_position: -0.07731
BAD root_position: -0.07762
BAD root_position: -0.07811
BAD root_position: -0.07870
BAD root_position: -0.07931
BAD root_position: -0.07984
BAD root_position: -0.08021
BAD root_position: -0.08034
BAD root_position: -0.08035
BAD root_position: -0.08038
BAD root_position: -0.08041
BAD root_position: -0.08044
BAD root_position: -0.08049
BAD root_position: -0.08055
BAD root_position: -0.08059
BAD root_position: -0.08041
BAD root_position: -0.08001
BAD root_position: -0.07946
BAD root_position: -0.07886
BAD root_position: -0.07829
BAD root_position: -0.07785
BAD root_position: -0.07763
BAD root_position: -0.07767
BAD root_position: -0.07778
BAD root_position: -0.07788
BAD root_position: -0.07799
BAD root_position: -0.07809
BAD root_position: -0.07818
BAD root_position: -0.07827
BAD root_position: -0.07842
BAD root_position: -0.07885
BAD root_position: -0.07949
BAD root_position: -0.08025
BAD root_position: -0.08104
BAD root_position: -0.08177
BAD root_position: -0.08234
BAD root_position: -0.08264
BAD root_position: -0.08273
BAD root_position: -0.08279
BAD root_position: -0.08285
BAD root_position: -0.08290
BAD root_position: -0.08293
BAD root_position: -0.08295
BAD root_position: -0.08296
BAD root_position: -0.08274
BAD root_position: -0.08221
BAD root_position: -0.08151
BAD root_position: -0.08071
BAD root_position: -0.07990
BAD root_position: -0.07918
BAD root_position: -0.07865
BAD root_position: -0.07839
BAD root_position: -0.07823
BAD root_position: -0.07806
BAD root_position: -0.07789
BAD root_position: -0.07773
BAD root_position: -0.07758
BAD root_position: -0.07744
BAD root_position: -0.07735
BAD root_position: -0.07752
BAD root_position: -0.07791
BAD root_position: -0.07844
BAD root_position: -0.07902
BAD root_position: -0.07958
BAD root_position: -0.08003
BAD root_position: -0.08029
BAD root_position: -0.08033
BAD root_position: -0.08036
BAD root_position: -0.08040
BAD root_position: -0.08044
BAD root_position: -0.08049
BAD root_position: -0.08055
BAD root_position: -0.08062
BAD root_position: -0.08059
BAD root_position: -0.08029
BAD root_position: -0.07979
BAD root_position: -0.07920
BAD root_position: -0.07861
BAD root_position: -0.07812
BAD root_position: -0.07785
BAD root_position: -0.07787
BAD root_position: -0.07799
BAD root_position: -0.07811
BAD root_position: -0.07823
BAD root_position: -0.07835
BAD root_position: -0.07846
BAD root_position: -0.07856
BAD root_position: -0.07878
BAD root_position: -0.07929
BAD root_position: -0.08000
BAD root_position: -0.08082
BAD root_position: -0.08163
BAD root_position: -0.08234
BAD root_position: -0.08282
BAD root_position: -0.08299
BAD root_position: -0.08307
BAD root_position: -0.08314
BAD root_position: -0.08319
BAD root_position: -0.08324
BAD root_position: -0.08326
BAD root_position: -0.08326
BAD root_position: -0.08308
BAD root_position: -0.08256
BAD root_position: -0.08182
BAD root_position: -0.08097
BAD root_position: -0.08011
BAD root_position: -0.07936
BAD root_position: -0.07883
BAD root_position: -0.07859
BAD root_position: -0.07840
BAD root_position: -0.07821
BAD root_position: -0.07803
BAD root_position: -0.07786
BAD root_position: -0.07771
BAD root_position: -0.07757
BAD root_position: -0.07762
BAD root_position: -0.07793
BAD root_position: -0.07843
BAD root_position: -0.07902
BAD root_position: -0.07960
BAD root_position: -0.08008
BAD root_position: -0.08038
BAD root_position: -0.08043
BAD root_position: -0.08046
BAD root_position: -0.08050
BAD root_position: -0.08055
BAD root_position: -0.08062
BAD root_position: -0.08069
BAD root_position: -0.08078
BAD root_position: -0.08068
BAD root_position: -0.08034
BAD root_position: -0.07983
BAD root_position: -0.07925
BAD root_position: -0.07869
BAD root_position: -0.07826
BAD root_position: -0.07807
BAD root_position: -0.07814
BAD root_position: -0.07826
BAD root_position: -0.07838
BAD root_position: -0.07851
BAD root_position: -0.07863
BAD root_position: -0.07875
BAD root_position: -0.07886
BAD root_position: -0.07918
BAD root_position: -0.07975
BAD root_position: -0.08050
BAD root_position: -0.08132
BAD root_position: -0.08211
BAD root_position: -0.08277
BAD root_position: -0.08317
BAD root_position: -0.08329
BAD root_position: -0.08337
BAD root_position: -0.08345
BAD root_position: -0.08350
BAD root_position: -0.08351
BAD root_position: -0.08353
BAD root_position: -0.08352
BAD root_position: -0.08324
BAD root_position: -0.08265
BAD root_position: -0.08187
BAD root_position: -0.08101
BAD root_position: -0.08019
BAD root_position: -0.07950
BAD root_position: -0.07905
BAD root_position: -0.07885
BAD root_position: -0.07867
BAD root_position: -0.07849
BAD root_position: -0.07832
BAD root_position: -0.07817
BAD root_position: -0.07803
BAD root_position: -0.07793
BAD root_position: -0.07807
BAD root_position: -0.07843
BAD root_position: -0.07895
BAD root_position: -0.07952
BAD root_position: -0.08007
BAD root_position: -0.08050
BAD root_position: -0.08072
BAD root_position: -0.08075
BAD root_position: -0.08079
BAD root_position: -0.08084
BAD root_position: -0.08091
recorded 500 frames
avg lin_vel_x 0.0387
avg lin_vel_y -0.0128
avg yaw 0.0009
computed xvel: 0.034, mean xvel: 0.0387
computed yvel: -0.051, mean yvel: -0.0128
computed thetavel: 0.376, mean thetavel: 0.0009
DONE, saving 195_0.034_-0.051_0.376.json
