<frozen importlib._bootstrap>:241: RuntimeWarning: to-Python converter for std::vector<Eigen::Matrix<double, 3, 1, 0, 3, 1>, std::allocator<Eigen::Matrix<double, 3, 1, 0, 3, 1> > > already registered; second conversion method ignored.
<frozen importlib._bootstrap>:241: RuntimeWarning: to-Python converter for boost::python::detail::container_element<std::vector<Eigen::Matrix<double, 3, 1, 0, 3, 1>, std::allocator<Eigen::Matrix<double, 3, 1, 0, 3, 1> > >, unsigned long, boost::python::detail::final_vector_derived_policies<std::vector<Eigen::Matrix<double, 3, 1, 0, 3, 1>, std::allocator<Eigen::Matrix<double, 3, 1, 0, 3, 1> > >, false> > already registered; second conversion method ignored.
<frozen importlib._bootstrap>:241: RuntimeWarning: to-Python converter for std::vector<int, std::allocator<int> > already registered; second conversion method ignored.
<frozen importlib._bootstrap>:241: RuntimeWarning: to-Python converter for std::vector<double, std::allocator<double> > already registered; second conversion method ignored.
<frozen importlib._bootstrap>:241: RuntimeWarning: to-Python converter for std::vector<std::__cxx11::basic_string<char, std::char_traits<char>, std::allocator<char> >, std::allocator<std::__cxx11::basic_string<char, std::char_traits<char>, std::allocator<char> > > > already registered; second conversion method ignored.
WARNING: Can't find trunk frames in the model, can't measure leg spacing
WARNING: Can't find head frames in the model, camera_look_at won't work
gait_parameters {'dx': -0.02, 'dy': 0.01, 'dtheta': 0.22, 'duration': 8, 'hardware': True, 'double_support_ratio': 0.25, 'startend_double_support_ratio': 1.5, 'planned_timesteps': 48, 'replan_timesteps': 10, 'walk_com_height': 0.445, 'walk_foot_height': 0.03, 'walk_trunk_pitch': -5.7, 'walk_foot_rise_ratio': 0.3, 'single_support_duration': 0.45, 'single_support_timesteps': 10, 'foot_length': 0.22, 'feet_spacing': 0.114, 'zmp_margin': 0.02, 'foot_zmp_target_x': 0.0, 'foot_zmp_target_y': 0.0, 'walk_max_dtheta': 1.0, 'walk_max_dy': 0.04, 'walk_max_dx_forward': 0.1, 'walk_max_dx_backward': 0.03, 'joints': ['leg_left_ankle_roll_joint', 'leg_left_ankle_pitch_joint', 'leg_left_knee_pitch_joint', 'leg_left_hip_pitch_joint', 'leg_left_hip_yaw_joint', 'leg_left_hip_roll_joint', 'leg_right_ankle_roll_joint', 'leg_right_ankle_pitch_joint', 'leg_right_knee_pitch_joint', 'leg_right_hip_pitch_joint', 'leg_right_hip_yaw_joint', 'leg_right_hip_roll_joint', 'left_wrist_attachment_joint', 'left_fore_arm_joint', 'left_upper_arm_joint', 'left_shoulder_joint', 'right_wrist_attachment_joint', 'right_fore_arm_joint', 'right_upper_arm_joint', 'right_shoulder_joint'], 'joint_angles': {'left_wrist_attachment_joint': 30, 'left_fore_arm_joint': 0, 'left_upper_arm_joint': 0, 'left_shoulder_joint': 0, 'right_wrist_attachment_joint': -30, 'right_fore_arm_joint': 0, 'right_upper_arm_joint': 0, 'right_shoulder_joint': 0}}
Placing the robot in the initial position...
Initial position reached
{'leg_left_ankle_roll_joint': 0.021972339921889485, 'leg_left_ankle_pitch_joint': -0.5105790528936708, 'leg_left_knee_pitch_joint': 0.9602540024787836, 'leg_left_hip_pitch_joint': -0.3508962799930842, 'leg_left_hip_yaw_joint': -0.05846397924123872, 'leg_left_hip_roll_joint': -0.013941472100649279, 'leg_right_ankle_roll_joint': 0.022681133930763688, 'leg_right_ankle_pitch_joint': -0.5367259171289916, 'leg_right_knee_pitch_joint': 1.0452001551140127, 'leg_right_hip_pitch_joint': -0.40971671060554765, 'leg_right_hip_yaw_joint': -0.05901403014831721, 'leg_right_hip_roll_joint': -0.01439704762669146, 'left_wrist_attachment_joint': 0.5235987755982988, 'left_fore_arm_joint': -1.1792224039232973e-24, 'left_upper_arm_joint': 1.52834086583474e-24, 'left_shoulder_joint': 2.3779230091907113e-24, 'right_wrist_attachment_joint': -0.5235987755982988, 'right_fore_arm_joint': 1.4359708854868211e-24, 'right_upper_arm_joint': -1.8138932717185007e-24, 'right_shoulder_joint': -2.3476153966210144e-24}
## period: 1.17
You can open the visualizer by visiting the following URL:
http://127.0.0.1:7002/static/
Viewer URL: http://127.0.0.1:7002/static/
BAD root_position: -0.07791
BAD root_position: -0.07791
BAD root_position: -0.07791
BAD root_position: -0.07791
BAD root_position: -0.07791
BAD root_position: -0.07791
BAD root_position: -0.07791
BAD root_position: -0.07791
BAD root_position: -0.07791
BAD root_position: -0.07791
BAD root_position: -0.07791
BAD root_position: -0.07791
BAD root_position: -0.07791
BAD root_position: -0.07791
BAD root_position: -0.07791
BAD root_position: -0.07791
BAD root_position: -0.07791
BAD root_position: -0.07791
BAD root_position: -0.07791
BAD root_position: -0.07791
BAD root_position: -0.07791
BAD root_position: -0.07791
BAD root_position: -0.07791
BAD root_position: -0.07791
BAD root_position: -0.07791
BAD root_position: -0.07790
BAD root_position: -0.07790
BAD root_position: -0.07790
BAD root_position: -0.07790
BAD root_position: -0.07790
BAD root_position: -0.07790
BAD root_position: -0.07790
BAD root_position: -0.07791
BAD root_position: -0.07815
BAD root_position: -0.07864
BAD root_position: -0.07929
BAD root_position: -0.08001
BAD root_position: -0.08070
BAD root_position: -0.08126
BAD root_position: -0.08162
BAD root_position: -0.08169
BAD root_position: -0.08169
BAD root_position: -0.08169
BAD root_position: -0.08169
BAD root_position: -0.08169
BAD root_position: -0.08169
BAD root_position: -0.08169
BAD root_position: -0.08163
BAD root_position: -0.08125
BAD root_position: -0.08065
BAD root_position: -0.07992
BAD root_position: -0.07917
BAD root_position: -0.07852
BAD root_position: -0.07806
BAD root_position: -0.07791
BAD root_position: -0.07791
BAD root_position: -0.07791
BAD root_position: -0.07791
BAD root_position: -0.07791
BAD root_position: -0.07791
BAD root_position: -0.07790
BAD root_position: -0.07799
BAD root_position: -0.07838
BAD root_position: -0.07899
BAD root_position: -0.07973
BAD root_position: -0.08047
BAD root_position: -0.08112
BAD root_position: -0.08156
BAD root_position: -0.08169
BAD root_position: -0.08169
BAD root_position: -0.08168
BAD root_position: -0.08168
BAD root_position: -0.08168
BAD root_position: -0.08168
BAD root_position: -0.08168
BAD root_position: -0.08158
BAD root_position: -0.08117
BAD root_position: -0.08054
BAD root_position: -0.07980
BAD root_position: -0.07906
BAD root_position: -0.07843
BAD root_position: -0.07801
BAD root_position: -0.07791
BAD root_position: -0.07791
BAD root_position: -0.07791
BAD root_position: -0.07791
BAD root_position: -0.07792
BAD root_position: -0.07792
BAD root_position: -0.07792
BAD root_position: -0.07804
BAD root_position: -0.07847
BAD root_position: -0.07911
BAD root_position: -0.07985
BAD root_position: -0.08059
BAD root_position: -0.08122
BAD root_position: -0.08162
BAD root_position: -0.08171
BAD root_position: -0.08170
BAD root_position: -0.08170
BAD root_position: -0.08170
BAD root_position: -0.08169
BAD root_position: -0.08169
BAD root_position: -0.08169
BAD root_position: -0.08154
BAD root_position: -0.08109
BAD root_position: -0.08044
BAD root_position: -0.07969
BAD root_position: -0.07896
BAD root_position: -0.07835
BAD root_position: -0.07797
BAD root_position: -0.07790
BAD root_position: -0.07790
BAD root_position: -0.07790
BAD root_position: -0.07791
BAD root_position: -0.07791
BAD root_position: -0.07791
BAD root_position: -0.07791
BAD root_position: -0.07807
BAD root_position: -0.07854
BAD root_position: -0.07920
BAD root_position: -0.07995
BAD root_position: -0.08068
BAD root_position: -0.08128
BAD root_position: -0.08164
BAD root_position: -0.08170
BAD root_position: -0.08170
BAD root_position: -0.08170
BAD root_position: -0.08170
BAD root_position: -0.08170
BAD root_position: -0.08170
BAD root_position: -0.08170
BAD root_position: -0.08151
BAD root_position: -0.08102
BAD root_position: -0.08035
BAD root_position: -0.07960
BAD root_position: -0.07888
BAD root_position: -0.07829
BAD root_position: -0.07796
BAD root_position: -0.07791
BAD root_position: -0.07791
BAD root_position: -0.07791
BAD root_position: -0.07791
BAD root_position: -0.07791
BAD root_position: -0.07791
BAD root_position: -0.07791
BAD root_position: -0.07813
BAD root_position: -0.07863
BAD root_position: -0.07931
BAD root_position: -0.08006
BAD root_position: -0.08077
BAD root_position: -0.08134
BAD root_position: -0.08166
BAD root_position: -0.08169
BAD root_position: -0.08169
BAD root_position: -0.08168
BAD root_position: -0.08168
BAD root_position: -0.08168
BAD root_position: -0.08168
BAD root_position: -0.08167
BAD root_position: -0.08143
BAD root_position: -0.08091
BAD root_position: -0.08022
BAD root_position: -0.07947
BAD root_position: -0.07876
BAD root_position: -0.07821
BAD root_position: -0.07791
BAD root_position: -0.07790
BAD root_position: -0.07790
BAD root_position: -0.07791
BAD root_position: -0.07791
BAD root_position: -0.07791
BAD root_position: -0.07792
BAD root_position: -0.07793
BAD root_position: -0.07819
BAD root_position: -0.07873
BAD root_position: -0.07943
BAD root_position: -0.08018
BAD root_position: -0.08089
BAD root_position: -0.08143
BAD root_position: -0.08171
BAD root_position: -0.08172
BAD root_position: -0.08172
BAD root_position: -0.08172
BAD root_position: -0.08172
BAD root_position: -0.08172
BAD root_position: -0.08172
BAD root_position: -0.08170
BAD root_position: -0.08141
BAD root_position: -0.08086
BAD root_position: -0.08015
BAD root_position: -0.07939
BAD root_position: -0.07870
BAD root_position: -0.07819
BAD root_position: -0.07793
BAD root_position: -0.07792
BAD root_position: -0.07792
BAD root_position: -0.07791
BAD root_position: -0.07791
BAD root_position: -0.07791
BAD root_position: -0.07791
BAD root_position: -0.07790
BAD root_position: -0.07805
BAD root_position: -0.07848
BAD root_position: -0.07909
BAD root_position: -0.07979
BAD root_position: -0.08050
BAD root_position: -0.08111
BAD root_position: -0.08153
BAD root_position: -0.08168
BAD root_position: -0.08167
BAD root_position: -0.08167
BAD root_position: -0.08167
BAD root_position: -0.08166
BAD root_position: -0.08166
BAD root_position: -0.08166
BAD root_position: -0.08164
BAD root_position: -0.08138
BAD root_position: -0.08087
BAD root_position: -0.08021
BAD root_position: -0.07949
BAD root_position: -0.07881
BAD root_position: -0.07827
BAD root_position: -0.07794
BAD root_position: -0.07790
BAD root_position: -0.07790
BAD root_position: -0.07791
BAD root_position: -0.07791
BAD root_position: -0.07792
BAD root_position: -0.07792
BAD root_position: -0.07792
BAD root_position: -0.07801
BAD root_position: -0.07838
BAD root_position: -0.07896
BAD root_position: -0.07966
BAD root_position: -0.08037
BAD root_position: -0.08102
BAD root_position: -0.08151
BAD root_position: -0.08173
BAD root_position: -0.08174
BAD root_position: -0.08173
BAD root_position: -0.08173
BAD root_position: -0.08173
BAD root_position: -0.08173
BAD root_position: -0.08173
BAD root_position: -0.08173
BAD root_position: -0.08154
BAD root_position: -0.08108
BAD root_position: -0.08044
BAD root_position: -0.07973
BAD root_position: -0.07903
BAD root_position: -0.07843
BAD root_position: -0.07803
BAD root_position: -0.07792
BAD root_position: -0.07792
BAD root_position: -0.07792
BAD root_position: -0.07791
BAD root_position: -0.07791
BAD root_position: -0.07790
BAD root_position: -0.07790
BAD root_position: -0.07793
BAD root_position: -0.07823
BAD root_position: -0.07876
BAD root_position: -0.07943
BAD root_position: -0.08014
BAD root_position: -0.08081
BAD root_position: -0.08134
BAD root_position: -0.08163
BAD root_position: -0.08166
BAD root_position: -0.08166
BAD root_position: -0.08165
BAD root_position: -0.08165
BAD root_position: -0.08165
BAD root_position: -0.08165
BAD root_position: -0.08165
BAD root_position: -0.08154
BAD root_position: -0.08114
BAD root_position: -0.08054
BAD root_position: -0.07984
BAD root_position: -0.07914
BAD root_position: -0.07851
BAD root_position: -0.07807
BAD root_position: -0.07789
BAD root_position: -0.07790
BAD root_position: -0.07791
BAD root_position: -0.07791
BAD root_position: -0.07792
BAD root_position: -0.07793
BAD root_position: -0.07793
BAD root_position: -0.07794
BAD root_position: -0.07817
BAD root_position: -0.07866
BAD root_position: -0.07931
BAD root_position: -0.08003
BAD root_position: -0.08073
BAD root_position: -0.08131
BAD root_position: -0.08167
BAD root_position: -0.08175
BAD root_position: -0.08175
BAD root_position: -0.08175
BAD root_position: -0.08175
BAD root_position: -0.08175
BAD root_position: -0.08175
BAD root_position: -0.08175
BAD root_position: -0.08169
BAD root_position: -0.08135
BAD root_position: -0.08079
BAD root_position: -0.08010
BAD root_position: -0.07938
BAD root_position: -0.07872
BAD root_position: -0.07821
BAD root_position: -0.07794
BAD root_position: -0.07792
BAD root_position: -0.07792
BAD root_position: -0.07791
BAD root_position: -0.07791
BAD root_position: -0.07790
BAD root_position: -0.07790
BAD root_position: -0.07789
BAD root_position: -0.07803
BAD root_position: -0.07846
BAD root_position: -0.07907
BAD root_position: -0.07977
BAD root_position: -0.08047
BAD root_position: -0.08108
BAD root_position: -0.08151
BAD root_position: -0.08165
BAD root_position: -0.08164
BAD root_position: -0.08164
BAD root_position: -0.08164
BAD root_position: -0.08163
BAD root_position: -0.08163
BAD root_position: -0.08163
BAD root_position: -0.08162
BAD root_position: -0.08135
BAD root_position: -0.08084
BAD root_position: -0.08019
BAD root_position: -0.07948
BAD root_position: -0.07880
BAD root_position: -0.07826
BAD root_position: -0.07793
BAD root_position: -0.07789
BAD root_position: -0.07790
BAD root_position: -0.07791
BAD root_position: -0.07792
BAD root_position: -0.07793
BAD root_position: -0.07794
BAD root_position: -0.07794
BAD root_position: -0.07803
BAD root_position: -0.07840
BAD root_position: -0.07898
BAD root_position: -0.07968
BAD root_position: -0.08040
BAD root_position: -0.08105
BAD root_position: -0.08154
BAD root_position: -0.08176
BAD root_position: -0.08177
BAD root_position: -0.08177
BAD root_position: -0.08177
BAD root_position: -0.08177
BAD root_position: -0.08177
BAD root_position: -0.08176
BAD root_position: -0.08176
BAD root_position: -0.08157
BAD root_position: -0.08110
BAD root_position: -0.08047
BAD root_position: -0.07975
BAD root_position: -0.07905
BAD root_position: -0.07845
BAD root_position: -0.07805
BAD root_position: -0.07793
BAD root_position: -0.07793
BAD root_position: -0.07792
BAD root_position: -0.07791
BAD root_position: -0.07790
BAD root_position: -0.07790
BAD root_position: -0.07789
BAD root_position: -0.07792
BAD root_position: -0.07821
BAD root_position: -0.07874
BAD root_position: -0.07941
BAD root_position: -0.08012
BAD root_position: -0.08079
BAD root_position: -0.08131
BAD root_position: -0.08160
BAD root_position: -0.08163
BAD root_position: -0.08163
BAD root_position: -0.08163
BAD root_position: -0.08162
BAD root_position: -0.08162
BAD root_position: -0.08162
BAD root_position: -0.08162
BAD root_position: -0.08151
BAD root_position: -0.08109
BAD root_position: -0.08045
BAD root_position: -0.07972
BAD root_position: -0.07899
BAD root_position: -0.07837
BAD root_position: -0.07797
BAD root_position: -0.07789
BAD root_position: -0.07790
BAD root_position: -0.07791
BAD root_position: -0.07792
BAD root_position: -0.07793
BAD root_position: -0.07794
BAD root_position: -0.07795
BAD root_position: -0.07809
BAD root_position: -0.07854
BAD root_position: -0.07920
BAD root_position: -0.07995
BAD root_position: -0.08069
BAD root_position: -0.08131
BAD root_position: -0.08171
BAD root_position: -0.08179
BAD root_position: -0.08179
BAD root_position: -0.08179
BAD root_position: -0.08178
BAD root_position: -0.08178
BAD root_position: -0.08178
BAD root_position: -0.08178
BAD root_position: -0.08162
BAD root_position: -0.08115
BAD root_position: -0.08048
BAD root_position: -0.07973
BAD root_position: -0.07899
BAD root_position: -0.07838
BAD root_position: -0.07801
BAD root_position: -0.07793
BAD root_position: -0.07793
BAD root_position: -0.07792
BAD root_position: -0.07791
BAD root_position: -0.07790
BAD root_position: -0.07789
BAD root_position: -0.07788
BAD root_position: -0.07805
BAD root_position: -0.07852
BAD root_position: -0.07918
BAD root_position: -0.07993
BAD root_position: -0.08065
BAD root_position: -0.08123
BAD root_position: -0.08157
BAD root_position: -0.08162
BAD root_position: -0.08161
BAD root_position: -0.08161
BAD root_position: -0.08161
BAD root_position: -0.08160
BAD root_position: -0.08161
BAD root_position: -0.08161
BAD root_position: -0.08140
BAD root_position: -0.08091
BAD root_position: -0.08024
BAD root_position: -0.07949
BAD root_position: -0.07878
BAD root_position: -0.07822
BAD root_position: -0.07791
BAD root_position: -0.07788
BAD root_position: -0.07790
BAD root_position: -0.07791
BAD root_position: -0.07792
BAD root_position: -0.07794
BAD root_position: -0.07795
BAD root_position: -0.07796
BAD root_position: -0.07820
BAD root_position: -0.07872
BAD root_position: -0.07942
BAD root_position: -0.08018
BAD root_position: -0.08090
BAD root_position: -0.08147
BAD root_position: -0.08178
BAD root_position: -0.08180
BAD root_position: -0.08180
BAD root_position: -0.08180
BAD root_position: -0.08180
BAD root_position: -0.08180
BAD root_position: -0.08179
BAD root_position: -0.08178
BAD root_position: -0.08152
BAD root_position: -0.08098
BAD root_position: -0.08028
BAD root_position: -0.07952
BAD root_position: -0.07881
BAD root_position: -0.07825
BAD root_position: -0.07796
BAD root_position: -0.07793
BAD root_position: -0.07792
BAD root_position: -0.07791
BAD root_position: -0.07790
BAD root_position: -0.07789
BAD root_position: -0.07788
BAD root_position: -0.07788
BAD root_position: -0.07815
BAD root_position: -0.07869
BAD root_position: -0.07938
BAD root_position: -0.08013
BAD root_position: -0.08082
BAD root_position: -0.08134
BAD root_position: -0.08160
BAD root_position: -0.08160
BAD root_position: -0.08159
BAD root_position: -0.08159
BAD root_position: -0.08159
recorded 500 frames
avg lin_vel_x -0.0002
avg lin_vel_y -0.013
avg yaw 0.0
computed xvel: -0.034, mean xvel: -0.0002
computed yvel: 0.017, mean yvel: -0.013
computed thetavel: 0.376, mean thetavel: 0.0
DONE, saving 209_-0.034_0.017_0.376.json
