<frozen importlib._bootstrap>:241: RuntimeWarning: to-Python converter for std::vector<Eigen::Matrix<double, 3, 1, 0, 3, 1>, std::allocator<Eigen::Matrix<double, 3, 1, 0, 3, 1> > > already registered; second conversion method ignored.
<frozen importlib._bootstrap>:241: RuntimeWarning: to-Python converter for boost::python::detail::container_element<std::vector<Eigen::Matrix<double, 3, 1, 0, 3, 1>, std::allocator<Eigen::Matrix<double, 3, 1, 0, 3, 1> > >, unsigned long, boost::python::detail::final_vector_derived_policies<std::vector<Eigen::Matrix<double, 3, 1, 0, 3, 1>, std::allocator<Eigen::Matrix<double, 3, 1, 0, 3, 1> > >, false> > already registered; second conversion method ignored.
<frozen importlib._bootstrap>:241: RuntimeWarning: to-Python converter for std::vector<int, std::allocator<int> > already registered; second conversion method ignored.
<frozen importlib._bootstrap>:241: RuntimeWarning: to-Python converter for std::vector<double, std::allocator<double> > already registered; second conversion method ignored.
<frozen importlib._bootstrap>:241: RuntimeWarning: to-Python converter for std::vector<std::__cxx11::basic_string<char, std::char_traits<char>, std::allocator<char> >, std::allocator<std::__cxx11::basic_string<char, std::char_traits<char>, std::allocator<char> > > > already registered; second conversion method ignored.
WARNING: Can't find trunk frames in the model, can't measure leg spacing
WARNING: Can't find head frames in the model, camera_look_at won't work
gait_parameters {'dx': 0.04, 'dy': 0.01, 'dtheta': 0.22, 'duration': 8, 'hardware': True, 'double_support_ratio': 0.25, 'startend_double_support_ratio': 1.5, 'planned_timesteps': 48, 'replan_timesteps': 10, 'walk_com_height': 0.445, 'walk_foot_height': 0.03, 'walk_trunk_pitch': -5.7, 'walk_foot_rise_ratio': 0.3, 'single_support_duration': 0.45, 'single_support_timesteps': 10, 'foot_length': 0.22, 'feet_spacing': 0.114, 'zmp_margin': 0.02, 'foot_zmp_target_x': 0.0, 'foot_zmp_target_y': 0.0, 'walk_max_dtheta': 1.0, 'walk_max_dy': 0.04, 'walk_max_dx_forward': 0.1, 'walk_max_dx_backward': 0.03, 'joints': ['leg_left_ankle_roll_joint', 'leg_left_ankle_pitch_joint', 'leg_left_knee_pitch_joint', 'leg_left_hip_pitch_joint', 'leg_left_hip_yaw_joint', 'leg_left_hip_roll_joint', 'leg_right_ankle_roll_joint', 'leg_right_ankle_pitch_joint', 'leg_right_knee_pitch_joint', 'leg_right_hip_pitch_joint', 'leg_right_hip_yaw_joint', 'leg_right_hip_roll_joint', 'left_wrist_attachment_joint', 'left_fore_arm_joint', 'left_upper_arm_joint', 'left_shoulder_joint', 'right_wrist_attachment_joint', 'right_fore_arm_joint', 'right_upper_arm_joint', 'right_shoulder_joint'], 'joint_angles': {'left_wrist_attachment_joint': 30, 'left_fore_arm_joint': 0, 'left_upper_arm_joint': 0, 'left_shoulder_joint': 0, 'right_wrist_attachment_joint': -30, 'right_fore_arm_joint': 0, 'right_upper_arm_joint': 0, 'right_shoulder_joint': 0}}
Placing the robot in the initial position...
Initial position reached
{'leg_left_ankle_roll_joint': 0.02254854404203487, 'leg_left_ankle_pitch_joint': -0.5082906699947822, 'leg_left_knee_pitch_joint': 0.9554971406342254, 'leg_left_hip_pitch_joint': -0.34844926185652114, 'leg_left_hip_yaw_joint': -0.05890961108158941, 'leg_left_hip_roll_joint': -0.014307375514415147, 'leg_right_ankle_roll_joint': 0.023266343364088976, 'leg_right_ankle_pitch_joint': -0.5347993010962457, 'leg_right_knee_pitch_joint': 1.0411450344559274, 'leg_right_hip_pitch_joint': -0.4076102089755951, 'leg_right_hip_yaw_joint': -0.05946661671650595, 'leg_right_hip_roll_joint': -0.014768693888040344, 'left_wrist_attachment_joint': 0.5235987755982988, 'left_fore_arm_joint': 4.973535374683109e-25, 'left_upper_arm_joint': -5.561555082176158e-25, 'left_shoulder_joint': -9.294546806888957e-25, 'right_wrist_attachment_joint': -0.5235987755982988, 'right_fore_arm_joint': -5.65406539955747e-25, 'right_upper_arm_joint': 6.2906081227884125e-25, 'right_shoulder_joint': 1.0048399696896003e-24}
## period: 1.17
You can open the visualizer by visiting the following URL:
http://127.0.0.1:7004/static/
Viewer URL: http://127.0.0.1:7004/static/
BAD root_position: -0.07760
BAD root_position: -0.07760
BAD root_position: -0.07760
BAD root_position: -0.07760
BAD root_position: -0.07760
BAD root_position: -0.07760
BAD root_position: -0.07760
BAD root_position: -0.07760
BAD root_position: -0.07760
BAD root_position: -0.07760
BAD root_position: -0.07760
BAD root_position: -0.07760
BAD root_position: -0.07760
BAD root_position: -0.07760
BAD root_position: -0.07760
BAD root_position: -0.07760
BAD root_position: -0.07760
BAD root_position: -0.07760
BAD root_position: -0.07760
BAD root_position: -0.07760
BAD root_position: -0.07760
BAD root_position: -0.07760
BAD root_position: -0.07760
BAD root_position: -0.07760
BAD root_position: -0.07760
BAD root_position: -0.07760
BAD root_position: -0.07760
BAD root_position: -0.07760
BAD root_position: -0.07760
BAD root_position: -0.07760
BAD root_position: -0.07760
BAD root_position: -0.07759
BAD root_position: -0.07760
BAD root_position: -0.07784
BAD root_position: -0.07834
BAD root_position: -0.07899
BAD root_position: -0.07971
BAD root_position: -0.08040
BAD root_position: -0.08096
BAD root_position: -0.08132
BAD root_position: -0.08139
BAD root_position: -0.08139
BAD root_position: -0.08139
BAD root_position: -0.08139
BAD root_position: -0.08139
BAD root_position: -0.08139
BAD root_position: -0.08139
BAD root_position: -0.08133
BAD root_position: -0.08095
BAD root_position: -0.08035
BAD root_position: -0.07962
BAD root_position: -0.07887
BAD root_position: -0.07821
BAD root_position: -0.07776
BAD root_position: -0.07760
BAD root_position: -0.07760
BAD root_position: -0.07760
BAD root_position: -0.07760
BAD root_position: -0.07760
BAD root_position: -0.07760
BAD root_position: -0.07760
BAD root_position: -0.07768
BAD root_position: -0.07807
BAD root_position: -0.07869
BAD root_position: -0.07942
BAD root_position: -0.08017
BAD root_position: -0.08082
BAD root_position: -0.08126
BAD root_position: -0.08139
BAD root_position: -0.08140
BAD root_position: -0.08140
BAD root_position: -0.08140
BAD root_position: -0.08140
BAD root_position: -0.08140
BAD root_position: -0.08141
BAD root_position: -0.08131
BAD root_position: -0.08090
BAD root_position: -0.08026
BAD root_position: -0.07952
BAD root_position: -0.07878
BAD root_position: -0.07814
BAD root_position: -0.07772
BAD root_position: -0.07761
BAD root_position: -0.07761
BAD root_position: -0.07761
BAD root_position: -0.07760
BAD root_position: -0.07760
BAD root_position: -0.07760
BAD root_position: -0.07759
BAD root_position: -0.07771
BAD root_position: -0.07814
BAD root_position: -0.07878
BAD root_position: -0.07952
BAD root_position: -0.08026
BAD root_position: -0.08088
BAD root_position: -0.08129
BAD root_position: -0.08138
BAD root_position: -0.08138
BAD root_position: -0.08139
BAD root_position: -0.08139
BAD root_position: -0.08139
BAD root_position: -0.08140
BAD root_position: -0.08140
BAD root_position: -0.08126
BAD root_position: -0.08081
BAD root_position: -0.08016
BAD root_position: -0.07941
BAD root_position: -0.07868
BAD root_position: -0.07806
BAD root_position: -0.07768
BAD root_position: -0.07761
BAD root_position: -0.07760
BAD root_position: -0.07760
BAD root_position: -0.07760
BAD root_position: -0.07759
BAD root_position: -0.07759
BAD root_position: -0.07758
BAD root_position: -0.07775
BAD root_position: -0.07821
BAD root_position: -0.07887
BAD root_position: -0.07962
BAD root_position: -0.08035
BAD root_position: -0.08095
BAD root_position: -0.08132
BAD root_position: -0.08138
BAD root_position: -0.08138
BAD root_position: -0.08139
BAD root_position: -0.08140
BAD root_position: -0.08140
BAD root_position: -0.08141
BAD root_position: -0.08141
BAD root_position: -0.08123
BAD root_position: -0.08074
BAD root_position: -0.08007
BAD root_position: -0.07932
BAD root_position: -0.07860
BAD root_position: -0.07801
BAD root_position: -0.07767
BAD root_position: -0.07762
BAD root_position: -0.07761
BAD root_position: -0.07761
BAD root_position: -0.07760
BAD root_position: -0.07760
BAD root_position: -0.07759
BAD root_position: -0.07759
BAD root_position: -0.07780
BAD root_position: -0.07830
BAD root_position: -0.07897
BAD root_position: -0.07972
BAD root_position: -0.08044
BAD root_position: -0.08101
BAD root_position: -0.08133
BAD root_position: -0.08137
BAD root_position: -0.08137
BAD root_position: -0.08137
BAD root_position: -0.08138
BAD root_position: -0.08138
BAD root_position: -0.08139
BAD root_position: -0.08139
BAD root_position: -0.08115
BAD root_position: -0.08063
BAD root_position: -0.07994
BAD root_position: -0.07919
BAD root_position: -0.07848
BAD root_position: -0.07792
BAD root_position: -0.07762
BAD root_position: -0.07760
BAD root_position: -0.07760
BAD root_position: -0.07760
BAD root_position: -0.07760
BAD root_position: -0.07760
BAD root_position: -0.07760
BAD root_position: -0.07760
BAD root_position: -0.07786
BAD root_position: -0.07840
BAD root_position: -0.07909
BAD root_position: -0.07985
BAD root_position: -0.08055
BAD root_position: -0.08110
BAD root_position: -0.08138
BAD root_position: -0.08140
BAD root_position: -0.08140
BAD root_position: -0.08141
BAD root_position: -0.08142
BAD root_position: -0.08142
BAD root_position: -0.08143
BAD root_position: -0.08141
BAD root_position: -0.08113
BAD root_position: -0.08058
BAD root_position: -0.07987
BAD root_position: -0.07912
BAD root_position: -0.07842
BAD root_position: -0.07791
BAD root_position: -0.07764
BAD root_position: -0.07762
BAD root_position: -0.07762
BAD root_position: -0.07761
BAD root_position: -0.07760
BAD root_position: -0.07759
BAD root_position: -0.07759
BAD root_position: -0.07758
BAD root_position: -0.07772
BAD root_position: -0.07815
BAD root_position: -0.07876
BAD root_position: -0.07946
BAD root_position: -0.08017
BAD root_position: -0.08078
BAD root_position: -0.08121
BAD root_position: -0.08135
BAD root_position: -0.08135
BAD root_position: -0.08136
BAD root_position: -0.08136
BAD root_position: -0.08136
BAD root_position: -0.08137
BAD root_position: -0.08137
BAD root_position: -0.08136
BAD root_position: -0.08110
BAD root_position: -0.08059
BAD root_position: -0.07993
BAD root_position: -0.07922
BAD root_position: -0.07853
BAD root_position: -0.07798
BAD root_position: -0.07765
BAD root_position: -0.07760
BAD root_position: -0.07760
BAD root_position: -0.07760
BAD root_position: -0.07760
BAD root_position: -0.07760
BAD root_position: -0.07760
BAD root_position: -0.07760
BAD root_position: -0.07768
BAD root_position: -0.07805
BAD root_position: -0.07863
BAD root_position: -0.07932
BAD root_position: -0.08004
BAD root_position: -0.08069
BAD root_position: -0.08118
BAD root_position: -0.08140
BAD root_position: -0.08142
BAD root_position: -0.08142
BAD root_position: -0.08143
BAD root_position: -0.08143
BAD root_position: -0.08144
BAD root_position: -0.08144
BAD root_position: -0.08145
BAD root_position: -0.08126
BAD root_position: -0.08080
BAD root_position: -0.08017
BAD root_position: -0.07945
BAD root_position: -0.07875
BAD root_position: -0.07815
BAD root_position: -0.07774
BAD root_position: -0.07763
BAD root_position: -0.07762
BAD root_position: -0.07761
BAD root_position: -0.07761
BAD root_position: -0.07760
BAD root_position: -0.07759
BAD root_position: -0.07758
BAD root_position: -0.07761
BAD root_position: -0.07790
BAD root_position: -0.07843
BAD root_position: -0.07909
BAD root_position: -0.07981
BAD root_position: -0.08048
BAD root_position: -0.08101
BAD root_position: -0.08131
BAD root_position: -0.08134
BAD root_position: -0.08134
BAD root_position: -0.08134
BAD root_position: -0.08135
BAD root_position: -0.08135
BAD root_position: -0.08136
BAD root_position: -0.08137
BAD root_position: -0.08126
BAD root_position: -0.08086
BAD root_position: -0.08027
BAD root_position: -0.07957
BAD root_position: -0.07886
BAD root_position: -0.07823
BAD root_position: -0.07778
BAD root_position: -0.07760
BAD root_position: -0.07760
BAD root_position: -0.07760
BAD root_position: -0.07761
BAD root_position: -0.07761
BAD root_position: -0.07761
BAD root_position: -0.07761
BAD root_position: -0.07762
BAD root_position: -0.07785
BAD root_position: -0.07833
BAD root_position: -0.07898
BAD root_position: -0.07970
BAD root_position: -0.08039
BAD root_position: -0.08097
BAD root_position: -0.08134
BAD root_position: -0.08143
BAD root_position: -0.08144
BAD root_position: -0.08144
BAD root_position: -0.08145
BAD root_position: -0.08145
BAD root_position: -0.08146
BAD root_position: -0.08146
BAD root_position: -0.08141
BAD root_position: -0.08107
BAD root_position: -0.08051
BAD root_position: -0.07982
BAD root_position: -0.07910
BAD root_position: -0.07844
BAD root_position: -0.07792
BAD root_position: -0.07765
BAD root_position: -0.07763
BAD root_position: -0.07762
BAD root_position: -0.07761
BAD root_position: -0.07760
BAD root_position: -0.07759
BAD root_position: -0.07758
BAD root_position: -0.07757
BAD root_position: -0.07771
BAD root_position: -0.07813
BAD root_position: -0.07874
BAD root_position: -0.07944
BAD root_position: -0.08014
BAD root_position: -0.08075
BAD root_position: -0.08118
BAD root_position: -0.08132
BAD root_position: -0.08133
BAD root_position: -0.08133
BAD root_position: -0.08133
BAD root_position: -0.08134
BAD root_position: -0.08134
BAD root_position: -0.08135
BAD root_position: -0.08133
BAD root_position: -0.08107
BAD root_position: -0.08057
BAD root_position: -0.07991
BAD root_position: -0.07920
BAD root_position: -0.07852
BAD root_position: -0.07797
BAD root_position: -0.07764
BAD root_position: -0.07760
BAD root_position: -0.07760
BAD root_position: -0.07761
BAD root_position: -0.07761
BAD root_position: -0.07762
BAD root_position: -0.07762
BAD root_position: -0.07762
BAD root_position: -0.07770
BAD root_position: -0.07807
BAD root_position: -0.07865
BAD root_position: -0.07935
BAD root_position: -0.08007
BAD root_position: -0.08072
BAD root_position: -0.08121
BAD root_position: -0.08144
BAD root_position: -0.08145
BAD root_position: -0.08146
BAD root_position: -0.08146
BAD root_position: -0.08147
BAD root_position: -0.08147
BAD root_position: -0.08147
BAD root_position: -0.08148
BAD root_position: -0.08129
BAD root_position: -0.08083
BAD root_position: -0.08019
BAD root_position: -0.07947
BAD root_position: -0.07877
BAD root_position: -0.07816
BAD root_position: -0.07776
BAD root_position: -0.07764
BAD root_position: -0.07763
BAD root_position: -0.07762
BAD root_position: -0.07761
BAD root_position: -0.07759
BAD root_position: -0.07758
BAD root_position: -0.07757
BAD root_position: -0.07759
BAD root_position: -0.07788
BAD root_position: -0.07841
BAD root_position: -0.07907
BAD root_position: -0.07979
BAD root_position: -0.08045
BAD root_position: -0.08098
BAD root_position: -0.08128
BAD root_position: -0.08131
BAD root_position: -0.08131
BAD root_position: -0.08132
BAD root_position: -0.08132
BAD root_position: -0.08133
BAD root_position: -0.08133
BAD root_position: -0.08134
BAD root_position: -0.08123
BAD root_position: -0.08081
BAD root_position: -0.08018
BAD root_position: -0.07944
BAD root_position: -0.07871
BAD root_position: -0.07809
BAD root_position: -0.07769
BAD root_position: -0.07759
BAD root_position: -0.07760
BAD root_position: -0.07761
BAD root_position: -0.07762
BAD root_position: -0.07762
BAD root_position: -0.07763
BAD root_position: -0.07763
BAD root_position: -0.07777
BAD root_position: -0.07822
BAD root_position: -0.07887
BAD root_position: -0.07962
BAD root_position: -0.08036
BAD root_position: -0.08098
BAD root_position: -0.08138
BAD root_position: -0.08146
BAD root_position: -0.08147
BAD root_position: -0.08148
BAD root_position: -0.08148
BAD root_position: -0.08149
BAD root_position: -0.08149
BAD root_position: -0.08149
BAD root_position: -0.08134
BAD root_position: -0.08087
BAD root_position: -0.08020
BAD root_position: -0.07945
BAD root_position: -0.07871
BAD root_position: -0.07810
BAD root_position: -0.07772
BAD root_position: -0.07764
BAD root_position: -0.07763
BAD root_position: -0.07761
BAD root_position: -0.07760
BAD root_position: -0.07758
BAD root_position: -0.07757
BAD root_position: -0.07755
BAD root_position: -0.07772
BAD root_position: -0.07819
BAD root_position: -0.07885
BAD root_position: -0.07960
BAD root_position: -0.08031
BAD root_position: -0.08090
BAD root_position: -0.08125
BAD root_position: -0.08130
BAD root_position: -0.08130
BAD root_position: -0.08130
BAD root_position: -0.08130
BAD root_position: -0.08131
BAD root_position: -0.08132
BAD root_position: -0.08132
BAD root_position: -0.08112
BAD root_position: -0.08063
BAD root_position: -0.07996
BAD root_position: -0.07922
BAD root_position: -0.07850
BAD root_position: -0.07794
BAD root_position: -0.07762
BAD root_position: -0.07759
BAD root_position: -0.07760
BAD root_position: -0.07761
BAD root_position: -0.07762
BAD root_position: -0.07762
BAD root_position: -0.07763
BAD root_position: -0.07764
BAD root_position: -0.07788
BAD root_position: -0.07839
BAD root_position: -0.07909
BAD root_position: -0.07985
BAD root_position: -0.08057
BAD root_position: -0.08114
BAD root_position: -0.08145
BAD root_position: -0.08148
BAD root_position: -0.08149
BAD root_position: -0.08149
BAD root_position: -0.08150
BAD root_position: -0.08150
BAD root_position: -0.08151
BAD root_position: -0.08150
BAD root_position: -0.08124
BAD root_position: -0.08071
BAD root_position: -0.08000
BAD root_position: -0.07924
BAD root_position: -0.07852
BAD root_position: -0.07796
BAD root_position: -0.07767
BAD root_position: -0.07764
BAD root_position: -0.07762
BAD root_position: -0.07761
BAD root_position: -0.07759
BAD root_position: -0.07757
BAD root_position: -0.07756
BAD root_position: -0.07756
BAD root_position: -0.07782
BAD root_position: -0.07836
BAD root_position: -0.07905
BAD root_position: -0.07979
BAD root_position: -0.08049
BAD root_position: -0.08101
BAD root_position: -0.08127
BAD root_position: -0.08128
BAD root_position: -0.08128
BAD root_position: -0.08129
BAD root_position: -0.08129
recorded 500 frames
avg lin_vel_x 0.0033
avg lin_vel_y -0.0127
avg yaw 0.0
computed xvel: 0.068, mean xvel: 0.0033
computed yvel: 0.017, mean yvel: -0.0127
computed thetavel: 0.376, mean thetavel: 0.0
DONE, saving 212_0.068_0.017_0.376.json
