<frozen importlib._bootstrap>:241: RuntimeWarning: to-Python converter for std::vector<Eigen::Matrix<double, 3, 1, 0, 3, 1>, std::allocator<Eigen::Matrix<double, 3, 1, 0, 3, 1> > > already registered; second conversion method ignored.
<frozen importlib._bootstrap>:241: RuntimeWarning: to-Python converter for boost::python::detail::container_element<std::vector<Eigen::Matrix<double, 3, 1, 0, 3, 1>, std::allocator<Eigen::Matrix<double, 3, 1, 0, 3, 1> > >, unsigned long, boost::python::detail::final_vector_derived_policies<std::vector<Eigen::Matrix<double, 3, 1, 0, 3, 1>, std::allocator<Eigen::Matrix<double, 3, 1, 0, 3, 1> > >, false> > already registered; second conversion method ignored.
<frozen importlib._bootstrap>:241: RuntimeWarning: to-Python converter for std::vector<int, std::allocator<int> > already registered; second conversion method ignored.
<frozen importlib._bootstrap>:241: RuntimeWarning: to-Python converter for std::vector<double, std::allocator<double> > already registered; second conversion method ignored.
<frozen importlib._bootstrap>:241: RuntimeWarning: to-Python converter for std::vector<std::__cxx11::basic_string<char, std::char_traits<char>, std::allocator<char> >, std::allocator<std::__cxx11::basic_string<char, std::char_traits<char>, std::allocator<char> > > > already registered; second conversion method ignored.
WARNING: Can't find trunk frames in the model, can't measure leg spacing
WARNING: Can't find head frames in the model, camera_look_at won't work
gait_parameters {'dx': 0.1, 'dy': 0.01, 'dtheta': 0.22, 'duration': 8, 'hardware': True, 'double_support_ratio': 0.25, 'startend_double_support_ratio': 1.5, 'planned_timesteps': 48, 'replan_timesteps': 10, 'walk_com_height': 0.445, 'walk_foot_height': 0.03, 'walk_trunk_pitch': -5.7, 'walk_foot_rise_ratio': 0.3, 'single_support_duration': 0.45, 'single_support_timesteps': 10, 'foot_length': 0.22, 'feet_spacing': 0.114, 'zmp_margin': 0.02, 'foot_zmp_target_x': 0.0, 'foot_zmp_target_y': 0.0, 'walk_max_dtheta': 1.0, 'walk_max_dy': 0.04, 'walk_max_dx_forward': 0.1, 'walk_max_dx_backward': 0.03, 'joints': ['leg_left_ankle_roll_joint', 'leg_left_ankle_pitch_joint', 'leg_left_knee_pitch_joint', 'leg_left_hip_pitch_joint', 'leg_left_hip_yaw_joint', 'leg_left_hip_roll_joint', 'leg_right_ankle_roll_joint', 'leg_right_ankle_pitch_joint', 'leg_right_knee_pitch_joint', 'leg_right_hip_pitch_joint', 'leg_right_hip_yaw_joint', 'leg_right_hip_roll_joint', 'left_wrist_attachment_joint', 'left_fore_arm_joint', 'left_upper_arm_joint', 'left_shoulder_joint', 'right_wrist_attachment_joint', 'right_fore_arm_joint', 'right_upper_arm_joint', 'right_shoulder_joint'], 'joint_angles': {'left_wrist_attachment_joint': 30, 'left_fore_arm_joint': 0, 'left_upper_arm_joint': 0, 'left_shoulder_joint': 0, 'right_wrist_attachment_joint': -30, 'right_fore_arm_joint': 0, 'right_upper_arm_joint': 0, 'right_shoulder_joint': 0}}
Placing the robot in the initial position...
Initial position reached
{'leg_left_ankle_roll_joint': 0.022099556732784343, 'leg_left_ankle_pitch_joint': -0.5110157238869775, 'leg_left_knee_pitch_joint': 0.9611442055335889, 'leg_left_hip_pitch_joint': -0.3513545361653094, 'leg_left_hip_yaw_joint': -0.05856236841934315, 'leg_left_hip_roll_joint': -0.014022256174822247, 'leg_right_ankle_roll_joint': 0.02281060407874353, 'leg_right_ankle_pitch_joint': -0.5371640047421014, 'leg_right_knee_pitch_joint': 1.0461004135549867, 'leg_right_hip_pitch_joint': -0.4101837347503713, 'leg_right_hip_yaw_joint': -0.05911415987593649, 'leg_right_hip_roll_joint': -0.014479267920128524, 'left_wrist_attachment_joint': 0.5235987755982988, 'left_fore_arm_joint': 8.411077355167917e-25, 'left_upper_arm_joint': -1.315356974704964e-24, 'left_shoulder_joint': -1.282420354091485e-24, 'right_wrist_attachment_joint': -0.5235987755982988, 'right_fore_arm_joint': -7.972101677761653e-25, 'right_upper_arm_joint': 1.3105922836262353e-24, 'right_shoulder_joint': 1.750187856525725e-24}
## period: 1.17
You can open the visualizer by visiting the following URL:
http://127.0.0.1:7008/static/
Viewer URL: http://127.0.0.1:7008/static/
BAD root_position: -0.07788
BAD root_position: -0.07788
BAD root_position: -0.07788
BAD root_position: -0.07788
BAD root_position: -0.07788
BAD root_position: -0.07788
BAD root_position: -0.07788
BAD root_position: -0.07788
BAD root_position: -0.07788
BAD root_position: -0.07788
BAD root_position: -0.07788
BAD root_position: -0.07788
BAD root_position: -0.07788
BAD root_position: -0.07788
BAD root_position: -0.07788
BAD root_position: -0.07788
BAD root_position: -0.07788
BAD root_position: -0.07788
BAD root_position: -0.07788
BAD root_position: -0.07788
BAD root_position: -0.07788
BAD root_position: -0.07788
BAD root_position: -0.07788
BAD root_position: -0.07788
BAD root_position: -0.07788
BAD root_position: -0.07788
BAD root_position: -0.07787
BAD root_position: -0.07787
BAD root_position: -0.07787
BAD root_position: -0.07787
BAD root_position: -0.07787
BAD root_position: -0.07787
BAD root_position: -0.07788
BAD root_position: -0.07812
BAD root_position: -0.07861
BAD root_position: -0.07926
BAD root_position: -0.07998
BAD root_position: -0.08067
BAD root_position: -0.08124
BAD root_position: -0.08159
BAD root_position: -0.08166
BAD root_position: -0.08166
BAD root_position: -0.08166
BAD root_position: -0.08166
BAD root_position: -0.08166
BAD root_position: -0.08166
BAD root_position: -0.08166
BAD root_position: -0.08160
BAD root_position: -0.08122
BAD root_position: -0.08062
BAD root_position: -0.07989
BAD root_position: -0.07914
BAD root_position: -0.07849
BAD root_position: -0.07803
BAD root_position: -0.07788
BAD root_position: -0.07788
BAD root_position: -0.07788
BAD root_position: -0.07787
BAD root_position: -0.07787
BAD root_position: -0.07787
BAD root_position: -0.07787
BAD root_position: -0.07795
BAD root_position: -0.07834
BAD root_position: -0.07896
BAD root_position: -0.07969
BAD root_position: -0.08044
BAD root_position: -0.08109
BAD root_position: -0.08154
BAD root_position: -0.08167
BAD root_position: -0.08168
BAD root_position: -0.08168
BAD root_position: -0.08169
BAD root_position: -0.08170
BAD root_position: -0.08170
BAD root_position: -0.08171
BAD root_position: -0.08161
BAD root_position: -0.08120
BAD root_position: -0.08056
BAD root_position: -0.07982
BAD root_position: -0.07907
BAD root_position: -0.07843
BAD root_position: -0.07801
BAD root_position: -0.07789
BAD root_position: -0.07788
BAD root_position: -0.07788
BAD root_position: -0.07787
BAD root_position: -0.07786
BAD root_position: -0.07786
BAD root_position: -0.07785
BAD root_position: -0.07796
BAD root_position: -0.07838
BAD root_position: -0.07902
BAD root_position: -0.07976
BAD root_position: -0.08050
BAD root_position: -0.08112
BAD root_position: -0.08153
BAD root_position: -0.08163
BAD root_position: -0.08164
BAD root_position: -0.08165
BAD root_position: -0.08166
BAD root_position: -0.08167
BAD root_position: -0.08168
BAD root_position: -0.08168
BAD root_position: -0.08155
BAD root_position: -0.08110
BAD root_position: -0.08045
BAD root_position: -0.07970
BAD root_position: -0.07897
BAD root_position: -0.07835
BAD root_position: -0.07797
BAD root_position: -0.07789
BAD root_position: -0.07788
BAD root_position: -0.07787
BAD root_position: -0.07787
BAD root_position: -0.07786
BAD root_position: -0.07785
BAD root_position: -0.07784
BAD root_position: -0.07800
BAD root_position: -0.07846
BAD root_position: -0.07912
BAD root_position: -0.07987
BAD root_position: -0.08060
BAD root_position: -0.08120
BAD root_position: -0.08157
BAD root_position: -0.08164
BAD root_position: -0.08165
BAD root_position: -0.08166
BAD root_position: -0.08167
BAD root_position: -0.08168
BAD root_position: -0.08169
BAD root_position: -0.08170
BAD root_position: -0.08152
BAD root_position: -0.08104
BAD root_position: -0.08037
BAD root_position: -0.07961
BAD root_position: -0.07889
BAD root_position: -0.07830
BAD root_position: -0.07795
BAD root_position: -0.07790
BAD root_position: -0.07789
BAD root_position: -0.07788
BAD root_position: -0.07787
BAD root_position: -0.07786
BAD root_position: -0.07785
BAD root_position: -0.07784
BAD root_position: -0.07805
BAD root_position: -0.07854
BAD root_position: -0.07922
BAD root_position: -0.07997
BAD root_position: -0.08068
BAD root_position: -0.08126
BAD root_position: -0.08158
BAD root_position: -0.08162
BAD root_position: -0.08163
BAD root_position: -0.08164
BAD root_position: -0.08165
BAD root_position: -0.08166
BAD root_position: -0.08167
BAD root_position: -0.08167
BAD root_position: -0.08144
BAD root_position: -0.08092
BAD root_position: -0.08023
BAD root_position: -0.07948
BAD root_position: -0.07877
BAD root_position: -0.07821
BAD root_position: -0.07791
BAD root_position: -0.07788
BAD root_position: -0.07788
BAD root_position: -0.07787
BAD root_position: -0.07787
BAD root_position: -0.07786
BAD root_position: -0.07786
BAD root_position: -0.07786
BAD root_position: -0.07812
BAD root_position: -0.07865
BAD root_position: -0.07934
BAD root_position: -0.08010
BAD root_position: -0.08080
BAD root_position: -0.08135
BAD root_position: -0.08163
BAD root_position: -0.08166
BAD root_position: -0.08167
BAD root_position: -0.08168
BAD root_position: -0.08169
BAD root_position: -0.08170
BAD root_position: -0.08171
BAD root_position: -0.08170
BAD root_position: -0.08142
BAD root_position: -0.08088
BAD root_position: -0.08017
BAD root_position: -0.07941
BAD root_position: -0.07871
BAD root_position: -0.07820
BAD root_position: -0.07793
BAD root_position: -0.07790
BAD root_position: -0.07789
BAD root_position: -0.07788
BAD root_position: -0.07787
BAD root_position: -0.07786
BAD root_position: -0.07785
BAD root_position: -0.07784
BAD root_position: -0.07798
BAD root_position: -0.07840
BAD root_position: -0.07900
BAD root_position: -0.07970
BAD root_position: -0.08041
BAD root_position: -0.08102
BAD root_position: -0.08145
BAD root_position: -0.08160
BAD root_position: -0.08161
BAD root_position: -0.08162
BAD root_position: -0.08163
BAD root_position: -0.08164
BAD root_position: -0.08165
BAD root_position: -0.08166
BAD root_position: -0.08165
BAD root_position: -0.08139
BAD root_position: -0.08088
BAD root_position: -0.08023
BAD root_position: -0.07951
BAD root_position: -0.07883
BAD root_position: -0.07827
BAD root_position: -0.07794
BAD root_position: -0.07788
BAD root_position: -0.07788
BAD root_position: -0.07788
BAD root_position: -0.07787
BAD root_position: -0.07787
BAD root_position: -0.07787
BAD root_position: -0.07786
BAD root_position: -0.07794
BAD root_position: -0.07830
BAD root_position: -0.07888
BAD root_position: -0.07957
BAD root_position: -0.08029
BAD root_position: -0.08094
BAD root_position: -0.08142
BAD root_position: -0.08166
BAD root_position: -0.08167
BAD root_position: -0.08168
BAD root_position: -0.08169
BAD root_position: -0.08170
BAD root_position: -0.08171
BAD root_position: -0.08172
BAD root_position: -0.08173
BAD root_position: -0.08155
BAD root_position: -0.08109
BAD root_position: -0.08046
BAD root_position: -0.07974
BAD root_position: -0.07904
BAD root_position: -0.07843
BAD root_position: -0.07803
BAD root_position: -0.07791
BAD root_position: -0.07790
BAD root_position: -0.07789
BAD root_position: -0.07788
BAD root_position: -0.07786
BAD root_position: -0.07785
BAD root_position: -0.07784
BAD root_position: -0.07786
BAD root_position: -0.07815
BAD root_position: -0.07867
BAD root_position: -0.07934
BAD root_position: -0.08005
BAD root_position: -0.08072
BAD root_position: -0.08125
BAD root_position: -0.08155
BAD root_position: -0.08159
BAD root_position: -0.08160
BAD root_position: -0.08161
BAD root_position: -0.08162
BAD root_position: -0.08163
BAD root_position: -0.08164
BAD root_position: -0.08165
BAD root_position: -0.08155
BAD root_position: -0.08115
BAD root_position: -0.08056
BAD root_position: -0.07986
BAD root_position: -0.07915
BAD root_position: -0.07852
BAD root_position: -0.07807
BAD root_position: -0.07788
BAD root_position: -0.07788
BAD root_position: -0.07788
BAD root_position: -0.07788
BAD root_position: -0.07788
BAD root_position: -0.07787
BAD root_position: -0.07787
BAD root_position: -0.07787
BAD root_position: -0.07810
BAD root_position: -0.07858
BAD root_position: -0.07923
BAD root_position: -0.07994
BAD root_position: -0.08064
BAD root_position: -0.08122
BAD root_position: -0.08159
BAD root_position: -0.08168
BAD root_position: -0.08169
BAD root_position: -0.08170
BAD root_position: -0.08171
BAD root_position: -0.08173
BAD root_position: -0.08174
BAD root_position: -0.08174
BAD root_position: -0.08170
BAD root_position: -0.08136
BAD root_position: -0.08081
BAD root_position: -0.08012
BAD root_position: -0.07939
BAD root_position: -0.07873
BAD root_position: -0.07821
BAD root_position: -0.07794
BAD root_position: -0.07791
BAD root_position: -0.07790
BAD root_position: -0.07788
BAD root_position: -0.07787
BAD root_position: -0.07785
BAD root_position: -0.07784
BAD root_position: -0.07782
BAD root_position: -0.07796
BAD root_position: -0.07838
BAD root_position: -0.07898
BAD root_position: -0.07968
BAD root_position: -0.08039
BAD root_position: -0.08100
BAD root_position: -0.08142
BAD root_position: -0.08158
BAD root_position: -0.08158
BAD root_position: -0.08159
BAD root_position: -0.08160
BAD root_position: -0.08161
BAD root_position: -0.08162
BAD root_position: -0.08163
BAD root_position: -0.08162
BAD root_position: -0.08137
BAD root_position: -0.08086
BAD root_position: -0.08021
BAD root_position: -0.07949
BAD root_position: -0.07881
BAD root_position: -0.07826
BAD root_position: -0.07793
BAD root_position: -0.07788
BAD root_position: -0.07788
BAD root_position: -0.07788
BAD root_position: -0.07788
BAD root_position: -0.07788
BAD root_position: -0.07788
BAD root_position: -0.07788
BAD root_position: -0.07796
BAD root_position: -0.07832
BAD root_position: -0.07890
BAD root_position: -0.07959
BAD root_position: -0.08031
BAD root_position: -0.08096
BAD root_position: -0.08145
BAD root_position: -0.08169
BAD root_position: -0.08170
BAD root_position: -0.08171
BAD root_position: -0.08172
BAD root_position: -0.08174
BAD root_position: -0.08175
BAD root_position: -0.08175
BAD root_position: -0.08176
BAD root_position: -0.08158
BAD root_position: -0.08112
BAD root_position: -0.08048
BAD root_position: -0.07976
BAD root_position: -0.07906
BAD root_position: -0.07845
BAD root_position: -0.07804
BAD root_position: -0.07792
BAD root_position: -0.07791
BAD root_position: -0.07789
BAD root_position: -0.07788
BAD root_position: -0.07786
BAD root_position: -0.07784
BAD root_position: -0.07783
BAD root_position: -0.07785
BAD root_position: -0.07814
BAD root_position: -0.07866
BAD root_position: -0.07932
BAD root_position: -0.08003
BAD root_position: -0.08070
BAD root_position: -0.08123
BAD root_position: -0.08153
BAD root_position: -0.08157
BAD root_position: -0.08157
BAD root_position: -0.08158
BAD root_position: -0.08159
BAD root_position: -0.08160
BAD root_position: -0.08161
BAD root_position: -0.08163
BAD root_position: -0.08152
BAD root_position: -0.08111
BAD root_position: -0.08047
BAD root_position: -0.07974
BAD root_position: -0.07900
BAD root_position: -0.07838
BAD root_position: -0.07797
BAD root_position: -0.07788
BAD root_position: -0.07788
BAD root_position: -0.07788
BAD root_position: -0.07788
BAD root_position: -0.07789
BAD root_position: -0.07789
BAD root_position: -0.07789
BAD root_position: -0.07802
BAD root_position: -0.07846
BAD root_position: -0.07911
BAD root_position: -0.07986
BAD root_position: -0.08060
BAD root_position: -0.08123
BAD root_position: -0.08162
BAD root_position: -0.08172
BAD root_position: -0.08173
BAD root_position: -0.08174
BAD root_position: -0.08175
BAD root_position: -0.08176
BAD root_position: -0.08177
BAD root_position: -0.08178
BAD root_position: -0.08162
BAD root_position: -0.08116
BAD root_position: -0.08050
BAD root_position: -0.07974
BAD root_position: -0.07900
BAD root_position: -0.07838
BAD root_position: -0.07800
BAD root_position: -0.07792
BAD root_position: -0.07790
BAD root_position: -0.07789
BAD root_position: -0.07787
BAD root_position: -0.07785
BAD root_position: -0.07783
BAD root_position: -0.07781
BAD root_position: -0.07798
BAD root_position: -0.07844
BAD root_position: -0.07910
BAD root_position: -0.07984
BAD root_position: -0.08056
BAD root_position: -0.08115
BAD root_position: -0.08150
BAD root_position: -0.08155
BAD root_position: -0.08156
BAD root_position: -0.08157
BAD root_position: -0.08158
BAD root_position: -0.08159
BAD root_position: -0.08160
BAD root_position: -0.08161
BAD root_position: -0.08142
BAD root_position: -0.08093
BAD root_position: -0.08026
BAD root_position: -0.07951
BAD root_position: -0.07880
BAD root_position: -0.07823
BAD root_position: -0.07790
BAD root_position: -0.07787
BAD root_position: -0.07788
BAD root_position: -0.07788
BAD root_position: -0.07788
BAD root_position: -0.07789
BAD root_position: -0.07789
BAD root_position: -0.07789
BAD root_position: -0.07813
BAD root_position: -0.07864
BAD root_position: -0.07933
BAD root_position: -0.08009
BAD root_position: -0.08081
BAD root_position: -0.08138
BAD root_position: -0.08170
BAD root_position: -0.08173
BAD root_position: -0.08174
BAD root_position: -0.08176
BAD root_position: -0.08177
BAD root_position: -0.08177
BAD root_position: -0.08178
BAD root_position: -0.08178
BAD root_position: -0.08153
BAD root_position: -0.08100
BAD root_position: -0.08029
BAD root_position: -0.07953
BAD root_position: -0.07881
BAD root_position: -0.07825
BAD root_position: -0.07795
BAD root_position: -0.07792
BAD root_position: -0.07790
BAD root_position: -0.07788
BAD root_position: -0.07786
BAD root_position: -0.07784
BAD root_position: -0.07782
BAD root_position: -0.07782
BAD root_position: -0.07808
BAD root_position: -0.07861
BAD root_position: -0.07930
BAD root_position: -0.08004
BAD root_position: -0.08073
BAD root_position: -0.08126
BAD root_position: -0.08152
BAD root_position: -0.08154
BAD root_position: -0.08155
BAD root_position: -0.08156
BAD root_position: -0.08157
recorded 500 frames
avg lin_vel_x 0.0064
avg lin_vel_y -0.0126
avg yaw 0.0
computed xvel: 0.171, mean xvel: 0.0064
computed yvel: 0.017, mean yvel: -0.0126
computed thetavel: 0.376, mean thetavel: 0.0
DONE, saving 215_0.171_0.017_0.376.json
