<frozen importlib._bootstrap>:241: RuntimeWarning: to-Python converter for std::vector<Eigen::Matrix<double, 3, 1, 0, 3, 1>, std::allocator<Eigen::Matrix<double, 3, 1, 0, 3, 1> > > already registered; second conversion method ignored.
<frozen importlib._bootstrap>:241: RuntimeWarning: to-Python converter for boost::python::detail::container_element<std::vector<Eigen::Matrix<double, 3, 1, 0, 3, 1>, std::allocator<Eigen::Matrix<double, 3, 1, 0, 3, 1> > >, unsigned long, boost::python::detail::final_vector_derived_policies<std::vector<Eigen::Matrix<double, 3, 1, 0, 3, 1>, std::allocator<Eigen::Matrix<double, 3, 1, 0, 3, 1> > >, false> > already registered; second conversion method ignored.
<frozen importlib._bootstrap>:241: RuntimeWarning: to-Python converter for std::vector<int, std::allocator<int> > already registered; second conversion method ignored.
<frozen importlib._bootstrap>:241: RuntimeWarning: to-Python converter for std::vector<double, std::allocator<double> > already registered; second conversion method ignored.
<frozen importlib._bootstrap>:241: RuntimeWarning: to-Python converter for std::vector<std::__cxx11::basic_string<char, std::char_traits<char>, std::allocator<char> >, std::allocator<std::__cxx11::basic_string<char, std::char_traits<char>, std::allocator<char> > > > already registered; second conversion method ignored.
WARNING: Can't find trunk frames in the model, can't measure leg spacing
WARNING: Can't find head frames in the model, camera_look_at won't work
gait_parameters {'dx': 0.1, 'dy': 0.03, 'dtheta': 0.22, 'duration': 8, 'hardware': True, 'double_support_ratio': 0.25, 'startend_double_support_ratio': 1.5, 'planned_timesteps': 48, 'replan_timesteps': 10, 'walk_com_height': 0.445, 'walk_foot_height': 0.03, 'walk_trunk_pitch': -5.7, 'walk_foot_rise_ratio': 0.3, 'single_support_duration': 0.45, 'single_support_timesteps': 10, 'foot_length': 0.22, 'feet_spacing': 0.114, 'zmp_margin': 0.02, 'foot_zmp_target_x': 0.0, 'foot_zmp_target_y': 0.0, 'walk_max_dtheta': 1.0, 'walk_max_dy': 0.04, 'walk_max_dx_forward': 0.1, 'walk_max_dx_backward': 0.03, 'joints': ['leg_left_ankle_roll_joint', 'leg_left_ankle_pitch_joint', 'leg_left_knee_pitch_joint', 'leg_left_hip_pitch_joint', 'leg_left_hip_yaw_joint', 'leg_left_hip_roll_joint', 'leg_right_ankle_roll_joint', 'leg_right_ankle_pitch_joint', 'leg_right_knee_pitch_joint', 'leg_right_hip_pitch_joint', 'leg_right_hip_yaw_joint', 'leg_right_hip_roll_joint', 'left_wrist_attachment_joint', 'left_fore_arm_joint', 'left_upper_arm_joint', 'left_shoulder_joint', 'right_wrist_attachment_joint', 'right_fore_arm_joint', 'right_upper_arm_joint', 'right_shoulder_joint'], 'joint_angles': {'left_wrist_attachment_joint': 30, 'left_fore_arm_joint': 0, 'left_upper_arm_joint': 0, 'left_shoulder_joint': 0, 'right_wrist_attachment_joint': -30, 'right_fore_arm_joint': 0, 'right_upper_arm_joint': 0, 'right_shoulder_joint': 0}}
Placing the robot in the initial position...
Initial position reached
{'leg_left_ankle_roll_joint': 0.021826324338108657, 'leg_left_ankle_pitch_joint': -0.5095751408139778, 'leg_left_knee_pitch_joint': 0.958196480627173, 'leg_left_hip_pitch_joint': -0.34983725787769965, 'leg_left_hip_yaw_joint': -0.05835105066790612, 'leg_left_hip_roll_joint': -0.01384875174565, 'leg_right_ankle_roll_joint': 0.022532394053041954, 'leg_right_ankle_pitch_joint': -0.5357621610525543, 'leg_right_knee_pitch_joint': 1.0432082454613871, 'leg_right_hip_pitch_joint': -0.40868299158239324, 'leg_right_hip_yaw_joint': -0.05889899709034997, 'leg_right_hip_roll_joint': -0.014302591250973997, 'left_wrist_attachment_joint': 0.5235987755982988, 'left_fore_arm_joint': -7.302803438995477e-25, 'left_upper_arm_joint': 1.313122639493072e-24, 'left_shoulder_joint': 1.3120209628293196e-24, 'right_wrist_attachment_joint': -0.5235987755982988, 'right_fore_arm_joint': 7.99510012339846e-25, 'right_upper_arm_joint': -1.4304414024341221e-24, 'right_shoulder_joint': -1.4814890649754776e-24}
## period: 1.17
You can open the visualizer by visiting the following URL:
http://127.0.0.1:7008/static/
Viewer URL: http://127.0.0.1:7008/static/
BAD root_position: -0.07775
BAD root_position: -0.07775
BAD root_position: -0.07775
BAD root_position: -0.07775
BAD root_position: -0.07775
BAD root_position: -0.07775
BAD root_position: -0.07775
BAD root_position: -0.07775
BAD root_position: -0.07775
BAD root_position: -0.07775
BAD root_position: -0.07775
BAD root_position: -0.07775
BAD root_position: -0.07775
BAD root_position: -0.07775
BAD root_position: -0.07775
BAD root_position: -0.07775
BAD root_position: -0.07775
BAD root_position: -0.07775
BAD root_position: -0.07775
BAD root_position: -0.07775
BAD root_position: -0.07775
BAD root_position: -0.07775
BAD root_position: -0.07775
BAD root_position: -0.07775
BAD root_position: -0.07775
BAD root_position: -0.07775
BAD root_position: -0.07775
BAD root_position: -0.07775
BAD root_position: -0.07775
BAD root_position: -0.07775
BAD root_position: -0.07774
BAD root_position: -0.07774
BAD root_position: -0.07775
BAD root_position: -0.07799
BAD root_position: -0.07849
BAD root_position: -0.07914
BAD root_position: -0.07985
BAD root_position: -0.08054
BAD root_position: -0.08111
BAD root_position: -0.08146
BAD root_position: -0.08153
BAD root_position: -0.08153
BAD root_position: -0.08153
BAD root_position: -0.08153
BAD root_position: -0.08153
BAD root_position: -0.08153
BAD root_position: -0.08153
BAD root_position: -0.08147
BAD root_position: -0.08110
BAD root_position: -0.08049
BAD root_position: -0.07976
BAD root_position: -0.07901
BAD root_position: -0.07836
BAD root_position: -0.07790
BAD root_position: -0.07775
BAD root_position: -0.07775
BAD root_position: -0.07775
BAD root_position: -0.07775
BAD root_position: -0.07774
BAD root_position: -0.07774
BAD root_position: -0.07773
BAD root_position: -0.07781
BAD root_position: -0.07820
BAD root_position: -0.07882
BAD root_position: -0.07955
BAD root_position: -0.08030
BAD root_position: -0.08095
BAD root_position: -0.08139
BAD root_position: -0.08152
BAD root_position: -0.08152
BAD root_position: -0.08152
BAD root_position: -0.08152
BAD root_position: -0.08153
BAD root_position: -0.08153
BAD root_position: -0.08153
BAD root_position: -0.08142
BAD root_position: -0.08101
BAD root_position: -0.08037
BAD root_position: -0.07962
BAD root_position: -0.07887
BAD root_position: -0.07823
BAD root_position: -0.07780
BAD root_position: -0.07768
BAD root_position: -0.07766
BAD root_position: -0.07765
BAD root_position: -0.07763
BAD root_position: -0.07761
BAD root_position: -0.07759
BAD root_position: -0.07757
BAD root_position: -0.07767
BAD root_position: -0.07810
BAD root_position: -0.07876
BAD root_position: -0.07954
BAD root_position: -0.08035
BAD root_position: -0.08107
BAD root_position: -0.08158
BAD root_position: -0.08179
BAD root_position: -0.08191
BAD root_position: -0.08203
BAD root_position: -0.08215
BAD root_position: -0.08226
BAD root_position: -0.08236
BAD root_position: -0.08244
BAD root_position: -0.08235
BAD root_position: -0.08189
BAD root_position: -0.08117
BAD root_position: -0.08033
BAD root_position: -0.07946
BAD root_position: -0.07871
BAD root_position: -0.07819
BAD root_position: -0.07799
BAD root_position: -0.07786
BAD root_position: -0.07773
BAD root_position: -0.07761
BAD root_position: -0.07748
BAD root_position: -0.07737
BAD root_position: -0.07726
BAD root_position: -0.07731
BAD root_position: -0.07765
BAD root_position: -0.07817
BAD root_position: -0.07880
BAD root_position: -0.07944
BAD root_position: -0.08000
BAD root_position: -0.08039
BAD root_position: -0.08052
BAD root_position: -0.08063
BAD root_position: -0.08075
BAD root_position: -0.08088
BAD root_position: -0.08102
BAD root_position: -0.08116
BAD root_position: -0.08130
BAD root_position: -0.08124
BAD root_position: -0.08088
BAD root_position: -0.08030
BAD root_position: -0.07961
BAD root_position: -0.07892
BAD root_position: -0.07834
BAD root_position: -0.07797
BAD root_position: -0.07788
BAD root_position: -0.07783
BAD root_position: -0.07778
BAD root_position: -0.07774
BAD root_position: -0.07769
BAD root_position: -0.07764
BAD root_position: -0.07759
BAD root_position: -0.07777
BAD root_position: -0.07826
BAD root_position: -0.07894
BAD root_position: -0.07973
BAD root_position: -0.08050
BAD root_position: -0.08116
BAD root_position: -0.08158
BAD root_position: -0.08172
BAD root_position: -0.08183
BAD root_position: -0.08194
BAD root_position: -0.08205
BAD root_position: -0.08215
BAD root_position: -0.08225
BAD root_position: -0.08232
BAD root_position: -0.08212
BAD root_position: -0.08159
BAD root_position: -0.08084
BAD root_position: -0.08000
BAD root_position: -0.07918
BAD root_position: -0.07850
BAD root_position: -0.07810
BAD root_position: -0.07798
BAD root_position: -0.07788
BAD root_position: -0.07778
BAD root_position: -0.07768
BAD root_position: -0.07758
BAD root_position: -0.07749
BAD root_position: -0.07741
BAD root_position: -0.07757
BAD root_position: -0.07798
BAD root_position: -0.07856
BAD root_position: -0.07921
BAD root_position: -0.07985
BAD root_position: -0.08037
BAD root_position: -0.08069
BAD root_position: -0.08079
BAD root_position: -0.08090
BAD root_position: -0.08101
BAD root_position: -0.08115
BAD root_position: -0.08128
BAD root_position: -0.08141
BAD root_position: -0.08152
BAD root_position: -0.08135
BAD root_position: -0.08089
BAD root_position: -0.08026
BAD root_position: -0.07954
BAD root_position: -0.07885
BAD root_position: -0.07832
BAD root_position: -0.07801
BAD root_position: -0.07794
BAD root_position: -0.07787
BAD root_position: -0.07781
BAD root_position: -0.07774
BAD root_position: -0.07768
BAD root_position: -0.07762
BAD root_position: -0.07756
BAD root_position: -0.07766
BAD root_position: -0.07805
BAD root_position: -0.07865
BAD root_position: -0.07937
BAD root_position: -0.08011
BAD root_position: -0.08077
BAD root_position: -0.08128
BAD root_position: -0.08151
BAD root_position: -0.08161
BAD root_position: -0.08171
BAD root_position: -0.08181
BAD root_position: -0.08191
BAD root_position: -0.08201
BAD root_position: -0.08209
BAD root_position: -0.08215
BAD root_position: -0.08193
BAD root_position: -0.08142
BAD root_position: -0.08072
BAD root_position: -0.07993
BAD root_position: -0.07917
BAD root_position: -0.07853
BAD root_position: -0.07811
BAD root_position: -0.07799
BAD root_position: -0.07793
BAD root_position: -0.07786
BAD root_position: -0.07779
BAD root_position: -0.07772
BAD root_position: -0.07765
BAD root_position: -0.07758
BAD root_position: -0.07760
BAD root_position: -0.07788
BAD root_position: -0.07835
BAD root_position: -0.07894
BAD root_position: -0.07958
BAD root_position: -0.08018
BAD root_position: -0.08066
BAD root_position: -0.08093
BAD root_position: -0.08102
BAD root_position: -0.08112
BAD root_position: -0.08122
BAD root_position: -0.08133
BAD root_position: -0.08145
BAD root_position: -0.08156
BAD root_position: -0.08167
BAD root_position: -0.08158
BAD root_position: -0.08121
BAD root_position: -0.08064
BAD root_position: -0.07995
BAD root_position: -0.07926
BAD root_position: -0.07865
BAD root_position: -0.07820
BAD root_position: -0.07802
BAD root_position: -0.07794
BAD root_position: -0.07786
BAD root_position: -0.07778
BAD root_position: -0.07770
BAD root_position: -0.07762
BAD root_position: -0.07755
BAD root_position: -0.07752
BAD root_position: -0.07776
BAD root_position: -0.07826
BAD root_position: -0.07891
BAD root_position: -0.07964
BAD root_position: -0.08033
BAD root_position: -0.08092
BAD root_position: -0.08129
BAD root_position: -0.08140
BAD root_position: -0.08149
BAD root_position: -0.08159
BAD root_position: -0.08169
BAD root_position: -0.08178
BAD root_position: -0.08188
BAD root_position: -0.08197
BAD root_position: -0.08192
BAD root_position: -0.08156
BAD root_position: -0.08096
BAD root_position: -0.08022
BAD root_position: -0.07946
BAD root_position: -0.07877
BAD root_position: -0.07826
BAD root_position: -0.07802
BAD root_position: -0.07798
BAD root_position: -0.07794
BAD root_position: -0.07790
BAD root_position: -0.07786
BAD root_position: -0.07782
BAD root_position: -0.07778
BAD root_position: -0.07774
BAD root_position: -0.07791
BAD root_position: -0.07831
BAD root_position: -0.07886
BAD root_position: -0.07950
BAD root_position: -0.08014
BAD root_position: -0.08069
BAD root_position: -0.08108
BAD root_position: -0.08123
BAD root_position: -0.08131
BAD root_position: -0.08141
BAD root_position: -0.08151
BAD root_position: -0.08161
BAD root_position: -0.08171
BAD root_position: -0.08181
BAD root_position: -0.08184
BAD root_position: -0.08159
BAD root_position: -0.08109
BAD root_position: -0.08044
BAD root_position: -0.07973
BAD root_position: -0.07904
BAD root_position: -0.07849
BAD root_position: -0.07816
BAD root_position: -0.07805
BAD root_position: -0.07795
BAD root_position: -0.07786
BAD root_position: -0.07776
BAD root_position: -0.07767
BAD root_position: -0.07758
BAD root_position: -0.07750
BAD root_position: -0.07758
BAD root_position: -0.07795
BAD root_position: -0.07852
BAD root_position: -0.07921
BAD root_position: -0.07991
BAD root_position: -0.08055
BAD root_position: -0.08102
BAD root_position: -0.08123
BAD root_position: -0.08131
BAD root_position: -0.08140
BAD root_position: -0.08149
BAD root_position: -0.08158
BAD root_position: -0.08167
BAD root_position: -0.08176
BAD root_position: -0.08183
BAD root_position: -0.08163
BAD root_position: -0.08115
BAD root_position: -0.08049
BAD root_position: -0.07975
BAD root_position: -0.07904
BAD root_position: -0.07845
BAD root_position: -0.07810
BAD root_position: -0.07803
BAD root_position: -0.07802
BAD root_position: -0.07801
BAD root_position: -0.07799
BAD root_position: -0.07798
BAD root_position: -0.07796
BAD root_position: -0.07794
BAD root_position: -0.07800
BAD root_position: -0.07831
BAD root_position: -0.07881
BAD root_position: -0.07942
BAD root_position: -0.08008
BAD root_position: -0.08069
BAD root_position: -0.08118
BAD root_position: -0.08145
BAD root_position: -0.08153
BAD root_position: -0.08161
BAD root_position: -0.08170
BAD root_position: -0.08179
BAD root_position: -0.08188
BAD root_position: -0.08197
BAD root_position: -0.08204
BAD root_position: -0.08192
BAD root_position: -0.08152
BAD root_position: -0.08092
BAD root_position: -0.08021
BAD root_position: -0.07949
BAD root_position: -0.07885
BAD root_position: -0.07839
BAD root_position: -0.07818
BAD root_position: -0.07808
BAD root_position: -0.07797
BAD root_position: -0.07786
BAD root_position: -0.07776
BAD root_position: -0.07766
BAD root_position: -0.07756
BAD root_position: -0.07751
BAD root_position: -0.07774
BAD root_position: -0.07821
BAD root_position: -0.07883
BAD root_position: -0.07952
BAD root_position: -0.08018
BAD root_position: -0.08073
BAD root_position: -0.08107
BAD root_position: -0.08116
BAD root_position: -0.08125
BAD root_position: -0.08133
BAD root_position: -0.08141
BAD root_position: -0.08150
BAD root_position: -0.08159
BAD root_position: -0.08168
BAD root_position: -0.08165
BAD root_position: -0.08128
BAD root_position: -0.08068
BAD root_position: -0.07995
BAD root_position: -0.07921
BAD root_position: -0.07858
BAD root_position: -0.07817
BAD root_position: -0.07808
BAD root_position: -0.07810
BAD root_position: -0.07812
BAD root_position: -0.07813
BAD root_position: -0.07815
BAD root_position: -0.07815
BAD root_position: -0.07816
BAD root_position: -0.07828
BAD root_position: -0.07867
BAD root_position: -0.07925
BAD root_position: -0.07993
BAD root_position: -0.08062
BAD root_position: -0.08122
BAD root_position: -0.08163
BAD root_position: -0.08178
BAD root_position: -0.08185
BAD root_position: -0.08193
BAD root_position: -0.08202
BAD root_position: -0.08210
BAD root_position: -0.08217
BAD root_position: -0.08224
BAD root_position: -0.08214
BAD root_position: -0.08172
BAD root_position: -0.08108
BAD root_position: -0.08032
BAD root_position: -0.07956
BAD root_position: -0.07889
BAD root_position: -0.07843
BAD root_position: -0.07826
BAD root_position: -0.07813
BAD root_position: -0.07801
BAD root_position: -0.07789
BAD root_position: -0.07777
BAD root_position: -0.07766
BAD root_position: -0.07756
BAD root_position: -0.07765
BAD root_position: -0.07805
BAD root_position: -0.07864
BAD root_position: -0.07933
BAD root_position: -0.08003
BAD root_position: -0.08061
BAD root_position: -0.08099
BAD root_position: -0.08109
BAD root_position: -0.08116
BAD root_position: -0.08123
BAD root_position: -0.08132
BAD root_position: -0.08140
BAD root_position: -0.08150
BAD root_position: -0.08159
BAD root_position: -0.08147
BAD root_position: -0.08104
BAD root_position: -0.08041
BAD root_position: -0.07969
BAD root_position: -0.07899
BAD root_position: -0.07844
BAD root_position: -0.07814
BAD root_position: -0.07814
BAD root_position: -0.07818
BAD root_position: -0.07822
BAD root_position: -0.07826
BAD root_position: -0.07830
BAD root_position: -0.07834
BAD root_position: -0.07837
BAD root_position: -0.07860
BAD root_position: -0.07907
BAD root_position: -0.07970
BAD root_position: -0.08040
BAD root_position: -0.08108
BAD root_position: -0.08164
BAD root_position: -0.08198
BAD root_position: -0.08207
BAD root_position: -0.08214
BAD root_position: -0.08221
BAD root_position: -0.08228
BAD root_position: -0.08233
BAD root_position: -0.08239
BAD root_position: -0.08243
BAD root_position: -0.08221
BAD root_position: -0.08171
BAD root_position: -0.08101
BAD root_position: -0.08023
BAD root_position: -0.07948
BAD root_position: -0.07886
BAD root_position: -0.07848
BAD root_position: -0.07833
BAD root_position: -0.07820
BAD root_position: -0.07807
BAD root_position: -0.07795
BAD root_position: -0.07783
BAD root_position: -0.07772
BAD root_position: -0.07764
BAD root_position: -0.07782
BAD root_position: -0.07827
BAD root_position: -0.07888
BAD root_position: -0.07957
BAD root_position: -0.08022
BAD root_position: -0.08074
BAD root_position: -0.08102
BAD root_position: -0.08108
BAD root_position: -0.08114
BAD root_position: -0.08121
BAD root_position: -0.08129
recorded 500 frames
avg lin_vel_x 0.0358
avg lin_vel_y 0.0547
avg yaw 0.0005
computed xvel: 0.171, mean xvel: 0.0358
computed yvel: 0.051, mean yvel: 0.0547
computed thetavel: 0.376, mean thetavel: 0.0005
DONE, saving 223_0.171_0.051_0.376.json
