<frozen importlib._bootstrap>:241: RuntimeWarning: to-Python converter for std::vector<Eigen::Matrix<double, 3, 1, 0, 3, 1>, std::allocator<Eigen::Matrix<double, 3, 1, 0, 3, 1> > > already registered; second conversion method ignored.
<frozen importlib._bootstrap>:241: RuntimeWarning: to-Python converter for boost::python::detail::container_element<std::vector<Eigen::Matrix<double, 3, 1, 0, 3, 1>, std::allocator<Eigen::Matrix<double, 3, 1, 0, 3, 1> > >, unsigned long, boost::python::detail::final_vector_derived_policies<std::vector<Eigen::Matrix<double, 3, 1, 0, 3, 1>, std::allocator<Eigen::Matrix<double, 3, 1, 0, 3, 1> > >, false> > already registered; second conversion method ignored.
<frozen importlib._bootstrap>:241: RuntimeWarning: to-Python converter for std::vector<int, std::allocator<int> > already registered; second conversion method ignored.
<frozen importlib._bootstrap>:241: RuntimeWarning: to-Python converter for std::vector<double, std::allocator<double> > already registered; second conversion method ignored.
<frozen importlib._bootstrap>:241: RuntimeWarning: to-Python converter for std::vector<std::__cxx11::basic_string<char, std::char_traits<char>, std::allocator<char> >, std::allocator<std::__cxx11::basic_string<char, std::char_traits<char>, std::allocator<char> > > > already registered; second conversion method ignored.
WARNING: Can't find trunk frames in the model, can't measure leg spacing
WARNING: Can't find head frames in the model, camera_look_at won't work
gait_parameters {'dx': 0.1, 'dy': 0.01, 'dtheta': -0.2, 'duration': 8, 'hardware': True, 'double_support_ratio': 0.25, 'startend_double_support_ratio': 1.5, 'planned_timesteps': 48, 'replan_timesteps': 10, 'walk_com_height': 0.445, 'walk_foot_height': 0.03, 'walk_trunk_pitch': -5.7, 'walk_foot_rise_ratio': 0.3, 'single_support_duration': 0.45, 'single_support_timesteps': 10, 'foot_length': 0.22, 'feet_spacing': 0.114, 'zmp_margin': 0.02, 'foot_zmp_target_x': 0.0, 'foot_zmp_target_y': 0.0, 'walk_max_dtheta': 1.0, 'walk_max_dy': 0.04, 'walk_max_dx_forward': 0.1, 'walk_max_dx_backward': 0.03, 'joints': ['leg_left_ankle_roll_joint', 'leg_left_ankle_pitch_joint', 'leg_left_knee_pitch_joint', 'leg_left_hip_pitch_joint', 'leg_left_hip_yaw_joint', 'leg_left_hip_roll_joint', 'leg_right_ankle_roll_joint', 'leg_right_ankle_pitch_joint', 'leg_right_knee_pitch_joint', 'leg_right_hip_pitch_joint', 'leg_right_hip_yaw_joint', 'leg_right_hip_roll_joint', 'left_wrist_attachment_joint', 'left_fore_arm_joint', 'left_upper_arm_joint', 'left_shoulder_joint', 'right_wrist_attachment_joint', 'right_fore_arm_joint', 'right_upper_arm_joint', 'right_shoulder_joint'], 'joint_angles': {'left_wrist_attachment_joint': 30, 'left_fore_arm_joint': 0, 'left_upper_arm_joint': 0, 'left_shoulder_joint': 0, 'right_wrist_attachment_joint': -30, 'right_fore_arm_joint': 0, 'right_upper_arm_joint': 0, 'right_shoulder_joint': 0}}
Placing the robot in the initial position...
Initial position reached
{'leg_left_ankle_roll_joint': 0.021761155542779954, 'leg_left_ankle_pitch_joint': -0.5098023965513697, 'leg_left_knee_pitch_joint': 0.9586694402454787, 'leg_left_hip_pitch_joint': -0.3500805495508706, 'leg_left_hip_yaw_joint': -0.05830064890608423, 'leg_left_hip_roll_joint': -0.013807369750605591, 'leg_right_ankle_roll_joint': 0.022466200884080804, 'leg_right_ankle_pitch_joint': -0.5359512084369319, 'leg_right_knee_pitch_joint': 1.0436068571683976, 'leg_right_hip_pitch_joint': -0.4088900826462213, 'leg_right_hip_yaw_joint': -0.05884780417665803, 'leg_right_hip_roll_joint': -0.014260556084436795, 'left_wrist_attachment_joint': 0.5235987755982988, 'left_fore_arm_joint': -1.0149440942460658e-23, 'left_upper_arm_joint': 1.4012857496747926e-23, 'left_shoulder_joint': 2.0112451338003245e-23, 'right_wrist_attachment_joint': -0.5235987755982988, 'right_fore_arm_joint': 1.2124827986068723e-23, 'right_upper_arm_joint': -1.630699849121833e-23, 'right_shoulder_joint': -2.0177075262581612e-23}
## period: 1.17
You can open the visualizer by visiting the following URL:
http://127.0.0.1:7008/static/
Viewer URL: http://127.0.0.1:7008/static/
BAD root_position: -0.07778
BAD root_position: -0.07778
BAD root_position: -0.07778
BAD root_position: -0.07778
BAD root_position: -0.07778
BAD root_position: -0.07778
BAD root_position: -0.07778
BAD root_position: -0.07778
BAD root_position: -0.07778
BAD root_position: -0.07778
BAD root_position: -0.07778
BAD root_position: -0.07778
BAD root_position: -0.07778
BAD root_position: -0.07778
BAD root_position: -0.07778
BAD root_position: -0.07778
BAD root_position: -0.07778
BAD root_position: -0.07778
BAD root_position: -0.07778
BAD root_position: -0.07778
BAD root_position: -0.07778
BAD root_position: -0.07778
BAD root_position: -0.07778
BAD root_position: -0.07778
BAD root_position: -0.07778
BAD root_position: -0.07778
BAD root_position: -0.07778
BAD root_position: -0.07778
BAD root_position: -0.07778
BAD root_position: -0.07778
BAD root_position: -0.07777
BAD root_position: -0.07777
BAD root_position: -0.07778
BAD root_position: -0.07802
BAD root_position: -0.07851
BAD root_position: -0.07917
BAD root_position: -0.07988
BAD root_position: -0.08057
BAD root_position: -0.08114
BAD root_position: -0.08149
BAD root_position: -0.08156
BAD root_position: -0.08156
BAD root_position: -0.08156
BAD root_position: -0.08156
BAD root_position: -0.08156
BAD root_position: -0.08156
BAD root_position: -0.08156
BAD root_position: -0.08150
BAD root_position: -0.08113
BAD root_position: -0.08052
BAD root_position: -0.07979
BAD root_position: -0.07904
BAD root_position: -0.07839
BAD root_position: -0.07793
BAD root_position: -0.07778
BAD root_position: -0.07778
BAD root_position: -0.07778
BAD root_position: -0.07777
BAD root_position: -0.07777
BAD root_position: -0.07777
BAD root_position: -0.07776
BAD root_position: -0.07784
BAD root_position: -0.07823
BAD root_position: -0.07884
BAD root_position: -0.07958
BAD root_position: -0.08032
BAD root_position: -0.08097
BAD root_position: -0.08141
BAD root_position: -0.08155
BAD root_position: -0.08155
BAD root_position: -0.08155
BAD root_position: -0.08155
BAD root_position: -0.08155
BAD root_position: -0.08155
BAD root_position: -0.08155
BAD root_position: -0.08144
BAD root_position: -0.08103
BAD root_position: -0.08039
BAD root_position: -0.07964
BAD root_position: -0.07889
BAD root_position: -0.07824
BAD root_position: -0.07781
BAD root_position: -0.07768
BAD root_position: -0.07766
BAD root_position: -0.07764
BAD root_position: -0.07762
BAD root_position: -0.07760
BAD root_position: -0.07757
BAD root_position: -0.07754
BAD root_position: -0.07764
BAD root_position: -0.07807
BAD root_position: -0.07874
BAD root_position: -0.07953
BAD root_position: -0.08035
BAD root_position: -0.08109
BAD root_position: -0.08163
BAD root_position: -0.08186
BAD root_position: -0.08201
BAD root_position: -0.08215
BAD root_position: -0.08229
BAD root_position: -0.08242
BAD root_position: -0.08254
BAD root_position: -0.08264
BAD root_position: -0.08255
BAD root_position: -0.08210
BAD root_position: -0.08138
BAD root_position: -0.08053
BAD root_position: -0.07965
BAD root_position: -0.07889
BAD root_position: -0.07835
BAD root_position: -0.07813
BAD root_position: -0.07798
BAD root_position: -0.07783
BAD root_position: -0.07768
BAD root_position: -0.07754
BAD root_position: -0.07740
BAD root_position: -0.07728
BAD root_position: -0.07732
BAD root_position: -0.07764
BAD root_position: -0.07815
BAD root_position: -0.07876
BAD root_position: -0.07938
BAD root_position: -0.07992
BAD root_position: -0.08028
BAD root_position: -0.08039
BAD root_position: -0.08048
BAD root_position: -0.08058
BAD root_position: -0.08069
BAD root_position: -0.08081
BAD root_position: -0.08093
BAD root_position: -0.08105
BAD root_position: -0.08099
BAD root_position: -0.08062
BAD root_position: -0.08005
BAD root_position: -0.07938
BAD root_position: -0.07871
BAD root_position: -0.07815
BAD root_position: -0.07782
BAD root_position: -0.07776
BAD root_position: -0.07775
BAD root_position: -0.07774
BAD root_position: -0.07773
BAD root_position: -0.07772
BAD root_position: -0.07770
BAD root_position: -0.07769
BAD root_position: -0.07789
BAD root_position: -0.07841
BAD root_position: -0.07913
BAD root_position: -0.07995
BAD root_position: -0.08077
BAD root_position: -0.08147
BAD root_position: -0.08194
BAD root_position: -0.08211
BAD root_position: -0.08226
BAD root_position: -0.08241
BAD root_position: -0.08254
BAD root_position: -0.08267
BAD root_position: -0.08277
BAD root_position: -0.08285
BAD root_position: -0.08264
BAD root_position: -0.08208
BAD root_position: -0.08130
BAD root_position: -0.08042
BAD root_position: -0.07955
BAD root_position: -0.07882
BAD root_position: -0.07835
BAD root_position: -0.07817
BAD root_position: -0.07800
BAD root_position: -0.07783
BAD root_position: -0.07765
BAD root_position: -0.07749
BAD root_position: -0.07733
BAD root_position: -0.07720
BAD root_position: -0.07731
BAD root_position: -0.07767
BAD root_position: -0.07820
BAD root_position: -0.07881
BAD root_position: -0.07940
BAD root_position: -0.07988
BAD root_position: -0.08017
BAD root_position: -0.08025
BAD root_position: -0.08033
BAD root_position: -0.08043
BAD root_position: -0.08056
BAD root_position: -0.08069
BAD root_position: -0.08082
BAD root_position: -0.08093
BAD root_position: -0.08078
BAD root_position: -0.08036
BAD root_position: -0.07977
BAD root_position: -0.07910
BAD root_position: -0.07847
BAD root_position: -0.07800
BAD root_position: -0.07777
BAD root_position: -0.07776
BAD root_position: -0.07777
BAD root_position: -0.07778
BAD root_position: -0.07779
BAD root_position: -0.07779
BAD root_position: -0.07780
BAD root_position: -0.07779
BAD root_position: -0.07795
BAD root_position: -0.07839
BAD root_position: -0.07905
BAD root_position: -0.07982
BAD root_position: -0.08062
BAD root_position: -0.08136
BAD root_position: -0.08192
BAD root_position: -0.08221
BAD root_position: -0.08236
BAD root_position: -0.08250
BAD root_position: -0.08263
BAD root_position: -0.08276
BAD root_position: -0.08287
BAD root_position: -0.08296
BAD root_position: -0.08302
BAD root_position: -0.08276
BAD root_position: -0.08220
BAD root_position: -0.08143
BAD root_position: -0.08057
BAD root_position: -0.07971
BAD root_position: -0.07897
BAD root_position: -0.07845
BAD root_position: -0.07821
BAD root_position: -0.07803
BAD root_position: -0.07784
BAD root_position: -0.07765
BAD root_position: -0.07748
BAD root_position: -0.07731
BAD root_position: -0.07716
BAD root_position: -0.07710
BAD root_position: -0.07731
BAD root_position: -0.07771
BAD root_position: -0.07823
BAD root_position: -0.07879
BAD root_position: -0.07933
BAD root_position: -0.07976
BAD root_position: -0.07999
BAD root_position: -0.08006
BAD root_position: -0.08014
BAD root_position: -0.08024
BAD root_position: -0.08035
BAD root_position: -0.08047
BAD root_position: -0.08060
BAD root_position: -0.08073
BAD root_position: -0.08068
BAD root_position: -0.08036
BAD root_position: -0.07987
BAD root_position: -0.07927
BAD root_position: -0.07866
BAD root_position: -0.07816
BAD root_position: -0.07780
BAD root_position: -0.07772
BAD root_position: -0.07774
BAD root_position: -0.07776
BAD root_position: -0.07779
BAD root_position: -0.07781
BAD root_position: -0.07784
BAD root_position: -0.07786
BAD root_position: -0.07791
BAD root_position: -0.07823
BAD root_position: -0.07881
BAD root_position: -0.07954
BAD root_position: -0.08035
BAD root_position: -0.08113
BAD root_position: -0.08180
BAD root_position: -0.08225
BAD root_position: -0.08243
BAD root_position: -0.08258
BAD root_position: -0.08272
BAD root_position: -0.08285
BAD root_position: -0.08296
BAD root_position: -0.08306
BAD root_position: -0.08311
BAD root_position: -0.08304
BAD root_position: -0.08261
BAD root_position: -0.08193
BAD root_position: -0.08109
BAD root_position: -0.08021
BAD root_position: -0.07938
BAD root_position: -0.07873
BAD root_position: -0.07834
BAD root_position: -0.07815
BAD root_position: -0.07794
BAD root_position: -0.07774
BAD root_position: -0.07755
BAD root_position: -0.07736
BAD root_position: -0.07720
BAD root_position: -0.07705
BAD root_position: -0.07712
BAD root_position: -0.07742
BAD root_position: -0.07788
BAD root_position: -0.07842
BAD root_position: -0.07897
BAD root_position: -0.07945
BAD root_position: -0.07979
BAD root_position: -0.07991
BAD root_position: -0.07997
BAD root_position: -0.08006
BAD root_position: -0.08016
BAD root_position: -0.08028
BAD root_position: -0.08040
BAD root_position: -0.08054
BAD root_position: -0.08062
BAD root_position: -0.08044
BAD root_position: -0.08004
BAD root_position: -0.07949
BAD root_position: -0.07890
BAD root_position: -0.07834
BAD root_position: -0.07791
BAD root_position: -0.07771
BAD root_position: -0.07774
BAD root_position: -0.07779
BAD root_position: -0.07784
BAD root_position: -0.07789
BAD root_position: -0.07794
BAD root_position: -0.07798
BAD root_position: -0.07801
BAD root_position: -0.07819
BAD root_position: -0.07866
BAD root_position: -0.07933
BAD root_position: -0.08011
BAD root_position: -0.08092
BAD root_position: -0.08167
BAD root_position: -0.08224
BAD root_position: -0.08253
BAD root_position: -0.08268
BAD root_position: -0.08282
BAD root_position: -0.08295
BAD root_position: -0.08307
BAD root_position: -0.08317
BAD root_position: -0.08326
BAD root_position: -0.08329
BAD root_position: -0.08302
BAD root_position: -0.08244
BAD root_position: -0.08166
BAD root_position: -0.08077
BAD root_position: -0.07990
BAD root_position: -0.07913
BAD root_position: -0.07859
BAD root_position: -0.07832
BAD root_position: -0.07811
BAD root_position: -0.07789
BAD root_position: -0.07768
BAD root_position: -0.07748
BAD root_position: -0.07730
BAD root_position: -0.07713
BAD root_position: -0.07706
BAD root_position: -0.07725
BAD root_position: -0.07763
BAD root_position: -0.07812
BAD root_position: -0.07866
BAD root_position: -0.07917
BAD root_position: -0.07957
BAD root_position: -0.07979
BAD root_position: -0.07985
BAD root_position: -0.07992
BAD root_position: -0.08001
BAD root_position: -0.08012
BAD root_position: -0.08024
BAD root_position: -0.08037
BAD root_position: -0.08050
BAD root_position: -0.08047
BAD root_position: -0.08021
BAD root_position: -0.07973
BAD root_position: -0.07916
BAD root_position: -0.07858
BAD root_position: -0.07809
BAD root_position: -0.07777
BAD root_position: -0.07772
BAD root_position: -0.07778
BAD root_position: -0.07785
BAD root_position: -0.07791
BAD root_position: -0.07798
BAD root_position: -0.07804
BAD root_position: -0.07809
BAD root_position: -0.07818
BAD root_position: -0.07852
BAD root_position: -0.07911
BAD root_position: -0.07985
BAD root_position: -0.08066
BAD root_position: -0.08145
BAD root_position: -0.08212
BAD root_position: -0.08257
BAD root_position: -0.08274
BAD root_position: -0.08287
BAD root_position: -0.08300
BAD root_position: -0.08313
BAD root_position: -0.08323
BAD root_position: -0.08332
BAD root_position: -0.08338
BAD root_position: -0.08329
BAD root_position: -0.08282
BAD root_position: -0.08207
BAD root_position: -0.08117
BAD root_position: -0.08023
BAD root_position: -0.07938
BAD root_position: -0.07874
BAD root_position: -0.07841
BAD root_position: -0.07818
BAD root_position: -0.07795
BAD root_position: -0.07772
BAD root_position: -0.07751
BAD root_position: -0.07732
BAD root_position: -0.07716
BAD root_position: -0.07713
BAD root_position: -0.07737
BAD root_position: -0.07779
BAD root_position: -0.07832
BAD root_position: -0.07888
BAD root_position: -0.07936
BAD root_position: -0.07969
BAD root_position: -0.07980
BAD root_position: -0.07986
BAD root_position: -0.07994
BAD root_position: -0.08004
BAD root_position: -0.08016
BAD root_position: -0.08029
BAD root_position: -0.08043
BAD root_position: -0.08044
BAD root_position: -0.08016
BAD root_position: -0.07968
BAD root_position: -0.07911
BAD root_position: -0.07853
BAD root_position: -0.07806
BAD root_position: -0.07780
BAD root_position: -0.07782
BAD root_position: -0.07791
BAD root_position: -0.07799
BAD root_position: -0.07808
BAD root_position: -0.07816
BAD root_position: -0.07824
BAD root_position: -0.07831
BAD root_position: -0.07854
BAD root_position: -0.07908
BAD root_position: -0.07981
BAD root_position: -0.08065
BAD root_position: -0.08149
BAD root_position: -0.08221
BAD root_position: -0.08271
BAD root_position: -0.08291
BAD root_position: -0.08305
BAD root_position: -0.08318
BAD root_position: -0.08330
BAD root_position: -0.08340
BAD root_position: -0.08348
BAD root_position: -0.08353
BAD root_position: -0.08332
BAD root_position: -0.08275
BAD root_position: -0.08194
BAD root_position: -0.08103
BAD root_position: -0.08012
BAD root_position: -0.07933
BAD root_position: -0.07879
BAD root_position: -0.07854
BAD root_position: -0.07831
BAD root_position: -0.07808
BAD root_position: -0.07786
BAD root_position: -0.07765
BAD root_position: -0.07746
BAD root_position: -0.07730
BAD root_position: -0.07735
BAD root_position: -0.07765
BAD root_position: -0.07810
BAD root_position: -0.07863
BAD root_position: -0.07915
BAD root_position: -0.07959
BAD root_position: -0.07985
BAD root_position: -0.07991
BAD root_position: -0.07996
BAD root_position: -0.08004
BAD root_position: -0.08014
BAD root_position: -0.08029
BAD root_position: -0.08042
BAD root_position: -0.08055
BAD root_position: -0.08046
BAD root_position: -0.08012
BAD root_position: -0.07962
BAD root_position: -0.07904
BAD root_position: -0.07850
BAD root_position: -0.07809
BAD root_position: -0.07792
BAD root_position: -0.07800
BAD root_position: -0.07810
BAD root_position: -0.07820
BAD root_position: -0.07830
BAD root_position: -0.07840
BAD root_position: -0.07848
BAD root_position: -0.07857
BAD root_position: -0.07891
BAD root_position: -0.07951
BAD root_position: -0.08028
BAD root_position: -0.08112
BAD root_position: -0.08192
BAD root_position: -0.08258
BAD root_position: -0.08298
BAD root_position: -0.08313
BAD root_position: -0.08327
BAD root_position: -0.08339
BAD root_position: -0.08349
recorded 500 frames
avg lin_vel_x 0.041
avg lin_vel_y -0.0492
avg yaw -0.0006
computed xvel: 0.171, mean xvel: 0.041
computed yvel: 0.017, mean yvel: -0.0492
computed thetavel: -0.342, mean thetavel: -0.0006
DONE, saving 23_0.171_0.017_-0.342.json
