<frozen importlib._bootstrap>:241: RuntimeWarning: to-Python converter for std::vector<Eigen::Matrix<double, 3, 1, 0, 3, 1>, std::allocator<Eigen::Matrix<double, 3, 1, 0, 3, 1> > > already registered; second conversion method ignored.
<frozen importlib._bootstrap>:241: RuntimeWarning: to-Python converter for boost::python::detail::container_element<std::vector<Eigen::Matrix<double, 3, 1, 0, 3, 1>, std::allocator<Eigen::Matrix<double, 3, 1, 0, 3, 1> > >, unsigned long, boost::python::detail::final_vector_derived_policies<std::vector<Eigen::Matrix<double, 3, 1, 0, 3, 1>, std::allocator<Eigen::Matrix<double, 3, 1, 0, 3, 1> > >, false> > already registered; second conversion method ignored.
<frozen importlib._bootstrap>:241: RuntimeWarning: to-Python converter for std::vector<int, std::allocator<int> > already registered; second conversion method ignored.
<frozen importlib._bootstrap>:241: RuntimeWarning: to-Python converter for std::vector<double, std::allocator<double> > already registered; second conversion method ignored.
<frozen importlib._bootstrap>:241: RuntimeWarning: to-Python converter for std::vector<std::__cxx11::basic_string<char, std::char_traits<char>, std::allocator<char> >, std::allocator<std::__cxx11::basic_string<char, std::char_traits<char>, std::allocator<char> > > > already registered; second conversion method ignored.
WARNING: Can't find trunk frames in the model, can't measure leg spacing
WARNING: Can't find head frames in the model, camera_look_at won't work
gait_parameters {'dx': 0.0, 'dy': 0.03, 'dtheta': -0.2, 'duration': 8, 'hardware': True, 'double_support_ratio': 0.25, 'startend_double_support_ratio': 1.5, 'planned_timesteps': 48, 'replan_timesteps': 10, 'walk_com_height': 0.445, 'walk_foot_height': 0.03, 'walk_trunk_pitch': -5.7, 'walk_foot_rise_ratio': 0.3, 'single_support_duration': 0.45, 'single_support_timesteps': 10, 'foot_length': 0.22, 'feet_spacing': 0.114, 'zmp_margin': 0.02, 'foot_zmp_target_x': 0.0, 'foot_zmp_target_y': 0.0, 'walk_max_dtheta': 1.0, 'walk_max_dy': 0.04, 'walk_max_dx_forward': 0.1, 'walk_max_dx_backward': 0.03, 'joints': ['leg_left_ankle_roll_joint', 'leg_left_ankle_pitch_joint', 'leg_left_knee_pitch_joint', 'leg_left_hip_pitch_joint', 'leg_left_hip_yaw_joint', 'leg_left_hip_roll_joint', 'leg_right_ankle_roll_joint', 'leg_right_ankle_pitch_joint', 'leg_right_knee_pitch_joint', 'leg_right_hip_pitch_joint', 'leg_right_hip_yaw_joint', 'leg_right_hip_roll_joint', 'left_wrist_attachment_joint', 'left_fore_arm_joint', 'left_upper_arm_joint', 'left_shoulder_joint', 'right_wrist_attachment_joint', 'right_fore_arm_joint', 'right_upper_arm_joint', 'right_shoulder_joint'], 'joint_angles': {'left_wrist_attachment_joint': 30, 'left_fore_arm_joint': 0, 'left_upper_arm_joint': 0, 'left_shoulder_joint': 0, 'right_wrist_attachment_joint': -30, 'right_fore_arm_joint': 0, 'right_upper_arm_joint': 0, 'right_shoulder_joint': 0}}
Placing the robot in the initial position...
Initial position reached
{'leg_left_ankle_roll_joint': 0.022276990517576853, 'leg_left_ankle_pitch_joint': -0.5180176311949647, 'leg_left_knee_pitch_joint': 0.9755462028014372, 'leg_left_hip_pitch_joint': -0.35876122835160407, 'leg_left_hip_yaw_joint': -0.058699594648398634, 'leg_left_hip_roll_joint': -0.014134930136559202, 'leg_right_ankle_roll_joint': 0.022993029869220492, 'leg_right_ankle_pitch_joint': -0.5436443510330947, 'leg_right_knee_pitch_joint': 1.0595529797136967, 'leg_right_hip_pitch_joint': -0.41716280707558206, 'leg_right_hip_yaw_joint': -0.05925524380436776, 'leg_right_hip_roll_joint': -0.014595119461440596, 'left_wrist_attachment_joint': 0.5235987755982988, 'left_fore_arm_joint': 6.551591668694029e-24, 'left_upper_arm_joint': -8.767856879062306e-24, 'left_shoulder_joint': -1.2742688396377787e-23, 'right_wrist_attachment_joint': -0.5235987755982988, 'right_fore_arm_joint': -7.60124532278235e-24, 'right_upper_arm_joint': 1.0000368227209118e-23, 'right_shoulder_joint': 1.3165172848683005e-23}
## period: 1.17
You can open the visualizer by visiting the following URL:
http://127.0.0.1:7003/static/
Viewer URL: http://127.0.0.1:7003/static/
BAD root_position: -0.07910
BAD root_position: -0.07910
BAD root_position: -0.07910
BAD root_position: -0.07910
BAD root_position: -0.07910
BAD root_position: -0.07910
BAD root_position: -0.07910
BAD root_position: -0.07910
BAD root_position: -0.07910
BAD root_position: -0.07910
BAD root_position: -0.07910
BAD root_position: -0.07910
BAD root_position: -0.07910
BAD root_position: -0.07910
BAD root_position: -0.07910
BAD root_position: -0.07910
BAD root_position: -0.07910
BAD root_position: -0.07910
BAD root_position: -0.07910
BAD root_position: -0.07910
BAD root_position: -0.07910
BAD root_position: -0.07910
BAD root_position: -0.07910
BAD root_position: -0.07910
BAD root_position: -0.07910
BAD root_position: -0.07910
BAD root_position: -0.07909
BAD root_position: -0.07909
BAD root_position: -0.07909
BAD root_position: -0.07909
BAD root_position: -0.07909
BAD root_position: -0.07909
BAD root_position: -0.07910
BAD root_position: -0.07934
BAD root_position: -0.07983
BAD root_position: -0.08048
BAD root_position: -0.08120
BAD root_position: -0.08189
BAD root_position: -0.08246
BAD root_position: -0.08281
BAD root_position: -0.08288
BAD root_position: -0.08288
BAD root_position: -0.08288
BAD root_position: -0.08288
BAD root_position: -0.08288
BAD root_position: -0.08288
BAD root_position: -0.08288
BAD root_position: -0.08282
BAD root_position: -0.08245
BAD root_position: -0.08184
BAD root_position: -0.08111
BAD root_position: -0.08036
BAD root_position: -0.07971
BAD root_position: -0.07925
BAD root_position: -0.07910
BAD root_position: -0.07910
BAD root_position: -0.07910
BAD root_position: -0.07910
BAD root_position: -0.07910
BAD root_position: -0.07909
BAD root_position: -0.07909
BAD root_position: -0.07917
BAD root_position: -0.07956
BAD root_position: -0.08018
BAD root_position: -0.08092
BAD root_position: -0.08166
BAD root_position: -0.08231
BAD root_position: -0.08275
BAD root_position: -0.08288
BAD root_position: -0.08288
BAD root_position: -0.08288
BAD root_position: -0.08288
BAD root_position: -0.08288
BAD root_position: -0.08288
BAD root_position: -0.08288
BAD root_position: -0.08278
BAD root_position: -0.08237
BAD root_position: -0.08174
BAD root_position: -0.08100
BAD root_position: -0.08026
BAD root_position: -0.07962
BAD root_position: -0.07920
BAD root_position: -0.07909
BAD root_position: -0.07909
BAD root_position: -0.07910
BAD root_position: -0.07910
BAD root_position: -0.07909
BAD root_position: -0.07909
BAD root_position: -0.07909
BAD root_position: -0.07921
BAD root_position: -0.07964
BAD root_position: -0.08029
BAD root_position: -0.08103
BAD root_position: -0.08177
BAD root_position: -0.08239
BAD root_position: -0.08279
BAD root_position: -0.08288
BAD root_position: -0.08288
BAD root_position: -0.08287
BAD root_position: -0.08287
BAD root_position: -0.08286
BAD root_position: -0.08286
BAD root_position: -0.08286
BAD root_position: -0.08271
BAD root_position: -0.08227
BAD root_position: -0.08163
BAD root_position: -0.08089
BAD root_position: -0.08018
BAD root_position: -0.07959
BAD root_position: -0.07923
BAD root_position: -0.07917
BAD root_position: -0.07918
BAD root_position: -0.07919
BAD root_position: -0.07920
BAD root_position: -0.07920
BAD root_position: -0.07921
BAD root_position: -0.07921
BAD root_position: -0.07939
BAD root_position: -0.07986
BAD root_position: -0.08053
BAD root_position: -0.08128
BAD root_position: -0.08201
BAD root_position: -0.08260
BAD root_position: -0.08294
BAD root_position: -0.08298
BAD root_position: -0.08295
BAD root_position: -0.08292
BAD root_position: -0.08289
BAD root_position: -0.08285
BAD root_position: -0.08282
BAD root_position: -0.08279
BAD root_position: -0.08258
BAD root_position: -0.08207
BAD root_position: -0.08138
BAD root_position: -0.08063
BAD root_position: -0.07991
BAD root_position: -0.07934
BAD root_position: -0.07902
BAD root_position: -0.07900
BAD root_position: -0.07903
BAD root_position: -0.07905
BAD root_position: -0.07908
BAD root_position: -0.07910
BAD root_position: -0.07913
BAD root_position: -0.07915
BAD root_position: -0.07938
BAD root_position: -0.07990
BAD root_position: -0.08060
BAD root_position: -0.08137
BAD root_position: -0.08211
BAD root_position: -0.08270
BAD root_position: -0.08303
BAD root_position: -0.08307
BAD root_position: -0.08308
BAD root_position: -0.08308
BAD root_position: -0.08309
BAD root_position: -0.08309
BAD root_position: -0.08308
BAD root_position: -0.08307
BAD root_position: -0.08283
BAD root_position: -0.08230
BAD root_position: -0.08160
BAD root_position: -0.08085
BAD root_position: -0.08013
BAD root_position: -0.07957
BAD root_position: -0.07926
BAD root_position: -0.07922
BAD root_position: -0.07920
BAD root_position: -0.07917
BAD root_position: -0.07915
BAD root_position: -0.07912
BAD root_position: -0.07910
BAD root_position: -0.07908
BAD root_position: -0.07933
BAD root_position: -0.07984
BAD root_position: -0.08052
BAD root_position: -0.08125
BAD root_position: -0.08194
BAD root_position: -0.08245
BAD root_position: -0.08270
BAD root_position: -0.08269
BAD root_position: -0.08267
BAD root_position: -0.08265
BAD root_position: -0.08263
BAD root_position: -0.08261
BAD root_position: -0.08260
BAD root_position: -0.08257
BAD root_position: -0.08228
BAD root_position: -0.08173
BAD root_position: -0.08104
BAD root_position: -0.08030
BAD root_position: -0.07964
BAD root_position: -0.07917
BAD root_position: -0.07895
BAD root_position: -0.07898
BAD root_position: -0.07902
BAD root_position: -0.07907
BAD root_position: -0.07912
BAD root_position: -0.07916
BAD root_position: -0.07920
BAD root_position: -0.07924
BAD root_position: -0.07942
BAD root_position: -0.07988
BAD root_position: -0.08053
BAD root_position: -0.08127
BAD root_position: -0.08200
BAD root_position: -0.08265
BAD root_position: -0.08310
BAD root_position: -0.08327
BAD root_position: -0.08329
BAD root_position: -0.08331
BAD root_position: -0.08332
BAD root_position: -0.08332
BAD root_position: -0.08332
BAD root_position: -0.08332
BAD root_position: -0.08329
BAD root_position: -0.08301
BAD root_position: -0.08248
BAD root_position: -0.08180
BAD root_position: -0.08106
BAD root_position: -0.08034
BAD root_position: -0.07976
BAD root_position: -0.07938
BAD root_position: -0.07928
BAD root_position: -0.07923
BAD root_position: -0.07917
BAD root_position: -0.07911
BAD root_position: -0.07905
BAD root_position: -0.07900
BAD root_position: -0.07895
BAD root_position: -0.07899
BAD root_position: -0.07932
BAD root_position: -0.07985
BAD root_position: -0.08050
BAD root_position: -0.08118
BAD root_position: -0.08179
BAD root_position: -0.08224
BAD root_position: -0.08244
BAD root_position: -0.08242
BAD root_position: -0.08241
BAD root_position: -0.08240
BAD root_position: -0.08239
BAD root_position: -0.08238
BAD root_position: -0.08238
BAD root_position: -0.08238
BAD root_position: -0.08221
BAD root_position: -0.08177
BAD root_position: -0.08118
BAD root_position: -0.08051
BAD root_position: -0.07986
BAD root_position: -0.07933
BAD root_position: -0.07899
BAD root_position: -0.07894
BAD root_position: -0.07900
BAD root_position: -0.07906
BAD root_position: -0.07913
BAD root_position: -0.07919
BAD root_position: -0.07925
BAD root_position: -0.07931
BAD root_position: -0.07939
BAD root_position: -0.07974
BAD root_position: -0.08032
BAD root_position: -0.08103
BAD root_position: -0.08179
BAD root_position: -0.08251
BAD root_position: -0.08308
BAD root_position: -0.08342
BAD root_position: -0.08349
BAD root_position: -0.08351
BAD root_position: -0.08353
BAD root_position: -0.08355
BAD root_position: -0.08355
BAD root_position: -0.08355
BAD root_position: -0.08353
BAD root_position: -0.08340
BAD root_position: -0.08297
BAD root_position: -0.08234
BAD root_position: -0.08160
BAD root_position: -0.08085
BAD root_position: -0.08016
BAD root_position: -0.07965
BAD root_position: -0.07939
BAD root_position: -0.07931
BAD root_position: -0.07922
BAD root_position: -0.07913
BAD root_position: -0.07905
BAD root_position: -0.07897
BAD root_position: -0.07889
BAD root_position: -0.07883
BAD root_position: -0.07899
BAD root_position: -0.07941
BAD root_position: -0.07999
BAD root_position: -0.08064
BAD root_position: -0.08128
BAD root_position: -0.08180
BAD root_position: -0.08214
BAD root_position: -0.08220
BAD root_position: -0.08219
BAD root_position: -0.08218
BAD root_position: -0.08218
BAD root_position: -0.08218
BAD root_position: -0.08219
BAD root_position: -0.08221
BAD root_position: -0.08218
BAD root_position: -0.08188
BAD root_position: -0.08138
BAD root_position: -0.08076
BAD root_position: -0.08011
BAD root_position: -0.07953
BAD root_position: -0.07910
BAD root_position: -0.07892
BAD root_position: -0.07899
BAD root_position: -0.07907
BAD root_position: -0.07916
BAD root_position: -0.07924
BAD root_position: -0.07932
BAD root_position: -0.07940
BAD root_position: -0.07947
BAD root_position: -0.07968
BAD root_position: -0.08016
BAD root_position: -0.08083
BAD root_position: -0.08158
BAD root_position: -0.08234
BAD root_position: -0.08301
BAD root_position: -0.08349
BAD root_position: -0.08368
BAD root_position: -0.08372
BAD root_position: -0.08375
BAD root_position: -0.08377
BAD root_position: -0.08379
BAD root_position: -0.08380
BAD root_position: -0.08379
BAD root_position: -0.08376
BAD root_position: -0.08346
BAD root_position: -0.08291
BAD root_position: -0.08220
BAD root_position: -0.08142
BAD root_position: -0.08067
BAD root_position: -0.08004
BAD root_position: -0.07962
BAD root_position: -0.07945
BAD root_position: -0.07934
BAD root_position: -0.07923
BAD root_position: -0.07911
BAD root_position: -0.07900
BAD root_position: -0.07890
BAD root_position: -0.07880
BAD root_position: -0.07880
BAD root_position: -0.07908
BAD root_position: -0.07957
BAD root_position: -0.08017
BAD root_position: -0.08081
BAD root_position: -0.08139
BAD root_position: -0.08181
BAD root_position: -0.08201
BAD root_position: -0.08200
BAD root_position: -0.08200
BAD root_position: -0.08201
BAD root_position: -0.08202
BAD root_position: -0.08204
BAD root_position: -0.08206
BAD root_position: -0.08210
BAD root_position: -0.08195
BAD root_position: -0.08159
BAD root_position: -0.08103
BAD root_position: -0.08041
BAD root_position: -0.07980
BAD root_position: -0.07931
BAD root_position: -0.07900
BAD root_position: -0.07898
BAD root_position: -0.07908
BAD root_position: -0.07918
BAD root_position: -0.07928
BAD root_position: -0.07938
BAD root_position: -0.07947
BAD root_position: -0.07956
BAD root_position: -0.07967
BAD root_position: -0.08004
BAD root_position: -0.08063
BAD root_position: -0.08136
BAD root_position: -0.08213
BAD root_position: -0.08287
BAD root_position: -0.08346
BAD root_position: -0.08382
BAD root_position: -0.08390
BAD root_position: -0.08393
BAD root_position: -0.08397
BAD root_position: -0.08399
BAD root_position: -0.08401
BAD root_position: -0.08401
BAD root_position: -0.08400
BAD root_position: -0.08386
BAD root_position: -0.08339
BAD root_position: -0.08270
BAD root_position: -0.08188
BAD root_position: -0.08106
BAD root_position: -0.08034
BAD root_position: -0.07982
BAD root_position: -0.07959
BAD root_position: -0.07944
BAD root_position: -0.07930
BAD root_position: -0.07916
BAD root_position: -0.07902
BAD root_position: -0.07890
BAD root_position: -0.07878
BAD root_position: -0.07881
BAD root_position: -0.07914
BAD root_position: -0.07968
BAD root_position: -0.08031
BAD root_position: -0.08094
BAD root_position: -0.08148
BAD root_position: -0.08182
BAD root_position: -0.08188
BAD root_position: -0.08188
BAD root_position: -0.08189
BAD root_position: -0.08191
BAD root_position: -0.08194
BAD root_position: -0.08198
BAD root_position: -0.08203
BAD root_position: -0.08194
BAD root_position: -0.08157
BAD root_position: -0.08102
BAD root_position: -0.08040
BAD root_position: -0.07980
BAD root_position: -0.07933
BAD root_position: -0.07908
BAD root_position: -0.07913
BAD root_position: -0.07924
BAD root_position: -0.07936
BAD root_position: -0.07948
BAD root_position: -0.07960
BAD root_position: -0.07971
BAD root_position: -0.07980
BAD root_position: -0.08006
BAD root_position: -0.08061
BAD root_position: -0.08134
BAD root_position: -0.08215
BAD root_position: -0.08294
BAD root_position: -0.08360
BAD root_position: -0.08402
BAD root_position: -0.08413
BAD root_position: -0.08419
BAD root_position: -0.08423
BAD root_position: -0.08426
BAD root_position: -0.08428
BAD root_position: -0.08428
BAD root_position: -0.08426
BAD root_position: -0.08402
BAD root_position: -0.08347
BAD root_position: -0.08272
BAD root_position: -0.08190
BAD root_position: -0.08109
BAD root_position: -0.08042
BAD root_position: -0.07997
BAD root_position: -0.07979
BAD root_position: -0.07964
BAD root_position: -0.07948
BAD root_position: -0.07932
BAD root_position: -0.07917
BAD root_position: -0.07903
BAD root_position: -0.07890
BAD root_position: -0.07901
BAD root_position: -0.07938
BAD root_position: -0.07993
BAD root_position: -0.08054
BAD root_position: -0.08114
BAD root_position: -0.08161
BAD root_position: -0.08187
BAD root_position: -0.08189
BAD root_position: -0.08190
BAD root_position: -0.08192
BAD root_position: -0.08195
BAD root_position: -0.08202
BAD root_position: -0.08207
BAD root_position: -0.08212
BAD root_position: -0.08195
BAD root_position: -0.08155
BAD root_position: -0.08099
BAD root_position: -0.08039
BAD root_position: -0.07983
BAD root_position: -0.07943
BAD root_position: -0.07928
BAD root_position: -0.07938
BAD root_position: -0.07951
BAD root_position: -0.07963
BAD root_position: -0.07976
BAD root_position: -0.07988
BAD root_position: -0.07999
BAD root_position: -0.08011
BAD root_position: -0.08046
BAD root_position: -0.08107
BAD root_position: -0.08183
BAD root_position: -0.08264
BAD root_position: -0.08340
BAD root_position: -0.08400
BAD root_position: -0.08433
BAD root_position: -0.08441
BAD root_position: -0.08447
BAD root_position: -0.08451
BAD root_position: -0.08454
recorded 500 frames
avg lin_vel_x 0.0035
avg lin_vel_y 0.0159
avg yaw -0.0007
computed xvel: 0.0, mean xvel: 0.0035
computed yvel: 0.051, mean yvel: 0.0159
computed thetavel: -0.342, mean thetavel: -0.0007
DONE, saving 26_0.0_0.051_-0.342.json
