<frozen importlib._bootstrap>:241: RuntimeWarning: to-Python converter for std::vector<Eigen::Matrix<double, 3, 1, 0, 3, 1>, std::allocator<Eigen::Matrix<double, 3, 1, 0, 3, 1> > > already registered; second conversion method ignored.
<frozen importlib._bootstrap>:241: RuntimeWarning: to-Python converter for boost::python::detail::container_element<std::vector<Eigen::Matrix<double, 3, 1, 0, 3, 1>, std::allocator<Eigen::Matrix<double, 3, 1, 0, 3, 1> > >, unsigned long, boost::python::detail::final_vector_derived_policies<std::vector<Eigen::Matrix<double, 3, 1, 0, 3, 1>, std::allocator<Eigen::Matrix<double, 3, 1, 0, 3, 1> > >, false> > already registered; second conversion method ignored.
<frozen importlib._bootstrap>:241: RuntimeWarning: to-Python converter for std::vector<int, std::allocator<int> > already registered; second conversion method ignored.
<frozen importlib._bootstrap>:241: RuntimeWarning: to-Python converter for std::vector<double, std::allocator<double> > already registered; second conversion method ignored.
<frozen importlib._bootstrap>:241: RuntimeWarning: to-Python converter for std::vector<std::__cxx11::basic_string<char, std::char_traits<char>, std::allocator<char> >, std::allocator<std::__cxx11::basic_string<char, std::char_traits<char>, std::allocator<char> > > > already registered; second conversion method ignored.
WARNING: Can't find trunk frames in the model, can't measure leg spacing
WARNING: Can't find head frames in the model, camera_look_at won't work
gait_parameters {'dx': 0.06, 'dy': 0.03, 'dtheta': -0.2, 'duration': 8, 'hardware': True, 'double_support_ratio': 0.25, 'startend_double_support_ratio': 1.5, 'planned_timesteps': 48, 'replan_timesteps': 10, 'walk_com_height': 0.445, 'walk_foot_height': 0.03, 'walk_trunk_pitch': -5.7, 'walk_foot_rise_ratio': 0.3, 'single_support_duration': 0.45, 'single_support_timesteps': 10, 'foot_length': 0.22, 'feet_spacing': 0.114, 'zmp_margin': 0.02, 'foot_zmp_target_x': 0.0, 'foot_zmp_target_y': 0.0, 'walk_max_dtheta': 1.0, 'walk_max_dy': 0.04, 'walk_max_dx_forward': 0.1, 'walk_max_dx_backward': 0.03, 'joints': ['leg_left_ankle_roll_joint', 'leg_left_ankle_pitch_joint', 'leg_left_knee_pitch_joint', 'leg_left_hip_pitch_joint', 'leg_left_hip_yaw_joint', 'leg_left_hip_roll_joint', 'leg_right_ankle_roll_joint', 'leg_right_ankle_pitch_joint', 'leg_right_knee_pitch_joint', 'leg_right_hip_pitch_joint', 'leg_right_hip_yaw_joint', 'leg_right_hip_roll_joint', 'left_wrist_attachment_joint', 'left_fore_arm_joint', 'left_upper_arm_joint', 'left_shoulder_joint', 'right_wrist_attachment_joint', 'right_fore_arm_joint', 'right_upper_arm_joint', 'right_shoulder_joint'], 'joint_angles': {'left_wrist_attachment_joint': 30, 'left_fore_arm_joint': 0, 'left_upper_arm_joint': 0, 'left_shoulder_joint': 0, 'right_wrist_attachment_joint': -30, 'right_fore_arm_joint': 0, 'right_upper_arm_joint': 0, 'right_shoulder_joint': 0}}
Placing the robot in the initial position...
Initial position reached
{'leg_left_ankle_roll_joint': 0.022291830472541428, 'leg_left_ankle_pitch_joint': -0.5083101943982897, 'leg_left_knee_pitch_joint': 0.9555561180340938, 'leg_left_hip_pitch_joint': -0.3484791332728622, 'leg_left_hip_yaw_joint': -0.058711071747239565, 'leg_left_hip_roll_joint': -0.014144353883684698, 'leg_right_ankle_roll_joint': 0.02300533010714551, 'leg_right_ankle_pitch_joint': -0.5347409466909725, 'leg_right_knee_pitch_joint': 1.0410452183821055, 'leg_right_hip_pitch_joint': -0.40755891271106603, 'leg_right_hip_yaw_joint': -0.05926475649814908, 'leg_right_hip_roll_joint': -0.014602930935026784, 'left_wrist_attachment_joint': 0.5235987755982988, 'left_fore_arm_joint': -1.4672256034662497e-24, 'left_upper_arm_joint': 2.0821334812519456e-24, 'left_shoulder_joint': 3.3496830660956246e-24, 'right_wrist_attachment_joint': -0.5235987755982988, 'right_fore_arm_joint': 2.0085584861185805e-24, 'right_upper_arm_joint': -2.6741944884571544e-24, 'right_shoulder_joint': -2.892859556687032e-24}
## period: 1.17
You can open the visualizer by visiting the following URL:
http://127.0.0.1:7006/static/
Viewer URL: http://127.0.0.1:7006/static/
BAD root_position: -0.07759
BAD root_position: -0.07759
BAD root_position: -0.07759
BAD root_position: -0.07759
BAD root_position: -0.07759
BAD root_position: -0.07759
BAD root_position: -0.07759
BAD root_position: -0.07759
BAD root_position: -0.07759
BAD root_position: -0.07759
BAD root_position: -0.07759
BAD root_position: -0.07759
BAD root_position: -0.07759
BAD root_position: -0.07759
BAD root_position: -0.07759
BAD root_position: -0.07759
BAD root_position: -0.07759
BAD root_position: -0.07759
BAD root_position: -0.07759
BAD root_position: -0.07759
BAD root_position: -0.07759
BAD root_position: -0.07759
BAD root_position: -0.07759
BAD root_position: -0.07759
BAD root_position: -0.07759
BAD root_position: -0.07759
BAD root_position: -0.07759
BAD root_position: -0.07759
BAD root_position: -0.07759
BAD root_position: -0.07759
BAD root_position: -0.07758
BAD root_position: -0.07758
BAD root_position: -0.07759
BAD root_position: -0.07783
BAD root_position: -0.07833
BAD root_position: -0.07898
BAD root_position: -0.07969
BAD root_position: -0.08038
BAD root_position: -0.08095
BAD root_position: -0.08130
BAD root_position: -0.08137
BAD root_position: -0.08137
BAD root_position: -0.08137
BAD root_position: -0.08137
BAD root_position: -0.08138
BAD root_position: -0.08138
BAD root_position: -0.08138
BAD root_position: -0.08131
BAD root_position: -0.08094
BAD root_position: -0.08033
BAD root_position: -0.07960
BAD root_position: -0.07886
BAD root_position: -0.07820
BAD root_position: -0.07774
BAD root_position: -0.07759
BAD root_position: -0.07759
BAD root_position: -0.07759
BAD root_position: -0.07759
BAD root_position: -0.07759
BAD root_position: -0.07758
BAD root_position: -0.07758
BAD root_position: -0.07766
BAD root_position: -0.07805
BAD root_position: -0.07866
BAD root_position: -0.07940
BAD root_position: -0.08014
BAD root_position: -0.08079
BAD root_position: -0.08123
BAD root_position: -0.08137
BAD root_position: -0.08137
BAD root_position: -0.08137
BAD root_position: -0.08137
BAD root_position: -0.08137
BAD root_position: -0.08137
BAD root_position: -0.08137
BAD root_position: -0.08127
BAD root_position: -0.08085
BAD root_position: -0.08022
BAD root_position: -0.07947
BAD root_position: -0.07872
BAD root_position: -0.07808
BAD root_position: -0.07765
BAD root_position: -0.07753
BAD root_position: -0.07752
BAD root_position: -0.07751
BAD root_position: -0.07750
BAD root_position: -0.07748
BAD root_position: -0.07747
BAD root_position: -0.07745
BAD root_position: -0.07756
BAD root_position: -0.07799
BAD root_position: -0.07864
BAD root_position: -0.07942
BAD root_position: -0.08021
BAD root_position: -0.08090
BAD root_position: -0.08138
BAD root_position: -0.08155
BAD root_position: -0.08163
BAD root_position: -0.08172
BAD root_position: -0.08180
BAD root_position: -0.08187
BAD root_position: -0.08194
BAD root_position: -0.08200
BAD root_position: -0.08190
BAD root_position: -0.08145
BAD root_position: -0.08077
BAD root_position: -0.07996
BAD root_position: -0.07916
BAD root_position: -0.07846
BAD root_position: -0.07799
BAD root_position: -0.07783
BAD root_position: -0.07774
BAD root_position: -0.07765
BAD root_position: -0.07756
BAD root_position: -0.07747
BAD root_position: -0.07739
BAD root_position: -0.07731
BAD root_position: -0.07740
BAD root_position: -0.07778
BAD root_position: -0.07836
BAD root_position: -0.07903
BAD root_position: -0.07970
BAD root_position: -0.08027
BAD root_position: -0.08063
BAD root_position: -0.08072
BAD root_position: -0.08076
BAD root_position: -0.08081
BAD root_position: -0.08087
BAD root_position: -0.08093
BAD root_position: -0.08099
BAD root_position: -0.08106
BAD root_position: -0.08093
BAD root_position: -0.08050
BAD root_position: -0.07988
BAD root_position: -0.07917
BAD root_position: -0.07848
BAD root_position: -0.07792
BAD root_position: -0.07759
BAD root_position: -0.07754
BAD root_position: -0.07755
BAD root_position: -0.07755
BAD root_position: -0.07755
BAD root_position: -0.07755
BAD root_position: -0.07755
BAD root_position: -0.07755
BAD root_position: -0.07777
BAD root_position: -0.07828
BAD root_position: -0.07899
BAD root_position: -0.07979
BAD root_position: -0.08058
BAD root_position: -0.08123
BAD root_position: -0.08164
BAD root_position: -0.08176
BAD root_position: -0.08185
BAD root_position: -0.08194
BAD root_position: -0.08202
BAD root_position: -0.08210
BAD root_position: -0.08216
BAD root_position: -0.08221
BAD root_position: -0.08199
BAD root_position: -0.08145
BAD root_position: -0.08070
BAD root_position: -0.07987
BAD root_position: -0.07907
BAD root_position: -0.07841
BAD root_position: -0.07800
BAD root_position: -0.07787
BAD root_position: -0.07776
BAD root_position: -0.07764
BAD root_position: -0.07753
BAD root_position: -0.07741
BAD root_position: -0.07730
BAD root_position: -0.07721
BAD root_position: -0.07737
BAD root_position: -0.07780
BAD root_position: -0.07839
BAD root_position: -0.07906
BAD root_position: -0.07969
BAD root_position: -0.08020
BAD root_position: -0.08048
BAD root_position: -0.08053
BAD root_position: -0.08057
BAD root_position: -0.08063
BAD root_position: -0.08071
BAD root_position: -0.08078
BAD root_position: -0.08085
BAD root_position: -0.08090
BAD root_position: -0.08069
BAD root_position: -0.08022
BAD root_position: -0.07958
BAD root_position: -0.07889
BAD root_position: -0.07824
BAD root_position: -0.07777
BAD root_position: -0.07753
BAD root_position: -0.07753
BAD root_position: -0.07755
BAD root_position: -0.07758
BAD root_position: -0.07760
BAD root_position: -0.07761
BAD root_position: -0.07763
BAD root_position: -0.07764
BAD root_position: -0.07780
BAD root_position: -0.07825
BAD root_position: -0.07890
BAD root_position: -0.07966
BAD root_position: -0.08043
BAD root_position: -0.08113
BAD root_position: -0.08165
BAD root_position: -0.08189
BAD root_position: -0.08198
BAD root_position: -0.08207
BAD root_position: -0.08216
BAD root_position: -0.08224
BAD root_position: -0.08231
BAD root_position: -0.08237
BAD root_position: -0.08239
BAD root_position: -0.08213
BAD root_position: -0.08159
BAD root_position: -0.08086
BAD root_position: -0.08005
BAD root_position: -0.07925
BAD root_position: -0.07857
BAD root_position: -0.07811
BAD root_position: -0.07792
BAD root_position: -0.07779
BAD root_position: -0.07765
BAD root_position: -0.07751
BAD root_position: -0.07738
BAD root_position: -0.07725
BAD root_position: -0.07714
BAD root_position: -0.07711
BAD root_position: -0.07737
BAD root_position: -0.07782
BAD root_position: -0.07840
BAD root_position: -0.07902
BAD root_position: -0.07960
BAD root_position: -0.08004
BAD root_position: -0.08027
BAD root_position: -0.08031
BAD root_position: -0.08036
BAD root_position: -0.08042
BAD root_position: -0.08049
BAD root_position: -0.08056
BAD root_position: -0.08064
BAD root_position: -0.08072
BAD root_position: -0.08061
BAD root_position: -0.08025
BAD root_position: -0.07971
BAD root_position: -0.07907
BAD root_position: -0.07844
BAD root_position: -0.07792
BAD root_position: -0.07757
BAD root_position: -0.07749
BAD root_position: -0.07753
BAD root_position: -0.07756
BAD root_position: -0.07760
BAD root_position: -0.07763
BAD root_position: -0.07766
BAD root_position: -0.07769
BAD root_position: -0.07775
BAD root_position: -0.07809
BAD root_position: -0.07866
BAD root_position: -0.07938
BAD root_position: -0.08017
BAD root_position: -0.08093
BAD root_position: -0.08155
BAD root_position: -0.08196
BAD root_position: -0.08209
BAD root_position: -0.08219
BAD root_position: -0.08228
BAD root_position: -0.08237
BAD root_position: -0.08245
BAD root_position: -0.08251
BAD root_position: -0.08254
BAD root_position: -0.08245
BAD root_position: -0.08203
BAD root_position: -0.08137
BAD root_position: -0.08058
BAD root_position: -0.07974
BAD root_position: -0.07898
BAD root_position: -0.07838
BAD root_position: -0.07804
BAD root_position: -0.07789
BAD root_position: -0.07773
BAD root_position: -0.07757
BAD root_position: -0.07741
BAD root_position: -0.07727
BAD root_position: -0.07713
BAD root_position: -0.07702
BAD root_position: -0.07712
BAD root_position: -0.07747
BAD root_position: -0.07798
BAD root_position: -0.07858
BAD root_position: -0.07917
BAD root_position: -0.07968
BAD root_position: -0.08003
BAD root_position: -0.08013
BAD root_position: -0.08017
BAD root_position: -0.08023
BAD root_position: -0.08029
BAD root_position: -0.08037
BAD root_position: -0.08045
BAD root_position: -0.08053
BAD root_position: -0.08057
BAD root_position: -0.08034
BAD root_position: -0.07989
BAD root_position: -0.07931
BAD root_position: -0.07869
BAD root_position: -0.07812
BAD root_position: -0.07768
BAD root_position: -0.07748
BAD root_position: -0.07752
BAD root_position: -0.07758
BAD root_position: -0.07763
BAD root_position: -0.07769
BAD root_position: -0.07774
BAD root_position: -0.07779
BAD root_position: -0.07783
BAD root_position: -0.07802
BAD root_position: -0.07849
BAD root_position: -0.07915
BAD root_position: -0.07993
BAD root_position: -0.08072
BAD root_position: -0.08143
BAD root_position: -0.08196
BAD root_position: -0.08222
BAD root_position: -0.08232
BAD root_position: -0.08242
BAD root_position: -0.08251
BAD root_position: -0.08259
BAD root_position: -0.08266
BAD root_position: -0.08272
BAD root_position: -0.08273
BAD root_position: -0.08246
BAD root_position: -0.08190
BAD root_position: -0.08115
BAD root_position: -0.08031
BAD root_position: -0.07948
BAD root_position: -0.07877
BAD root_position: -0.07827
BAD root_position: -0.07804
BAD root_position: -0.07787
BAD root_position: -0.07769
BAD root_position: -0.07751
BAD root_position: -0.07734
BAD root_position: -0.07719
BAD root_position: -0.07705
BAD root_position: -0.07700
BAD root_position: -0.07722
BAD root_position: -0.07765
BAD root_position: -0.07819
BAD root_position: -0.07878
BAD root_position: -0.07933
BAD root_position: -0.07975
BAD root_position: -0.07997
BAD root_position: -0.08001
BAD root_position: -0.08006
BAD root_position: -0.08012
BAD root_position: -0.08019
BAD root_position: -0.08028
BAD root_position: -0.08037
BAD root_position: -0.08046
BAD root_position: -0.08038
BAD root_position: -0.08007
BAD root_position: -0.07956
BAD root_position: -0.07896
BAD root_position: -0.07836
BAD root_position: -0.07786
BAD root_position: -0.07754
BAD root_position: -0.07750
BAD root_position: -0.07756
BAD root_position: -0.07763
BAD root_position: -0.07770
BAD root_position: -0.07777
BAD root_position: -0.07784
BAD root_position: -0.07790
BAD root_position: -0.07799
BAD root_position: -0.07834
BAD root_position: -0.07892
BAD root_position: -0.07966
BAD root_position: -0.08046
BAD root_position: -0.08122
BAD root_position: -0.08186
BAD root_position: -0.08228
BAD root_position: -0.08242
BAD root_position: -0.08251
BAD root_position: -0.08261
BAD root_position: -0.08270
BAD root_position: -0.08277
BAD root_position: -0.08283
BAD root_position: -0.08288
BAD root_position: -0.08277
BAD root_position: -0.08231
BAD root_position: -0.08159
BAD root_position: -0.08072
BAD root_position: -0.07983
BAD root_position: -0.07902
BAD root_position: -0.07843
BAD root_position: -0.07814
BAD root_position: -0.07793
BAD root_position: -0.07773
BAD root_position: -0.07753
BAD root_position: -0.07735
BAD root_position: -0.07718
BAD root_position: -0.07702
BAD root_position: -0.07701
BAD root_position: -0.07729
BAD root_position: -0.07777
BAD root_position: -0.07835
BAD root_position: -0.07894
BAD root_position: -0.07946
BAD root_position: -0.07980
BAD root_position: -0.07990
BAD root_position: -0.07995
BAD root_position: -0.08001
BAD root_position: -0.08008
BAD root_position: -0.08017
BAD root_position: -0.08027
BAD root_position: -0.08037
BAD root_position: -0.08034
BAD root_position: -0.08002
BAD root_position: -0.07951
BAD root_position: -0.07890
BAD root_position: -0.07831
BAD root_position: -0.07782
BAD root_position: -0.07756
BAD root_position: -0.07758
BAD root_position: -0.07767
BAD root_position: -0.07776
BAD root_position: -0.07786
BAD root_position: -0.07794
BAD root_position: -0.07802
BAD root_position: -0.07809
BAD root_position: -0.07834
BAD root_position: -0.07887
BAD root_position: -0.07960
BAD root_position: -0.08043
BAD root_position: -0.08125
BAD root_position: -0.08195
BAD root_position: -0.08242
BAD root_position: -0.08259
BAD root_position: -0.08270
BAD root_position: -0.08280
BAD root_position: -0.08290
BAD root_position: -0.08297
BAD root_position: -0.08303
BAD root_position: -0.08306
BAD root_position: -0.08284
BAD root_position: -0.08229
BAD root_position: -0.08150
BAD root_position: -0.08063
BAD root_position: -0.07975
BAD root_position: -0.07901
BAD root_position: -0.07850
BAD root_position: -0.07826
BAD root_position: -0.07806
BAD root_position: -0.07785
BAD root_position: -0.07765
BAD root_position: -0.07745
BAD root_position: -0.07727
BAD root_position: -0.07712
BAD root_position: -0.07718
BAD root_position: -0.07751
BAD root_position: -0.07801
BAD root_position: -0.07858
BAD root_position: -0.07915
BAD root_position: -0.07961
BAD root_position: -0.07988
BAD root_position: -0.07993
BAD root_position: -0.07998
BAD root_position: -0.08004
BAD root_position: -0.08012
BAD root_position: -0.08024
BAD root_position: -0.08034
BAD root_position: -0.08044
BAD root_position: -0.08032
BAD root_position: -0.07994
BAD root_position: -0.07941
BAD root_position: -0.07882
BAD root_position: -0.07826
BAD root_position: -0.07784
BAD root_position: -0.07767
BAD root_position: -0.07775
BAD root_position: -0.07785
BAD root_position: -0.07795
BAD root_position: -0.07806
BAD root_position: -0.07815
BAD root_position: -0.07824
BAD root_position: -0.07833
BAD root_position: -0.07867
BAD root_position: -0.07927
BAD root_position: -0.08004
BAD root_position: -0.08087
BAD root_position: -0.08167
BAD root_position: -0.08231
BAD root_position: -0.08269
BAD root_position: -0.08281
BAD root_position: -0.08292
BAD root_position: -0.08302
BAD root_position: -0.08310
recorded 500 frames
avg lin_vel_x 0.0303
avg lin_vel_y -0.0172
avg yaw -0.0005
computed xvel: 0.103, mean xvel: 0.0303
computed yvel: 0.051, mean yvel: -0.0172
computed thetavel: -0.342, mean thetavel: -0.0005
DONE, saving 29_0.103_0.051_-0.342.json
