<frozen importlib._bootstrap>:241: RuntimeWarning: to-Python converter for std::vector<Eigen::Matrix<double, 3, 1, 0, 3, 1>, std::allocator<Eigen::Matrix<double, 3, 1, 0, 3, 1> > > already registered; second conversion method ignored.
<frozen importlib._bootstrap>:241: RuntimeWarning: to-Python converter for boost::python::detail::container_element<std::vector<Eigen::Matrix<double, 3, 1, 0, 3, 1>, std::allocator<Eigen::Matrix<double, 3, 1, 0, 3, 1> > >, unsigned long, boost::python::detail::final_vector_derived_policies<std::vector<Eigen::Matrix<double, 3, 1, 0, 3, 1>, std::allocator<Eigen::Matrix<double, 3, 1, 0, 3, 1> > >, false> > already registered; second conversion method ignored.
<frozen importlib._bootstrap>:241: RuntimeWarning: to-Python converter for std::vector<int, std::allocator<int> > already registered; second conversion method ignored.
<frozen importlib._bootstrap>:241: RuntimeWarning: to-Python converter for std::vector<double, std::allocator<double> > already registered; second conversion method ignored.
<frozen importlib._bootstrap>:241: RuntimeWarning: to-Python converter for std::vector<std::__cxx11::basic_string<char, std::char_traits<char>, std::allocator<char> >, std::allocator<std::__cxx11::basic_string<char, std::char_traits<char>, std::allocator<char> > > > already registered; second conversion method ignored.
WARNING: Can't find trunk frames in the model, can't measure leg spacing
WARNING: Can't find head frames in the model, camera_look_at won't work
gait_parameters {'dx': 0.1, 'dy': 0.03, 'dtheta': -0.2, 'duration': 8, 'hardware': True, 'double_support_ratio': 0.25, 'startend_double_support_ratio': 1.5, 'planned_timesteps': 48, 'replan_timesteps': 10, 'walk_com_height': 0.445, 'walk_foot_height': 0.03, 'walk_trunk_pitch': -5.7, 'walk_foot_rise_ratio': 0.3, 'single_support_duration': 0.45, 'single_support_timesteps': 10, 'foot_length': 0.22, 'feet_spacing': 0.114, 'zmp_margin': 0.02, 'foot_zmp_target_x': 0.0, 'foot_zmp_target_y': 0.0, 'walk_max_dtheta': 1.0, 'walk_max_dy': 0.04, 'walk_max_dx_forward': 0.1, 'walk_max_dx_backward': 0.03, 'joints': ['leg_left_ankle_roll_joint', 'leg_left_ankle_pitch_joint', 'leg_left_knee_pitch_joint', 'leg_left_hip_pitch_joint', 'leg_left_hip_yaw_joint', 'leg_left_hip_roll_joint', 'leg_right_ankle_roll_joint', 'leg_right_ankle_pitch_joint', 'leg_right_knee_pitch_joint', 'leg_right_hip_pitch_joint', 'leg_right_hip_yaw_joint', 'leg_right_hip_roll_joint', 'left_wrist_attachment_joint', 'left_fore_arm_joint', 'left_upper_arm_joint', 'left_shoulder_joint', 'right_wrist_attachment_joint', 'right_fore_arm_joint', 'right_upper_arm_joint', 'right_shoulder_joint'], 'joint_angles': {'left_wrist_attachment_joint': 30, 'left_fore_arm_joint': 0, 'left_upper_arm_joint': 0, 'left_shoulder_joint': 0, 'right_wrist_attachment_joint': -30, 'right_fore_arm_joint': 0, 'right_upper_arm_joint': 0, 'right_shoulder_joint': 0}}
Placing the robot in the initial position...
Initial position reached
{'leg_left_ankle_roll_joint': 0.02241751816559873, 'leg_left_ankle_pitch_joint': -0.5105139560190824, 'leg_left_knee_pitch_joint': 0.960087376441984, 'leg_left_hip_pitch_joint': -0.3508113171637388, 'leg_left_hip_yaw_joint': -0.058808277364286635, 'leg_left_hip_roll_joint': -0.014224169261102627, 'leg_right_ankle_roll_joint': 0.023133753453433128, 'leg_right_ankle_pitch_joint': -0.5367979616989639, 'leg_right_knee_pitch_joint': 1.0453126479533108, 'leg_right_hip_pitch_joint': -0.40977416187358257, 'leg_right_hip_yaw_joint': -0.05936407565957644, 'leg_right_hip_roll_joint': -0.014684488874370556, 'left_wrist_attachment_joint': 0.5235987755982988, 'left_fore_arm_joint': -2.1433125202270335e-24, 'left_upper_arm_joint': 2.6388177584818287e-24, 'left_shoulder_joint': 3.990190350074145e-24, 'right_wrist_attachment_joint': -0.5235987755982988, 'right_fore_arm_joint': 2.4311611773598684e-24, 'right_upper_arm_joint': -2.9675520417219245e-24, 'right_shoulder_joint': -4.348020009740039e-24}
## period: 1.17
You can open the visualizer by visiting the following URL:
http://127.0.0.1:7007/static/
Viewer URL: http://127.0.0.1:7007/static/
BAD root_position: -0.07782
BAD root_position: -0.07782
BAD root_position: -0.07782
BAD root_position: -0.07782
BAD root_position: -0.07782
BAD root_position: -0.07782
BAD root_position: -0.07782
BAD root_position: -0.07782
BAD root_position: -0.07782
BAD root_position: -0.07782
BAD root_position: -0.07782
BAD root_position: -0.07782
BAD root_position: -0.07782
BAD root_position: -0.07782
BAD root_position: -0.07782
BAD root_position: -0.07782
BAD root_position: -0.07782
BAD root_position: -0.07782
BAD root_position: -0.07782
BAD root_position: -0.07782
BAD root_position: -0.07782
BAD root_position: -0.07782
BAD root_position: -0.07782
BAD root_position: -0.07782
BAD root_position: -0.07782
BAD root_position: -0.07782
BAD root_position: -0.07782
BAD root_position: -0.07782
BAD root_position: -0.07782
BAD root_position: -0.07782
BAD root_position: -0.07781
BAD root_position: -0.07781
BAD root_position: -0.07782
BAD root_position: -0.07806
BAD root_position: -0.07856
BAD root_position: -0.07921
BAD root_position: -0.07992
BAD root_position: -0.08061
BAD root_position: -0.08118
BAD root_position: -0.08153
BAD root_position: -0.08160
BAD root_position: -0.08160
BAD root_position: -0.08160
BAD root_position: -0.08160
BAD root_position: -0.08160
BAD root_position: -0.08161
BAD root_position: -0.08161
BAD root_position: -0.08154
BAD root_position: -0.08117
BAD root_position: -0.08056
BAD root_position: -0.07983
BAD root_position: -0.07908
BAD root_position: -0.07843
BAD root_position: -0.07797
BAD root_position: -0.07782
BAD root_position: -0.07782
BAD root_position: -0.07782
BAD root_position: -0.07782
BAD root_position: -0.07781
BAD root_position: -0.07781
BAD root_position: -0.07781
BAD root_position: -0.07788
BAD root_position: -0.07827
BAD root_position: -0.07889
BAD root_position: -0.07962
BAD root_position: -0.08037
BAD root_position: -0.08102
BAD root_position: -0.08146
BAD root_position: -0.08159
BAD root_position: -0.08160
BAD root_position: -0.08160
BAD root_position: -0.08160
BAD root_position: -0.08160
BAD root_position: -0.08160
BAD root_position: -0.08160
BAD root_position: -0.08150
BAD root_position: -0.08108
BAD root_position: -0.08044
BAD root_position: -0.07969
BAD root_position: -0.07894
BAD root_position: -0.07830
BAD root_position: -0.07786
BAD root_position: -0.07774
BAD root_position: -0.07773
BAD root_position: -0.07771
BAD root_position: -0.07769
BAD root_position: -0.07767
BAD root_position: -0.07765
BAD root_position: -0.07763
BAD root_position: -0.07773
BAD root_position: -0.07816
BAD root_position: -0.07882
BAD root_position: -0.07960
BAD root_position: -0.08041
BAD root_position: -0.08113
BAD root_position: -0.08164
BAD root_position: -0.08185
BAD root_position: -0.08196
BAD root_position: -0.08208
BAD root_position: -0.08219
BAD root_position: -0.08230
BAD root_position: -0.08239
BAD root_position: -0.08247
BAD root_position: -0.08238
BAD root_position: -0.08193
BAD root_position: -0.08123
BAD root_position: -0.08040
BAD root_position: -0.07955
BAD root_position: -0.07882
BAD root_position: -0.07831
BAD root_position: -0.07812
BAD root_position: -0.07799
BAD root_position: -0.07787
BAD root_position: -0.07774
BAD root_position: -0.07762
BAD root_position: -0.07751
BAD root_position: -0.07740
BAD root_position: -0.07746
BAD root_position: -0.07781
BAD root_position: -0.07835
BAD root_position: -0.07899
BAD root_position: -0.07964
BAD root_position: -0.08019
BAD root_position: -0.08056
BAD root_position: -0.08067
BAD root_position: -0.08074
BAD root_position: -0.08082
BAD root_position: -0.08091
BAD root_position: -0.08101
BAD root_position: -0.08111
BAD root_position: -0.08121
BAD root_position: -0.08112
BAD root_position: -0.08072
BAD root_position: -0.08013
BAD root_position: -0.07944
BAD root_position: -0.07876
BAD root_position: -0.07819
BAD root_position: -0.07786
BAD root_position: -0.07780
BAD root_position: -0.07779
BAD root_position: -0.07779
BAD root_position: -0.07778
BAD root_position: -0.07776
BAD root_position: -0.07775
BAD root_position: -0.07774
BAD root_position: -0.07795
BAD root_position: -0.07846
BAD root_position: -0.07917
BAD root_position: -0.07998
BAD root_position: -0.08078
BAD root_position: -0.08146
BAD root_position: -0.08190
BAD root_position: -0.08205
BAD root_position: -0.08217
BAD root_position: -0.08229
BAD root_position: -0.08240
BAD root_position: -0.08250
BAD root_position: -0.08259
BAD root_position: -0.08265
BAD root_position: -0.08244
BAD root_position: -0.08190
BAD root_position: -0.08113
BAD root_position: -0.08027
BAD root_position: -0.07944
BAD root_position: -0.07874
BAD root_position: -0.07830
BAD root_position: -0.07815
BAD root_position: -0.07801
BAD root_position: -0.07786
BAD root_position: -0.07771
BAD root_position: -0.07757
BAD root_position: -0.07744
BAD root_position: -0.07733
BAD root_position: -0.07746
BAD root_position: -0.07786
BAD root_position: -0.07842
BAD root_position: -0.07906
BAD root_position: -0.07968
BAD root_position: -0.08018
BAD root_position: -0.08046
BAD root_position: -0.08054
BAD root_position: -0.08061
BAD root_position: -0.08069
BAD root_position: -0.08080
BAD root_position: -0.08091
BAD root_position: -0.08101
BAD root_position: -0.08110
BAD root_position: -0.08092
BAD root_position: -0.08048
BAD root_position: -0.07986
BAD root_position: -0.07917
BAD root_position: -0.07853
BAD root_position: -0.07805
BAD root_position: -0.07781
BAD root_position: -0.07780
BAD root_position: -0.07780
BAD root_position: -0.07781
BAD root_position: -0.07781
BAD root_position: -0.07782
BAD root_position: -0.07782
BAD root_position: -0.07782
BAD root_position: -0.07797
BAD root_position: -0.07841
BAD root_position: -0.07906
BAD root_position: -0.07982
BAD root_position: -0.08061
BAD root_position: -0.08132
BAD root_position: -0.08186
BAD root_position: -0.08213
BAD root_position: -0.08225
BAD root_position: -0.08236
BAD root_position: -0.08248
BAD root_position: -0.08258
BAD root_position: -0.08268
BAD root_position: -0.08276
BAD root_position: -0.08280
BAD root_position: -0.08255
BAD root_position: -0.08200
BAD root_position: -0.08125
BAD root_position: -0.08041
BAD root_position: -0.07959
BAD root_position: -0.07888
BAD root_position: -0.07839
BAD root_position: -0.07818
BAD root_position: -0.07803
BAD root_position: -0.07787
BAD root_position: -0.07771
BAD root_position: -0.07755
BAD root_position: -0.07741
BAD root_position: -0.07728
BAD root_position: -0.07724
BAD root_position: -0.07747
BAD root_position: -0.07790
BAD root_position: -0.07846
BAD root_position: -0.07905
BAD root_position: -0.07962
BAD root_position: -0.08006
BAD root_position: -0.08030
BAD root_position: -0.08036
BAD root_position: -0.08043
BAD root_position: -0.08052
BAD root_position: -0.08061
BAD root_position: -0.08071
BAD root_position: -0.08082
BAD root_position: -0.08093
BAD root_position: -0.08085
BAD root_position: -0.08051
BAD root_position: -0.07999
BAD root_position: -0.07936
BAD root_position: -0.07873
BAD root_position: -0.07821
BAD root_position: -0.07785
BAD root_position: -0.07776
BAD root_position: -0.07777
BAD root_position: -0.07779
BAD root_position: -0.07781
BAD root_position: -0.07783
BAD root_position: -0.07784
BAD root_position: -0.07786
BAD root_position: -0.07790
BAD root_position: -0.07822
BAD root_position: -0.07879
BAD root_position: -0.07952
BAD root_position: -0.08031
BAD root_position: -0.08108
BAD root_position: -0.08173
BAD root_position: -0.08215
BAD root_position: -0.08231
BAD root_position: -0.08243
BAD root_position: -0.08255
BAD root_position: -0.08266
BAD root_position: -0.08276
BAD root_position: -0.08285
BAD root_position: -0.08290
BAD root_position: -0.08282
BAD root_position: -0.08240
BAD root_position: -0.08173
BAD root_position: -0.08092
BAD root_position: -0.08007
BAD root_position: -0.07927
BAD root_position: -0.07865
BAD root_position: -0.07829
BAD root_position: -0.07812
BAD root_position: -0.07794
BAD root_position: -0.07777
BAD root_position: -0.07760
BAD root_position: -0.07744
BAD root_position: -0.07729
BAD root_position: -0.07716
BAD root_position: -0.07725
BAD root_position: -0.07758
BAD root_position: -0.07807
BAD root_position: -0.07864
BAD root_position: -0.07922
BAD root_position: -0.07973
BAD root_position: -0.08008
BAD root_position: -0.08020
BAD root_position: -0.08026
BAD root_position: -0.08034
BAD root_position: -0.08043
BAD root_position: -0.08053
BAD root_position: -0.08064
BAD root_position: -0.08075
BAD root_position: -0.08081
BAD root_position: -0.08061
BAD root_position: -0.08018
BAD root_position: -0.07960
BAD root_position: -0.07898
BAD root_position: -0.07840
BAD root_position: -0.07796
BAD root_position: -0.07774
BAD root_position: -0.07777
BAD root_position: -0.07780
BAD root_position: -0.07784
BAD root_position: -0.07788
BAD root_position: -0.07791
BAD root_position: -0.07794
BAD root_position: -0.07797
BAD root_position: -0.07814
BAD root_position: -0.07860
BAD root_position: -0.07926
BAD root_position: -0.08004
BAD root_position: -0.08084
BAD root_position: -0.08156
BAD root_position: -0.08212
BAD root_position: -0.08239
BAD root_position: -0.08252
BAD root_position: -0.08264
BAD root_position: -0.08276
BAD root_position: -0.08286
BAD root_position: -0.08295
BAD root_position: -0.08303
BAD root_position: -0.08306
BAD root_position: -0.08280
BAD root_position: -0.08223
BAD root_position: -0.08147
BAD root_position: -0.08061
BAD root_position: -0.07976
BAD root_position: -0.07902
BAD root_position: -0.07850
BAD root_position: -0.07826
BAD root_position: -0.07807
BAD root_position: -0.07788
BAD root_position: -0.07769
BAD root_position: -0.07751
BAD root_position: -0.07734
BAD root_position: -0.07719
BAD root_position: -0.07713
BAD root_position: -0.07734
BAD root_position: -0.07775
BAD root_position: -0.07828
BAD root_position: -0.07885
BAD root_position: -0.07939
BAD root_position: -0.07982
BAD root_position: -0.08005
BAD root_position: -0.08011
BAD root_position: -0.08017
BAD root_position: -0.08026
BAD root_position: -0.08036
BAD root_position: -0.08046
BAD root_position: -0.08058
BAD root_position: -0.08070
BAD root_position: -0.08064
BAD root_position: -0.08035
BAD root_position: -0.07984
BAD root_position: -0.07924
BAD root_position: -0.07864
BAD root_position: -0.07812
BAD root_position: -0.07779
BAD root_position: -0.07773
BAD root_position: -0.07777
BAD root_position: -0.07782
BAD root_position: -0.07787
BAD root_position: -0.07792
BAD root_position: -0.07797
BAD root_position: -0.07801
BAD root_position: -0.07808
BAD root_position: -0.07842
BAD root_position: -0.07900
BAD root_position: -0.07974
BAD root_position: -0.08054
BAD root_position: -0.08132
BAD root_position: -0.08198
BAD root_position: -0.08241
BAD root_position: -0.08257
BAD root_position: -0.08269
BAD root_position: -0.08281
BAD root_position: -0.08292
BAD root_position: -0.08301
BAD root_position: -0.08310
BAD root_position: -0.08316
BAD root_position: -0.08307
BAD root_position: -0.08261
BAD root_position: -0.08187
BAD root_position: -0.08099
BAD root_position: -0.08007
BAD root_position: -0.07925
BAD root_position: -0.07863
BAD root_position: -0.07833
BAD root_position: -0.07811
BAD root_position: -0.07790
BAD root_position: -0.07769
BAD root_position: -0.07749
BAD root_position: -0.07731
BAD root_position: -0.07715
BAD root_position: -0.07713
BAD root_position: -0.07739
BAD root_position: -0.07785
BAD root_position: -0.07842
BAD root_position: -0.07901
BAD root_position: -0.07953
BAD root_position: -0.07988
BAD root_position: -0.07999
BAD root_position: -0.08005
BAD root_position: -0.08013
BAD root_position: -0.08023
BAD root_position: -0.08034
BAD root_position: -0.08046
BAD root_position: -0.08059
BAD root_position: -0.08057
BAD root_position: -0.08027
BAD root_position: -0.07976
BAD root_position: -0.07916
BAD root_position: -0.07855
BAD root_position: -0.07805
BAD root_position: -0.07777
BAD root_position: -0.07777
BAD root_position: -0.07784
BAD root_position: -0.07791
BAD root_position: -0.07798
BAD root_position: -0.07804
BAD root_position: -0.07810
BAD root_position: -0.07815
BAD root_position: -0.07838
BAD root_position: -0.07891
BAD root_position: -0.07964
BAD root_position: -0.08048
BAD root_position: -0.08131
BAD root_position: -0.08203
BAD root_position: -0.08252
BAD root_position: -0.08270
BAD root_position: -0.08284
BAD root_position: -0.08296
BAD root_position: -0.08307
BAD root_position: -0.08317
BAD root_position: -0.08325
BAD root_position: -0.08330
BAD root_position: -0.08309
BAD root_position: -0.08254
BAD root_position: -0.08174
BAD root_position: -0.08084
BAD root_position: -0.07995
BAD root_position: -0.07918
BAD root_position: -0.07865
BAD root_position: -0.07841
BAD root_position: -0.07819
BAD root_position: -0.07797
BAD root_position: -0.07776
BAD root_position: -0.07755
BAD root_position: -0.07736
BAD root_position: -0.07720
BAD root_position: -0.07725
BAD root_position: -0.07757
BAD root_position: -0.07805
BAD root_position: -0.07862
BAD root_position: -0.07918
BAD root_position: -0.07965
BAD root_position: -0.07993
BAD root_position: -0.07999
BAD root_position: -0.08006
BAD root_position: -0.08014
BAD root_position: -0.08023
BAD root_position: -0.08038
BAD root_position: -0.08050
BAD root_position: -0.08062
BAD root_position: -0.08052
BAD root_position: -0.08015
BAD root_position: -0.07962
BAD root_position: -0.07901
BAD root_position: -0.07844
BAD root_position: -0.07800
BAD root_position: -0.07781
BAD root_position: -0.07787
BAD root_position: -0.07795
BAD root_position: -0.07803
BAD root_position: -0.07811
BAD root_position: -0.07819
BAD root_position: -0.07826
BAD root_position: -0.07833
BAD root_position: -0.07866
BAD root_position: -0.07926
BAD root_position: -0.08003
BAD root_position: -0.08087
BAD root_position: -0.08168
BAD root_position: -0.08234
BAD root_position: -0.08274
BAD root_position: -0.08288
BAD root_position: -0.08301
BAD root_position: -0.08313
BAD root_position: -0.08324
recorded 500 frames
avg lin_vel_x 0.0444
avg lin_vel_y -0.027
avg yaw -0.0004
computed xvel: 0.171, mean xvel: 0.0444
computed yvel: 0.051, mean yvel: -0.027
computed thetavel: -0.342, mean thetavel: -0.0004
DONE, saving 31_0.171_0.051_-0.342.json
