<frozen importlib._bootstrap>:241: RuntimeWarning: to-Python converter for std::vector<Eigen::Matrix<double, 3, 1, 0, 3, 1>, std::allocator<Eigen::Matrix<double, 3, 1, 0, 3, 1> > > already registered; second conversion method ignored.
<frozen importlib._bootstrap>:241: RuntimeWarning: to-Python converter for boost::python::detail::container_element<std::vector<Eigen::Matrix<double, 3, 1, 0, 3, 1>, std::allocator<Eigen::Matrix<double, 3, 1, 0, 3, 1> > >, unsigned long, boost::python::detail::final_vector_derived_policies<std::vector<Eigen::Matrix<double, 3, 1, 0, 3, 1>, std::allocator<Eigen::Matrix<double, 3, 1, 0, 3, 1> > >, false> > already registered; second conversion method ignored.
<frozen importlib._bootstrap>:241: RuntimeWarning: to-Python converter for std::vector<int, std::allocator<int> > already registered; second conversion method ignored.
<frozen importlib._bootstrap>:241: RuntimeWarning: to-Python converter for std::vector<double, std::allocator<double> > already registered; second conversion method ignored.
<frozen importlib._bootstrap>:241: RuntimeWarning: to-Python converter for std::vector<std::__cxx11::basic_string<char, std::char_traits<char>, std::allocator<char> >, std::allocator<std::__cxx11::basic_string<char, std::char_traits<char>, std::allocator<char> > > > already registered; second conversion method ignored.
WARNING: Can't find trunk frames in the model, can't measure leg spacing
WARNING: Can't find head frames in the model, camera_look_at won't work
gait_parameters {'dx': -0.02, 'dy': -0.03, 'dtheta': -0.13, 'duration': 8, 'hardware': True, 'double_support_ratio': 0.25, 'startend_double_support_ratio': 1.5, 'planned_timesteps': 48, 'replan_timesteps': 10, 'walk_com_height': 0.445, 'walk_foot_height': 0.03, 'walk_trunk_pitch': -5.7, 'walk_foot_rise_ratio': 0.3, 'single_support_duration': 0.45, 'single_support_timesteps': 10, 'foot_length': 0.22, 'feet_spacing': 0.114, 'zmp_margin': 0.02, 'foot_zmp_target_x': 0.0, 'foot_zmp_target_y': 0.0, 'walk_max_dtheta': 1.0, 'walk_max_dy': 0.04, 'walk_max_dx_forward': 0.1, 'walk_max_dx_backward': 0.03, 'joints': ['leg_left_ankle_roll_joint', 'leg_left_ankle_pitch_joint', 'leg_left_knee_pitch_joint', 'leg_left_hip_pitch_joint', 'leg_left_hip_yaw_joint', 'leg_left_hip_roll_joint', 'leg_right_ankle_roll_joint', 'leg_right_ankle_pitch_joint', 'leg_right_knee_pitch_joint', 'leg_right_hip_pitch_joint', 'leg_right_hip_yaw_joint', 'leg_right_hip_roll_joint', 'left_wrist_attachment_joint', 'left_fore_arm_joint', 'left_upper_arm_joint', 'left_shoulder_joint', 'right_wrist_attachment_joint', 'right_fore_arm_joint', 'right_upper_arm_joint', 'right_shoulder_joint'], 'joint_angles': {'left_wrist_attachment_joint': 30, 'left_fore_arm_joint': 0, 'left_upper_arm_joint': 0, 'left_shoulder_joint': 0, 'right_wrist_attachment_joint': -30, 'right_fore_arm_joint': 0, 'right_upper_arm_joint': 0, 'right_shoulder_joint': 0}}
Placing the robot in the initial position...
Initial position reached
{'leg_left_ankle_roll_joint': 0.022560892750194506, 'leg_left_ankle_pitch_joint': -0.5065552719510481, 'leg_left_knee_pitch_joint': 0.9519197214167991, 'leg_left_hip_pitch_joint': -0.3466077024062918, 'leg_left_hip_yaw_joint': -0.05891916139171321, 'leg_left_hip_roll_joint': -0.014315217449787867, 'leg_right_ankle_roll_joint': 0.023278405133639556, 'leg_right_ankle_pitch_joint': -0.5332136707519793, 'leg_right_knee_pitch_joint': 1.037845440587741, 'leg_right_hip_pitch_joint': -0.40589670073458056, 'leg_right_hip_yaw_joint': -0.059475944906154876, 'leg_right_hip_roll_joint': -0.014776354110646638, 'left_wrist_attachment_joint': 0.5235987755982988, 'left_fore_arm_joint': -1.8477033604718284e-24, 'left_upper_arm_joint': 2.3253151494644755e-24, 'left_shoulder_joint': 3.394074373843077e-24, 'right_wrist_attachment_joint': -0.5235987755982988, 'right_fore_arm_joint': 2.071229181878968e-24, 'right_upper_arm_joint': -2.588250071201578e-24, 'right_shoulder_joint': -3.753929762411787e-24}
## period: 1.17
You can open the visualizer by visiting the following URL:
http://127.0.0.1:7002/static/
Viewer URL: http://127.0.0.1:7002/static/
BAD root_position: -0.07735
BAD root_position: -0.07735
BAD root_position: -0.07735
BAD root_position: -0.07735
BAD root_position: -0.07735
BAD root_position: -0.07735
BAD root_position: -0.07735
BAD root_position: -0.07735
BAD root_position: -0.07735
BAD root_position: -0.07735
BAD root_position: -0.07735
BAD root_position: -0.07735
BAD root_position: -0.07735
BAD root_position: -0.07735
BAD root_position: -0.07735
BAD root_position: -0.07735
BAD root_position: -0.07735
BAD root_position: -0.07735
BAD root_position: -0.07735
BAD root_position: -0.07735
BAD root_position: -0.07735
BAD root_position: -0.07735
BAD root_position: -0.07735
BAD root_position: -0.07735
BAD root_position: -0.07735
BAD root_position: -0.07735
BAD root_position: -0.07735
BAD root_position: -0.07735
BAD root_position: -0.07735
BAD root_position: -0.07735
BAD root_position: -0.07734
BAD root_position: -0.07734
BAD root_position: -0.07735
BAD root_position: -0.07759
BAD root_position: -0.07809
BAD root_position: -0.07874
BAD root_position: -0.07946
BAD root_position: -0.08015
BAD root_position: -0.08071
BAD root_position: -0.08107
BAD root_position: -0.08114
BAD root_position: -0.08114
BAD root_position: -0.08114
BAD root_position: -0.08114
BAD root_position: -0.08114
BAD root_position: -0.08114
BAD root_position: -0.08114
BAD root_position: -0.08108
BAD root_position: -0.08071
BAD root_position: -0.08010
BAD root_position: -0.07937
BAD root_position: -0.07862
BAD root_position: -0.07797
BAD root_position: -0.07751
BAD root_position: -0.07736
BAD root_position: -0.07736
BAD root_position: -0.07737
BAD root_position: -0.07737
BAD root_position: -0.07737
BAD root_position: -0.07737
BAD root_position: -0.07738
BAD root_position: -0.07746
BAD root_position: -0.07785
BAD root_position: -0.07847
BAD root_position: -0.07919
BAD root_position: -0.07993
BAD root_position: -0.08056
BAD root_position: -0.08098
BAD root_position: -0.08109
BAD root_position: -0.08106
BAD root_position: -0.08104
BAD root_position: -0.08102
BAD root_position: -0.08100
BAD root_position: -0.08098
BAD root_position: -0.08097
BAD root_position: -0.08086
BAD root_position: -0.08045
BAD root_position: -0.07983
BAD root_position: -0.07911
BAD root_position: -0.07839
BAD root_position: -0.07778
BAD root_position: -0.07739
BAD root_position: -0.07731
BAD root_position: -0.07734
BAD root_position: -0.07737
BAD root_position: -0.07740
BAD root_position: -0.07742
BAD root_position: -0.07745
BAD root_position: -0.07747
BAD root_position: -0.07761
BAD root_position: -0.07807
BAD root_position: -0.07873
BAD root_position: -0.07950
BAD root_position: -0.08025
BAD root_position: -0.08089
BAD root_position: -0.08129
BAD root_position: -0.08137
BAD root_position: -0.08136
BAD root_position: -0.08135
BAD root_position: -0.08133
BAD root_position: -0.08132
BAD root_position: -0.08130
BAD root_position: -0.08129
BAD root_position: -0.08112
BAD root_position: -0.08066
BAD root_position: -0.07998
BAD root_position: -0.07922
BAD root_position: -0.07847
BAD root_position: -0.07785
BAD root_position: -0.07746
BAD root_position: -0.07738
BAD root_position: -0.07738
BAD root_position: -0.07737
BAD root_position: -0.07736
BAD root_position: -0.07735
BAD root_position: -0.07734
BAD root_position: -0.07734
BAD root_position: -0.07750
BAD root_position: -0.07795
BAD root_position: -0.07860
BAD root_position: -0.07933
BAD root_position: -0.08004
BAD root_position: -0.08061
BAD root_position: -0.08094
BAD root_position: -0.08097
BAD root_position: -0.08094
BAD root_position: -0.08091
BAD root_position: -0.08089
BAD root_position: -0.08087
BAD root_position: -0.08085
BAD root_position: -0.08084
BAD root_position: -0.08064
BAD root_position: -0.08017
BAD root_position: -0.07952
BAD root_position: -0.07880
BAD root_position: -0.07811
BAD root_position: -0.07757
BAD root_position: -0.07728
BAD root_position: -0.07728
BAD root_position: -0.07733
BAD root_position: -0.07738
BAD root_position: -0.07742
BAD root_position: -0.07747
BAD root_position: -0.07751
BAD root_position: -0.07755
BAD root_position: -0.07780
BAD root_position: -0.07833
BAD root_position: -0.07905
BAD root_position: -0.07983
BAD root_position: -0.08057
BAD root_position: -0.08116
BAD root_position: -0.08148
BAD root_position: -0.08150
BAD root_position: -0.08149
BAD root_position: -0.08147
BAD root_position: -0.08145
BAD root_position: -0.08143
BAD root_position: -0.08141
BAD root_position: -0.08138
BAD root_position: -0.08111
BAD root_position: -0.08056
BAD root_position: -0.07984
BAD root_position: -0.07906
BAD root_position: -0.07833
BAD root_position: -0.07776
BAD root_position: -0.07745
BAD root_position: -0.07741
BAD root_position: -0.07739
BAD root_position: -0.07737
BAD root_position: -0.07735
BAD root_position: -0.07733
BAD root_position: -0.07731
BAD root_position: -0.07731
BAD root_position: -0.07755
BAD root_position: -0.07806
BAD root_position: -0.07874
BAD root_position: -0.07946
BAD root_position: -0.08013
BAD root_position: -0.08063
BAD root_position: -0.08087
BAD root_position: -0.08084
BAD root_position: -0.08081
BAD root_position: -0.08078
BAD root_position: -0.08076
BAD root_position: -0.08074
BAD root_position: -0.08072
BAD root_position: -0.08070
BAD root_position: -0.08041
BAD root_position: -0.07989
BAD root_position: -0.07922
BAD root_position: -0.07851
BAD root_position: -0.07787
BAD root_position: -0.07742
BAD root_position: -0.07722
BAD root_position: -0.07726
BAD root_position: -0.07733
BAD root_position: -0.07739
BAD root_position: -0.07745
BAD root_position: -0.07751
BAD root_position: -0.07756
BAD root_position: -0.07761
BAD root_position: -0.07781
BAD root_position: -0.07828
BAD root_position: -0.07894
BAD root_position: -0.07969
BAD root_position: -0.08043
BAD root_position: -0.08107
BAD root_position: -0.08150
BAD root_position: -0.08165
BAD root_position: -0.08163
BAD root_position: -0.08161
BAD root_position: -0.08159
BAD root_position: -0.08157
BAD root_position: -0.08154
BAD root_position: -0.08151
BAD root_position: -0.08146
BAD root_position: -0.08116
BAD root_position: -0.08061
BAD root_position: -0.07992
BAD root_position: -0.07916
BAD root_position: -0.07845
BAD root_position: -0.07787
BAD root_position: -0.07751
BAD root_position: -0.07742
BAD root_position: -0.07739
BAD root_position: -0.07736
BAD root_position: -0.07733
BAD root_position: -0.07730
BAD root_position: -0.07727
BAD root_position: -0.07724
BAD root_position: -0.07730
BAD root_position: -0.07765
BAD root_position: -0.07819
BAD root_position: -0.07885
BAD root_position: -0.07952
BAD root_position: -0.08013
BAD root_position: -0.08056
BAD root_position: -0.08075
BAD root_position: -0.08071
BAD root_position: -0.08068
BAD root_position: -0.08065
BAD root_position: -0.08062
BAD root_position: -0.08060
BAD root_position: -0.08059
BAD root_position: -0.08058
BAD root_position: -0.08040
BAD root_position: -0.07996
BAD root_position: -0.07937
BAD root_position: -0.07871
BAD root_position: -0.07808
BAD root_position: -0.07756
BAD root_position: -0.07724
BAD root_position: -0.07720
BAD root_position: -0.07727
BAD root_position: -0.07735
BAD root_position: -0.07742
BAD root_position: -0.07750
BAD root_position: -0.07757
BAD root_position: -0.07764
BAD root_position: -0.07774
BAD root_position: -0.07810
BAD root_position: -0.07869
BAD root_position: -0.07941
BAD root_position: -0.08018
BAD root_position: -0.08089
BAD root_position: -0.08144
BAD root_position: -0.08174
BAD root_position: -0.08177
BAD root_position: -0.08175
BAD root_position: -0.08173
BAD root_position: -0.08170
BAD root_position: -0.08167
BAD root_position: -0.08164
BAD root_position: -0.08158
BAD root_position: -0.08143
BAD root_position: -0.08098
BAD root_position: -0.08034
BAD root_position: -0.07960
BAD root_position: -0.07884
BAD root_position: -0.07818
BAD root_position: -0.07769
BAD root_position: -0.07746
BAD root_position: -0.07742
BAD root_position: -0.07738
BAD root_position: -0.07734
BAD root_position: -0.07730
BAD root_position: -0.07726
BAD root_position: -0.07722
BAD root_position: -0.07719
BAD root_position: -0.07739
BAD root_position: -0.07783
BAD root_position: -0.07844
BAD root_position: -0.07911
BAD root_position: -0.07975
BAD root_position: -0.08027
BAD root_position: -0.08059
BAD root_position: -0.08062
BAD root_position: -0.08058
BAD root_position: -0.08055
BAD root_position: -0.08052
BAD root_position: -0.08049
BAD root_position: -0.08047
BAD root_position: -0.08046
BAD root_position: -0.08041
BAD root_position: -0.08010
BAD root_position: -0.07958
BAD root_position: -0.07896
BAD root_position: -0.07831
BAD root_position: -0.07773
BAD root_position: -0.07731
BAD root_position: -0.07714
BAD root_position: -0.07722
BAD root_position: -0.07731
BAD root_position: -0.07741
BAD root_position: -0.07750
BAD root_position: -0.07759
BAD root_position: -0.07768
BAD root_position: -0.07776
BAD root_position: -0.07798
BAD root_position: -0.07848
BAD root_position: -0.07916
BAD root_position: -0.07992
BAD root_position: -0.08067
BAD root_position: -0.08132
BAD root_position: -0.08177
BAD root_position: -0.08191
BAD root_position: -0.08190
BAD root_position: -0.08187
BAD root_position: -0.08185
BAD root_position: -0.08181
BAD root_position: -0.08177
BAD root_position: -0.08173
BAD root_position: -0.08167
BAD root_position: -0.08135
BAD root_position: -0.08078
BAD root_position: -0.08007
BAD root_position: -0.07930
BAD root_position: -0.07857
BAD root_position: -0.07797
BAD root_position: -0.07759
BAD root_position: -0.07748
BAD root_position: -0.07743
BAD root_position: -0.07738
BAD root_position: -0.07732
BAD root_position: -0.07727
BAD root_position: -0.07722
BAD root_position: -0.07718
BAD root_position: -0.07722
BAD root_position: -0.07754
BAD root_position: -0.07807
BAD root_position: -0.07871
BAD root_position: -0.07936
BAD root_position: -0.07994
BAD root_position: -0.08037
BAD root_position: -0.08053
BAD root_position: -0.08050
BAD root_position: -0.08045
BAD root_position: -0.08042
BAD root_position: -0.08039
BAD root_position: -0.08037
BAD root_position: -0.08036
BAD root_position: -0.08035
BAD root_position: -0.08018
BAD root_position: -0.07977
BAD root_position: -0.07920
BAD root_position: -0.07856
BAD root_position: -0.07795
BAD root_position: -0.07745
BAD root_position: -0.07715
BAD root_position: -0.07714
BAD root_position: -0.07725
BAD root_position: -0.07735
BAD root_position: -0.07747
BAD root_position: -0.07757
BAD root_position: -0.07768
BAD root_position: -0.07778
BAD root_position: -0.07790
BAD root_position: -0.07828
BAD root_position: -0.07889
BAD root_position: -0.07963
BAD root_position: -0.08041
BAD root_position: -0.08113
BAD root_position: -0.08169
BAD root_position: -0.08200
BAD root_position: -0.08203
BAD root_position: -0.08200
BAD root_position: -0.08197
BAD root_position: -0.08193
BAD root_position: -0.08189
BAD root_position: -0.08185
BAD root_position: -0.08180
BAD root_position: -0.08162
BAD root_position: -0.08113
BAD root_position: -0.08043
BAD root_position: -0.07962
BAD root_position: -0.07883
BAD root_position: -0.07814
BAD root_position: -0.07768
BAD root_position: -0.07752
BAD root_position: -0.07745
BAD root_position: -0.07738
BAD root_position: -0.07732
BAD root_position: -0.07725
BAD root_position: -0.07719
BAD root_position: -0.07714
BAD root_position: -0.07723
BAD root_position: -0.07761
BAD root_position: -0.07820
BAD root_position: -0.07887
BAD root_position: -0.07953
BAD root_position: -0.08007
BAD root_position: -0.08039
BAD root_position: -0.08042
BAD root_position: -0.08037
BAD root_position: -0.08033
BAD root_position: -0.08030
BAD root_position: -0.08027
BAD root_position: -0.08026
BAD root_position: -0.08025
BAD root_position: -0.08011
BAD root_position: -0.07970
BAD root_position: -0.07911
BAD root_position: -0.07846
BAD root_position: -0.07784
BAD root_position: -0.07736
BAD root_position: -0.07711
BAD root_position: -0.07717
BAD root_position: -0.07730
BAD root_position: -0.07743
BAD root_position: -0.07756
BAD root_position: -0.07769
BAD root_position: -0.07781
BAD root_position: -0.07792
BAD root_position: -0.07820
BAD root_position: -0.07877
BAD root_position: -0.07952
BAD root_position: -0.08035
BAD root_position: -0.08113
BAD root_position: -0.08176
BAD root_position: -0.08212
BAD root_position: -0.08216
BAD root_position: -0.08214
BAD root_position: -0.08211
BAD root_position: -0.08207
BAD root_position: -0.08202
BAD root_position: -0.08196
BAD root_position: -0.08190
BAD root_position: -0.08162
BAD root_position: -0.08105
BAD root_position: -0.08030
BAD root_position: -0.07948
BAD root_position: -0.07871
BAD root_position: -0.07808
BAD root_position: -0.07770
BAD root_position: -0.07760
BAD root_position: -0.07753
BAD root_position: -0.07745
BAD root_position: -0.07738
BAD root_position: -0.07730
BAD root_position: -0.07723
BAD root_position: -0.07717
BAD root_position: -0.07734
BAD root_position: -0.07778
BAD root_position: -0.07839
BAD root_position: -0.07905
BAD root_position: -0.07968
BAD root_position: -0.08015
BAD root_position: -0.08038
BAD root_position: -0.08035
BAD root_position: -0.08030
BAD root_position: -0.08026
BAD root_position: -0.08023
BAD root_position: -0.08022
BAD root_position: -0.08021
BAD root_position: -0.08020
BAD root_position: -0.07997
BAD root_position: -0.07951
BAD root_position: -0.07890
BAD root_position: -0.07826
BAD root_position: -0.07768
BAD root_position: -0.07727
BAD root_position: -0.07712
BAD root_position: -0.07724
BAD root_position: -0.07738
BAD root_position: -0.07752
BAD root_position: -0.07767
BAD root_position: -0.07781
BAD root_position: -0.07794
BAD root_position: -0.07807
BAD root_position: -0.07845
BAD root_position: -0.07909
BAD root_position: -0.07988
BAD root_position: -0.08071
BAD root_position: -0.08146
BAD root_position: -0.08202
BAD root_position: -0.08229
BAD root_position: -0.08229
BAD root_position: -0.08226
BAD root_position: -0.08222
BAD root_position: -0.08217
recorded 500 frames
avg lin_vel_x -0.0356
avg lin_vel_y -0.0337
avg yaw -0.0002
computed xvel: -0.034, mean xvel: -0.0356
computed yvel: -0.051, mean yvel: -0.0337
computed thetavel: -0.222, mean thetavel: -0.0002
DONE, saving 33_-0.034_-0.051_-0.222.json
