<frozen importlib._bootstrap>:241: RuntimeWarning: to-Python converter for std::vector<Eigen::Matrix<double, 3, 1, 0, 3, 1>, std::allocator<Eigen::Matrix<double, 3, 1, 0, 3, 1> > > already registered; second conversion method ignored.
<frozen importlib._bootstrap>:241: RuntimeWarning: to-Python converter for boost::python::detail::container_element<std::vector<Eigen::Matrix<double, 3, 1, 0, 3, 1>, std::allocator<Eigen::Matrix<double, 3, 1, 0, 3, 1> > >, unsigned long, boost::python::detail::final_vector_derived_policies<std::vector<Eigen::Matrix<double, 3, 1, 0, 3, 1>, std::allocator<Eigen::Matrix<double, 3, 1, 0, 3, 1> > >, false> > already registered; second conversion method ignored.
<frozen importlib._bootstrap>:241: RuntimeWarning: to-Python converter for std::vector<int, std::allocator<int> > already registered; second conversion method ignored.
<frozen importlib._bootstrap>:241: RuntimeWarning: to-Python converter for std::vector<double, std::allocator<double> > already registered; second conversion method ignored.
<frozen importlib._bootstrap>:241: RuntimeWarning: to-Python converter for std::vector<std::__cxx11::basic_string<char, std::char_traits<char>, std::allocator<char> >, std::allocator<std::__cxx11::basic_string<char, std::char_traits<char>, std::allocator<char> > > > already registered; second conversion method ignored.
WARNING: Can't find trunk frames in the model, can't measure leg spacing
WARNING: Can't find head frames in the model, camera_look_at won't work
gait_parameters {'dx': 0.0, 'dy': -0.03, 'dtheta': -0.13, 'duration': 8, 'hardware': True, 'double_support_ratio': 0.25, 'startend_double_support_ratio': 1.5, 'planned_timesteps': 48, 'replan_timesteps': 10, 'walk_com_height': 0.445, 'walk_foot_height': 0.03, 'walk_trunk_pitch': -5.7, 'walk_foot_rise_ratio': 0.3, 'single_support_duration': 0.45, 'single_support_timesteps': 10, 'foot_length': 0.22, 'feet_spacing': 0.114, 'zmp_margin': 0.02, 'foot_zmp_target_x': 0.0, 'foot_zmp_target_y': 0.0, 'walk_max_dtheta': 1.0, 'walk_max_dy': 0.04, 'walk_max_dx_forward': 0.1, 'walk_max_dx_backward': 0.03, 'joints': ['leg_left_ankle_roll_joint', 'leg_left_ankle_pitch_joint', 'leg_left_knee_pitch_joint', 'leg_left_hip_pitch_joint', 'leg_left_hip_yaw_joint', 'leg_left_hip_roll_joint', 'leg_right_ankle_roll_joint', 'leg_right_ankle_pitch_joint', 'leg_right_knee_pitch_joint', 'leg_right_hip_pitch_joint', 'leg_right_hip_yaw_joint', 'leg_right_hip_roll_joint', 'left_wrist_attachment_joint', 'left_fore_arm_joint', 'left_upper_arm_joint', 'left_shoulder_joint', 'right_wrist_attachment_joint', 'right_fore_arm_joint', 'right_upper_arm_joint', 'right_shoulder_joint'], 'joint_angles': {'left_wrist_attachment_joint': 30, 'left_fore_arm_joint': 0, 'left_upper_arm_joint': 0, 'left_shoulder_joint': 0, 'right_wrist_attachment_joint': -30, 'right_fore_arm_joint': 0, 'right_upper_arm_joint': 0, 'right_shoulder_joint': 0}}
Placing the robot in the initial position...
Initial position reached
{'leg_left_ankle_roll_joint': 0.021947437135789692, 'leg_left_ankle_pitch_joint': -0.5104698125520477, 'leg_left_knee_pitch_joint': 0.9600307880273412, 'leg_left_hip_pitch_joint': -0.35078138207004844, 'leg_left_hip_yaw_joint': -0.05844471944130066, 'leg_left_hip_roll_joint': -0.013925658666512391, 'leg_right_ankle_roll_joint': 0.02265578367290763, 'leg_right_ankle_pitch_joint': -0.5366183711986691, 'leg_right_knee_pitch_joint': 1.0449786123455738, 'leg_right_hip_pitch_joint': -0.40960176445669677, 'leg_right_hip_yaw_joint': -0.0589944246988084, 'leg_right_hip_roll_joint': -0.014380949005344349, 'left_wrist_attachment_joint': 0.5235987755982988, 'left_fore_arm_joint': 3.338565700338643e-24, 'left_upper_arm_joint': -4.565734892355646e-24, 'left_shoulder_joint': -7.090346767781878e-24, 'right_wrist_attachment_joint': -0.5235987755982988, 'right_fore_arm_joint': -4.263395688921623e-24, 'right_upper_arm_joint': 5.59180787990965e-24, 'right_shoulder_joint': 6.610337792348294e-24}
## period: 1.17
You can open the visualizer by visiting the following URL:
http://127.0.0.1:7003/static/
Viewer URL: http://127.0.0.1:7003/static/
BAD root_position: -0.07789
BAD root_position: -0.07789
BAD root_position: -0.07789
BAD root_position: -0.07789
BAD root_position: -0.07789
BAD root_position: -0.07789
BAD root_position: -0.07789
BAD root_position: -0.07789
BAD root_position: -0.07789
BAD root_position: -0.07789
BAD root_position: -0.07789
BAD root_position: -0.07789
BAD root_position: -0.07789
BAD root_position: -0.07789
BAD root_position: -0.07789
BAD root_position: -0.07789
BAD root_position: -0.07789
BAD root_position: -0.07789
BAD root_position: -0.07789
BAD root_position: -0.07789
BAD root_position: -0.07789
BAD root_position: -0.07789
BAD root_position: -0.07789
BAD root_position: -0.07789
BAD root_position: -0.07789
BAD root_position: -0.07789
BAD root_position: -0.07789
BAD root_position: -0.07789
BAD root_position: -0.07788
BAD root_position: -0.07788
BAD root_position: -0.07788
BAD root_position: -0.07788
BAD root_position: -0.07789
BAD root_position: -0.07813
BAD root_position: -0.07862
BAD root_position: -0.07927
BAD root_position: -0.07999
BAD root_position: -0.08068
BAD root_position: -0.08125
BAD root_position: -0.08160
BAD root_position: -0.08167
BAD root_position: -0.08167
BAD root_position: -0.08167
BAD root_position: -0.08167
BAD root_position: -0.08167
BAD root_position: -0.08167
BAD root_position: -0.08167
BAD root_position: -0.08161
BAD root_position: -0.08124
BAD root_position: -0.08063
BAD root_position: -0.07990
BAD root_position: -0.07915
BAD root_position: -0.07850
BAD root_position: -0.07804
BAD root_position: -0.07789
BAD root_position: -0.07789
BAD root_position: -0.07789
BAD root_position: -0.07789
BAD root_position: -0.07789
BAD root_position: -0.07789
BAD root_position: -0.07788
BAD root_position: -0.07797
BAD root_position: -0.07836
BAD root_position: -0.07897
BAD root_position: -0.07971
BAD root_position: -0.08046
BAD root_position: -0.08111
BAD root_position: -0.08156
BAD root_position: -0.08170
BAD root_position: -0.08170
BAD root_position: -0.08171
BAD root_position: -0.08172
BAD root_position: -0.08173
BAD root_position: -0.08174
BAD root_position: -0.08174
BAD root_position: -0.08165
BAD root_position: -0.08124
BAD root_position: -0.08061
BAD root_position: -0.07986
BAD root_position: -0.07911
BAD root_position: -0.07847
BAD root_position: -0.07804
BAD root_position: -0.07792
BAD root_position: -0.07791
BAD root_position: -0.07791
BAD root_position: -0.07790
BAD root_position: -0.07789
BAD root_position: -0.07788
BAD root_position: -0.07787
BAD root_position: -0.07798
BAD root_position: -0.07840
BAD root_position: -0.07903
BAD root_position: -0.07976
BAD root_position: -0.08050
BAD root_position: -0.08112
BAD root_position: -0.08153
BAD root_position: -0.08164
BAD root_position: -0.08165
BAD root_position: -0.08167
BAD root_position: -0.08168
BAD root_position: -0.08170
BAD root_position: -0.08172
BAD root_position: -0.08174
BAD root_position: -0.08161
BAD root_position: -0.08117
BAD root_position: -0.08052
BAD root_position: -0.07978
BAD root_position: -0.07904
BAD root_position: -0.07842
BAD root_position: -0.07803
BAD root_position: -0.07794
BAD root_position: -0.07793
BAD root_position: -0.07791
BAD root_position: -0.07789
BAD root_position: -0.07788
BAD root_position: -0.07786
BAD root_position: -0.07784
BAD root_position: -0.07800
BAD root_position: -0.07845
BAD root_position: -0.07910
BAD root_position: -0.07984
BAD root_position: -0.08056
BAD root_position: -0.08116
BAD root_position: -0.08151
BAD root_position: -0.08157
BAD root_position: -0.08157
BAD root_position: -0.08157
BAD root_position: -0.08158
BAD root_position: -0.08158
BAD root_position: -0.08159
BAD root_position: -0.08160
BAD root_position: -0.08142
BAD root_position: -0.08094
BAD root_position: -0.08027
BAD root_position: -0.07953
BAD root_position: -0.07882
BAD root_position: -0.07824
BAD root_position: -0.07791
BAD root_position: -0.07788
BAD root_position: -0.07790
BAD root_position: -0.07791
BAD root_position: -0.07792
BAD root_position: -0.07794
BAD root_position: -0.07795
BAD root_position: -0.07795
BAD root_position: -0.07817
BAD root_position: -0.07868
BAD root_position: -0.07936
BAD root_position: -0.08012
BAD root_position: -0.08084
BAD root_position: -0.08142
BAD root_position: -0.08175
BAD root_position: -0.08180
BAD root_position: -0.08181
BAD root_position: -0.08182
BAD root_position: -0.08183
BAD root_position: -0.08184
BAD root_position: -0.08185
BAD root_position: -0.08185
BAD root_position: -0.08162
BAD root_position: -0.08109
BAD root_position: -0.08040
BAD root_position: -0.07963
BAD root_position: -0.07891
BAD root_position: -0.07833
BAD root_position: -0.07801
BAD root_position: -0.07797
BAD root_position: -0.07794
BAD root_position: -0.07791
BAD root_position: -0.07788
BAD root_position: -0.07785
BAD root_position: -0.07782
BAD root_position: -0.07780
BAD root_position: -0.07804
BAD root_position: -0.07855
BAD root_position: -0.07923
BAD root_position: -0.07996
BAD root_position: -0.08064
BAD root_position: -0.08117
BAD root_position: -0.08143
BAD root_position: -0.08143
BAD root_position: -0.08143
BAD root_position: -0.08143
BAD root_position: -0.08143
BAD root_position: -0.08144
BAD root_position: -0.08144
BAD root_position: -0.08144
BAD root_position: -0.08117
BAD root_position: -0.08063
BAD root_position: -0.07995
BAD root_position: -0.07922
BAD root_position: -0.07855
BAD root_position: -0.07807
BAD root_position: -0.07784
BAD root_position: -0.07786
BAD root_position: -0.07789
BAD root_position: -0.07793
BAD root_position: -0.07796
BAD root_position: -0.07799
BAD root_position: -0.07802
BAD root_position: -0.07804
BAD root_position: -0.07821
BAD root_position: -0.07866
BAD root_position: -0.07929
BAD root_position: -0.08001
BAD root_position: -0.08073
BAD root_position: -0.08135
BAD root_position: -0.08179
BAD root_position: -0.08195
BAD root_position: -0.08196
BAD root_position: -0.08197
BAD root_position: -0.08198
BAD root_position: -0.08198
BAD root_position: -0.08198
BAD root_position: -0.08198
BAD root_position: -0.08196
BAD root_position: -0.08168
BAD root_position: -0.08116
BAD root_position: -0.08048
BAD root_position: -0.07974
BAD root_position: -0.07903
BAD root_position: -0.07845
BAD root_position: -0.07808
BAD root_position: -0.07799
BAD root_position: -0.07795
BAD root_position: -0.07791
BAD root_position: -0.07787
BAD root_position: -0.07782
BAD root_position: -0.07778
BAD root_position: -0.07775
BAD root_position: -0.07780
BAD root_position: -0.07814
BAD root_position: -0.07868
BAD root_position: -0.07934
BAD root_position: -0.08002
BAD root_position: -0.08064
BAD root_position: -0.08110
BAD root_position: -0.08130
BAD root_position: -0.08129
BAD root_position: -0.08128
BAD root_position: -0.08128
BAD root_position: -0.08128
BAD root_position: -0.08128
BAD root_position: -0.08129
BAD root_position: -0.08130
BAD root_position: -0.08113
BAD root_position: -0.08070
BAD root_position: -0.08010
BAD root_position: -0.07942
BAD root_position: -0.07876
BAD root_position: -0.07822
BAD root_position: -0.07787
BAD root_position: -0.07781
BAD root_position: -0.07786
BAD root_position: -0.07791
BAD root_position: -0.07796
BAD root_position: -0.07801
BAD root_position: -0.07806
BAD root_position: -0.07810
BAD root_position: -0.07818
BAD root_position: -0.07851
BAD root_position: -0.07907
BAD root_position: -0.07977
BAD root_position: -0.08051
BAD root_position: -0.08121
BAD root_position: -0.08176
BAD root_position: -0.08207
BAD root_position: -0.08211
BAD root_position: -0.08212
BAD root_position: -0.08212
BAD root_position: -0.08212
BAD root_position: -0.08212
BAD root_position: -0.08211
BAD root_position: -0.08209
BAD root_position: -0.08196
BAD root_position: -0.08154
BAD root_position: -0.08091
BAD root_position: -0.08018
BAD root_position: -0.07944
BAD root_position: -0.07877
BAD root_position: -0.07828
BAD root_position: -0.07804
BAD root_position: -0.07799
BAD root_position: -0.07794
BAD root_position: -0.07788
BAD root_position: -0.07783
BAD root_position: -0.07778
BAD root_position: -0.07773
BAD root_position: -0.07769
BAD root_position: -0.07788
BAD root_position: -0.07832
BAD root_position: -0.07892
BAD root_position: -0.07960
BAD root_position: -0.08025
BAD root_position: -0.08078
BAD root_position: -0.08112
BAD root_position: -0.08118
BAD root_position: -0.08116
BAD root_position: -0.08115
BAD root_position: -0.08114
BAD root_position: -0.08114
BAD root_position: -0.08115
BAD root_position: -0.08116
BAD root_position: -0.08112
BAD root_position: -0.08081
BAD root_position: -0.08030
BAD root_position: -0.07966
BAD root_position: -0.07900
BAD root_position: -0.07840
BAD root_position: -0.07796
BAD root_position: -0.07776
BAD root_position: -0.07782
BAD root_position: -0.07789
BAD root_position: -0.07797
BAD root_position: -0.07804
BAD root_position: -0.07811
BAD root_position: -0.07817
BAD root_position: -0.07823
BAD root_position: -0.07843
BAD root_position: -0.07890
BAD root_position: -0.07955
BAD root_position: -0.08029
BAD root_position: -0.08103
BAD root_position: -0.08167
BAD root_position: -0.08211
BAD root_position: -0.08227
BAD root_position: -0.08228
BAD root_position: -0.08228
BAD root_position: -0.08228
BAD root_position: -0.08227
BAD root_position: -0.08226
BAD root_position: -0.08224
BAD root_position: -0.08220
BAD root_position: -0.08190
BAD root_position: -0.08136
BAD root_position: -0.08066
BAD root_position: -0.07989
BAD root_position: -0.07917
BAD root_position: -0.07857
BAD root_position: -0.07818
BAD root_position: -0.07806
BAD root_position: -0.07800
BAD root_position: -0.07793
BAD root_position: -0.07787
BAD root_position: -0.07780
BAD root_position: -0.07774
BAD root_position: -0.07769
BAD root_position: -0.07772
BAD root_position: -0.07803
BAD root_position: -0.07856
BAD root_position: -0.07919
BAD root_position: -0.07985
BAD root_position: -0.08045
BAD root_position: -0.08088
BAD root_position: -0.08107
BAD root_position: -0.08105
BAD root_position: -0.08103
BAD root_position: -0.08102
BAD root_position: -0.08102
BAD root_position: -0.08102
BAD root_position: -0.08103
BAD root_position: -0.08104
BAD root_position: -0.08088
BAD root_position: -0.08048
BAD root_position: -0.07990
BAD root_position: -0.07925
BAD root_position: -0.07862
BAD root_position: -0.07810
BAD root_position: -0.07779
BAD root_position: -0.07776
BAD root_position: -0.07785
BAD root_position: -0.07794
BAD root_position: -0.07803
BAD root_position: -0.07812
BAD root_position: -0.07820
BAD root_position: -0.07828
BAD root_position: -0.07839
BAD root_position: -0.07875
BAD root_position: -0.07933
BAD root_position: -0.08005
BAD root_position: -0.08081
BAD root_position: -0.08151
BAD root_position: -0.08207
BAD root_position: -0.08239
BAD root_position: -0.08243
BAD root_position: -0.08242
BAD root_position: -0.08241
BAD root_position: -0.08240
BAD root_position: -0.08239
BAD root_position: -0.08236
BAD root_position: -0.08233
BAD root_position: -0.08218
BAD root_position: -0.08171
BAD root_position: -0.08103
BAD root_position: -0.08023
BAD root_position: -0.07944
BAD root_position: -0.07876
BAD root_position: -0.07828
BAD root_position: -0.07811
BAD root_position: -0.07803
BAD root_position: -0.07795
BAD root_position: -0.07787
BAD root_position: -0.07779
BAD root_position: -0.07772
BAD root_position: -0.07766
BAD root_position: -0.07773
BAD root_position: -0.07811
BAD root_position: -0.07869
BAD root_position: -0.07936
BAD root_position: -0.08003
BAD root_position: -0.08058
BAD root_position: -0.08092
BAD root_position: -0.08096
BAD root_position: -0.08094
BAD root_position: -0.08092
BAD root_position: -0.08091
BAD root_position: -0.08091
BAD root_position: -0.08091
BAD root_position: -0.08093
BAD root_position: -0.08080
BAD root_position: -0.08039
BAD root_position: -0.07981
BAD root_position: -0.07915
BAD root_position: -0.07851
BAD root_position: -0.07801
BAD root_position: -0.07775
BAD root_position: -0.07779
BAD root_position: -0.07790
BAD root_position: -0.07802
BAD root_position: -0.07813
BAD root_position: -0.07824
BAD root_position: -0.07835
BAD root_position: -0.07844
BAD root_position: -0.07870
BAD root_position: -0.07925
BAD root_position: -0.07998
BAD root_position: -0.08078
BAD root_position: -0.08154
BAD root_position: -0.08216
BAD root_position: -0.08253
BAD root_position: -0.08259
BAD root_position: -0.08259
BAD root_position: -0.08258
BAD root_position: -0.08256
BAD root_position: -0.08254
BAD root_position: -0.08250
BAD root_position: -0.08246
BAD root_position: -0.08220
BAD root_position: -0.08165
BAD root_position: -0.08091
BAD root_position: -0.08011
BAD root_position: -0.07934
BAD root_position: -0.07870
BAD root_position: -0.07831
BAD root_position: -0.07820
BAD root_position: -0.07812
BAD root_position: -0.07803
BAD root_position: -0.07794
BAD root_position: -0.07785
BAD root_position: -0.07777
BAD root_position: -0.07770
BAD root_position: -0.07785
BAD root_position: -0.07829
BAD root_position: -0.07889
BAD root_position: -0.07955
BAD root_position: -0.08018
BAD root_position: -0.08067
BAD root_position: -0.08092
BAD root_position: -0.08090
BAD root_position: -0.08087
BAD root_position: -0.08085
BAD root_position: -0.08084
BAD root_position: -0.08086
BAD root_position: -0.08087
BAD root_position: -0.08088
BAD root_position: -0.08066
BAD root_position: -0.08020
BAD root_position: -0.07959
BAD root_position: -0.07894
BAD root_position: -0.07835
BAD root_position: -0.07792
BAD root_position: -0.07776
BAD root_position: -0.07787
BAD root_position: -0.07800
BAD root_position: -0.07813
BAD root_position: -0.07826
BAD root_position: -0.07838
BAD root_position: -0.07850
BAD root_position: -0.07862
BAD root_position: -0.07898
BAD root_position: -0.07960
BAD root_position: -0.08037
BAD root_position: -0.08117
BAD root_position: -0.08191
BAD root_position: -0.08247
BAD root_position: -0.08274
BAD root_position: -0.08276
BAD root_position: -0.08275
BAD root_position: -0.08273
BAD root_position: -0.08271
recorded 500 frames
avg lin_vel_x -0.0261
avg lin_vel_y -0.0446
avg yaw -0.0003
computed xvel: 0.0, mean xvel: -0.0261
computed yvel: -0.051, mean yvel: -0.0446
computed thetavel: -0.222, mean thetavel: -0.0003
DONE, saving 34_0.0_-0.051_-0.222.json
