<frozen importlib._bootstrap>:241: RuntimeWarning: to-Python converter for std::vector<Eigen::Matrix<double, 3, 1, 0, 3, 1>, std::allocator<Eigen::Matrix<double, 3, 1, 0, 3, 1> > > already registered; second conversion method ignored.
<frozen importlib._bootstrap>:241: RuntimeWarning: to-Python converter for boost::python::detail::container_element<std::vector<Eigen::Matrix<double, 3, 1, 0, 3, 1>, std::allocator<Eigen::Matrix<double, 3, 1, 0, 3, 1> > >, unsigned long, boost::python::detail::final_vector_derived_policies<std::vector<Eigen::Matrix<double, 3, 1, 0, 3, 1>, std::allocator<Eigen::Matrix<double, 3, 1, 0, 3, 1> > >, false> > already registered; second conversion method ignored.
<frozen importlib._bootstrap>:241: RuntimeWarning: to-Python converter for std::vector<int, std::allocator<int> > already registered; second conversion method ignored.
<frozen importlib._bootstrap>:241: RuntimeWarning: to-Python converter for std::vector<double, std::allocator<double> > already registered; second conversion method ignored.
<frozen importlib._bootstrap>:241: RuntimeWarning: to-Python converter for std::vector<std::__cxx11::basic_string<char, std::char_traits<char>, std::allocator<char> >, std::allocator<std::__cxx11::basic_string<char, std::char_traits<char>, std::allocator<char> > > > already registered; second conversion method ignored.
WARNING: Can't find trunk frames in the model, can't measure leg spacing
WARNING: Can't find head frames in the model, camera_look_at won't work
gait_parameters {'dx': 0.06, 'dy': -0.03, 'dtheta': -0.13, 'duration': 8, 'hardware': True, 'double_support_ratio': 0.25, 'startend_double_support_ratio': 1.5, 'planned_timesteps': 48, 'replan_timesteps': 10, 'walk_com_height': 0.445, 'walk_foot_height': 0.03, 'walk_trunk_pitch': -5.7, 'walk_foot_rise_ratio': 0.3, 'single_support_duration': 0.45, 'single_support_timesteps': 10, 'foot_length': 0.22, 'feet_spacing': 0.114, 'zmp_margin': 0.02, 'foot_zmp_target_x': 0.0, 'foot_zmp_target_y': 0.0, 'walk_max_dtheta': 1.0, 'walk_max_dy': 0.04, 'walk_max_dx_forward': 0.1, 'walk_max_dx_backward': 0.03, 'joints': ['leg_left_ankle_roll_joint', 'leg_left_ankle_pitch_joint', 'leg_left_knee_pitch_joint', 'leg_left_hip_pitch_joint', 'leg_left_hip_yaw_joint', 'leg_left_hip_roll_joint', 'leg_right_ankle_roll_joint', 'leg_right_ankle_pitch_joint', 'leg_right_knee_pitch_joint', 'leg_right_hip_pitch_joint', 'leg_right_hip_yaw_joint', 'leg_right_hip_roll_joint', 'left_wrist_attachment_joint', 'left_fore_arm_joint', 'left_upper_arm_joint', 'left_shoulder_joint', 'right_wrist_attachment_joint', 'right_fore_arm_joint', 'right_upper_arm_joint', 'right_shoulder_joint'], 'joint_angles': {'left_wrist_attachment_joint': 30, 'left_fore_arm_joint': 0, 'left_upper_arm_joint': 0, 'left_shoulder_joint': 0, 'right_wrist_attachment_joint': -30, 'right_fore_arm_joint': 0, 'right_upper_arm_joint': 0, 'right_shoulder_joint': 0}}
Placing the robot in the initial position...
Initial position reached
{'leg_left_ankle_roll_joint': 0.021869862154996852, 'leg_left_ankle_pitch_joint': -0.5110941902007903, 'leg_left_knee_pitch_joint': 0.9613226127073179, 'leg_left_hip_pitch_joint': -0.35144595328127154, 'leg_left_hip_yaw_joint': -0.058384722903926094, 'leg_left_hip_roll_joint': -0.01387639826821487, 'leg_right_ankle_roll_joint': 0.022577088164722457, 'leg_right_ankle_pitch_joint': -0.5371680541851624, 'leg_right_knee_pitch_joint': 1.0461280713272065, 'leg_right_hip_pitch_joint': -0.41019859550139426, 'leg_right_hip_yaw_joint': -0.058933562861280285, 'leg_right_hip_roll_joint': -0.01433097384629152, 'left_wrist_attachment_joint': 0.5235987755982988, 'left_fore_arm_joint': -3.2573059355783608e-24, 'left_upper_arm_joint': 4.335167685872915e-24, 'left_shoulder_joint': 6.325898426755805e-24, 'right_wrist_attachment_joint': -0.5235987755982988, 'right_fore_arm_joint': 3.827806843092695e-24, 'right_upper_arm_joint': -4.994600197643073e-24, 'right_shoulder_joint': -6.508925249421831e-24}
## period: 1.17
You can open the visualizer by visiting the following URL:
http://127.0.0.1:7006/static/
Viewer URL: http://127.0.0.1:7006/static/
BAD root_position: -0.07798
BAD root_position: -0.07798
BAD root_position: -0.07798
BAD root_position: -0.07798
BAD root_position: -0.07798
BAD root_position: -0.07798
BAD root_position: -0.07798
BAD root_position: -0.07798
BAD root_position: -0.07798
BAD root_position: -0.07798
BAD root_position: -0.07798
BAD root_position: -0.07798
BAD root_position: -0.07798
BAD root_position: -0.07798
BAD root_position: -0.07798
BAD root_position: -0.07798
BAD root_position: -0.07798
BAD root_position: -0.07798
BAD root_position: -0.07798
BAD root_position: -0.07798
BAD root_position: -0.07798
BAD root_position: -0.07798
BAD root_position: -0.07798
BAD root_position: -0.07798
BAD root_position: -0.07798
BAD root_position: -0.07797
BAD root_position: -0.07797
BAD root_position: -0.07797
BAD root_position: -0.07797
BAD root_position: -0.07797
BAD root_position: -0.07797
BAD root_position: -0.07797
BAD root_position: -0.07798
BAD root_position: -0.07822
BAD root_position: -0.07871
BAD root_position: -0.07936
BAD root_position: -0.08008
BAD root_position: -0.08077
BAD root_position: -0.08133
BAD root_position: -0.08168
BAD root_position: -0.08175
BAD root_position: -0.08175
BAD root_position: -0.08175
BAD root_position: -0.08175
BAD root_position: -0.08175
BAD root_position: -0.08175
BAD root_position: -0.08175
BAD root_position: -0.08168
BAD root_position: -0.08131
BAD root_position: -0.08070
BAD root_position: -0.07997
BAD root_position: -0.07922
BAD root_position: -0.07856
BAD root_position: -0.07810
BAD root_position: -0.07795
BAD root_position: -0.07794
BAD root_position: -0.07793
BAD root_position: -0.07792
BAD root_position: -0.07791
BAD root_position: -0.07789
BAD root_position: -0.07788
BAD root_position: -0.07795
BAD root_position: -0.07834
BAD root_position: -0.07897
BAD root_position: -0.07974
BAD root_position: -0.08054
BAD root_position: -0.08126
BAD root_position: -0.08179
BAD root_position: -0.08201
BAD root_position: -0.08210
BAD root_position: -0.08220
BAD root_position: -0.08229
BAD root_position: -0.08237
BAD root_position: -0.08245
BAD root_position: -0.08252
BAD root_position: -0.08246
BAD root_position: -0.08204
BAD root_position: -0.08137
BAD root_position: -0.08055
BAD root_position: -0.07971
BAD root_position: -0.07896
BAD root_position: -0.07842
BAD root_position: -0.07821
BAD root_position: -0.07810
BAD root_position: -0.07800
BAD root_position: -0.07789
BAD root_position: -0.07778
BAD root_position: -0.07768
BAD root_position: -0.07758
BAD root_position: -0.07761
BAD root_position: -0.07793
BAD root_position: -0.07846
BAD root_position: -0.07910
BAD root_position: -0.07977
BAD root_position: -0.08036
BAD root_position: -0.08077
BAD root_position: -0.08092
BAD root_position: -0.08101
BAD root_position: -0.08110
BAD root_position: -0.08120
BAD root_position: -0.08131
BAD root_position: -0.08142
BAD root_position: -0.08153
BAD root_position: -0.08150
BAD root_position: -0.08115
BAD root_position: -0.08057
BAD root_position: -0.07988
BAD root_position: -0.07917
BAD root_position: -0.07857
BAD root_position: -0.07817
BAD root_position: -0.07807
BAD root_position: -0.07803
BAD root_position: -0.07799
BAD root_position: -0.07796
BAD root_position: -0.07792
BAD root_position: -0.07788
BAD root_position: -0.07785
BAD root_position: -0.07798
BAD root_position: -0.07844
BAD root_position: -0.07911
BAD root_position: -0.07988
BAD root_position: -0.08065
BAD root_position: -0.08132
BAD root_position: -0.08176
BAD root_position: -0.08190
BAD root_position: -0.08199
BAD root_position: -0.08208
BAD root_position: -0.08217
BAD root_position: -0.08226
BAD root_position: -0.08234
BAD root_position: -0.08240
BAD root_position: -0.08225
BAD root_position: -0.08176
BAD root_position: -0.08105
BAD root_position: -0.08022
BAD root_position: -0.07941
BAD root_position: -0.07872
BAD root_position: -0.07829
BAD root_position: -0.07816
BAD root_position: -0.07807
BAD root_position: -0.07798
BAD root_position: -0.07789
BAD root_position: -0.07780
BAD root_position: -0.07772
BAD root_position: -0.07764
BAD root_position: -0.07777
BAD root_position: -0.07818
BAD root_position: -0.07876
BAD root_position: -0.07943
BAD root_position: -0.08009
BAD root_position: -0.08064
BAD root_position: -0.08099
BAD root_position: -0.08109
BAD root_position: -0.08117
BAD root_position: -0.08127
BAD root_position: -0.08137
BAD root_position: -0.08147
BAD root_position: -0.08157
BAD root_position: -0.08167
BAD root_position: -0.08152
BAD root_position: -0.08109
BAD root_position: -0.08045
BAD root_position: -0.07974
BAD root_position: -0.07904
BAD root_position: -0.07847
BAD root_position: -0.07814
BAD root_position: -0.07806
BAD root_position: -0.07801
BAD root_position: -0.07796
BAD root_position: -0.07791
BAD root_position: -0.07786
BAD root_position: -0.07782
BAD root_position: -0.07779
BAD root_position: -0.07802
BAD root_position: -0.07853
BAD root_position: -0.07923
BAD root_position: -0.08000
BAD root_position: -0.08075
BAD root_position: -0.08135
BAD root_position: -0.08170
BAD root_position: -0.08179
BAD root_position: -0.08188
BAD root_position: -0.08197
BAD root_position: -0.08205
BAD root_position: -0.08214
BAD root_position: -0.08221
BAD root_position: -0.08226
BAD root_position: -0.08201
BAD root_position: -0.08145
BAD root_position: -0.08071
BAD root_position: -0.07989
BAD root_position: -0.07912
BAD root_position: -0.07854
BAD root_position: -0.07821
BAD root_position: -0.07813
BAD root_position: -0.07806
BAD root_position: -0.07800
BAD root_position: -0.07793
BAD root_position: -0.07786
BAD root_position: -0.07780
BAD root_position: -0.07774
BAD root_position: -0.07783
BAD root_position: -0.07817
BAD root_position: -0.07870
BAD root_position: -0.07933
BAD root_position: -0.07998
BAD root_position: -0.08057
BAD root_position: -0.08100
BAD root_position: -0.08120
BAD root_position: -0.08127
BAD root_position: -0.08135
BAD root_position: -0.08144
BAD root_position: -0.08153
BAD root_position: -0.08162
BAD root_position: -0.08171
BAD root_position: -0.08178
BAD root_position: -0.08159
BAD root_position: -0.08115
BAD root_position: -0.08054
BAD root_position: -0.07984
BAD root_position: -0.07916
BAD root_position: -0.07859
BAD root_position: -0.07822
BAD root_position: -0.07811
BAD root_position: -0.07805
BAD root_position: -0.07799
BAD root_position: -0.07793
BAD root_position: -0.07788
BAD root_position: -0.07782
BAD root_position: -0.07777
BAD root_position: -0.07780
BAD root_position: -0.07813
BAD root_position: -0.07869
BAD root_position: -0.07937
BAD root_position: -0.08010
BAD root_position: -0.08078
BAD root_position: -0.08131
BAD root_position: -0.08160
BAD root_position: -0.08168
BAD root_position: -0.08175
BAD root_position: -0.08183
BAD root_position: -0.08191
BAD root_position: -0.08199
BAD root_position: -0.08206
BAD root_position: -0.08213
BAD root_position: -0.08198
BAD root_position: -0.08154
BAD root_position: -0.08090
BAD root_position: -0.08015
BAD root_position: -0.07940
BAD root_position: -0.07875
BAD root_position: -0.07830
BAD root_position: -0.07814
BAD root_position: -0.07809
BAD root_position: -0.07805
BAD root_position: -0.07800
BAD root_position: -0.07795
BAD root_position: -0.07791
BAD root_position: -0.07786
BAD root_position: -0.07785
BAD root_position: -0.07809
BAD root_position: -0.07855
BAD root_position: -0.07915
BAD root_position: -0.07981
BAD root_position: -0.08044
BAD root_position: -0.08097
BAD root_position: -0.08129
BAD root_position: -0.08139
BAD root_position: -0.08146
BAD root_position: -0.08154
BAD root_position: -0.08163
BAD root_position: -0.08171
BAD root_position: -0.08180
BAD root_position: -0.08188
BAD root_position: -0.08184
BAD root_position: -0.08150
BAD root_position: -0.08095
BAD root_position: -0.08027
BAD root_position: -0.07956
BAD root_position: -0.07891
BAD root_position: -0.07842
BAD root_position: -0.07818
BAD root_position: -0.07811
BAD root_position: -0.07804
BAD root_position: -0.07796
BAD root_position: -0.07789
BAD root_position: -0.07783
BAD root_position: -0.07776
BAD root_position: -0.07771
BAD root_position: -0.07789
BAD root_position: -0.07833
BAD root_position: -0.07895
BAD root_position: -0.07966
BAD root_position: -0.08036
BAD root_position: -0.08097
BAD root_position: -0.08139
BAD root_position: -0.08153
BAD root_position: -0.08159
BAD root_position: -0.08166
BAD root_position: -0.08174
BAD root_position: -0.08182
BAD root_position: -0.08189
BAD root_position: -0.08196
BAD root_position: -0.08197
BAD root_position: -0.08167
BAD root_position: -0.08113
BAD root_position: -0.08043
BAD root_position: -0.07969
BAD root_position: -0.07899
BAD root_position: -0.07844
BAD root_position: -0.07815
BAD root_position: -0.07811
BAD root_position: -0.07809
BAD root_position: -0.07806
BAD root_position: -0.07803
BAD root_position: -0.07800
BAD root_position: -0.07797
BAD root_position: -0.07795
BAD root_position: -0.07806
BAD root_position: -0.07843
BAD root_position: -0.07898
BAD root_position: -0.07962
BAD root_position: -0.08029
BAD root_position: -0.08088
BAD root_position: -0.08132
BAD root_position: -0.08152
BAD root_position: -0.08158
BAD root_position: -0.08166
BAD root_position: -0.08173
BAD root_position: -0.08181
BAD root_position: -0.08189
BAD root_position: -0.08196
BAD root_position: -0.08201
BAD root_position: -0.08180
BAD root_position: -0.08133
BAD root_position: -0.08070
BAD root_position: -0.07998
BAD root_position: -0.07928
BAD root_position: -0.07869
BAD root_position: -0.07830
BAD root_position: -0.07817
BAD root_position: -0.07809
BAD root_position: -0.07801
BAD root_position: -0.07793
BAD root_position: -0.07785
BAD root_position: -0.07778
BAD root_position: -0.07771
BAD root_position: -0.07773
BAD root_position: -0.07804
BAD root_position: -0.07858
BAD root_position: -0.07924
BAD root_position: -0.07994
BAD root_position: -0.08060
BAD root_position: -0.08111
BAD root_position: -0.08138
BAD root_position: -0.08144
BAD root_position: -0.08151
BAD root_position: -0.08158
BAD root_position: -0.08165
BAD root_position: -0.08172
BAD root_position: -0.08179
BAD root_position: -0.08186
BAD root_position: -0.08173
BAD root_position: -0.08131
BAD root_position: -0.08069
BAD root_position: -0.07997
BAD root_position: -0.07926
BAD root_position: -0.07864
BAD root_position: -0.07823
BAD root_position: -0.07811
BAD root_position: -0.07810
BAD root_position: -0.07809
BAD root_position: -0.07809
BAD root_position: -0.07808
BAD root_position: -0.07807
BAD root_position: -0.07806
BAD root_position: -0.07808
BAD root_position: -0.07834
BAD root_position: -0.07882
BAD root_position: -0.07944
BAD root_position: -0.08011
BAD root_position: -0.08076
BAD root_position: -0.08129
BAD root_position: -0.08162
BAD root_position: -0.08171
BAD root_position: -0.08178
BAD root_position: -0.08185
BAD root_position: -0.08192
BAD root_position: -0.08199
BAD root_position: -0.08205
BAD root_position: -0.08211
BAD root_position: -0.08205
BAD root_position: -0.08166
BAD root_position: -0.08105
BAD root_position: -0.08031
BAD root_position: -0.07955
BAD root_position: -0.07888
BAD root_position: -0.07841
BAD root_position: -0.07822
BAD root_position: -0.07813
BAD root_position: -0.07803
BAD root_position: -0.07794
BAD root_position: -0.07785
BAD root_position: -0.07776
BAD root_position: -0.07768
BAD root_position: -0.07775
BAD root_position: -0.07813
BAD root_position: -0.07872
BAD root_position: -0.07943
BAD root_position: -0.08015
BAD root_position: -0.08077
BAD root_position: -0.08119
BAD root_position: -0.08132
BAD root_position: -0.08137
BAD root_position: -0.08144
BAD root_position: -0.08151
BAD root_position: -0.08158
BAD root_position: -0.08166
BAD root_position: -0.08173
BAD root_position: -0.08164
BAD root_position: -0.08122
BAD root_position: -0.08059
BAD root_position: -0.07986
BAD root_position: -0.07913
BAD root_position: -0.07853
BAD root_position: -0.07816
BAD root_position: -0.07811
BAD root_position: -0.07813
BAD root_position: -0.07814
BAD root_position: -0.07815
BAD root_position: -0.07816
BAD root_position: -0.07817
BAD root_position: -0.07818
BAD root_position: -0.07834
BAD root_position: -0.07878
BAD root_position: -0.07940
BAD root_position: -0.08011
BAD root_position: -0.08081
BAD root_position: -0.08139
BAD root_position: -0.08177
BAD root_position: -0.08188
BAD root_position: -0.08194
BAD root_position: -0.08201
BAD root_position: -0.08208
BAD root_position: -0.08214
BAD root_position: -0.08220
BAD root_position: -0.08224
BAD root_position: -0.08208
BAD root_position: -0.08161
BAD root_position: -0.08094
BAD root_position: -0.08018
BAD root_position: -0.07943
BAD root_position: -0.07880
BAD root_position: -0.07840
BAD root_position: -0.07827
BAD root_position: -0.07817
BAD root_position: -0.07807
BAD root_position: -0.07797
BAD root_position: -0.07787
BAD root_position: -0.07777
BAD root_position: -0.07769
BAD root_position: -0.07784
BAD root_position: -0.07828
BAD root_position: -0.07891
BAD root_position: -0.07962
BAD root_position: -0.08030
BAD root_position: -0.08086
BAD root_position: -0.08119
BAD root_position: -0.08126
BAD root_position: -0.08131
BAD root_position: -0.08137
BAD root_position: -0.08144
BAD root_position: -0.08152
BAD root_position: -0.08160
BAD root_position: -0.08166
BAD root_position: -0.08147
BAD root_position: -0.08099
BAD root_position: -0.08033
BAD root_position: -0.07960
BAD root_position: -0.07892
BAD root_position: -0.07839
BAD root_position: -0.07813
BAD root_position: -0.07815
BAD root_position: -0.07818
BAD root_position: -0.07822
BAD root_position: -0.07825
BAD root_position: -0.07828
BAD root_position: -0.07830
BAD root_position: -0.07833
BAD root_position: -0.07860
BAD root_position: -0.07911
BAD root_position: -0.07977
BAD root_position: -0.08049
BAD root_position: -0.08117
BAD root_position: -0.08171
BAD root_position: -0.08201
BAD root_position: -0.08207
BAD root_position: -0.08213
BAD root_position: -0.08219
BAD root_position: -0.08225
recorded 500 frames
avg lin_vel_x 0.0212
avg lin_vel_y -0.0717
avg yaw -0.0002
computed xvel: 0.103, mean xvel: 0.0212
computed yvel: -0.051, mean yvel: -0.0717
computed thetavel: -0.222, mean thetavel: -0.0002
DONE, saving 37_0.103_-0.051_-0.222.json
