<frozen importlib._bootstrap>:241: RuntimeWarning: to-Python converter for std::vector<Eigen::Matrix<double, 3, 1, 0, 3, 1>, std::allocator<Eigen::Matrix<double, 3, 1, 0, 3, 1> > > already registered; second conversion method ignored.
<frozen importlib._bootstrap>:241: RuntimeWarning: to-Python converter for boost::python::detail::container_element<std::vector<Eigen::Matrix<double, 3, 1, 0, 3, 1>, std::allocator<Eigen::Matrix<double, 3, 1, 0, 3, 1> > >, unsigned long, boost::python::detail::final_vector_derived_policies<std::vector<Eigen::Matrix<double, 3, 1, 0, 3, 1>, std::allocator<Eigen::Matrix<double, 3, 1, 0, 3, 1> > >, false> > already registered; second conversion method ignored.
<frozen importlib._bootstrap>:241: RuntimeWarning: to-Python converter for std::vector<int, std::allocator<int> > already registered; second conversion method ignored.
<frozen importlib._bootstrap>:241: RuntimeWarning: to-Python converter for std::vector<double, std::allocator<double> > already registered; second conversion method ignored.
<frozen importlib._bootstrap>:241: RuntimeWarning: to-Python converter for std::vector<std::__cxx11::basic_string<char, std::char_traits<char>, std::allocator<char> >, std::allocator<std::__cxx11::basic_string<char, std::char_traits<char>, std::allocator<char> > > > already registered; second conversion method ignored.
WARNING: Can't find trunk frames in the model, can't measure leg spacing
WARNING: Can't find head frames in the model, camera_look_at won't work
gait_parameters {'dx': 0.04, 'dy': -0.03, 'dtheta': -0.2, 'duration': 8, 'hardware': True, 'double_support_ratio': 0.25, 'startend_double_support_ratio': 1.5, 'planned_timesteps': 48, 'replan_timesteps': 10, 'walk_com_height': 0.445, 'walk_foot_height': 0.03, 'walk_trunk_pitch': -5.7, 'walk_foot_rise_ratio': 0.3, 'single_support_duration': 0.45, 'single_support_timesteps': 10, 'foot_length': 0.22, 'feet_spacing': 0.114, 'zmp_margin': 0.02, 'foot_zmp_target_x': 0.0, 'foot_zmp_target_y': 0.0, 'walk_max_dtheta': 1.0, 'walk_max_dy': 0.04, 'walk_max_dx_forward': 0.1, 'walk_max_dx_backward': 0.03, 'joints': ['leg_left_ankle_roll_joint', 'leg_left_ankle_pitch_joint', 'leg_left_knee_pitch_joint', 'leg_left_hip_pitch_joint', 'leg_left_hip_yaw_joint', 'leg_left_hip_roll_joint', 'leg_right_ankle_roll_joint', 'leg_right_ankle_pitch_joint', 'leg_right_knee_pitch_joint', 'leg_right_hip_pitch_joint', 'leg_right_hip_yaw_joint', 'leg_right_hip_roll_joint', 'left_wrist_attachment_joint', 'left_fore_arm_joint', 'left_upper_arm_joint', 'left_shoulder_joint', 'right_wrist_attachment_joint', 'right_fore_arm_joint', 'right_upper_arm_joint', 'right_shoulder_joint'], 'joint_angles': {'left_wrist_attachment_joint': 30, 'left_fore_arm_joint': 0, 'left_upper_arm_joint': 0, 'left_shoulder_joint': 0, 'right_wrist_attachment_joint': -30, 'right_fore_arm_joint': 0, 'right_upper_arm_joint': 0, 'right_shoulder_joint': 0}}
Placing the robot in the initial position...
Initial position reached
{'leg_left_ankle_roll_joint': 0.022207244872169917, 'leg_left_ankle_pitch_joint': -0.5080512375051351, 'leg_left_knee_pitch_joint': 0.9550286600775069, 'leg_left_hip_pitch_joint': -0.3482074822614619, 'leg_left_hip_yaw_joint': -0.058645653871531075, 'leg_left_hip_roll_joint': -0.014090640056109853, 'leg_right_ankle_roll_joint': 0.022919254499639555, 'leg_right_ankle_pitch_joint': -0.5344785647540183, 'leg_right_knee_pitch_joint': 1.0405065501789277, 'leg_right_hip_pitch_joint': -0.4072793906179, 'leg_right_hip_yaw_joint': -0.059198187718581395, 'leg_right_hip_roll_joint': -0.014548267353453517, 'left_wrist_attachment_joint': 0.5235987755982988, 'left_fore_arm_joint': 1.4250091803934636e-24, 'left_upper_arm_joint': -2.0227949209496118e-24, 'left_shoulder_joint': -2.5785228624135613e-24, 'right_wrist_attachment_joint': -0.5235987755982988, 'right_fore_arm_joint': -1.5770745498300377e-24, 'right_upper_arm_joint': 2.224183872715631e-24, 'right_shoulder_joint': 2.8894365974939077e-24}
## period: 1.17
You can open the visualizer by visiting the following URL:
http://127.0.0.1:7001/static/
Viewer URL: http://127.0.0.1:7001/static/
BAD root_position: -0.07755
BAD root_position: -0.07755
BAD root_position: -0.07755
BAD root_position: -0.07755
BAD root_position: -0.07755
BAD root_position: -0.07755
BAD root_position: -0.07755
BAD root_position: -0.07755
BAD root_position: -0.07755
BAD root_position: -0.07755
BAD root_position: -0.07755
BAD root_position: -0.07755
BAD root_position: -0.07755
BAD root_position: -0.07755
BAD root_position: -0.07755
BAD root_position: -0.07755
BAD root_position: -0.07755
BAD root_position: -0.07755
BAD root_position: -0.07755
BAD root_position: -0.07755
BAD root_position: -0.07755
BAD root_position: -0.07755
BAD root_position: -0.07755
BAD root_position: -0.07755
BAD root_position: -0.07755
BAD root_position: -0.07755
BAD root_position: -0.07755
BAD root_position: -0.07755
BAD root_position: -0.07754
BAD root_position: -0.07754
BAD root_position: -0.07754
BAD root_position: -0.07754
BAD root_position: -0.07755
BAD root_position: -0.07779
BAD root_position: -0.07828
BAD root_position: -0.07894
BAD root_position: -0.07965
BAD root_position: -0.08034
BAD root_position: -0.08091
BAD root_position: -0.08126
BAD root_position: -0.08133
BAD root_position: -0.08133
BAD root_position: -0.08133
BAD root_position: -0.08133
BAD root_position: -0.08133
BAD root_position: -0.08133
BAD root_position: -0.08133
BAD root_position: -0.08126
BAD root_position: -0.08089
BAD root_position: -0.08028
BAD root_position: -0.07955
BAD root_position: -0.07880
BAD root_position: -0.07814
BAD root_position: -0.07768
BAD root_position: -0.07753
BAD root_position: -0.07753
BAD root_position: -0.07752
BAD root_position: -0.07751
BAD root_position: -0.07750
BAD root_position: -0.07749
BAD root_position: -0.07748
BAD root_position: -0.07755
BAD root_position: -0.07794
BAD root_position: -0.07857
BAD root_position: -0.07933
BAD root_position: -0.08011
BAD root_position: -0.08081
BAD root_position: -0.08132
BAD root_position: -0.08152
BAD root_position: -0.08158
BAD root_position: -0.08165
BAD root_position: -0.08172
BAD root_position: -0.08178
BAD root_position: -0.08184
BAD root_position: -0.08189
BAD root_position: -0.08183
BAD root_position: -0.08141
BAD root_position: -0.08075
BAD root_position: -0.07995
BAD root_position: -0.07913
BAD root_position: -0.07841
BAD root_position: -0.07790
BAD root_position: -0.07771
BAD root_position: -0.07764
BAD root_position: -0.07756
BAD root_position: -0.07748
BAD root_position: -0.07740
BAD root_position: -0.07732
BAD root_position: -0.07725
BAD root_position: -0.07730
BAD root_position: -0.07764
BAD root_position: -0.07820
BAD root_position: -0.07887
BAD root_position: -0.07956
BAD root_position: -0.08016
BAD root_position: -0.08058
BAD root_position: -0.08072
BAD root_position: -0.08079
BAD root_position: -0.08087
BAD root_position: -0.08096
BAD root_position: -0.08105
BAD root_position: -0.08114
BAD root_position: -0.08123
BAD root_position: -0.08117
BAD root_position: -0.08079
BAD root_position: -0.08020
BAD root_position: -0.07949
BAD root_position: -0.07878
BAD root_position: -0.07816
BAD root_position: -0.07776
BAD root_position: -0.07766
BAD root_position: -0.07762
BAD root_position: -0.07758
BAD root_position: -0.07754
BAD root_position: -0.07750
BAD root_position: -0.07747
BAD root_position: -0.07743
BAD root_position: -0.07757
BAD root_position: -0.07802
BAD root_position: -0.07867
BAD root_position: -0.07943
BAD root_position: -0.08018
BAD root_position: -0.08082
BAD root_position: -0.08123
BAD root_position: -0.08134
BAD root_position: -0.08140
BAD root_position: -0.08146
BAD root_position: -0.08152
BAD root_position: -0.08158
BAD root_position: -0.08164
BAD root_position: -0.08169
BAD root_position: -0.08153
BAD root_position: -0.08105
BAD root_position: -0.08036
BAD root_position: -0.07957
BAD root_position: -0.07879
BAD root_position: -0.07814
BAD root_position: -0.07775
BAD root_position: -0.07766
BAD root_position: -0.07761
BAD root_position: -0.07756
BAD root_position: -0.07751
BAD root_position: -0.07746
BAD root_position: -0.07741
BAD root_position: -0.07737
BAD root_position: -0.07753
BAD root_position: -0.07797
BAD root_position: -0.07858
BAD root_position: -0.07928
BAD root_position: -0.07997
BAD root_position: -0.08054
BAD root_position: -0.08088
BAD root_position: -0.08098
BAD root_position: -0.08104
BAD root_position: -0.08112
BAD root_position: -0.08120
BAD root_position: -0.08127
BAD root_position: -0.08135
BAD root_position: -0.08142
BAD root_position: -0.08125
BAD root_position: -0.08078
BAD root_position: -0.08012
BAD root_position: -0.07939
BAD root_position: -0.07867
BAD root_position: -0.07809
BAD root_position: -0.07775
BAD root_position: -0.07768
BAD root_position: -0.07762
BAD root_position: -0.07756
BAD root_position: -0.07750
BAD root_position: -0.07745
BAD root_position: -0.07740
BAD root_position: -0.07736
BAD root_position: -0.07758
BAD root_position: -0.07808
BAD root_position: -0.07876
BAD root_position: -0.07951
BAD root_position: -0.08022
BAD root_position: -0.08078
BAD root_position: -0.08109
BAD root_position: -0.08115
BAD root_position: -0.08120
BAD root_position: -0.08126
BAD root_position: -0.08132
BAD root_position: -0.08138
BAD root_position: -0.08144
BAD root_position: -0.08147
BAD root_position: -0.08122
BAD root_position: -0.08069
BAD root_position: -0.07997
BAD root_position: -0.07920
BAD root_position: -0.07848
BAD root_position: -0.07794
BAD root_position: -0.07766
BAD root_position: -0.07763
BAD root_position: -0.07762
BAD root_position: -0.07760
BAD root_position: -0.07758
BAD root_position: -0.07757
BAD root_position: -0.07755
BAD root_position: -0.07753
BAD root_position: -0.07765
BAD root_position: -0.07804
BAD root_position: -0.07861
BAD root_position: -0.07927
BAD root_position: -0.07995
BAD root_position: -0.08056
BAD root_position: -0.08100
BAD root_position: -0.08119
BAD root_position: -0.08125
BAD root_position: -0.08131
BAD root_position: -0.08137
BAD root_position: -0.08144
BAD root_position: -0.08150
BAD root_position: -0.08156
BAD root_position: -0.08159
BAD root_position: -0.08137
BAD root_position: -0.08090
BAD root_position: -0.08025
BAD root_position: -0.07953
BAD root_position: -0.07883
BAD root_position: -0.07824
BAD root_position: -0.07786
BAD root_position: -0.07774
BAD root_position: -0.07767
BAD root_position: -0.07759
BAD root_position: -0.07752
BAD root_position: -0.07745
BAD root_position: -0.07738
BAD root_position: -0.07732
BAD root_position: -0.07735
BAD root_position: -0.07766
BAD root_position: -0.07820
BAD root_position: -0.07886
BAD root_position: -0.07955
BAD root_position: -0.08019
BAD root_position: -0.08068
BAD root_position: -0.08093
BAD root_position: -0.08097
BAD root_position: -0.08101
BAD root_position: -0.08106
BAD root_position: -0.08111
BAD root_position: -0.08116
BAD root_position: -0.08121
BAD root_position: -0.08127
BAD root_position: -0.08113
BAD root_position: -0.08070
BAD root_position: -0.08009
BAD root_position: -0.07939
BAD root_position: -0.07870
BAD root_position: -0.07811
BAD root_position: -0.07772
BAD root_position: -0.07762
BAD root_position: -0.07763
BAD root_position: -0.07765
BAD root_position: -0.07766
BAD root_position: -0.07767
BAD root_position: -0.07768
BAD root_position: -0.07769
BAD root_position: -0.07773
BAD root_position: -0.07801
BAD root_position: -0.07852
BAD root_position: -0.07916
BAD root_position: -0.07986
BAD root_position: -0.08052
BAD root_position: -0.08106
BAD root_position: -0.08139
BAD root_position: -0.08147
BAD root_position: -0.08152
BAD root_position: -0.08158
BAD root_position: -0.08163
BAD root_position: -0.08168
BAD root_position: -0.08173
BAD root_position: -0.08176
BAD root_position: -0.08168
BAD root_position: -0.08130
BAD root_position: -0.08072
BAD root_position: -0.08001
BAD root_position: -0.07928
BAD root_position: -0.07861
BAD root_position: -0.07810
BAD root_position: -0.07784
BAD root_position: -0.07775
BAD root_position: -0.07766
BAD root_position: -0.07758
BAD root_position: -0.07749
BAD root_position: -0.07741
BAD root_position: -0.07733
BAD root_position: -0.07727
BAD root_position: -0.07743
BAD root_position: -0.07785
BAD root_position: -0.07844
BAD root_position: -0.07911
BAD root_position: -0.07977
BAD root_position: -0.08033
BAD root_position: -0.08070
BAD root_position: -0.08080
BAD root_position: -0.08083
BAD root_position: -0.08087
BAD root_position: -0.08091
BAD root_position: -0.08096
BAD root_position: -0.08101
BAD root_position: -0.08106
BAD root_position: -0.08106
BAD root_position: -0.08078
BAD root_position: -0.08027
BAD root_position: -0.07963
BAD root_position: -0.07894
BAD root_position: -0.07832
BAD root_position: -0.07784
BAD root_position: -0.07762
BAD root_position: -0.07765
BAD root_position: -0.07769
BAD root_position: -0.07774
BAD root_position: -0.07778
BAD root_position: -0.07782
BAD root_position: -0.07786
BAD root_position: -0.07789
BAD root_position: -0.07806
BAD root_position: -0.07848
BAD root_position: -0.07908
BAD root_position: -0.07977
BAD root_position: -0.08047
BAD root_position: -0.08108
BAD root_position: -0.08153
BAD root_position: -0.08171
BAD root_position: -0.08176
BAD root_position: -0.08181
BAD root_position: -0.08185
BAD root_position: -0.08189
BAD root_position: -0.08193
BAD root_position: -0.08195
BAD root_position: -0.08196
BAD root_position: -0.08170
BAD root_position: -0.08119
BAD root_position: -0.08052
BAD root_position: -0.07978
BAD root_position: -0.07905
BAD root_position: -0.07844
BAD root_position: -0.07803
BAD root_position: -0.07788
BAD root_position: -0.07778
BAD root_position: -0.07768
BAD root_position: -0.07758
BAD root_position: -0.07749
BAD root_position: -0.07740
BAD root_position: -0.07732
BAD root_position: -0.07732
BAD root_position: -0.07761
BAD root_position: -0.07812
BAD root_position: -0.07874
BAD root_position: -0.07939
BAD root_position: -0.08000
BAD root_position: -0.08045
BAD root_position: -0.08067
BAD root_position: -0.08069
BAD root_position: -0.08072
BAD root_position: -0.08075
BAD root_position: -0.08079
BAD root_position: -0.08084
BAD root_position: -0.08089
BAD root_position: -0.08095
BAD root_position: -0.08082
BAD root_position: -0.08044
BAD root_position: -0.07987
BAD root_position: -0.07922
BAD root_position: -0.07857
BAD root_position: -0.07804
BAD root_position: -0.07770
BAD root_position: -0.07765
BAD root_position: -0.07772
BAD root_position: -0.07779
BAD root_position: -0.07787
BAD root_position: -0.07794
BAD root_position: -0.07800
BAD root_position: -0.07807
BAD root_position: -0.07815
BAD root_position: -0.07847
BAD root_position: -0.07901
BAD root_position: -0.07968
BAD root_position: -0.08039
BAD root_position: -0.08106
BAD root_position: -0.08161
BAD root_position: -0.08193
BAD root_position: -0.08201
BAD root_position: -0.08204
BAD root_position: -0.08207
BAD root_position: -0.08210
BAD root_position: -0.08213
BAD root_position: -0.08214
BAD root_position: -0.08215
BAD root_position: -0.08204
BAD root_position: -0.08160
BAD root_position: -0.08095
BAD root_position: -0.08017
BAD root_position: -0.07939
BAD root_position: -0.07870
BAD root_position: -0.07821
BAD root_position: -0.07801
BAD root_position: -0.07789
BAD root_position: -0.07778
BAD root_position: -0.07766
BAD root_position: -0.07755
BAD root_position: -0.07745
BAD root_position: -0.07736
BAD root_position: -0.07741
BAD root_position: -0.07777
BAD root_position: -0.07832
BAD root_position: -0.07898
BAD root_position: -0.07963
BAD root_position: -0.08019
BAD root_position: -0.08055
BAD root_position: -0.08063
BAD root_position: -0.08064
BAD root_position: -0.08067
BAD root_position: -0.08070
BAD root_position: -0.08074
BAD root_position: -0.08079
BAD root_position: -0.08085
BAD root_position: -0.08076
BAD root_position: -0.08038
BAD root_position: -0.07981
BAD root_position: -0.07916
BAD root_position: -0.07852
BAD root_position: -0.07801
BAD root_position: -0.07774
BAD root_position: -0.07777
BAD root_position: -0.07787
BAD root_position: -0.07798
BAD root_position: -0.07808
BAD root_position: -0.07818
BAD root_position: -0.07827
BAD root_position: -0.07836
BAD root_position: -0.07859
BAD root_position: -0.07909
BAD root_position: -0.07977
BAD root_position: -0.08052
BAD root_position: -0.08125
BAD root_position: -0.08185
BAD root_position: -0.08222
BAD root_position: -0.08231
BAD root_position: -0.08234
BAD root_position: -0.08236
BAD root_position: -0.08238
BAD root_position: -0.08239
BAD root_position: -0.08239
BAD root_position: -0.08238
BAD root_position: -0.08215
BAD root_position: -0.08163
BAD root_position: -0.08092
BAD root_position: -0.08014
BAD root_position: -0.07937
BAD root_position: -0.07874
BAD root_position: -0.07833
BAD root_position: -0.07819
BAD root_position: -0.07808
BAD root_position: -0.07796
BAD root_position: -0.07784
BAD root_position: -0.07773
BAD root_position: -0.07762
BAD root_position: -0.07753
BAD root_position: -0.07767
BAD root_position: -0.07807
BAD root_position: -0.07864
BAD root_position: -0.07929
BAD root_position: -0.07991
BAD root_position: -0.08040
BAD root_position: -0.08066
BAD root_position: -0.08068
BAD root_position: -0.08069
BAD root_position: -0.08071
BAD root_position: -0.08074
BAD root_position: -0.08080
BAD root_position: -0.08085
BAD root_position: -0.08090
BAD root_position: -0.08072
BAD root_position: -0.08029
BAD root_position: -0.07970
BAD root_position: -0.07907
BAD root_position: -0.07848
BAD root_position: -0.07805
BAD root_position: -0.07789
BAD root_position: -0.07799
BAD root_position: -0.07812
BAD root_position: -0.07824
BAD root_position: -0.07836
BAD root_position: -0.07848
BAD root_position: -0.07859
BAD root_position: -0.07871
BAD root_position: -0.07904
BAD root_position: -0.07961
BAD root_position: -0.08032
BAD root_position: -0.08108
BAD root_position: -0.08178
BAD root_position: -0.08232
BAD root_position: -0.08260
BAD root_position: -0.08264
BAD root_position: -0.08266
BAD root_position: -0.08267
BAD root_position: -0.08268
recorded 500 frames
avg lin_vel_x -0.0168
avg lin_vel_y -0.0647
avg yaw -0.0006
computed xvel: 0.068, mean xvel: -0.0168
computed yvel: -0.051, mean yvel: -0.0647
computed thetavel: -0.342, mean thetavel: -0.0006
DONE, saving 4_0.068_-0.051_-0.342.json
