<frozen importlib._bootstrap>:241: RuntimeWarning: to-Python converter for std::vector<Eigen::Matrix<double, 3, 1, 0, 3, 1>, std::allocator<Eigen::Matrix<double, 3, 1, 0, 3, 1> > > already registered; second conversion method ignored.
<frozen importlib._bootstrap>:241: RuntimeWarning: to-Python converter for boost::python::detail::container_element<std::vector<Eigen::Matrix<double, 3, 1, 0, 3, 1>, std::allocator<Eigen::Matrix<double, 3, 1, 0, 3, 1> > >, unsigned long, boost::python::detail::final_vector_derived_policies<std::vector<Eigen::Matrix<double, 3, 1, 0, 3, 1>, std::allocator<Eigen::Matrix<double, 3, 1, 0, 3, 1> > >, false> > already registered; second conversion method ignored.
<frozen importlib._bootstrap>:241: RuntimeWarning: to-Python converter for std::vector<int, std::allocator<int> > already registered; second conversion method ignored.
<frozen importlib._bootstrap>:241: RuntimeWarning: to-Python converter for std::vector<double, std::allocator<double> > already registered; second conversion method ignored.
<frozen importlib._bootstrap>:241: RuntimeWarning: to-Python converter for std::vector<std::__cxx11::basic_string<char, std::char_traits<char>, std::allocator<char> >, std::allocator<std::__cxx11::basic_string<char, std::char_traits<char>, std::allocator<char> > > > already registered; second conversion method ignored.
WARNING: Can't find trunk frames in the model, can't measure leg spacing
WARNING: Can't find head frames in the model, camera_look_at won't work
gait_parameters {'dx': 0.08, 'dy': -0.01, 'dtheta': -0.13, 'duration': 8, 'hardware': True, 'double_support_ratio': 0.25, 'startend_double_support_ratio': 1.5, 'planned_timesteps': 48, 'replan_timesteps': 10, 'walk_com_height': 0.445, 'walk_foot_height': 0.03, 'walk_trunk_pitch': -5.7, 'walk_foot_rise_ratio': 0.3, 'single_support_duration': 0.45, 'single_support_timesteps': 10, 'foot_length': 0.22, 'feet_spacing': 0.114, 'zmp_margin': 0.02, 'foot_zmp_target_x': 0.0, 'foot_zmp_target_y': 0.0, 'walk_max_dtheta': 1.0, 'walk_max_dy': 0.04, 'walk_max_dx_forward': 0.1, 'walk_max_dx_backward': 0.03, 'joints': ['leg_left_ankle_roll_joint', 'leg_left_ankle_pitch_joint', 'leg_left_knee_pitch_joint', 'leg_left_hip_pitch_joint', 'leg_left_hip_yaw_joint', 'leg_left_hip_roll_joint', 'leg_right_ankle_roll_joint', 'leg_right_ankle_pitch_joint', 'leg_right_knee_pitch_joint', 'leg_right_hip_pitch_joint', 'leg_right_hip_yaw_joint', 'leg_right_hip_roll_joint', 'left_wrist_attachment_joint', 'left_fore_arm_joint', 'left_upper_arm_joint', 'left_shoulder_joint', 'right_wrist_attachment_joint', 'right_fore_arm_joint', 'right_upper_arm_joint', 'right_shoulder_joint'], 'joint_angles': {'left_wrist_attachment_joint': 30, 'left_fore_arm_joint': 0, 'left_upper_arm_joint': 0, 'left_shoulder_joint': 0, 'right_wrist_attachment_joint': -30, 'right_fore_arm_joint': 0, 'right_upper_arm_joint': 0, 'right_shoulder_joint': 0}}
Placing the robot in the initial position...
Initial position reached
{'leg_left_ankle_roll_joint': 0.021967979416992873, 'leg_left_ankle_pitch_joint': -0.5094058171957592, 'leg_left_knee_pitch_joint': 0.9578372822818363, 'leg_left_hip_pitch_joint': -0.3496526337112424, 'leg_left_hip_yaw_joint': -0.05846060683040197, 'leg_left_hip_roll_joint': -0.013938703148580143, 'leg_right_ankle_roll_joint': 0.0226763687181256, 'leg_right_ankle_pitch_joint': -0.5356489288439893, 'leg_right_knee_pitch_joint': 1.0429608802795047, 'leg_right_hip_pitch_joint': -0.40855424558522063, 'leg_right_hip_yaw_joint': -0.0590103448167206, 'leg_right_hip_roll_joint': -0.014394021486820162, 'left_wrist_attachment_joint': 0.5235987755982988, 'left_fore_arm_joint': -2.5992356998682702e-24, 'left_upper_arm_joint': 3.1991575108570225e-24, 'left_shoulder_joint': 4.979784836346338e-24, 'right_wrist_attachment_joint': -0.5235987755982988, 'right_fore_arm_joint': 3.017670064263431e-24, 'right_upper_arm_joint': -3.667091309265084e-24, 'right_shoulder_joint': -5.194043307852593e-24}
## period: 1.17
You can open the visualizer by visiting the following URL:
http://127.0.0.1:7006/static/
Viewer URL: http://127.0.0.1:7006/static/
BAD root_position: -0.07774
BAD root_position: -0.07774
BAD root_position: -0.07774
BAD root_position: -0.07774
BAD root_position: -0.07774
BAD root_position: -0.07774
BAD root_position: -0.07774
BAD root_position: -0.07774
BAD root_position: -0.07774
BAD root_position: -0.07774
BAD root_position: -0.07774
BAD root_position: -0.07774
BAD root_position: -0.07774
BAD root_position: -0.07774
BAD root_position: -0.07774
BAD root_position: -0.07774
BAD root_position: -0.07774
BAD root_position: -0.07774
BAD root_position: -0.07774
BAD root_position: -0.07773
BAD root_position: -0.07773
BAD root_position: -0.07773
BAD root_position: -0.07773
BAD root_position: -0.07773
BAD root_position: -0.07773
BAD root_position: -0.07773
BAD root_position: -0.07773
BAD root_position: -0.07773
BAD root_position: -0.07773
BAD root_position: -0.07773
BAD root_position: -0.07773
BAD root_position: -0.07772
BAD root_position: -0.07773
BAD root_position: -0.07798
BAD root_position: -0.07847
BAD root_position: -0.07912
BAD root_position: -0.07984
BAD root_position: -0.08053
BAD root_position: -0.08109
BAD root_position: -0.08145
BAD root_position: -0.08151
BAD root_position: -0.08151
BAD root_position: -0.08151
BAD root_position: -0.08152
BAD root_position: -0.08152
BAD root_position: -0.08152
BAD root_position: -0.08152
BAD root_position: -0.08145
BAD root_position: -0.08108
BAD root_position: -0.08048
BAD root_position: -0.07975
BAD root_position: -0.07900
BAD root_position: -0.07834
BAD root_position: -0.07789
BAD root_position: -0.07773
BAD root_position: -0.07773
BAD root_position: -0.07773
BAD root_position: -0.07773
BAD root_position: -0.07773
BAD root_position: -0.07773
BAD root_position: -0.07773
BAD root_position: -0.07781
BAD root_position: -0.07820
BAD root_position: -0.07881
BAD root_position: -0.07955
BAD root_position: -0.08030
BAD root_position: -0.08095
BAD root_position: -0.08139
BAD root_position: -0.08153
BAD root_position: -0.08153
BAD root_position: -0.08154
BAD root_position: -0.08154
BAD root_position: -0.08155
BAD root_position: -0.08155
BAD root_position: -0.08156
BAD root_position: -0.08146
BAD root_position: -0.08105
BAD root_position: -0.08041
BAD root_position: -0.07967
BAD root_position: -0.07892
BAD root_position: -0.07828
BAD root_position: -0.07786
BAD root_position: -0.07774
BAD root_position: -0.07774
BAD root_position: -0.07773
BAD root_position: -0.07772
BAD root_position: -0.07772
BAD root_position: -0.07771
BAD root_position: -0.07770
BAD root_position: -0.07782
BAD root_position: -0.07824
BAD root_position: -0.07888
BAD root_position: -0.07962
BAD root_position: -0.08035
BAD root_position: -0.08098
BAD root_position: -0.08139
BAD root_position: -0.08149
BAD root_position: -0.08150
BAD root_position: -0.08151
BAD root_position: -0.08152
BAD root_position: -0.08153
BAD root_position: -0.08154
BAD root_position: -0.08155
BAD root_position: -0.08141
BAD root_position: -0.08096
BAD root_position: -0.08031
BAD root_position: -0.07957
BAD root_position: -0.07883
BAD root_position: -0.07822
BAD root_position: -0.07783
BAD root_position: -0.07775
BAD root_position: -0.07774
BAD root_position: -0.07774
BAD root_position: -0.07773
BAD root_position: -0.07772
BAD root_position: -0.07771
BAD root_position: -0.07770
BAD root_position: -0.07786
BAD root_position: -0.07832
BAD root_position: -0.07898
BAD root_position: -0.07973
BAD root_position: -0.08045
BAD root_position: -0.08106
BAD root_position: -0.08142
BAD root_position: -0.08149
BAD root_position: -0.08149
BAD root_position: -0.08150
BAD root_position: -0.08151
BAD root_position: -0.08152
BAD root_position: -0.08153
BAD root_position: -0.08154
BAD root_position: -0.08135
BAD root_position: -0.08087
BAD root_position: -0.08020
BAD root_position: -0.07945
BAD root_position: -0.07872
BAD root_position: -0.07813
BAD root_position: -0.07779
BAD root_position: -0.07774
BAD root_position: -0.07774
BAD root_position: -0.07773
BAD root_position: -0.07773
BAD root_position: -0.07772
BAD root_position: -0.07771
BAD root_position: -0.07771
BAD root_position: -0.07792
BAD root_position: -0.07841
BAD root_position: -0.07909
BAD root_position: -0.07984
BAD root_position: -0.08056
BAD root_position: -0.08113
BAD root_position: -0.08146
BAD root_position: -0.08150
BAD root_position: -0.08151
BAD root_position: -0.08152
BAD root_position: -0.08153
BAD root_position: -0.08154
BAD root_position: -0.08155
BAD root_position: -0.08155
BAD root_position: -0.08132
BAD root_position: -0.08080
BAD root_position: -0.08011
BAD root_position: -0.07935
BAD root_position: -0.07864
BAD root_position: -0.07808
BAD root_position: -0.07778
BAD root_position: -0.07775
BAD root_position: -0.07774
BAD root_position: -0.07773
BAD root_position: -0.07773
BAD root_position: -0.07772
BAD root_position: -0.07771
BAD root_position: -0.07771
BAD root_position: -0.07796
BAD root_position: -0.07849
BAD root_position: -0.07918
BAD root_position: -0.07994
BAD root_position: -0.08064
BAD root_position: -0.08118
BAD root_position: -0.08146
BAD root_position: -0.08148
BAD root_position: -0.08149
BAD root_position: -0.08150
BAD root_position: -0.08151
BAD root_position: -0.08152
BAD root_position: -0.08153
BAD root_position: -0.08152
BAD root_position: -0.08124
BAD root_position: -0.08069
BAD root_position: -0.07998
BAD root_position: -0.07923
BAD root_position: -0.07853
BAD root_position: -0.07802
BAD root_position: -0.07776
BAD root_position: -0.07774
BAD root_position: -0.07774
BAD root_position: -0.07773
BAD root_position: -0.07773
BAD root_position: -0.07772
BAD root_position: -0.07772
BAD root_position: -0.07771
BAD root_position: -0.07786
BAD root_position: -0.07828
BAD root_position: -0.07889
BAD root_position: -0.07959
BAD root_position: -0.08030
BAD root_position: -0.08092
BAD root_position: -0.08135
BAD root_position: -0.08150
BAD root_position: -0.08151
BAD root_position: -0.08152
BAD root_position: -0.08153
BAD root_position: -0.08154
BAD root_position: -0.08155
BAD root_position: -0.08156
BAD root_position: -0.08155
BAD root_position: -0.08128
BAD root_position: -0.08078
BAD root_position: -0.08012
BAD root_position: -0.07940
BAD root_position: -0.07871
BAD root_position: -0.07815
BAD root_position: -0.07781
BAD root_position: -0.07775
BAD root_position: -0.07774
BAD root_position: -0.07774
BAD root_position: -0.07773
BAD root_position: -0.07772
BAD root_position: -0.07771
BAD root_position: -0.07770
BAD root_position: -0.07777
BAD root_position: -0.07813
BAD root_position: -0.07870
BAD root_position: -0.07939
BAD root_position: -0.08010
BAD root_position: -0.08075
BAD root_position: -0.08123
BAD root_position: -0.08146
BAD root_position: -0.08147
BAD root_position: -0.08148
BAD root_position: -0.08149
BAD root_position: -0.08150
BAD root_position: -0.08150
BAD root_position: -0.08151
BAD root_position: -0.08152
BAD root_position: -0.08134
BAD root_position: -0.08089
BAD root_position: -0.08026
BAD root_position: -0.07954
BAD root_position: -0.07884
BAD root_position: -0.07825
BAD root_position: -0.07785
BAD root_position: -0.07774
BAD root_position: -0.07774
BAD root_position: -0.07773
BAD root_position: -0.07773
BAD root_position: -0.07773
BAD root_position: -0.07772
BAD root_position: -0.07772
BAD root_position: -0.07775
BAD root_position: -0.07804
BAD root_position: -0.07857
BAD root_position: -0.07924
BAD root_position: -0.07996
BAD root_position: -0.08063
BAD root_position: -0.08117
BAD root_position: -0.08147
BAD root_position: -0.08151
BAD root_position: -0.08152
BAD root_position: -0.08153
BAD root_position: -0.08154
BAD root_position: -0.08155
BAD root_position: -0.08156
BAD root_position: -0.08157
BAD root_position: -0.08146
BAD root_position: -0.08106
BAD root_position: -0.08047
BAD root_position: -0.07976
BAD root_position: -0.07905
BAD root_position: -0.07841
BAD root_position: -0.07795
BAD root_position: -0.07776
BAD root_position: -0.07775
BAD root_position: -0.07774
BAD root_position: -0.07773
BAD root_position: -0.07772
BAD root_position: -0.07771
BAD root_position: -0.07770
BAD root_position: -0.07769
BAD root_position: -0.07791
BAD root_position: -0.07839
BAD root_position: -0.07903
BAD root_position: -0.07974
BAD root_position: -0.08043
BAD root_position: -0.08101
BAD root_position: -0.08138
BAD root_position: -0.08146
BAD root_position: -0.08147
BAD root_position: -0.08147
BAD root_position: -0.08148
BAD root_position: -0.08149
BAD root_position: -0.08150
BAD root_position: -0.08151
BAD root_position: -0.08146
BAD root_position: -0.08113
BAD root_position: -0.08058
BAD root_position: -0.07990
BAD root_position: -0.07918
BAD root_position: -0.07852
BAD root_position: -0.07802
BAD root_position: -0.07775
BAD root_position: -0.07774
BAD root_position: -0.07773
BAD root_position: -0.07773
BAD root_position: -0.07773
BAD root_position: -0.07773
BAD root_position: -0.07772
BAD root_position: -0.07772
BAD root_position: -0.07786
BAD root_position: -0.07829
BAD root_position: -0.07890
BAD root_position: -0.07961
BAD root_position: -0.08031
BAD root_position: -0.08093
BAD root_position: -0.08136
BAD root_position: -0.08152
BAD root_position: -0.08153
BAD root_position: -0.08153
BAD root_position: -0.08154
BAD root_position: -0.08155
BAD root_position: -0.08156
BAD root_position: -0.08157
BAD root_position: -0.08156
BAD root_position: -0.08130
BAD root_position: -0.08079
BAD root_position: -0.08013
BAD root_position: -0.07940
BAD root_position: -0.07872
BAD root_position: -0.07816
BAD root_position: -0.07782
BAD root_position: -0.07775
BAD root_position: -0.07774
BAD root_position: -0.07773
BAD root_position: -0.07772
BAD root_position: -0.07771
BAD root_position: -0.07770
BAD root_position: -0.07769
BAD root_position: -0.07776
BAD root_position: -0.07812
BAD root_position: -0.07869
BAD root_position: -0.07938
BAD root_position: -0.08009
BAD root_position: -0.08073
BAD root_position: -0.08121
BAD root_position: -0.08144
BAD root_position: -0.08145
BAD root_position: -0.08146
BAD root_position: -0.08147
BAD root_position: -0.08148
BAD root_position: -0.08149
BAD root_position: -0.08150
BAD root_position: -0.08151
BAD root_position: -0.08132
BAD root_position: -0.08087
BAD root_position: -0.08025
BAD root_position: -0.07953
BAD root_position: -0.07883
BAD root_position: -0.07824
BAD root_position: -0.07784
BAD root_position: -0.07773
BAD root_position: -0.07773
BAD root_position: -0.07773
BAD root_position: -0.07773
BAD root_position: -0.07773
BAD root_position: -0.07773
BAD root_position: -0.07772
BAD root_position: -0.07775
BAD root_position: -0.07805
BAD root_position: -0.07858
BAD root_position: -0.07925
BAD root_position: -0.07997
BAD root_position: -0.08065
BAD root_position: -0.08118
BAD root_position: -0.08149
BAD root_position: -0.08153
BAD root_position: -0.08154
BAD root_position: -0.08155
BAD root_position: -0.08156
BAD root_position: -0.08157
BAD root_position: -0.08157
BAD root_position: -0.08158
BAD root_position: -0.08147
BAD root_position: -0.08105
BAD root_position: -0.08041
BAD root_position: -0.07966
BAD root_position: -0.07892
BAD root_position: -0.07828
BAD root_position: -0.07787
BAD root_position: -0.07776
BAD root_position: -0.07775
BAD root_position: -0.07773
BAD root_position: -0.07772
BAD root_position: -0.07771
BAD root_position: -0.07770
BAD root_position: -0.07768
BAD root_position: -0.07781
BAD root_position: -0.07824
BAD root_position: -0.07888
BAD root_position: -0.07962
BAD root_position: -0.08035
BAD root_position: -0.08097
BAD root_position: -0.08136
BAD root_position: -0.08144
BAD root_position: -0.08145
BAD root_position: -0.08146
BAD root_position: -0.08147
BAD root_position: -0.08148
BAD root_position: -0.08149
BAD root_position: -0.08150
BAD root_position: -0.08135
BAD root_position: -0.08089
BAD root_position: -0.08024
BAD root_position: -0.07949
BAD root_position: -0.07876
BAD root_position: -0.07816
BAD root_position: -0.07779
BAD root_position: -0.07773
BAD root_position: -0.07773
BAD root_position: -0.07773
BAD root_position: -0.07773
BAD root_position: -0.07773
BAD root_position: -0.07773
BAD root_position: -0.07773
BAD root_position: -0.07790
BAD root_position: -0.07838
BAD root_position: -0.07905
BAD root_position: -0.07980
BAD root_position: -0.08053
BAD root_position: -0.08112
BAD root_position: -0.08148
BAD root_position: -0.08154
BAD root_position: -0.08155
BAD root_position: -0.08156
BAD root_position: -0.08156
BAD root_position: -0.08157
BAD root_position: -0.08158
BAD root_position: -0.08159
BAD root_position: -0.08139
BAD root_position: -0.08089
BAD root_position: -0.08021
BAD root_position: -0.07945
BAD root_position: -0.07872
BAD root_position: -0.07814
BAD root_position: -0.07781
BAD root_position: -0.07776
BAD root_position: -0.07775
BAD root_position: -0.07773
BAD root_position: -0.07772
BAD root_position: -0.07771
BAD root_position: -0.07769
BAD root_position: -0.07768
BAD root_position: -0.07790
BAD root_position: -0.07840
BAD root_position: -0.07908
BAD root_position: -0.07983
BAD root_position: -0.08054
BAD root_position: -0.08110
BAD root_position: -0.08141
BAD root_position: -0.08144
BAD root_position: -0.08145
BAD root_position: -0.08145
BAD root_position: -0.08146
BAD root_position: -0.08148
BAD root_position: -0.08149
BAD root_position: -0.08149
BAD root_position: -0.08124
BAD root_position: -0.08072
BAD root_position: -0.08003
BAD root_position: -0.07927
BAD root_position: -0.07857
BAD root_position: -0.07803
BAD root_position: -0.07775
BAD root_position: -0.07773
BAD root_position: -0.07773
BAD root_position: -0.07773
BAD root_position: -0.07773
BAD root_position: -0.07773
BAD root_position: -0.07773
BAD root_position: -0.07774
BAD root_position: -0.07802
BAD root_position: -0.07856
BAD root_position: -0.07927
BAD root_position: -0.08002
BAD root_position: -0.08072
BAD root_position: -0.08126
BAD root_position: -0.08153
BAD root_position: -0.08155
BAD root_position: -0.08156
BAD root_position: -0.08157
BAD root_position: -0.08158
recorded 500 frames
avg lin_vel_x 0.0042
avg lin_vel_y -0.0151
avg yaw -0.0
computed xvel: 0.137, mean xvel: 0.0042
computed yvel: -0.017, mean yvel: -0.0151
computed thetavel: -0.222, mean thetavel: -0.0
DONE, saving 46_0.137_-0.017_-0.222.json
