<frozen importlib._bootstrap>:241: RuntimeWarning: to-Python converter for std::vector<Eigen::Matrix<double, 3, 1, 0, 3, 1>, std::allocator<Eigen::Matrix<double, 3, 1, 0, 3, 1> > > already registered; second conversion method ignored.
<frozen importlib._bootstrap>:241: RuntimeWarning: to-Python converter for boost::python::detail::container_element<std::vector<Eigen::Matrix<double, 3, 1, 0, 3, 1>, std::allocator<Eigen::Matrix<double, 3, 1, 0, 3, 1> > >, unsigned long, boost::python::detail::final_vector_derived_policies<std::vector<Eigen::Matrix<double, 3, 1, 0, 3, 1>, std::allocator<Eigen::Matrix<double, 3, 1, 0, 3, 1> > >, false> > already registered; second conversion method ignored.
<frozen importlib._bootstrap>:241: RuntimeWarning: to-Python converter for std::vector<int, std::allocator<int> > already registered; second conversion method ignored.
<frozen importlib._bootstrap>:241: RuntimeWarning: to-Python converter for std::vector<double, std::allocator<double> > already registered; second conversion method ignored.
<frozen importlib._bootstrap>:241: RuntimeWarning: to-Python converter for std::vector<std::__cxx11::basic_string<char, std::char_traits<char>, std::allocator<char> >, std::allocator<std::__cxx11::basic_string<char, std::char_traits<char>, std::allocator<char> > > > already registered; second conversion method ignored.
WARNING: Can't find trunk frames in the model, can't measure leg spacing
WARNING: Can't find head frames in the model, camera_look_at won't work
gait_parameters {'dx': 0.06, 'dy': 0.01, 'dtheta': -0.13, 'duration': 8, 'hardware': True, 'double_support_ratio': 0.25, 'startend_double_support_ratio': 1.5, 'planned_timesteps': 48, 'replan_timesteps': 10, 'walk_com_height': 0.445, 'walk_foot_height': 0.03, 'walk_trunk_pitch': -5.7, 'walk_foot_rise_ratio': 0.3, 'single_support_duration': 0.45, 'single_support_timesteps': 10, 'foot_length': 0.22, 'feet_spacing': 0.114, 'zmp_margin': 0.02, 'foot_zmp_target_x': 0.0, 'foot_zmp_target_y': 0.0, 'walk_max_dtheta': 1.0, 'walk_max_dy': 0.04, 'walk_max_dx_forward': 0.1, 'walk_max_dx_backward': 0.03, 'joints': ['leg_left_ankle_roll_joint', 'leg_left_ankle_pitch_joint', 'leg_left_knee_pitch_joint', 'leg_left_hip_pitch_joint', 'leg_left_hip_yaw_joint', 'leg_left_hip_roll_joint', 'leg_right_ankle_roll_joint', 'leg_right_ankle_pitch_joint', 'leg_right_knee_pitch_joint', 'leg_right_hip_pitch_joint', 'leg_right_hip_yaw_joint', 'leg_right_hip_roll_joint', 'left_wrist_attachment_joint', 'left_fore_arm_joint', 'left_upper_arm_joint', 'left_shoulder_joint', 'right_wrist_attachment_joint', 'right_fore_arm_joint', 'right_upper_arm_joint', 'right_shoulder_joint'], 'joint_angles': {'left_wrist_attachment_joint': 30, 'left_fore_arm_joint': 0, 'left_upper_arm_joint': 0, 'left_shoulder_joint': 0, 'right_wrist_attachment_joint': -30, 'right_fore_arm_joint': 0, 'right_upper_arm_joint': 0, 'right_shoulder_joint': 0}}
Placing the robot in the initial position...
Initial position reached
{'leg_left_ankle_roll_joint': 0.021874864355660426, 'leg_left_ankle_pitch_joint': -0.5071865183295924, 'leg_left_knee_pitch_joint': 0.9532708237151204, 'leg_left_hip_pitch_joint': -0.34730202150969736, 'leg_left_hip_yaw_joint': -0.058388591613229644, 'leg_left_hip_roll_joint': -0.013879574673620798, 'leg_right_ankle_roll_joint': 0.022581073911287934, 'leg_right_ankle_pitch_joint': -0.5335875305791454, 'leg_right_knee_pitch_joint': 1.0386809045601186, 'leg_right_hip_pitch_joint': -0.4063321014217879, 'leg_right_hip_yaw_joint': -0.058936645376958675, 'leg_right_hip_roll_joint': -0.014333504964570788, 'left_wrist_attachment_joint': 0.5235987755982988, 'left_fore_arm_joint': -1.1822557470422276e-24, 'left_upper_arm_joint': 1.5472924473309135e-24, 'left_shoulder_joint': 2.098174144806614e-24, 'right_wrist_attachment_joint': -0.5235987755982988, 'right_fore_arm_joint': 1.2785016208908334e-24, 'right_upper_arm_joint': -1.6736589031849373e-24, 'right_shoulder_joint': -2.3838677436130694e-24}
## period: 1.17
You can open the visualizer by visiting the following URL:
http://127.0.0.1:7006/static/
Viewer URL: http://127.0.0.1:7006/static/
BAD root_position: -0.07741
BAD root_position: -0.07741
BAD root_position: -0.07741
BAD root_position: -0.07741
BAD root_position: -0.07741
BAD root_position: -0.07741
BAD root_position: -0.07741
BAD root_position: -0.07741
BAD root_position: -0.07741
BAD root_position: -0.07741
BAD root_position: -0.07741
BAD root_position: -0.07741
BAD root_position: -0.07741
BAD root_position: -0.07741
BAD root_position: -0.07741
BAD root_position: -0.07741
BAD root_position: -0.07741
BAD root_position: -0.07741
BAD root_position: -0.07741
BAD root_position: -0.07741
BAD root_position: -0.07741
BAD root_position: -0.07741
BAD root_position: -0.07741
BAD root_position: -0.07740
BAD root_position: -0.07740
BAD root_position: -0.07740
BAD root_position: -0.07740
BAD root_position: -0.07740
BAD root_position: -0.07740
BAD root_position: -0.07740
BAD root_position: -0.07740
BAD root_position: -0.07740
BAD root_position: -0.07740
BAD root_position: -0.07765
BAD root_position: -0.07814
BAD root_position: -0.07879
BAD root_position: -0.07951
BAD root_position: -0.08020
BAD root_position: -0.08077
BAD root_position: -0.08112
BAD root_position: -0.08119
BAD root_position: -0.08119
BAD root_position: -0.08119
BAD root_position: -0.08119
BAD root_position: -0.08119
BAD root_position: -0.08119
BAD root_position: -0.08119
BAD root_position: -0.08113
BAD root_position: -0.08075
BAD root_position: -0.08015
BAD root_position: -0.07942
BAD root_position: -0.07867
BAD root_position: -0.07801
BAD root_position: -0.07756
BAD root_position: -0.07740
BAD root_position: -0.07740
BAD root_position: -0.07740
BAD root_position: -0.07740
BAD root_position: -0.07740
BAD root_position: -0.07739
BAD root_position: -0.07739
BAD root_position: -0.07747
BAD root_position: -0.07786
BAD root_position: -0.07848
BAD root_position: -0.07921
BAD root_position: -0.07996
BAD root_position: -0.08060
BAD root_position: -0.08105
BAD root_position: -0.08118
BAD root_position: -0.08118
BAD root_position: -0.08118
BAD root_position: -0.08118
BAD root_position: -0.08118
BAD root_position: -0.08118
BAD root_position: -0.08118
BAD root_position: -0.08107
BAD root_position: -0.08066
BAD root_position: -0.08002
BAD root_position: -0.07928
BAD root_position: -0.07853
BAD root_position: -0.07789
BAD root_position: -0.07746
BAD root_position: -0.07734
BAD root_position: -0.07732
BAD root_position: -0.07731
BAD root_position: -0.07730
BAD root_position: -0.07728
BAD root_position: -0.07726
BAD root_position: -0.07725
BAD root_position: -0.07735
BAD root_position: -0.07778
BAD root_position: -0.07844
BAD root_position: -0.07922
BAD root_position: -0.08001
BAD root_position: -0.08072
BAD root_position: -0.08121
BAD root_position: -0.08140
BAD root_position: -0.08150
BAD root_position: -0.08160
BAD root_position: -0.08170
BAD root_position: -0.08179
BAD root_position: -0.08187
BAD root_position: -0.08194
BAD root_position: -0.08184
BAD root_position: -0.08139
BAD root_position: -0.08070
BAD root_position: -0.07988
BAD root_position: -0.07905
BAD root_position: -0.07833
BAD root_position: -0.07784
BAD root_position: -0.07766
BAD root_position: -0.07755
BAD root_position: -0.07744
BAD root_position: -0.07733
BAD root_position: -0.07723
BAD root_position: -0.07713
BAD root_position: -0.07703
BAD root_position: -0.07711
BAD root_position: -0.07747
BAD root_position: -0.07803
BAD root_position: -0.07868
BAD root_position: -0.07934
BAD root_position: -0.07991
BAD root_position: -0.08027
BAD root_position: -0.08038
BAD root_position: -0.08044
BAD root_position: -0.08051
BAD root_position: -0.08059
BAD root_position: -0.08067
BAD root_position: -0.08075
BAD root_position: -0.08084
BAD root_position: -0.08073
BAD root_position: -0.08033
BAD root_position: -0.07972
BAD root_position: -0.07902
BAD root_position: -0.07834
BAD root_position: -0.07777
BAD root_position: -0.07744
BAD root_position: -0.07739
BAD root_position: -0.07738
BAD root_position: -0.07738
BAD root_position: -0.07737
BAD root_position: -0.07736
BAD root_position: -0.07735
BAD root_position: -0.07734
BAD root_position: -0.07755
BAD root_position: -0.07807
BAD root_position: -0.07878
BAD root_position: -0.07958
BAD root_position: -0.08036
BAD root_position: -0.08102
BAD root_position: -0.08144
BAD root_position: -0.08157
BAD root_position: -0.08168
BAD root_position: -0.08177
BAD root_position: -0.08187
BAD root_position: -0.08196
BAD root_position: -0.08203
BAD root_position: -0.08209
BAD root_position: -0.08187
BAD root_position: -0.08133
BAD root_position: -0.08058
BAD root_position: -0.07974
BAD root_position: -0.07892
BAD root_position: -0.07824
BAD root_position: -0.07782
BAD root_position: -0.07768
BAD root_position: -0.07756
BAD root_position: -0.07744
BAD root_position: -0.07731
BAD root_position: -0.07719
BAD root_position: -0.07707
BAD root_position: -0.07697
BAD root_position: -0.07713
BAD root_position: -0.07754
BAD root_position: -0.07812
BAD root_position: -0.07878
BAD root_position: -0.07941
BAD root_position: -0.07992
BAD root_position: -0.08020
BAD root_position: -0.08027
BAD root_position: -0.08033
BAD root_position: -0.08040
BAD root_position: -0.08050
BAD root_position: -0.08058
BAD root_position: -0.08067
BAD root_position: -0.08074
BAD root_position: -0.08055
BAD root_position: -0.08009
BAD root_position: -0.07946
BAD root_position: -0.07876
BAD root_position: -0.07811
BAD root_position: -0.07763
BAD root_position: -0.07739
BAD root_position: -0.07738
BAD root_position: -0.07739
BAD root_position: -0.07740
BAD root_position: -0.07740
BAD root_position: -0.07741
BAD root_position: -0.07741
BAD root_position: -0.07741
BAD root_position: -0.07757
BAD root_position: -0.07801
BAD root_position: -0.07865
BAD root_position: -0.07941
BAD root_position: -0.08018
BAD root_position: -0.08088
BAD root_position: -0.08140
BAD root_position: -0.08165
BAD root_position: -0.08175
BAD root_position: -0.08184
BAD root_position: -0.08194
BAD root_position: -0.08203
BAD root_position: -0.08210
BAD root_position: -0.08217
BAD root_position: -0.08220
BAD root_position: -0.08195
BAD root_position: -0.08141
BAD root_position: -0.08067
BAD root_position: -0.07986
BAD root_position: -0.07905
BAD root_position: -0.07837
BAD root_position: -0.07790
BAD root_position: -0.07771
BAD root_position: -0.07758
BAD root_position: -0.07744
BAD root_position: -0.07730
BAD root_position: -0.07717
BAD root_position: -0.07704
BAD root_position: -0.07693
BAD root_position: -0.07690
BAD root_position: -0.07715
BAD root_position: -0.07761
BAD root_position: -0.07818
BAD root_position: -0.07880
BAD root_position: -0.07938
BAD root_position: -0.07983
BAD root_position: -0.08006
BAD root_position: -0.08012
BAD root_position: -0.08018
BAD root_position: -0.08025
BAD root_position: -0.08033
BAD root_position: -0.08042
BAD root_position: -0.08051
BAD root_position: -0.08060
BAD root_position: -0.08050
BAD root_position: -0.08014
BAD root_position: -0.07960
BAD root_position: -0.07897
BAD root_position: -0.07833
BAD root_position: -0.07780
BAD root_position: -0.07743
BAD root_position: -0.07734
BAD root_position: -0.07736
BAD root_position: -0.07738
BAD root_position: -0.07740
BAD root_position: -0.07742
BAD root_position: -0.07743
BAD root_position: -0.07745
BAD root_position: -0.07750
BAD root_position: -0.07782
BAD root_position: -0.07838
BAD root_position: -0.07910
BAD root_position: -0.07988
BAD root_position: -0.08064
BAD root_position: -0.08127
BAD root_position: -0.08167
BAD root_position: -0.08180
BAD root_position: -0.08190
BAD root_position: -0.08200
BAD root_position: -0.08209
BAD root_position: -0.08218
BAD root_position: -0.08225
BAD root_position: -0.08229
BAD root_position: -0.08220
BAD root_position: -0.08179
BAD root_position: -0.08113
BAD root_position: -0.08033
BAD root_position: -0.07950
BAD root_position: -0.07873
BAD root_position: -0.07813
BAD root_position: -0.07780
BAD root_position: -0.07766
BAD root_position: -0.07750
BAD root_position: -0.07735
BAD root_position: -0.07721
BAD root_position: -0.07707
BAD root_position: -0.07693
BAD root_position: -0.07682
BAD root_position: -0.07693
BAD root_position: -0.07728
BAD root_position: -0.07780
BAD root_position: -0.07839
BAD root_position: -0.07899
BAD root_position: -0.07951
BAD root_position: -0.07986
BAD root_position: -0.07998
BAD root_position: -0.08003
BAD root_position: -0.08010
BAD root_position: -0.08017
BAD root_position: -0.08026
BAD root_position: -0.08035
BAD root_position: -0.08044
BAD root_position: -0.08049
BAD root_position: -0.08026
BAD root_position: -0.07981
BAD root_position: -0.07922
BAD root_position: -0.07859
BAD root_position: -0.07800
BAD root_position: -0.07755
BAD root_position: -0.07733
BAD root_position: -0.07735
BAD root_position: -0.07738
BAD root_position: -0.07742
BAD root_position: -0.07746
BAD root_position: -0.07749
BAD root_position: -0.07752
BAD root_position: -0.07754
BAD root_position: -0.07772
BAD root_position: -0.07818
BAD root_position: -0.07884
BAD root_position: -0.07960
BAD root_position: -0.08039
BAD root_position: -0.08110
BAD root_position: -0.08163
BAD root_position: -0.08188
BAD root_position: -0.08198
BAD root_position: -0.08208
BAD root_position: -0.08218
BAD root_position: -0.08226
BAD root_position: -0.08234
BAD root_position: -0.08240
BAD root_position: -0.08242
BAD root_position: -0.08216
BAD root_position: -0.08160
BAD root_position: -0.08085
BAD root_position: -0.08001
BAD root_position: -0.07919
BAD root_position: -0.07848
BAD root_position: -0.07799
BAD root_position: -0.07778
BAD root_position: -0.07761
BAD root_position: -0.07745
BAD root_position: -0.07728
BAD root_position: -0.07713
BAD root_position: -0.07698
BAD root_position: -0.07685
BAD root_position: -0.07680
BAD root_position: -0.07703
BAD root_position: -0.07747
BAD root_position: -0.07802
BAD root_position: -0.07862
BAD root_position: -0.07918
BAD root_position: -0.07962
BAD root_position: -0.07984
BAD root_position: -0.07989
BAD root_position: -0.07995
BAD root_position: -0.08002
BAD root_position: -0.08010
BAD root_position: -0.08019
BAD root_position: -0.08029
BAD root_position: -0.08039
BAD root_position: -0.08031
BAD root_position: -0.07999
BAD root_position: -0.07947
BAD root_position: -0.07885
BAD root_position: -0.07824
BAD root_position: -0.07771
BAD root_position: -0.07737
BAD root_position: -0.07731
BAD root_position: -0.07735
BAD root_position: -0.07740
BAD root_position: -0.07745
BAD root_position: -0.07750
BAD root_position: -0.07754
BAD root_position: -0.07758
BAD root_position: -0.07765
BAD root_position: -0.07799
BAD root_position: -0.07857
BAD root_position: -0.07930
BAD root_position: -0.08009
BAD root_position: -0.08085
BAD root_position: -0.08149
BAD root_position: -0.08190
BAD root_position: -0.08203
BAD root_position: -0.08213
BAD root_position: -0.08222
BAD root_position: -0.08231
BAD root_position: -0.08239
BAD root_position: -0.08246
BAD root_position: -0.08251
BAD root_position: -0.08241
BAD root_position: -0.08195
BAD root_position: -0.08123
BAD root_position: -0.08037
BAD root_position: -0.07948
BAD root_position: -0.07869
BAD root_position: -0.07810
BAD root_position: -0.07782
BAD root_position: -0.07764
BAD root_position: -0.07746
BAD root_position: -0.07728
BAD root_position: -0.07710
BAD root_position: -0.07694
BAD root_position: -0.07680
BAD root_position: -0.07680
BAD root_position: -0.07708
BAD root_position: -0.07757
BAD root_position: -0.07817
BAD root_position: -0.07878
BAD root_position: -0.07932
BAD root_position: -0.07967
BAD root_position: -0.07978
BAD root_position: -0.07984
BAD root_position: -0.07990
BAD root_position: -0.07999
BAD root_position: -0.08008
BAD root_position: -0.08018
BAD root_position: -0.08029
BAD root_position: -0.08025
BAD root_position: -0.07992
BAD root_position: -0.07939
BAD root_position: -0.07876
BAD root_position: -0.07814
BAD root_position: -0.07763
BAD root_position: -0.07734
BAD root_position: -0.07734
BAD root_position: -0.07740
BAD root_position: -0.07747
BAD root_position: -0.07754
BAD root_position: -0.07760
BAD root_position: -0.07766
BAD root_position: -0.07770
BAD root_position: -0.07793
BAD root_position: -0.07846
BAD root_position: -0.07918
BAD root_position: -0.08001
BAD root_position: -0.08083
BAD root_position: -0.08152
BAD root_position: -0.08199
BAD root_position: -0.08215
BAD root_position: -0.08226
BAD root_position: -0.08236
BAD root_position: -0.08245
BAD root_position: -0.08253
BAD root_position: -0.08259
BAD root_position: -0.08263
BAD root_position: -0.08242
BAD root_position: -0.08187
BAD root_position: -0.08109
BAD root_position: -0.08021
BAD root_position: -0.07934
BAD root_position: -0.07860
BAD root_position: -0.07810
BAD root_position: -0.07789
BAD root_position: -0.07770
BAD root_position: -0.07751
BAD root_position: -0.07732
BAD root_position: -0.07714
BAD root_position: -0.07697
BAD root_position: -0.07683
BAD root_position: -0.07690
BAD root_position: -0.07724
BAD root_position: -0.07776
BAD root_position: -0.07836
BAD root_position: -0.07895
BAD root_position: -0.07943
BAD root_position: -0.07971
BAD root_position: -0.07977
BAD root_position: -0.07982
BAD root_position: -0.07989
BAD root_position: -0.07997
BAD root_position: -0.08010
BAD root_position: -0.08020
BAD root_position: -0.08030
BAD root_position: -0.08017
BAD root_position: -0.07978
BAD root_position: -0.07922
BAD root_position: -0.07859
BAD root_position: -0.07800
BAD root_position: -0.07755
BAD root_position: -0.07736
BAD root_position: -0.07741
BAD root_position: -0.07749
BAD root_position: -0.07757
BAD root_position: -0.07764
BAD root_position: -0.07772
BAD root_position: -0.07778
BAD root_position: -0.07785
BAD root_position: -0.07818
BAD root_position: -0.07878
BAD root_position: -0.07955
BAD root_position: -0.08038
BAD root_position: -0.08117
BAD root_position: -0.08181
BAD root_position: -0.08219
BAD root_position: -0.08231
BAD root_position: -0.08241
BAD root_position: -0.08251
BAD root_position: -0.08259
recorded 500 frames
avg lin_vel_x 0.0341
avg lin_vel_y -0.0272
avg yaw -0.0003
computed xvel: 0.103, mean xvel: 0.0341
computed yvel: 0.017, mean yvel: -0.0272
computed thetavel: -0.222, mean thetavel: -0.0003
DONE, saving 53_0.103_0.017_-0.222.json
