<frozen importlib._bootstrap>:241: RuntimeWarning: to-Python converter for std::vector<Eigen::Matrix<double, 3, 1, 0, 3, 1>, std::allocator<Eigen::Matrix<double, 3, 1, 0, 3, 1> > > already registered; second conversion method ignored.
<frozen importlib._bootstrap>:241: RuntimeWarning: to-Python converter for boost::python::detail::container_element<std::vector<Eigen::Matrix<double, 3, 1, 0, 3, 1>, std::allocator<Eigen::Matrix<double, 3, 1, 0, 3, 1> > >, unsigned long, boost::python::detail::final_vector_derived_policies<std::vector<Eigen::Matrix<double, 3, 1, 0, 3, 1>, std::allocator<Eigen::Matrix<double, 3, 1, 0, 3, 1> > >, false> > already registered; second conversion method ignored.
<frozen importlib._bootstrap>:241: RuntimeWarning: to-Python converter for std::vector<int, std::allocator<int> > already registered; second conversion method ignored.
<frozen importlib._bootstrap>:241: RuntimeWarning: to-Python converter for std::vector<double, std::allocator<double> > already registered; second conversion method ignored.
<frozen importlib._bootstrap>:241: RuntimeWarning: to-Python converter for std::vector<std::__cxx11::basic_string<char, std::char_traits<char>, std::allocator<char> >, std::allocator<std::__cxx11::basic_string<char, std::char_traits<char>, std::allocator<char> > > > already registered; second conversion method ignored.
WARNING: Can't find trunk frames in the model, can't measure leg spacing
WARNING: Can't find head frames in the model, camera_look_at won't work
gait_parameters {'dx': 0.08, 'dy': 0.01, 'dtheta': -0.13, 'duration': 8, 'hardware': True, 'double_support_ratio': 0.25, 'startend_double_support_ratio': 1.5, 'planned_timesteps': 48, 'replan_timesteps': 10, 'walk_com_height': 0.445, 'walk_foot_height': 0.03, 'walk_trunk_pitch': -5.7, 'walk_foot_rise_ratio': 0.3, 'single_support_duration': 0.45, 'single_support_timesteps': 10, 'foot_length': 0.22, 'feet_spacing': 0.114, 'zmp_margin': 0.02, 'foot_zmp_target_x': 0.0, 'foot_zmp_target_y': 0.0, 'walk_max_dtheta': 1.0, 'walk_max_dy': 0.04, 'walk_max_dx_forward': 0.1, 'walk_max_dx_backward': 0.03, 'joints': ['leg_left_ankle_roll_joint', 'leg_left_ankle_pitch_joint', 'leg_left_knee_pitch_joint', 'leg_left_hip_pitch_joint', 'leg_left_hip_yaw_joint', 'leg_left_hip_roll_joint', 'leg_right_ankle_roll_joint', 'leg_right_ankle_pitch_joint', 'leg_right_knee_pitch_joint', 'leg_right_hip_pitch_joint', 'leg_right_hip_yaw_joint', 'leg_right_hip_roll_joint', 'left_wrist_attachment_joint', 'left_fore_arm_joint', 'left_upper_arm_joint', 'left_shoulder_joint', 'right_wrist_attachment_joint', 'right_fore_arm_joint', 'right_upper_arm_joint', 'right_shoulder_joint'], 'joint_angles': {'left_wrist_attachment_joint': 30, 'left_fore_arm_joint': 0, 'left_upper_arm_joint': 0, 'left_shoulder_joint': 0, 'right_wrist_attachment_joint': -30, 'right_fore_arm_joint': 0, 'right_upper_arm_joint': 0, 'right_shoulder_joint': 0}}
Placing the robot in the initial position...
Initial position reached
{'leg_left_ankle_roll_joint': 0.022557489432115326, 'leg_left_ankle_pitch_joint': -0.5095317593222433, 'leg_left_knee_pitch_joint': 0.9580537032661927, 'leg_left_hip_pitch_joint': -0.349765069625461, 'leg_left_hip_yaw_joint': -0.05891652931569099, 'leg_left_hip_roll_joint': -0.014313056202556558, 'leg_right_ankle_roll_joint': 0.023275793757411168, 'leg_right_ankle_pitch_joint': -0.53593911292326, 'leg_right_knee_pitch_joint': 1.0435149131082084, 'leg_right_hip_pitch_joint': -0.40884063250880776, 'leg_right_hip_yaw_joint': -0.059473925350977674, 'leg_right_hip_roll_joint': -0.014774695669748757, 'left_wrist_attachment_joint': 0.5235987755982988, 'left_fore_arm_joint': -1.6243906433962646e-24, 'left_upper_arm_joint': 2.4244500782629886e-24, 'left_shoulder_joint': 3.940170678469284e-24, 'right_wrist_attachment_joint': -0.5235987755982988, 'right_fore_arm_joint': 2.364750899455644e-24, 'right_upper_arm_joint': -3.2308111930383654e-24, 'right_shoulder_joint': -3.209889659130329e-24}
## period: 1.17
You can open the visualizer by visiting the following URL:
http://127.0.0.1:7007/static/
Viewer URL: http://127.0.0.1:7007/static/
BAD root_position: -0.07769
BAD root_position: -0.07769
BAD root_position: -0.07769
BAD root_position: -0.07769
BAD root_position: -0.07769
BAD root_position: -0.07769
BAD root_position: -0.07769
BAD root_position: -0.07769
BAD root_position: -0.07769
BAD root_position: -0.07769
BAD root_position: -0.07769
BAD root_position: -0.07769
BAD root_position: -0.07769
BAD root_position: -0.07769
BAD root_position: -0.07769
BAD root_position: -0.07769
BAD root_position: -0.07769
BAD root_position: -0.07769
BAD root_position: -0.07769
BAD root_position: -0.07769
BAD root_position: -0.07769
BAD root_position: -0.07768
BAD root_position: -0.07768
BAD root_position: -0.07768
BAD root_position: -0.07768
BAD root_position: -0.07768
BAD root_position: -0.07768
BAD root_position: -0.07768
BAD root_position: -0.07768
BAD root_position: -0.07768
BAD root_position: -0.07768
BAD root_position: -0.07768
BAD root_position: -0.07768
BAD root_position: -0.07793
BAD root_position: -0.07842
BAD root_position: -0.07907
BAD root_position: -0.07979
BAD root_position: -0.08048
BAD root_position: -0.08105
BAD root_position: -0.08140
BAD root_position: -0.08147
BAD root_position: -0.08147
BAD root_position: -0.08147
BAD root_position: -0.08147
BAD root_position: -0.08147
BAD root_position: -0.08147
BAD root_position: -0.08147
BAD root_position: -0.08140
BAD root_position: -0.08103
BAD root_position: -0.08043
BAD root_position: -0.07970
BAD root_position: -0.07895
BAD root_position: -0.07829
BAD root_position: -0.07783
BAD root_position: -0.07768
BAD root_position: -0.07768
BAD root_position: -0.07768
BAD root_position: -0.07768
BAD root_position: -0.07768
BAD root_position: -0.07767
BAD root_position: -0.07767
BAD root_position: -0.07775
BAD root_position: -0.07814
BAD root_position: -0.07875
BAD root_position: -0.07949
BAD root_position: -0.08023
BAD root_position: -0.08088
BAD root_position: -0.08132
BAD root_position: -0.08145
BAD root_position: -0.08145
BAD root_position: -0.08145
BAD root_position: -0.08145
BAD root_position: -0.08145
BAD root_position: -0.08145
BAD root_position: -0.08145
BAD root_position: -0.08135
BAD root_position: -0.08093
BAD root_position: -0.08029
BAD root_position: -0.07954
BAD root_position: -0.07879
BAD root_position: -0.07815
BAD root_position: -0.07772
BAD root_position: -0.07759
BAD root_position: -0.07758
BAD root_position: -0.07756
BAD root_position: -0.07754
BAD root_position: -0.07752
BAD root_position: -0.07750
BAD root_position: -0.07747
BAD root_position: -0.07758
BAD root_position: -0.07801
BAD root_position: -0.07867
BAD root_position: -0.07946
BAD root_position: -0.08027
BAD root_position: -0.08100
BAD root_position: -0.08153
BAD root_position: -0.08175
BAD root_position: -0.08188
BAD root_position: -0.08201
BAD root_position: -0.08214
BAD root_position: -0.08226
BAD root_position: -0.08237
BAD root_position: -0.08246
BAD root_position: -0.08237
BAD root_position: -0.08191
BAD root_position: -0.08120
BAD root_position: -0.08035
BAD root_position: -0.07949
BAD root_position: -0.07874
BAD root_position: -0.07821
BAD root_position: -0.07800
BAD root_position: -0.07786
BAD root_position: -0.07772
BAD root_position: -0.07758
BAD root_position: -0.07744
BAD root_position: -0.07732
BAD root_position: -0.07720
BAD root_position: -0.07725
BAD root_position: -0.07758
BAD root_position: -0.07810
BAD root_position: -0.07872
BAD root_position: -0.07936
BAD root_position: -0.07990
BAD root_position: -0.08027
BAD root_position: -0.08039
BAD root_position: -0.08047
BAD root_position: -0.08057
BAD root_position: -0.08067
BAD root_position: -0.08079
BAD root_position: -0.08090
BAD root_position: -0.08102
BAD root_position: -0.08095
BAD root_position: -0.08057
BAD root_position: -0.07999
BAD root_position: -0.07931
BAD root_position: -0.07863
BAD root_position: -0.07807
BAD root_position: -0.07774
BAD root_position: -0.07768
BAD root_position: -0.07767
BAD root_position: -0.07765
BAD root_position: -0.07764
BAD root_position: -0.07762
BAD root_position: -0.07761
BAD root_position: -0.07759
BAD root_position: -0.07779
BAD root_position: -0.07831
BAD root_position: -0.07902
BAD root_position: -0.07984
BAD root_position: -0.08064
BAD root_position: -0.08133
BAD root_position: -0.08178
BAD root_position: -0.08194
BAD root_position: -0.08208
BAD root_position: -0.08221
BAD root_position: -0.08233
BAD root_position: -0.08244
BAD root_position: -0.08254
BAD root_position: -0.08261
BAD root_position: -0.08240
BAD root_position: -0.08185
BAD root_position: -0.08107
BAD root_position: -0.08020
BAD root_position: -0.07935
BAD root_position: -0.07864
BAD root_position: -0.07819
BAD root_position: -0.07802
BAD root_position: -0.07787
BAD root_position: -0.07771
BAD root_position: -0.07755
BAD root_position: -0.07740
BAD root_position: -0.07726
BAD root_position: -0.07714
BAD root_position: -0.07727
BAD root_position: -0.07765
BAD root_position: -0.07819
BAD root_position: -0.07882
BAD root_position: -0.07942
BAD root_position: -0.07992
BAD root_position: -0.08021
BAD root_position: -0.08029
BAD root_position: -0.08037
BAD root_position: -0.08047
BAD root_position: -0.08060
BAD root_position: -0.08071
BAD root_position: -0.08084
BAD root_position: -0.08094
BAD root_position: -0.08078
BAD root_position: -0.08035
BAD root_position: -0.07974
BAD root_position: -0.07906
BAD root_position: -0.07842
BAD root_position: -0.07794
BAD root_position: -0.07769
BAD root_position: -0.07767
BAD root_position: -0.07768
BAD root_position: -0.07768
BAD root_position: -0.07768
BAD root_position: -0.07767
BAD root_position: -0.07767
BAD root_position: -0.07766
BAD root_position: -0.07781
BAD root_position: -0.07825
BAD root_position: -0.07890
BAD root_position: -0.07967
BAD root_position: -0.08045
BAD root_position: -0.08117
BAD root_position: -0.08172
BAD root_position: -0.08200
BAD root_position: -0.08213
BAD root_position: -0.08226
BAD root_position: -0.08238
BAD root_position: -0.08249
BAD root_position: -0.08260
BAD root_position: -0.08268
BAD root_position: -0.08273
BAD root_position: -0.08248
BAD root_position: -0.08192
BAD root_position: -0.08117
BAD root_position: -0.08032
BAD root_position: -0.07948
BAD root_position: -0.07876
BAD root_position: -0.07826
BAD root_position: -0.07805
BAD root_position: -0.07788
BAD root_position: -0.07771
BAD root_position: -0.07755
BAD root_position: -0.07739
BAD root_position: -0.07724
BAD root_position: -0.07711
BAD root_position: -0.07706
BAD root_position: -0.07728
BAD root_position: -0.07770
BAD root_position: -0.07824
BAD root_position: -0.07883
BAD root_position: -0.07939
BAD root_position: -0.07983
BAD root_position: -0.08007
BAD root_position: -0.08014
BAD root_position: -0.08022
BAD root_position: -0.08032
BAD root_position: -0.08042
BAD root_position: -0.08054
BAD root_position: -0.08066
BAD root_position: -0.08078
BAD root_position: -0.08072
BAD root_position: -0.08038
BAD root_position: -0.07987
BAD root_position: -0.07925
BAD root_position: -0.07862
BAD root_position: -0.07810
BAD root_position: -0.07774
BAD root_position: -0.07764
BAD root_position: -0.07765
BAD root_position: -0.07766
BAD root_position: -0.07767
BAD root_position: -0.07768
BAD root_position: -0.07769
BAD root_position: -0.07770
BAD root_position: -0.07774
BAD root_position: -0.07805
BAD root_position: -0.07862
BAD root_position: -0.07934
BAD root_position: -0.08014
BAD root_position: -0.08091
BAD root_position: -0.08157
BAD root_position: -0.08200
BAD root_position: -0.08216
BAD root_position: -0.08230
BAD root_position: -0.08242
BAD root_position: -0.08254
BAD root_position: -0.08265
BAD root_position: -0.08274
BAD root_position: -0.08280
BAD root_position: -0.08272
BAD root_position: -0.08230
BAD root_position: -0.08163
BAD root_position: -0.08081
BAD root_position: -0.07994
BAD root_position: -0.07914
BAD root_position: -0.07851
BAD root_position: -0.07815
BAD root_position: -0.07797
BAD root_position: -0.07779
BAD root_position: -0.07761
BAD root_position: -0.07744
BAD root_position: -0.07727
BAD root_position: -0.07712
BAD root_position: -0.07699
BAD root_position: -0.07708
BAD root_position: -0.07740
BAD root_position: -0.07788
BAD root_position: -0.07845
BAD root_position: -0.07902
BAD root_position: -0.07952
BAD root_position: -0.07988
BAD root_position: -0.08000
BAD root_position: -0.08007
BAD root_position: -0.08016
BAD root_position: -0.08026
BAD root_position: -0.08037
BAD root_position: -0.08049
BAD root_position: -0.08061
BAD root_position: -0.08068
BAD root_position: -0.08049
BAD root_position: -0.08006
BAD root_position: -0.07950
BAD root_position: -0.07888
BAD root_position: -0.07829
BAD root_position: -0.07785
BAD root_position: -0.07763
BAD root_position: -0.07764
BAD root_position: -0.07767
BAD root_position: -0.07770
BAD root_position: -0.07773
BAD root_position: -0.07775
BAD root_position: -0.07778
BAD root_position: -0.07779
BAD root_position: -0.07796
BAD root_position: -0.07842
BAD root_position: -0.07908
BAD root_position: -0.07986
BAD root_position: -0.08066
BAD root_position: -0.08139
BAD root_position: -0.08195
BAD root_position: -0.08223
BAD root_position: -0.08236
BAD root_position: -0.08249
BAD root_position: -0.08261
BAD root_position: -0.08272
BAD root_position: -0.08282
BAD root_position: -0.08290
BAD root_position: -0.08294
BAD root_position: -0.08267
BAD root_position: -0.08211
BAD root_position: -0.08134
BAD root_position: -0.08047
BAD root_position: -0.07961
BAD root_position: -0.07887
BAD root_position: -0.07834
BAD root_position: -0.07810
BAD root_position: -0.07791
BAD root_position: -0.07772
BAD root_position: -0.07753
BAD root_position: -0.07735
BAD root_position: -0.07718
BAD root_position: -0.07703
BAD root_position: -0.07697
BAD root_position: -0.07717
BAD root_position: -0.07758
BAD root_position: -0.07810
BAD root_position: -0.07867
BAD root_position: -0.07921
BAD root_position: -0.07963
BAD root_position: -0.07987
BAD root_position: -0.07993
BAD root_position: -0.08001
BAD root_position: -0.08010
BAD root_position: -0.08020
BAD root_position: -0.08032
BAD root_position: -0.08044
BAD root_position: -0.08057
BAD root_position: -0.08052
BAD root_position: -0.08023
BAD root_position: -0.07973
BAD root_position: -0.07913
BAD root_position: -0.07853
BAD root_position: -0.07801
BAD root_position: -0.07767
BAD root_position: -0.07760
BAD root_position: -0.07763
BAD root_position: -0.07768
BAD root_position: -0.07772
BAD root_position: -0.07776
BAD root_position: -0.07780
BAD root_position: -0.07783
BAD root_position: -0.07789
BAD root_position: -0.07823
BAD root_position: -0.07881
BAD root_position: -0.07954
BAD root_position: -0.08035
BAD root_position: -0.08113
BAD root_position: -0.08179
BAD root_position: -0.08222
BAD root_position: -0.08239
BAD root_position: -0.08251
BAD root_position: -0.08263
BAD root_position: -0.08275
BAD root_position: -0.08285
BAD root_position: -0.08294
BAD root_position: -0.08301
BAD root_position: -0.08292
BAD root_position: -0.08246
BAD root_position: -0.08172
BAD root_position: -0.08083
BAD root_position: -0.07991
BAD root_position: -0.07908
BAD root_position: -0.07846
BAD root_position: -0.07815
BAD root_position: -0.07794
BAD root_position: -0.07773
BAD root_position: -0.07752
BAD root_position: -0.07733
BAD root_position: -0.07715
BAD root_position: -0.07699
BAD root_position: -0.07696
BAD root_position: -0.07723
BAD root_position: -0.07768
BAD root_position: -0.07825
BAD root_position: -0.07883
BAD root_position: -0.07935
BAD root_position: -0.07970
BAD root_position: -0.07982
BAD root_position: -0.07989
BAD root_position: -0.07998
BAD root_position: -0.08008
BAD root_position: -0.08020
BAD root_position: -0.08033
BAD root_position: -0.08047
BAD root_position: -0.08046
BAD root_position: -0.08016
BAD root_position: -0.07965
BAD root_position: -0.07904
BAD root_position: -0.07843
BAD root_position: -0.07792
BAD root_position: -0.07763
BAD root_position: -0.07763
BAD root_position: -0.07768
BAD root_position: -0.07774
BAD root_position: -0.07780
BAD root_position: -0.07786
BAD root_position: -0.07791
BAD root_position: -0.07795
BAD root_position: -0.07817
BAD root_position: -0.07870
BAD root_position: -0.07943
BAD root_position: -0.08027
BAD root_position: -0.08110
BAD root_position: -0.08182
BAD root_position: -0.08231
BAD root_position: -0.08250
BAD root_position: -0.08264
BAD root_position: -0.08277
BAD root_position: -0.08288
BAD root_position: -0.08299
BAD root_position: -0.08307
BAD root_position: -0.08312
BAD root_position: -0.08292
BAD root_position: -0.08236
BAD root_position: -0.08156
BAD root_position: -0.08066
BAD root_position: -0.07975
BAD root_position: -0.07898
BAD root_position: -0.07845
BAD root_position: -0.07821
BAD root_position: -0.07800
BAD root_position: -0.07778
BAD root_position: -0.07757
BAD root_position: -0.07737
BAD root_position: -0.07718
BAD root_position: -0.07702
BAD root_position: -0.07707
BAD root_position: -0.07739
BAD root_position: -0.07787
BAD root_position: -0.07844
BAD root_position: -0.07900
BAD root_position: -0.07947
BAD root_position: -0.07976
BAD root_position: -0.07983
BAD root_position: -0.07989
BAD root_position: -0.07998
BAD root_position: -0.08009
BAD root_position: -0.08024
BAD root_position: -0.08037
BAD root_position: -0.08049
BAD root_position: -0.08039
BAD root_position: -0.08003
BAD root_position: -0.07949
BAD root_position: -0.07888
BAD root_position: -0.07830
BAD root_position: -0.07785
BAD root_position: -0.07765
BAD root_position: -0.07770
BAD root_position: -0.07777
BAD root_position: -0.07784
BAD root_position: -0.07791
BAD root_position: -0.07798
BAD root_position: -0.07804
BAD root_position: -0.07810
BAD root_position: -0.07843
BAD root_position: -0.07902
BAD root_position: -0.07980
BAD root_position: -0.08064
BAD root_position: -0.08145
BAD root_position: -0.08212
BAD root_position: -0.08252
BAD root_position: -0.08266
BAD root_position: -0.08279
BAD root_position: -0.08292
BAD root_position: -0.08302
recorded 500 frames
avg lin_vel_x 0.0481
avg lin_vel_y -0.0362
avg yaw -0.0003
computed xvel: 0.137, mean xvel: 0.0481
computed yvel: 0.017, mean yvel: -0.0362
computed thetavel: -0.222, mean thetavel: -0.0003
DONE, saving 54_0.137_0.017_-0.222.json
