<frozen importlib._bootstrap>:241: RuntimeWarning: to-Python converter for std::vector<Eigen::Matrix<double, 3, 1, 0, 3, 1>, std::allocator<Eigen::Matrix<double, 3, 1, 0, 3, 1> > > already registered; second conversion method ignored.
<frozen importlib._bootstrap>:241: RuntimeWarning: to-Python converter for boost::python::detail::container_element<std::vector<Eigen::Matrix<double, 3, 1, 0, 3, 1>, std::allocator<Eigen::Matrix<double, 3, 1, 0, 3, 1> > >, unsigned long, boost::python::detail::final_vector_derived_policies<std::vector<Eigen::Matrix<double, 3, 1, 0, 3, 1>, std::allocator<Eigen::Matrix<double, 3, 1, 0, 3, 1> > >, false> > already registered; second conversion method ignored.
<frozen importlib._bootstrap>:241: RuntimeWarning: to-Python converter for std::vector<int, std::allocator<int> > already registered; second conversion method ignored.
<frozen importlib._bootstrap>:241: RuntimeWarning: to-Python converter for std::vector<double, std::allocator<double> > already registered; second conversion method ignored.
<frozen importlib._bootstrap>:241: RuntimeWarning: to-Python converter for std::vector<std::__cxx11::basic_string<char, std::char_traits<char>, std::allocator<char> >, std::allocator<std::__cxx11::basic_string<char, std::char_traits<char>, std::allocator<char> > > > already registered; second conversion method ignored.
WARNING: Can't find trunk frames in the model, can't measure leg spacing
WARNING: Can't find head frames in the model, camera_look_at won't work
gait_parameters {'dx': 0.1, 'dy': 0.01, 'dtheta': -0.13, 'duration': 8, 'hardware': True, 'double_support_ratio': 0.25, 'startend_double_support_ratio': 1.5, 'planned_timesteps': 48, 'replan_timesteps': 10, 'walk_com_height': 0.445, 'walk_foot_height': 0.03, 'walk_trunk_pitch': -5.7, 'walk_foot_rise_ratio': 0.3, 'single_support_duration': 0.45, 'single_support_timesteps': 10, 'foot_length': 0.22, 'feet_spacing': 0.114, 'zmp_margin': 0.02, 'foot_zmp_target_x': 0.0, 'foot_zmp_target_y': 0.0, 'walk_max_dtheta': 1.0, 'walk_max_dy': 0.04, 'walk_max_dx_forward': 0.1, 'walk_max_dx_backward': 0.03, 'joints': ['leg_left_ankle_roll_joint', 'leg_left_ankle_pitch_joint', 'leg_left_knee_pitch_joint', 'leg_left_hip_pitch_joint', 'leg_left_hip_yaw_joint', 'leg_left_hip_roll_joint', 'leg_right_ankle_roll_joint', 'leg_right_ankle_pitch_joint', 'leg_right_knee_pitch_joint', 'leg_right_hip_pitch_joint', 'leg_right_hip_yaw_joint', 'leg_right_hip_roll_joint', 'left_wrist_attachment_joint', 'left_fore_arm_joint', 'left_upper_arm_joint', 'left_shoulder_joint', 'right_wrist_attachment_joint', 'right_fore_arm_joint', 'right_upper_arm_joint', 'right_shoulder_joint'], 'joint_angles': {'left_wrist_attachment_joint': 30, 'left_fore_arm_joint': 0, 'left_upper_arm_joint': 0, 'left_shoulder_joint': 0, 'right_wrist_attachment_joint': -30, 'right_fore_arm_joint': 0, 'right_upper_arm_joint': 0, 'right_shoulder_joint': 0}}
Placing the robot in the initial position...
Initial position reached
{'leg_left_ankle_roll_joint': 0.021601053917844386, 'leg_left_ankle_pitch_joint': -0.5137940942616543, 'leg_left_knee_pitch_joint': 0.9669024163599353, 'leg_left_hip_pitch_joint': -0.35431591073210156, 'leg_left_hip_yaw_joint': -0.058176825357156216, 'leg_left_hip_roll_joint': -0.013705706718894347, 'leg_right_ankle_roll_joint': 0.022304552069074, 'leg_right_ankle_pitch_joint': -0.5395664209103942, 'leg_right_knee_pitch_joint': 1.05113632707102, 'leg_right_hip_pitch_joint': -0.41279830927815303, 'leg_right_hip_yaw_joint': -0.058722786704141175, 'leg_right_hip_roll_joint': -0.014157904036586037, 'left_wrist_attachment_joint': 0.5235987755982988, 'left_fore_arm_joint': 1.2827036476115952e-24, 'left_upper_arm_joint': -1.8894086427053574e-24, 'left_shoulder_joint': -2.725225285988096e-24, 'right_wrist_attachment_joint': -0.5235987755982988, 'right_fore_arm_joint': -1.6221432519100724e-24, 'right_upper_arm_joint': 2.2789026193385262e-24, 'right_shoulder_joint': 2.5321495912759796e-24}
## period: 1.17
You can open the visualizer by visiting the following URL:
http://127.0.0.1:7008/static/
Viewer URL: http://127.0.0.1:7008/static/
BAD root_position: -0.07836
BAD root_position: -0.07836
BAD root_position: -0.07836
BAD root_position: -0.07836
BAD root_position: -0.07836
BAD root_position: -0.07836
BAD root_position: -0.07836
BAD root_position: -0.07836
BAD root_position: -0.07836
BAD root_position: -0.07836
BAD root_position: -0.07836
BAD root_position: -0.07836
BAD root_position: -0.07836
BAD root_position: -0.07836
BAD root_position: -0.07836
BAD root_position: -0.07836
BAD root_position: -0.07836
BAD root_position: -0.07836
BAD root_position: -0.07836
BAD root_position: -0.07836
BAD root_position: -0.07836
BAD root_position: -0.07836
BAD root_position: -0.07836
BAD root_position: -0.07836
BAD root_position: -0.07836
BAD root_position: -0.07836
BAD root_position: -0.07836
BAD root_position: -0.07836
BAD root_position: -0.07835
BAD root_position: -0.07835
BAD root_position: -0.07835
BAD root_position: -0.07835
BAD root_position: -0.07836
BAD root_position: -0.07860
BAD root_position: -0.07909
BAD root_position: -0.07974
BAD root_position: -0.08046
BAD root_position: -0.08115
BAD root_position: -0.08172
BAD root_position: -0.08207
BAD root_position: -0.08214
BAD root_position: -0.08214
BAD root_position: -0.08214
BAD root_position: -0.08214
BAD root_position: -0.08214
BAD root_position: -0.08214
BAD root_position: -0.08214
BAD root_position: -0.08207
BAD root_position: -0.08170
BAD root_position: -0.08110
BAD root_position: -0.08037
BAD root_position: -0.07962
BAD root_position: -0.07896
BAD root_position: -0.07851
BAD root_position: -0.07835
BAD root_position: -0.07835
BAD root_position: -0.07835
BAD root_position: -0.07835
BAD root_position: -0.07835
BAD root_position: -0.07834
BAD root_position: -0.07834
BAD root_position: -0.07842
BAD root_position: -0.07881
BAD root_position: -0.07942
BAD root_position: -0.08015
BAD root_position: -0.08090
BAD root_position: -0.08155
BAD root_position: -0.08199
BAD root_position: -0.08212
BAD root_position: -0.08212
BAD root_position: -0.08212
BAD root_position: -0.08212
BAD root_position: -0.08212
BAD root_position: -0.08212
BAD root_position: -0.08212
BAD root_position: -0.08202
BAD root_position: -0.08160
BAD root_position: -0.08096
BAD root_position: -0.08021
BAD root_position: -0.07946
BAD root_position: -0.07881
BAD root_position: -0.07838
BAD root_position: -0.07825
BAD root_position: -0.07823
BAD root_position: -0.07821
BAD root_position: -0.07819
BAD root_position: -0.07817
BAD root_position: -0.07814
BAD root_position: -0.07811
BAD root_position: -0.07821
BAD root_position: -0.07864
BAD root_position: -0.07930
BAD root_position: -0.08010
BAD root_position: -0.08093
BAD root_position: -0.08167
BAD root_position: -0.08222
BAD root_position: -0.08246
BAD root_position: -0.08261
BAD root_position: -0.08277
BAD root_position: -0.08291
BAD root_position: -0.08305
BAD root_position: -0.08317
BAD root_position: -0.08327
BAD root_position: -0.08319
BAD root_position: -0.08273
BAD root_position: -0.08201
BAD root_position: -0.08114
BAD root_position: -0.08026
BAD root_position: -0.07948
BAD root_position: -0.07893
BAD root_position: -0.07871
BAD root_position: -0.07855
BAD root_position: -0.07839
BAD root_position: -0.07823
BAD root_position: -0.07808
BAD root_position: -0.07794
BAD root_position: -0.07782
BAD root_position: -0.07785
BAD root_position: -0.07816
BAD root_position: -0.07866
BAD root_position: -0.07926
BAD root_position: -0.07987
BAD root_position: -0.08041
BAD root_position: -0.08077
BAD root_position: -0.08090
BAD root_position: -0.08099
BAD root_position: -0.08110
BAD root_position: -0.08122
BAD root_position: -0.08136
BAD root_position: -0.08150
BAD root_position: -0.08164
BAD root_position: -0.08158
BAD root_position: -0.08123
BAD root_position: -0.08067
BAD root_position: -0.08000
BAD root_position: -0.07933
BAD root_position: -0.07877
BAD root_position: -0.07843
BAD root_position: -0.07837
BAD root_position: -0.07835
BAD root_position: -0.07833
BAD root_position: -0.07831
BAD root_position: -0.07829
BAD root_position: -0.07826
BAD root_position: -0.07824
BAD root_position: -0.07844
BAD root_position: -0.07895
BAD root_position: -0.07967
BAD root_position: -0.08049
BAD root_position: -0.08131
BAD root_position: -0.08201
BAD root_position: -0.08248
BAD root_position: -0.08266
BAD root_position: -0.08281
BAD root_position: -0.08296
BAD root_position: -0.08310
BAD root_position: -0.08323
BAD root_position: -0.08334
BAD root_position: -0.08343
BAD root_position: -0.08322
BAD root_position: -0.08266
BAD root_position: -0.08187
BAD root_position: -0.08098
BAD root_position: -0.08011
BAD root_position: -0.07937
BAD root_position: -0.07891
BAD root_position: -0.07872
BAD root_position: -0.07856
BAD root_position: -0.07838
BAD root_position: -0.07821
BAD root_position: -0.07805
BAD root_position: -0.07789
BAD root_position: -0.07776
BAD root_position: -0.07787
BAD root_position: -0.07823
BAD root_position: -0.07876
BAD root_position: -0.07936
BAD root_position: -0.07995
BAD root_position: -0.08044
BAD root_position: -0.08073
BAD root_position: -0.08082
BAD root_position: -0.08091
BAD root_position: -0.08103
BAD root_position: -0.08117
BAD root_position: -0.08131
BAD root_position: -0.08145
BAD root_position: -0.08158
BAD root_position: -0.08144
BAD root_position: -0.08102
BAD root_position: -0.08043
BAD root_position: -0.07976
BAD root_position: -0.07912
BAD root_position: -0.07864
BAD root_position: -0.07839
BAD root_position: -0.07837
BAD root_position: -0.07836
BAD root_position: -0.07836
BAD root_position: -0.07835
BAD root_position: -0.07834
BAD root_position: -0.07833
BAD root_position: -0.07831
BAD root_position: -0.07845
BAD root_position: -0.07889
BAD root_position: -0.07954
BAD root_position: -0.08031
BAD root_position: -0.08111
BAD root_position: -0.08184
BAD root_position: -0.08241
BAD root_position: -0.08270
BAD root_position: -0.08285
BAD root_position: -0.08299
BAD root_position: -0.08313
BAD root_position: -0.08327
BAD root_position: -0.08338
BAD root_position: -0.08348
BAD root_position: -0.08354
BAD root_position: -0.08328
BAD root_position: -0.08272
BAD root_position: -0.08196
BAD root_position: -0.08109
BAD root_position: -0.08024
BAD root_position: -0.07950
BAD root_position: -0.07898
BAD root_position: -0.07875
BAD root_position: -0.07857
BAD root_position: -0.07839
BAD root_position: -0.07821
BAD root_position: -0.07804
BAD root_position: -0.07788
BAD root_position: -0.07774
BAD root_position: -0.07768
BAD root_position: -0.07788
BAD root_position: -0.07829
BAD root_position: -0.07881
BAD root_position: -0.07938
BAD root_position: -0.07992
BAD root_position: -0.08036
BAD root_position: -0.08060
BAD root_position: -0.08068
BAD root_position: -0.08077
BAD root_position: -0.08088
BAD root_position: -0.08100
BAD root_position: -0.08114
BAD root_position: -0.08128
BAD root_position: -0.08142
BAD root_position: -0.08137
BAD root_position: -0.08106
BAD root_position: -0.08056
BAD root_position: -0.07995
BAD root_position: -0.07933
BAD root_position: -0.07881
BAD root_position: -0.07844
BAD root_position: -0.07834
BAD root_position: -0.07834
BAD root_position: -0.07834
BAD root_position: -0.07834
BAD root_position: -0.07834
BAD root_position: -0.07834
BAD root_position: -0.07834
BAD root_position: -0.07838
BAD root_position: -0.07869
BAD root_position: -0.07925
BAD root_position: -0.07998
BAD root_position: -0.08078
BAD root_position: -0.08157
BAD root_position: -0.08224
BAD root_position: -0.08268
BAD root_position: -0.08287
BAD root_position: -0.08302
BAD root_position: -0.08316
BAD root_position: -0.08330
BAD root_position: -0.08342
BAD root_position: -0.08353
BAD root_position: -0.08359
BAD root_position: -0.08352
BAD root_position: -0.08310
BAD root_position: -0.08242
BAD root_position: -0.08158
BAD root_position: -0.08070
BAD root_position: -0.07988
BAD root_position: -0.07923
BAD root_position: -0.07885
BAD root_position: -0.07867
BAD root_position: -0.07847
BAD root_position: -0.07828
BAD root_position: -0.07810
BAD root_position: -0.07792
BAD root_position: -0.07776
BAD root_position: -0.07762
BAD root_position: -0.07770
BAD root_position: -0.07800
BAD root_position: -0.07846
BAD root_position: -0.07901
BAD root_position: -0.07957
BAD root_position: -0.08006
BAD root_position: -0.08041
BAD root_position: -0.08054
BAD root_position: -0.08063
BAD root_position: -0.08073
BAD root_position: -0.08084
BAD root_position: -0.08097
BAD root_position: -0.08111
BAD root_position: -0.08125
BAD root_position: -0.08134
BAD root_position: -0.08116
BAD root_position: -0.08075
BAD root_position: -0.08020
BAD root_position: -0.07958
BAD root_position: -0.07900
BAD root_position: -0.07855
BAD root_position: -0.07833
BAD root_position: -0.07833
BAD root_position: -0.07835
BAD root_position: -0.07837
BAD root_position: -0.07839
BAD root_position: -0.07841
BAD root_position: -0.07843
BAD root_position: -0.07843
BAD root_position: -0.07860
BAD root_position: -0.07905
BAD root_position: -0.07971
BAD root_position: -0.08049
BAD root_position: -0.08130
BAD root_position: -0.08204
BAD root_position: -0.08262
BAD root_position: -0.08291
BAD root_position: -0.08306
BAD root_position: -0.08321
BAD root_position: -0.08335
BAD root_position: -0.08348
BAD root_position: -0.08359
BAD root_position: -0.08368
BAD root_position: -0.08373
BAD root_position: -0.08346
BAD root_position: -0.08289
BAD root_position: -0.08211
BAD root_position: -0.08123
BAD root_position: -0.08035
BAD root_position: -0.07959
BAD root_position: -0.07905
BAD root_position: -0.07880
BAD root_position: -0.07860
BAD root_position: -0.07839
BAD root_position: -0.07819
BAD root_position: -0.07800
BAD root_position: -0.07783
BAD root_position: -0.07767
BAD root_position: -0.07760
BAD root_position: -0.07779
BAD root_position: -0.07818
BAD root_position: -0.07868
BAD root_position: -0.07923
BAD root_position: -0.07976
BAD root_position: -0.08018
BAD root_position: -0.08042
BAD root_position: -0.08049
BAD root_position: -0.08058
BAD root_position: -0.08068
BAD root_position: -0.08080
BAD root_position: -0.08094
BAD root_position: -0.08108
BAD root_position: -0.08122
BAD root_position: -0.08119
BAD root_position: -0.08092
BAD root_position: -0.08043
BAD root_position: -0.07984
BAD root_position: -0.07924
BAD root_position: -0.07872
BAD root_position: -0.07837
BAD root_position: -0.07829
BAD root_position: -0.07832
BAD root_position: -0.07835
BAD root_position: -0.07838
BAD root_position: -0.07842
BAD root_position: -0.07845
BAD root_position: -0.07847
BAD root_position: -0.07853
BAD root_position: -0.07885
BAD root_position: -0.07943
BAD root_position: -0.08017
BAD root_position: -0.08098
BAD root_position: -0.08177
BAD root_position: -0.08244
BAD root_position: -0.08289
BAD root_position: -0.08308
BAD root_position: -0.08322
BAD root_position: -0.08336
BAD root_position: -0.08349
BAD root_position: -0.08361
BAD root_position: -0.08371
BAD root_position: -0.08378
BAD root_position: -0.08370
BAD root_position: -0.08324
BAD root_position: -0.08249
BAD root_position: -0.08159
BAD root_position: -0.08065
BAD root_position: -0.07980
BAD root_position: -0.07916
BAD root_position: -0.07885
BAD root_position: -0.07862
BAD root_position: -0.07840
BAD root_position: -0.07818
BAD root_position: -0.07798
BAD root_position: -0.07779
BAD root_position: -0.07762
BAD root_position: -0.07759
BAD root_position: -0.07784
BAD root_position: -0.07828
BAD root_position: -0.07883
BAD root_position: -0.07940
BAD root_position: -0.07991
BAD root_position: -0.08026
BAD root_position: -0.08038
BAD root_position: -0.08046
BAD root_position: -0.08056
BAD root_position: -0.08068
BAD root_position: -0.08082
BAD root_position: -0.08097
BAD root_position: -0.08112
BAD root_position: -0.08113
BAD root_position: -0.08084
BAD root_position: -0.08035
BAD root_position: -0.07975
BAD root_position: -0.07914
BAD root_position: -0.07863
BAD root_position: -0.07833
BAD root_position: -0.07832
BAD root_position: -0.07836
BAD root_position: -0.07841
BAD root_position: -0.07846
BAD root_position: -0.07851
BAD root_position: -0.07855
BAD root_position: -0.07858
BAD root_position: -0.07879
BAD root_position: -0.07932
BAD root_position: -0.08005
BAD root_position: -0.08089
BAD root_position: -0.08173
BAD root_position: -0.08247
BAD root_position: -0.08297
BAD root_position: -0.08318
BAD root_position: -0.08334
BAD root_position: -0.08348
BAD root_position: -0.08362
BAD root_position: -0.08374
BAD root_position: -0.08383
BAD root_position: -0.08389
BAD root_position: -0.08369
BAD root_position: -0.08313
BAD root_position: -0.08232
BAD root_position: -0.08140
BAD root_position: -0.08048
BAD root_position: -0.07969
BAD root_position: -0.07915
BAD root_position: -0.07890
BAD root_position: -0.07867
BAD root_position: -0.07845
BAD root_position: -0.07823
BAD root_position: -0.07801
BAD root_position: -0.07782
BAD root_position: -0.07765
BAD root_position: -0.07770
BAD root_position: -0.07800
BAD root_position: -0.07846
BAD root_position: -0.07902
BAD root_position: -0.07957
BAD root_position: -0.08003
BAD root_position: -0.08031
BAD root_position: -0.08039
BAD root_position: -0.08047
BAD root_position: -0.08057
BAD root_position: -0.08069
BAD root_position: -0.08086
BAD root_position: -0.08101
BAD root_position: -0.08115
BAD root_position: -0.08107
BAD root_position: -0.08072
BAD root_position: -0.08019
BAD root_position: -0.07958
BAD root_position: -0.07900
BAD root_position: -0.07855
BAD root_position: -0.07834
BAD root_position: -0.07838
BAD root_position: -0.07844
BAD root_position: -0.07850
BAD root_position: -0.07856
BAD root_position: -0.07862
BAD root_position: -0.07866
BAD root_position: -0.07872
BAD root_position: -0.07904
BAD root_position: -0.07963
BAD root_position: -0.08041
BAD root_position: -0.08126
BAD root_position: -0.08208
BAD root_position: -0.08276
BAD root_position: -0.08318
BAD root_position: -0.08334
BAD root_position: -0.08349
BAD root_position: -0.08363
BAD root_position: -0.08376
recorded 500 frames
avg lin_vel_x 0.0587
avg lin_vel_y -0.0403
avg yaw -0.0002
computed xvel: 0.171, mean xvel: 0.0587
computed yvel: 0.017, mean yvel: -0.0403
computed thetavel: -0.222, mean thetavel: -0.0002
DONE, saving 55_0.171_0.017_-0.222.json
