<frozen importlib._bootstrap>:241: RuntimeWarning: to-Python converter for std::vector<Eigen::Matrix<double, 3, 1, 0, 3, 1>, std::allocator<Eigen::Matrix<double, 3, 1, 0, 3, 1> > > already registered; second conversion method ignored.
<frozen importlib._bootstrap>:241: RuntimeWarning: to-Python converter for boost::python::detail::container_element<std::vector<Eigen::Matrix<double, 3, 1, 0, 3, 1>, std::allocator<Eigen::Matrix<double, 3, 1, 0, 3, 1> > >, unsigned long, boost::python::detail::final_vector_derived_policies<std::vector<Eigen::Matrix<double, 3, 1, 0, 3, 1>, std::allocator<Eigen::Matrix<double, 3, 1, 0, 3, 1> > >, false> > already registered; second conversion method ignored.
<frozen importlib._bootstrap>:241: RuntimeWarning: to-Python converter for std::vector<int, std::allocator<int> > already registered; second conversion method ignored.
<frozen importlib._bootstrap>:241: RuntimeWarning: to-Python converter for std::vector<double, std::allocator<double> > already registered; second conversion method ignored.
<frozen importlib._bootstrap>:241: RuntimeWarning: to-Python converter for std::vector<std::__cxx11::basic_string<char, std::char_traits<char>, std::allocator<char> >, std::allocator<std::__cxx11::basic_string<char, std::char_traits<char>, std::allocator<char> > > > already registered; second conversion method ignored.
WARNING: Can't find trunk frames in the model, can't measure leg spacing
WARNING: Can't find head frames in the model, camera_look_at won't work
gait_parameters {'dx': -0.02, 'dy': 0.03, 'dtheta': -0.13, 'duration': 8, 'hardware': True, 'double_support_ratio': 0.25, 'startend_double_support_ratio': 1.5, 'planned_timesteps': 48, 'replan_timesteps': 10, 'walk_com_height': 0.445, 'walk_foot_height': 0.03, 'walk_trunk_pitch': -5.7, 'walk_foot_rise_ratio': 0.3, 'single_support_duration': 0.45, 'single_support_timesteps': 10, 'foot_length': 0.22, 'feet_spacing': 0.114, 'zmp_margin': 0.02, 'foot_zmp_target_x': 0.0, 'foot_zmp_target_y': 0.0, 'walk_max_dtheta': 1.0, 'walk_max_dy': 0.04, 'walk_max_dx_forward': 0.1, 'walk_max_dx_backward': 0.03, 'joints': ['leg_left_ankle_roll_joint', 'leg_left_ankle_pitch_joint', 'leg_left_knee_pitch_joint', 'leg_left_hip_pitch_joint', 'leg_left_hip_yaw_joint', 'leg_left_hip_roll_joint', 'leg_right_ankle_roll_joint', 'leg_right_ankle_pitch_joint', 'leg_right_knee_pitch_joint', 'leg_right_hip_pitch_joint', 'leg_right_hip_yaw_joint', 'leg_right_hip_roll_joint', 'left_wrist_attachment_joint', 'left_fore_arm_joint', 'left_upper_arm_joint', 'left_shoulder_joint', 'right_wrist_attachment_joint', 'right_fore_arm_joint', 'right_upper_arm_joint', 'right_shoulder_joint'], 'joint_angles': {'left_wrist_attachment_joint': 30, 'left_fore_arm_joint': 0, 'left_upper_arm_joint': 0, 'left_shoulder_joint': 0, 'right_wrist_attachment_joint': -30, 'right_fore_arm_joint': 0, 'right_upper_arm_joint': 0, 'right_shoulder_joint': 0}}
Placing the robot in the initial position...
Initial position reached
{'leg_left_ankle_roll_joint': 0.021973720326485063, 'leg_left_ankle_pitch_joint': -0.5122741995653683, 'leg_left_knee_pitch_joint': 0.9637454020464553, 'leg_left_hip_pitch_joint': -0.3526925841065812, 'leg_left_hip_yaw_joint': -0.05846504684490411, 'leg_left_hip_roll_joint': -0.013942348667754486, 'leg_right_ankle_roll_joint': 0.022683018658866117, 'leg_right_ankle_pitch_joint': -0.5382812487953234, 'leg_right_knee_pitch_joint': 1.048433760185954, 'leg_right_hip_pitch_joint': -0.41139505460270065, 'leg_right_hip_yaw_joint': -0.05901548776371559, 'leg_right_hip_roll_joint': -0.014398244520308481, 'left_wrist_attachment_joint': 0.5235987755982988, 'left_fore_arm_joint': 1.7889803515745536e-24, 'left_upper_arm_joint': -2.652528825909106e-24, 'left_shoulder_joint': -3.751341758819858e-24, 'right_wrist_attachment_joint': -0.5235987755982988, 'right_fore_arm_joint': -2.261662410275351e-24, 'right_upper_arm_joint': 3.1964563199124806e-24, 'right_shoulder_joint': 3.587591235185157e-24}
## period: 1.17
You can open the visualizer by visiting the following URL:
http://127.0.0.1:7002/static/
Viewer URL: http://127.0.0.1:7002/static/
BAD root_position: -0.07806
BAD root_position: -0.07806
BAD root_position: -0.07806
BAD root_position: -0.07806
BAD root_position: -0.07806
BAD root_position: -0.07806
BAD root_position: -0.07806
BAD root_position: -0.07806
BAD root_position: -0.07806
BAD root_position: -0.07806
BAD root_position: -0.07806
BAD root_position: -0.07806
BAD root_position: -0.07806
BAD root_position: -0.07806
BAD root_position: -0.07806
BAD root_position: -0.07806
BAD root_position: -0.07806
BAD root_position: -0.07806
BAD root_position: -0.07806
BAD root_position: -0.07806
BAD root_position: -0.07806
BAD root_position: -0.07806
BAD root_position: -0.07806
BAD root_position: -0.07806
BAD root_position: -0.07806
BAD root_position: -0.07806
BAD root_position: -0.07805
BAD root_position: -0.07805
BAD root_position: -0.07805
BAD root_position: -0.07805
BAD root_position: -0.07805
BAD root_position: -0.07805
BAD root_position: -0.07806
BAD root_position: -0.07830
BAD root_position: -0.07879
BAD root_position: -0.07944
BAD root_position: -0.08016
BAD root_position: -0.08085
BAD root_position: -0.08142
BAD root_position: -0.08177
BAD root_position: -0.08184
BAD root_position: -0.08184
BAD root_position: -0.08184
BAD root_position: -0.08184
BAD root_position: -0.08184
BAD root_position: -0.08184
BAD root_position: -0.08184
BAD root_position: -0.08178
BAD root_position: -0.08141
BAD root_position: -0.08080
BAD root_position: -0.08007
BAD root_position: -0.07932
BAD root_position: -0.07867
BAD root_position: -0.07821
BAD root_position: -0.07806
BAD root_position: -0.07806
BAD root_position: -0.07806
BAD root_position: -0.07806
BAD root_position: -0.07806
BAD root_position: -0.07806
BAD root_position: -0.07806
BAD root_position: -0.07814
BAD root_position: -0.07853
BAD root_position: -0.07915
BAD root_position: -0.07988
BAD root_position: -0.08063
BAD root_position: -0.08127
BAD root_position: -0.08172
BAD root_position: -0.08185
BAD root_position: -0.08185
BAD root_position: -0.08184
BAD root_position: -0.08184
BAD root_position: -0.08185
BAD root_position: -0.08185
BAD root_position: -0.08185
BAD root_position: -0.08175
BAD root_position: -0.08134
BAD root_position: -0.08071
BAD root_position: -0.07997
BAD root_position: -0.07923
BAD root_position: -0.07860
BAD root_position: -0.07818
BAD root_position: -0.07807
BAD root_position: -0.07808
BAD root_position: -0.07808
BAD root_position: -0.07809
BAD root_position: -0.07809
BAD root_position: -0.07810
BAD root_position: -0.07810
BAD root_position: -0.07822
BAD root_position: -0.07866
BAD root_position: -0.07929
BAD root_position: -0.08003
BAD root_position: -0.08075
BAD root_position: -0.08135
BAD root_position: -0.08172
BAD root_position: -0.08178
BAD root_position: -0.08175
BAD root_position: -0.08172
BAD root_position: -0.08169
BAD root_position: -0.08166
BAD root_position: -0.08164
BAD root_position: -0.08162
BAD root_position: -0.08146
BAD root_position: -0.08102
BAD root_position: -0.08039
BAD root_position: -0.07967
BAD root_position: -0.07898
BAD root_position: -0.07842
BAD root_position: -0.07809
BAD root_position: -0.07805
BAD root_position: -0.07810
BAD root_position: -0.07814
BAD root_position: -0.07818
BAD root_position: -0.07822
BAD root_position: -0.07825
BAD root_position: -0.07828
BAD root_position: -0.07848
BAD root_position: -0.07898
BAD root_position: -0.07968
BAD root_position: -0.08045
BAD root_position: -0.08120
BAD root_position: -0.08180
BAD root_position: -0.08214
BAD root_position: -0.08217
BAD root_position: -0.08212
BAD root_position: -0.08208
BAD root_position: -0.08203
BAD root_position: -0.08198
BAD root_position: -0.08193
BAD root_position: -0.08188
BAD root_position: -0.08165
BAD root_position: -0.08112
BAD root_position: -0.08042
BAD root_position: -0.07965
BAD root_position: -0.07892
BAD root_position: -0.07834
BAD root_position: -0.07801
BAD root_position: -0.07799
BAD root_position: -0.07801
BAD root_position: -0.07803
BAD root_position: -0.07806
BAD root_position: -0.07808
BAD root_position: -0.07810
BAD root_position: -0.07812
BAD root_position: -0.07834
BAD root_position: -0.07886
BAD root_position: -0.07954
BAD root_position: -0.08029
BAD root_position: -0.08100
BAD root_position: -0.08156
BAD root_position: -0.08186
BAD root_position: -0.08187
BAD root_position: -0.08185
BAD root_position: -0.08182
BAD root_position: -0.08179
BAD root_position: -0.08177
BAD root_position: -0.08174
BAD root_position: -0.08172
BAD root_position: -0.08147
BAD root_position: -0.08095
BAD root_position: -0.08028
BAD root_position: -0.07955
BAD root_position: -0.07887
BAD root_position: -0.07835
BAD root_position: -0.07808
BAD root_position: -0.07808
BAD root_position: -0.07811
BAD root_position: -0.07813
BAD root_position: -0.07815
BAD root_position: -0.07817
BAD root_position: -0.07819
BAD root_position: -0.07822
BAD root_position: -0.07850
BAD root_position: -0.07905
BAD root_position: -0.07977
BAD root_position: -0.08054
BAD root_position: -0.08124
BAD root_position: -0.08178
BAD root_position: -0.08203
BAD root_position: -0.08200
BAD root_position: -0.08196
BAD root_position: -0.08192
BAD root_position: -0.08187
BAD root_position: -0.08183
BAD root_position: -0.08179
BAD root_position: -0.08173
BAD root_position: -0.08141
BAD root_position: -0.08084
BAD root_position: -0.08012
BAD root_position: -0.07936
BAD root_position: -0.07868
BAD root_position: -0.07819
BAD root_position: -0.07795
BAD root_position: -0.07797
BAD root_position: -0.07800
BAD root_position: -0.07804
BAD root_position: -0.07807
BAD root_position: -0.07810
BAD root_position: -0.07813
BAD root_position: -0.07816
BAD root_position: -0.07833
BAD root_position: -0.07878
BAD root_position: -0.07941
BAD root_position: -0.08012
BAD root_position: -0.08083
BAD root_position: -0.08144
BAD root_position: -0.08186
BAD root_position: -0.08199
BAD root_position: -0.08198
BAD root_position: -0.08196
BAD root_position: -0.08193
BAD root_position: -0.08191
BAD root_position: -0.08189
BAD root_position: -0.08187
BAD root_position: -0.08183
BAD root_position: -0.08155
BAD root_position: -0.08103
BAD root_position: -0.08038
BAD root_position: -0.07967
BAD root_position: -0.07901
BAD root_position: -0.07848
BAD root_position: -0.07816
BAD root_position: -0.07811
BAD root_position: -0.07812
BAD root_position: -0.07812
BAD root_position: -0.07812
BAD root_position: -0.07812
BAD root_position: -0.07812
BAD root_position: -0.07812
BAD root_position: -0.07821
BAD root_position: -0.07858
BAD root_position: -0.07917
BAD root_position: -0.07986
BAD root_position: -0.08058
BAD root_position: -0.08122
BAD root_position: -0.08168
BAD root_position: -0.08188
BAD root_position: -0.08185
BAD root_position: -0.08181
BAD root_position: -0.08178
BAD root_position: -0.08174
BAD root_position: -0.08171
BAD root_position: -0.08167
BAD root_position: -0.08164
BAD root_position: -0.08143
BAD root_position: -0.08096
BAD root_position: -0.08032
BAD root_position: -0.07962
BAD root_position: -0.07893
BAD root_position: -0.07837
BAD root_position: -0.07800
BAD root_position: -0.07793
BAD root_position: -0.07798
BAD root_position: -0.07802
BAD root_position: -0.07807
BAD root_position: -0.07811
BAD root_position: -0.07815
BAD root_position: -0.07819
BAD root_position: -0.07826
BAD root_position: -0.07859
BAD root_position: -0.07915
BAD root_position: -0.07984
BAD root_position: -0.08057
BAD root_position: -0.08125
BAD root_position: -0.08179
BAD root_position: -0.08208
BAD root_position: -0.08210
BAD root_position: -0.08209
BAD root_position: -0.08207
BAD root_position: -0.08205
BAD root_position: -0.08203
BAD root_position: -0.08201
BAD root_position: -0.08198
BAD root_position: -0.08184
BAD root_position: -0.08143
BAD root_position: -0.08082
BAD root_position: -0.08012
BAD root_position: -0.07942
BAD root_position: -0.07879
BAD root_position: -0.07834
BAD root_position: -0.07815
BAD root_position: -0.07814
BAD root_position: -0.07812
BAD root_position: -0.07811
BAD root_position: -0.07809
BAD root_position: -0.07808
BAD root_position: -0.07806
BAD root_position: -0.07806
BAD root_position: -0.07827
BAD root_position: -0.07875
BAD root_position: -0.07939
BAD root_position: -0.08010
BAD root_position: -0.08078
BAD root_position: -0.08133
BAD root_position: -0.08167
BAD root_position: -0.08172
BAD root_position: -0.08169
BAD root_position: -0.08165
BAD root_position: -0.08162
BAD root_position: -0.08159
BAD root_position: -0.08157
BAD root_position: -0.08154
BAD root_position: -0.08147
BAD root_position: -0.08113
BAD root_position: -0.08057
BAD root_position: -0.07990
BAD root_position: -0.07921
BAD root_position: -0.07858
BAD root_position: -0.07812
BAD root_position: -0.07791
BAD root_position: -0.07794
BAD root_position: -0.07800
BAD root_position: -0.07806
BAD root_position: -0.07811
BAD root_position: -0.07817
BAD root_position: -0.07822
BAD root_position: -0.07827
BAD root_position: -0.07846
BAD root_position: -0.07892
BAD root_position: -0.07956
BAD root_position: -0.08029
BAD root_position: -0.08102
BAD root_position: -0.08164
BAD root_position: -0.08208
BAD root_position: -0.08222
BAD root_position: -0.08222
BAD root_position: -0.08220
BAD root_position: -0.08219
BAD root_position: -0.08217
BAD root_position: -0.08215
BAD root_position: -0.08213
BAD root_position: -0.08208
BAD root_position: -0.08179
BAD root_position: -0.08127
BAD root_position: -0.08059
BAD root_position: -0.07987
BAD root_position: -0.07918
BAD root_position: -0.07861
BAD root_position: -0.07827
BAD root_position: -0.07819
BAD root_position: -0.07816
BAD root_position: -0.07812
BAD root_position: -0.07809
BAD root_position: -0.07806
BAD root_position: -0.07803
BAD root_position: -0.07800
BAD root_position: -0.07805
BAD root_position: -0.07840
BAD root_position: -0.07896
BAD root_position: -0.07963
BAD root_position: -0.08032
BAD root_position: -0.08094
BAD root_position: -0.08140
BAD root_position: -0.08159
BAD root_position: -0.08156
BAD root_position: -0.08153
BAD root_position: -0.08150
BAD root_position: -0.08148
BAD root_position: -0.08146
BAD root_position: -0.08144
BAD root_position: -0.08143
BAD root_position: -0.08123
BAD root_position: -0.08079
BAD root_position: -0.08018
BAD root_position: -0.07950
BAD root_position: -0.07884
BAD root_position: -0.07829
BAD root_position: -0.07795
BAD root_position: -0.07790
BAD root_position: -0.07797
BAD root_position: -0.07803
BAD root_position: -0.07810
BAD root_position: -0.07817
BAD root_position: -0.07823
BAD root_position: -0.07829
BAD root_position: -0.07838
BAD root_position: -0.07872
BAD root_position: -0.07930
BAD root_position: -0.08000
BAD root_position: -0.08075
BAD root_position: -0.08144
BAD root_position: -0.08199
BAD root_position: -0.08230
BAD root_position: -0.08233
BAD root_position: -0.08232
BAD root_position: -0.08231
BAD root_position: -0.08230
BAD root_position: -0.08228
BAD root_position: -0.08226
BAD root_position: -0.08223
BAD root_position: -0.08209
BAD root_position: -0.08164
BAD root_position: -0.08098
BAD root_position: -0.08022
BAD root_position: -0.07946
BAD root_position: -0.07881
BAD root_position: -0.07837
BAD root_position: -0.07823
BAD root_position: -0.07818
BAD root_position: -0.07813
BAD root_position: -0.07808
BAD root_position: -0.07802
BAD root_position: -0.07798
BAD root_position: -0.07793
BAD root_position: -0.07803
BAD root_position: -0.07844
BAD root_position: -0.07905
BAD root_position: -0.07976
BAD root_position: -0.08046
BAD root_position: -0.08104
BAD root_position: -0.08139
BAD root_position: -0.08144
BAD root_position: -0.08141
BAD root_position: -0.08138
BAD root_position: -0.08136
BAD root_position: -0.08135
BAD root_position: -0.08133
BAD root_position: -0.08133
BAD root_position: -0.08118
BAD root_position: -0.08073
BAD root_position: -0.08011
BAD root_position: -0.07941
BAD root_position: -0.07874
BAD root_position: -0.07821
BAD root_position: -0.07791
BAD root_position: -0.07792
BAD root_position: -0.07800
BAD root_position: -0.07809
BAD root_position: -0.07817
BAD root_position: -0.07825
BAD root_position: -0.07832
BAD root_position: -0.07839
BAD root_position: -0.07863
BAD root_position: -0.07916
BAD root_position: -0.07987
BAD root_position: -0.08066
BAD root_position: -0.08141
BAD root_position: -0.08203
BAD root_position: -0.08239
BAD root_position: -0.08245
BAD root_position: -0.08245
BAD root_position: -0.08245
BAD root_position: -0.08243
BAD root_position: -0.08242
BAD root_position: -0.08239
BAD root_position: -0.08236
BAD root_position: -0.08212
BAD root_position: -0.08159
BAD root_position: -0.08088
BAD root_position: -0.08011
BAD root_position: -0.07936
BAD root_position: -0.07876
BAD root_position: -0.07839
BAD root_position: -0.07830
BAD root_position: -0.07824
BAD root_position: -0.07817
BAD root_position: -0.07810
BAD root_position: -0.07804
BAD root_position: -0.07797
BAD root_position: -0.07791
BAD root_position: -0.07809
BAD root_position: -0.07855
BAD root_position: -0.07919
BAD root_position: -0.07989
BAD root_position: -0.08056
BAD root_position: -0.08107
BAD root_position: -0.08134
BAD root_position: -0.08133
BAD root_position: -0.08130
BAD root_position: -0.08128
BAD root_position: -0.08127
BAD root_position: -0.08127
BAD root_position: -0.08127
BAD root_position: -0.08126
BAD root_position: -0.08103
BAD root_position: -0.08053
BAD root_position: -0.07989
BAD root_position: -0.07920
BAD root_position: -0.07857
BAD root_position: -0.07810
BAD root_position: -0.07791
BAD root_position: -0.07798
BAD root_position: -0.07807
BAD root_position: -0.07816
BAD root_position: -0.07825
BAD root_position: -0.07834
BAD root_position: -0.07842
BAD root_position: -0.07851
BAD root_position: -0.07884
BAD root_position: -0.07944
BAD root_position: -0.08019
BAD root_position: -0.08098
BAD root_position: -0.08171
BAD root_position: -0.08227
BAD root_position: -0.08255
BAD root_position: -0.08257
BAD root_position: -0.08258
BAD root_position: -0.08257
BAD root_position: -0.08256
recorded 500 frames
avg lin_vel_x -0.0134
avg lin_vel_y 0.0179
avg yaw -0.0002
computed xvel: -0.034, mean xvel: -0.0134
computed yvel: 0.051, mean yvel: 0.0179
computed thetavel: -0.222, mean thetavel: -0.0002
DONE, saving 57_-0.034_0.051_-0.222.json
