<frozen importlib._bootstrap>:241: RuntimeWarning: to-Python converter for std::vector<Eigen::Matrix<double, 3, 1, 0, 3, 1>, std::allocator<Eigen::Matrix<double, 3, 1, 0, 3, 1> > > already registered; second conversion method ignored.
<frozen importlib._bootstrap>:241: RuntimeWarning: to-Python converter for boost::python::detail::container_element<std::vector<Eigen::Matrix<double, 3, 1, 0, 3, 1>, std::allocator<Eigen::Matrix<double, 3, 1, 0, 3, 1> > >, unsigned long, boost::python::detail::final_vector_derived_policies<std::vector<Eigen::Matrix<double, 3, 1, 0, 3, 1>, std::allocator<Eigen::Matrix<double, 3, 1, 0, 3, 1> > >, false> > already registered; second conversion method ignored.
<frozen importlib._bootstrap>:241: RuntimeWarning: to-Python converter for std::vector<int, std::allocator<int> > already registered; second conversion method ignored.
<frozen importlib._bootstrap>:241: RuntimeWarning: to-Python converter for std::vector<double, std::allocator<double> > already registered; second conversion method ignored.
<frozen importlib._bootstrap>:241: RuntimeWarning: to-Python converter for std::vector<std::__cxx11::basic_string<char, std::char_traits<char>, std::allocator<char> >, std::allocator<std::__cxx11::basic_string<char, std::char_traits<char>, std::allocator<char> > > > already registered; second conversion method ignored.
WARNING: Can't find trunk frames in the model, can't measure leg spacing
WARNING: Can't find head frames in the model, camera_look_at won't work
gait_parameters {'dx': 0.1, 'dy': -0.03, 'dtheta': -0.06, 'duration': 8, 'hardware': True, 'double_support_ratio': 0.25, 'startend_double_support_ratio': 1.5, 'planned_timesteps': 48, 'replan_timesteps': 10, 'walk_com_height': 0.445, 'walk_foot_height': 0.03, 'walk_trunk_pitch': -5.7, 'walk_foot_rise_ratio': 0.3, 'single_support_duration': 0.45, 'single_support_timesteps': 10, 'foot_length': 0.22, 'feet_spacing': 0.114, 'zmp_margin': 0.02, 'foot_zmp_target_x': 0.0, 'foot_zmp_target_y': 0.0, 'walk_max_dtheta': 1.0, 'walk_max_dy': 0.04, 'walk_max_dx_forward': 0.1, 'walk_max_dx_backward': 0.03, 'joints': ['leg_left_ankle_roll_joint', 'leg_left_ankle_pitch_joint', 'leg_left_knee_pitch_joint', 'leg_left_hip_pitch_joint', 'leg_left_hip_yaw_joint', 'leg_left_hip_roll_joint', 'leg_right_ankle_roll_joint', 'leg_right_ankle_pitch_joint', 'leg_right_knee_pitch_joint', 'leg_right_hip_pitch_joint', 'leg_right_hip_yaw_joint', 'leg_right_hip_roll_joint', 'left_wrist_attachment_joint', 'left_fore_arm_joint', 'left_upper_arm_joint', 'left_shoulder_joint', 'right_wrist_attachment_joint', 'right_fore_arm_joint', 'right_upper_arm_joint', 'right_shoulder_joint'], 'joint_angles': {'left_wrist_attachment_joint': 30, 'left_fore_arm_joint': 0, 'left_upper_arm_joint': 0, 'left_shoulder_joint': 0, 'right_wrist_attachment_joint': -30, 'right_fore_arm_joint': 0, 'right_upper_arm_joint': 0, 'right_shoulder_joint': 0}}
Placing the robot in the initial position...
Initial position reached
{'leg_left_ankle_roll_joint': 0.021363167169728327, 'leg_left_ankle_pitch_joint': -0.5088199957893876, 'leg_left_knee_pitch_joint': 0.9566743610772025, 'leg_left_hip_pitch_joint': -0.3490531851911026, 'leg_left_hip_yaw_joint': -0.057992841223899555, 'leg_left_hip_roll_joint': -0.013554653569872739, 'leg_right_ankle_roll_joint': 0.022061304196953808, 'leg_right_ankle_pitch_joint': -0.5349324403113305, 'leg_right_knee_pitch_joint': 1.0415214316257553, 'leg_right_hip_pitch_joint': -0.40780834364600793, 'leg_right_hip_yaw_joint': -0.05853466022666078, 'leg_right_hip_roll_joint': -0.014003436880809456, 'left_wrist_attachment_joint': 0.5235987755982988, 'left_fore_arm_joint': -1.6989397859263753e-24, 'left_upper_arm_joint': 1.6958133947570342e-24, 'left_shoulder_joint': 3.3704960988381176e-24, 'right_wrist_attachment_joint': -0.5235987755982988, 'right_fore_arm_joint': 2.0223935902645847e-24, 'right_upper_arm_joint': -2.0190101329113747e-24, 'right_shoulder_joint': -3.349686597847983e-24}
## period: 1.17
You can open the visualizer by visiting the following URL:
http://127.0.0.1:7008/static/
Viewer URL: http://127.0.0.1:7008/static/
BAD root_position: -0.07762
BAD root_position: -0.07762
BAD root_position: -0.07762
BAD root_position: -0.07762
BAD root_position: -0.07762
BAD root_position: -0.07762
BAD root_position: -0.07762
BAD root_position: -0.07762
BAD root_position: -0.07762
BAD root_position: -0.07762
BAD root_position: -0.07762
BAD root_position: -0.07762
BAD root_position: -0.07762
BAD root_position: -0.07762
BAD root_position: -0.07762
BAD root_position: -0.07762
BAD root_position: -0.07762
BAD root_position: -0.07762
BAD root_position: -0.07762
BAD root_position: -0.07762
BAD root_position: -0.07762
BAD root_position: -0.07762
BAD root_position: -0.07762
BAD root_position: -0.07762
BAD root_position: -0.07761
BAD root_position: -0.07761
BAD root_position: -0.07761
BAD root_position: -0.07761
BAD root_position: -0.07761
BAD root_position: -0.07761
BAD root_position: -0.07761
BAD root_position: -0.07761
BAD root_position: -0.07762
BAD root_position: -0.07786
BAD root_position: -0.07835
BAD root_position: -0.07900
BAD root_position: -0.07972
BAD root_position: -0.08041
BAD root_position: -0.08097
BAD root_position: -0.08132
BAD root_position: -0.08139
BAD root_position: -0.08139
BAD root_position: -0.08139
BAD root_position: -0.08139
BAD root_position: -0.08139
BAD root_position: -0.08138
BAD root_position: -0.08138
BAD root_position: -0.08132
BAD root_position: -0.08094
BAD root_position: -0.08033
BAD root_position: -0.07960
BAD root_position: -0.07885
BAD root_position: -0.07819
BAD root_position: -0.07773
BAD root_position: -0.07757
BAD root_position: -0.07757
BAD root_position: -0.07756
BAD root_position: -0.07754
BAD root_position: -0.07752
BAD root_position: -0.07750
BAD root_position: -0.07748
BAD root_position: -0.07754
BAD root_position: -0.07793
BAD root_position: -0.07857
BAD root_position: -0.07935
BAD root_position: -0.08017
BAD root_position: -0.08092
BAD root_position: -0.08148
BAD root_position: -0.08173
BAD root_position: -0.08186
BAD root_position: -0.08198
BAD root_position: -0.08210
BAD root_position: -0.08221
BAD root_position: -0.08231
BAD root_position: -0.08240
BAD root_position: -0.08235
BAD root_position: -0.08193
BAD root_position: -0.08124
BAD root_position: -0.08039
BAD root_position: -0.07952
BAD root_position: -0.07873
BAD root_position: -0.07816
BAD root_position: -0.07792
BAD root_position: -0.07779
BAD root_position: -0.07765
BAD root_position: -0.07751
BAD root_position: -0.07738
BAD root_position: -0.07725
BAD root_position: -0.07713
BAD root_position: -0.07714
BAD root_position: -0.07743
BAD root_position: -0.07792
BAD root_position: -0.07853
BAD root_position: -0.07916
BAD root_position: -0.07973
BAD root_position: -0.08014
BAD root_position: -0.08030
BAD root_position: -0.08039
BAD root_position: -0.08050
BAD root_position: -0.08063
BAD root_position: -0.08076
BAD root_position: -0.08090
BAD root_position: -0.08103
BAD root_position: -0.08102
BAD root_position: -0.08070
BAD root_position: -0.08015
BAD root_position: -0.07947
BAD root_position: -0.07878
BAD root_position: -0.07819
BAD root_position: -0.07780
BAD root_position: -0.07769
BAD root_position: -0.07766
BAD root_position: -0.07762
BAD root_position: -0.07758
BAD root_position: -0.07755
BAD root_position: -0.07751
BAD root_position: -0.07747
BAD root_position: -0.07761
BAD root_position: -0.07807
BAD root_position: -0.07875
BAD root_position: -0.07954
BAD root_position: -0.08035
BAD root_position: -0.08104
BAD root_position: -0.08152
BAD root_position: -0.08171
BAD root_position: -0.08183
BAD root_position: -0.08196
BAD root_position: -0.08208
BAD root_position: -0.08219
BAD root_position: -0.08229
BAD root_position: -0.08237
BAD root_position: -0.08223
BAD root_position: -0.08172
BAD root_position: -0.08098
BAD root_position: -0.08012
BAD root_position: -0.07926
BAD root_position: -0.07853
BAD root_position: -0.07805
BAD root_position: -0.07788
BAD root_position: -0.07775
BAD root_position: -0.07762
BAD root_position: -0.07748
BAD root_position: -0.07736
BAD root_position: -0.07724
BAD root_position: -0.07713
BAD root_position: -0.07722
BAD root_position: -0.07759
BAD root_position: -0.07812
BAD root_position: -0.07875
BAD root_position: -0.07938
BAD root_position: -0.07991
BAD root_position: -0.08026
BAD root_position: -0.08037
BAD root_position: -0.08047
BAD root_position: -0.08058
BAD root_position: -0.08071
BAD root_position: -0.08084
BAD root_position: -0.08097
BAD root_position: -0.08110
BAD root_position: -0.08099
BAD root_position: -0.08059
BAD root_position: -0.07999
BAD root_position: -0.07929
BAD root_position: -0.07861
BAD root_position: -0.07805
BAD root_position: -0.07773
BAD root_position: -0.07766
BAD root_position: -0.07762
BAD root_position: -0.07758
BAD root_position: -0.07754
BAD root_position: -0.07750
BAD root_position: -0.07746
BAD root_position: -0.07743
BAD root_position: -0.07767
BAD root_position: -0.07820
BAD root_position: -0.07892
BAD root_position: -0.07973
BAD root_position: -0.08051
BAD root_position: -0.08115
BAD root_position: -0.08155
BAD root_position: -0.08168
BAD root_position: -0.08181
BAD root_position: -0.08193
BAD root_position: -0.08205
BAD root_position: -0.08216
BAD root_position: -0.08226
BAD root_position: -0.08232
BAD root_position: -0.08206
BAD root_position: -0.08148
BAD root_position: -0.08070
BAD root_position: -0.07983
BAD root_position: -0.07900
BAD root_position: -0.07836
BAD root_position: -0.07798
BAD root_position: -0.07785
BAD root_position: -0.07773
BAD root_position: -0.07761
BAD root_position: -0.07749
BAD root_position: -0.07737
BAD root_position: -0.07727
BAD root_position: -0.07717
BAD root_position: -0.07721
BAD root_position: -0.07751
BAD root_position: -0.07799
BAD root_position: -0.07858
BAD root_position: -0.07919
BAD root_position: -0.07975
BAD root_position: -0.08017
BAD root_position: -0.08037
BAD root_position: -0.08046
BAD root_position: -0.08056
BAD root_position: -0.08067
BAD root_position: -0.08079
BAD root_position: -0.08091
BAD root_position: -0.08104
BAD root_position: -0.08115
BAD root_position: -0.08100
BAD root_position: -0.08059
BAD root_position: -0.08002
BAD root_position: -0.07935
BAD root_position: -0.07870
BAD root_position: -0.07815
BAD root_position: -0.07780
BAD root_position: -0.07770
BAD root_position: -0.07766
BAD root_position: -0.07762
BAD root_position: -0.07757
BAD root_position: -0.07753
BAD root_position: -0.07749
BAD root_position: -0.07745
BAD root_position: -0.07749
BAD root_position: -0.07784
BAD root_position: -0.07842
BAD root_position: -0.07913
BAD root_position: -0.07990
BAD root_position: -0.08062
BAD root_position: -0.08120
BAD root_position: -0.08154
BAD root_position: -0.08166
BAD root_position: -0.08177
BAD root_position: -0.08189
BAD root_position: -0.08200
BAD root_position: -0.08211
BAD root_position: -0.08220
BAD root_position: -0.08228
BAD root_position: -0.08213
BAD root_position: -0.08167
BAD root_position: -0.08098
BAD root_position: -0.08018
BAD root_position: -0.07936
BAD root_position: -0.07864
BAD root_position: -0.07812
BAD root_position: -0.07790
BAD root_position: -0.07779
BAD root_position: -0.07768
BAD root_position: -0.07757
BAD root_position: -0.07746
BAD root_position: -0.07735
BAD root_position: -0.07725
BAD root_position: -0.07719
BAD root_position: -0.07738
BAD root_position: -0.07778
BAD root_position: -0.07833
BAD root_position: -0.07894
BAD root_position: -0.07953
BAD root_position: -0.08004
BAD root_position: -0.08036
BAD root_position: -0.08047
BAD root_position: -0.08056
BAD root_position: -0.08067
BAD root_position: -0.08078
BAD root_position: -0.08090
BAD root_position: -0.08103
BAD root_position: -0.08117
BAD root_position: -0.08117
BAD root_position: -0.08088
BAD root_position: -0.08037
BAD root_position: -0.07973
BAD root_position: -0.07905
BAD root_position: -0.07843
BAD root_position: -0.07796
BAD root_position: -0.07774
BAD root_position: -0.07770
BAD root_position: -0.07765
BAD root_position: -0.07760
BAD root_position: -0.07755
BAD root_position: -0.07750
BAD root_position: -0.07746
BAD root_position: -0.07742
BAD root_position: -0.07761
BAD root_position: -0.07808
BAD root_position: -0.07874
BAD root_position: -0.07949
BAD root_position: -0.08024
BAD root_position: -0.08090
BAD root_position: -0.08137
BAD root_position: -0.08156
BAD root_position: -0.08167
BAD root_position: -0.08179
BAD root_position: -0.08190
BAD root_position: -0.08201
BAD root_position: -0.08211
BAD root_position: -0.08220
BAD root_position: -0.08221
BAD root_position: -0.08189
BAD root_position: -0.08131
BAD root_position: -0.08055
BAD root_position: -0.07974
BAD root_position: -0.07896
BAD root_position: -0.07833
BAD root_position: -0.07796
BAD root_position: -0.07784
BAD root_position: -0.07774
BAD root_position: -0.07763
BAD root_position: -0.07752
BAD root_position: -0.07742
BAD root_position: -0.07732
BAD root_position: -0.07723
BAD root_position: -0.07728
BAD root_position: -0.07759
BAD root_position: -0.07808
BAD root_position: -0.07867
BAD root_position: -0.07929
BAD root_position: -0.07985
BAD root_position: -0.08027
BAD root_position: -0.08047
BAD root_position: -0.08056
BAD root_position: -0.08066
BAD root_position: -0.08077
BAD root_position: -0.08088
BAD root_position: -0.08100
BAD root_position: -0.08112
BAD root_position: -0.08122
BAD root_position: -0.08107
BAD root_position: -0.08066
BAD root_position: -0.08007
BAD root_position: -0.07940
BAD root_position: -0.07874
BAD root_position: -0.07818
BAD root_position: -0.07782
BAD root_position: -0.07772
BAD root_position: -0.07767
BAD root_position: -0.07761
BAD root_position: -0.07756
BAD root_position: -0.07751
BAD root_position: -0.07746
BAD root_position: -0.07741
BAD root_position: -0.07745
BAD root_position: -0.07779
BAD root_position: -0.07836
BAD root_position: -0.07907
BAD root_position: -0.07983
BAD root_position: -0.08055
BAD root_position: -0.08112
BAD root_position: -0.08145
BAD root_position: -0.08157
BAD root_position: -0.08168
BAD root_position: -0.08179
BAD root_position: -0.08190
BAD root_position: -0.08201
BAD root_position: -0.08210
BAD root_position: -0.08219
BAD root_position: -0.08204
BAD root_position: -0.08158
BAD root_position: -0.08090
BAD root_position: -0.08011
BAD root_position: -0.07931
BAD root_position: -0.07860
BAD root_position: -0.07810
BAD root_position: -0.07789
BAD root_position: -0.07779
BAD root_position: -0.07769
BAD root_position: -0.07759
BAD root_position: -0.07749
BAD root_position: -0.07740
BAD root_position: -0.07731
BAD root_position: -0.07726
BAD root_position: -0.07745
BAD root_position: -0.07786
BAD root_position: -0.07841
BAD root_position: -0.07903
BAD root_position: -0.07963
BAD root_position: -0.08014
BAD root_position: -0.08046
BAD root_position: -0.08057
BAD root_position: -0.08067
BAD root_position: -0.08077
BAD root_position: -0.08088
BAD root_position: -0.08100
BAD root_position: -0.08112
BAD root_position: -0.08123
BAD root_position: -0.08123
BAD root_position: -0.08091
BAD root_position: -0.08036
BAD root_position: -0.07967
BAD root_position: -0.07896
BAD root_position: -0.07833
BAD root_position: -0.07789
BAD root_position: -0.07774
BAD root_position: -0.07768
BAD root_position: -0.07762
BAD root_position: -0.07756
BAD root_position: -0.07751
BAD root_position: -0.07745
BAD root_position: -0.07739
BAD root_position: -0.07748
BAD root_position: -0.07790
BAD root_position: -0.07854
BAD root_position: -0.07931
BAD root_position: -0.08010
BAD root_position: -0.08080
BAD root_position: -0.08129
BAD root_position: -0.08148
BAD root_position: -0.08159
BAD root_position: -0.08171
BAD root_position: -0.08183
BAD root_position: -0.08194
BAD root_position: -0.08204
BAD root_position: -0.08213
BAD root_position: -0.08203
BAD root_position: -0.08157
BAD root_position: -0.08087
BAD root_position: -0.08004
BAD root_position: -0.07921
BAD root_position: -0.07849
BAD root_position: -0.07801
BAD root_position: -0.07786
BAD root_position: -0.07776
BAD root_position: -0.07766
BAD root_position: -0.07756
BAD root_position: -0.07747
BAD root_position: -0.07737
BAD root_position: -0.07729
BAD root_position: -0.07737
BAD root_position: -0.07773
BAD root_position: -0.07828
BAD root_position: -0.07892
BAD root_position: -0.07956
BAD root_position: -0.08012
BAD root_position: -0.08049
BAD root_position: -0.08061
BAD root_position: -0.08071
BAD root_position: -0.08081
BAD root_position: -0.08093
BAD root_position: -0.08105
BAD root_position: -0.08117
BAD root_position: -0.08129
BAD root_position: -0.08120
BAD root_position: -0.08080
BAD root_position: -0.08019
BAD root_position: -0.07948
BAD root_position: -0.07878
BAD root_position: -0.07818
BAD root_position: -0.07782
BAD root_position: -0.07772
BAD root_position: -0.07765
BAD root_position: -0.07759
BAD root_position: -0.07753
BAD root_position: -0.07746
BAD root_position: -0.07741
BAD root_position: -0.07735
BAD root_position: -0.07754
BAD root_position: -0.07803
BAD root_position: -0.07872
BAD root_position: -0.07950
BAD root_position: -0.08027
BAD root_position: -0.08091
BAD root_position: -0.08132
BAD root_position: -0.08146
BAD root_position: -0.08157
BAD root_position: -0.08169
BAD root_position: -0.08181
BAD root_position: -0.08192
BAD root_position: -0.08202
BAD root_position: -0.08209
BAD root_position: -0.08188
BAD root_position: -0.08135
BAD root_position: -0.08060
BAD root_position: -0.07977
BAD root_position: -0.07896
BAD root_position: -0.07831
BAD root_position: -0.07793
BAD root_position: -0.07782
BAD root_position: -0.07773
BAD root_position: -0.07764
BAD root_position: -0.07755
BAD root_position: -0.07746
BAD root_position: -0.07738
BAD root_position: -0.07731
BAD root_position: -0.07749
BAD root_position: -0.07792
BAD root_position: -0.07850
BAD root_position: -0.07915
BAD root_position: -0.07979
BAD root_position: -0.08030
BAD root_position: -0.08060
BAD root_position: -0.08069
BAD root_position: -0.08079
BAD root_position: -0.08090
BAD root_position: -0.08102
recorded 500 frames
avg lin_vel_x 0.0665
avg lin_vel_y -0.0539
avg yaw -0.0
computed xvel: 0.171, mean xvel: 0.0665
computed yvel: -0.051, mean yvel: -0.0539
computed thetavel: -0.103, mean thetavel: -0.0
DONE, saving 71_0.171_-0.051_-0.103.json
