<frozen importlib._bootstrap>:241: RuntimeWarning: to-Python converter for std::vector<Eigen::Matrix<double, 3, 1, 0, 3, 1>, std::allocator<Eigen::Matrix<double, 3, 1, 0, 3, 1> > > already registered; second conversion method ignored.
<frozen importlib._bootstrap>:241: RuntimeWarning: to-Python converter for boost::python::detail::container_element<std::vector<Eigen::Matrix<double, 3, 1, 0, 3, 1>, std::allocator<Eigen::Matrix<double, 3, 1, 0, 3, 1> > >, unsigned long, boost::python::detail::final_vector_derived_policies<std::vector<Eigen::Matrix<double, 3, 1, 0, 3, 1>, std::allocator<Eigen::Matrix<double, 3, 1, 0, 3, 1> > >, false> > already registered; second conversion method ignored.
<frozen importlib._bootstrap>:241: RuntimeWarning: to-Python converter for std::vector<int, std::allocator<int> > already registered; second conversion method ignored.
<frozen importlib._bootstrap>:241: RuntimeWarning: to-Python converter for std::vector<double, std::allocator<double> > already registered; second conversion method ignored.
<frozen importlib._bootstrap>:241: RuntimeWarning: to-Python converter for std::vector<std::__cxx11::basic_string<char, std::char_traits<char>, std::allocator<char> >, std::allocator<std::__cxx11::basic_string<char, std::char_traits<char>, std::allocator<char> > > > already registered; second conversion method ignored.
WARNING: Can't find trunk frames in the model, can't measure leg spacing
WARNING: Can't find head frames in the model, camera_look_at won't work
gait_parameters {'dx': 0.06, 'dy': -0.01, 'dtheta': -0.06, 'duration': 8, 'hardware': True, 'double_support_ratio': 0.25, 'startend_double_support_ratio': 1.5, 'planned_timesteps': 48, 'replan_timesteps': 10, 'walk_com_height': 0.445, 'walk_foot_height': 0.03, 'walk_trunk_pitch': -5.7, 'walk_foot_rise_ratio': 0.3, 'single_support_duration': 0.45, 'single_support_timesteps': 10, 'foot_length': 0.22, 'feet_spacing': 0.114, 'zmp_margin': 0.02, 'foot_zmp_target_x': 0.0, 'foot_zmp_target_y': 0.0, 'walk_max_dtheta': 1.0, 'walk_max_dy': 0.04, 'walk_max_dx_forward': 0.1, 'walk_max_dx_backward': 0.03, 'joints': ['leg_left_ankle_roll_joint', 'leg_left_ankle_pitch_joint', 'leg_left_knee_pitch_joint', 'leg_left_hip_pitch_joint', 'leg_left_hip_yaw_joint', 'leg_left_hip_roll_joint', 'leg_right_ankle_roll_joint', 'leg_right_ankle_pitch_joint', 'leg_right_knee_pitch_joint', 'leg_right_hip_pitch_joint', 'leg_right_hip_yaw_joint', 'leg_right_hip_roll_joint', 'left_wrist_attachment_joint', 'left_fore_arm_joint', 'left_upper_arm_joint', 'left_shoulder_joint', 'right_wrist_attachment_joint', 'right_fore_arm_joint', 'right_upper_arm_joint', 'right_shoulder_joint'], 'joint_angles': {'left_wrist_attachment_joint': 30, 'left_fore_arm_joint': 0, 'left_upper_arm_joint': 0, 'left_shoulder_joint': 0, 'right_wrist_attachment_joint': -30, 'right_fore_arm_joint': 0, 'right_upper_arm_joint': 0, 'right_shoulder_joint': 0}}
Placing the robot in the initial position...
Initial position reached
{'leg_left_ankle_roll_joint': 0.021854341035441666, 'leg_left_ankle_pitch_joint': -0.5087025985777309, 'leg_left_knee_pitch_joint': 0.9563966359406925, 'leg_left_hip_pitch_joint': -0.3489109931033338, 'leg_left_hip_yaw_joint': -0.058372718843639294, 'leg_left_hip_roll_joint': -0.013866542341666113, 'leg_right_ankle_roll_joint': 0.022560633257650183, 'leg_right_ankle_pitch_joint': -0.5349706328746291, 'leg_right_knee_pitch_joint': 1.041559680323987, 'leg_right_hip_pitch_joint': -0.407827010418171, 'leg_right_hip_yaw_joint': -0.05892083688282322, 'leg_right_hip_roll_joint': -0.014320524291473052, 'left_wrist_attachment_joint': 0.5235987755982988, 'left_fore_arm_joint': 2.097567166568432e-25, 'left_upper_arm_joint': -9.612679572467292e-26, 'left_shoulder_joint': -1.1016012116300851e-24, 'right_wrist_attachment_joint': -0.5235987755982988, 'right_fore_arm_joint': -6.2593897034220905e-25, 'right_upper_arm_joint': 5.029260613030578e-25, 'right_shoulder_joint': 3.2731274141457967e-25}
## period: 1.17
You can open the visualizer by visiting the following URL:
http://127.0.0.1:7006/static/
Viewer URL: http://127.0.0.1:7006/static/
BAD root_position: -0.07763
BAD root_position: -0.07763
BAD root_position: -0.07763
BAD root_position: -0.07763
BAD root_position: -0.07763
BAD root_position: -0.07763
BAD root_position: -0.07763
BAD root_position: -0.07763
BAD root_position: -0.07763
BAD root_position: -0.07763
BAD root_position: -0.07763
BAD root_position: -0.07763
BAD root_position: -0.07763
BAD root_position: -0.07763
BAD root_position: -0.07763
BAD root_position: -0.07763
BAD root_position: -0.07763
BAD root_position: -0.07763
BAD root_position: -0.07763
BAD root_position: -0.07763
BAD root_position: -0.07763
BAD root_position: -0.07763
BAD root_position: -0.07763
BAD root_position: -0.07762
BAD root_position: -0.07762
BAD root_position: -0.07762
BAD root_position: -0.07762
BAD root_position: -0.07762
BAD root_position: -0.07762
BAD root_position: -0.07762
BAD root_position: -0.07762
BAD root_position: -0.07762
BAD root_position: -0.07762
BAD root_position: -0.07787
BAD root_position: -0.07836
BAD root_position: -0.07901
BAD root_position: -0.07973
BAD root_position: -0.08042
BAD root_position: -0.08098
BAD root_position: -0.08133
BAD root_position: -0.08140
BAD root_position: -0.08140
BAD root_position: -0.08140
BAD root_position: -0.08140
BAD root_position: -0.08140
BAD root_position: -0.08140
BAD root_position: -0.08140
BAD root_position: -0.08133
BAD root_position: -0.08096
BAD root_position: -0.08035
BAD root_position: -0.07962
BAD root_position: -0.07887
BAD root_position: -0.07821
BAD root_position: -0.07775
BAD root_position: -0.07759
BAD root_position: -0.07759
BAD root_position: -0.07758
BAD root_position: -0.07757
BAD root_position: -0.07755
BAD root_position: -0.07754
BAD root_position: -0.07752
BAD root_position: -0.07759
BAD root_position: -0.07798
BAD root_position: -0.07861
BAD root_position: -0.07938
BAD root_position: -0.08018
BAD root_position: -0.08091
BAD root_position: -0.08144
BAD root_position: -0.08167
BAD root_position: -0.08176
BAD root_position: -0.08186
BAD root_position: -0.08196
BAD root_position: -0.08205
BAD root_position: -0.08213
BAD root_position: -0.08220
BAD root_position: -0.08214
BAD root_position: -0.08172
BAD root_position: -0.08105
BAD root_position: -0.08022
BAD root_position: -0.07937
BAD root_position: -0.07862
BAD root_position: -0.07808
BAD root_position: -0.07786
BAD root_position: -0.07774
BAD root_position: -0.07763
BAD root_position: -0.07751
BAD root_position: -0.07740
BAD root_position: -0.07729
BAD root_position: -0.07719
BAD root_position: -0.07722
BAD root_position: -0.07753
BAD root_position: -0.07806
BAD root_position: -0.07870
BAD root_position: -0.07936
BAD root_position: -0.07995
BAD root_position: -0.08036
BAD root_position: -0.08051
BAD root_position: -0.08060
BAD root_position: -0.08069
BAD root_position: -0.08080
BAD root_position: -0.08091
BAD root_position: -0.08102
BAD root_position: -0.08113
BAD root_position: -0.08109
BAD root_position: -0.08074
BAD root_position: -0.08017
BAD root_position: -0.07948
BAD root_position: -0.07878
BAD root_position: -0.07818
BAD root_position: -0.07779
BAD root_position: -0.07769
BAD root_position: -0.07766
BAD root_position: -0.07763
BAD root_position: -0.07760
BAD root_position: -0.07757
BAD root_position: -0.07754
BAD root_position: -0.07751
BAD root_position: -0.07765
BAD root_position: -0.07811
BAD root_position: -0.07878
BAD root_position: -0.07956
BAD root_position: -0.08035
BAD root_position: -0.08102
BAD root_position: -0.08148
BAD root_position: -0.08163
BAD root_position: -0.08173
BAD root_position: -0.08183
BAD root_position: -0.08192
BAD root_position: -0.08201
BAD root_position: -0.08209
BAD root_position: -0.08216
BAD root_position: -0.08201
BAD root_position: -0.08151
BAD root_position: -0.08079
BAD root_position: -0.07995
BAD root_position: -0.07912
BAD root_position: -0.07842
BAD root_position: -0.07797
BAD root_position: -0.07782
BAD root_position: -0.07771
BAD root_position: -0.07760
BAD root_position: -0.07749
BAD root_position: -0.07739
BAD root_position: -0.07729
BAD root_position: -0.07720
BAD root_position: -0.07732
BAD root_position: -0.07771
BAD root_position: -0.07828
BAD root_position: -0.07894
BAD root_position: -0.07959
BAD root_position: -0.08014
BAD root_position: -0.08049
BAD root_position: -0.08059
BAD root_position: -0.08068
BAD root_position: -0.08077
BAD root_position: -0.08088
BAD root_position: -0.08099
BAD root_position: -0.08110
BAD root_position: -0.08120
BAD root_position: -0.08106
BAD root_position: -0.08063
BAD root_position: -0.08001
BAD root_position: -0.07930
BAD root_position: -0.07861
BAD root_position: -0.07805
BAD root_position: -0.07773
BAD root_position: -0.07767
BAD root_position: -0.07764
BAD root_position: -0.07760
BAD root_position: -0.07756
BAD root_position: -0.07752
BAD root_position: -0.07749
BAD root_position: -0.07747
BAD root_position: -0.07771
BAD root_position: -0.07823
BAD root_position: -0.07895
BAD root_position: -0.07974
BAD root_position: -0.08050
BAD root_position: -0.08112
BAD root_position: -0.08148
BAD root_position: -0.08159
BAD root_position: -0.08169
BAD root_position: -0.08179
BAD root_position: -0.08188
BAD root_position: -0.08197
BAD root_position: -0.08205
BAD root_position: -0.08210
BAD root_position: -0.08184
BAD root_position: -0.08127
BAD root_position: -0.08051
BAD root_position: -0.07967
BAD root_position: -0.07887
BAD root_position: -0.07826
BAD root_position: -0.07790
BAD root_position: -0.07779
BAD root_position: -0.07770
BAD root_position: -0.07760
BAD root_position: -0.07750
BAD root_position: -0.07741
BAD root_position: -0.07732
BAD root_position: -0.07724
BAD root_position: -0.07730
BAD root_position: -0.07763
BAD root_position: -0.07814
BAD root_position: -0.07876
BAD root_position: -0.07940
BAD root_position: -0.07998
BAD root_position: -0.08041
BAD root_position: -0.08061
BAD root_position: -0.08068
BAD root_position: -0.08077
BAD root_position: -0.08087
BAD root_position: -0.08097
BAD root_position: -0.08107
BAD root_position: -0.08117
BAD root_position: -0.08125
BAD root_position: -0.08108
BAD root_position: -0.08065
BAD root_position: -0.08005
BAD root_position: -0.07937
BAD root_position: -0.07871
BAD root_position: -0.07815
BAD root_position: -0.07780
BAD root_position: -0.07771
BAD root_position: -0.07767
BAD root_position: -0.07763
BAD root_position: -0.07759
BAD root_position: -0.07755
BAD root_position: -0.07750
BAD root_position: -0.07747
BAD root_position: -0.07751
BAD root_position: -0.07786
BAD root_position: -0.07843
BAD root_position: -0.07914
BAD root_position: -0.07989
BAD root_position: -0.08059
BAD root_position: -0.08115
BAD root_position: -0.08145
BAD root_position: -0.08155
BAD root_position: -0.08164
BAD root_position: -0.08173
BAD root_position: -0.08182
BAD root_position: -0.08191
BAD root_position: -0.08199
BAD root_position: -0.08206
BAD root_position: -0.08190
BAD root_position: -0.08145
BAD root_position: -0.08078
BAD root_position: -0.08000
BAD root_position: -0.07921
BAD root_position: -0.07852
BAD root_position: -0.07803
BAD root_position: -0.07783
BAD root_position: -0.07775
BAD root_position: -0.07766
BAD root_position: -0.07757
BAD root_position: -0.07749
BAD root_position: -0.07740
BAD root_position: -0.07732
BAD root_position: -0.07728
BAD root_position: -0.07749
BAD root_position: -0.07792
BAD root_position: -0.07850
BAD root_position: -0.07914
BAD root_position: -0.07976
BAD root_position: -0.08028
BAD root_position: -0.08060
BAD root_position: -0.08071
BAD root_position: -0.08079
BAD root_position: -0.08088
BAD root_position: -0.08097
BAD root_position: -0.08107
BAD root_position: -0.08117
BAD root_position: -0.08128
BAD root_position: -0.08126
BAD root_position: -0.08094
BAD root_position: -0.08041
BAD root_position: -0.07976
BAD root_position: -0.07907
BAD root_position: -0.07844
BAD root_position: -0.07797
BAD root_position: -0.07775
BAD root_position: -0.07770
BAD root_position: -0.07765
BAD root_position: -0.07761
BAD root_position: -0.07756
BAD root_position: -0.07751
BAD root_position: -0.07747
BAD root_position: -0.07743
BAD root_position: -0.07763
BAD root_position: -0.07809
BAD root_position: -0.07874
BAD root_position: -0.07948
BAD root_position: -0.08021
BAD root_position: -0.08085
BAD root_position: -0.08129
BAD root_position: -0.08145
BAD root_position: -0.08154
BAD root_position: -0.08163
BAD root_position: -0.08172
BAD root_position: -0.08181
BAD root_position: -0.08189
BAD root_position: -0.08197
BAD root_position: -0.08197
BAD root_position: -0.08166
BAD root_position: -0.08109
BAD root_position: -0.08036
BAD root_position: -0.07957
BAD root_position: -0.07882
BAD root_position: -0.07822
BAD root_position: -0.07788
BAD root_position: -0.07778
BAD root_position: -0.07770
BAD root_position: -0.07762
BAD root_position: -0.07754
BAD root_position: -0.07746
BAD root_position: -0.07739
BAD root_position: -0.07731
BAD root_position: -0.07739
BAD root_position: -0.07773
BAD root_position: -0.07824
BAD root_position: -0.07887
BAD root_position: -0.07951
BAD root_position: -0.08009
BAD root_position: -0.08053
BAD root_position: -0.08072
BAD root_position: -0.08080
BAD root_position: -0.08089
BAD root_position: -0.08098
BAD root_position: -0.08108
BAD root_position: -0.08117
BAD root_position: -0.08127
BAD root_position: -0.08134
BAD root_position: -0.08116
BAD root_position: -0.08073
BAD root_position: -0.08012
BAD root_position: -0.07943
BAD root_position: -0.07876
BAD root_position: -0.07819
BAD root_position: -0.07783
BAD root_position: -0.07773
BAD root_position: -0.07768
BAD root_position: -0.07763
BAD root_position: -0.07757
BAD root_position: -0.07752
BAD root_position: -0.07747
BAD root_position: -0.07742
BAD root_position: -0.07746
BAD root_position: -0.07780
BAD root_position: -0.07836
BAD root_position: -0.07906
BAD root_position: -0.07980
BAD root_position: -0.08050
BAD root_position: -0.08104
BAD root_position: -0.08135
BAD root_position: -0.08144
BAD root_position: -0.08153
BAD root_position: -0.08162
BAD root_position: -0.08171
BAD root_position: -0.08179
BAD root_position: -0.08187
BAD root_position: -0.08194
BAD root_position: -0.08180
BAD root_position: -0.08135
BAD root_position: -0.08069
BAD root_position: -0.07992
BAD root_position: -0.07915
BAD root_position: -0.07847
BAD root_position: -0.07800
BAD root_position: -0.07781
BAD root_position: -0.07774
BAD root_position: -0.07767
BAD root_position: -0.07760
BAD root_position: -0.07752
BAD root_position: -0.07745
BAD root_position: -0.07739
BAD root_position: -0.07736
BAD root_position: -0.07758
BAD root_position: -0.07802
BAD root_position: -0.07860
BAD root_position: -0.07925
BAD root_position: -0.07987
BAD root_position: -0.08039
BAD root_position: -0.08072
BAD root_position: -0.08082
BAD root_position: -0.08091
BAD root_position: -0.08100
BAD root_position: -0.08109
BAD root_position: -0.08119
BAD root_position: -0.08128
BAD root_position: -0.08137
BAD root_position: -0.08134
BAD root_position: -0.08100
BAD root_position: -0.08042
BAD root_position: -0.07971
BAD root_position: -0.07899
BAD root_position: -0.07835
BAD root_position: -0.07790
BAD root_position: -0.07775
BAD root_position: -0.07769
BAD root_position: -0.07763
BAD root_position: -0.07757
BAD root_position: -0.07751
BAD root_position: -0.07745
BAD root_position: -0.07740
BAD root_position: -0.07749
BAD root_position: -0.07790
BAD root_position: -0.07853
BAD root_position: -0.07929
BAD root_position: -0.08005
BAD root_position: -0.08072
BAD root_position: -0.08118
BAD root_position: -0.08135
BAD root_position: -0.08144
BAD root_position: -0.08153
BAD root_position: -0.08162
BAD root_position: -0.08172
BAD root_position: -0.08180
BAD root_position: -0.08188
BAD root_position: -0.08178
BAD root_position: -0.08133
BAD root_position: -0.08065
BAD root_position: -0.07985
BAD root_position: -0.07905
BAD root_position: -0.07837
BAD root_position: -0.07792
BAD root_position: -0.07779
BAD root_position: -0.07772
BAD root_position: -0.07765
BAD root_position: -0.07758
BAD root_position: -0.07752
BAD root_position: -0.07745
BAD root_position: -0.07739
BAD root_position: -0.07750
BAD root_position: -0.07789
BAD root_position: -0.07847
BAD root_position: -0.07914
BAD root_position: -0.07981
BAD root_position: -0.08039
BAD root_position: -0.08076
BAD root_position: -0.08088
BAD root_position: -0.08096
BAD root_position: -0.08106
BAD root_position: -0.08115
BAD root_position: -0.08125
BAD root_position: -0.08135
BAD root_position: -0.08144
BAD root_position: -0.08131
BAD root_position: -0.08089
BAD root_position: -0.08026
BAD root_position: -0.07953
BAD root_position: -0.07881
BAD root_position: -0.07821
BAD root_position: -0.07784
BAD root_position: -0.07774
BAD root_position: -0.07768
BAD root_position: -0.07761
BAD root_position: -0.07755
BAD root_position: -0.07748
BAD root_position: -0.07742
BAD root_position: -0.07736
BAD root_position: -0.07755
BAD root_position: -0.07803
BAD root_position: -0.07870
BAD root_position: -0.07947
BAD root_position: -0.08021
BAD root_position: -0.08083
BAD root_position: -0.08121
BAD root_position: -0.08132
BAD root_position: -0.08141
BAD root_position: -0.08150
BAD root_position: -0.08159
BAD root_position: -0.08169
BAD root_position: -0.08177
BAD root_position: -0.08184
BAD root_position: -0.08163
BAD root_position: -0.08111
BAD root_position: -0.08039
BAD root_position: -0.07958
BAD root_position: -0.07881
BAD root_position: -0.07819
BAD root_position: -0.07784
BAD root_position: -0.07777
BAD root_position: -0.07771
BAD root_position: -0.07765
BAD root_position: -0.07759
BAD root_position: -0.07753
BAD root_position: -0.07747
BAD root_position: -0.07743
BAD root_position: -0.07763
BAD root_position: -0.07809
BAD root_position: -0.07871
BAD root_position: -0.07939
BAD root_position: -0.08005
BAD root_position: -0.08058
BAD root_position: -0.08088
BAD root_position: -0.08097
BAD root_position: -0.08105
BAD root_position: -0.08115
BAD root_position: -0.08124
recorded 500 frames
avg lin_vel_x 0.0504
avg lin_vel_y -0.042
avg yaw -0.0
computed xvel: 0.103, mean xvel: 0.0504
computed yvel: -0.017, mean yvel: -0.042
computed thetavel: -0.103, mean thetavel: -0.0
DONE, saving 77_0.103_-0.017_-0.103.json
