<frozen importlib._bootstrap>:241: RuntimeWarning: to-Python converter for std::vector<Eigen::Matrix<double, 3, 1, 0, 3, 1>, std::allocator<Eigen::Matrix<double, 3, 1, 0, 3, 1> > > already registered; second conversion method ignored.
<frozen importlib._bootstrap>:241: RuntimeWarning: to-Python converter for boost::python::detail::container_element<std::vector<Eigen::Matrix<double, 3, 1, 0, 3, 1>, std::allocator<Eigen::Matrix<double, 3, 1, 0, 3, 1> > >, unsigned long, boost::python::detail::final_vector_derived_policies<std::vector<Eigen::Matrix<double, 3, 1, 0, 3, 1>, std::allocator<Eigen::Matrix<double, 3, 1, 0, 3, 1> > >, false> > already registered; second conversion method ignored.
<frozen importlib._bootstrap>:241: RuntimeWarning: to-Python converter for std::vector<int, std::allocator<int> > already registered; second conversion method ignored.
<frozen importlib._bootstrap>:241: RuntimeWarning: to-Python converter for std::vector<double, std::allocator<double> > already registered; second conversion method ignored.
<frozen importlib._bootstrap>:241: RuntimeWarning: to-Python converter for std::vector<std::__cxx11::basic_string<char, std::char_traits<char>, std::allocator<char> >, std::allocator<std::__cxx11::basic_string<char, std::char_traits<char>, std::allocator<char> > > > already registered; second conversion method ignored.
WARNING: Can't find trunk frames in the model, can't measure leg spacing
WARNING: Can't find head frames in the model, camera_look_at won't work
gait_parameters {'dx': 0.08, 'dy': 0.01, 'dtheta': -0.06, 'duration': 8, 'hardware': True, 'double_support_ratio': 0.25, 'startend_double_support_ratio': 1.5, 'planned_timesteps': 48, 'replan_timesteps': 10, 'walk_com_height': 0.445, 'walk_foot_height': 0.03, 'walk_trunk_pitch': -5.7, 'walk_foot_rise_ratio': 0.3, 'single_support_duration': 0.45, 'single_support_timesteps': 10, 'foot_length': 0.22, 'feet_spacing': 0.114, 'zmp_margin': 0.02, 'foot_zmp_target_x': 0.0, 'foot_zmp_target_y': 0.0, 'walk_max_dtheta': 1.0, 'walk_max_dy': 0.04, 'walk_max_dx_forward': 0.1, 'walk_max_dx_backward': 0.03, 'joints': ['leg_left_ankle_roll_joint', 'leg_left_ankle_pitch_joint', 'leg_left_knee_pitch_joint', 'leg_left_hip_pitch_joint', 'leg_left_hip_yaw_joint', 'leg_left_hip_roll_joint', 'leg_right_ankle_roll_joint', 'leg_right_ankle_pitch_joint', 'leg_right_knee_pitch_joint', 'leg_right_hip_pitch_joint', 'leg_right_hip_yaw_joint', 'leg_right_hip_roll_joint', 'left_wrist_attachment_joint', 'left_fore_arm_joint', 'left_upper_arm_joint', 'left_shoulder_joint', 'right_wrist_attachment_joint', 'right_fore_arm_joint', 'right_upper_arm_joint', 'right_shoulder_joint'], 'joint_angles': {'left_wrist_attachment_joint': 30, 'left_fore_arm_joint': 0, 'left_upper_arm_joint': 0, 'left_shoulder_joint': 0, 'right_wrist_attachment_joint': -30, 'right_fore_arm_joint': 0, 'right_upper_arm_joint': 0, 'right_shoulder_joint': 0}}
Placing the robot in the initial position...
Initial position reached
{'leg_left_ankle_roll_joint': 0.021721626974021354, 'leg_left_ankle_pitch_joint': -0.5076437496788146, 'leg_left_knee_pitch_joint': 0.9542243274132283, 'leg_left_hip_pitch_joint': -0.3477926214718535, 'leg_left_hip_yaw_joint': -0.05827007733174935, 'leg_left_hip_roll_joint': -0.013782269343324697, 'leg_right_ankle_roll_joint': 0.02242540758958302, 'leg_right_ankle_pitch_joint': -0.5339608520517466, 'leg_right_knee_pitch_joint': 1.039470393184716, 'leg_right_hip_pitch_joint': -0.4067424519137428, 'leg_right_hip_yaw_joint': -0.058816255135310226, 'leg_right_hip_roll_joint': -0.014234650925418712, 'left_wrist_attachment_joint': 0.5235987755982988, 'left_fore_arm_joint': 7.646891088868128e-25, 'left_upper_arm_joint': -1.0161112332717157e-24, 'left_shoulder_joint': -1.571070900241216e-24, 'right_wrist_attachment_joint': -0.5235987755982988, 'right_fore_arm_joint': -9.422191785237433e-25, 'right_upper_arm_joint': 1.2143844561943109e-24, 'right_shoulder_joint': 1.5113277113441896e-24}
## period: 1.17
You can open the visualizer by visiting the following URL:
http://127.0.0.1:7007/static/
Viewer URL: http://127.0.0.1:7007/static/
BAD root_position: -0.07746
BAD root_position: -0.07746
BAD root_position: -0.07746
BAD root_position: -0.07746
BAD root_position: -0.07746
BAD root_position: -0.07746
BAD root_position: -0.07746
BAD root_position: -0.07746
BAD root_position: -0.07746
BAD root_position: -0.07746
BAD root_position: -0.07746
BAD root_position: -0.07746
BAD root_position: -0.07746
BAD root_position: -0.07746
BAD root_position: -0.07746
BAD root_position: -0.07746
BAD root_position: -0.07746
BAD root_position: -0.07746
BAD root_position: -0.07746
BAD root_position: -0.07746
BAD root_position: -0.07746
BAD root_position: -0.07746
BAD root_position: -0.07746
BAD root_position: -0.07746
BAD root_position: -0.07746
BAD root_position: -0.07746
BAD root_position: -0.07746
BAD root_position: -0.07746
BAD root_position: -0.07746
BAD root_position: -0.07746
BAD root_position: -0.07746
BAD root_position: -0.07745
BAD root_position: -0.07746
BAD root_position: -0.07770
BAD root_position: -0.07820
BAD root_position: -0.07885
BAD root_position: -0.07957
BAD root_position: -0.08026
BAD root_position: -0.08082
BAD root_position: -0.08118
BAD root_position: -0.08124
BAD root_position: -0.08124
BAD root_position: -0.08124
BAD root_position: -0.08125
BAD root_position: -0.08125
BAD root_position: -0.08125
BAD root_position: -0.08125
BAD root_position: -0.08118
BAD root_position: -0.08081
BAD root_position: -0.08020
BAD root_position: -0.07947
BAD root_position: -0.07873
BAD root_position: -0.07807
BAD root_position: -0.07761
BAD root_position: -0.07746
BAD root_position: -0.07746
BAD root_position: -0.07746
BAD root_position: -0.07746
BAD root_position: -0.07745
BAD root_position: -0.07745
BAD root_position: -0.07745
BAD root_position: -0.07753
BAD root_position: -0.07791
BAD root_position: -0.07853
BAD root_position: -0.07926
BAD root_position: -0.08001
BAD root_position: -0.08066
BAD root_position: -0.08110
BAD root_position: -0.08123
BAD root_position: -0.08123
BAD root_position: -0.08123
BAD root_position: -0.08123
BAD root_position: -0.08123
BAD root_position: -0.08123
BAD root_position: -0.08123
BAD root_position: -0.08113
BAD root_position: -0.08071
BAD root_position: -0.08007
BAD root_position: -0.07932
BAD root_position: -0.07857
BAD root_position: -0.07793
BAD root_position: -0.07750
BAD root_position: -0.07737
BAD root_position: -0.07736
BAD root_position: -0.07734
BAD root_position: -0.07732
BAD root_position: -0.07730
BAD root_position: -0.07728
BAD root_position: -0.07725
BAD root_position: -0.07736
BAD root_position: -0.07778
BAD root_position: -0.07845
BAD root_position: -0.07924
BAD root_position: -0.08005
BAD root_position: -0.08078
BAD root_position: -0.08131
BAD root_position: -0.08153
BAD root_position: -0.08167
BAD root_position: -0.08180
BAD root_position: -0.08193
BAD root_position: -0.08205
BAD root_position: -0.08216
BAD root_position: -0.08225
BAD root_position: -0.08216
BAD root_position: -0.08170
BAD root_position: -0.08098
BAD root_position: -0.08013
BAD root_position: -0.07926
BAD root_position: -0.07850
BAD root_position: -0.07797
BAD root_position: -0.07776
BAD root_position: -0.07762
BAD root_position: -0.07747
BAD root_position: -0.07733
BAD root_position: -0.07720
BAD root_position: -0.07707
BAD root_position: -0.07695
BAD root_position: -0.07700
BAD root_position: -0.07732
BAD root_position: -0.07784
BAD root_position: -0.07846
BAD root_position: -0.07909
BAD root_position: -0.07964
BAD root_position: -0.08001
BAD root_position: -0.08014
BAD root_position: -0.08023
BAD root_position: -0.08034
BAD root_position: -0.08045
BAD root_position: -0.08058
BAD root_position: -0.08071
BAD root_position: -0.08083
BAD root_position: -0.08077
BAD root_position: -0.08040
BAD root_position: -0.07983
BAD root_position: -0.07915
BAD root_position: -0.07847
BAD root_position: -0.07790
BAD root_position: -0.07756
BAD root_position: -0.07749
BAD root_position: -0.07747
BAD root_position: -0.07745
BAD root_position: -0.07742
BAD root_position: -0.07740
BAD root_position: -0.07737
BAD root_position: -0.07735
BAD root_position: -0.07754
BAD root_position: -0.07805
BAD root_position: -0.07876
BAD root_position: -0.07957
BAD root_position: -0.08037
BAD root_position: -0.08105
BAD root_position: -0.08150
BAD root_position: -0.08166
BAD root_position: -0.08179
BAD root_position: -0.08192
BAD root_position: -0.08205
BAD root_position: -0.08216
BAD root_position: -0.08226
BAD root_position: -0.08233
BAD root_position: -0.08212
BAD root_position: -0.08157
BAD root_position: -0.08080
BAD root_position: -0.07993
BAD root_position: -0.07908
BAD root_position: -0.07837
BAD root_position: -0.07792
BAD root_position: -0.07776
BAD root_position: -0.07762
BAD root_position: -0.07747
BAD root_position: -0.07732
BAD root_position: -0.07718
BAD root_position: -0.07704
BAD root_position: -0.07693
BAD root_position: -0.07706
BAD root_position: -0.07744
BAD root_position: -0.07799
BAD root_position: -0.07862
BAD root_position: -0.07923
BAD root_position: -0.07974
BAD root_position: -0.08004
BAD root_position: -0.08013
BAD root_position: -0.08022
BAD root_position: -0.08033
BAD root_position: -0.08046
BAD root_position: -0.08059
BAD root_position: -0.08072
BAD root_position: -0.08083
BAD root_position: -0.08067
BAD root_position: -0.08024
BAD root_position: -0.07962
BAD root_position: -0.07894
BAD root_position: -0.07828
BAD root_position: -0.07779
BAD root_position: -0.07753
BAD root_position: -0.07750
BAD root_position: -0.07748
BAD root_position: -0.07746
BAD root_position: -0.07745
BAD root_position: -0.07743
BAD root_position: -0.07741
BAD root_position: -0.07738
BAD root_position: -0.07752
BAD root_position: -0.07795
BAD root_position: -0.07859
BAD root_position: -0.07934
BAD root_position: -0.08012
BAD root_position: -0.08084
BAD root_position: -0.08138
BAD root_position: -0.08165
BAD root_position: -0.08178
BAD root_position: -0.08190
BAD root_position: -0.08202
BAD root_position: -0.08214
BAD root_position: -0.08224
BAD root_position: -0.08233
BAD root_position: -0.08238
BAD root_position: -0.08213
BAD root_position: -0.08159
BAD root_position: -0.08084
BAD root_position: -0.08000
BAD root_position: -0.07917
BAD root_position: -0.07846
BAD root_position: -0.07797
BAD root_position: -0.07777
BAD root_position: -0.07763
BAD root_position: -0.07748
BAD root_position: -0.07733
BAD root_position: -0.07718
BAD root_position: -0.07705
BAD root_position: -0.07692
BAD root_position: -0.07689
BAD root_position: -0.07712
BAD root_position: -0.07755
BAD root_position: -0.07810
BAD root_position: -0.07870
BAD root_position: -0.07927
BAD root_position: -0.07972
BAD root_position: -0.07997
BAD root_position: -0.08005
BAD root_position: -0.08015
BAD root_position: -0.08025
BAD root_position: -0.08036
BAD root_position: -0.08049
BAD root_position: -0.08061
BAD root_position: -0.08074
BAD root_position: -0.08067
BAD root_position: -0.08034
BAD root_position: -0.07981
BAD root_position: -0.07918
BAD root_position: -0.07853
BAD root_position: -0.07799
BAD root_position: -0.07760
BAD root_position: -0.07748
BAD root_position: -0.07746
BAD root_position: -0.07745
BAD root_position: -0.07743
BAD root_position: -0.07742
BAD root_position: -0.07741
BAD root_position: -0.07739
BAD root_position: -0.07741
BAD root_position: -0.07771
BAD root_position: -0.07826
BAD root_position: -0.07897
BAD root_position: -0.07976
BAD root_position: -0.08052
BAD root_position: -0.08117
BAD root_position: -0.08159
BAD root_position: -0.08175
BAD root_position: -0.08188
BAD root_position: -0.08200
BAD root_position: -0.08212
BAD root_position: -0.08223
BAD root_position: -0.08233
BAD root_position: -0.08239
BAD root_position: -0.08232
BAD root_position: -0.08191
BAD root_position: -0.08125
BAD root_position: -0.08044
BAD root_position: -0.07959
BAD root_position: -0.07880
BAD root_position: -0.07819
BAD root_position: -0.07785
BAD root_position: -0.07769
BAD root_position: -0.07754
BAD root_position: -0.07738
BAD root_position: -0.07723
BAD root_position: -0.07709
BAD root_position: -0.07695
BAD root_position: -0.07684
BAD root_position: -0.07694
BAD root_position: -0.07727
BAD root_position: -0.07777
BAD root_position: -0.07835
BAD root_position: -0.07894
BAD root_position: -0.07946
BAD root_position: -0.07983
BAD root_position: -0.07996
BAD root_position: -0.08005
BAD root_position: -0.08015
BAD root_position: -0.08026
BAD root_position: -0.08038
BAD root_position: -0.08050
BAD root_position: -0.08063
BAD root_position: -0.08070
BAD root_position: -0.08049
BAD root_position: -0.08006
BAD root_position: -0.07947
BAD root_position: -0.07882
BAD root_position: -0.07822
BAD root_position: -0.07774
BAD root_position: -0.07749
BAD root_position: -0.07747
BAD root_position: -0.07746
BAD root_position: -0.07746
BAD root_position: -0.07745
BAD root_position: -0.07745
BAD root_position: -0.07744
BAD root_position: -0.07743
BAD root_position: -0.07757
BAD root_position: -0.07801
BAD root_position: -0.07866
BAD root_position: -0.07942
BAD root_position: -0.08021
BAD root_position: -0.08092
BAD root_position: -0.08147
BAD root_position: -0.08175
BAD root_position: -0.08187
BAD root_position: -0.08200
BAD root_position: -0.08212
BAD root_position: -0.08224
BAD root_position: -0.08234
BAD root_position: -0.08243
BAD root_position: -0.08247
BAD root_position: -0.08222
BAD root_position: -0.08167
BAD root_position: -0.08091
BAD root_position: -0.08006
BAD root_position: -0.07922
BAD root_position: -0.07850
BAD root_position: -0.07800
BAD root_position: -0.07779
BAD root_position: -0.07763
BAD root_position: -0.07747
BAD root_position: -0.07731
BAD root_position: -0.07715
BAD root_position: -0.07701
BAD root_position: -0.07687
BAD root_position: -0.07683
BAD root_position: -0.07705
BAD root_position: -0.07747
BAD root_position: -0.07802
BAD root_position: -0.07861
BAD root_position: -0.07917
BAD root_position: -0.07962
BAD root_position: -0.07987
BAD root_position: -0.07995
BAD root_position: -0.08004
BAD root_position: -0.08014
BAD root_position: -0.08026
BAD root_position: -0.08038
BAD root_position: -0.08051
BAD root_position: -0.08064
BAD root_position: -0.08058
BAD root_position: -0.08027
BAD root_position: -0.07975
BAD root_position: -0.07912
BAD root_position: -0.07848
BAD root_position: -0.07793
BAD root_position: -0.07755
BAD root_position: -0.07744
BAD root_position: -0.07744
BAD root_position: -0.07744
BAD root_position: -0.07744
BAD root_position: -0.07744
BAD root_position: -0.07744
BAD root_position: -0.07744
BAD root_position: -0.07747
BAD root_position: -0.07778
BAD root_position: -0.07833
BAD root_position: -0.07905
BAD root_position: -0.07984
BAD root_position: -0.08061
BAD root_position: -0.08126
BAD root_position: -0.08169
BAD root_position: -0.08185
BAD root_position: -0.08197
BAD root_position: -0.08209
BAD root_position: -0.08221
BAD root_position: -0.08232
BAD root_position: -0.08242
BAD root_position: -0.08249
BAD root_position: -0.08242
BAD root_position: -0.08197
BAD root_position: -0.08125
BAD root_position: -0.08038
BAD root_position: -0.07948
BAD root_position: -0.07867
BAD root_position: -0.07808
BAD root_position: -0.07781
BAD root_position: -0.07764
BAD root_position: -0.07746
BAD root_position: -0.07729
BAD root_position: -0.07712
BAD root_position: -0.07697
BAD root_position: -0.07682
BAD root_position: -0.07682
BAD root_position: -0.07711
BAD root_position: -0.07759
BAD root_position: -0.07818
BAD root_position: -0.07880
BAD root_position: -0.07934
BAD root_position: -0.07972
BAD root_position: -0.07986
BAD root_position: -0.07995
BAD root_position: -0.08005
BAD root_position: -0.08017
BAD root_position: -0.08029
BAD root_position: -0.08043
BAD root_position: -0.08057
BAD root_position: -0.08055
BAD root_position: -0.08023
BAD root_position: -0.07969
BAD root_position: -0.07904
BAD root_position: -0.07839
BAD root_position: -0.07784
BAD root_position: -0.07750
BAD root_position: -0.07744
BAD root_position: -0.07745
BAD root_position: -0.07746
BAD root_position: -0.07747
BAD root_position: -0.07747
BAD root_position: -0.07748
BAD root_position: -0.07748
BAD root_position: -0.07766
BAD root_position: -0.07816
BAD root_position: -0.07887
BAD root_position: -0.07969
BAD root_position: -0.08052
BAD root_position: -0.08123
BAD root_position: -0.08171
BAD root_position: -0.08190
BAD root_position: -0.08203
BAD root_position: -0.08216
BAD root_position: -0.08229
BAD root_position: -0.08240
BAD root_position: -0.08249
BAD root_position: -0.08256
BAD root_position: -0.08238
BAD root_position: -0.08183
BAD root_position: -0.08105
BAD root_position: -0.08017
BAD root_position: -0.07928
BAD root_position: -0.07853
BAD root_position: -0.07803
BAD root_position: -0.07783
BAD root_position: -0.07765
BAD root_position: -0.07747
BAD root_position: -0.07729
BAD root_position: -0.07712
BAD root_position: -0.07696
BAD root_position: -0.07682
BAD root_position: -0.07689
BAD root_position: -0.07724
BAD root_position: -0.07775
BAD root_position: -0.07836
BAD root_position: -0.07896
BAD root_position: -0.07946
BAD root_position: -0.07977
BAD root_position: -0.07986
BAD root_position: -0.07995
BAD root_position: -0.08006
BAD root_position: -0.08018
BAD root_position: -0.08033
BAD root_position: -0.08047
BAD root_position: -0.08060
BAD root_position: -0.08048
BAD root_position: -0.08009
BAD root_position: -0.07952
BAD root_position: -0.07886
BAD root_position: -0.07822
BAD root_position: -0.07772
BAD root_position: -0.07747
BAD root_position: -0.07747
BAD root_position: -0.07748
BAD root_position: -0.07749
BAD root_position: -0.07751
BAD root_position: -0.07751
BAD root_position: -0.07752
BAD root_position: -0.07754
BAD root_position: -0.07783
BAD root_position: -0.07840
BAD root_position: -0.07916
BAD root_position: -0.07999
BAD root_position: -0.08079
BAD root_position: -0.08145
BAD root_position: -0.08185
BAD root_position: -0.08199
BAD root_position: -0.08213
BAD root_position: -0.08226
BAD root_position: -0.08237
recorded 500 frames
avg lin_vel_x 0.0613
avg lin_vel_y -0.0204
avg yaw -0.0
computed xvel: 0.137, mean xvel: 0.0613
computed yvel: 0.017, mean yvel: -0.0204
computed thetavel: -0.103, mean thetavel: -0.0
DONE, saving 86_0.137_0.017_-0.103.json
