<frozen importlib._bootstrap>:241: RuntimeWarning: to-Python converter for std::vector<Eigen::Matrix<double, 3, 1, 0, 3, 1>, std::allocator<Eigen::Matrix<double, 3, 1, 0, 3, 1> > > already registered; second conversion method ignored.
<frozen importlib._bootstrap>:241: RuntimeWarning: to-Python converter for boost::python::detail::container_element<std::vector<Eigen::Matrix<double, 3, 1, 0, 3, 1>, std::allocator<Eigen::Matrix<double, 3, 1, 0, 3, 1> > >, unsigned long, boost::python::detail::final_vector_derived_policies<std::vector<Eigen::Matrix<double, 3, 1, 0, 3, 1>, std::allocator<Eigen::Matrix<double, 3, 1, 0, 3, 1> > >, false> > already registered; second conversion method ignored.
<frozen importlib._bootstrap>:241: RuntimeWarning: to-Python converter for std::vector<int, std::allocator<int> > already registered; second conversion method ignored.
<frozen importlib._bootstrap>:241: RuntimeWarning: to-Python converter for std::vector<double, std::allocator<double> > already registered; second conversion method ignored.
<frozen importlib._bootstrap>:241: RuntimeWarning: to-Python converter for std::vector<std::__cxx11::basic_string<char, std::char_traits<char>, std::allocator<char> >, std::allocator<std::__cxx11::basic_string<char, std::char_traits<char>, std::allocator<char> > > > already registered; second conversion method ignored.
WARNING: Can't find trunk frames in the model, can't measure leg spacing
WARNING: Can't find head frames in the model, camera_look_at won't work
gait_parameters {'dx': 0.0, 'dy': 0.03, 'dtheta': -0.06, 'duration': 8, 'hardware': True, 'double_support_ratio': 0.25, 'startend_double_support_ratio': 1.5, 'planned_timesteps': 48, 'replan_timesteps': 10, 'walk_com_height': 0.445, 'walk_foot_height': 0.03, 'walk_trunk_pitch': -5.7, 'walk_foot_rise_ratio': 0.3, 'single_support_duration': 0.45, 'single_support_timesteps': 10, 'foot_length': 0.22, 'feet_spacing': 0.114, 'zmp_margin': 0.02, 'foot_zmp_target_x': 0.0, 'foot_zmp_target_y': 0.0, 'walk_max_dtheta': 1.0, 'walk_max_dy': 0.04, 'walk_max_dx_forward': 0.1, 'walk_max_dx_backward': 0.03, 'joints': ['leg_left_ankle_roll_joint', 'leg_left_ankle_pitch_joint', 'leg_left_knee_pitch_joint', 'leg_left_hip_pitch_joint', 'leg_left_hip_yaw_joint', 'leg_left_hip_roll_joint', 'leg_right_ankle_roll_joint', 'leg_right_ankle_pitch_joint', 'leg_right_knee_pitch_joint', 'leg_right_hip_pitch_joint', 'leg_right_hip_yaw_joint', 'leg_right_hip_roll_joint', 'left_wrist_attachment_joint', 'left_fore_arm_joint', 'left_upper_arm_joint', 'left_shoulder_joint', 'right_wrist_attachment_joint', 'right_fore_arm_joint', 'right_upper_arm_joint', 'right_shoulder_joint'], 'joint_angles': {'left_wrist_attachment_joint': 30, 'left_fore_arm_joint': 0, 'left_upper_arm_joint': 0, 'left_shoulder_joint': 0, 'right_wrist_attachment_joint': -30, 'right_fore_arm_joint': 0, 'right_upper_arm_joint': 0, 'right_shoulder_joint': 0}}
Placing the robot in the initial position...
Initial position reached
{'leg_left_ankle_roll_joint': 0.02223149178025349, 'leg_left_ankle_pitch_joint': -0.508645315202388, 'leg_left_knee_pitch_joint': 0.9562510747918114, 'leg_left_hip_pitch_joint': -0.3488367218665785, 'leg_left_hip_yaw_joint': -0.0586644062675993, 'leg_left_hip_roll_joint': -0.014106037365630889, 'leg_right_ankle_roll_joint': 0.0229440756865867, 'leg_right_ankle_pitch_joint': -0.5350300931879026, 'leg_right_knee_pitch_joint': 1.0416517028977146, 'leg_right_hip_pitch_joint': -0.4078739476264924, 'leg_right_hip_yaw_joint': -0.059217383838476384, 'leg_right_hip_roll_joint': -0.01456403036931191, 'left_wrist_attachment_joint': 0.5235987755982988, 'left_fore_arm_joint': -1.1383917511022577e-25, 'left_upper_arm_joint': 4.677412584060697e-25, 'left_shoulder_joint': -7.290576265565515e-27, 'right_wrist_attachment_joint': -0.5235987755982988, 'right_fore_arm_joint': 1.2909068698750756e-26, 'right_upper_arm_joint': -3.960125564678947e-25, 'right_shoulder_joint': -2.72140088694866e-25}
## period: 1.17
You can open the visualizer by visiting the following URL:
http://127.0.0.1:7002/static/
Viewer URL: http://127.0.0.1:7002/static/
BAD root_position: -0.07764
BAD root_position: -0.07764
BAD root_position: -0.07764
BAD root_position: -0.07764
BAD root_position: -0.07764
BAD root_position: -0.07764
BAD root_position: -0.07764
BAD root_position: -0.07764
BAD root_position: -0.07764
BAD root_position: -0.07764
BAD root_position: -0.07764
BAD root_position: -0.07764
BAD root_position: -0.07764
BAD root_position: -0.07764
BAD root_position: -0.07764
BAD root_position: -0.07764
BAD root_position: -0.07764
BAD root_position: -0.07764
BAD root_position: -0.07764
BAD root_position: -0.07764
BAD root_position: -0.07764
BAD root_position: -0.07764
BAD root_position: -0.07764
BAD root_position: -0.07764
BAD root_position: -0.07764
BAD root_position: -0.07764
BAD root_position: -0.07764
BAD root_position: -0.07763
BAD root_position: -0.07763
BAD root_position: -0.07763
BAD root_position: -0.07763
BAD root_position: -0.07763
BAD root_position: -0.07764
BAD root_position: -0.07788
BAD root_position: -0.07837
BAD root_position: -0.07902
BAD root_position: -0.07974
BAD root_position: -0.08043
BAD root_position: -0.08100
BAD root_position: -0.08135
BAD root_position: -0.08142
BAD root_position: -0.08142
BAD root_position: -0.08142
BAD root_position: -0.08142
BAD root_position: -0.08142
BAD root_position: -0.08142
BAD root_position: -0.08142
BAD root_position: -0.08136
BAD root_position: -0.08099
BAD root_position: -0.08038
BAD root_position: -0.07965
BAD root_position: -0.07890
BAD root_position: -0.07825
BAD root_position: -0.07779
BAD root_position: -0.07764
BAD root_position: -0.07764
BAD root_position: -0.07764
BAD root_position: -0.07764
BAD root_position: -0.07764
BAD root_position: -0.07764
BAD root_position: -0.07763
BAD root_position: -0.07771
BAD root_position: -0.07811
BAD root_position: -0.07872
BAD root_position: -0.07946
BAD root_position: -0.08020
BAD root_position: -0.08085
BAD root_position: -0.08129
BAD root_position: -0.08142
BAD root_position: -0.08142
BAD root_position: -0.08142
BAD root_position: -0.08142
BAD root_position: -0.08142
BAD root_position: -0.08142
BAD root_position: -0.08142
BAD root_position: -0.08132
BAD root_position: -0.08091
BAD root_position: -0.08028
BAD root_position: -0.07954
BAD root_position: -0.07880
BAD root_position: -0.07816
BAD root_position: -0.07774
BAD root_position: -0.07764
BAD root_position: -0.07764
BAD root_position: -0.07764
BAD root_position: -0.07764
BAD root_position: -0.07764
BAD root_position: -0.07764
BAD root_position: -0.07763
BAD root_position: -0.07775
BAD root_position: -0.07819
BAD root_position: -0.07883
BAD root_position: -0.07957
BAD root_position: -0.08031
BAD root_position: -0.08094
BAD root_position: -0.08134
BAD root_position: -0.08143
BAD root_position: -0.08143
BAD root_position: -0.08143
BAD root_position: -0.08143
BAD root_position: -0.08144
BAD root_position: -0.08144
BAD root_position: -0.08144
BAD root_position: -0.08130
BAD root_position: -0.08085
BAD root_position: -0.08020
BAD root_position: -0.07946
BAD root_position: -0.07874
BAD root_position: -0.07813
BAD root_position: -0.07776
BAD root_position: -0.07769
BAD root_position: -0.07769
BAD root_position: -0.07769
BAD root_position: -0.07770
BAD root_position: -0.07770
BAD root_position: -0.07770
BAD root_position: -0.07769
BAD root_position: -0.07786
BAD root_position: -0.07833
BAD root_position: -0.07899
BAD root_position: -0.07974
BAD root_position: -0.08046
BAD root_position: -0.08106
BAD root_position: -0.08141
BAD root_position: -0.08146
BAD root_position: -0.08145
BAD root_position: -0.08144
BAD root_position: -0.08143
BAD root_position: -0.08143
BAD root_position: -0.08142
BAD root_position: -0.08141
BAD root_position: -0.08121
BAD root_position: -0.08072
BAD root_position: -0.08004
BAD root_position: -0.07929
BAD root_position: -0.07856
BAD root_position: -0.07798
BAD root_position: -0.07765
BAD root_position: -0.07761
BAD root_position: -0.07762
BAD root_position: -0.07763
BAD root_position: -0.07763
BAD root_position: -0.07764
BAD root_position: -0.07764
BAD root_position: -0.07765
BAD root_position: -0.07787
BAD root_position: -0.07837
BAD root_position: -0.07906
BAD root_position: -0.07982
BAD root_position: -0.08054
BAD root_position: -0.08112
BAD root_position: -0.08145
BAD root_position: -0.08148
BAD root_position: -0.08148
BAD root_position: -0.08149
BAD root_position: -0.08149
BAD root_position: -0.08149
BAD root_position: -0.08149
BAD root_position: -0.08149
BAD root_position: -0.08125
BAD root_position: -0.08073
BAD root_position: -0.08004
BAD root_position: -0.07929
BAD root_position: -0.07858
BAD root_position: -0.07802
BAD root_position: -0.07772
BAD root_position: -0.07770
BAD root_position: -0.07770
BAD root_position: -0.07769
BAD root_position: -0.07768
BAD root_position: -0.07767
BAD root_position: -0.07767
BAD root_position: -0.07767
BAD root_position: -0.07792
BAD root_position: -0.07845
BAD root_position: -0.07914
BAD root_position: -0.07989
BAD root_position: -0.08059
BAD root_position: -0.08112
BAD root_position: -0.08139
BAD root_position: -0.08139
BAD root_position: -0.08138
BAD root_position: -0.08137
BAD root_position: -0.08137
BAD root_position: -0.08136
BAD root_position: -0.08136
BAD root_position: -0.08134
BAD root_position: -0.08105
BAD root_position: -0.08049
BAD root_position: -0.07979
BAD root_position: -0.07904
BAD root_position: -0.07835
BAD root_position: -0.07785
BAD root_position: -0.07760
BAD root_position: -0.07760
BAD root_position: -0.07761
BAD root_position: -0.07763
BAD root_position: -0.07764
BAD root_position: -0.07765
BAD root_position: -0.07766
BAD root_position: -0.07767
BAD root_position: -0.07783
BAD root_position: -0.07826
BAD root_position: -0.07889
BAD root_position: -0.07960
BAD root_position: -0.08032
BAD root_position: -0.08094
BAD root_position: -0.08138
BAD root_position: -0.08153
BAD root_position: -0.08154
BAD root_position: -0.08154
BAD root_position: -0.08155
BAD root_position: -0.08155
BAD root_position: -0.08155
BAD root_position: -0.08155
BAD root_position: -0.08153
BAD root_position: -0.08127
BAD root_position: -0.08075
BAD root_position: -0.08009
BAD root_position: -0.07936
BAD root_position: -0.07868
BAD root_position: -0.07812
BAD root_position: -0.07778
BAD root_position: -0.07771
BAD root_position: -0.07770
BAD root_position: -0.07768
BAD root_position: -0.07767
BAD root_position: -0.07765
BAD root_position: -0.07764
BAD root_position: -0.07762
BAD root_position: -0.07769
BAD root_position: -0.07805
BAD root_position: -0.07861
BAD root_position: -0.07929
BAD root_position: -0.08000
BAD root_position: -0.08063
BAD root_position: -0.08111
BAD root_position: -0.08132
BAD root_position: -0.08132
BAD root_position: -0.08131
BAD root_position: -0.08131
BAD root_position: -0.08130
BAD root_position: -0.08130
BAD root_position: -0.08130
BAD root_position: -0.08129
BAD root_position: -0.08111
BAD root_position: -0.08065
BAD root_position: -0.08003
BAD root_position: -0.07932
BAD root_position: -0.07863
BAD root_position: -0.07806
BAD root_position: -0.07768
BAD root_position: -0.07758
BAD root_position: -0.07760
BAD root_position: -0.07762
BAD root_position: -0.07763
BAD root_position: -0.07765
BAD root_position: -0.07767
BAD root_position: -0.07768
BAD root_position: -0.07773
BAD root_position: -0.07804
BAD root_position: -0.07859
BAD root_position: -0.07927
BAD root_position: -0.08001
BAD root_position: -0.08069
BAD root_position: -0.08124
BAD root_position: -0.08155
BAD root_position: -0.08159
BAD root_position: -0.08159
BAD root_position: -0.08160
BAD root_position: -0.08161
BAD root_position: -0.08161
BAD root_position: -0.08161
BAD root_position: -0.08161
BAD root_position: -0.08149
BAD root_position: -0.08109
BAD root_position: -0.08048
BAD root_position: -0.07977
BAD root_position: -0.07905
BAD root_position: -0.07840
BAD root_position: -0.07794
BAD root_position: -0.07773
BAD root_position: -0.07771
BAD root_position: -0.07769
BAD root_position: -0.07767
BAD root_position: -0.07764
BAD root_position: -0.07762
BAD root_position: -0.07760
BAD root_position: -0.07758
BAD root_position: -0.07779
BAD root_position: -0.07826
BAD root_position: -0.07889
BAD root_position: -0.07959
BAD root_position: -0.08026
BAD root_position: -0.08083
BAD root_position: -0.08118
BAD root_position: -0.08125
BAD root_position: -0.08125
BAD root_position: -0.08124
BAD root_position: -0.08124
BAD root_position: -0.08124
BAD root_position: -0.08124
BAD root_position: -0.08124
BAD root_position: -0.08119
BAD root_position: -0.08086
BAD root_position: -0.08031
BAD root_position: -0.07964
BAD root_position: -0.07894
BAD root_position: -0.07830
BAD root_position: -0.07781
BAD root_position: -0.07757
BAD root_position: -0.07758
BAD root_position: -0.07761
BAD root_position: -0.07763
BAD root_position: -0.07765
BAD root_position: -0.07768
BAD root_position: -0.07770
BAD root_position: -0.07771
BAD root_position: -0.07788
BAD root_position: -0.07832
BAD root_position: -0.07896
BAD root_position: -0.07968
BAD root_position: -0.08040
BAD root_position: -0.08104
BAD root_position: -0.08148
BAD root_position: -0.08164
BAD root_position: -0.08165
BAD root_position: -0.08166
BAD root_position: -0.08166
BAD root_position: -0.08167
BAD root_position: -0.08167
BAD root_position: -0.08167
BAD root_position: -0.08165
BAD root_position: -0.08138
BAD root_position: -0.08086
BAD root_position: -0.08018
BAD root_position: -0.07945
BAD root_position: -0.07875
BAD root_position: -0.07818
BAD root_position: -0.07782
BAD root_position: -0.07774
BAD root_position: -0.07771
BAD root_position: -0.07768
BAD root_position: -0.07765
BAD root_position: -0.07762
BAD root_position: -0.07758
BAD root_position: -0.07756
BAD root_position: -0.07761
BAD root_position: -0.07796
BAD root_position: -0.07851
BAD root_position: -0.07918
BAD root_position: -0.07987
BAD root_position: -0.08050
BAD root_position: -0.08097
BAD root_position: -0.08118
BAD root_position: -0.08118
BAD root_position: -0.08117
BAD root_position: -0.08117
BAD root_position: -0.08117
BAD root_position: -0.08117
BAD root_position: -0.08118
BAD root_position: -0.08118
BAD root_position: -0.08100
BAD root_position: -0.08057
BAD root_position: -0.07995
BAD root_position: -0.07926
BAD root_position: -0.07858
BAD root_position: -0.07801
BAD root_position: -0.07764
BAD root_position: -0.07755
BAD root_position: -0.07758
BAD root_position: -0.07761
BAD root_position: -0.07764
BAD root_position: -0.07767
BAD root_position: -0.07770
BAD root_position: -0.07772
BAD root_position: -0.07778
BAD root_position: -0.07810
BAD root_position: -0.07865
BAD root_position: -0.07935
BAD root_position: -0.08009
BAD root_position: -0.08078
BAD root_position: -0.08133
BAD root_position: -0.08165
BAD root_position: -0.08169
BAD root_position: -0.08170
BAD root_position: -0.08171
BAD root_position: -0.08172
BAD root_position: -0.08172
BAD root_position: -0.08173
BAD root_position: -0.08172
BAD root_position: -0.08160
BAD root_position: -0.08117
BAD root_position: -0.08051
BAD root_position: -0.07975
BAD root_position: -0.07898
BAD root_position: -0.07833
BAD root_position: -0.07789
BAD root_position: -0.07776
BAD root_position: -0.07772
BAD root_position: -0.07768
BAD root_position: -0.07763
BAD root_position: -0.07759
BAD root_position: -0.07755
BAD root_position: -0.07751
BAD root_position: -0.07762
BAD root_position: -0.07803
BAD root_position: -0.07865
BAD root_position: -0.07936
BAD root_position: -0.08007
BAD root_position: -0.08067
BAD root_position: -0.08104
BAD root_position: -0.08111
BAD root_position: -0.08111
BAD root_position: -0.08110
BAD root_position: -0.08111
BAD root_position: -0.08111
BAD root_position: -0.08112
BAD root_position: -0.08113
BAD root_position: -0.08098
BAD root_position: -0.08054
BAD root_position: -0.07991
BAD root_position: -0.07919
BAD root_position: -0.07849
BAD root_position: -0.07792
BAD root_position: -0.07758
BAD root_position: -0.07755
BAD root_position: -0.07759
BAD root_position: -0.07763
BAD root_position: -0.07767
BAD root_position: -0.07770
BAD root_position: -0.07773
BAD root_position: -0.07776
BAD root_position: -0.07797
BAD root_position: -0.07847
BAD root_position: -0.07917
BAD root_position: -0.07994
BAD root_position: -0.08069
BAD root_position: -0.08131
BAD root_position: -0.08168
BAD root_position: -0.08175
BAD root_position: -0.08176
BAD root_position: -0.08177
BAD root_position: -0.08178
BAD root_position: -0.08179
BAD root_position: -0.08179
BAD root_position: -0.08178
BAD root_position: -0.08157
BAD root_position: -0.08105
BAD root_position: -0.08035
BAD root_position: -0.07957
BAD root_position: -0.07883
BAD root_position: -0.07822
BAD root_position: -0.07786
BAD root_position: -0.07778
BAD root_position: -0.07774
BAD root_position: -0.07769
BAD root_position: -0.07764
BAD root_position: -0.07759
BAD root_position: -0.07754
BAD root_position: -0.07750
BAD root_position: -0.07769
BAD root_position: -0.07816
BAD root_position: -0.07881
BAD root_position: -0.07953
BAD root_position: -0.08021
BAD root_position: -0.08075
BAD root_position: -0.08104
BAD root_position: -0.08106
BAD root_position: -0.08105
BAD root_position: -0.08105
BAD root_position: -0.08105
BAD root_position: -0.08107
BAD root_position: -0.08108
BAD root_position: -0.08109
BAD root_position: -0.08085
BAD root_position: -0.08035
BAD root_position: -0.07968
BAD root_position: -0.07896
BAD root_position: -0.07829
BAD root_position: -0.07779
BAD root_position: -0.07754
BAD root_position: -0.07757
BAD root_position: -0.07761
BAD root_position: -0.07765
BAD root_position: -0.07769
BAD root_position: -0.07773
BAD root_position: -0.07777
BAD root_position: -0.07782
BAD root_position: -0.07812
BAD root_position: -0.07870
BAD root_position: -0.07943
BAD root_position: -0.08021
BAD root_position: -0.08094
BAD root_position: -0.08150
BAD root_position: -0.08178
BAD root_position: -0.08181
BAD root_position: -0.08182
BAD root_position: -0.08184
BAD root_position: -0.08184
recorded 500 frames
avg lin_vel_x 0.0002
avg lin_vel_y 0.0117
avg yaw -0.0
computed xvel: 0.0, mean xvel: 0.0002
computed yvel: 0.051, mean yvel: 0.0117
computed thetavel: -0.103, mean thetavel: -0.0
DONE, saving 90_0.0_0.051_-0.103.json
