<frozen importlib._bootstrap>:241: RuntimeWarning: to-Python converter for std::vector<Eigen::Matrix<double, 3, 1, 0, 3, 1>, std::allocator<Eigen::Matrix<double, 3, 1, 0, 3, 1> > > already registered; second conversion method ignored.
<frozen importlib._bootstrap>:241: RuntimeWarning: to-Python converter for boost::python::detail::container_element<std::vector<Eigen::Matrix<double, 3, 1, 0, 3, 1>, std::allocator<Eigen::Matrix<double, 3, 1, 0, 3, 1> > >, unsigned long, boost::python::detail::final_vector_derived_policies<std::vector<Eigen::Matrix<double, 3, 1, 0, 3, 1>, std::allocator<Eigen::Matrix<double, 3, 1, 0, 3, 1> > >, false> > already registered; second conversion method ignored.
<frozen importlib._bootstrap>:241: RuntimeWarning: to-Python converter for std::vector<int, std::allocator<int> > already registered; second conversion method ignored.
<frozen importlib._bootstrap>:241: RuntimeWarning: to-Python converter for std::vector<double, std::allocator<double> > already registered; second conversion method ignored.
<frozen importlib._bootstrap>:241: RuntimeWarning: to-Python converter for std::vector<std::__cxx11::basic_string<char, std::char_traits<char>, std::allocator<char> >, std::allocator<std::__cxx11::basic_string<char, std::char_traits<char>, std::allocator<char> > > > already registered; second conversion method ignored.
WARNING: Can't find trunk frames in the model, can't measure leg spacing
WARNING: Can't find head frames in the model, camera_look_at won't work
gait_parameters {'dx': 0.0, 'dy': -0.03, 'dtheta': 0.01, 'duration': 8, 'hardware': True, 'double_support_ratio': 0.25, 'startend_double_support_ratio': 1.5, 'planned_timesteps': 48, 'replan_timesteps': 10, 'walk_com_height': 0.445, 'walk_foot_height': 0.03, 'walk_trunk_pitch': -5.7, 'walk_foot_rise_ratio': 0.3, 'single_support_duration': 0.45, 'single_support_timesteps': 10, 'foot_length': 0.22, 'feet_spacing': 0.114, 'zmp_margin': 0.02, 'foot_zmp_target_x': 0.0, 'foot_zmp_target_y': 0.0, 'walk_max_dtheta': 1.0, 'walk_max_dy': 0.04, 'walk_max_dx_forward': 0.1, 'walk_max_dx_backward': 0.03, 'joints': ['leg_left_ankle_roll_joint', 'leg_left_ankle_pitch_joint', 'leg_left_knee_pitch_joint', 'leg_left_hip_pitch_joint', 'leg_left_hip_yaw_joint', 'leg_left_hip_roll_joint', 'leg_right_ankle_roll_joint', 'leg_right_ankle_pitch_joint', 'leg_right_knee_pitch_joint', 'leg_right_hip_pitch_joint', 'leg_right_hip_yaw_joint', 'leg_right_hip_roll_joint', 'left_wrist_attachment_joint', 'left_fore_arm_joint', 'left_upper_arm_joint', 'left_shoulder_joint', 'right_wrist_attachment_joint', 'right_fore_arm_joint', 'right_upper_arm_joint', 'right_shoulder_joint'], 'joint_angles': {'left_wrist_attachment_joint': 30, 'left_fore_arm_joint': 0, 'left_upper_arm_joint': 0, 'left_shoulder_joint': 0, 'right_wrist_attachment_joint': -30, 'right_fore_arm_joint': 0, 'right_upper_arm_joint': 0, 'right_shoulder_joint': 0}}
Placing the robot in the initial position...
Initial position reached
{'leg_left_ankle_roll_joint': 0.02175350595663412, 'leg_left_ankle_pitch_joint': -0.5099991575636195, 'leg_left_knee_pitch_joint': 0.9590753622944201, 'leg_left_hip_pitch_joint': -0.35028942757739684, 'leg_left_hip_yaw_joint': -0.05829473268432811, 'leg_left_hip_roll_joint': -0.013802512301675082, 'leg_right_ankle_roll_joint': 0.022458478923626082, 'leg_right_ankle_pitch_joint': -0.5361293603161191, 'leg_right_knee_pitch_joint': 1.0439779778405123, 'leg_right_hip_pitch_joint': -0.4090827630546971, 'leg_right_hip_yaw_joint': -0.058841832108714485, 'leg_right_hip_roll_joint': -0.014255652363927236, 'left_wrist_attachment_joint': 0.5235987755982988, 'left_fore_arm_joint': 1.936820466175953e-24, 'left_upper_arm_joint': -2.8647883860061983e-24, 'left_shoulder_joint': -4.079413928389148e-24, 'right_wrist_attachment_joint': -0.5235987755982988, 'right_fore_arm_joint': -2.446056851949939e-24, 'right_upper_arm_joint': 3.4505843708549105e-24, 'right_shoulder_joint': 3.8281307117134735e-24}
## period: 1.17
You can open the visualizer by visiting the following URL:
http://127.0.0.1:7003/static/
Viewer URL: http://127.0.0.1:7003/static/
BAD root_position: -0.07781
BAD root_position: -0.07781
BAD root_position: -0.07781
BAD root_position: -0.07781
BAD root_position: -0.07781
BAD root_position: -0.07781
BAD root_position: -0.07781
BAD root_position: -0.07781
BAD root_position: -0.07781
BAD root_position: -0.07781
BAD root_position: -0.07781
BAD root_position: -0.07781
BAD root_position: -0.07781
BAD root_position: -0.07781
BAD root_position: -0.07781
BAD root_position: -0.07781
BAD root_position: -0.07781
BAD root_position: -0.07781
BAD root_position: -0.07781
BAD root_position: -0.07781
BAD root_position: -0.07781
BAD root_position: -0.07781
BAD root_position: -0.07781
BAD root_position: -0.07781
BAD root_position: -0.07781
BAD root_position: -0.07781
BAD root_position: -0.07781
BAD root_position: -0.07781
BAD root_position: -0.07780
BAD root_position: -0.07780
BAD root_position: -0.07780
BAD root_position: -0.07780
BAD root_position: -0.07781
BAD root_position: -0.07805
BAD root_position: -0.07854
BAD root_position: -0.07919
BAD root_position: -0.07991
BAD root_position: -0.08060
BAD root_position: -0.08117
BAD root_position: -0.08152
BAD root_position: -0.08159
BAD root_position: -0.08159
BAD root_position: -0.08159
BAD root_position: -0.08159
BAD root_position: -0.08159
BAD root_position: -0.08159
BAD root_position: -0.08159
BAD root_position: -0.08153
BAD root_position: -0.08116
BAD root_position: -0.08055
BAD root_position: -0.07982
BAD root_position: -0.07907
BAD root_position: -0.07842
BAD root_position: -0.07796
BAD root_position: -0.07781
BAD root_position: -0.07781
BAD root_position: -0.07781
BAD root_position: -0.07781
BAD root_position: -0.07781
BAD root_position: -0.07781
BAD root_position: -0.07781
BAD root_position: -0.07789
BAD root_position: -0.07828
BAD root_position: -0.07890
BAD root_position: -0.07963
BAD root_position: -0.08038
BAD root_position: -0.08103
BAD root_position: -0.08147
BAD root_position: -0.08160
BAD root_position: -0.08160
BAD root_position: -0.08161
BAD root_position: -0.08161
BAD root_position: -0.08161
BAD root_position: -0.08161
BAD root_position: -0.08161
BAD root_position: -0.08152
BAD root_position: -0.08111
BAD root_position: -0.08048
BAD root_position: -0.07974
BAD root_position: -0.07901
BAD root_position: -0.07837
BAD root_position: -0.07796
BAD root_position: -0.07785
BAD root_position: -0.07786
BAD root_position: -0.07786
BAD root_position: -0.07786
BAD root_position: -0.07786
BAD root_position: -0.07786
BAD root_position: -0.07786
BAD root_position: -0.07797
BAD root_position: -0.07840
BAD root_position: -0.07904
BAD root_position: -0.07979
BAD root_position: -0.08052
BAD root_position: -0.08114
BAD root_position: -0.08154
BAD root_position: -0.08163
BAD root_position: -0.08162
BAD root_position: -0.08162
BAD root_position: -0.08161
BAD root_position: -0.08161
BAD root_position: -0.08160
BAD root_position: -0.08160
BAD root_position: -0.08145
BAD root_position: -0.08100
BAD root_position: -0.08034
BAD root_position: -0.07959
BAD root_position: -0.07886
BAD root_position: -0.07825
BAD root_position: -0.07787
BAD root_position: -0.07780
BAD root_position: -0.07780
BAD root_position: -0.07781
BAD root_position: -0.07781
BAD root_position: -0.07781
BAD root_position: -0.07781
BAD root_position: -0.07781
BAD root_position: -0.07798
BAD root_position: -0.07845
BAD root_position: -0.07911
BAD root_position: -0.07986
BAD root_position: -0.08059
BAD root_position: -0.08120
BAD root_position: -0.08156
BAD root_position: -0.08162
BAD root_position: -0.08163
BAD root_position: -0.08163
BAD root_position: -0.08163
BAD root_position: -0.08163
BAD root_position: -0.08164
BAD root_position: -0.08164
BAD root_position: -0.08145
BAD root_position: -0.08097
BAD root_position: -0.08029
BAD root_position: -0.07955
BAD root_position: -0.07883
BAD root_position: -0.07824
BAD root_position: -0.07790
BAD root_position: -0.07786
BAD root_position: -0.07786
BAD root_position: -0.07786
BAD root_position: -0.07786
BAD root_position: -0.07785
BAD root_position: -0.07785
BAD root_position: -0.07784
BAD root_position: -0.07805
BAD root_position: -0.07855
BAD root_position: -0.07923
BAD root_position: -0.07998
BAD root_position: -0.08069
BAD root_position: -0.08126
BAD root_position: -0.08158
BAD root_position: -0.08160
BAD root_position: -0.08160
BAD root_position: -0.08159
BAD root_position: -0.08159
BAD root_position: -0.08159
BAD root_position: -0.08158
BAD root_position: -0.08158
BAD root_position: -0.08133
BAD root_position: -0.08081
BAD root_position: -0.08012
BAD root_position: -0.07937
BAD root_position: -0.07866
BAD root_position: -0.07811
BAD root_position: -0.07781
BAD root_position: -0.07780
BAD root_position: -0.07780
BAD root_position: -0.07781
BAD root_position: -0.07781
BAD root_position: -0.07782
BAD root_position: -0.07782
BAD root_position: -0.07783
BAD root_position: -0.07810
BAD root_position: -0.07864
BAD root_position: -0.07934
BAD root_position: -0.08010
BAD root_position: -0.08081
BAD root_position: -0.08135
BAD root_position: -0.08163
BAD root_position: -0.08165
BAD root_position: -0.08165
BAD root_position: -0.08165
BAD root_position: -0.08166
BAD root_position: -0.08166
BAD root_position: -0.08166
BAD root_position: -0.08165
BAD root_position: -0.08136
BAD root_position: -0.08081
BAD root_position: -0.08010
BAD root_position: -0.07935
BAD root_position: -0.07866
BAD root_position: -0.07815
BAD root_position: -0.07789
BAD root_position: -0.07787
BAD root_position: -0.07786
BAD root_position: -0.07786
BAD root_position: -0.07785
BAD root_position: -0.07784
BAD root_position: -0.07784
BAD root_position: -0.07783
BAD root_position: -0.07797
BAD root_position: -0.07840
BAD root_position: -0.07900
BAD root_position: -0.07971
BAD root_position: -0.08041
BAD root_position: -0.08102
BAD root_position: -0.08144
BAD root_position: -0.08158
BAD root_position: -0.08158
BAD root_position: -0.08157
BAD root_position: -0.08157
BAD root_position: -0.08157
BAD root_position: -0.08156
BAD root_position: -0.08156
BAD root_position: -0.08154
BAD root_position: -0.08128
BAD root_position: -0.08077
BAD root_position: -0.08011
BAD root_position: -0.07939
BAD root_position: -0.07871
BAD root_position: -0.07817
BAD root_position: -0.07784
BAD root_position: -0.07780
BAD root_position: -0.07780
BAD root_position: -0.07781
BAD root_position: -0.07782
BAD root_position: -0.07782
BAD root_position: -0.07783
BAD root_position: -0.07783
BAD root_position: -0.07792
BAD root_position: -0.07829
BAD root_position: -0.07887
BAD root_position: -0.07957
BAD root_position: -0.08029
BAD root_position: -0.08094
BAD root_position: -0.08143
BAD root_position: -0.08166
BAD root_position: -0.08167
BAD root_position: -0.08168
BAD root_position: -0.08168
BAD root_position: -0.08168
BAD root_position: -0.08168
BAD root_position: -0.08169
BAD root_position: -0.08169
BAD root_position: -0.08150
BAD root_position: -0.08104
BAD root_position: -0.08041
BAD root_position: -0.07969
BAD root_position: -0.07899
BAD root_position: -0.07839
BAD root_position: -0.07799
BAD root_position: -0.07788
BAD root_position: -0.07787
BAD root_position: -0.07786
BAD root_position: -0.07785
BAD root_position: -0.07785
BAD root_position: -0.07784
BAD root_position: -0.07783
BAD root_position: -0.07785
BAD root_position: -0.07814
BAD root_position: -0.07867
BAD root_position: -0.07933
BAD root_position: -0.08004
BAD root_position: -0.08071
BAD root_position: -0.08124
BAD root_position: -0.08153
BAD root_position: -0.08156
BAD root_position: -0.08155
BAD root_position: -0.08155
BAD root_position: -0.08155
BAD root_position: -0.08154
BAD root_position: -0.08154
BAD root_position: -0.08155
BAD root_position: -0.08143
BAD root_position: -0.08103
BAD root_position: -0.08044
BAD root_position: -0.07974
BAD root_position: -0.07904
BAD root_position: -0.07841
BAD root_position: -0.07797
BAD root_position: -0.07779
BAD root_position: -0.07780
BAD root_position: -0.07781
BAD root_position: -0.07782
BAD root_position: -0.07783
BAD root_position: -0.07783
BAD root_position: -0.07784
BAD root_position: -0.07785
BAD root_position: -0.07809
BAD root_position: -0.07858
BAD root_position: -0.07923
BAD root_position: -0.07995
BAD root_position: -0.08065
BAD root_position: -0.08124
BAD root_position: -0.08161
BAD root_position: -0.08169
BAD root_position: -0.08170
BAD root_position: -0.08170
BAD root_position: -0.08171
BAD root_position: -0.08171
BAD root_position: -0.08171
BAD root_position: -0.08171
BAD root_position: -0.08166
BAD root_position: -0.08132
BAD root_position: -0.08076
BAD root_position: -0.08007
BAD root_position: -0.07935
BAD root_position: -0.07869
BAD root_position: -0.07817
BAD root_position: -0.07791
BAD root_position: -0.07788
BAD root_position: -0.07787
BAD root_position: -0.07786
BAD root_position: -0.07785
BAD root_position: -0.07783
BAD root_position: -0.07782
BAD root_position: -0.07781
BAD root_position: -0.07795
BAD root_position: -0.07836
BAD root_position: -0.07897
BAD root_position: -0.07967
BAD root_position: -0.08037
BAD root_position: -0.08097
BAD root_position: -0.08139
BAD root_position: -0.08153
BAD root_position: -0.08153
BAD root_position: -0.08152
BAD root_position: -0.08152
BAD root_position: -0.08152
BAD root_position: -0.08152
BAD root_position: -0.08152
BAD root_position: -0.08151
BAD root_position: -0.08124
BAD root_position: -0.08074
BAD root_position: -0.08008
BAD root_position: -0.07937
BAD root_position: -0.07870
BAD root_position: -0.07815
BAD root_position: -0.07783
BAD root_position: -0.07779
BAD root_position: -0.07780
BAD root_position: -0.07781
BAD root_position: -0.07783
BAD root_position: -0.07784
BAD root_position: -0.07784
BAD root_position: -0.07785
BAD root_position: -0.07794
BAD root_position: -0.07832
BAD root_position: -0.07890
BAD root_position: -0.07960
BAD root_position: -0.08033
BAD root_position: -0.08099
BAD root_position: -0.08148
BAD root_position: -0.08171
BAD root_position: -0.08172
BAD root_position: -0.08172
BAD root_position: -0.08173
BAD root_position: -0.08173
BAD root_position: -0.08174
BAD root_position: -0.08174
BAD root_position: -0.08174
BAD root_position: -0.08155
BAD root_position: -0.08109
BAD root_position: -0.08045
BAD root_position: -0.07973
BAD root_position: -0.07902
BAD root_position: -0.07842
BAD root_position: -0.07802
BAD root_position: -0.07789
BAD root_position: -0.07788
BAD root_position: -0.07787
BAD root_position: -0.07785
BAD root_position: -0.07784
BAD root_position: -0.07782
BAD root_position: -0.07781
BAD root_position: -0.07783
BAD root_position: -0.07811
BAD root_position: -0.07863
BAD root_position: -0.07929
BAD root_position: -0.08000
BAD root_position: -0.08067
BAD root_position: -0.08119
BAD root_position: -0.08148
BAD root_position: -0.08151
BAD root_position: -0.08151
BAD root_position: -0.08150
BAD root_position: -0.08150
BAD root_position: -0.08150
BAD root_position: -0.08150
BAD root_position: -0.08151
BAD root_position: -0.08140
BAD root_position: -0.08098
BAD root_position: -0.08035
BAD root_position: -0.07961
BAD root_position: -0.07888
BAD root_position: -0.07827
BAD root_position: -0.07787
BAD root_position: -0.07779
BAD root_position: -0.07780
BAD root_position: -0.07782
BAD root_position: -0.07783
BAD root_position: -0.07784
BAD root_position: -0.07786
BAD root_position: -0.07787
BAD root_position: -0.07801
BAD root_position: -0.07846
BAD root_position: -0.07912
BAD root_position: -0.07988
BAD root_position: -0.08063
BAD root_position: -0.08125
BAD root_position: -0.08165
BAD root_position: -0.08174
BAD root_position: -0.08175
BAD root_position: -0.08175
BAD root_position: -0.08176
BAD root_position: -0.08176
BAD root_position: -0.08176
BAD root_position: -0.08177
BAD root_position: -0.08161
BAD root_position: -0.08114
BAD root_position: -0.08047
BAD root_position: -0.07971
BAD root_position: -0.07897
BAD root_position: -0.07836
BAD root_position: -0.07798
BAD root_position: -0.07790
BAD root_position: -0.07788
BAD root_position: -0.07786
BAD root_position: -0.07784
BAD root_position: -0.07782
BAD root_position: -0.07780
BAD root_position: -0.07778
BAD root_position: -0.07795
BAD root_position: -0.07841
BAD root_position: -0.07907
BAD root_position: -0.07980
BAD root_position: -0.08052
BAD root_position: -0.08110
BAD root_position: -0.08144
BAD root_position: -0.08148
BAD root_position: -0.08148
BAD root_position: -0.08148
BAD root_position: -0.08148
BAD root_position: -0.08148
BAD root_position: -0.08148
BAD root_position: -0.08149
BAD root_position: -0.08129
BAD root_position: -0.08080
BAD root_position: -0.08013
BAD root_position: -0.07939
BAD root_position: -0.07868
BAD root_position: -0.07812
BAD root_position: -0.07780
BAD root_position: -0.07778
BAD root_position: -0.07780
BAD root_position: -0.07781
BAD root_position: -0.07783
BAD root_position: -0.07785
BAD root_position: -0.07786
BAD root_position: -0.07788
BAD root_position: -0.07812
BAD root_position: -0.07864
BAD root_position: -0.07934
BAD root_position: -0.08011
BAD root_position: -0.08084
BAD root_position: -0.08141
BAD root_position: -0.08173
BAD root_position: -0.08176
BAD root_position: -0.08177
BAD root_position: -0.08178
BAD root_position: -0.08178
BAD root_position: -0.08178
BAD root_position: -0.08179
BAD root_position: -0.08178
BAD root_position: -0.08152
BAD root_position: -0.08098
BAD root_position: -0.08028
BAD root_position: -0.07951
BAD root_position: -0.07879
BAD root_position: -0.07823
BAD root_position: -0.07793
BAD root_position: -0.07790
BAD root_position: -0.07788
BAD root_position: -0.07785
BAD root_position: -0.07783
BAD root_position: -0.07781
BAD root_position: -0.07778
BAD root_position: -0.07778
BAD root_position: -0.07804
BAD root_position: -0.07857
BAD root_position: -0.07925
BAD root_position: -0.07999
BAD root_position: -0.08068
BAD root_position: -0.08120
BAD root_position: -0.08145
BAD root_position: -0.08146
BAD root_position: -0.08145
BAD root_position: -0.08145
BAD root_position: -0.08145
recorded 500 frames
avg lin_vel_x 0.0034
avg lin_vel_y -0.0428
avg yaw 0.0
computed xvel: 0.0, mean xvel: 0.0034
computed yvel: -0.051, mean yvel: -0.0428
computed thetavel: 0.017, mean thetavel: 0.0
DONE, saving 98_0.0_-0.051_0.017.json
