<frozen importlib._bootstrap>:241: RuntimeWarning: to-Python converter for std::vector<Eigen::Matrix<double, 3, 1, 0, 3, 1>, std::allocator<Eigen::Matrix<double, 3, 1, 0, 3, 1> > > already registered; second conversion method ignored.
<frozen importlib._bootstrap>:241: RuntimeWarning: to-Python converter for boost::python::detail::container_element<std::vector<Eigen::Matrix<double, 3, 1, 0, 3, 1>, std::allocator<Eigen::Matrix<double, 3, 1, 0, 3, 1> > >, unsigned long, boost::python::detail::final_vector_derived_policies<std::vector<Eigen::Matrix<double, 3, 1, 0, 3, 1>, std::allocator<Eigen::Matrix<double, 3, 1, 0, 3, 1> > >, false> > already registered; second conversion method ignored.
<frozen importlib._bootstrap>:241: RuntimeWarning: to-Python converter for std::vector<int, std::allocator<int> > already registered; second conversion method ignored.
<frozen importlib._bootstrap>:241: RuntimeWarning: to-Python converter for std::vector<double, std::allocator<double> > already registered; second conversion method ignored.
<frozen importlib._bootstrap>:241: RuntimeWarning: to-Python converter for std::vector<std::__cxx11::basic_string<char, std::char_traits<char>, std::allocator<char> >, std::allocator<std::__cxx11::basic_string<char, std::char_traits<char>, std::allocator<char> > > > already registered; second conversion method ignored.
WARNING: Can't find trunk frames in the model, can't measure leg spacing
WARNING: Can't find head frames in the model, camera_look_at won't work
gait_parameters {'dx': 0.02, 'dy': -0.03, 'dtheta': 0.01, 'duration': 8, 'hardware': True, 'double_support_ratio': 0.25, 'startend_double_support_ratio': 1.5, 'planned_timesteps': 48, 'replan_timesteps': 10, 'walk_com_height': 0.445, 'walk_foot_height': 0.03, 'walk_trunk_pitch': -5.7, 'walk_foot_rise_ratio': 0.3, 'single_support_duration': 0.45, 'single_support_timesteps': 10, 'foot_length': 0.22, 'feet_spacing': 0.114, 'zmp_margin': 0.02, 'foot_zmp_target_x': 0.0, 'foot_zmp_target_y': 0.0, 'walk_max_dtheta': 1.0, 'walk_max_dy': 0.04, 'walk_max_dx_forward': 0.1, 'walk_max_dx_backward': 0.03, 'joints': ['leg_left_ankle_roll_joint', 'leg_left_ankle_pitch_joint', 'leg_left_knee_pitch_joint', 'leg_left_hip_pitch_joint', 'leg_left_hip_yaw_joint', 'leg_left_hip_roll_joint', 'leg_right_ankle_roll_joint', 'leg_right_ankle_pitch_joint', 'leg_right_knee_pitch_joint', 'leg_right_hip_pitch_joint', 'leg_right_hip_yaw_joint', 'leg_right_hip_roll_joint', 'left_wrist_attachment_joint', 'left_fore_arm_joint', 'left_upper_arm_joint', 'left_shoulder_joint', 'right_wrist_attachment_joint', 'right_fore_arm_joint', 'right_upper_arm_joint', 'right_shoulder_joint'], 'joint_angles': {'left_wrist_attachment_joint': 30, 'left_fore_arm_joint': 0, 'left_upper_arm_joint': 0, 'left_shoulder_joint': 0, 'right_wrist_attachment_joint': -30, 'right_fore_arm_joint': 0, 'right_upper_arm_joint': 0, 'right_shoulder_joint': 0}}
Placing the robot in the initial position...
Initial position reached
{'leg_left_ankle_roll_joint': 0.020602711673296015, 'leg_left_ankle_pitch_joint': -0.51986515679768, 'leg_left_knee_pitch_joint': 0.979470065652055, 'leg_left_hip_pitch_joint': -0.36077588500257035, 'leg_left_hip_yaw_joint': -0.05740468804565387, 'leg_left_hip_roll_joint': -0.013071801704161064, 'leg_right_ankle_roll_joint': 0.021291290044375587, 'leg_right_ankle_pitch_joint': -0.5448546626369428, 'leg_right_knee_pitch_joint': 1.0622061053976566, 'leg_right_hip_pitch_joint': -0.4185423369151676, 'leg_right_hip_yaw_joint': -0.05793912663301406, 'leg_right_hip_roll_joint': -0.01351448523796125, 'left_wrist_attachment_joint': 0.5235987755982988, 'left_fore_arm_joint': -3.404660282845315e-24, 'left_upper_arm_joint': 4.6024723501965965e-24, 'left_shoulder_joint': 6.64183055047888e-24, 'right_wrist_attachment_joint': -0.5235987755982988, 'right_fore_arm_joint': 3.920707499442315e-24, 'right_upper_arm_joint': -5.217350035979825e-24, 'right_shoulder_joint': -6.86254977093898e-24}
## period: 1.17
You can open the visualizer by visiting the following URL:
http://127.0.0.1:7004/static/
Viewer URL: http://127.0.0.1:7004/static/
BAD root_position: -0.07915
BAD root_position: -0.07915
BAD root_position: -0.07915
BAD root_position: -0.07915
BAD root_position: -0.07915
BAD root_position: -0.07915
BAD root_position: -0.07915
BAD root_position: -0.07915
BAD root_position: -0.07915
BAD root_position: -0.07915
BAD root_position: -0.07915
BAD root_position: -0.07915
BAD root_position: -0.07915
BAD root_position: -0.07915
BAD root_position: -0.07915
BAD root_position: -0.07915
BAD root_position: -0.07915
BAD root_position: -0.07915
BAD root_position: -0.07915
BAD root_position: -0.07915
BAD root_position: -0.07915
BAD root_position: -0.07914
BAD root_position: -0.07914
BAD root_position: -0.07914
BAD root_position: -0.07914
BAD root_position: -0.07914
BAD root_position: -0.07914
BAD root_position: -0.07914
BAD root_position: -0.07914
BAD root_position: -0.07914
BAD root_position: -0.07914
BAD root_position: -0.07913
BAD root_position: -0.07914
BAD root_position: -0.07938
BAD root_position: -0.07988
BAD root_position: -0.08053
BAD root_position: -0.08125
BAD root_position: -0.08194
BAD root_position: -0.08250
BAD root_position: -0.08286
BAD root_position: -0.08292
BAD root_position: -0.08292
BAD root_position: -0.08292
BAD root_position: -0.08292
BAD root_position: -0.08293
BAD root_position: -0.08293
BAD root_position: -0.08293
BAD root_position: -0.08286
BAD root_position: -0.08249
BAD root_position: -0.08188
BAD root_position: -0.08115
BAD root_position: -0.08040
BAD root_position: -0.07975
BAD root_position: -0.07929
BAD root_position: -0.07913
BAD root_position: -0.07913
BAD root_position: -0.07913
BAD root_position: -0.07913
BAD root_position: -0.07912
BAD root_position: -0.07911
BAD root_position: -0.07911
BAD root_position: -0.07918
BAD root_position: -0.07958
BAD root_position: -0.08020
BAD root_position: -0.08095
BAD root_position: -0.08171
BAD root_position: -0.08239
BAD root_position: -0.08286
BAD root_position: -0.08303
BAD root_position: -0.08306
BAD root_position: -0.08309
BAD root_position: -0.08313
BAD root_position: -0.08316
BAD root_position: -0.08319
BAD root_position: -0.08322
BAD root_position: -0.08313
BAD root_position: -0.08272
BAD root_position: -0.08208
BAD root_position: -0.08132
BAD root_position: -0.08054
BAD root_position: -0.07987
BAD root_position: -0.07941
BAD root_position: -0.07927
BAD root_position: -0.07923
BAD root_position: -0.07919
BAD root_position: -0.07915
BAD root_position: -0.07911
BAD root_position: -0.07907
BAD root_position: -0.07903
BAD root_position: -0.07912
BAD root_position: -0.07951
BAD root_position: -0.08012
BAD root_position: -0.08083
BAD root_position: -0.08154
BAD root_position: -0.08215
BAD root_position: -0.08255
BAD root_position: -0.08266
BAD root_position: -0.08269
BAD root_position: -0.08271
BAD root_position: -0.08274
BAD root_position: -0.08277
BAD root_position: -0.08280
BAD root_position: -0.08283
BAD root_position: -0.08272
BAD root_position: -0.08230
BAD root_position: -0.08167
BAD root_position: -0.08094
BAD root_position: -0.08022
BAD root_position: -0.07961
BAD root_position: -0.07923
BAD root_position: -0.07915
BAD root_position: -0.07915
BAD root_position: -0.07914
BAD root_position: -0.07914
BAD root_position: -0.07913
BAD root_position: -0.07912
BAD root_position: -0.07911
BAD root_position: -0.07928
BAD root_position: -0.07974
BAD root_position: -0.08041
BAD root_position: -0.08118
BAD root_position: -0.08193
BAD root_position: -0.08256
BAD root_position: -0.08296
BAD root_position: -0.08305
BAD root_position: -0.08309
BAD root_position: -0.08312
BAD root_position: -0.08316
BAD root_position: -0.08319
BAD root_position: -0.08322
BAD root_position: -0.08325
BAD root_position: -0.08307
BAD root_position: -0.08258
BAD root_position: -0.08189
BAD root_position: -0.08111
BAD root_position: -0.08035
BAD root_position: -0.07973
BAD root_position: -0.07935
BAD root_position: -0.07927
BAD root_position: -0.07922
BAD root_position: -0.07918
BAD root_position: -0.07914
BAD root_position: -0.07909
BAD root_position: -0.07905
BAD root_position: -0.07901
BAD root_position: -0.07919
BAD root_position: -0.07965
BAD root_position: -0.08029
BAD root_position: -0.08101
BAD root_position: -0.08171
BAD root_position: -0.08227
BAD root_position: -0.08259
BAD root_position: -0.08264
BAD root_position: -0.08267
BAD root_position: -0.08269
BAD root_position: -0.08273
BAD root_position: -0.08276
BAD root_position: -0.08279
BAD root_position: -0.08282
BAD root_position: -0.08261
BAD root_position: -0.08212
BAD root_position: -0.08145
BAD root_position: -0.08071
BAD root_position: -0.08001
BAD root_position: -0.07946
BAD root_position: -0.07917
BAD root_position: -0.07914
BAD root_position: -0.07914
BAD root_position: -0.07913
BAD root_position: -0.07913
BAD root_position: -0.07913
BAD root_position: -0.07912
BAD root_position: -0.07913
BAD root_position: -0.07939
BAD root_position: -0.07993
BAD root_position: -0.08064
BAD root_position: -0.08141
BAD root_position: -0.08214
BAD root_position: -0.08272
BAD root_position: -0.08303
BAD root_position: -0.08308
BAD root_position: -0.08312
BAD root_position: -0.08316
BAD root_position: -0.08319
BAD root_position: -0.08322
BAD root_position: -0.08325
BAD root_position: -0.08326
BAD root_position: -0.08298
BAD root_position: -0.08242
BAD root_position: -0.08169
BAD root_position: -0.08090
BAD root_position: -0.08017
BAD root_position: -0.07962
BAD root_position: -0.07932
BAD root_position: -0.07926
BAD root_position: -0.07922
BAD root_position: -0.07918
BAD root_position: -0.07913
BAD root_position: -0.07909
BAD root_position: -0.07904
BAD root_position: -0.07900
BAD root_position: -0.07911
BAD root_position: -0.07950
BAD root_position: -0.08008
BAD root_position: -0.08075
BAD root_position: -0.08143
BAD root_position: -0.08203
BAD root_position: -0.08245
BAD root_position: -0.08261
BAD root_position: -0.08263
BAD root_position: -0.08265
BAD root_position: -0.08268
BAD root_position: -0.08271
BAD root_position: -0.08274
BAD root_position: -0.08278
BAD root_position: -0.08279
BAD root_position: -0.08256
BAD root_position: -0.08208
BAD root_position: -0.08144
BAD root_position: -0.08074
BAD root_position: -0.08007
BAD root_position: -0.07953
BAD root_position: -0.07920
BAD root_position: -0.07915
BAD root_position: -0.07915
BAD root_position: -0.07915
BAD root_position: -0.07915
BAD root_position: -0.07914
BAD root_position: -0.07914
BAD root_position: -0.07914
BAD root_position: -0.07922
BAD root_position: -0.07959
BAD root_position: -0.08017
BAD root_position: -0.08088
BAD root_position: -0.08162
BAD root_position: -0.08229
BAD root_position: -0.08281
BAD root_position: -0.08307
BAD root_position: -0.08311
BAD root_position: -0.08315
BAD root_position: -0.08318
BAD root_position: -0.08322
BAD root_position: -0.08325
BAD root_position: -0.08327
BAD root_position: -0.08330
BAD root_position: -0.08312
BAD root_position: -0.08266
BAD root_position: -0.08201
BAD root_position: -0.08126
BAD root_position: -0.08053
BAD root_position: -0.07989
BAD root_position: -0.07945
BAD root_position: -0.07929
BAD root_position: -0.07925
BAD root_position: -0.07920
BAD root_position: -0.07916
BAD root_position: -0.07911
BAD root_position: -0.07906
BAD root_position: -0.07902
BAD root_position: -0.07901
BAD root_position: -0.07927
BAD root_position: -0.07976
BAD root_position: -0.08039
BAD root_position: -0.08108
BAD root_position: -0.08172
BAD root_position: -0.08224
BAD root_position: -0.08255
BAD root_position: -0.08260
BAD root_position: -0.08262
BAD root_position: -0.08265
BAD root_position: -0.08268
BAD root_position: -0.08271
BAD root_position: -0.08274
BAD root_position: -0.08278
BAD root_position: -0.08270
BAD root_position: -0.08234
BAD root_position: -0.08177
BAD root_position: -0.08109
BAD root_position: -0.08039
BAD root_position: -0.07978
BAD root_position: -0.07933
BAD root_position: -0.07915
BAD root_position: -0.07915
BAD root_position: -0.07915
BAD root_position: -0.07915
BAD root_position: -0.07915
BAD root_position: -0.07915
BAD root_position: -0.07915
BAD root_position: -0.07916
BAD root_position: -0.07939
BAD root_position: -0.07988
BAD root_position: -0.08054
BAD root_position: -0.08127
BAD root_position: -0.08199
BAD root_position: -0.08260
BAD root_position: -0.08300
BAD root_position: -0.08312
BAD root_position: -0.08315
BAD root_position: -0.08319
BAD root_position: -0.08322
BAD root_position: -0.08326
BAD root_position: -0.08329
BAD root_position: -0.08331
BAD root_position: -0.08328
BAD root_position: -0.08294
BAD root_position: -0.08237
BAD root_position: -0.08166
BAD root_position: -0.08091
BAD root_position: -0.08020
BAD root_position: -0.07965
BAD root_position: -0.07934
BAD root_position: -0.07928
BAD root_position: -0.07923
BAD root_position: -0.07918
BAD root_position: -0.07913
BAD root_position: -0.07908
BAD root_position: -0.07903
BAD root_position: -0.07898
BAD root_position: -0.07909
BAD root_position: -0.07947
BAD root_position: -0.08004
BAD root_position: -0.08071
BAD root_position: -0.08138
BAD root_position: -0.08198
BAD root_position: -0.08240
BAD root_position: -0.08256
BAD root_position: -0.08258
BAD root_position: -0.08261
BAD root_position: -0.08263
BAD root_position: -0.08267
BAD root_position: -0.08270
BAD root_position: -0.08274
BAD root_position: -0.08275
BAD root_position: -0.08252
BAD root_position: -0.08205
BAD root_position: -0.08141
BAD root_position: -0.08072
BAD root_position: -0.08005
BAD root_position: -0.07951
BAD root_position: -0.07919
BAD root_position: -0.07914
BAD root_position: -0.07915
BAD root_position: -0.07915
BAD root_position: -0.07915
BAD root_position: -0.07916
BAD root_position: -0.07916
BAD root_position: -0.07916
BAD root_position: -0.07924
BAD root_position: -0.07962
BAD root_position: -0.08020
BAD root_position: -0.08092
BAD root_position: -0.08166
BAD root_position: -0.08234
BAD root_position: -0.08285
BAD root_position: -0.08312
BAD root_position: -0.08316
BAD root_position: -0.08320
BAD root_position: -0.08323
BAD root_position: -0.08327
BAD root_position: -0.08330
BAD root_position: -0.08333
BAD root_position: -0.08335
BAD root_position: -0.08317
BAD root_position: -0.08270
BAD root_position: -0.08205
BAD root_position: -0.08130
BAD root_position: -0.08056
BAD root_position: -0.07992
BAD root_position: -0.07947
BAD root_position: -0.07931
BAD root_position: -0.07926
BAD root_position: -0.07921
BAD root_position: -0.07916
BAD root_position: -0.07910
BAD root_position: -0.07905
BAD root_position: -0.07900
BAD root_position: -0.07899
BAD root_position: -0.07924
BAD root_position: -0.07972
BAD root_position: -0.08035
BAD root_position: -0.08103
BAD root_position: -0.08168
BAD root_position: -0.08220
BAD root_position: -0.08250
BAD root_position: -0.08255
BAD root_position: -0.08258
BAD root_position: -0.08260
BAD root_position: -0.08264
BAD root_position: -0.08267
BAD root_position: -0.08271
BAD root_position: -0.08274
BAD root_position: -0.08266
BAD root_position: -0.08228
BAD root_position: -0.08167
BAD root_position: -0.08096
BAD root_position: -0.08024
BAD root_position: -0.07963
BAD root_position: -0.07923
BAD root_position: -0.07914
BAD root_position: -0.07915
BAD root_position: -0.07916
BAD root_position: -0.07916
BAD root_position: -0.07917
BAD root_position: -0.07917
BAD root_position: -0.07917
BAD root_position: -0.07931
BAD root_position: -0.07976
BAD root_position: -0.08043
BAD root_position: -0.08120
BAD root_position: -0.08196
BAD root_position: -0.08262
BAD root_position: -0.08305
BAD root_position: -0.08317
BAD root_position: -0.08321
BAD root_position: -0.08325
BAD root_position: -0.08328
BAD root_position: -0.08332
BAD root_position: -0.08335
BAD root_position: -0.08337
BAD root_position: -0.08323
BAD root_position: -0.08276
BAD root_position: -0.08207
BAD root_position: -0.08128
BAD root_position: -0.08051
BAD root_position: -0.07985
BAD root_position: -0.07943
BAD root_position: -0.07931
BAD root_position: -0.07925
BAD root_position: -0.07919
BAD root_position: -0.07913
BAD root_position: -0.07907
BAD root_position: -0.07901
BAD root_position: -0.07896
BAD root_position: -0.07909
BAD root_position: -0.07951
BAD root_position: -0.08013
BAD root_position: -0.08084
BAD root_position: -0.08153
BAD root_position: -0.08211
BAD root_position: -0.08245
BAD root_position: -0.08252
BAD root_position: -0.08255
BAD root_position: -0.08258
BAD root_position: -0.08261
BAD root_position: -0.08265
BAD root_position: -0.08269
BAD root_position: -0.08272
BAD root_position: -0.08256
BAD root_position: -0.08210
BAD root_position: -0.08146
BAD root_position: -0.08073
BAD root_position: -0.08003
BAD root_position: -0.07947
BAD root_position: -0.07915
BAD root_position: -0.07912
BAD root_position: -0.07913
BAD root_position: -0.07914
BAD root_position: -0.07915
BAD root_position: -0.07916
BAD root_position: -0.07916
BAD root_position: -0.07917
BAD root_position: -0.07941
BAD root_position: -0.07994
BAD root_position: -0.08065
BAD root_position: -0.08143
BAD root_position: -0.08218
BAD root_position: -0.08278
BAD root_position: -0.08313
BAD root_position: -0.08320
BAD root_position: -0.08324
BAD root_position: -0.08328
BAD root_position: -0.08331
BAD root_position: -0.08334
BAD root_position: -0.08337
BAD root_position: -0.08339
BAD root_position: -0.08314
BAD root_position: -0.08259
BAD root_position: -0.08187
BAD root_position: -0.08107
BAD root_position: -0.08031
BAD root_position: -0.07971
BAD root_position: -0.07937
BAD root_position: -0.07929
BAD root_position: -0.07923
BAD root_position: -0.07916
BAD root_position: -0.07910
BAD root_position: -0.07904
BAD root_position: -0.07898
BAD root_position: -0.07894
BAD root_position: -0.07916
BAD root_position: -0.07965
BAD root_position: -0.08031
BAD root_position: -0.08102
BAD root_position: -0.08169
BAD root_position: -0.08221
BAD root_position: -0.08247
BAD root_position: -0.08250
BAD root_position: -0.08253
BAD root_position: -0.08256
BAD root_position: -0.08260
recorded 500 frames
avg lin_vel_x 0.0225
avg lin_vel_y -0.0409
avg yaw 0.0
computed xvel: 0.034, mean xvel: 0.0225
computed yvel: -0.051, mean yvel: -0.0409
computed thetavel: 0.017, mean thetavel: 0.0
DONE, saving 99_0.034_-0.051_0.017.json
